08:16:46.042 [main                     ] DEBUG Logger               - Configured Logger
08:16:46.062 [main                     ] DEBUG GameApplication      - Logging settings
Title: Bomberman
Version: 1.0
Width: 1280
Height: 720
Fullscreen: false
Intro: false
Profiling: false
Single step:false
App Mode: DEVELOPER
Menu Key: ESCAPE
Stage Style: DECORATED
Scene Factory: class hellofx.Main$1

08:16:46.231 [JavaFX Application Thread] DEBUG FXGLApplication      - Initializing FXGL
08:16:46.240 [JavaFX Application Thread] INFO  Engine               - FXGL-17.1 (24.03.2022 17.34) on WINDOWS (J:18.0.2.1 FX:18)
08:16:46.240 [JavaFX Application Thread] DEBUG Engine               - JRE Vendor Name: Oracle Corporation
08:16:46.241 [JavaFX Application Thread] DEBUG Engine               - Running on OS: Windows 11 version 10.0
08:16:46.241 [JavaFX Application Thread] DEBUG Engine               - Architecture: amd64
08:16:46.242 [JavaFX Application Thread] INFO  Engine               - Source code and latest versions at: https://github.com/AlmasB/FXGL
08:16:46.242 [JavaFX Application Thread] INFO  Engine               -       Ask questions and discuss at: https://github.com/AlmasB/FXGL/discussions
08:16:46.242 [JavaFX Application Thread] INFO  Engine               -              Join the FXGL chat at: https://gitter.im/AlmasB/FXGL
08:16:46.356 [JavaFX Application Thread] DEBUG PrimaryStageWindow   - Creating a JavaFX scene
08:16:46.443 [JavaFX Application Thread] DEBUG PrimaryStageWindow   - Target settings size: 1280.0 x 720.0
08:16:46.443 [JavaFX Application Thread] DEBUG PrimaryStageWindow   - Scaled scene size:    1280.0 x 720.0
08:16:46.444 [JavaFX Application Thread] DEBUG PrimaryStageWindow   - Scaled ratio: (1.0, 1.0)
08:16:46.446 [JavaFX Application Thread] DEBUG PrimaryStageWindow   - Set initial scene to FXGLStartupScene
08:16:46.459 [JavaFX Application Thread] DEBUG PrimaryStageWindow   - Opening main window
08:16:46.587 [JavaFX Application Thread] DEBUG PrimaryStageWindow   - Window border size: (16.0, 39.0)
08:16:46.588 [JavaFX Application Thread] DEBUG PrimaryStageWindow   - Scaled size: 1280.0 x 720.0
08:16:46.588 [JavaFX Application Thread] DEBUG PrimaryStageWindow   - Scaled ratio: (1.0, 1.0)
08:16:46.589 [JavaFX Application Thread] DEBUG PrimaryStageWindow   - Scene size: 1280.0 x 720.0
08:16:46.589 [JavaFX Application Thread] DEBUG PrimaryStageWindow   - Stage size: 1296.0 x 759.0
08:16:46.602 [FXGL Background Thread 1 ] DEBUG Engine               - Initializing environment variables
08:16:46.677 [FXGL Background Thread 1 ] DEBUG FXGLAssetLoaderServi - User app class for loading assets: class hellofx.Main
08:16:46.678 [FXGL Background Thread 1 ] DEBUG GameApplicationServi - Applying CSS: fxgl_dark.css
08:16:46.679 [FXGL Background Thread 1 ] DEBUG FXGLAssetLoaderServi - Loading from file system: jar:file:/C:/Users/chaum/.m2/repository/com/github/almasb/fxgl/17.1/fxgl-17.1.jar!/fxglassets/ui/css/fxgl_dark.css
08:16:46.744 [FXGL Background Thread 1 ] DEBUG GameApplicationServi - Initializing application scenes
08:16:46.797 [FXGL Background Thread 1 ] DEBUG GameWorld            - Game world initialized
08:16:46.881 [FXGL Background Thread 1 ] DEBUG PhysicsWorld         - Physics world initialized: appHeight=720, physics.ppm=50.0
08:16:46.881 [FXGL Background Thread 1 ] DEBUG PhysicsWorld         - Using strategy: BRUTE_FORCE
08:16:46.890 [FXGL Background Thread 1 ] DEBUG GameScene            - Game scene initialized: 1280x720
08:16:47.032 [FXGL Background Thread 1 ] DEBUG GameApplicationServi - Application scenes initialized
08:16:47.053 [FXGL Background Thread 1 ] DEBUG SystemBundleService  - Loading FXGL system data
08:16:47.064 [FXGL Background Thread 1 ] DEBUG FileSystemAccess     - Reading from: E:\space_java\Game\game_datbom\system\fxgl.bundle
08:16:47.085 [FXGL Background Thread 1 ] DEBUG SystemBundleService  - Bundle FXGL: {}
08:16:47.085 [FXGL Background Thread 1 ] DEBUG UpdaterService       - Checking for updates
08:16:47.139 [FXGL Background Thread 4 ] DEBUG FXGLApplication      - Loading fonts
08:16:47.139 [FXGL Background Thread 1 ] DEBUG FXGLApplication      - Loading default localization
08:16:47.140 [FXGL Background Thread 4 ] DEBUG FXGLAssetLoaderServi - Loading from file system: jar:file:/C:/Users/chaum/.m2/repository/com/github/almasb/fxgl/17.1/fxgl-17.1.jar!/fxglassets/ui/fonts/VarelaRound-Regular.ttf
08:16:47.140 [FXGL Background Thread 1 ] DEBUG FXGLAssetLoaderServi - Loading from file system: jar:file:/C:/Users/chaum/.m2/repository/com/github/almasb/fxgl/17.1/fxgl-17.1.jar!/fxglassets/languages/english.lang
08:16:47.169 [FXGL Background Thread 1 ] INFO  FXGLApplication      - FXGL initialization took: 0.567 sec
08:16:47.184 [JavaFX Application Thread] DEBUG Input                - Registered new binding: action0 - F
08:16:47.184 [JavaFX Application Thread] DEBUG Input                - Registered new binding: action1 - G
08:16:47.185 [JavaFX Application Thread] DEBUG Input                - Registered new binding: action2 - R
08:16:47.185 [JavaFX Application Thread] DEBUG Input                - Registered new binding: action3 - T
08:16:47.186 [JavaFX Application Thread] DEBUG Input                - Registered new binding: Right - D
08:16:47.186 [JavaFX Application Thread] DEBUG Input                - Registered new binding: Left - A
08:16:47.186 [JavaFX Application Thread] DEBUG Input                - Registered new binding: Up - W
08:16:47.187 [JavaFX Application Thread] DEBUG Input                - Registered new binding: Down - S
08:16:47.187 [JavaFX Application Thread] DEBUG Input                - Registered new binding: Place boom - Space
08:16:47.187 [JavaFX Application Thread] DEBUG FXGLAssetLoaderServi - Loading from file system: file:/E:/space_java/Game/game_datbom/target/classes/assets/textures/icon/icon.png
08:16:47.247 [JavaFX Application Thread] DEBUG FXGLAssetLoaderServi - Loading from file system: file:/E:/space_java/Game/game_datbom/target/classes/assets/textures/cursor/cursor1.png
08:16:47.260 [JavaFX Application Thread] DEBUG Input                - Registered new binding: Screenshot - CTRL+8
08:16:47.261 [JavaFX Application Thread] DEBUG Input                - Registered new binding: Dev Options - 1
08:16:47.262 [JavaFX Application Thread] DEBUG Input                - Registered new binding: Dev Console - 2
08:16:47.262 [JavaFX Application Thread] DEBUG Input                - Registered new binding: System info dump - CTRL+9
08:16:47.263 [JavaFX Application Thread] DEBUG Input                - Registered new binding: Restart - CTRL+R
08:16:47.264 [JavaFX Application Thread] DEBUG Input                - Registered new binding: Toggle Debug Camera - CTRL+7
08:16:47.267 [JavaFX Application Thread] DEBUG LoopRunner           - Starting loop
08:16:47.285 [FXGL Background Thread 4 ] DEBUG FXGLAssetLoaderServi - Loading from file system: jar:file:/C:/Users/chaum/.m2/repository/com/github/almasb/fxgl/17.1/fxgl-17.1.jar!/fxglassets/ui/fonts/Abel-Regular.ttf
08:16:47.290 [JavaFX Application Thread] DEBUG LoopRunner           - Initializing JavaFX AnimationTimerLoop
08:16:47.293 [JavaFX Application Thread] DEBUG Input                - Clearing active input actions
08:16:47.296 [FXGL Background Thread 4 ] DEBUG FXGLAssetLoaderServi - Loading from file system: jar:file:/C:/Users/chaum/.m2/repository/com/github/almasb/fxgl/17.1/fxgl-17.1.jar!/fxglassets/ui/fonts/TerminalLandMono-Regular.otf
08:16:47.301 [FXGL Background Thread 4 ] DEBUG FXGLAssetLoaderServi - Loading from file system: jar:file:/C:/Users/chaum/.m2/repository/com/github/almasb/fxgl/17.1/fxgl-17.1.jar!/fxglassets/ui/fonts/Courier-Prime.ttf
08:16:47.303 [JavaFX Application Thread] DEBUG GameApplicationServi - Removing overlay from FXGLStartupScene and adding to FXGLMainMenuDummyScene
08:16:47.308 [JavaFX Application Thread] DEBUG PrimaryStageWindow   - FXGLStartupScene -> FXGLMainMenuDummyScene
08:16:47.309 [JavaFX Application Thread] DEBUG PrimaryStageWindow   - Push state: MainMenu
08:16:47.309 [JavaFX Application Thread] DEBUG Input                - Clearing active input actions
08:16:47.313 [JavaFX Application Thread] DEBUG GameApplicationServi - Removing overlay from FXGLMainMenuDummyScene and adding to MainMenu
08:16:47.314 [JavaFX Application Thread] DEBUG PrimaryStageWindow   - FXGLMainMenuDummyScene -> MainMenu
08:16:47.571 [JavaFX Application Thread] DEBUG FXGLApplication      - Registering font factories with UI factory
08:16:48.256 [FXGL Background Thread 2 ] INFO  UpdaterService       - Your current version:  17.1
08:16:48.257 [FXGL Background Thread 2 ] INFO  UpdaterService       - Latest stable version: 17.2
08:16:50.080 [JavaFX Application Thread] DEBUG Menu                 - fireNewGame()
08:16:50.081 [JavaFX Application Thread] DEBUG GameApplicationServi - Starting new game
08:16:50.081 [JavaFX Application Thread] DEBUG PrimaryStageWindow   - Pop state: MainMenu
08:16:50.082 [JavaFX Application Thread] DEBUG Input                - Clearing active input actions
08:16:50.084 [JavaFX Application Thread] DEBUG GameApplicationServi - Removing overlay from MainMenu and adding to FXGLMainMenuDummyScene
08:16:50.090 [JavaFX Application Thread] DEBUG PrimaryStageWindow   - FXGLMainMenuDummyScene <- MainMenu
08:16:50.090 [JavaFX Application Thread] DEBUG Input                - Clearing active input actions
08:16:50.098 [JavaFX Application Thread] DEBUG GameApplicationServi - Removing overlay from FXGLMainMenuDummyScene and adding to FXGLLoadingScene
08:16:50.098 [JavaFX Application Thread] DEBUG PrimaryStageWindow   - FXGLMainMenuDummyScene -> FXGLLoadingScene
08:16:50.098 [JavaFX Application Thread] DEBUG GameApplicationServi - Clearing previous game
08:16:50.098 [JavaFX Application Thread] DEBUG GameScene            - Clearing game scene
08:16:50.098 [JavaFX Application Thread] DEBUG GameWorld            - Clearing game world
08:16:50.099 [JavaFX Application Thread] DEBUG PhysicsWorld         - Clearing physics world
08:16:50.100 [FXGL Background Thread 2 ] DEBUG FXGLApplication      - Initializing game
08:16:50.125 [FXGL Background Thread 2 ] DEBUG FXGLAssetLoaderServi - Loading from file system: file:/E:/space_java/Game/game_datbom/target/classes/assets/textures/mapTexture/grass.png
08:16:50.132 [FXGL Background Thread 2 ] DEBUG FXGLAssetLoaderServi - Loading from file system: file:/E:/space_java/Game/game_datbom/target/classes/assets/textures/mapTexture/wall2.png
08:16:50.137 [FXGL Background Thread 3 ] DEBUG Engine               - Logging environment variables
08:16:50.138 [FXGL Background Thread 3 ] DEBUG Engine               - achievements: []
08:16:50.138 [FXGL Background Thread 3 ] DEBUG Engine               - actualHeight: 720.0
08:16:50.138 [FXGL Background Thread 3 ] DEBUG Engine               - actualHeightProperty: ReadOnlyDoubleProperty [value: 720.0]
08:16:50.138 [FXGL Background Thread 3 ] DEBUG Engine               - actualWidth: 1280.0
08:16:50.138 [FXGL Background Thread 3 ] DEBUG Engine               - actualWidthProperty: ReadOnlyDoubleProperty [value: 1280.0]
08:16:50.138 [FXGL Background Thread 3 ] DEBUG Engine               - appIcon: icon/icon.png
08:16:50.138 [FXGL Background Thread 3 ] DEBUG Engine               - applicationMode: DEVELOPER
08:16:50.138 [FXGL Background Thread 3 ] DEBUG Engine               - cSSList: [fxgl_dark.css]
08:16:50.138 [FXGL Background Thread 3 ] DEBUG Engine               - collisionDetectionStrategy: BRUTE_FORCE
08:16:50.138 [FXGL Background Thread 3 ] DEBUG Engine               - configClass: Optional.empty
08:16:50.138 [FXGL Background Thread 3 ] DEBUG Engine               - credits: []
08:16:50.140 [FXGL Background Thread 3 ] DEBUG Engine               - defaultCursor: CursorInfo(imageName=cursor/cursor1.png, hotspotX=0.0, hotspotY=0.0)
08:16:50.141 [FXGL Background Thread 3 ] DEBUG Engine               - devBBoxColorProperty: ObjectProperty [value: 0xff0000ff]
08:16:50.141 [FXGL Background Thread 3 ] DEBUG Engine               - devEnableDebugCameraProperty: BooleanProperty [value: false]
08:16:50.141 [FXGL Background Thread 3 ] DEBUG Engine               - devSensorColorProperty: ObjectProperty [value: 0xffff00ff]
08:16:50.141 [FXGL Background Thread 3 ] DEBUG Engine               - devShowBBoxProperty: BooleanProperty [value: false]
08:16:50.141 [FXGL Background Thread 3 ] DEBUG Engine               - devShowPositionProperty: BooleanProperty [value: false]
08:16:50.141 [FXGL Background Thread 3 ] DEBUG Engine               - enabledMenuItems: []
08:16:50.141 [FXGL Background Thread 3 ] DEBUG Engine               - engineServices: [class com.almasb.fxgl.app.services.FXGLAssetLoaderService, class com.almasb.fxgl.app.FXGLApplication$GameApplicationService, class com.almasb.fxgl.app.services.FXGLDialogService, class com.almasb.fxgl.app.services.IOTaskExecutorService, class com.almasb.fxgl.io.FileSystemService, class com.almasb.fxgl.localization.LocalizationService, class com.almasb.fxgl.app.services.SystemBundleService, class com.almasb.fxgl.profile.SaveLoadService, class com.almasb.fxgl.ui.FXGLUIFactoryServiceProvider, class com.almasb.fxgl.ui.FXGLDialogFactoryServiceProvider, class com.almasb.fxgl.audio.AudioPlayer, class com.almasb.fxgl.notification.impl.NotificationServiceProvider, class com.almasb.fxgl.achievement.AchievementService, class com.almasb.fxgl.cutscene.CutsceneService, class com.almasb.fxgl.minigames.MiniGameService, class com.almasb.fxgl.net.NetService, class com.almasb.fxgl.app.services.UpdaterService, class com.almasb.fxgl.dev.DevService]
08:16:50.141 [FXGL Background Thread 3 ] DEBUG Engine               - fontGame: Abel-Regular.ttf
08:16:50.141 [FXGL Background Thread 3 ] DEBUG Engine               - fontMono: TerminalLandMono-Regular.otf
08:16:50.141 [FXGL Background Thread 3 ] DEBUG Engine               - fontText: Courier-Prime.ttf
08:16:50.142 [FXGL Background Thread 3 ] DEBUG Engine               - fontUI: VarelaRound-Regular.ttf
08:16:50.142 [FXGL Background Thread 3 ] DEBUG Engine               - fullScreen: BooleanProperty [value: false]
08:16:50.142 [FXGL Background Thread 3 ] DEBUG Engine               - gameDifficulty: MEDIUM
08:16:50.142 [FXGL Background Thread 3 ] DEBUG Engine               - gameDifficultyProperty: ObjectProperty [value: MEDIUM]
08:16:50.142 [FXGL Background Thread 3 ] DEBUG Engine               - globalMusicVolume: 0.5
08:16:50.142 [FXGL Background Thread 3 ] DEBUG Engine               - globalMusicVolumeProperty: DoubleProperty [value: 0.5]
08:16:50.142 [FXGL Background Thread 3 ] DEBUG Engine               - globalSoundVolume: 0.5
08:16:50.142 [FXGL Background Thread 3 ] DEBUG Engine               - globalSoundVolumeProperty: DoubleProperty [value: 0.5]
08:16:50.142 [FXGL Background Thread 3 ] DEBUG Engine               - height: 720
08:16:50.143 [FXGL Background Thread 3 ] DEBUG Engine               - is3D: false
08:16:50.143 [FXGL Background Thread 3 ] DEBUG Engine               - isAndroid: false
08:16:50.143 [FXGL Background Thread 3 ] DEBUG Engine               - isBrowser: false
08:16:50.143 [FXGL Background Thread 3 ] DEBUG Engine               - isClickFeedbackEnabled: false
08:16:50.143 [FXGL Background Thread 3 ] DEBUG Engine               - isCloseConfirmation: false
08:16:50.143 [FXGL Background Thread 3 ] DEBUG Engine               - isDesktop: true
08:16:50.143 [FXGL Background Thread 3 ] DEBUG Engine               - isDeveloperMenuEnabled: true
08:16:50.143 [FXGL Background Thread 3 ] DEBUG Engine               - isEmbedded: false
08:16:50.143 [FXGL Background Thread 3 ] DEBUG Engine               - isEntityPreloadEnabled: true
08:16:50.143 [FXGL Background Thread 3 ] DEBUG Engine               - isExperimentalTiledLargeMap: false
08:16:50.143 [FXGL Background Thread 3 ] DEBUG Engine               - isFileSystemWriteAllowed: true
08:16:50.143 [FXGL Background Thread 3 ] DEBUG Engine               - isFullScreenAllowed: false
08:16:50.143 [FXGL Background Thread 3 ] DEBUG Engine               - isFullScreenFromStart: false
08:16:50.144 [FXGL Background Thread 3 ] DEBUG Engine               - isGameMenuEnabled: true
08:16:50.144 [FXGL Background Thread 3 ] DEBUG Engine               - isIOS: false
08:16:50.144 [FXGL Background Thread 3 ] DEBUG Engine               - isIntroEnabled: false
08:16:50.144 [FXGL Background Thread 3 ] DEBUG Engine               - isLinux: false
08:16:50.144 [FXGL Background Thread 3 ] DEBUG Engine               - isMac: false
08:16:50.144 [FXGL Background Thread 3 ] DEBUG Engine               - isMainMenuEnabled: true
08:16:50.144 [FXGL Background Thread 3 ] DEBUG Engine               - isManualResizeEnabled: false
08:16:50.144 [FXGL Background Thread 3 ] DEBUG Engine               - isMobile: false
08:16:50.144 [FXGL Background Thread 3 ] DEBUG Engine               - isNative: false
08:16:50.144 [FXGL Background Thread 3 ] DEBUG Engine               - isPauseMusicWhenMinimized: true
08:16:50.144 [FXGL Background Thread 3 ] DEBUG Engine               - isPreserveResizeRatio: false
08:16:50.145 [FXGL Background Thread 3 ] DEBUG Engine               - isProfilingEnabled: false
08:16:50.145 [FXGL Background Thread 3 ] DEBUG Engine               - isScaleAffectedOnResize: true
08:16:50.145 [FXGL Background Thread 3 ] DEBUG Engine               - isSingleStep: false
08:16:50.145 [FXGL Background Thread 3 ] DEBUG Engine               - isUserProfileEnabled: false
08:16:50.145 [FXGL Background Thread 3 ] DEBUG Engine               - isWindows: true
08:16:50.145 [FXGL Background Thread 3 ] DEBUG Engine               - language: ObjectProperty [value: ENGLISH]
08:16:50.145 [FXGL Background Thread 3 ] DEBUG Engine               - menuKey: ESCAPE
08:16:50.145 [FXGL Background Thread 3 ] DEBUG Engine               - mouseSensitivity: 0.2
08:16:50.145 [FXGL Background Thread 3 ] DEBUG Engine               - notificationViewClass: class com.almasb.fxgl.notification.view.XboxNotificationView
08:16:50.146 [FXGL Background Thread 3 ] DEBUG Engine               - pixelsPerMeter: 50.0
08:16:50.146 [FXGL Background Thread 3 ] DEBUG Engine               - platform: WINDOWS
08:16:50.146 [FXGL Background Thread 3 ] DEBUG Engine               - prefHeightProperty: ReadOnlyDoubleProperty [value: 720.0]
08:16:50.146 [FXGL Background Thread 3 ] DEBUG Engine               - prefWidthProperty: ReadOnlyDoubleProperty [value: 1280.0]
08:16:50.146 [FXGL Background Thread 3 ] DEBUG Engine               - profileDir: profiles/
08:16:50.146 [FXGL Background Thread 3 ] DEBUG Engine               - profileName: StringProperty [value: DEFAULT]
08:16:50.146 [FXGL Background Thread 3 ] DEBUG Engine               - randomSeed: -1
08:16:50.147 [FXGL Background Thread 3 ] DEBUG Engine               - runtimeInfo: RuntimeInfo(platform=WINDOWS, version=17.1, build=24.03.2022 17.34)
08:16:50.147 [FXGL Background Thread 3 ] DEBUG Engine               - saveFileExt: sav
08:16:50.147 [FXGL Background Thread 3 ] DEBUG Engine               - scaledHeightProp$fxgl: DoubleProperty [bound, value: 720.0]
08:16:50.147 [FXGL Background Thread 3 ] DEBUG Engine               - scaledWidthProp$fxgl: DoubleProperty [bound, value: 1280.0]
08:16:50.147 [FXGL Background Thread 3 ] DEBUG Engine               - sceneFactory: hellofx.Main$1@8ed4b72
08:16:50.147 [FXGL Background Thread 3 ] DEBUG Engine               - secondsIn24h: 60
08:16:50.147 [FXGL Background Thread 3 ] DEBUG Engine               - soundMenuBack: menu/back.wav
08:16:50.147 [FXGL Background Thread 3 ] DEBUG Engine               - soundMenuPress: menu/press.wav
08:16:50.147 [FXGL Background Thread 3 ] DEBUG Engine               - soundMenuSelect: menu/select.wav
08:16:50.147 [FXGL Background Thread 3 ] DEBUG Engine               - soundNotification: core/notification.wav
08:16:50.147 [FXGL Background Thread 3 ] DEBUG Engine               - stageStyle: DECORATED
08:16:50.148 [FXGL Background Thread 3 ] DEBUG Engine               - supportedLanguages: [ENGLISH, FRENCH, GERMAN, HUNGARIAN, RUSSIAN]
08:16:50.148 [FXGL Background Thread 3 ] DEBUG Engine               - ticksPerSecond: -1
08:16:50.148 [FXGL Background Thread 3 ] DEBUG Engine               - title: Bomberman
08:16:50.148 [FXGL Background Thread 3 ] DEBUG Engine               - urlGithub: https://github.com/AlmasB/FXGL
08:16:50.148 [FXGL Background Thread 3 ] DEBUG Engine               - urlLeaderboard: http://fxgl-top.herokuapp.com/
08:16:50.148 [FXGL Background Thread 3 ] DEBUG Engine               - urlPOM: https://raw.githubusercontent.com/AlmasB/FXGL/release/README.md
08:16:50.148 [FXGL Background Thread 3 ] DEBUG Engine               - userAppClass: class hellofx.Main
08:16:50.148 [FXGL Background Thread 3 ] DEBUG Engine               - version: 1.0
08:16:50.148 [FXGL Background Thread 3 ] DEBUG Engine               - versionCheckDays: 7
08:16:50.148 [FXGL Background Thread 3 ] DEBUG Engine               - width: 1280
08:16:50.148 [FXGL Background Thread 3 ] DEBUG Engine               - Logging services
08:16:50.148 [FXGL Background Thread 3 ] DEBUG Engine               - class com.almasb.fxgl.app.services.FXGLAssetLoaderService
08:16:50.149 [FXGL Background Thread 3 ] DEBUG Engine               - class com.almasb.fxgl.app.FXGLApplication$GameApplicationService
08:16:50.149 [FXGL Background Thread 3 ] DEBUG Engine               - class com.almasb.fxgl.app.services.FXGLDialogService
08:16:50.149 [FXGL Background Thread 3 ] DEBUG Engine               - class com.almasb.fxgl.app.services.IOTaskExecutorService
08:16:50.149 [FXGL Background Thread 3 ] DEBUG Engine               - class com.almasb.fxgl.io.FileSystemService
08:16:50.149 [FXGL Background Thread 3 ] DEBUG Engine               - class com.almasb.fxgl.localization.LocalizationService
08:16:50.149 [FXGL Background Thread 3 ] DEBUG Engine               - class com.almasb.fxgl.app.services.SystemBundleService
08:16:50.149 [FXGL Background Thread 3 ] DEBUG Engine               - class com.almasb.fxgl.profile.SaveLoadService
08:16:50.149 [FXGL Background Thread 3 ] DEBUG Engine               - class com.almasb.fxgl.ui.FXGLUIFactoryServiceProvider
08:16:50.149 [FXGL Background Thread 3 ] DEBUG Engine               - class com.almasb.fxgl.ui.FXGLDialogFactoryServiceProvider
08:16:50.149 [FXGL Background Thread 3 ] DEBUG Engine               - class com.almasb.fxgl.audio.AudioPlayer
08:16:50.149 [FXGL Background Thread 3 ] DEBUG Engine               - class com.almasb.fxgl.notification.impl.NotificationServiceProvider
08:16:50.149 [FXGL Background Thread 3 ] DEBUG Engine               - class com.almasb.fxgl.achievement.AchievementService
08:16:50.149 [FXGL Background Thread 3 ] DEBUG Engine               - class com.almasb.fxgl.cutscene.CutsceneService
08:16:50.149 [FXGL Background Thread 3 ] DEBUG Engine               - class com.almasb.fxgl.minigames.MiniGameService
08:16:50.150 [FXGL Background Thread 3 ] DEBUG Engine               - class com.almasb.fxgl.net.NetService
08:16:50.150 [FXGL Background Thread 3 ] DEBUG Engine               - class com.almasb.fxgl.app.services.UpdaterService
08:16:50.150 [FXGL Background Thread 3 ] DEBUG Engine               - class com.almasb.fxgl.dev.DevService
08:16:50.169 [FXGL Background Thread 2 ] DEBUG FXGLAssetLoaderServi - Loading from file system: file:/E:/space_java/Game/game_datbom/target/classes/assets/textures/gameItem/powerup_bombs.png
08:16:50.173 [FXGL Background Thread 2 ] DEBUG FXGLAssetLoaderServi - Loading from file system: file:/E:/space_java/Game/game_datbom/target/classes/assets/textures/gameItem/powerup_flamepass.png
08:16:50.180 [FXGL Background Thread 2 ] DEBUG FXGLAssetLoaderServi - Loading from file system: file:/E:/space_java/Game/game_datbom/target/classes/assets/textures/gameItem/powerup_flames.png
08:16:50.183 [FXGL Background Thread 2 ] DEBUG FXGLAssetLoaderServi - Loading from file system: file:/E:/space_java/Game/game_datbom/target/classes/assets/textures/gameItem/powerup_speed.png
08:16:50.216 [FXGL Background Thread 2 ] DEBUG FXGLAssetLoaderServi - Loading from file system: file:/E:/space_java/Game/game_datbom/target/classes/assets/textures/mapTexture%5cbrick.png
08:16:50.220 [FXGL Background Thread 2 ] DEBUG FXGLAssetLoaderServi - Loading from file system: file:/E:/space_java/Game/game_datbom/target/classes/assets/textures/mapTexture%5cbrick_break.png
08:16:50.323 [FXGL Background Thread 2 ] DEBUG FXGLAssetLoaderServi - Loading from file system: file:/E:/space_java/Game/game_datbom/target/classes/assets/textures/mapTexture/portal.png
08:16:50.387 [FXGL Background Thread 2 ] DEBUG FXGLAssetLoaderServi - Loading from file system: file:/E:/space_java/Game/game_datbom/target/classes/assets/textures/character%5cbomb.png
08:16:50.393 [FXGL Background Thread 2 ] DEBUG FXGLAssetLoaderServi - Loading from file system: file:/E:/space_java/Game/game_datbom/target/classes/assets/textures/character/gold_player_dead.png
08:16:50.397 [FXGL Background Thread 2 ] DEBUG FXGLAssetLoaderServi - Loading from file system: file:/E:/space_java/Game/game_datbom/target/classes/assets/textures/character/gold_player_down.png
08:16:50.398 [FXGL Background Thread 2 ] DEBUG FXGLAssetLoaderServi - Loading from file system: file:/E:/space_java/Game/game_datbom/target/classes/assets/textures/character/gold_player_up.png
08:16:50.400 [FXGL Background Thread 2 ] DEBUG FXGLAssetLoaderServi - Loading from file system: file:/E:/space_java/Game/game_datbom/target/classes/assets/textures/character/gold_player_left_temp.png
08:16:50.402 [FXGL Background Thread 2 ] DEBUG FXGLAssetLoaderServi - Loading from file system: file:/E:/space_java/Game/game_datbom/target/classes/assets/textures/character/gold_player_right_temp.png
08:16:50.406 [FXGL Background Thread 2 ] INFO  FXGLApplication      - Game initialization took: 0.306 sec
08:16:50.412 [JavaFX Application Thread] DEBUG Input                - Clearing active input actions
08:16:50.423 [JavaFX Application Thread] DEBUG GameApplicationServi - Removing overlay from FXGLLoadingScene and adding to GameScene
08:16:50.426 [JavaFX Application Thread] DEBUG PrimaryStageWindow   - FXGLLoadingScene -> GameScene
08:16:55.912 [JavaFX Application Thread] DEBUG FXGLApplication      - Exiting FXGL
08:16:55.912 [JavaFX Application Thread] DEBUG LoopRunner           - Stopping loop
08:16:55.912 [JavaFX Application Thread] DEBUG SystemBundleService  - Saving FXGL system data
08:16:55.918 [JavaFX Application Thread] DEBUG FileSystemAccess     - Writing to: E:\space_java\Game\game_datbom\system\fxgl.bundle
08:16:55.922 [JavaFX Application Thread] DEBUG Async                - Shutting down background threads
08:16:55.922 [JavaFX Application Thread] DEBUG PrimaryStageWindow   - Closing main window
08:16:55.944 [JavaFX Application Thread] DEBUG Logger               - Closing Logger
