11:47:46.339 [main                     ] DEBUG Logger               - Configured Logger
11:47:46.360 [main                     ] DEBUG GameApplication      - Logging settings
Title: Bomberman
Version: 1.0
Width: 1280
Height: 720
Fullscreen: false
Intro: false
Profiling: false
Single step:false
App Mode: DEVELOPER
Menu Key: ESCAPE
Stage Style: DECORATED
Scene Factory: class hellofx.Main$1

11:47:46.472 [JavaFX Application Thread] DEBUG FXGLApplication      - Initializing FXGL
11:47:46.478 [JavaFX Application Thread] INFO  Engine               - FXGL-17.1 (24.03.2022 17.34) on WINDOWS (J:18.0.2.1 FX:18)
11:47:46.478 [JavaFX Application Thread] DEBUG Engine               - JRE Vendor Name: Oracle Corporation
11:47:46.478 [JavaFX Application Thread] DEBUG Engine               - Running on OS: Windows 11 version 10.0
11:47:46.479 [JavaFX Application Thread] DEBUG Engine               - Architecture: amd64
11:47:46.479 [JavaFX Application Thread] INFO  Engine               - Source code and latest versions at: https://github.com/AlmasB/FXGL
11:47:46.479 [JavaFX Application Thread] INFO  Engine               -       Ask questions and discuss at: https://github.com/AlmasB/FXGL/discussions
11:47:46.480 [JavaFX Application Thread] INFO  Engine               -              Join the FXGL chat at: https://gitter.im/AlmasB/FXGL
11:47:46.532 [JavaFX Application Thread] DEBUG PrimaryStageWindow   - Creating a JavaFX scene
11:47:46.586 [JavaFX Application Thread] DEBUG PrimaryStageWindow   - Target settings size: 1280.0 x 720.0
11:47:46.587 [JavaFX Application Thread] DEBUG PrimaryStageWindow   - Scaled scene size:    1280.0 x 720.0
11:47:46.587 [JavaFX Application Thread] DEBUG PrimaryStageWindow   - Scaled ratio: (1.0, 1.0)
11:47:46.588 [JavaFX Application Thread] DEBUG PrimaryStageWindow   - Set initial scene to FXGLStartupScene
11:47:46.597 [JavaFX Application Thread] DEBUG PrimaryStageWindow   - Opening main window
11:47:46.692 [JavaFX Application Thread] DEBUG PrimaryStageWindow   - Window border size: (16.0, 39.0)
11:47:46.692 [JavaFX Application Thread] DEBUG PrimaryStageWindow   - Scaled size: 1280.0 x 720.0
11:47:46.693 [JavaFX Application Thread] DEBUG PrimaryStageWindow   - Scaled ratio: (1.0, 1.0)
11:47:46.693 [JavaFX Application Thread] DEBUG PrimaryStageWindow   - Scene size: 1280.0 x 720.0
11:47:46.693 [JavaFX Application Thread] DEBUG PrimaryStageWindow   - Stage size: 1296.0 x 759.0
11:47:46.701 [FXGL Background Thread 1 ] DEBUG Engine               - Initializing environment variables
11:47:46.777 [FXGL Background Thread 1 ] DEBUG FXGLAssetLoaderServi - User app class for loading assets: class hellofx.Main
11:47:46.777 [FXGL Background Thread 1 ] DEBUG GameApplicationServi - Applying CSS: fxgl_dark.css
11:47:46.778 [FXGL Background Thread 1 ] DEBUG FXGLAssetLoaderServi - Loading from file system: jar:file:/C:/Users/chaum/.m2/repository/com/github/almasb/fxgl/17.1/fxgl-17.1.jar!/fxglassets/ui/css/fxgl_dark.css
11:47:46.828 [FXGL Background Thread 1 ] DEBUG GameApplicationServi - Initializing application scenes
11:47:46.876 [FXGL Background Thread 1 ] DEBUG GameWorld            - Game world initialized
11:47:46.937 [FXGL Background Thread 1 ] DEBUG PhysicsWorld         - Physics world initialized: appHeight=720, physics.ppm=50.0
11:47:46.937 [FXGL Background Thread 1 ] DEBUG PhysicsWorld         - Using strategy: BRUTE_FORCE
11:47:46.941 [FXGL Background Thread 1 ] DEBUG GameScene            - Game scene initialized: 1280x720
11:47:47.028 [FXGL Background Thread 1 ] DEBUG GameApplicationServi - Application scenes initialized
11:47:47.046 [FXGL Background Thread 1 ] DEBUG SystemBundleService  - Loading FXGL system data
11:47:47.050 [FXGL Background Thread 1 ] DEBUG FileSystemAccess     - Reading from: E:\space_java\Game\game_datbom\system\fxgl.bundle
11:47:47.060 [FXGL Background Thread 1 ] DEBUG SystemBundleService  - Bundle FXGL: {}
11:47:47.060 [FXGL Background Thread 1 ] DEBUG UpdaterService       - Checking for updates
11:47:47.092 [FXGL Background Thread 4 ] DEBUG FXGLApplication      - Loading fonts
11:47:47.092 [FXGL Background Thread 1 ] DEBUG FXGLApplication      - Loading default localization
11:47:47.092 [FXGL Background Thread 4 ] DEBUG FXGLAssetLoaderServi - Loading from file system: jar:file:/C:/Users/chaum/.m2/repository/com/github/almasb/fxgl/17.1/fxgl-17.1.jar!/fxglassets/ui/fonts/VarelaRound-Regular.ttf
11:47:47.093 [FXGL Background Thread 1 ] DEBUG FXGLAssetLoaderServi - Loading from file system: jar:file:/C:/Users/chaum/.m2/repository/com/github/almasb/fxgl/17.1/fxgl-17.1.jar!/fxglassets/languages/english.lang
11:47:47.113 [FXGL Background Thread 1 ] INFO  FXGLApplication      - FXGL initialization took: 0.412 sec
11:47:47.126 [JavaFX Application Thread] DEBUG Input                - Registered new binding: action0 - F
11:47:47.127 [JavaFX Application Thread] DEBUG Input                - Registered new binding: Right - D
11:47:47.127 [JavaFX Application Thread] DEBUG Input                - Registered new binding: Left - A
11:47:47.127 [JavaFX Application Thread] DEBUG Input                - Registered new binding: Up - W
11:47:47.127 [JavaFX Application Thread] DEBUG Input                - Registered new binding: Down - S
11:47:47.127 [JavaFX Application Thread] DEBUG Input                - Registered new binding: Place boom - Space
11:47:47.128 [JavaFX Application Thread] DEBUG FXGLAssetLoaderServi - Loading from file system: file:/E:/space_java/Game/game_datbom/target/classes/assets/textures/icon/icon.png
11:47:47.174 [FXGL Background Thread 4 ] DEBUG FXGLAssetLoaderServi - Loading from file system: jar:file:/C:/Users/chaum/.m2/repository/com/github/almasb/fxgl/17.1/fxgl-17.1.jar!/fxglassets/ui/fonts/Abel-Regular.ttf
11:47:47.178 [FXGL Background Thread 4 ] DEBUG FXGLAssetLoaderServi - Loading from file system: jar:file:/C:/Users/chaum/.m2/repository/com/github/almasb/fxgl/17.1/fxgl-17.1.jar!/fxglassets/ui/fonts/TerminalLandMono-Regular.otf
11:47:47.182 [FXGL Background Thread 4 ] DEBUG FXGLAssetLoaderServi - Loading from file system: jar:file:/C:/Users/chaum/.m2/repository/com/github/almasb/fxgl/17.1/fxgl-17.1.jar!/fxglassets/ui/fonts/Courier-Prime.ttf
11:47:47.225 [JavaFX Application Thread] DEBUG FXGLAssetLoaderServi - Loading from file system: file:/E:/space_java/Game/game_datbom/target/classes/assets/textures/cursor/cursor1.png
11:47:47.235 [JavaFX Application Thread] DEBUG Input                - Registered new binding: Screenshot - CTRL+8
11:47:47.236 [JavaFX Application Thread] DEBUG Input                - Registered new binding: Dev Options - 1
11:47:47.236 [JavaFX Application Thread] DEBUG Input                - Registered new binding: Dev Console - 2
11:47:47.237 [JavaFX Application Thread] DEBUG Input                - Registered new binding: System info dump - CTRL+9
11:47:47.238 [JavaFX Application Thread] DEBUG Input                - Registered new binding: Restart - CTRL+R
11:47:47.238 [JavaFX Application Thread] DEBUG Input                - Registered new binding: Toggle Debug Camera - CTRL+7
11:47:47.240 [JavaFX Application Thread] DEBUG LoopRunner           - Starting loop
11:47:47.252 [JavaFX Application Thread] DEBUG LoopRunner           - Initializing JavaFX AnimationTimerLoop
11:47:47.254 [JavaFX Application Thread] DEBUG Input                - Clearing active input actions
11:47:47.262 [JavaFX Application Thread] DEBUG GameApplicationServi - Removing overlay from FXGLStartupScene and adding to FXGLMainMenuDummyScene
11:47:47.267 [JavaFX Application Thread] DEBUG PrimaryStageWindow   - FXGLStartupScene -> FXGLMainMenuDummyScene
11:47:47.267 [JavaFX Application Thread] DEBUG PrimaryStageWindow   - Push state: MainMenu
11:47:47.267 [JavaFX Application Thread] DEBUG Input                - Clearing active input actions
11:47:47.273 [JavaFX Application Thread] DEBUG GameApplicationServi - Removing overlay from FXGLMainMenuDummyScene and adding to MainMenu
11:47:47.274 [JavaFX Application Thread] DEBUG PrimaryStageWindow   - FXGLMainMenuDummyScene -> MainMenu
11:47:47.288 [JavaFX Application Thread] DEBUG FXGLApplication      - Registering font factories with UI factory
11:47:47.648 [FXGL Background Thread 2 ] INFO  UpdaterService       - Your current version:  17.1
11:47:47.648 [FXGL Background Thread 2 ] INFO  UpdaterService       - Latest stable version: 17.2
11:47:49.080 [JavaFX Application Thread] DEBUG Menu                 - fireNewGame()
11:47:49.080 [JavaFX Application Thread] DEBUG GameApplicationServi - Starting new game
11:47:49.081 [JavaFX Application Thread] DEBUG PrimaryStageWindow   - Pop state: MainMenu
11:47:49.081 [JavaFX Application Thread] DEBUG Input                - Clearing active input actions
11:47:49.082 [JavaFX Application Thread] DEBUG GameApplicationServi - Removing overlay from MainMenu and adding to FXGLMainMenuDummyScene
11:47:49.084 [JavaFX Application Thread] DEBUG PrimaryStageWindow   - FXGLMainMenuDummyScene <- MainMenu
11:47:49.085 [JavaFX Application Thread] DEBUG Input                - Clearing active input actions
11:47:49.092 [JavaFX Application Thread] DEBUG GameApplicationServi - Removing overlay from FXGLMainMenuDummyScene and adding to FXGLLoadingScene
11:47:49.093 [JavaFX Application Thread] DEBUG PrimaryStageWindow   - FXGLMainMenuDummyScene -> FXGLLoadingScene
11:47:49.093 [JavaFX Application Thread] DEBUG GameApplicationServi - Clearing previous game
11:47:49.093 [JavaFX Application Thread] DEBUG GameScene            - Clearing game scene
11:47:49.093 [JavaFX Application Thread] DEBUG GameWorld            - Clearing game world
11:47:49.093 [JavaFX Application Thread] DEBUG PhysicsWorld         - Clearing physics world
11:47:49.096 [FXGL Background Thread 2 ] DEBUG FXGLApplication      - Initializing game
11:47:49.130 [FXGL Background Thread 2 ] DEBUG FXGLAssetLoaderServi - Loading from file system: file:/E:/space_java/Game/game_datbom/target/classes/assets/textures/mapTexture/grass.png
11:47:49.139 [FXGL Background Thread 2 ] DEBUG FXGLAssetLoaderServi - Loading from file system: file:/E:/space_java/Game/game_datbom/target/classes/assets/textures/mapTexture/wall.png
11:47:49.233 [FXGL Background Thread 2 ] DEBUG FXGLAssetLoaderServi - Loading from file system: file:/E:/space_java/Game/game_datbom/target/classes/assets/textures/gameItem/powerup_speed.png
11:47:49.240 [FXGL Background Thread 2 ] DEBUG FXGLAssetLoaderServi - Loading from file system: file:/E:/space_java/Game/game_datbom/target/classes/assets/textures/gameItem/powerup_flames.png
11:47:49.254 [FXGL Background Thread 2 ] DEBUG FXGLAssetLoaderServi - Loading from file system: file:/E:/space_java/Game/game_datbom/target/classes/assets/textures/mapTexture%5cbrick.png
11:47:49.259 [FXGL Background Thread 2 ] DEBUG FXGLAssetLoaderServi - Loading from file system: file:/E:/space_java/Game/game_datbom/target/classes/assets/textures/mapTexture%5cbrick_break.png
11:47:49.348 [FXGL Background Thread 2 ] DEBUG FXGLAssetLoaderServi - Loading from file system: file:/E:/space_java/Game/game_datbom/target/classes/assets/textures/mapTexture/portal.png
11:47:49.476 [FXGL Background Thread 2 ] DEBUG FXGLAssetLoaderServi - Loading from file system: file:/E:/space_java/Game/game_datbom/target/classes/assets/textures/character/gold_player_dead.png
11:47:49.478 [FXGL Background Thread 2 ] DEBUG FXGLAssetLoaderServi - Loading from file system: file:/E:/space_java/Game/game_datbom/target/classes/assets/textures/character/gold_player_down.png
11:47:49.479 [FXGL Background Thread 2 ] DEBUG FXGLAssetLoaderServi - Loading from file system: file:/E:/space_java/Game/game_datbom/target/classes/assets/textures/character/gold_player_up.png
11:47:49.480 [FXGL Background Thread 2 ] DEBUG FXGLAssetLoaderServi - Loading from file system: file:/E:/space_java/Game/game_datbom/target/classes/assets/textures/character/gold_player_left_temp.png
11:47:49.482 [FXGL Background Thread 2 ] DEBUG FXGLAssetLoaderServi - Loading from file system: file:/E:/space_java/Game/game_datbom/target/classes/assets/textures/character/gold_player_right_temp.png
11:47:49.483 [FXGL Background Thread 2 ] WARN  Entity               - Entity already has component: com.almasb.fxgl.entity.components.CollidableComponent
11:47:49.490 [FXGL Background Thread 2 ] INFO  FXGLApplication      - Game initialization took: 0.394 sec
11:47:49.492 [JavaFX Application Thread] DEBUG Input                - Clearing active input actions
11:47:49.511 [JavaFX Application Thread] DEBUG GameApplicationServi - Removing overlay from FXGLLoadingScene and adding to GameScene
11:47:49.514 [JavaFX Application Thread] DEBUG PrimaryStageWindow   - FXGLLoadingScene -> GameScene
11:47:50.092 [FXGL Background Thread 3 ] DEBUG Engine               - Logging environment variables
11:47:50.092 [FXGL Background Thread 3 ] DEBUG Engine               - achievements: []
11:47:50.092 [FXGL Background Thread 3 ] DEBUG Engine               - actualHeight: 720.0
11:47:50.092 [FXGL Background Thread 3 ] DEBUG Engine               - actualHeightProperty: ReadOnlyDoubleProperty [value: 720.0]
11:47:50.092 [FXGL Background Thread 3 ] DEBUG Engine               - actualWidth: 1280.0
11:47:50.092 [FXGL Background Thread 3 ] DEBUG Engine               - actualWidthProperty: ReadOnlyDoubleProperty [value: 1280.0]
11:47:50.092 [FXGL Background Thread 3 ] DEBUG Engine               - appIcon: icon/icon.png
11:47:50.092 [FXGL Background Thread 3 ] DEBUG Engine               - applicationMode: DEVELOPER
11:47:50.092 [FXGL Background Thread 3 ] DEBUG Engine               - cSSList: [fxgl_dark.css]
11:47:50.092 [FXGL Background Thread 3 ] DEBUG Engine               - collisionDetectionStrategy: BRUTE_FORCE
11:47:50.092 [FXGL Background Thread 3 ] DEBUG Engine               - configClass: Optional.empty
11:47:50.093 [FXGL Background Thread 3 ] DEBUG Engine               - credits: []
11:47:50.094 [FXGL Background Thread 3 ] DEBUG Engine               - defaultCursor: CursorInfo(imageName=cursor/cursor1.png, hotspotX=0.0, hotspotY=0.0)
11:47:50.094 [FXGL Background Thread 3 ] DEBUG Engine               - devBBoxColorProperty: ObjectProperty [value: 0xff0000ff]
11:47:50.094 [FXGL Background Thread 3 ] DEBUG Engine               - devEnableDebugCameraProperty: BooleanProperty [value: false]
11:47:50.094 [FXGL Background Thread 3 ] DEBUG Engine               - devSensorColorProperty: ObjectProperty [value: 0xffff00ff]
11:47:50.094 [FXGL Background Thread 3 ] DEBUG Engine               - devShowBBoxProperty: BooleanProperty [value: false]
11:47:50.094 [FXGL Background Thread 3 ] DEBUG Engine               - devShowPositionProperty: BooleanProperty [value: false]
11:47:50.095 [FXGL Background Thread 3 ] DEBUG Engine               - enabledMenuItems: []
11:47:50.095 [FXGL Background Thread 3 ] DEBUG Engine               - engineServices: [class com.almasb.fxgl.app.services.FXGLAssetLoaderService, class com.almasb.fxgl.app.FXGLApplication$GameApplicationService, class com.almasb.fxgl.app.services.FXGLDialogService, class com.almasb.fxgl.app.services.IOTaskExecutorService, class com.almasb.fxgl.io.FileSystemService, class com.almasb.fxgl.localization.LocalizationService, class com.almasb.fxgl.app.services.SystemBundleService, class com.almasb.fxgl.profile.SaveLoadService, class com.almasb.fxgl.ui.FXGLUIFactoryServiceProvider, class com.almasb.fxgl.ui.FXGLDialogFactoryServiceProvider, class com.almasb.fxgl.audio.AudioPlayer, class com.almasb.fxgl.notification.impl.NotificationServiceProvider, class com.almasb.fxgl.achievement.AchievementService, class com.almasb.fxgl.cutscene.CutsceneService, class com.almasb.fxgl.minigames.MiniGameService, class com.almasb.fxgl.net.NetService, class com.almasb.fxgl.app.services.UpdaterService, class com.almasb.fxgl.dev.DevService]
11:47:50.095 [FXGL Background Thread 3 ] DEBUG Engine               - fontGame: Abel-Regular.ttf
11:47:50.095 [FXGL Background Thread 3 ] DEBUG Engine               - fontMono: TerminalLandMono-Regular.otf
11:47:50.095 [FXGL Background Thread 3 ] DEBUG Engine               - fontText: Courier-Prime.ttf
11:47:50.095 [FXGL Background Thread 3 ] DEBUG Engine               - fontUI: VarelaRound-Regular.ttf
11:47:50.095 [FXGL Background Thread 3 ] DEBUG Engine               - fullScreen: BooleanProperty [value: false]
11:47:50.095 [FXGL Background Thread 3 ] DEBUG Engine               - gameDifficulty: MEDIUM
11:47:50.095 [FXGL Background Thread 3 ] DEBUG Engine               - gameDifficultyProperty: ObjectProperty [value: MEDIUM]
11:47:50.096 [FXGL Background Thread 3 ] DEBUG Engine               - globalMusicVolume: 0.5
11:47:50.096 [FXGL Background Thread 3 ] DEBUG Engine               - globalMusicVolumeProperty: DoubleProperty [value: 0.5]
11:47:50.096 [FXGL Background Thread 3 ] DEBUG Engine               - globalSoundVolume: 0.5
11:47:50.096 [FXGL Background Thread 3 ] DEBUG Engine               - globalSoundVolumeProperty: DoubleProperty [value: 0.5]
11:47:50.096 [FXGL Background Thread 3 ] DEBUG Engine               - height: 720
11:47:50.096 [FXGL Background Thread 3 ] DEBUG Engine               - is3D: false
11:47:50.096 [FXGL Background Thread 3 ] DEBUG Engine               - isAndroid: false
11:47:50.096 [FXGL Background Thread 3 ] DEBUG Engine               - isBrowser: false
11:47:50.096 [FXGL Background Thread 3 ] DEBUG Engine               - isClickFeedbackEnabled: false
11:47:50.096 [FXGL Background Thread 3 ] DEBUG Engine               - isCloseConfirmation: false
11:47:50.096 [FXGL Background Thread 3 ] DEBUG Engine               - isDesktop: true
11:47:50.097 [FXGL Background Thread 3 ] DEBUG Engine               - isDeveloperMenuEnabled: true
11:47:50.097 [FXGL Background Thread 3 ] DEBUG Engine               - isEmbedded: false
11:47:50.097 [FXGL Background Thread 3 ] DEBUG Engine               - isEntityPreloadEnabled: true
11:47:50.097 [FXGL Background Thread 3 ] DEBUG Engine               - isExperimentalTiledLargeMap: false
11:47:50.097 [FXGL Background Thread 3 ] DEBUG Engine               - isFileSystemWriteAllowed: true
11:47:50.097 [FXGL Background Thread 3 ] DEBUG Engine               - isFullScreenAllowed: false
11:47:50.097 [FXGL Background Thread 3 ] DEBUG Engine               - isFullScreenFromStart: false
11:47:50.097 [FXGL Background Thread 3 ] DEBUG Engine               - isGameMenuEnabled: true
11:47:50.097 [FXGL Background Thread 3 ] DEBUG Engine               - isIOS: false
11:47:50.097 [FXGL Background Thread 3 ] DEBUG Engine               - isIntroEnabled: false
11:47:50.097 [FXGL Background Thread 3 ] DEBUG Engine               - isLinux: false
11:47:50.097 [FXGL Background Thread 3 ] DEBUG Engine               - isMac: false
11:47:50.097 [FXGL Background Thread 3 ] DEBUG Engine               - isMainMenuEnabled: true
11:47:50.098 [FXGL Background Thread 3 ] DEBUG Engine               - isManualResizeEnabled: false
11:47:50.098 [FXGL Background Thread 3 ] DEBUG Engine               - isMobile: false
11:47:50.098 [FXGL Background Thread 3 ] DEBUG Engine               - isNative: false
11:47:50.098 [FXGL Background Thread 3 ] DEBUG Engine               - isPauseMusicWhenMinimized: true
11:47:50.098 [FXGL Background Thread 3 ] DEBUG Engine               - isPreserveResizeRatio: false
11:47:50.098 [FXGL Background Thread 3 ] DEBUG Engine               - isProfilingEnabled: false
11:47:50.098 [FXGL Background Thread 3 ] DEBUG Engine               - isScaleAffectedOnResize: true
11:47:50.098 [FXGL Background Thread 3 ] DEBUG Engine               - isSingleStep: false
11:47:50.098 [FXGL Background Thread 3 ] DEBUG Engine               - isUserProfileEnabled: false
11:47:50.098 [FXGL Background Thread 3 ] DEBUG Engine               - isWindows: true
11:47:50.098 [FXGL Background Thread 3 ] DEBUG Engine               - language: ObjectProperty [value: ENGLISH]
11:47:50.098 [FXGL Background Thread 3 ] DEBUG Engine               - menuKey: ESCAPE
11:47:50.099 [FXGL Background Thread 3 ] DEBUG Engine               - mouseSensitivity: 0.2
11:47:50.099 [FXGL Background Thread 3 ] DEBUG Engine               - notificationViewClass: class com.almasb.fxgl.notification.view.XboxNotificationView
11:47:50.099 [FXGL Background Thread 3 ] DEBUG Engine               - pixelsPerMeter: 50.0
11:47:50.099 [FXGL Background Thread 3 ] DEBUG Engine               - platform: WINDOWS
11:47:50.099 [FXGL Background Thread 3 ] DEBUG Engine               - prefHeightProperty: ReadOnlyDoubleProperty [value: 720.0]
11:47:50.099 [FXGL Background Thread 3 ] DEBUG Engine               - prefWidthProperty: ReadOnlyDoubleProperty [value: 1280.0]
11:47:50.099 [FXGL Background Thread 3 ] DEBUG Engine               - profileDir: profiles/
11:47:50.099 [FXGL Background Thread 3 ] DEBUG Engine               - profileName: StringProperty [value: DEFAULT]
11:47:50.099 [FXGL Background Thread 3 ] DEBUG Engine               - randomSeed: -1
11:47:50.099 [FXGL Background Thread 3 ] DEBUG Engine               - runtimeInfo: RuntimeInfo(platform=WINDOWS, version=17.1, build=24.03.2022 17.34)
11:47:50.099 [FXGL Background Thread 3 ] DEBUG Engine               - saveFileExt: sav
11:47:50.100 [FXGL Background Thread 3 ] DEBUG Engine               - scaledHeightProp$fxgl: DoubleProperty [bound, value: 720.0]
11:47:50.100 [FXGL Background Thread 3 ] DEBUG Engine               - scaledWidthProp$fxgl: DoubleProperty [bound, value: 1280.0]
11:47:50.100 [FXGL Background Thread 3 ] DEBUG Engine               - sceneFactory: hellofx.Main$1@21eb8d5b
11:47:50.100 [FXGL Background Thread 3 ] DEBUG Engine               - secondsIn24h: 60
11:47:50.100 [FXGL Background Thread 3 ] DEBUG Engine               - soundMenuBack: menu/back.wav
11:47:50.100 [FXGL Background Thread 3 ] DEBUG Engine               - soundMenuPress: menu/press.wav
11:47:50.100 [FXGL Background Thread 3 ] DEBUG Engine               - soundMenuSelect: menu/select.wav
11:47:50.100 [FXGL Background Thread 3 ] DEBUG Engine               - soundNotification: core/notification.wav
11:47:50.101 [FXGL Background Thread 3 ] DEBUG Engine               - stageStyle: DECORATED
11:47:50.101 [FXGL Background Thread 3 ] DEBUG Engine               - supportedLanguages: [ENGLISH, FRENCH, GERMAN, HUNGARIAN, RUSSIAN]
11:47:50.101 [FXGL Background Thread 3 ] DEBUG Engine               - ticksPerSecond: -1
11:47:50.101 [FXGL Background Thread 3 ] DEBUG Engine               - title: Bomberman
11:47:50.101 [FXGL Background Thread 3 ] DEBUG Engine               - urlGithub: https://github.com/AlmasB/FXGL
11:47:50.101 [FXGL Background Thread 3 ] DEBUG Engine               - urlLeaderboard: http://fxgl-top.herokuapp.com/
11:47:50.101 [FXGL Background Thread 3 ] DEBUG Engine               - urlPOM: https://raw.githubusercontent.com/AlmasB/FXGL/release/README.md
11:47:50.101 [FXGL Background Thread 3 ] DEBUG Engine               - userAppClass: class hellofx.Main
11:47:50.101 [FXGL Background Thread 3 ] DEBUG Engine               - version: 1.0
11:47:50.101 [FXGL Background Thread 3 ] DEBUG Engine               - versionCheckDays: 7
11:47:50.102 [FXGL Background Thread 3 ] DEBUG Engine               - width: 1280
11:47:50.102 [FXGL Background Thread 3 ] DEBUG Engine               - Logging services
11:47:50.102 [FXGL Background Thread 3 ] DEBUG Engine               - class com.almasb.fxgl.app.services.FXGLAssetLoaderService
11:47:50.102 [FXGL Background Thread 3 ] DEBUG Engine               - class com.almasb.fxgl.app.FXGLApplication$GameApplicationService
11:47:50.102 [FXGL Background Thread 3 ] DEBUG Engine               - class com.almasb.fxgl.app.services.FXGLDialogService
11:47:50.102 [FXGL Background Thread 3 ] DEBUG Engine               - class com.almasb.fxgl.app.services.IOTaskExecutorService
11:47:50.102 [FXGL Background Thread 3 ] DEBUG Engine               - class com.almasb.fxgl.io.FileSystemService
11:47:50.102 [FXGL Background Thread 3 ] DEBUG Engine               - class com.almasb.fxgl.localization.LocalizationService
11:47:50.102 [FXGL Background Thread 3 ] DEBUG Engine               - class com.almasb.fxgl.app.services.SystemBundleService
11:47:50.102 [FXGL Background Thread 3 ] DEBUG Engine               - class com.almasb.fxgl.profile.SaveLoadService
11:47:50.102 [FXGL Background Thread 3 ] DEBUG Engine               - class com.almasb.fxgl.ui.FXGLUIFactoryServiceProvider
11:47:50.102 [FXGL Background Thread 3 ] DEBUG Engine               - class com.almasb.fxgl.ui.FXGLDialogFactoryServiceProvider
11:47:50.102 [FXGL Background Thread 3 ] DEBUG Engine               - class com.almasb.fxgl.audio.AudioPlayer
11:47:50.102 [FXGL Background Thread 3 ] DEBUG Engine               - class com.almasb.fxgl.notification.impl.NotificationServiceProvider
11:47:50.102 [FXGL Background Thread 3 ] DEBUG Engine               - class com.almasb.fxgl.achievement.AchievementService
11:47:50.103 [FXGL Background Thread 3 ] DEBUG Engine               - class com.almasb.fxgl.cutscene.CutsceneService
11:47:50.103 [FXGL Background Thread 3 ] DEBUG Engine               - class com.almasb.fxgl.minigames.MiniGameService
11:47:50.103 [FXGL Background Thread 3 ] DEBUG Engine               - class com.almasb.fxgl.net.NetService
11:47:50.103 [FXGL Background Thread 3 ] DEBUG Engine               - class com.almasb.fxgl.app.services.UpdaterService
11:47:50.103 [FXGL Background Thread 3 ] DEBUG Engine               - class com.almasb.fxgl.dev.DevService
11:47:52.807 [JavaFX Application Thread] DEBUG FXGLAssetLoaderServi - Loading from file system: file:/E:/space_java/Game/game_datbom/target/classes/assets/textures/character%5cbomb.png
11:47:52.810 [JavaFX Application Thread] DEBUG FXGLAssetLoaderServi - Loading from file system: file:/E:/space_java/Game/game_datbom/target/classes/assets/textures/flame%5cleft_flame.png
11:47:52.810 [JavaFX Application Thread] DEBUG FXGLAssetLoaderServi - Loading from file system: file:/E:/space_java/Game/game_datbom/target/classes/assets/textures/flame%5cup_flame.png
11:47:52.811 [JavaFX Application Thread] DEBUG FXGLAssetLoaderServi - Loading from file system: file:/E:/space_java/Game/game_datbom/target/classes/assets/textures/flame%5ccentral_flame.png
11:48:00.077 [JavaFX Application Thread] DEBUG Input                - Clearing active input actions
11:48:00.083 [JavaFX Application Thread] DEBUG GameApplicationServi - Removing overlay from GameScene and adding to FXGLMainMenuDummyScene
11:48:00.086 [JavaFX Application Thread] DEBUG PrimaryStageWindow   - GameScene -> FXGLMainMenuDummyScene
11:48:00.086 [JavaFX Application Thread] DEBUG PrimaryStageWindow   - Push state: MainMenu
11:48:00.086 [JavaFX Application Thread] DEBUG Input                - Clearing active input actions
11:48:00.086 [JavaFX Application Thread] DEBUG GameApplicationServi - Removing overlay from FXGLMainMenuDummyScene and adding to MainMenu
11:48:00.086 [JavaFX Application Thread] DEBUG PrimaryStageWindow   - FXGLMainMenuDummyScene -> MainMenu
11:48:01.649 [JavaFX Application Thread] DEBUG FXGLApplication      - Exiting FXGL
11:48:01.650 [JavaFX Application Thread] DEBUG LoopRunner           - Stopping loop
11:48:01.650 [JavaFX Application Thread] DEBUG SystemBundleService  - Saving FXGL system data
11:48:01.652 [JavaFX Application Thread] DEBUG FileSystemAccess     - Writing to: E:\space_java\Game\game_datbom\system\fxgl.bundle
11:48:01.654 [JavaFX Application Thread] DEBUG Async                - Shutting down background threads
11:48:01.655 [JavaFX Application Thread] DEBUG PrimaryStageWindow   - Closing main window
11:48:01.667 [JavaFX Application Thread] DEBUG Logger               - Closing Logger
