10:17:54.806 [main                     ] DEBUG Logger               - Configured Logger
10:17:54.823 [main                     ] DEBUG GameApplication      - Logging settings
Title: Bomberman
Version: 1.0
Width: 1280
Height: 720
Fullscreen: false
Intro: false
Profiling: false
Single step:false
App Mode: DEVELOPER
Menu Key: ESCAPE
Stage Style: DECORATED
Scene Factory: class hellofx.Main$1

10:17:54.925 [JavaFX Application Thread] DEBUG FXGLApplication      - Initializing FXGL
10:17:54.930 [JavaFX Application Thread] INFO  Engine               - FXGL-17.1 (24.03.2022 17.34) on WINDOWS (J:18.0.2.1 FX:18)
10:17:54.931 [JavaFX Application Thread] DEBUG Engine               - JRE Vendor Name: Oracle Corporation
10:17:54.931 [JavaFX Application Thread] DEBUG Engine               - Running on OS: Windows 11 version 10.0
10:17:54.931 [JavaFX Application Thread] DEBUG Engine               - Architecture: amd64
10:17:54.931 [JavaFX Application Thread] INFO  Engine               - Source code and latest versions at: https://github.com/AlmasB/FXGL
10:17:54.931 [JavaFX Application Thread] INFO  Engine               -       Ask questions and discuss at: https://github.com/AlmasB/FXGL/discussions
10:17:54.932 [JavaFX Application Thread] INFO  Engine               -              Join the FXGL chat at: https://gitter.im/AlmasB/FXGL
10:17:54.978 [JavaFX Application Thread] DEBUG PrimaryStageWindow   - Creating a JavaFX scene
10:17:55.023 [JavaFX Application Thread] DEBUG PrimaryStageWindow   - Target settings size: 1280.0 x 720.0
10:17:55.023 [JavaFX Application Thread] DEBUG PrimaryStageWindow   - Scaled scene size:    1280.0 x 720.0
10:17:55.023 [JavaFX Application Thread] DEBUG PrimaryStageWindow   - Scaled ratio: (1.0, 1.0)
10:17:55.025 [JavaFX Application Thread] DEBUG PrimaryStageWindow   - Set initial scene to FXGLStartupScene
10:17:55.033 [JavaFX Application Thread] DEBUG PrimaryStageWindow   - Opening main window
10:17:55.124 [JavaFX Application Thread] DEBUG PrimaryStageWindow   - Window border size: (16.0, 39.0)
10:17:55.124 [JavaFX Application Thread] DEBUG PrimaryStageWindow   - Scaled size: 1280.0 x 720.0
10:17:55.125 [JavaFX Application Thread] DEBUG PrimaryStageWindow   - Scaled ratio: (1.0, 1.0)
10:17:55.125 [JavaFX Application Thread] DEBUG PrimaryStageWindow   - Scene size: 1280.0 x 720.0
10:17:55.125 [JavaFX Application Thread] DEBUG PrimaryStageWindow   - Stage size: 1296.0 x 759.0
10:17:55.137 [FXGL Background Thread 1 ] DEBUG Engine               - Initializing environment variables
10:17:55.205 [FXGL Background Thread 1 ] DEBUG FXGLAssetLoaderServi - User app class for loading assets: class hellofx.Main
10:17:55.205 [FXGL Background Thread 1 ] DEBUG GameApplicationServi - Applying CSS: fxgl_dark.css
10:17:55.206 [FXGL Background Thread 1 ] DEBUG FXGLAssetLoaderServi - Loading from file system: jar:file:/C:/Users/chaum/.m2/repository/com/github/almasb/fxgl/17.1/fxgl-17.1.jar!/fxglassets/ui/css/fxgl_dark.css
10:17:55.257 [FXGL Background Thread 1 ] DEBUG GameApplicationServi - Initializing application scenes
10:17:55.298 [FXGL Background Thread 1 ] DEBUG GameWorld            - Game world initialized
10:17:55.341 [FXGL Background Thread 1 ] DEBUG PhysicsWorld         - Physics world initialized: appHeight=720, physics.ppm=50.0
10:17:55.341 [FXGL Background Thread 1 ] DEBUG PhysicsWorld         - Using strategy: BRUTE_FORCE
10:17:55.346 [FXGL Background Thread 1 ] DEBUG GameScene            - Game scene initialized: 1280x720
10:17:55.408 [FXGL Background Thread 1 ] DEBUG GameApplicationServi - Application scenes initialized
10:17:55.424 [FXGL Background Thread 1 ] DEBUG SystemBundleService  - Loading FXGL system data
10:17:55.430 [FXGL Background Thread 1 ] DEBUG FileSystemAccess     - Reading from: E:\space_java\Game\game_datbom\system\fxgl.bundle
10:17:55.443 [FXGL Background Thread 1 ] DEBUG SystemBundleService  - Bundle FXGL: {}
10:17:55.443 [FXGL Background Thread 1 ] DEBUG UpdaterService       - Checking for updates
10:17:55.473 [FXGL Background Thread 4 ] DEBUG FXGLApplication      - Loading fonts
10:17:55.473 [FXGL Background Thread 4 ] DEBUG FXGLAssetLoaderServi - Loading from file system: jar:file:/C:/Users/chaum/.m2/repository/com/github/almasb/fxgl/17.1/fxgl-17.1.jar!/fxglassets/ui/fonts/VarelaRound-Regular.ttf
10:17:55.474 [FXGL Background Thread 1 ] DEBUG FXGLApplication      - Loading default localization
10:17:55.475 [FXGL Background Thread 1 ] DEBUG FXGLAssetLoaderServi - Loading from file system: jar:file:/C:/Users/chaum/.m2/repository/com/github/almasb/fxgl/17.1/fxgl-17.1.jar!/fxglassets/languages/english.lang
10:17:55.497 [FXGL Background Thread 1 ] INFO  FXGLApplication      - FXGL initialization took: 0.359 sec
10:17:55.507 [JavaFX Application Thread] DEBUG Input                - Registered new binding: action0 - F
10:17:55.507 [JavaFX Application Thread] DEBUG Input                - Registered new binding: action1 - G
10:17:55.508 [JavaFX Application Thread] DEBUG Input                - Registered new binding: action2 - R
10:17:55.508 [JavaFX Application Thread] DEBUG Input                - Registered new binding: action3 - T
10:17:55.508 [JavaFX Application Thread] DEBUG Input                - Registered new binding: Right - D
10:17:55.508 [JavaFX Application Thread] DEBUG Input                - Registered new binding: Left - A
10:17:55.508 [JavaFX Application Thread] DEBUG Input                - Registered new binding: Up - W
10:17:55.509 [JavaFX Application Thread] DEBUG Input                - Registered new binding: Down - S
10:17:55.509 [JavaFX Application Thread] DEBUG Input                - Registered new binding: Place boom - Space
10:17:55.509 [JavaFX Application Thread] DEBUG FXGLAssetLoaderServi - Loading from file system: file:/E:/space_java/Game/game_datbom/target/classes/assets/textures/icon/icon.png
10:17:55.553 [FXGL Background Thread 4 ] DEBUG FXGLAssetLoaderServi - Loading from file system: jar:file:/C:/Users/chaum/.m2/repository/com/github/almasb/fxgl/17.1/fxgl-17.1.jar!/fxglassets/ui/fonts/Abel-Regular.ttf
10:17:55.557 [FXGL Background Thread 4 ] DEBUG FXGLAssetLoaderServi - Loading from file system: jar:file:/C:/Users/chaum/.m2/repository/com/github/almasb/fxgl/17.1/fxgl-17.1.jar!/fxglassets/ui/fonts/TerminalLandMono-Regular.otf
10:17:55.560 [FXGL Background Thread 4 ] DEBUG FXGLAssetLoaderServi - Loading from file system: jar:file:/C:/Users/chaum/.m2/repository/com/github/almasb/fxgl/17.1/fxgl-17.1.jar!/fxglassets/ui/fonts/Courier-Prime.ttf
10:17:55.583 [JavaFX Application Thread] DEBUG FXGLAssetLoaderServi - Loading from file system: file:/E:/space_java/Game/game_datbom/target/classes/assets/textures/cursor/cursor1.png
10:17:55.593 [JavaFX Application Thread] DEBUG Input                - Registered new binding: Screenshot - CTRL+8
10:17:55.593 [JavaFX Application Thread] DEBUG Input                - Registered new binding: Dev Options - 1
10:17:55.593 [JavaFX Application Thread] DEBUG Input                - Registered new binding: Dev Console - 2
10:17:55.594 [JavaFX Application Thread] DEBUG Input                - Registered new binding: System info dump - CTRL+9
10:17:55.594 [JavaFX Application Thread] DEBUG Input                - Registered new binding: Restart - CTRL+R
10:17:55.595 [JavaFX Application Thread] DEBUG Input                - Registered new binding: Toggle Debug Camera - CTRL+7
10:17:55.598 [JavaFX Application Thread] DEBUG LoopRunner           - Starting loop
10:17:55.610 [JavaFX Application Thread] DEBUG LoopRunner           - Initializing JavaFX AnimationTimerLoop
10:17:55.612 [JavaFX Application Thread] DEBUG Input                - Clearing active input actions
10:17:55.618 [JavaFX Application Thread] DEBUG GameApplicationServi - Removing overlay from FXGLStartupScene and adding to FXGLMainMenuDummyScene
10:17:55.621 [JavaFX Application Thread] DEBUG PrimaryStageWindow   - FXGLStartupScene -> FXGLMainMenuDummyScene
10:17:55.621 [JavaFX Application Thread] DEBUG PrimaryStageWindow   - Push state: MainMenu
10:17:55.621 [JavaFX Application Thread] DEBUG Input                - Clearing active input actions
10:17:55.625 [JavaFX Application Thread] DEBUG GameApplicationServi - Removing overlay from FXGLMainMenuDummyScene and adding to MainMenu
10:17:55.625 [JavaFX Application Thread] DEBUG PrimaryStageWindow   - FXGLMainMenuDummyScene -> MainMenu
10:17:55.625 [JavaFX Application Thread] DEBUG FXGLApplication      - Registering font factories with UI factory
10:17:56.336 [FXGL Background Thread 2 ] INFO  UpdaterService       - Your current version:  17.1
10:17:56.336 [FXGL Background Thread 2 ] INFO  UpdaterService       - Latest stable version: 17.2
10:17:56.748 [JavaFX Application Thread] DEBUG Menu                 - fireNewGame()
10:17:56.748 [JavaFX Application Thread] DEBUG GameApplicationServi - Starting new game
10:17:56.749 [JavaFX Application Thread] DEBUG PrimaryStageWindow   - Pop state: MainMenu
10:17:56.749 [JavaFX Application Thread] DEBUG Input                - Clearing active input actions
10:17:56.752 [JavaFX Application Thread] DEBUG GameApplicationServi - Removing overlay from MainMenu and adding to FXGLMainMenuDummyScene
10:17:56.757 [JavaFX Application Thread] DEBUG PrimaryStageWindow   - FXGLMainMenuDummyScene <- MainMenu
10:17:56.758 [JavaFX Application Thread] DEBUG Input                - Clearing active input actions
10:17:56.766 [JavaFX Application Thread] DEBUG GameApplicationServi - Removing overlay from FXGLMainMenuDummyScene and adding to FXGLLoadingScene
10:17:56.767 [JavaFX Application Thread] DEBUG PrimaryStageWindow   - FXGLMainMenuDummyScene -> FXGLLoadingScene
10:17:56.767 [JavaFX Application Thread] DEBUG GameApplicationServi - Clearing previous game
10:17:56.767 [JavaFX Application Thread] DEBUG GameScene            - Clearing game scene
10:17:56.767 [JavaFX Application Thread] DEBUG GameWorld            - Clearing game world
10:17:56.768 [JavaFX Application Thread] DEBUG PhysicsWorld         - Clearing physics world
10:17:56.770 [FXGL Background Thread 2 ] DEBUG FXGLApplication      - Initializing game
10:17:56.803 [FXGL Background Thread 2 ] DEBUG FXGLAssetLoaderServi - Loading from file system: file:/E:/space_java/Game/game_datbom/target/classes/assets/textures/mapTexture/grass.png
10:17:56.814 [FXGL Background Thread 2 ] DEBUG FXGLAssetLoaderServi - Loading from file system: file:/E:/space_java/Game/game_datbom/target/classes/assets/textures/mapTexture/wall2.png
10:17:56.869 [FXGL Background Thread 2 ] DEBUG FXGLAssetLoaderServi - Loading from file system: file:/E:/space_java/Game/game_datbom/target/classes/assets/textures/gameItem/powerup_bombs.png
10:17:56.872 [FXGL Background Thread 2 ] DEBUG FXGLAssetLoaderServi - Loading from file system: file:/E:/space_java/Game/game_datbom/target/classes/assets/textures/gameItem/powerup_flamepass.png
10:17:56.880 [FXGL Background Thread 2 ] DEBUG FXGLAssetLoaderServi - Loading from file system: file:/E:/space_java/Game/game_datbom/target/classes/assets/textures/gameItem/powerup_flames.png
10:17:56.885 [FXGL Background Thread 2 ] DEBUG FXGLAssetLoaderServi - Loading from file system: file:/E:/space_java/Game/game_datbom/target/classes/assets/textures/gameItem/powerup_speed.png
10:17:56.923 [FXGL Background Thread 2 ] DEBUG FXGLAssetLoaderServi - Loading from file system: file:/E:/space_java/Game/game_datbom/target/classes/assets/textures/mapTexture%5cbrick.png
10:17:56.925 [FXGL Background Thread 2 ] DEBUG FXGLAssetLoaderServi - Loading from file system: file:/E:/space_java/Game/game_datbom/target/classes/assets/textures/mapTexture%5cbrick_break.png
10:17:56.998 [FXGL Background Thread 2 ] DEBUG FXGLAssetLoaderServi - Loading from file system: file:/E:/space_java/Game/game_datbom/target/classes/assets/textures/mapTexture/portal.png
10:17:57.091 [FXGL Background Thread 2 ] DEBUG FXGLAssetLoaderServi - Loading from file system: file:/E:/space_java/Game/game_datbom/target/classes/assets/textures/character%5cbomb.png
10:17:57.097 [FXGL Background Thread 2 ] DEBUG FXGLAssetLoaderServi - Loading from file system: file:/E:/space_java/Game/game_datbom/target/classes/assets/textures/character/gold_player_dead.png
10:17:57.100 [FXGL Background Thread 2 ] DEBUG FXGLAssetLoaderServi - Loading from file system: file:/E:/space_java/Game/game_datbom/target/classes/assets/textures/character/gold_player_down.png
10:17:57.102 [FXGL Background Thread 2 ] DEBUG FXGLAssetLoaderServi - Loading from file system: file:/E:/space_java/Game/game_datbom/target/classes/assets/textures/character/gold_player_up.png
10:17:57.103 [FXGL Background Thread 2 ] DEBUG FXGLAssetLoaderServi - Loading from file system: file:/E:/space_java/Game/game_datbom/target/classes/assets/textures/character/gold_player_left_temp.png
10:17:57.105 [FXGL Background Thread 2 ] DEBUG FXGLAssetLoaderServi - Loading from file system: file:/E:/space_java/Game/game_datbom/target/classes/assets/textures/character/gold_player_right_temp.png
10:17:57.110 [FXGL Background Thread 2 ] INFO  FXGLApplication      - Game initialization took: 0.340 sec
10:17:57.113 [JavaFX Application Thread] DEBUG Input                - Clearing active input actions
10:17:57.127 [JavaFX Application Thread] DEBUG GameApplicationServi - Removing overlay from FXGLLoadingScene and adding to GameScene
10:17:57.133 [JavaFX Application Thread] DEBUG PrimaryStageWindow   - FXGLLoadingScene -> GameScene
10:17:58.471 [FXGL Background Thread 3 ] DEBUG Engine               - Logging environment variables
10:17:58.472 [FXGL Background Thread 3 ] DEBUG Engine               - achievements: []
10:17:58.472 [FXGL Background Thread 3 ] DEBUG Engine               - actualHeight: 720.0
10:17:58.472 [FXGL Background Thread 3 ] DEBUG Engine               - actualHeightProperty: ReadOnlyDoubleProperty [value: 720.0]
10:17:58.472 [FXGL Background Thread 3 ] DEBUG Engine               - actualWidth: 1280.0
10:17:58.472 [FXGL Background Thread 3 ] DEBUG Engine               - actualWidthProperty: ReadOnlyDoubleProperty [value: 1280.0]
10:17:58.472 [FXGL Background Thread 3 ] DEBUG Engine               - appIcon: icon/icon.png
10:17:58.472 [FXGL Background Thread 3 ] DEBUG Engine               - applicationMode: DEVELOPER
10:17:58.472 [FXGL Background Thread 3 ] DEBUG Engine               - cSSList: [fxgl_dark.css]
10:17:58.473 [FXGL Background Thread 3 ] DEBUG Engine               - collisionDetectionStrategy: BRUTE_FORCE
10:17:58.473 [FXGL Background Thread 3 ] DEBUG Engine               - configClass: Optional.empty
10:17:58.473 [FXGL Background Thread 3 ] DEBUG Engine               - credits: []
10:17:58.474 [FXGL Background Thread 3 ] DEBUG Engine               - defaultCursor: CursorInfo(imageName=cursor/cursor1.png, hotspotX=0.0, hotspotY=0.0)
10:17:58.474 [FXGL Background Thread 3 ] DEBUG Engine               - devBBoxColorProperty: ObjectProperty [value: 0xff0000ff]
10:17:58.474 [FXGL Background Thread 3 ] DEBUG Engine               - devEnableDebugCameraProperty: BooleanProperty [value: false]
10:17:58.475 [FXGL Background Thread 3 ] DEBUG Engine               - devSensorColorProperty: ObjectProperty [value: 0xffff00ff]
10:17:58.475 [FXGL Background Thread 3 ] DEBUG Engine               - devShowBBoxProperty: BooleanProperty [value: false]
10:17:58.475 [FXGL Background Thread 3 ] DEBUG Engine               - devShowPositionProperty: BooleanProperty [value: false]
10:17:58.475 [FXGL Background Thread 3 ] DEBUG Engine               - enabledMenuItems: []
10:17:58.475 [FXGL Background Thread 3 ] DEBUG Engine               - engineServices: [class com.almasb.fxgl.app.services.FXGLAssetLoaderService, class com.almasb.fxgl.app.FXGLApplication$GameApplicationService, class com.almasb.fxgl.app.services.FXGLDialogService, class com.almasb.fxgl.app.services.IOTaskExecutorService, class com.almasb.fxgl.io.FileSystemService, class com.almasb.fxgl.localization.LocalizationService, class com.almasb.fxgl.app.services.SystemBundleService, class com.almasb.fxgl.profile.SaveLoadService, class com.almasb.fxgl.ui.FXGLUIFactoryServiceProvider, class com.almasb.fxgl.ui.FXGLDialogFactoryServiceProvider, class com.almasb.fxgl.audio.AudioPlayer, class com.almasb.fxgl.notification.impl.NotificationServiceProvider, class com.almasb.fxgl.achievement.AchievementService, class com.almasb.fxgl.cutscene.CutsceneService, class com.almasb.fxgl.minigames.MiniGameService, class com.almasb.fxgl.net.NetService, class com.almasb.fxgl.app.services.UpdaterService, class com.almasb.fxgl.dev.DevService]
10:17:58.475 [FXGL Background Thread 3 ] DEBUG Engine               - fontGame: Abel-Regular.ttf
10:17:58.475 [FXGL Background Thread 3 ] DEBUG Engine               - fontMono: TerminalLandMono-Regular.otf
10:17:58.475 [FXGL Background Thread 3 ] DEBUG Engine               - fontText: Courier-Prime.ttf
10:17:58.475 [FXGL Background Thread 3 ] DEBUG Engine               - fontUI: VarelaRound-Regular.ttf
10:17:58.475 [FXGL Background Thread 3 ] DEBUG Engine               - fullScreen: BooleanProperty [value: false]
10:17:58.476 [FXGL Background Thread 3 ] DEBUG Engine               - gameDifficulty: MEDIUM
10:17:58.476 [FXGL Background Thread 3 ] DEBUG Engine               - gameDifficultyProperty: ObjectProperty [value: MEDIUM]
10:17:58.476 [FXGL Background Thread 3 ] DEBUG Engine               - globalMusicVolume: 0.5
10:17:58.476 [FXGL Background Thread 3 ] DEBUG Engine               - globalMusicVolumeProperty: DoubleProperty [value: 0.5]
10:17:58.476 [FXGL Background Thread 3 ] DEBUG Engine               - globalSoundVolume: 0.5
10:17:58.476 [FXGL Background Thread 3 ] DEBUG Engine               - globalSoundVolumeProperty: DoubleProperty [value: 0.5]
10:17:58.476 [FXGL Background Thread 3 ] DEBUG Engine               - height: 720
10:17:58.476 [FXGL Background Thread 3 ] DEBUG Engine               - is3D: false
10:17:58.476 [FXGL Background Thread 3 ] DEBUG Engine               - isAndroid: false
10:17:58.477 [FXGL Background Thread 3 ] DEBUG Engine               - isBrowser: false
10:17:58.477 [FXGL Background Thread 3 ] DEBUG Engine               - isClickFeedbackEnabled: false
10:17:58.477 [FXGL Background Thread 3 ] DEBUG Engine               - isCloseConfirmation: false
10:17:58.477 [FXGL Background Thread 3 ] DEBUG Engine               - isDesktop: true
10:17:58.477 [FXGL Background Thread 3 ] DEBUG Engine               - isDeveloperMenuEnabled: true
10:17:58.477 [FXGL Background Thread 3 ] DEBUG Engine               - isEmbedded: false
10:17:58.477 [FXGL Background Thread 3 ] DEBUG Engine               - isEntityPreloadEnabled: true
10:17:58.477 [FXGL Background Thread 3 ] DEBUG Engine               - isExperimentalTiledLargeMap: false
10:17:58.477 [FXGL Background Thread 3 ] DEBUG Engine               - isFileSystemWriteAllowed: true
10:17:58.477 [FXGL Background Thread 3 ] DEBUG Engine               - isFullScreenAllowed: false
10:17:58.477 [FXGL Background Thread 3 ] DEBUG Engine               - isFullScreenFromStart: false
10:17:58.477 [FXGL Background Thread 3 ] DEBUG Engine               - isGameMenuEnabled: true
10:17:58.477 [FXGL Background Thread 3 ] DEBUG Engine               - isIOS: false
10:17:58.477 [FXGL Background Thread 3 ] DEBUG Engine               - isIntroEnabled: false
10:17:58.477 [FXGL Background Thread 3 ] DEBUG Engine               - isLinux: false
10:17:58.478 [FXGL Background Thread 3 ] DEBUG Engine               - isMac: false
10:17:58.478 [FXGL Background Thread 3 ] DEBUG Engine               - isMainMenuEnabled: true
10:17:58.478 [FXGL Background Thread 3 ] DEBUG Engine               - isManualResizeEnabled: false
10:17:58.478 [FXGL Background Thread 3 ] DEBUG Engine               - isMobile: false
10:17:58.478 [FXGL Background Thread 3 ] DEBUG Engine               - isNative: false
10:17:58.478 [FXGL Background Thread 3 ] DEBUG Engine               - isPauseMusicWhenMinimized: true
10:17:58.478 [FXGL Background Thread 3 ] DEBUG Engine               - isPreserveResizeRatio: false
10:17:58.478 [FXGL Background Thread 3 ] DEBUG Engine               - isProfilingEnabled: false
10:17:58.479 [FXGL Background Thread 3 ] DEBUG Engine               - isScaleAffectedOnResize: true
10:17:58.479 [FXGL Background Thread 3 ] DEBUG Engine               - isSingleStep: false
10:17:58.479 [FXGL Background Thread 3 ] DEBUG Engine               - isUserProfileEnabled: false
10:17:58.479 [FXGL Background Thread 3 ] DEBUG Engine               - isWindows: true
10:17:58.479 [FXGL Background Thread 3 ] DEBUG Engine               - language: ObjectProperty [value: ENGLISH]
10:17:58.479 [FXGL Background Thread 3 ] DEBUG Engine               - menuKey: ESCAPE
10:17:58.479 [FXGL Background Thread 3 ] DEBUG Engine               - mouseSensitivity: 0.2
10:17:58.479 [FXGL Background Thread 3 ] DEBUG Engine               - notificationViewClass: class com.almasb.fxgl.notification.view.XboxNotificationView
10:17:58.479 [FXGL Background Thread 3 ] DEBUG Engine               - pixelsPerMeter: 50.0
10:17:58.480 [FXGL Background Thread 3 ] DEBUG Engine               - platform: WINDOWS
10:17:58.480 [FXGL Background Thread 3 ] DEBUG Engine               - prefHeightProperty: ReadOnlyDoubleProperty [value: 720.0]
10:17:58.480 [FXGL Background Thread 3 ] DEBUG Engine               - prefWidthProperty: ReadOnlyDoubleProperty [value: 1280.0]
10:17:58.480 [FXGL Background Thread 3 ] DEBUG Engine               - profileDir: profiles/
10:17:58.480 [FXGL Background Thread 3 ] DEBUG Engine               - profileName: StringProperty [value: DEFAULT]
10:17:58.480 [FXGL Background Thread 3 ] DEBUG Engine               - randomSeed: -1
10:17:58.481 [FXGL Background Thread 3 ] DEBUG Engine               - runtimeInfo: RuntimeInfo(platform=WINDOWS, version=17.1, build=24.03.2022 17.34)
10:17:58.481 [FXGL Background Thread 3 ] DEBUG Engine               - saveFileExt: sav
10:17:58.481 [FXGL Background Thread 3 ] DEBUG Engine               - scaledHeightProp$fxgl: DoubleProperty [bound, value: 720.0]
10:17:58.481 [FXGL Background Thread 3 ] DEBUG Engine               - scaledWidthProp$fxgl: DoubleProperty [bound, value: 1280.0]
10:17:58.481 [FXGL Background Thread 3 ] DEBUG Engine               - sceneFactory: hellofx.Main$1@52776f66
10:17:58.481 [FXGL Background Thread 3 ] DEBUG Engine               - secondsIn24h: 60
10:17:58.481 [FXGL Background Thread 3 ] DEBUG Engine               - soundMenuBack: menu/back.wav
10:17:58.481 [FXGL Background Thread 3 ] DEBUG Engine               - soundMenuPress: menu/press.wav
10:17:58.481 [FXGL Background Thread 3 ] DEBUG Engine               - soundMenuSelect: menu/select.wav
10:17:58.481 [FXGL Background Thread 3 ] DEBUG Engine               - soundNotification: core/notification.wav
10:17:58.481 [FXGL Background Thread 3 ] DEBUG Engine               - stageStyle: DECORATED
10:17:58.482 [FXGL Background Thread 3 ] DEBUG Engine               - supportedLanguages: [ENGLISH, FRENCH, GERMAN, HUNGARIAN, RUSSIAN]
10:17:58.482 [FXGL Background Thread 3 ] DEBUG Engine               - ticksPerSecond: -1
10:17:58.482 [FXGL Background Thread 3 ] DEBUG Engine               - title: Bomberman
10:17:58.482 [FXGL Background Thread 3 ] DEBUG Engine               - urlGithub: https://github.com/AlmasB/FXGL
10:17:58.482 [FXGL Background Thread 3 ] DEBUG Engine               - urlLeaderboard: http://fxgl-top.herokuapp.com/
10:17:58.482 [FXGL Background Thread 3 ] DEBUG Engine               - urlPOM: https://raw.githubusercontent.com/AlmasB/FXGL/release/README.md
10:17:58.482 [FXGL Background Thread 3 ] DEBUG Engine               - userAppClass: class hellofx.Main
10:17:58.482 [FXGL Background Thread 3 ] DEBUG Engine               - version: 1.0
10:17:58.482 [FXGL Background Thread 3 ] DEBUG Engine               - versionCheckDays: 7
10:17:58.482 [FXGL Background Thread 3 ] DEBUG Engine               - width: 1280
10:17:58.482 [FXGL Background Thread 3 ] DEBUG Engine               - Logging services
10:17:58.482 [FXGL Background Thread 3 ] DEBUG Engine               - class com.almasb.fxgl.app.services.FXGLAssetLoaderService
10:17:58.482 [FXGL Background Thread 3 ] DEBUG Engine               - class com.almasb.fxgl.app.FXGLApplication$GameApplicationService
10:17:58.482 [FXGL Background Thread 3 ] DEBUG Engine               - class com.almasb.fxgl.app.services.FXGLDialogService
10:17:58.482 [FXGL Background Thread 3 ] DEBUG Engine               - class com.almasb.fxgl.app.services.IOTaskExecutorService
10:17:58.482 [FXGL Background Thread 3 ] DEBUG Engine               - class com.almasb.fxgl.io.FileSystemService
10:17:58.483 [FXGL Background Thread 3 ] DEBUG Engine               - class com.almasb.fxgl.localization.LocalizationService
10:17:58.483 [FXGL Background Thread 3 ] DEBUG Engine               - class com.almasb.fxgl.app.services.SystemBundleService
10:17:58.483 [FXGL Background Thread 3 ] DEBUG Engine               - class com.almasb.fxgl.profile.SaveLoadService
10:17:58.483 [FXGL Background Thread 3 ] DEBUG Engine               - class com.almasb.fxgl.ui.FXGLUIFactoryServiceProvider
10:17:58.483 [FXGL Background Thread 3 ] DEBUG Engine               - class com.almasb.fxgl.ui.FXGLDialogFactoryServiceProvider
10:17:58.483 [FXGL Background Thread 3 ] DEBUG Engine               - class com.almasb.fxgl.audio.AudioPlayer
10:17:58.483 [FXGL Background Thread 3 ] DEBUG Engine               - class com.almasb.fxgl.notification.impl.NotificationServiceProvider
10:17:58.483 [FXGL Background Thread 3 ] DEBUG Engine               - class com.almasb.fxgl.achievement.AchievementService
10:17:58.483 [FXGL Background Thread 3 ] DEBUG Engine               - class com.almasb.fxgl.cutscene.CutsceneService
10:17:58.483 [FXGL Background Thread 3 ] DEBUG Engine               - class com.almasb.fxgl.minigames.MiniGameService
10:17:58.483 [FXGL Background Thread 3 ] DEBUG Engine               - class com.almasb.fxgl.net.NetService
10:17:58.483 [FXGL Background Thread 3 ] DEBUG Engine               - class com.almasb.fxgl.app.services.UpdaterService
10:17:58.483 [FXGL Background Thread 3 ] DEBUG Engine               - class com.almasb.fxgl.dev.DevService
10:21:12.463 [JavaFX Application Thread] DEBUG FXGLApplication      - Exiting FXGL
10:21:12.463 [JavaFX Application Thread] DEBUG LoopRunner           - Stopping loop
10:21:12.464 [JavaFX Application Thread] DEBUG SystemBundleService  - Saving FXGL system data
10:21:12.468 [JavaFX Application Thread] DEBUG FileSystemAccess     - Writing to: E:\space_java\Game\game_datbom\system\fxgl.bundle
10:21:12.473 [JavaFX Application Thread] DEBUG Async                - Shutting down background threads
10:21:12.473 [JavaFX Application Thread] DEBUG PrimaryStageWindow   - Closing main window
10:21:12.502 [JavaFX Application Thread] DEBUG Logger               - Closing Logger
