23:28:52.206 [main                     ] DEBUG Logger               - Configured Logger
23:28:52.223 [main                     ] DEBUG GameApplication      - Logging settings
Title: Bomberman
Version: 1.0
Width: 1280
Height: 720
Fullscreen: false
Intro: false
Profiling: false
Single step:false
App Mode: DEVELOPER
Menu Key: ESCAPE
Stage Style: DECORATED
Scene Factory: class hellofx.Main$1

23:28:52.389 [JavaFX Application Thread] DEBUG FXGLApplication      - Initializing FXGL
23:28:52.399 [JavaFX Application Thread] INFO  Engine               - FXGL-17.1 (24.03.2022 17.34) on WINDOWS (J:18.0.2.1 FX:18)
23:28:52.399 [JavaFX Application Thread] DEBUG Engine               - JRE Vendor Name: Oracle Corporation
23:28:52.399 [JavaFX Application Thread] DEBUG Engine               - Running on OS: Windows 11 version 10.0
23:28:52.400 [JavaFX Application Thread] DEBUG Engine               - Architecture: amd64
23:28:52.400 [JavaFX Application Thread] INFO  Engine               - Source code and latest versions at: https://github.com/AlmasB/FXGL
23:28:52.400 [JavaFX Application Thread] INFO  Engine               -       Ask questions and discuss at: https://github.com/AlmasB/FXGL/discussions
23:28:52.400 [JavaFX Application Thread] INFO  Engine               -              Join the FXGL chat at: https://gitter.im/AlmasB/FXGL
23:28:52.498 [JavaFX Application Thread] DEBUG PrimaryStageWindow   - Creating a JavaFX scene
23:28:52.574 [JavaFX Application Thread] DEBUG PrimaryStageWindow   - Target settings size: 1280.0 x 720.0
23:28:52.574 [JavaFX Application Thread] DEBUG PrimaryStageWindow   - Scaled scene size:    1280.0 x 720.0
23:28:52.575 [JavaFX Application Thread] DEBUG PrimaryStageWindow   - Scaled ratio: (1.0, 1.0)
23:28:52.576 [JavaFX Application Thread] DEBUG PrimaryStageWindow   - Set initial scene to FXGLStartupScene
23:28:52.590 [JavaFX Application Thread] DEBUG PrimaryStageWindow   - Opening main window
23:28:52.711 [JavaFX Application Thread] DEBUG PrimaryStageWindow   - Window border size: (16.0, 39.0)
23:28:52.711 [JavaFX Application Thread] DEBUG PrimaryStageWindow   - Scaled size: 1280.0 x 720.0
23:28:52.712 [JavaFX Application Thread] DEBUG PrimaryStageWindow   - Scaled ratio: (1.0, 1.0)
23:28:52.712 [JavaFX Application Thread] DEBUG PrimaryStageWindow   - Scene size: 1280.0 x 720.0
23:28:52.712 [JavaFX Application Thread] DEBUG PrimaryStageWindow   - Stage size: 1296.0 x 759.0
23:28:52.729 [FXGL Background Thread 1 ] DEBUG Engine               - Initializing environment variables
23:28:52.821 [FXGL Background Thread 1 ] DEBUG FXGLAssetLoaderServi - User app class for loading assets: class hellofx.Main
23:28:52.822 [FXGL Background Thread 1 ] DEBUG GameApplicationServi - Applying CSS: fxgl_dark.css
23:28:52.823 [FXGL Background Thread 1 ] DEBUG FXGLAssetLoaderServi - Loading from file system: jar:file:/C:/Users/chaum/.m2/repository/com/github/almasb/fxgl/17.1/fxgl-17.1.jar!/fxglassets/ui/css/fxgl_dark.css
23:28:52.875 [FXGL Background Thread 1 ] DEBUG GameApplicationServi - Initializing application scenes
23:28:52.927 [FXGL Background Thread 1 ] DEBUG GameWorld            - Game world initialized
23:28:52.991 [FXGL Background Thread 1 ] DEBUG PhysicsWorld         - Physics world initialized: appHeight=720, physics.ppm=50.0
23:28:52.991 [FXGL Background Thread 1 ] DEBUG PhysicsWorld         - Using strategy: BRUTE_FORCE
23:28:52.997 [FXGL Background Thread 1 ] DEBUG GameScene            - Game scene initialized: 1280x720
23:28:53.130 [FXGL Background Thread 1 ] DEBUG GameApplicationServi - Application scenes initialized
23:28:53.145 [FXGL Background Thread 1 ] DEBUG SystemBundleService  - Loading FXGL system data
23:28:53.165 [FXGL Background Thread 1 ] DEBUG FileSystemAccess     - Reading from: E:\space_java\Game\game_datbom\system\fxgl.bundle
23:28:53.188 [FXGL Background Thread 1 ] DEBUG SystemBundleService  - Bundle FXGL: {}
23:28:53.188 [FXGL Background Thread 1 ] DEBUG UpdaterService       - Checking for updates
23:28:53.232 [FXGL Background Thread 4 ] DEBUG FXGLApplication      - Loading fonts
23:28:53.233 [FXGL Background Thread 1 ] DEBUG FXGLApplication      - Loading default localization
23:28:53.233 [FXGL Background Thread 4 ] DEBUG FXGLAssetLoaderServi - Loading from file system: jar:file:/C:/Users/chaum/.m2/repository/com/github/almasb/fxgl/17.1/fxgl-17.1.jar!/fxglassets/ui/fonts/VarelaRound-Regular.ttf
23:28:53.233 [FXGL Background Thread 1 ] DEBUG FXGLAssetLoaderServi - Loading from file system: jar:file:/C:/Users/chaum/.m2/repository/com/github/almasb/fxgl/17.1/fxgl-17.1.jar!/fxglassets/languages/english.lang
23:28:53.257 [FXGL Background Thread 1 ] INFO  FXGLApplication      - FXGL initialization took: 0.528 sec
23:28:53.269 [JavaFX Application Thread] DEBUG Input                - Registered new binding: action0 - F
23:28:53.269 [JavaFX Application Thread] DEBUG Input                - Registered new binding: action1 - G
23:28:53.270 [JavaFX Application Thread] DEBUG Input                - Registered new binding: action2 - R
23:28:53.270 [JavaFX Application Thread] DEBUG Input                - Registered new binding: action3 - T
23:28:53.270 [JavaFX Application Thread] DEBUG Input                - Registered new binding: Right - D
23:28:53.270 [JavaFX Application Thread] DEBUG Input                - Registered new binding: Left - A
23:28:53.271 [JavaFX Application Thread] DEBUG Input                - Registered new binding: Up - W
23:28:53.271 [JavaFX Application Thread] DEBUG Input                - Registered new binding: Down - S
23:28:53.271 [JavaFX Application Thread] DEBUG Input                - Registered new binding: Place boom - Space
23:28:53.271 [JavaFX Application Thread] DEBUG FXGLAssetLoaderServi - Loading from file system: file:/E:/space_java/Game/game_datbom/target/classes/assets/textures/icon/icon.png
23:28:53.317 [FXGL Background Thread 4 ] DEBUG FXGLAssetLoaderServi - Loading from file system: jar:file:/C:/Users/chaum/.m2/repository/com/github/almasb/fxgl/17.1/fxgl-17.1.jar!/fxglassets/ui/fonts/Abel-Regular.ttf
23:28:53.323 [FXGL Background Thread 4 ] DEBUG FXGLAssetLoaderServi - Loading from file system: jar:file:/C:/Users/chaum/.m2/repository/com/github/almasb/fxgl/17.1/fxgl-17.1.jar!/fxglassets/ui/fonts/TerminalLandMono-Regular.otf
23:28:53.329 [JavaFX Application Thread] DEBUG FXGLAssetLoaderServi - Loading from file system: file:/E:/space_java/Game/game_datbom/target/classes/assets/textures/cursor/cursor1.png
23:28:53.329 [FXGL Background Thread 4 ] DEBUG FXGLAssetLoaderServi - Loading from file system: jar:file:/C:/Users/chaum/.m2/repository/com/github/almasb/fxgl/17.1/fxgl-17.1.jar!/fxglassets/ui/fonts/Courier-Prime.ttf
23:28:53.340 [JavaFX Application Thread] DEBUG Input                - Registered new binding: Screenshot - CTRL+8
23:28:53.341 [JavaFX Application Thread] DEBUG Input                - Registered new binding: Dev Options - 1
23:28:53.342 [JavaFX Application Thread] DEBUG Input                - Registered new binding: Dev Console - 2
23:28:53.343 [JavaFX Application Thread] DEBUG Input                - Registered new binding: System info dump - CTRL+9
23:28:53.343 [JavaFX Application Thread] DEBUG Input                - Registered new binding: Restart - CTRL+R
23:28:53.343 [JavaFX Application Thread] DEBUG Input                - Registered new binding: Toggle Debug Camera - CTRL+7
23:28:53.347 [JavaFX Application Thread] DEBUG LoopRunner           - Starting loop
23:28:53.371 [JavaFX Application Thread] DEBUG LoopRunner           - Initializing JavaFX AnimationTimerLoop
23:28:53.374 [JavaFX Application Thread] DEBUG Input                - Clearing active input actions
23:28:53.383 [JavaFX Application Thread] DEBUG GameApplicationServi - Removing overlay from FXGLStartupScene and adding to FXGLMainMenuDummyScene
23:28:53.388 [JavaFX Application Thread] DEBUG PrimaryStageWindow   - FXGLStartupScene -> FXGLMainMenuDummyScene
23:28:53.389 [JavaFX Application Thread] DEBUG PrimaryStageWindow   - Push state: MainMenu
23:28:53.389 [JavaFX Application Thread] DEBUG Input                - Clearing active input actions
23:28:53.393 [JavaFX Application Thread] DEBUG GameApplicationServi - Removing overlay from FXGLMainMenuDummyScene and adding to MainMenu
23:28:53.394 [JavaFX Application Thread] DEBUG PrimaryStageWindow   - FXGLMainMenuDummyScene -> MainMenu
23:28:53.395 [JavaFX Application Thread] DEBUG FXGLApplication      - Registering font factories with UI factory
23:28:54.100 [FXGL Background Thread 2 ] INFO  UpdaterService       - Your current version:  17.1
23:28:54.101 [FXGL Background Thread 2 ] INFO  UpdaterService       - Latest stable version: 17.2
23:28:54.905 [JavaFX Application Thread] DEBUG Menu                 - fireNewGame()
23:28:54.906 [JavaFX Application Thread] DEBUG GameApplicationServi - Starting new game
23:28:54.906 [JavaFX Application Thread] DEBUG PrimaryStageWindow   - Pop state: MainMenu
23:28:54.906 [JavaFX Application Thread] DEBUG Input                - Clearing active input actions
23:28:54.907 [JavaFX Application Thread] DEBUG GameApplicationServi - Removing overlay from MainMenu and adding to FXGLMainMenuDummyScene
23:28:54.911 [JavaFX Application Thread] DEBUG PrimaryStageWindow   - FXGLMainMenuDummyScene <- MainMenu
23:28:54.912 [JavaFX Application Thread] DEBUG Input                - Clearing active input actions
23:28:54.919 [JavaFX Application Thread] DEBUG GameApplicationServi - Removing overlay from FXGLMainMenuDummyScene and adding to FXGLLoadingScene
23:28:54.919 [JavaFX Application Thread] DEBUG PrimaryStageWindow   - FXGLMainMenuDummyScene -> FXGLLoadingScene
23:28:54.920 [JavaFX Application Thread] DEBUG GameApplicationServi - Clearing previous game
23:28:54.920 [JavaFX Application Thread] DEBUG GameScene            - Clearing game scene
23:28:54.920 [JavaFX Application Thread] DEBUG GameWorld            - Clearing game world
23:28:54.920 [JavaFX Application Thread] DEBUG PhysicsWorld         - Clearing physics world
23:28:54.922 [FXGL Background Thread 2 ] DEBUG FXGLApplication      - Initializing game
23:28:54.975 [FXGL Background Thread 2 ] DEBUG FXGLAssetLoaderServi - Loading from file system: file:/E:/space_java/Game/game_datbom/target/classes/assets/textures/mapTexture/grass.png
23:28:54.982 [FXGL Background Thread 2 ] DEBUG FXGLAssetLoaderServi - Loading from file system: file:/E:/space_java/Game/game_datbom/target/classes/assets/textures/mapTexture/wall2.png
23:28:55.037 [FXGL Background Thread 2 ] DEBUG FXGLAssetLoaderServi - Loading from file system: file:/E:/space_java/Game/game_datbom/target/classes/assets/textures/enemy/oneal40.png
23:28:55.075 [FXGL Background Thread 2 ] DEBUG FXGLAssetLoaderServi - Loading from file system: file:/E:/space_java/Game/game_datbom/target/classes/assets/textures/gameItem/powerup_bombs.png
23:28:55.080 [FXGL Background Thread 2 ] DEBUG FXGLAssetLoaderServi - Loading from file system: file:/E:/space_java/Game/game_datbom/target/classes/assets/textures/gameItem/powerup_flamepass.png
23:28:55.088 [FXGL Background Thread 2 ] DEBUG FXGLAssetLoaderServi - Loading from file system: file:/E:/space_java/Game/game_datbom/target/classes/assets/textures/gameItem/powerup_flames.png
23:28:55.092 [FXGL Background Thread 2 ] DEBUG FXGLAssetLoaderServi - Loading from file system: file:/E:/space_java/Game/game_datbom/target/classes/assets/textures/gameItem/powerup_speed.png
23:28:55.104 [FXGL Background Thread 2 ] DEBUG FXGLAssetLoaderServi - Loading from file system: file:/E:/space_java/Game/game_datbom/target/classes/assets/textures/enemy/balloon36.png
23:28:55.141 [FXGL Background Thread 2 ] DEBUG FXGLAssetLoaderServi - Loading from file system: file:/E:/space_java/Game/game_datbom/target/classes/assets/textures/mapTexture%5cbrick.png
23:28:55.143 [FXGL Background Thread 2 ] DEBUG FXGLAssetLoaderServi - Loading from file system: file:/E:/space_java/Game/game_datbom/target/classes/assets/textures/mapTexture%5cbrick_break.png
23:28:55.200 [FXGL Background Thread 2 ] DEBUG FXGLAssetLoaderServi - Loading from file system: file:/E:/space_java/Game/game_datbom/target/classes/assets/textures/mapTexture/portal.png
23:28:55.301 [FXGL Background Thread 2 ] DEBUG FXGLAssetLoaderServi - Loading from file system: file:/E:/space_java/Game/game_datbom/target/classes/assets/textures/character/gold_player_dead.png
23:28:55.305 [FXGL Background Thread 2 ] DEBUG FXGLAssetLoaderServi - Loading from file system: file:/E:/space_java/Game/game_datbom/target/classes/assets/textures/character/gold_player_down.png
23:28:55.307 [FXGL Background Thread 2 ] DEBUG FXGLAssetLoaderServi - Loading from file system: file:/E:/space_java/Game/game_datbom/target/classes/assets/textures/character/gold_player_up.png
23:28:55.310 [FXGL Background Thread 2 ] DEBUG FXGLAssetLoaderServi - Loading from file system: file:/E:/space_java/Game/game_datbom/target/classes/assets/textures/character/gold_player_left_temp.png
23:28:55.312 [FXGL Background Thread 2 ] DEBUG FXGLAssetLoaderServi - Loading from file system: file:/E:/space_java/Game/game_datbom/target/classes/assets/textures/character/gold_player_right_temp.png
23:28:55.324 [FXGL Background Thread 2 ] INFO  FXGLApplication      - Game initialization took: 0.400 sec
23:28:55.333 [JavaFX Application Thread] DEBUG Input                - Clearing active input actions
23:28:55.351 [JavaFX Application Thread] DEBUG GameApplicationServi - Removing overlay from FXGLLoadingScene and adding to GameScene
23:28:55.353 [JavaFX Application Thread] DEBUG PrimaryStageWindow   - FXGLLoadingScene -> GameScene
23:28:56.232 [FXGL Background Thread 3 ] DEBUG Engine               - Logging environment variables
23:28:56.232 [FXGL Background Thread 3 ] DEBUG Engine               - achievements: []
23:28:56.232 [FXGL Background Thread 3 ] DEBUG Engine               - actualHeight: 720.0
23:28:56.233 [FXGL Background Thread 3 ] DEBUG Engine               - actualHeightProperty: ReadOnlyDoubleProperty [value: 720.0]
23:28:56.233 [FXGL Background Thread 3 ] DEBUG Engine               - actualWidth: 1280.0
23:28:56.233 [FXGL Background Thread 3 ] DEBUG Engine               - actualWidthProperty: ReadOnlyDoubleProperty [value: 1280.0]
23:28:56.233 [FXGL Background Thread 3 ] DEBUG Engine               - appIcon: icon/icon.png
23:28:56.233 [FXGL Background Thread 3 ] DEBUG Engine               - applicationMode: DEVELOPER
23:28:56.233 [FXGL Background Thread 3 ] DEBUG Engine               - cSSList: [fxgl_dark.css]
23:28:56.233 [FXGL Background Thread 3 ] DEBUG Engine               - collisionDetectionStrategy: BRUTE_FORCE
23:28:56.233 [FXGL Background Thread 3 ] DEBUG Engine               - configClass: Optional.empty
23:28:56.233 [FXGL Background Thread 3 ] DEBUG Engine               - credits: []
23:28:56.235 [FXGL Background Thread 3 ] DEBUG Engine               - defaultCursor: CursorInfo(imageName=cursor/cursor1.png, hotspotX=0.0, hotspotY=0.0)
23:28:56.235 [FXGL Background Thread 3 ] DEBUG Engine               - devBBoxColorProperty: ObjectProperty [value: 0xff0000ff]
23:28:56.235 [FXGL Background Thread 3 ] DEBUG Engine               - devEnableDebugCameraProperty: BooleanProperty [value: false]
23:28:56.235 [FXGL Background Thread 3 ] DEBUG Engine               - devSensorColorProperty: ObjectProperty [value: 0xffff00ff]
23:28:56.235 [FXGL Background Thread 3 ] DEBUG Engine               - devShowBBoxProperty: BooleanProperty [value: false]
23:28:56.236 [FXGL Background Thread 3 ] DEBUG Engine               - devShowPositionProperty: BooleanProperty [value: false]
23:28:56.236 [FXGL Background Thread 3 ] DEBUG Engine               - enabledMenuItems: []
23:28:56.236 [FXGL Background Thread 3 ] DEBUG Engine               - engineServices: [class com.almasb.fxgl.app.services.FXGLAssetLoaderService, class com.almasb.fxgl.app.FXGLApplication$GameApplicationService, class com.almasb.fxgl.app.services.FXGLDialogService, class com.almasb.fxgl.app.services.IOTaskExecutorService, class com.almasb.fxgl.io.FileSystemService, class com.almasb.fxgl.localization.LocalizationService, class com.almasb.fxgl.app.services.SystemBundleService, class com.almasb.fxgl.profile.SaveLoadService, class com.almasb.fxgl.ui.FXGLUIFactoryServiceProvider, class com.almasb.fxgl.ui.FXGLDialogFactoryServiceProvider, class com.almasb.fxgl.audio.AudioPlayer, class com.almasb.fxgl.notification.impl.NotificationServiceProvider, class com.almasb.fxgl.achievement.AchievementService, class com.almasb.fxgl.cutscene.CutsceneService, class com.almasb.fxgl.minigames.MiniGameService, class com.almasb.fxgl.net.NetService, class com.almasb.fxgl.app.services.UpdaterService, class com.almasb.fxgl.dev.DevService]
23:28:56.236 [FXGL Background Thread 3 ] DEBUG Engine               - fontGame: Abel-Regular.ttf
23:28:56.236 [FXGL Background Thread 3 ] DEBUG Engine               - fontMono: TerminalLandMono-Regular.otf
23:28:56.236 [FXGL Background Thread 3 ] DEBUG Engine               - fontText: Courier-Prime.ttf
23:28:56.236 [FXGL Background Thread 3 ] DEBUG Engine               - fontUI: VarelaRound-Regular.ttf
23:28:56.236 [FXGL Background Thread 3 ] DEBUG Engine               - fullScreen: BooleanProperty [value: false]
23:28:56.236 [FXGL Background Thread 3 ] DEBUG Engine               - gameDifficulty: MEDIUM
23:28:56.236 [FXGL Background Thread 3 ] DEBUG Engine               - gameDifficultyProperty: ObjectProperty [value: MEDIUM]
23:28:56.236 [FXGL Background Thread 3 ] DEBUG Engine               - globalMusicVolume: 0.5
23:28:56.236 [FXGL Background Thread 3 ] DEBUG Engine               - globalMusicVolumeProperty: DoubleProperty [value: 0.5]
23:28:56.236 [FXGL Background Thread 3 ] DEBUG Engine               - globalSoundVolume: 0.5
23:28:56.236 [FXGL Background Thread 3 ] DEBUG Engine               - globalSoundVolumeProperty: DoubleProperty [value: 0.5]
23:28:56.236 [FXGL Background Thread 3 ] DEBUG Engine               - height: 720
23:28:56.236 [FXGL Background Thread 3 ] DEBUG Engine               - is3D: false
23:28:56.236 [FXGL Background Thread 3 ] DEBUG Engine               - isAndroid: false
23:28:56.236 [FXGL Background Thread 3 ] DEBUG Engine               - isBrowser: false
23:28:56.236 [FXGL Background Thread 3 ] DEBUG Engine               - isClickFeedbackEnabled: false
23:28:56.237 [FXGL Background Thread 3 ] DEBUG Engine               - isCloseConfirmation: false
23:28:56.237 [FXGL Background Thread 3 ] DEBUG Engine               - isDesktop: true
23:28:56.237 [FXGL Background Thread 3 ] DEBUG Engine               - isDeveloperMenuEnabled: true
23:28:56.237 [FXGL Background Thread 3 ] DEBUG Engine               - isEmbedded: false
23:28:56.237 [FXGL Background Thread 3 ] DEBUG Engine               - isEntityPreloadEnabled: true
23:28:56.237 [FXGL Background Thread 3 ] DEBUG Engine               - isExperimentalTiledLargeMap: false
23:28:56.237 [FXGL Background Thread 3 ] DEBUG Engine               - isFileSystemWriteAllowed: true
23:28:56.237 [FXGL Background Thread 3 ] DEBUG Engine               - isFullScreenAllowed: false
23:28:56.237 [FXGL Background Thread 3 ] DEBUG Engine               - isFullScreenFromStart: false
23:28:56.237 [FXGL Background Thread 3 ] DEBUG Engine               - isGameMenuEnabled: true
23:28:56.237 [FXGL Background Thread 3 ] DEBUG Engine               - isIOS: false
23:28:56.237 [FXGL Background Thread 3 ] DEBUG Engine               - isIntroEnabled: false
23:28:56.237 [FXGL Background Thread 3 ] DEBUG Engine               - isLinux: false
23:28:56.237 [FXGL Background Thread 3 ] DEBUG Engine               - isMac: false
23:28:56.237 [FXGL Background Thread 3 ] DEBUG Engine               - isMainMenuEnabled: true
23:28:56.237 [FXGL Background Thread 3 ] DEBUG Engine               - isManualResizeEnabled: false
23:28:56.237 [FXGL Background Thread 3 ] DEBUG Engine               - isMobile: false
23:28:56.237 [FXGL Background Thread 3 ] DEBUG Engine               - isNative: false
23:28:56.237 [FXGL Background Thread 3 ] DEBUG Engine               - isPauseMusicWhenMinimized: true
23:28:56.237 [FXGL Background Thread 3 ] DEBUG Engine               - isPreserveResizeRatio: false
23:28:56.237 [FXGL Background Thread 3 ] DEBUG Engine               - isProfilingEnabled: false
23:28:56.238 [FXGL Background Thread 3 ] DEBUG Engine               - isScaleAffectedOnResize: true
23:28:56.238 [FXGL Background Thread 3 ] DEBUG Engine               - isSingleStep: false
23:28:56.238 [FXGL Background Thread 3 ] DEBUG Engine               - isUserProfileEnabled: false
23:28:56.238 [FXGL Background Thread 3 ] DEBUG Engine               - isWindows: true
23:28:56.238 [FXGL Background Thread 3 ] DEBUG Engine               - language: ObjectProperty [value: ENGLISH]
23:28:56.238 [FXGL Background Thread 3 ] DEBUG Engine               - menuKey: ESCAPE
23:28:56.238 [FXGL Background Thread 3 ] DEBUG Engine               - mouseSensitivity: 0.2
23:28:56.238 [FXGL Background Thread 3 ] DEBUG Engine               - notificationViewClass: class com.almasb.fxgl.notification.view.XboxNotificationView
23:28:56.238 [FXGL Background Thread 3 ] DEBUG Engine               - pixelsPerMeter: 50.0
23:28:56.238 [FXGL Background Thread 3 ] DEBUG Engine               - platform: WINDOWS
23:28:56.238 [FXGL Background Thread 3 ] DEBUG Engine               - prefHeightProperty: ReadOnlyDoubleProperty [value: 720.0]
23:28:56.238 [FXGL Background Thread 3 ] DEBUG Engine               - prefWidthProperty: ReadOnlyDoubleProperty [value: 1280.0]
23:28:56.238 [FXGL Background Thread 3 ] DEBUG Engine               - profileDir: profiles/
23:28:56.238 [FXGL Background Thread 3 ] DEBUG Engine               - profileName: StringProperty [value: DEFAULT]
23:28:56.238 [FXGL Background Thread 3 ] DEBUG Engine               - randomSeed: -1
23:28:56.238 [FXGL Background Thread 3 ] DEBUG Engine               - runtimeInfo: RuntimeInfo(platform=WINDOWS, version=17.1, build=24.03.2022 17.34)
23:28:56.238 [FXGL Background Thread 3 ] DEBUG Engine               - saveFileExt: sav
23:28:56.238 [FXGL Background Thread 3 ] DEBUG Engine               - scaledHeightProp$fxgl: DoubleProperty [bound, value: 720.0]
23:28:56.239 [FXGL Background Thread 3 ] DEBUG Engine               - scaledWidthProp$fxgl: DoubleProperty [bound, value: 1280.0]
23:28:56.239 [FXGL Background Thread 3 ] DEBUG Engine               - sceneFactory: hellofx.Main$1@6f4b5bcc
23:28:56.239 [FXGL Background Thread 3 ] DEBUG Engine               - secondsIn24h: 60
23:28:56.239 [FXGL Background Thread 3 ] DEBUG Engine               - soundMenuBack: menu/back.wav
23:28:56.239 [FXGL Background Thread 3 ] DEBUG Engine               - soundMenuPress: menu/press.wav
23:28:56.239 [FXGL Background Thread 3 ] DEBUG Engine               - soundMenuSelect: menu/select.wav
23:28:56.239 [FXGL Background Thread 3 ] DEBUG Engine               - soundNotification: core/notification.wav
23:28:56.239 [FXGL Background Thread 3 ] DEBUG Engine               - stageStyle: DECORATED
23:28:56.239 [FXGL Background Thread 3 ] DEBUG Engine               - supportedLanguages: [ENGLISH, FRENCH, GERMAN, HUNGARIAN, RUSSIAN]
23:28:56.239 [FXGL Background Thread 3 ] DEBUG Engine               - ticksPerSecond: -1
23:28:56.239 [FXGL Background Thread 3 ] DEBUG Engine               - title: Bomberman
23:28:56.239 [FXGL Background Thread 3 ] DEBUG Engine               - urlGithub: https://github.com/AlmasB/FXGL
23:28:56.239 [FXGL Background Thread 3 ] DEBUG Engine               - urlLeaderboard: http://fxgl-top.herokuapp.com/
23:28:56.239 [FXGL Background Thread 3 ] DEBUG Engine               - urlPOM: https://raw.githubusercontent.com/AlmasB/FXGL/release/README.md
23:28:56.239 [FXGL Background Thread 3 ] DEBUG Engine               - userAppClass: class hellofx.Main
23:28:56.239 [FXGL Background Thread 3 ] DEBUG Engine               - version: 1.0
23:28:56.239 [FXGL Background Thread 3 ] DEBUG Engine               - versionCheckDays: 7
23:28:56.239 [FXGL Background Thread 3 ] DEBUG Engine               - width: 1280
23:28:56.239 [FXGL Background Thread 3 ] DEBUG Engine               - Logging services
23:28:56.239 [FXGL Background Thread 3 ] DEBUG Engine               - class com.almasb.fxgl.app.services.FXGLAssetLoaderService
23:28:56.239 [FXGL Background Thread 3 ] DEBUG Engine               - class com.almasb.fxgl.app.FXGLApplication$GameApplicationService
23:28:56.239 [FXGL Background Thread 3 ] DEBUG Engine               - class com.almasb.fxgl.app.services.FXGLDialogService
23:28:56.240 [FXGL Background Thread 3 ] DEBUG Engine               - class com.almasb.fxgl.app.services.IOTaskExecutorService
23:28:56.240 [FXGL Background Thread 3 ] DEBUG Engine               - class com.almasb.fxgl.io.FileSystemService
23:28:56.240 [FXGL Background Thread 3 ] DEBUG Engine               - class com.almasb.fxgl.localization.LocalizationService
23:28:56.240 [FXGL Background Thread 3 ] DEBUG Engine               - class com.almasb.fxgl.app.services.SystemBundleService
23:28:56.240 [FXGL Background Thread 3 ] DEBUG Engine               - class com.almasb.fxgl.profile.SaveLoadService
23:28:56.240 [FXGL Background Thread 3 ] DEBUG Engine               - class com.almasb.fxgl.ui.FXGLUIFactoryServiceProvider
23:28:56.240 [FXGL Background Thread 3 ] DEBUG Engine               - class com.almasb.fxgl.ui.FXGLDialogFactoryServiceProvider
23:28:56.240 [FXGL Background Thread 3 ] DEBUG Engine               - class com.almasb.fxgl.audio.AudioPlayer
23:28:56.240 [FXGL Background Thread 3 ] DEBUG Engine               - class com.almasb.fxgl.notification.impl.NotificationServiceProvider
23:28:56.240 [FXGL Background Thread 3 ] DEBUG Engine               - class com.almasb.fxgl.achievement.AchievementService
23:28:56.240 [FXGL Background Thread 3 ] DEBUG Engine               - class com.almasb.fxgl.cutscene.CutsceneService
23:28:56.240 [FXGL Background Thread 3 ] DEBUG Engine               - class com.almasb.fxgl.minigames.MiniGameService
23:28:56.241 [FXGL Background Thread 3 ] DEBUG Engine               - class com.almasb.fxgl.net.NetService
23:28:56.241 [FXGL Background Thread 3 ] DEBUG Engine               - class com.almasb.fxgl.app.services.UpdaterService
23:28:56.241 [FXGL Background Thread 3 ] DEBUG Engine               - class com.almasb.fxgl.dev.DevService
23:29:08.887 [JavaFX Application Thread] DEBUG Input                - Clearing active input actions
23:29:08.896 [JavaFX Application Thread] DEBUG GameApplicationServi - Removing overlay from GameScene and adding to FXGLMainMenuDummyScene
23:29:08.899 [JavaFX Application Thread] DEBUG PrimaryStageWindow   - GameScene -> FXGLMainMenuDummyScene
23:29:08.900 [JavaFX Application Thread] DEBUG PrimaryStageWindow   - Push state: MainMenu
23:29:08.900 [JavaFX Application Thread] DEBUG Input                - Clearing active input actions
23:29:08.900 [JavaFX Application Thread] DEBUG GameApplicationServi - Removing overlay from FXGLMainMenuDummyScene and adding to MainMenu
23:29:08.901 [JavaFX Application Thread] DEBUG PrimaryStageWindow   - FXGLMainMenuDummyScene -> MainMenu
23:29:15.130 [JavaFX Application Thread] DEBUG FXGLApplication      - Exiting FXGL
23:29:15.130 [JavaFX Application Thread] DEBUG LoopRunner           - Stopping loop
23:29:15.130 [JavaFX Application Thread] DEBUG SystemBundleService  - Saving FXGL system data
23:29:15.134 [JavaFX Application Thread] DEBUG FileSystemAccess     - Writing to: E:\space_java\Game\game_datbom\system\fxgl.bundle
23:29:15.137 [JavaFX Application Thread] DEBUG Async                - Shutting down background threads
23:29:15.138 [JavaFX Application Thread] DEBUG PrimaryStageWindow   - Closing main window
23:29:15.149 [JavaFX Application Thread] DEBUG Logger               - Closing Logger
