00:33:33.209 [main                     ] DEBUG Logger               - Configured Logger
00:33:33.221 [main                     ] DEBUG GameApplication      - Logging settings
Title: Bomberman
Version: 1.0
Width: 1280
Height: 720
Fullscreen: false
Intro: false
Profiling: false
Single step:false
App Mode: DEVELOPER
Menu Key: ESCAPE
Stage Style: DECORATED
Scene Factory: class hellofx.Main$1

00:33:33.322 [JavaFX Application Thread] DEBUG FXGLApplication      - Initializing FXGL
00:33:33.327 [JavaFX Application Thread] INFO  Engine               - FXGL-17.1 (24.03.2022 17.34) on WINDOWS (J:18.0.2.1 FX:18)
00:33:33.328 [JavaFX Application Thread] DEBUG Engine               - JRE Vendor Name: Oracle Corporation
00:33:33.328 [JavaFX Application Thread] DEBUG Engine               - Running on OS: Windows 11 version 10.0
00:33:33.328 [JavaFX Application Thread] DEBUG Engine               - Architecture: amd64
00:33:33.328 [JavaFX Application Thread] INFO  Engine               - Source code and latest versions at: https://github.com/AlmasB/FXGL
00:33:33.329 [JavaFX Application Thread] INFO  Engine               -       Ask questions and discuss at: https://github.com/AlmasB/FXGL/discussions
00:33:33.329 [JavaFX Application Thread] INFO  Engine               -              Join the FXGL chat at: https://gitter.im/AlmasB/FXGL
00:33:33.385 [JavaFX Application Thread] DEBUG PrimaryStageWindow   - Creating a JavaFX scene
00:33:33.427 [JavaFX Application Thread] DEBUG PrimaryStageWindow   - Target settings size: 1280.0 x 720.0
00:33:33.428 [JavaFX Application Thread] DEBUG PrimaryStageWindow   - Scaled scene size:    1280.0 x 720.0
00:33:33.428 [JavaFX Application Thread] DEBUG PrimaryStageWindow   - Scaled ratio: (1.0, 1.0)
00:33:33.429 [JavaFX Application Thread] DEBUG PrimaryStageWindow   - Set initial scene to FXGLStartupScene
00:33:33.436 [JavaFX Application Thread] DEBUG PrimaryStageWindow   - Opening main window
00:33:33.512 [JavaFX Application Thread] DEBUG PrimaryStageWindow   - Window border size: (16.0, 39.0)
00:33:33.513 [JavaFX Application Thread] DEBUG PrimaryStageWindow   - Scaled size: 1280.0 x 720.0
00:33:33.513 [JavaFX Application Thread] DEBUG PrimaryStageWindow   - Scaled ratio: (1.0, 1.0)
00:33:33.513 [JavaFX Application Thread] DEBUG PrimaryStageWindow   - Scene size: 1280.0 x 720.0
00:33:33.513 [JavaFX Application Thread] DEBUG PrimaryStageWindow   - Stage size: 1296.0 x 759.0
00:33:33.523 [FXGL Background Thread 1 ] DEBUG Engine               - Initializing environment variables
00:33:33.587 [FXGL Background Thread 1 ] DEBUG FXGLAssetLoaderServi - User app class for loading assets: class hellofx.Main
00:33:33.588 [FXGL Background Thread 1 ] DEBUG GameApplicationServi - Applying CSS: fxgl_dark.css
00:33:33.589 [FXGL Background Thread 1 ] DEBUG FXGLAssetLoaderServi - Loading from file system: jar:file:/C:/Users/chaum/.m2/repository/com/github/almasb/fxgl/17.1/fxgl-17.1.jar!/fxglassets/ui/css/fxgl_dark.css
00:33:33.627 [FXGL Background Thread 1 ] DEBUG GameApplicationServi - Initializing application scenes
00:33:33.683 [FXGL Background Thread 1 ] DEBUG GameWorld            - Game world initialized
00:33:33.724 [FXGL Background Thread 1 ] DEBUG PhysicsWorld         - Physics world initialized: appHeight=720, physics.ppm=50.0
00:33:33.724 [FXGL Background Thread 1 ] DEBUG PhysicsWorld         - Using strategy: BRUTE_FORCE
00:33:33.727 [FXGL Background Thread 1 ] DEBUG GameScene            - Game scene initialized: 1280x720
00:33:33.787 [FXGL Background Thread 1 ] DEBUG GameApplicationServi - Application scenes initialized
00:33:33.796 [FXGL Background Thread 1 ] DEBUG SystemBundleService  - Loading FXGL system data
00:33:33.802 [FXGL Background Thread 1 ] DEBUG FileSystemAccess     - Reading from: E:\space_java\Game\game_datbom\system\fxgl.bundle
00:33:33.824 [FXGL Background Thread 1 ] DEBUG SystemBundleService  - Bundle FXGL: {}
00:33:33.824 [FXGL Background Thread 1 ] DEBUG UpdaterService       - Checking for updates
00:33:33.871 [FXGL Background Thread 4 ] DEBUG FXGLApplication      - Loading fonts
00:33:33.872 [FXGL Background Thread 1 ] DEBUG FXGLApplication      - Loading default localization
00:33:33.872 [FXGL Background Thread 4 ] DEBUG FXGLAssetLoaderServi - Loading from file system: jar:file:/C:/Users/chaum/.m2/repository/com/github/almasb/fxgl/17.1/fxgl-17.1.jar!/fxglassets/ui/fonts/VarelaRound-Regular.ttf
00:33:33.873 [FXGL Background Thread 1 ] DEBUG FXGLAssetLoaderServi - Loading from file system: jar:file:/C:/Users/chaum/.m2/repository/com/github/almasb/fxgl/17.1/fxgl-17.1.jar!/fxglassets/languages/english.lang
00:33:33.900 [FXGL Background Thread 1 ] INFO  FXGLApplication      - FXGL initialization took: 0.377 sec
00:33:33.908 [JavaFX Application Thread] DEBUG Input                - Registered new binding: action0 - F
00:33:33.909 [JavaFX Application Thread] DEBUG Input                - Registered new binding: action1 - G
00:33:33.909 [JavaFX Application Thread] DEBUG Input                - Registered new binding: action2 - R
00:33:33.909 [JavaFX Application Thread] DEBUG Input                - Registered new binding: action3 - T
00:33:33.909 [JavaFX Application Thread] DEBUG Input                - Registered new binding: Right - D
00:33:33.909 [JavaFX Application Thread] DEBUG Input                - Registered new binding: Left - A
00:33:33.909 [JavaFX Application Thread] DEBUG Input                - Registered new binding: Up - W
00:33:33.909 [JavaFX Application Thread] DEBUG Input                - Registered new binding: Down - S
00:33:33.909 [JavaFX Application Thread] DEBUG Input                - Registered new binding: Place boom - Space
00:33:33.910 [JavaFX Application Thread] DEBUG FXGLAssetLoaderServi - Loading from file system: file:/E:/space_java/Game/game_datbom/target/classes/assets/textures/icon/icon.png
00:33:33.929 [FXGL Background Thread 4 ] DEBUG FXGLAssetLoaderServi - Loading from file system: jar:file:/C:/Users/chaum/.m2/repository/com/github/almasb/fxgl/17.1/fxgl-17.1.jar!/fxglassets/ui/fonts/Abel-Regular.ttf
00:33:33.934 [FXGL Background Thread 4 ] DEBUG FXGLAssetLoaderServi - Loading from file system: jar:file:/C:/Users/chaum/.m2/repository/com/github/almasb/fxgl/17.1/fxgl-17.1.jar!/fxglassets/ui/fonts/TerminalLandMono-Regular.otf
00:33:33.938 [FXGL Background Thread 4 ] DEBUG FXGLAssetLoaderServi - Loading from file system: jar:file:/C:/Users/chaum/.m2/repository/com/github/almasb/fxgl/17.1/fxgl-17.1.jar!/fxglassets/ui/fonts/Courier-Prime.ttf
00:33:33.944 [JavaFX Application Thread] DEBUG FXGLAssetLoaderServi - Loading from file system: file:/E:/space_java/Game/game_datbom/target/classes/assets/textures/cursor/cursor1.png
00:33:33.953 [JavaFX Application Thread] DEBUG Input                - Registered new binding: Screenshot - CTRL+8
00:33:33.954 [JavaFX Application Thread] DEBUG Input                - Registered new binding: Dev Options - 1
00:33:33.954 [JavaFX Application Thread] DEBUG Input                - Registered new binding: Dev Console - 2
00:33:33.954 [JavaFX Application Thread] DEBUG Input                - Registered new binding: System info dump - CTRL+9
00:33:33.955 [JavaFX Application Thread] DEBUG Input                - Registered new binding: Restart - CTRL+R
00:33:33.955 [JavaFX Application Thread] DEBUG Input                - Registered new binding: Toggle Debug Camera - CTRL+7
00:33:33.957 [JavaFX Application Thread] DEBUG LoopRunner           - Starting loop
00:33:33.970 [JavaFX Application Thread] DEBUG LoopRunner           - Initializing JavaFX AnimationTimerLoop
00:33:33.973 [JavaFX Application Thread] DEBUG Input                - Clearing active input actions
00:33:33.980 [JavaFX Application Thread] DEBUG GameApplicationServi - Removing overlay from FXGLStartupScene and adding to FXGLMainMenuDummyScene
00:33:33.983 [JavaFX Application Thread] DEBUG PrimaryStageWindow   - FXGLStartupScene -> FXGLMainMenuDummyScene
00:33:33.983 [JavaFX Application Thread] DEBUG PrimaryStageWindow   - Push state: MainMenu
00:33:33.983 [JavaFX Application Thread] DEBUG Input                - Clearing active input actions
00:33:33.986 [JavaFX Application Thread] DEBUG GameApplicationServi - Removing overlay from FXGLMainMenuDummyScene and adding to MainMenu
00:33:33.986 [JavaFX Application Thread] DEBUG PrimaryStageWindow   - FXGLMainMenuDummyScene -> MainMenu
00:33:33.993 [JavaFX Application Thread] DEBUG FXGLApplication      - Registering font factories with UI factory
00:33:34.897 [FXGL Background Thread 2 ] INFO  UpdaterService       - Your current version:  17.1
00:33:34.898 [FXGL Background Thread 2 ] INFO  UpdaterService       - Latest stable version: 17.2
00:33:35.821 [JavaFX Application Thread] DEBUG Menu                 - fireNewGame()
00:33:35.822 [JavaFX Application Thread] DEBUG GameApplicationServi - Starting new game
00:33:35.822 [JavaFX Application Thread] DEBUG PrimaryStageWindow   - Pop state: MainMenu
00:33:35.822 [JavaFX Application Thread] DEBUG Input                - Clearing active input actions
00:33:35.824 [JavaFX Application Thread] DEBUG GameApplicationServi - Removing overlay from MainMenu and adding to FXGLMainMenuDummyScene
00:33:35.826 [JavaFX Application Thread] DEBUG PrimaryStageWindow   - FXGLMainMenuDummyScene <- MainMenu
00:33:35.826 [JavaFX Application Thread] DEBUG Input                - Clearing active input actions
00:33:35.831 [JavaFX Application Thread] DEBUG GameApplicationServi - Removing overlay from FXGLMainMenuDummyScene and adding to FXGLLoadingScene
00:33:35.831 [JavaFX Application Thread] DEBUG PrimaryStageWindow   - FXGLMainMenuDummyScene -> FXGLLoadingScene
00:33:35.831 [JavaFX Application Thread] DEBUG GameApplicationServi - Clearing previous game
00:33:35.831 [JavaFX Application Thread] DEBUG GameScene            - Clearing game scene
00:33:35.831 [JavaFX Application Thread] DEBUG GameWorld            - Clearing game world
00:33:35.832 [JavaFX Application Thread] DEBUG PhysicsWorld         - Clearing physics world
00:33:35.833 [FXGL Background Thread 2 ] DEBUG FXGLApplication      - Initializing game
00:33:35.863 [JavaFX Application Thread] DEBUG LoopRunner           - Stopping loop
00:33:35.865 [JavaFX Application Thread] FATAL FXGLApplication      - Uncaught Exception:
java.lang.RuntimeException: Initialization failed
	at com.almasb.fxgl.app.FXGLApplication$InitAppTask.failed(FXGLApplication.kt:343)
	at javafx.concurrent.Task.setState(Task.java:710)
	at javafx.concurrent.Task$TaskCallable.lambda$call$2(Task.java:1456)
	at com.sun.javafx.application.PlatformImpl.lambda$runLater$10(PlatformImpl.java:457)
	at java.base/java.security.AccessController.doPrivileged(AccessController.java:399)
	at com.sun.javafx.application.PlatformImpl.lambda$runLater$11(PlatformImpl.java:456)
	at com.sun.glass.ui.InvokeLaterDispatcher$Future.run(InvokeLaterDispatcher.java:96)
	at com.sun.glass.ui.win.WinApplication._runLoop(Native Method)
	at com.sun.glass.ui.win.WinApplication.lambda$runLoop$3(WinApplication.java:184)
	at java.base/java.lang.Thread.run(Thread.java:833)
Caused by: java.lang.RuntimeException: java.io.FileNotFoundException: C:\Users\Admin\Documents\Bomberman\src\assets\textures\text\map.txt (The system cannot find the path specified)
	at hellofx.Main.initGame(Main.java:272)
	at com.almasb.fxgl.app.FXGLApplication$InitAppTask.initGame(FXGLApplication.kt:339)
	at com.almasb.fxgl.app.FXGLApplication$InitAppTask.call(FXGLApplication.kt:319)
	at com.almasb.fxgl.app.FXGLApplication$InitAppTask.call(FXGLApplication.kt:311)
	at javafx.concurrent.Task$TaskCallable.call(Task.java:1426)
	at java.base/java.util.concurrent.FutureTask.run(FutureTask.java:264)
	at java.base/java.util.concurrent.Executors$RunnableAdapter.call(Executors.java:539)
	at java.base/java.util.concurrent.FutureTask.run(FutureTask.java:264)
	at java.base/java.util.concurrent.ThreadPoolExecutor.runWorker(ThreadPoolExecutor.java:1136)
	at java.base/java.util.concurrent.ThreadPoolExecutor$Worker.run(ThreadPoolExecutor.java:635)
	... 1 more
Caused by: java.io.FileNotFoundException: C:\Users\Admin\Documents\Bomberman\src\assets\textures\text\map.txt (The system cannot find the path specified)
	at java.base/java.io.FileInputStream.open0(Native Method)
	at java.base/java.io.FileInputStream.open(FileInputStream.java:216)
	at java.base/java.io.FileInputStream.<init>(FileInputStream.java:157)
	at java.base/java.util.Scanner.<init>(Scanner.java:641)
	at hellofx.Map.Mymap.<init>(Mymap.java:41)
	at hellofx.Main.initGame(Main.java:270)
	... 10 more

00:33:35.865 [JavaFX Application Thread] FATAL FXGLApplication      - Application will now exit
00:33:35.873 [JavaFX Application Thread] DEBUG PrimaryStageWindow   - Push state: ErrorSubScene
00:33:35.873 [JavaFX Application Thread] DEBUG Input                - Clearing active input actions
00:33:35.873 [JavaFX Application Thread] DEBUG GameApplicationServi - Removing overlay from FXGLLoadingScene and adding to ErrorSubScene
00:33:35.874 [JavaFX Application Thread] DEBUG PrimaryStageWindow   - FXGLLoadingScene -> ErrorSubScene
00:33:36.871 [FXGL Background Thread 3 ] DEBUG Engine               - Logging environment variables
00:33:36.871 [FXGL Background Thread 3 ] DEBUG Engine               - achievements: []
00:33:36.871 [FXGL Background Thread 3 ] DEBUG Engine               - actualHeight: 720.0
00:33:36.871 [FXGL Background Thread 3 ] DEBUG Engine               - actualHeightProperty: ReadOnlyDoubleProperty [value: 720.0]
00:33:36.871 [FXGL Background Thread 3 ] DEBUG Engine               - actualWidth: 1280.0
00:33:36.871 [FXGL Background Thread 3 ] DEBUG Engine               - actualWidthProperty: ReadOnlyDoubleProperty [value: 1280.0]
00:33:36.871 [FXGL Background Thread 3 ] DEBUG Engine               - appIcon: icon/icon.png
00:33:36.871 [FXGL Background Thread 3 ] DEBUG Engine               - applicationMode: DEVELOPER
00:33:36.871 [FXGL Background Thread 3 ] DEBUG Engine               - cSSList: [fxgl_dark.css]
00:33:36.871 [FXGL Background Thread 3 ] DEBUG Engine               - collisionDetectionStrategy: BRUTE_FORCE
00:33:36.871 [FXGL Background Thread 3 ] DEBUG Engine               - configClass: Optional.empty
00:33:36.871 [FXGL Background Thread 3 ] DEBUG Engine               - credits: []
00:33:36.872 [FXGL Background Thread 3 ] DEBUG Engine               - defaultCursor: CursorInfo(imageName=cursor/cursor1.png, hotspotX=0.0, hotspotY=0.0)
00:33:36.872 [FXGL Background Thread 3 ] DEBUG Engine               - devBBoxColorProperty: ObjectProperty [value: 0xff0000ff]
00:33:36.873 [FXGL Background Thread 3 ] DEBUG Engine               - devEnableDebugCameraProperty: BooleanProperty [value: false]
00:33:36.873 [FXGL Background Thread 3 ] DEBUG Engine               - devSensorColorProperty: ObjectProperty [value: 0xffff00ff]
00:33:36.873 [FXGL Background Thread 3 ] DEBUG Engine               - devShowBBoxProperty: BooleanProperty [value: false]
00:33:36.873 [FXGL Background Thread 3 ] DEBUG Engine               - devShowPositionProperty: BooleanProperty [value: false]
00:33:36.873 [FXGL Background Thread 3 ] DEBUG Engine               - enabledMenuItems: []
00:33:36.873 [FXGL Background Thread 3 ] DEBUG Engine               - engineServices: [class com.almasb.fxgl.app.services.FXGLAssetLoaderService, class com.almasb.fxgl.app.FXGLApplication$GameApplicationService, class com.almasb.fxgl.app.services.FXGLDialogService, class com.almasb.fxgl.app.services.IOTaskExecutorService, class com.almasb.fxgl.io.FileSystemService, class com.almasb.fxgl.localization.LocalizationService, class com.almasb.fxgl.app.services.SystemBundleService, class com.almasb.fxgl.profile.SaveLoadService, class com.almasb.fxgl.ui.FXGLUIFactoryServiceProvider, class com.almasb.fxgl.ui.FXGLDialogFactoryServiceProvider, class com.almasb.fxgl.audio.AudioPlayer, class com.almasb.fxgl.notification.impl.NotificationServiceProvider, class com.almasb.fxgl.achievement.AchievementService, class com.almasb.fxgl.cutscene.CutsceneService, class com.almasb.fxgl.minigames.MiniGameService, class com.almasb.fxgl.net.NetService, class com.almasb.fxgl.app.services.UpdaterService, class com.almasb.fxgl.dev.DevService]
00:33:36.873 [FXGL Background Thread 3 ] DEBUG Engine               - fontGame: Abel-Regular.ttf
00:33:36.873 [FXGL Background Thread 3 ] DEBUG Engine               - fontMono: TerminalLandMono-Regular.otf
00:33:36.873 [FXGL Background Thread 3 ] DEBUG Engine               - fontText: Courier-Prime.ttf
00:33:36.873 [FXGL Background Thread 3 ] DEBUG Engine               - fontUI: VarelaRound-Regular.ttf
00:33:36.873 [FXGL Background Thread 3 ] DEBUG Engine               - fullScreen: BooleanProperty [value: false]
00:33:36.873 [FXGL Background Thread 3 ] DEBUG Engine               - gameDifficulty: MEDIUM
00:33:36.873 [FXGL Background Thread 3 ] DEBUG Engine               - gameDifficultyProperty: ObjectProperty [value: MEDIUM]
00:33:36.873 [FXGL Background Thread 3 ] DEBUG Engine               - globalMusicVolume: 0.5
00:33:36.873 [FXGL Background Thread 3 ] DEBUG Engine               - globalMusicVolumeProperty: DoubleProperty [value: 0.5]
00:33:36.873 [FXGL Background Thread 3 ] DEBUG Engine               - globalSoundVolume: 0.5
00:33:36.874 [FXGL Background Thread 3 ] DEBUG Engine               - globalSoundVolumeProperty: DoubleProperty [value: 0.5]
00:33:36.874 [FXGL Background Thread 3 ] DEBUG Engine               - height: 720
00:33:36.874 [FXGL Background Thread 3 ] DEBUG Engine               - is3D: false
00:33:36.874 [FXGL Background Thread 3 ] DEBUG Engine               - isAndroid: false
00:33:36.874 [FXGL Background Thread 3 ] DEBUG Engine               - isBrowser: false
00:33:36.874 [FXGL Background Thread 3 ] DEBUG Engine               - isClickFeedbackEnabled: false
00:33:36.874 [FXGL Background Thread 3 ] DEBUG Engine               - isCloseConfirmation: false
00:33:36.874 [FXGL Background Thread 3 ] DEBUG Engine               - isDesktop: true
00:33:36.874 [FXGL Background Thread 3 ] DEBUG Engine               - isDeveloperMenuEnabled: true
00:33:36.874 [FXGL Background Thread 3 ] DEBUG Engine               - isEmbedded: false
00:33:36.874 [FXGL Background Thread 3 ] DEBUG Engine               - isEntityPreloadEnabled: true
00:33:36.874 [FXGL Background Thread 3 ] DEBUG Engine               - isExperimentalTiledLargeMap: false
00:33:36.874 [FXGL Background Thread 3 ] DEBUG Engine               - isFileSystemWriteAllowed: true
00:33:36.874 [FXGL Background Thread 3 ] DEBUG Engine               - isFullScreenAllowed: false
00:33:36.874 [FXGL Background Thread 3 ] DEBUG Engine               - isFullScreenFromStart: false
00:33:36.874 [FXGL Background Thread 3 ] DEBUG Engine               - isGameMenuEnabled: true
00:33:36.874 [FXGL Background Thread 3 ] DEBUG Engine               - isIOS: false
00:33:36.874 [FXGL Background Thread 3 ] DEBUG Engine               - isIntroEnabled: false
00:33:36.874 [FXGL Background Thread 3 ] DEBUG Engine               - isLinux: false
00:33:36.875 [FXGL Background Thread 3 ] DEBUG Engine               - isMac: false
00:33:36.875 [FXGL Background Thread 3 ] DEBUG Engine               - isMainMenuEnabled: true
00:33:36.875 [FXGL Background Thread 3 ] DEBUG Engine               - isManualResizeEnabled: false
00:33:36.875 [FXGL Background Thread 3 ] DEBUG Engine               - isMobile: false
00:33:36.875 [FXGL Background Thread 3 ] DEBUG Engine               - isNative: false
00:33:36.875 [FXGL Background Thread 3 ] DEBUG Engine               - isPauseMusicWhenMinimized: true
00:33:36.875 [FXGL Background Thread 3 ] DEBUG Engine               - isPreserveResizeRatio: false
00:33:36.875 [FXGL Background Thread 3 ] DEBUG Engine               - isProfilingEnabled: false
00:33:36.875 [FXGL Background Thread 3 ] DEBUG Engine               - isScaleAffectedOnResize: true
00:33:36.875 [FXGL Background Thread 3 ] DEBUG Engine               - isSingleStep: false
00:33:36.875 [FXGL Background Thread 3 ] DEBUG Engine               - isUserProfileEnabled: false
00:33:36.875 [FXGL Background Thread 3 ] DEBUG Engine               - isWindows: true
00:33:36.875 [FXGL Background Thread 3 ] DEBUG Engine               - language: ObjectProperty [value: ENGLISH]
00:33:36.875 [FXGL Background Thread 3 ] DEBUG Engine               - menuKey: ESCAPE
00:33:36.875 [FXGL Background Thread 3 ] DEBUG Engine               - mouseSensitivity: 0.2
00:33:36.875 [FXGL Background Thread 3 ] DEBUG Engine               - notificationViewClass: class com.almasb.fxgl.notification.view.XboxNotificationView
00:33:36.875 [FXGL Background Thread 3 ] DEBUG Engine               - pixelsPerMeter: 50.0
00:33:36.875 [FXGL Background Thread 3 ] DEBUG Engine               - platform: WINDOWS
00:33:36.875 [FXGL Background Thread 3 ] DEBUG Engine               - prefHeightProperty: ReadOnlyDoubleProperty [value: 720.0]
00:33:36.876 [FXGL Background Thread 3 ] DEBUG Engine               - prefWidthProperty: ReadOnlyDoubleProperty [value: 1280.0]
00:33:36.876 [FXGL Background Thread 3 ] DEBUG Engine               - profileDir: profiles/
00:33:36.876 [FXGL Background Thread 3 ] DEBUG Engine               - profileName: StringProperty [value: DEFAULT]
00:33:36.876 [FXGL Background Thread 3 ] DEBUG Engine               - randomSeed: -1
00:33:36.876 [FXGL Background Thread 3 ] DEBUG Engine               - runtimeInfo: RuntimeInfo(platform=WINDOWS, version=17.1, build=24.03.2022 17.34)
00:33:36.876 [FXGL Background Thread 3 ] DEBUG Engine               - saveFileExt: sav
00:33:36.876 [FXGL Background Thread 3 ] DEBUG Engine               - scaledHeightProp$fxgl: DoubleProperty [bound, value: 720.0]
00:33:36.876 [FXGL Background Thread 3 ] DEBUG Engine               - scaledWidthProp$fxgl: DoubleProperty [bound, value: 1280.0]
00:33:36.876 [FXGL Background Thread 3 ] DEBUG Engine               - sceneFactory: hellofx.Main$1@1ce1a96a
00:33:36.876 [FXGL Background Thread 3 ] DEBUG Engine               - secondsIn24h: 60
00:33:36.876 [FXGL Background Thread 3 ] DEBUG Engine               - soundMenuBack: menu/back.wav
00:33:36.876 [FXGL Background Thread 3 ] DEBUG Engine               - soundMenuPress: menu/press.wav
00:33:36.876 [FXGL Background Thread 3 ] DEBUG Engine               - soundMenuSelect: menu/select.wav
00:33:36.876 [FXGL Background Thread 3 ] DEBUG Engine               - soundNotification: core/notification.wav
00:33:36.876 [FXGL Background Thread 3 ] DEBUG Engine               - stageStyle: DECORATED
00:33:36.877 [FXGL Background Thread 3 ] DEBUG Engine               - supportedLanguages: [ENGLISH, FRENCH, GERMAN, HUNGARIAN, RUSSIAN]
00:33:36.877 [FXGL Background Thread 3 ] DEBUG Engine               - ticksPerSecond: -1
00:33:36.877 [FXGL Background Thread 3 ] DEBUG Engine               - title: Bomberman
00:33:36.877 [FXGL Background Thread 3 ] DEBUG Engine               - urlGithub: https://github.com/AlmasB/FXGL
00:33:36.877 [FXGL Background Thread 3 ] DEBUG Engine               - urlLeaderboard: http://fxgl-top.herokuapp.com/
00:33:36.877 [FXGL Background Thread 3 ] DEBUG Engine               - urlPOM: https://raw.githubusercontent.com/AlmasB/FXGL/release/README.md
00:33:36.877 [FXGL Background Thread 3 ] DEBUG Engine               - userAppClass: class hellofx.Main
00:33:36.877 [FXGL Background Thread 3 ] DEBUG Engine               - version: 1.0
00:33:36.877 [FXGL Background Thread 3 ] DEBUG Engine               - versionCheckDays: 7
00:33:36.877 [FXGL Background Thread 3 ] DEBUG Engine               - width: 1280
00:33:36.877 [FXGL Background Thread 3 ] DEBUG Engine               - Logging services
00:33:36.877 [FXGL Background Thread 3 ] DEBUG Engine               - class com.almasb.fxgl.app.services.FXGLAssetLoaderService
00:33:36.877 [FXGL Background Thread 3 ] DEBUG Engine               - class com.almasb.fxgl.app.FXGLApplication$GameApplicationService
00:33:36.877 [FXGL Background Thread 3 ] DEBUG Engine               - class com.almasb.fxgl.app.services.FXGLDialogService
00:33:36.877 [FXGL Background Thread 3 ] DEBUG Engine               - class com.almasb.fxgl.app.services.IOTaskExecutorService
00:33:36.877 [FXGL Background Thread 3 ] DEBUG Engine               - class com.almasb.fxgl.io.FileSystemService
00:33:36.877 [FXGL Background Thread 3 ] DEBUG Engine               - class com.almasb.fxgl.localization.LocalizationService
00:33:36.877 [FXGL Background Thread 3 ] DEBUG Engine               - class com.almasb.fxgl.app.services.SystemBundleService
00:33:36.877 [FXGL Background Thread 3 ] DEBUG Engine               - class com.almasb.fxgl.profile.SaveLoadService
00:33:36.877 [FXGL Background Thread 3 ] DEBUG Engine               - class com.almasb.fxgl.ui.FXGLUIFactoryServiceProvider
00:33:36.878 [FXGL Background Thread 3 ] DEBUG Engine               - class com.almasb.fxgl.ui.FXGLDialogFactoryServiceProvider
00:33:36.878 [FXGL Background Thread 3 ] DEBUG Engine               - class com.almasb.fxgl.audio.AudioPlayer
00:33:36.878 [FXGL Background Thread 3 ] DEBUG Engine               - class com.almasb.fxgl.notification.impl.NotificationServiceProvider
00:33:36.878 [FXGL Background Thread 3 ] DEBUG Engine               - class com.almasb.fxgl.achievement.AchievementService
00:33:36.878 [FXGL Background Thread 3 ] DEBUG Engine               - class com.almasb.fxgl.cutscene.CutsceneService
00:33:36.878 [FXGL Background Thread 3 ] DEBUG Engine               - class com.almasb.fxgl.minigames.MiniGameService
00:33:36.878 [FXGL Background Thread 3 ] DEBUG Engine               - class com.almasb.fxgl.net.NetService
00:33:36.878 [FXGL Background Thread 3 ] DEBUG Engine               - class com.almasb.fxgl.app.services.UpdaterService
00:33:36.878 [FXGL Background Thread 3 ] DEBUG Engine               - class com.almasb.fxgl.dev.DevService
00:33:38.429 [JavaFX Application Thread] DEBUG FXGLApplication      - Exiting FXGL
00:33:38.429 [JavaFX Application Thread] DEBUG Async                - Shutting down background threads
00:33:38.430 [JavaFX Application Thread] DEBUG PrimaryStageWindow   - Closing main window
00:33:38.446 [JavaFX Application Thread] DEBUG Logger               - Closing Logger
