02:55:43.395 [main                     ] DEBUG Logger               - Configured Logger
02:55:43.406 [main                     ] DEBUG GameApplication      - Logging settings
Title: Bomberman
Version: 1.0
Width: 1280
Height: 800
Fullscreen: false
Intro: false
Profiling: false
Single step:false
App Mode: DEVELOPER
Menu Key: ESCAPE
Stage Style: DECORATED
Scene Factory: class hellofx.Main$1

02:55:43.492 [JavaFX Application Thread] DEBUG FXGLApplication      - Initializing FXGL
02:55:43.496 [JavaFX Application Thread] INFO  Engine               - FXGL-17.1 (24.03.2022 17.34) on WINDOWS (J:18.0.2.1 FX:18)
02:55:43.496 [JavaFX Application Thread] DEBUG Engine               - JRE Vendor Name: Oracle Corporation
02:55:43.496 [JavaFX Application Thread] DEBUG Engine               - Running on OS: Windows 11 version 10.0
02:55:43.496 [JavaFX Application Thread] DEBUG Engine               - Architecture: amd64
02:55:43.497 [JavaFX Application Thread] INFO  Engine               - Source code and latest versions at: https://github.com/AlmasB/FXGL
02:55:43.497 [JavaFX Application Thread] INFO  Engine               -       Ask questions and discuss at: https://github.com/AlmasB/FXGL/discussions
02:55:43.497 [JavaFX Application Thread] INFO  Engine               -              Join the FXGL chat at: https://gitter.im/AlmasB/FXGL
02:55:43.535 [JavaFX Application Thread] DEBUG PrimaryStageWindow   - Creating a JavaFX scene
02:55:43.572 [JavaFX Application Thread] DEBUG PrimaryStageWindow   - Target settings size: 1280.0 x 800.0
02:55:43.572 [JavaFX Application Thread] DEBUG PrimaryStageWindow   - Scaled scene size:    1280.0 x 800.0
02:55:43.573 [JavaFX Application Thread] DEBUG PrimaryStageWindow   - Scaled ratio: (1.0, 1.0)
02:55:43.573 [JavaFX Application Thread] DEBUG PrimaryStageWindow   - Set initial scene to FXGLStartupScene
02:55:43.579 [JavaFX Application Thread] DEBUG PrimaryStageWindow   - Opening main window
02:55:43.650 [JavaFX Application Thread] DEBUG PrimaryStageWindow   - Window border size: (16.0, 39.0)
02:55:43.651 [JavaFX Application Thread] DEBUG PrimaryStageWindow   - Scaled size: 1280.0 x 800.0
02:55:43.651 [JavaFX Application Thread] DEBUG PrimaryStageWindow   - Scaled ratio: (1.0, 1.0)
02:55:43.651 [JavaFX Application Thread] DEBUG PrimaryStageWindow   - Scene size: 1280.0 x 800.0
02:55:43.651 [JavaFX Application Thread] DEBUG PrimaryStageWindow   - Stage size: 1296.0 x 839.0
02:55:43.663 [FXGL Background Thread 1 ] DEBUG Engine               - Initializing environment variables
02:55:43.718 [FXGL Background Thread 1 ] DEBUG FXGLAssetLoaderServi - User app class for loading assets: class hellofx.Main
02:55:43.718 [FXGL Background Thread 1 ] DEBUG GameApplicationServi - Applying CSS: fxgl_dark.css
02:55:43.719 [FXGL Background Thread 1 ] DEBUG FXGLAssetLoaderServi - Loading from file system: jar:file:/C:/Users/chaum/.m2/repository/com/github/almasb/fxgl/17.1/fxgl-17.1.jar!/fxglassets/ui/css/fxgl_dark.css
02:55:43.751 [FXGL Background Thread 1 ] DEBUG GameApplicationServi - Initializing application scenes
02:55:43.782 [FXGL Background Thread 1 ] DEBUG GameWorld            - Game world initialized
02:55:43.823 [FXGL Background Thread 1 ] DEBUG PhysicsWorld         - Physics world initialized: appHeight=800, physics.ppm=50.0
02:55:43.823 [FXGL Background Thread 1 ] DEBUG PhysicsWorld         - Using strategy: BRUTE_FORCE
02:55:43.826 [FXGL Background Thread 1 ] DEBUG GameScene            - Game scene initialized: 1280x800
02:55:43.886 [FXGL Background Thread 1 ] DEBUG GameApplicationServi - Application scenes initialized
02:55:43.897 [FXGL Background Thread 1 ] DEBUG SystemBundleService  - Loading FXGL system data
02:55:43.902 [FXGL Background Thread 1 ] DEBUG FileSystemAccess     - Reading from: E:\space_java\Game\game_datbom\system\fxgl.bundle
02:55:43.911 [FXGL Background Thread 1 ] DEBUG SystemBundleService  - Bundle FXGL: {}
02:55:43.911 [FXGL Background Thread 1 ] DEBUG UpdaterService       - Checking for updates
02:55:43.942 [FXGL Background Thread 1 ] DEBUG FXGLApplication      - Loading default localization
02:55:43.941 [FXGL Background Thread 4 ] DEBUG FXGLApplication      - Loading fonts
02:55:43.943 [FXGL Background Thread 4 ] DEBUG FXGLAssetLoaderServi - Loading from file system: jar:file:/C:/Users/chaum/.m2/repository/com/github/almasb/fxgl/17.1/fxgl-17.1.jar!/fxglassets/ui/fonts/VarelaRound-Regular.ttf
02:55:43.943 [FXGL Background Thread 1 ] DEBUG FXGLAssetLoaderServi - Loading from file system: jar:file:/C:/Users/chaum/.m2/repository/com/github/almasb/fxgl/17.1/fxgl-17.1.jar!/fxglassets/languages/english.lang
02:55:43.972 [FXGL Background Thread 1 ] INFO  FXGLApplication      - FXGL initialization took: 0.309 sec
02:55:43.984 [JavaFX Application Thread] DEBUG Input                - Registered new binding: action0 - F
02:55:43.985 [JavaFX Application Thread] DEBUG Input                - Registered new binding: action1 - G
02:55:43.985 [JavaFX Application Thread] DEBUG Input                - Registered new binding: action2 - R
02:55:43.986 [JavaFX Application Thread] DEBUG Input                - Registered new binding: action3 - T
02:55:43.986 [JavaFX Application Thread] DEBUG Input                - Registered new binding: Right - D
02:55:43.986 [JavaFX Application Thread] DEBUG Input                - Registered new binding: Left - A
02:55:43.986 [JavaFX Application Thread] DEBUG Input                - Registered new binding: Up - W
02:55:43.987 [JavaFX Application Thread] DEBUG Input                - Registered new binding: Down - S
02:55:43.988 [JavaFX Application Thread] DEBUG Input                - Registered new binding: Place boom - Space
02:55:43.988 [JavaFX Application Thread] DEBUG FXGLAssetLoaderServi - Loading from file system: file:/E:/space_java/Game/game_datbom/target/classes/assets/textures/icon/icon.png
02:55:44.032 [FXGL Background Thread 4 ] DEBUG FXGLAssetLoaderServi - Loading from file system: jar:file:/C:/Users/chaum/.m2/repository/com/github/almasb/fxgl/17.1/fxgl-17.1.jar!/fxglassets/ui/fonts/Abel-Regular.ttf
02:55:44.036 [FXGL Background Thread 4 ] DEBUG FXGLAssetLoaderServi - Loading from file system: jar:file:/C:/Users/chaum/.m2/repository/com/github/almasb/fxgl/17.1/fxgl-17.1.jar!/fxglassets/ui/fonts/TerminalLandMono-Regular.otf
02:55:44.040 [FXGL Background Thread 4 ] DEBUG FXGLAssetLoaderServi - Loading from file system: jar:file:/C:/Users/chaum/.m2/repository/com/github/almasb/fxgl/17.1/fxgl-17.1.jar!/fxglassets/ui/fonts/Courier-Prime.ttf
02:55:44.066 [JavaFX Application Thread] DEBUG FXGLAssetLoaderServi - Loading from file system: file:/E:/space_java/Game/game_datbom/target/classes/assets/textures/cursor/cursor1.png
02:55:44.074 [JavaFX Application Thread] DEBUG Input                - Registered new binding: Screenshot - CTRL+8
02:55:44.075 [JavaFX Application Thread] DEBUG Input                - Registered new binding: Dev Options - 1
02:55:44.075 [JavaFX Application Thread] DEBUG Input                - Registered new binding: Dev Console - 2
02:55:44.075 [JavaFX Application Thread] DEBUG Input                - Registered new binding: System info dump - CTRL+9
02:55:44.076 [JavaFX Application Thread] DEBUG Input                - Registered new binding: Restart - CTRL+R
02:55:44.076 [JavaFX Application Thread] DEBUG Input                - Registered new binding: Toggle Debug Camera - CTRL+7
02:55:44.078 [JavaFX Application Thread] DEBUG LoopRunner           - Starting loop
02:55:44.091 [JavaFX Application Thread] DEBUG LoopRunner           - Initializing JavaFX AnimationTimerLoop
02:55:44.093 [JavaFX Application Thread] DEBUG Input                - Clearing active input actions
02:55:44.100 [JavaFX Application Thread] DEBUG GameApplicationServi - Removing overlay from FXGLStartupScene and adding to FXGLMainMenuDummyScene
02:55:44.106 [JavaFX Application Thread] DEBUG PrimaryStageWindow   - FXGLStartupScene -> FXGLMainMenuDummyScene
02:55:44.107 [JavaFX Application Thread] DEBUG PrimaryStageWindow   - Push state: MainMenu
02:55:44.107 [JavaFX Application Thread] DEBUG Input                - Clearing active input actions
02:55:44.110 [JavaFX Application Thread] DEBUG GameApplicationServi - Removing overlay from FXGLMainMenuDummyScene and adding to MainMenu
02:55:44.111 [JavaFX Application Thread] DEBUG PrimaryStageWindow   - FXGLMainMenuDummyScene -> MainMenu
02:55:44.111 [JavaFX Application Thread] DEBUG FXGLApplication      - Registering font factories with UI factory
02:55:44.684 [FXGL Background Thread 2 ] INFO  UpdaterService       - Your current version:  17.1
02:55:44.685 [FXGL Background Thread 2 ] INFO  UpdaterService       - Latest stable version: 17.2
02:55:46.337 [JavaFX Application Thread] DEBUG Menu                 - fireNewGame()
02:55:46.338 [JavaFX Application Thread] DEBUG GameApplicationServi - Starting new game
02:55:46.338 [JavaFX Application Thread] DEBUG PrimaryStageWindow   - Pop state: MainMenu
02:55:46.339 [JavaFX Application Thread] DEBUG Input                - Clearing active input actions
02:55:46.340 [JavaFX Application Thread] DEBUG GameApplicationServi - Removing overlay from MainMenu and adding to FXGLMainMenuDummyScene
02:55:46.342 [JavaFX Application Thread] DEBUG PrimaryStageWindow   - FXGLMainMenuDummyScene <- MainMenu
02:55:46.343 [JavaFX Application Thread] DEBUG Input                - Clearing active input actions
02:55:46.348 [JavaFX Application Thread] DEBUG GameApplicationServi - Removing overlay from FXGLMainMenuDummyScene and adding to FXGLLoadingScene
02:55:46.349 [JavaFX Application Thread] DEBUG PrimaryStageWindow   - FXGLMainMenuDummyScene -> FXGLLoadingScene
02:55:46.349 [JavaFX Application Thread] DEBUG GameApplicationServi - Clearing previous game
02:55:46.349 [JavaFX Application Thread] DEBUG GameScene            - Clearing game scene
02:55:46.349 [JavaFX Application Thread] DEBUG GameWorld            - Clearing game world
02:55:46.350 [JavaFX Application Thread] DEBUG PhysicsWorld         - Clearing physics world
02:55:46.352 [FXGL Background Thread 2 ] DEBUG FXGLApplication      - Initializing game
02:55:46.388 [FXGL Background Thread 2 ] DEBUG FXGLAssetLoaderServi - Loading from file system: file:/E:/space_java/Game/game_datbom/target/classes/assets/textures/mapTexture/grass.png
02:55:46.394 [FXGL Background Thread 2 ] DEBUG FXGLAssetLoaderServi - Loading from file system: file:/E:/space_java/Game/game_datbom/target/classes/assets/textures/mapTexture/wall2.png
02:55:46.621 [FXGL Background Thread 2 ] DEBUG FXGLAssetLoaderServi - Loading from file system: file:/E:/space_java/Game/game_datbom/target/classes/assets/textures/enemy/balloon36.png
02:55:46.652 [FXGL Background Thread 2 ] DEBUG FXGLAssetLoaderServi - Loading from file system: file:/E:/space_java/Game/game_datbom/target/classes/assets/textures/character/gold_player_dead.png
02:55:46.653 [FXGL Background Thread 2 ] DEBUG FXGLAssetLoaderServi - Loading from file system: file:/E:/space_java/Game/game_datbom/target/classes/assets/textures/character/gold_player_down.png
02:55:46.655 [FXGL Background Thread 2 ] DEBUG FXGLAssetLoaderServi - Loading from file system: file:/E:/space_java/Game/game_datbom/target/classes/assets/textures/character/gold_player_up.png
02:55:46.657 [FXGL Background Thread 2 ] DEBUG FXGLAssetLoaderServi - Loading from file system: file:/E:/space_java/Game/game_datbom/target/classes/assets/textures/character/gold_player_left_temp.png
02:55:46.661 [FXGL Background Thread 2 ] DEBUG FXGLAssetLoaderServi - Loading from file system: file:/E:/space_java/Game/game_datbom/target/classes/assets/textures/character/gold_player_right_temp.png
02:55:46.665 [FXGL Background Thread 2 ] INFO  FXGLApplication      - Game initialization took: 0.313 sec
02:55:46.666 [JavaFX Application Thread] DEBUG Input                - Clearing active input actions
02:55:46.679 [JavaFX Application Thread] DEBUG GameApplicationServi - Removing overlay from FXGLLoadingScene and adding to GameScene
02:55:46.681 [JavaFX Application Thread] DEBUG PrimaryStageWindow   - FXGLLoadingScene -> GameScene
02:55:46.939 [FXGL Background Thread 3 ] DEBUG Engine               - Logging environment variables
02:55:46.940 [FXGL Background Thread 3 ] DEBUG Engine               - achievements: []
02:55:46.940 [FXGL Background Thread 3 ] DEBUG Engine               - actualHeight: 800.0
02:55:46.941 [FXGL Background Thread 3 ] DEBUG Engine               - actualHeightProperty: ReadOnlyDoubleProperty [value: 800.0]
02:55:46.941 [FXGL Background Thread 3 ] DEBUG Engine               - actualWidth: 1280.0
02:55:46.941 [FXGL Background Thread 3 ] DEBUG Engine               - actualWidthProperty: ReadOnlyDoubleProperty [value: 1280.0]
02:55:46.941 [FXGL Background Thread 3 ] DEBUG Engine               - appIcon: icon/icon.png
02:55:46.941 [FXGL Background Thread 3 ] DEBUG Engine               - applicationMode: DEVELOPER
02:55:46.941 [FXGL Background Thread 3 ] DEBUG Engine               - cSSList: [fxgl_dark.css]
02:55:46.941 [FXGL Background Thread 3 ] DEBUG Engine               - collisionDetectionStrategy: BRUTE_FORCE
02:55:46.941 [FXGL Background Thread 3 ] DEBUG Engine               - configClass: Optional.empty
02:55:46.941 [FXGL Background Thread 3 ] DEBUG Engine               - credits: []
02:55:46.942 [FXGL Background Thread 3 ] DEBUG Engine               - defaultCursor: CursorInfo(imageName=cursor/cursor1.png, hotspotX=0.0, hotspotY=0.0)
02:55:46.942 [FXGL Background Thread 3 ] DEBUG Engine               - devBBoxColorProperty: ObjectProperty [value: 0xff0000ff]
02:55:46.942 [FXGL Background Thread 3 ] DEBUG Engine               - devEnableDebugCameraProperty: BooleanProperty [value: false]
02:55:46.943 [FXGL Background Thread 3 ] DEBUG Engine               - devSensorColorProperty: ObjectProperty [value: 0xffff00ff]
02:55:46.943 [FXGL Background Thread 3 ] DEBUG Engine               - devShowBBoxProperty: BooleanProperty [value: false]
02:55:46.943 [FXGL Background Thread 3 ] DEBUG Engine               - devShowPositionProperty: BooleanProperty [value: false]
02:55:46.943 [FXGL Background Thread 3 ] DEBUG Engine               - enabledMenuItems: []
02:55:46.943 [FXGL Background Thread 3 ] DEBUG Engine               - engineServices: [class com.almasb.fxgl.app.services.FXGLAssetLoaderService, class com.almasb.fxgl.app.FXGLApplication$GameApplicationService, class com.almasb.fxgl.app.services.FXGLDialogService, class com.almasb.fxgl.app.services.IOTaskExecutorService, class com.almasb.fxgl.io.FileSystemService, class com.almasb.fxgl.localization.LocalizationService, class com.almasb.fxgl.app.services.SystemBundleService, class com.almasb.fxgl.profile.SaveLoadService, class com.almasb.fxgl.ui.FXGLUIFactoryServiceProvider, class com.almasb.fxgl.ui.FXGLDialogFactoryServiceProvider, class com.almasb.fxgl.audio.AudioPlayer, class com.almasb.fxgl.notification.impl.NotificationServiceProvider, class com.almasb.fxgl.achievement.AchievementService, class com.almasb.fxgl.cutscene.CutsceneService, class com.almasb.fxgl.minigames.MiniGameService, class com.almasb.fxgl.net.NetService, class com.almasb.fxgl.app.services.UpdaterService, class com.almasb.fxgl.dev.DevService]
02:55:46.943 [FXGL Background Thread 3 ] DEBUG Engine               - fontGame: Abel-Regular.ttf
02:55:46.943 [FXGL Background Thread 3 ] DEBUG Engine               - fontMono: TerminalLandMono-Regular.otf
02:55:46.943 [FXGL Background Thread 3 ] DEBUG Engine               - fontText: Courier-Prime.ttf
02:55:46.943 [FXGL Background Thread 3 ] DEBUG Engine               - fontUI: VarelaRound-Regular.ttf
02:55:46.943 [FXGL Background Thread 3 ] DEBUG Engine               - fullScreen: BooleanProperty [value: false]
02:55:46.943 [FXGL Background Thread 3 ] DEBUG Engine               - gameDifficulty: MEDIUM
02:55:46.943 [FXGL Background Thread 3 ] DEBUG Engine               - gameDifficultyProperty: ObjectProperty [value: MEDIUM]
02:55:46.943 [FXGL Background Thread 3 ] DEBUG Engine               - globalMusicVolume: 0.5
02:55:46.943 [FXGL Background Thread 3 ] DEBUG Engine               - globalMusicVolumeProperty: DoubleProperty [value: 0.5]
02:55:46.943 [FXGL Background Thread 3 ] DEBUG Engine               - globalSoundVolume: 0.5
02:55:46.943 [FXGL Background Thread 3 ] DEBUG Engine               - globalSoundVolumeProperty: DoubleProperty [value: 0.5]
02:55:46.943 [FXGL Background Thread 3 ] DEBUG Engine               - height: 800
02:55:46.944 [FXGL Background Thread 3 ] DEBUG Engine               - is3D: false
02:55:46.944 [FXGL Background Thread 3 ] DEBUG Engine               - isAndroid: false
02:55:46.944 [FXGL Background Thread 3 ] DEBUG Engine               - isBrowser: false
02:55:46.944 [FXGL Background Thread 3 ] DEBUG Engine               - isClickFeedbackEnabled: false
02:55:46.944 [FXGL Background Thread 3 ] DEBUG Engine               - isCloseConfirmation: false
02:55:46.944 [FXGL Background Thread 3 ] DEBUG Engine               - isDesktop: true
02:55:46.944 [FXGL Background Thread 3 ] DEBUG Engine               - isDeveloperMenuEnabled: true
02:55:46.944 [FXGL Background Thread 3 ] DEBUG Engine               - isEmbedded: false
02:55:46.944 [FXGL Background Thread 3 ] DEBUG Engine               - isEntityPreloadEnabled: true
02:55:46.944 [FXGL Background Thread 3 ] DEBUG Engine               - isExperimentalTiledLargeMap: false
02:55:46.944 [FXGL Background Thread 3 ] DEBUG Engine               - isFileSystemWriteAllowed: true
02:55:46.944 [FXGL Background Thread 3 ] DEBUG Engine               - isFullScreenAllowed: false
02:55:46.944 [FXGL Background Thread 3 ] DEBUG Engine               - isFullScreenFromStart: false
02:55:46.944 [FXGL Background Thread 3 ] DEBUG Engine               - isGameMenuEnabled: true
02:55:46.944 [FXGL Background Thread 3 ] DEBUG Engine               - isIOS: false
02:55:46.944 [FXGL Background Thread 3 ] DEBUG Engine               - isIntroEnabled: false
02:55:46.944 [FXGL Background Thread 3 ] DEBUG Engine               - isLinux: false
02:55:46.944 [FXGL Background Thread 3 ] DEBUG Engine               - isMac: false
02:55:46.944 [FXGL Background Thread 3 ] DEBUG Engine               - isMainMenuEnabled: true
02:55:46.946 [FXGL Background Thread 3 ] DEBUG Engine               - isManualResizeEnabled: false
02:55:46.946 [FXGL Background Thread 3 ] DEBUG Engine               - isMobile: false
02:55:46.946 [FXGL Background Thread 3 ] DEBUG Engine               - isNative: false
02:55:46.946 [FXGL Background Thread 3 ] DEBUG Engine               - isPauseMusicWhenMinimized: true
02:55:46.946 [FXGL Background Thread 3 ] DEBUG Engine               - isPreserveResizeRatio: false
02:55:46.946 [FXGL Background Thread 3 ] DEBUG Engine               - isProfilingEnabled: false
02:55:46.946 [FXGL Background Thread 3 ] DEBUG Engine               - isScaleAffectedOnResize: true
02:55:46.946 [FXGL Background Thread 3 ] DEBUG Engine               - isSingleStep: false
02:55:46.946 [FXGL Background Thread 3 ] DEBUG Engine               - isUserProfileEnabled: false
02:55:46.946 [FXGL Background Thread 3 ] DEBUG Engine               - isWindows: true
02:55:46.946 [FXGL Background Thread 3 ] DEBUG Engine               - language: ObjectProperty [value: ENGLISH]
02:55:46.946 [FXGL Background Thread 3 ] DEBUG Engine               - menuKey: ESCAPE
02:55:46.946 [FXGL Background Thread 3 ] DEBUG Engine               - mouseSensitivity: 0.2
02:55:46.946 [FXGL Background Thread 3 ] DEBUG Engine               - notificationViewClass: class com.almasb.fxgl.notification.view.XboxNotificationView
02:55:46.946 [FXGL Background Thread 3 ] DEBUG Engine               - pixelsPerMeter: 50.0
02:55:46.946 [FXGL Background Thread 3 ] DEBUG Engine               - platform: WINDOWS
02:55:46.946 [FXGL Background Thread 3 ] DEBUG Engine               - prefHeightProperty: ReadOnlyDoubleProperty [value: 800.0]
02:55:46.946 [FXGL Background Thread 3 ] DEBUG Engine               - prefWidthProperty: ReadOnlyDoubleProperty [value: 1280.0]
02:55:46.946 [FXGL Background Thread 3 ] DEBUG Engine               - profileDir: profiles/
02:55:46.946 [FXGL Background Thread 3 ] DEBUG Engine               - profileName: StringProperty [value: DEFAULT]
02:55:46.946 [FXGL Background Thread 3 ] DEBUG Engine               - randomSeed: -1
02:55:46.946 [FXGL Background Thread 3 ] DEBUG Engine               - runtimeInfo: RuntimeInfo(platform=WINDOWS, version=17.1, build=24.03.2022 17.34)
02:55:46.946 [FXGL Background Thread 3 ] DEBUG Engine               - saveFileExt: sav
02:55:46.946 [FXGL Background Thread 3 ] DEBUG Engine               - scaledHeightProp$fxgl: DoubleProperty [bound, value: 800.0]
02:55:46.946 [FXGL Background Thread 3 ] DEBUG Engine               - scaledWidthProp$fxgl: DoubleProperty [bound, value: 1280.0]
02:55:46.946 [FXGL Background Thread 3 ] DEBUG Engine               - sceneFactory: hellofx.Main$1@29c1d193
02:55:46.946 [FXGL Background Thread 3 ] DEBUG Engine               - secondsIn24h: 60
02:55:46.946 [FXGL Background Thread 3 ] DEBUG Engine               - soundMenuBack: menu/back.wav
02:55:46.947 [FXGL Background Thread 3 ] DEBUG Engine               - soundMenuPress: menu/press.wav
02:55:46.947 [FXGL Background Thread 3 ] DEBUG Engine               - soundMenuSelect: menu/select.wav
02:55:46.947 [FXGL Background Thread 3 ] DEBUG Engine               - soundNotification: core/notification.wav
02:55:46.947 [FXGL Background Thread 3 ] DEBUG Engine               - stageStyle: DECORATED
02:55:46.947 [FXGL Background Thread 3 ] DEBUG Engine               - supportedLanguages: [ENGLISH, FRENCH, GERMAN, HUNGARIAN, RUSSIAN]
02:55:46.947 [FXGL Background Thread 3 ] DEBUG Engine               - ticksPerSecond: -1
02:55:46.947 [FXGL Background Thread 3 ] DEBUG Engine               - title: Bomberman
02:55:46.947 [FXGL Background Thread 3 ] DEBUG Engine               - urlGithub: https://github.com/AlmasB/FXGL
02:55:46.947 [FXGL Background Thread 3 ] DEBUG Engine               - urlLeaderboard: http://fxgl-top.herokuapp.com/
02:55:46.947 [FXGL Background Thread 3 ] DEBUG Engine               - urlPOM: https://raw.githubusercontent.com/AlmasB/FXGL/release/README.md
02:55:46.947 [FXGL Background Thread 3 ] DEBUG Engine               - userAppClass: class hellofx.Main
02:55:46.947 [FXGL Background Thread 3 ] DEBUG Engine               - version: 1.0
02:55:46.947 [FXGL Background Thread 3 ] DEBUG Engine               - versionCheckDays: 7
02:55:46.947 [FXGL Background Thread 3 ] DEBUG Engine               - width: 1280
02:55:46.947 [FXGL Background Thread 3 ] DEBUG Engine               - Logging services
02:55:46.947 [FXGL Background Thread 3 ] DEBUG Engine               - class com.almasb.fxgl.app.services.FXGLAssetLoaderService
02:55:46.947 [FXGL Background Thread 3 ] DEBUG Engine               - class com.almasb.fxgl.app.FXGLApplication$GameApplicationService
02:55:46.947 [FXGL Background Thread 3 ] DEBUG Engine               - class com.almasb.fxgl.app.services.FXGLDialogService
02:55:46.947 [FXGL Background Thread 3 ] DEBUG Engine               - class com.almasb.fxgl.app.services.IOTaskExecutorService
02:55:46.947 [FXGL Background Thread 3 ] DEBUG Engine               - class com.almasb.fxgl.io.FileSystemService
02:55:46.948 [FXGL Background Thread 3 ] DEBUG Engine               - class com.almasb.fxgl.localization.LocalizationService
02:55:46.948 [FXGL Background Thread 3 ] DEBUG Engine               - class com.almasb.fxgl.app.services.SystemBundleService
02:55:46.948 [FXGL Background Thread 3 ] DEBUG Engine               - class com.almasb.fxgl.profile.SaveLoadService
02:55:46.948 [FXGL Background Thread 3 ] DEBUG Engine               - class com.almasb.fxgl.ui.FXGLUIFactoryServiceProvider
02:55:46.948 [FXGL Background Thread 3 ] DEBUG Engine               - class com.almasb.fxgl.ui.FXGLDialogFactoryServiceProvider
02:55:46.948 [FXGL Background Thread 3 ] DEBUG Engine               - class com.almasb.fxgl.audio.AudioPlayer
02:55:46.948 [FXGL Background Thread 3 ] DEBUG Engine               - class com.almasb.fxgl.notification.impl.NotificationServiceProvider
02:55:46.948 [FXGL Background Thread 3 ] DEBUG Engine               - class com.almasb.fxgl.achievement.AchievementService
02:55:46.948 [FXGL Background Thread 3 ] DEBUG Engine               - class com.almasb.fxgl.cutscene.CutsceneService
02:55:46.948 [FXGL Background Thread 3 ] DEBUG Engine               - class com.almasb.fxgl.minigames.MiniGameService
02:55:46.948 [FXGL Background Thread 3 ] DEBUG Engine               - class com.almasb.fxgl.net.NetService
02:55:46.948 [FXGL Background Thread 3 ] DEBUG Engine               - class com.almasb.fxgl.app.services.UpdaterService
02:55:46.948 [FXGL Background Thread 3 ] DEBUG Engine               - class com.almasb.fxgl.dev.DevService
02:55:50.717 [JavaFX Application Thread] DEBUG LoopRunner           - Stopping loop
02:55:50.719 [JavaFX Application Thread] FATAL FXGLApplication      - Uncaught Exception:
java.lang.IndexOutOfBoundsException: Index 2 out of bounds for length 2
	at java.base/jdk.internal.util.Preconditions.outOfBounds(Preconditions.java:100)
	at java.base/jdk.internal.util.Preconditions.outOfBoundsCheckIndex(Preconditions.java:106)
	at java.base/jdk.internal.util.Preconditions.checkIndex(Preconditions.java:302)
	at java.base/java.util.Objects.checkIndex(Objects.java:359)
	at java.base/java.util.ArrayList.get(ArrayList.java:427)
	at hellofx.Enemy.Enemy8.chosse(Enemy8.java:98)
	at hellofx.Enemy.Enemy8.move(Enemy8.java:57)
	at hellofx.Enemy.Enemy8.onUpdate(Enemy8.java:32)
	at com.almasb.fxgl.entity.Entity$ComponentMap.update(Entity.java:60)
	at com.almasb.fxgl.entity.Entity.update(Entity.java:248)
	at com.almasb.fxgl.entity.GameWorld.onUpdate(GameWorld.kt:177)
	at com.almasb.fxgl.app.scene.GameScene.step(GameScene.kt:224)
	at com.almasb.fxgl.app.scene.GameScene.onUpdate(GameScene.kt:220)
	at com.almasb.fxgl.scene.Scene.update(Scene.kt:105)
	at com.almasb.fxgl.app.MainWindow$update$1.invoke(MainWindow.kt:115)
	at com.almasb.fxgl.app.MainWindow$update$1.invoke(MainWindow.kt:115)
	at com.almasb.fxgl.core.fsm.StateMachine.runOnActiveStates(StateMachine.kt:69)
	at com.almasb.fxgl.app.MainWindow.update(MainWindow.kt:115)
	at com.almasb.fxgl.app.FXGLApplication$GameApplicationService.onUpdate(FXGLApplication.kt:426)
	at com.almasb.fxgl.app.Engine.loop(Engine.kt:134)
	at com.almasb.fxgl.app.Engine.access$loop(Engine.kt:24)
	at com.almasb.fxgl.app.Engine$loop$1.invoke(Engine.kt:28)
	at com.almasb.fxgl.app.Engine$loop$1.invoke(Engine.kt:28)
	at com.almasb.fxgl.app.LoopRunner.frame(LoopRunner.kt:103)
	at com.almasb.fxgl.app.LoopRunner.access$frame(LoopRunner.kt:23)
	at com.almasb.fxgl.app.LoopRunner$impl$2$1.onTick(LoopRunner.kt:57)
	at com.almasb.fxgl.app.AnimationTimerLoop$timer$1.handle(LoopRunner.kt:137)
	at javafx.animation.AnimationTimer$AnimationTimerReceiver.lambda$handle$0(AnimationTimer.java:58)
	at java.base/java.security.AccessController.doPrivileged(AccessController.java:399)
	at javafx.animation.AnimationTimer$AnimationTimerReceiver.handle(AnimationTimer.java:57)
	at com.sun.scenario.animation.AbstractPrimaryTimer.timePulseImpl(AbstractPrimaryTimer.java:356)
	at com.sun.scenario.animation.AbstractPrimaryTimer$MainLoop.run(AbstractPrimaryTimer.java:266)
	at com.sun.javafx.tk.quantum.QuantumToolkit.pulse(QuantumToolkit.java:571)
	at com.sun.javafx.tk.quantum.QuantumToolkit.pulse(QuantumToolkit.java:555)
	at com.sun.javafx.tk.quantum.QuantumToolkit.pulseFromQueue(QuantumToolkit.java:548)
	at com.sun.javafx.tk.quantum.QuantumToolkit.lambda$runToolkit$11(QuantumToolkit.java:352)
	at com.sun.glass.ui.InvokeLaterDispatcher$Future.run(InvokeLaterDispatcher.java:96)
	at com.sun.glass.ui.win.WinApplication._runLoop(Native Method)
	at com.sun.glass.ui.win.WinApplication.lambda$runLoop$3(WinApplication.java:184)
	at java.base/java.lang.Thread.run(Thread.java:833)

02:55:50.719 [JavaFX Application Thread] FATAL FXGLApplication      - Application will now exit
02:55:50.729 [JavaFX Application Thread] DEBUG PrimaryStageWindow   - Push state: ErrorSubScene
02:55:50.730 [JavaFX Application Thread] DEBUG Input                - Clearing active input actions
02:55:50.730 [JavaFX Application Thread] DEBUG GameApplicationServi - Removing overlay from GameScene and adding to ErrorSubScene
02:55:50.731 [JavaFX Application Thread] DEBUG PrimaryStageWindow   - GameScene -> ErrorSubScene
02:55:53.988 [JavaFX Application Thread] DEBUG FXGLApplication      - Exiting FXGL
02:55:53.988 [JavaFX Application Thread] DEBUG Async                - Shutting down background threads
02:55:53.988 [JavaFX Application Thread] DEBUG PrimaryStageWindow   - Closing main window
02:55:54.015 [JavaFX Application Thread] DEBUG Logger               - Closing Logger
