08:23:36.483 [main                     ] DEBUG Logger               - Configured Logger
08:23:36.486 [main                     ] DEBUG GameApplication      - Logging settings
Title: Basic Game App
Version: 1.0
Width: 1216
Height: 768
Fullscreen: false
Intro: false
Profiling: false
Single step:false
App Mode: DEVELOPER
Menu Key: ESCAPE
Stage Style: DECORATED
Scene Factory: class com.almasb.fxgl.app.scene.SceneFactory

08:23:36.842 [JavaFX Application Thread] DEBUG FXGLApplication      - Initializing FXGL
08:23:36.845 [JavaFX Application Thread] INFO  Engine               - FXGL-11.12 (11.12.2020 08.51) on WINDOWS (J:18.0.2.1 FX:15)
08:23:36.845 [JavaFX Application Thread] DEBUG Engine               - JRE Vendor Name: Oracle Corporation
08:23:36.846 [JavaFX Application Thread] DEBUG Engine               - Running on OS: Windows 11 version 10.0
08:23:36.846 [JavaFX Application Thread] DEBUG Engine               - Architecture: amd64
08:23:36.846 [JavaFX Application Thread] INFO  Engine               - Source code and latest versions at: https://github.com/AlmasB/FXGL
08:23:36.846 [JavaFX Application Thread] INFO  Engine               -              Join the FXGL chat at: https://gitter.im/AlmasB/FXGL
08:23:36.959 [JavaFX Application Thread] DEBUG MainWindow           - Creating a JavaFX scene
08:23:37.015 [JavaFX Application Thread] DEBUG MainWindow           - Target settings size: 1216.0 x 768.0
08:23:37.016 [JavaFX Application Thread] DEBUG MainWindow           - Scaled scene size:    1216.0 x 768.0
08:23:37.016 [JavaFX Application Thread] DEBUG MainWindow           - Scaled ratio: (1.0, 1.0)
08:23:37.017 [JavaFX Application Thread] DEBUG MainWindow           - Set initial scene to StartupScene
08:23:37.022 [JavaFX Application Thread] DEBUG MainWindow           - Opening main window
08:23:37.106 [JavaFX Application Thread] DEBUG MainWindow           - Window border size: (16.0, 39.0)
08:23:37.107 [JavaFX Application Thread] DEBUG MainWindow           - Scaled size: 1216.0 x 768.0
08:23:37.107 [JavaFX Application Thread] DEBUG MainWindow           - Scaled ratio: (1.0, 1.0)
08:23:37.107 [JavaFX Application Thread] DEBUG MainWindow           - Scene size: 1216.0 x 768.0
08:23:37.108 [JavaFX Application Thread] DEBUG MainWindow           - Stage size: 1232.0 x 807.0
08:23:37.117 [FXGL Background Thread 1 ] DEBUG Engine               - Initializing environment variables
08:23:37.178 [FXGL Background Thread 1 ] DEBUG GameApplicationServi - Applying CSS: fxgl_dark.css
08:23:37.179 [FXGL Background Thread 1 ] DEBUG FXGLAssetLoaderServi - Loading from file system: /assets/ui/css/fxgl_dark.css
08:23:37.222 [FXGL Background Thread 1 ] DEBUG GameApplicationServi - Initializing application scenes
08:23:37.256 [FXGL Background Thread 1 ] DEBUG GameWorld            - Game world initialized
08:23:37.319 [FXGL Background Thread 1 ] DEBUG PhysicsWorld         - Physics world initialized: appHeight=768, physics.ppm=50.0
08:23:37.321 [FXGL Background Thread 1 ] DEBUG GameScene            - Game scene initialized: 1216x768
08:23:37.348 [FXGL Background Thread 1 ] DEBUG FXGLAssetLoaderServi - Loading from file system: /assets/textures/particles/trace_horizontal.png
08:23:37.408 [FXGL Background Thread 1 ] DEBUG FXGL.DefaultMenu     - createMenuBodyGameMenu()
08:23:37.431 [FXGL Background Thread 1 ] DEBUG FXGL.DefaultMenu     - createOptionsMenu()
08:23:37.439 [FXGL Background Thread 1 ] DEBUG FXGLAssetLoaderServi - Loading from file system: /assets/textures/particles/smoke.png
08:23:37.495 [FXGL Background Thread 1 ] DEBUG GameApplicationServi - Application scenes initialized
08:23:37.503 [FXGL Background Thread 1 ] DEBUG SystemBundleService  - Loading FXGL system data
08:23:37.508 [FXGL Background Thread 1 ] DEBUG FileSystemAccess     - Reading from: E:\space_java\game_datbom\system\fxgl.bundle
08:23:37.515 [FXGL Background Thread 1 ] DEBUG SystemBundleService  - Bundle FXGL: {}
08:23:37.515 [FXGL Background Thread 1 ] DEBUG UpdaterService       - Checking for updates
08:23:37.543 [FXGL Background Thread 4 ] DEBUG FXGLApplication      - Loading fonts
08:23:37.543 [FXGL Background Thread 1 ] DEBUG FXGLApplication      - Loading default localization
08:23:37.543 [FXGL Background Thread 4 ] DEBUG FXGLAssetLoaderServi - Loading from file system: /assets/ui/fonts/VarelaRound-Regular.ttf
08:23:37.543 [FXGL Background Thread 1 ] DEBUG FXGLAssetLoaderServi - Loading from file system: /assets/languages/english.lang
08:23:37.562 [FXGL Background Thread 1 ] INFO  FXGLApplication      - FXGL initialization took: 0.445 sec
08:23:37.574 [JavaFX Application Thread] DEBUG Input                - Registered new binding: action0 - F
08:23:37.574 [JavaFX Application Thread] DEBUG Input                - Registered new binding: Right - D
08:23:37.574 [JavaFX Application Thread] DEBUG Input                - Registered new binding: Left - A
08:23:37.574 [JavaFX Application Thread] DEBUG Input                - Registered new binding: Up - W
08:23:37.575 [JavaFX Application Thread] DEBUG Input                - Registered new binding: Down - S
08:23:37.575 [JavaFX Application Thread] DEBUG FXGLAssetLoaderServi - Loading from file system: /assets/textures/icon/icon.png
08:23:37.607 [JavaFX Application Thread] DEBUG FXGLAssetLoaderServi - Loading from file system: /assets/ui/cursors/fxgl_default.png
08:23:37.611 [JavaFX Application Thread] DEBUG Input                - Registered new binding: Screenshot - P
08:23:37.611 [JavaFX Application Thread] DEBUG Input                - Registered new binding: Dev Options - 1
08:23:37.613 [JavaFX Application Thread] DEBUG Input                - Registered new binding: Dev Console - 2
08:23:37.613 [JavaFX Application Thread] DEBUG Input                - Registered new binding: System info dump - CTRL+9
08:23:37.613 [FXGL Background Thread 4 ] DEBUG FXGLAssetLoaderServi - Loading from file system: /assets/ui/fonts/Abel-Regular.ttf
08:23:37.613 [JavaFX Application Thread] DEBUG Input                - Registered new binding: Restart - CTRL+R
08:23:37.614 [JavaFX Application Thread] DEBUG Input                - Registered new binding: Toggle Debug Camera - CTRL+C
08:23:37.618 [JavaFX Application Thread] DEBUG LoopRunner           - Starting loop
08:23:37.618 [FXGL Background Thread 4 ] DEBUG FXGLAssetLoaderServi - Loading from file system: /assets/ui/fonts/lucida_console.ttf
08:23:37.631 [JavaFX Application Thread] DEBUG GameApplicationServi - Starting new game
08:23:37.632 [JavaFX Application Thread] DEBUG Input                - Clearing active input actions
08:23:37.637 [FXGL Background Thread 4 ] DEBUG FXGLAssetLoaderServi - Loading from file system: /assets/ui/fonts/Courier-Prime.ttf
08:23:37.644 [JavaFX Application Thread] DEBUG GameApplicationServi - Removing overlay from StartupScene and adding to FXGLLoadingScene
08:23:37.647 [JavaFX Application Thread] DEBUG MainWindow           - StartupScene -> FXGLLoadingScene
08:23:37.647 [JavaFX Application Thread] DEBUG GameApplicationServi - Clearing previous game
08:23:37.647 [JavaFX Application Thread] DEBUG GameScene            - Clearing game scene
08:23:37.647 [JavaFX Application Thread] DEBUG GameWorld            - Clearing game world
08:23:37.647 [JavaFX Application Thread] DEBUG PhysicsWorld         - Clearing physics world
08:23:37.649 [FXGL Background Thread 4 ] DEBUG FXGLApplication      - Initializing game
08:23:37.653 [JavaFX Application Thread] DEBUG FXGLApplication      - Registering font factories with UI factory
08:23:37.659 [FXGL Background Thread 4 ] DEBUG FXGLAssetLoaderServi - Loading from file system: /assets/textures/character/gold_player_up.png
08:23:37.664 [FXGL Background Thread 4 ] DEBUG FXGLAssetLoaderServi - Loading from file system: /assets/textures/character/gold_player_down.png
08:23:37.665 [FXGL Background Thread 4 ] DEBUG FXGLAssetLoaderServi - Loading from cache: /assets/textures/character/gold_player_up.png
08:23:37.666 [FXGL Background Thread 4 ] DEBUG FXGLAssetLoaderServi - Loading from cache: /assets/textures/character/gold_player_down.png
08:23:37.666 [FXGL Background Thread 4 ] DEBUG FXGLAssetLoaderServi - Loading from file system: /assets/textures/character/gold_player_left.png
08:23:37.667 [FXGL Background Thread 4 ] DEBUG FXGLAssetLoaderServi - Loading from cache: /assets/textures/character/gold_player_left.png
08:23:37.668 [FXGL Background Thread 4 ] DEBUG FXGLAssetLoaderServi - Loading from file system: /assets/textures/character/gold_player_right.png
08:23:37.671 [FXGL Background Thread 4 ] DEBUG FXGLAssetLoaderServi - Loading from cache: /assets/textures/character/gold_player_right.png
08:23:37.688 [FXGL Background Thread 4 ] DEBUG FXGLAssetLoaderServi - Loading from file system: /assets/textures/brick.png
08:23:37.689 [FXGL Background Thread 4 ] WARN  FXGLAssetLoaderServi - Failed to load texture brick.png Error: java.lang.IllegalArgumentException: Asset "/assets/textures/brick.png" was not found!
08:23:38.089 [FXGL Background Thread 4 ] INFO  FXGLApplication      - Game initialization took: 0.439 sec
08:23:38.105 [JavaFX Application Thread] DEBUG Input                - Clearing active input actions
08:23:38.114 [JavaFX Application Thread] DEBUG GameApplicationServi - Removing overlay from FXGLLoadingScene and adding to GameScene
08:23:38.119 [JavaFX Application Thread] DEBUG MainWindow           - FXGLLoadingScene -> GameScene
08:23:38.781 [FXGL Background Thread 2 ] INFO  UpdaterService       - Your current version:  11.12
08:23:38.782 [FXGL Background Thread 2 ] INFO  UpdaterService       - Latest stable version: 17.2
08:23:40.543 [FXGL Background Thread 3 ] DEBUG Engine               - Logging environment variables
08:23:40.544 [FXGL Background Thread 3 ] DEBUG Engine               - achievements: []
08:23:40.544 [FXGL Background Thread 3 ] DEBUG Engine               - actualHeight: 768.0
08:23:40.545 [FXGL Background Thread 3 ] DEBUG Engine               - actualHeightProperty: ReadOnlyDoubleProperty [value: 768.0]
08:23:40.545 [FXGL Background Thread 3 ] DEBUG Engine               - actualWidth: 1216.0
08:23:40.545 [FXGL Background Thread 3 ] DEBUG Engine               - actualWidthProperty: ReadOnlyDoubleProperty [value: 1216.0]
08:23:40.545 [FXGL Background Thread 3 ] DEBUG Engine               - appIcon: icon/icon.png
08:23:40.546 [FXGL Background Thread 3 ] DEBUG Engine               - applicationMode: DEVELOPER
08:23:40.546 [FXGL Background Thread 3 ] DEBUG Engine               - cSSList: [fxgl_dark.css]
08:23:40.546 [FXGL Background Thread 3 ] DEBUG Engine               - configClass: Optional.empty
08:23:40.546 [FXGL Background Thread 3 ] DEBUG Engine               - credits: []
08:23:40.547 [FXGL Background Thread 3 ] DEBUG Engine               - devBBoxColorProperty: ObjectProperty [value: 0xff0000ff]
08:23:40.547 [FXGL Background Thread 3 ] DEBUG Engine               - devEnableDebugCameraProperty: BooleanProperty [value: false]
08:23:40.547 [FXGL Background Thread 3 ] DEBUG Engine               - devSensorColorProperty: ObjectProperty [value: 0xffff00ff]
08:23:40.548 [FXGL Background Thread 3 ] DEBUG Engine               - devShowBBoxProperty: BooleanProperty [value: false]
08:23:40.548 [FXGL Background Thread 3 ] DEBUG Engine               - devShowPositionProperty: BooleanProperty [value: false]
08:23:40.548 [FXGL Background Thread 3 ] DEBUG Engine               - enabledMenuItems: []
08:23:40.549 [FXGL Background Thread 3 ] DEBUG Engine               - engineServices: [class com.almasb.fxgl.app.FXGLApplication$GameApplicationService, class com.almasb.fxgl.app.services.FXGLDialogService, class com.almasb.fxgl.app.services.IOTaskExecutorService, class com.almasb.fxgl.event.EventBusService, class com.almasb.fxgl.io.FileSystemService, class com.almasb.fxgl.localization.LocalizationService, class com.almasb.fxgl.app.services.FXGLAssetLoaderService, class com.almasb.fxgl.app.services.SystemBundleService, class com.almasb.fxgl.profile.SaveLoadService, class com.almasb.fxgl.ui.FXGLUIFactoryServiceProvider, class com.almasb.fxgl.ui.FXGLDialogFactoryServiceProvider, class com.almasb.fxgl.audio.AudioPlayer, class com.almasb.fxgl.notification.impl.NotificationServiceProvider, class com.almasb.fxgl.achievement.AchievementService, class com.almasb.fxgl.cutscene.CutsceneService, class com.almasb.fxgl.minigames.MiniGameService, class com.almasb.fxgl.net.NetService, class com.almasb.fxgl.app.services.UpdaterService, class com.almasb.fxgl.dev.DevService]
08:23:40.549 [FXGL Background Thread 3 ] DEBUG Engine               - fontGame: Abel-Regular.ttf
08:23:40.549 [FXGL Background Thread 3 ] DEBUG Engine               - fontMono: lucida_console.ttf
08:23:40.549 [FXGL Background Thread 3 ] DEBUG Engine               - fontText: Courier-Prime.ttf
08:23:40.549 [FXGL Background Thread 3 ] DEBUG Engine               - fontUI: VarelaRound-Regular.ttf
08:23:40.549 [FXGL Background Thread 3 ] DEBUG Engine               - fullScreen: BooleanProperty [value: false]
08:23:40.549 [FXGL Background Thread 3 ] DEBUG Engine               - gameDifficulty: MEDIUM
08:23:40.550 [FXGL Background Thread 3 ] DEBUG Engine               - gameDifficultyProperty: ObjectProperty [value: MEDIUM]
08:23:40.550 [FXGL Background Thread 3 ] DEBUG Engine               - globalMusicVolume: 0.5
08:23:40.550 [FXGL Background Thread 3 ] DEBUG Engine               - globalMusicVolumeProperty: DoubleProperty [value: 0.5]
08:23:40.550 [FXGL Background Thread 3 ] DEBUG Engine               - globalSoundVolume: 0.5
08:23:40.550 [FXGL Background Thread 3 ] DEBUG Engine               - globalSoundVolumeProperty: DoubleProperty [value: 0.5]
08:23:40.551 [FXGL Background Thread 3 ] DEBUG Engine               - height: 768
08:23:40.551 [FXGL Background Thread 3 ] DEBUG Engine               - isAndroid: false
08:23:40.551 [FXGL Background Thread 3 ] DEBUG Engine               - isBrowser: false
08:23:40.551 [FXGL Background Thread 3 ] DEBUG Engine               - isClickFeedbackEnabled: false
08:23:40.551 [FXGL Background Thread 3 ] DEBUG Engine               - isCloseConfirmation: false
08:23:40.551 [FXGL Background Thread 3 ] DEBUG Engine               - isDesktop: true
08:23:40.551 [FXGL Background Thread 3 ] DEBUG Engine               - isDeveloperMenuEnabled: true
08:23:40.551 [FXGL Background Thread 3 ] DEBUG Engine               - isEntityPreloadEnabled: true
08:23:40.552 [FXGL Background Thread 3 ] DEBUG Engine               - isExperimental3D: false
08:23:40.552 [FXGL Background Thread 3 ] DEBUG Engine               - isExperimentalNative: false
08:23:40.552 [FXGL Background Thread 3 ] DEBUG Engine               - isExperimentalTiledLargeMap: false
08:23:40.552 [FXGL Background Thread 3 ] DEBUG Engine               - isFileSystemWriteAllowed: true
08:23:40.552 [FXGL Background Thread 3 ] DEBUG Engine               - isFullScreenAllowed: false
08:23:40.552 [FXGL Background Thread 3 ] DEBUG Engine               - isFullScreenFromStart: false
08:23:40.552 [FXGL Background Thread 3 ] DEBUG Engine               - isGameMenuEnabled: true
08:23:40.553 [FXGL Background Thread 3 ] DEBUG Engine               - isIOS: false
08:23:40.553 [FXGL Background Thread 3 ] DEBUG Engine               - isIntroEnabled: false
08:23:40.553 [FXGL Background Thread 3 ] DEBUG Engine               - isLinux: false
08:23:40.553 [FXGL Background Thread 3 ] DEBUG Engine               - isMac: false
08:23:40.553 [FXGL Background Thread 3 ] DEBUG Engine               - isMainMenuEnabled: false
08:23:40.553 [FXGL Background Thread 3 ] DEBUG Engine               - isManualResizeEnabled: false
08:23:40.553 [FXGL Background Thread 3 ] DEBUG Engine               - isMobile: false
08:23:40.553 [FXGL Background Thread 3 ] DEBUG Engine               - isPreserveResizeRatio: false
08:23:40.554 [FXGL Background Thread 3 ] DEBUG Engine               - isProfilingEnabled: false
08:23:40.554 [FXGL Background Thread 3 ] DEBUG Engine               - isScaleAffectedOnResize: true
08:23:40.554 [FXGL Background Thread 3 ] DEBUG Engine               - isSingleStep: false
08:23:40.554 [FXGL Background Thread 3 ] DEBUG Engine               - isUserProfileEnabled: false
08:23:40.554 [FXGL Background Thread 3 ] DEBUG Engine               - isWindows: true
08:23:40.554 [FXGL Background Thread 3 ] DEBUG Engine               - language: ObjectProperty [value: ENGLISH]
08:23:40.555 [FXGL Background Thread 3 ] DEBUG Engine               - menuKey: ESCAPE
08:23:40.555 [FXGL Background Thread 3 ] DEBUG Engine               - notificationViewClass: class com.almasb.fxgl.notification.view.XboxNotificationView
08:23:40.555 [FXGL Background Thread 3 ] DEBUG Engine               - pixelsPerMeter: 50.0
08:23:40.555 [FXGL Background Thread 3 ] DEBUG Engine               - platform: WINDOWS
08:23:40.555 [FXGL Background Thread 3 ] DEBUG Engine               - prefHeightProperty: ReadOnlyDoubleProperty [value: 768.0]
08:23:40.555 [FXGL Background Thread 3 ] DEBUG Engine               - prefWidthProperty: ReadOnlyDoubleProperty [value: 1216.0]
08:23:40.556 [FXGL Background Thread 3 ] DEBUG Engine               - profileDir: profiles/
08:23:40.556 [FXGL Background Thread 3 ] DEBUG Engine               - profileName: StringProperty [value: DEFAULT]
08:23:40.556 [FXGL Background Thread 3 ] DEBUG Engine               - randomSeed: -1
08:23:40.557 [FXGL Background Thread 3 ] DEBUG Engine               - runtimeInfo: RuntimeInfo(platform=WINDOWS, version=11.12, build=11.12.2020 08.51)
08:23:40.557 [FXGL Background Thread 3 ] DEBUG Engine               - saveFileExt: sav
08:23:40.557 [FXGL Background Thread 3 ] DEBUG Engine               - scaledHeightProp$fxgl: DoubleProperty [bound, value: 768.0]
08:23:40.557 [FXGL Background Thread 3 ] DEBUG Engine               - scaledWidthProp$fxgl: DoubleProperty [bound, value: 1216.0]
08:23:40.557 [FXGL Background Thread 3 ] DEBUG Engine               - sceneFactory: com.almasb.fxgl.app.scene.SceneFactory@18dbbc1e
08:23:40.557 [FXGL Background Thread 3 ] DEBUG Engine               - secondsIn24h: 60
08:23:40.557 [FXGL Background Thread 3 ] DEBUG Engine               - soundMenuBack: menu/back.wav
08:23:40.557 [FXGL Background Thread 3 ] DEBUG Engine               - soundMenuPress: menu/press.wav
08:23:40.557 [FXGL Background Thread 3 ] DEBUG Engine               - soundMenuSelect: menu/select.wav
08:23:40.558 [FXGL Background Thread 3 ] DEBUG Engine               - soundNotification: core/notification.wav
08:23:40.558 [FXGL Background Thread 3 ] DEBUG Engine               - stageStyle: DECORATED
08:23:40.558 [FXGL Background Thread 3 ] DEBUG Engine               - supportedLanguages: [ENGLISH, FRENCH, GERMAN, HUNGARIAN, RUSSIAN]
08:23:40.558 [FXGL Background Thread 3 ] DEBUG Engine               - title: Basic Game App
08:23:40.558 [FXGL Background Thread 3 ] DEBUG Engine               - urlGithub: https://github.com/AlmasB/FXGL
08:23:40.558 [FXGL Background Thread 3 ] DEBUG Engine               - urlLeaderboard: http://fxgl-top.herokuapp.com/
08:23:40.558 [FXGL Background Thread 3 ] DEBUG Engine               - urlPOM: https://raw.githubusercontent.com/AlmasB/FXGL/master/README.md
08:23:40.558 [FXGL Background Thread 3 ] DEBUG Engine               - version: 1.0
08:23:40.558 [FXGL Background Thread 3 ] DEBUG Engine               - versionCheckDays: 7
08:23:40.558 [FXGL Background Thread 3 ] DEBUG Engine               - width: 1216
08:23:40.559 [FXGL Background Thread 3 ] DEBUG Engine               - Logging services
08:23:40.559 [FXGL Background Thread 3 ] DEBUG Engine               - class com.almasb.fxgl.app.FXGLApplication$GameApplicationService
08:23:40.559 [FXGL Background Thread 3 ] DEBUG Engine               - class com.almasb.fxgl.app.services.FXGLDialogService
08:23:40.559 [FXGL Background Thread 3 ] DEBUG Engine               - class com.almasb.fxgl.app.services.IOTaskExecutorService
08:23:40.559 [FXGL Background Thread 3 ] DEBUG Engine               - class com.almasb.fxgl.event.EventBusService
08:23:40.559 [FXGL Background Thread 3 ] DEBUG Engine               - class com.almasb.fxgl.io.FileSystemService
08:23:40.559 [FXGL Background Thread 3 ] DEBUG Engine               - class com.almasb.fxgl.localization.LocalizationService
08:23:40.559 [FXGL Background Thread 3 ] DEBUG Engine               - class com.almasb.fxgl.app.services.FXGLAssetLoaderService
08:23:40.559 [FXGL Background Thread 3 ] DEBUG Engine               - class com.almasb.fxgl.app.services.SystemBundleService
08:23:40.559 [FXGL Background Thread 3 ] DEBUG Engine               - class com.almasb.fxgl.profile.SaveLoadService
08:23:40.559 [FXGL Background Thread 3 ] DEBUG Engine               - class com.almasb.fxgl.ui.FXGLUIFactoryServiceProvider
08:23:40.559 [FXGL Background Thread 3 ] DEBUG Engine               - class com.almasb.fxgl.ui.FXGLDialogFactoryServiceProvider
08:23:40.559 [FXGL Background Thread 3 ] DEBUG Engine               - class com.almasb.fxgl.audio.AudioPlayer
08:23:40.559 [FXGL Background Thread 3 ] DEBUG Engine               - class com.almasb.fxgl.notification.impl.NotificationServiceProvider
08:23:40.560 [FXGL Background Thread 3 ] DEBUG Engine               - class com.almasb.fxgl.achievement.AchievementService
08:23:40.560 [FXGL Background Thread 3 ] DEBUG Engine               - class com.almasb.fxgl.cutscene.CutsceneService
08:23:40.560 [FXGL Background Thread 3 ] DEBUG Engine               - class com.almasb.fxgl.minigames.MiniGameService
08:23:40.561 [FXGL Background Thread 3 ] DEBUG Engine               - class com.almasb.fxgl.net.NetService
08:23:40.561 [FXGL Background Thread 3 ] DEBUG Engine               - class com.almasb.fxgl.app.services.UpdaterService
08:23:40.561 [FXGL Background Thread 3 ] DEBUG Engine               - class com.almasb.fxgl.dev.DevService
08:23:53.126 [JavaFX Application Thread] DEBUG FXGLApplication      - Exiting FXGL
08:23:53.127 [JavaFX Application Thread] DEBUG LoopRunner           - Stopping loop
08:23:53.127 [JavaFX Application Thread] DEBUG SystemBundleService  - Saving FXGL system data
08:23:53.130 [JavaFX Application Thread] DEBUG FileSystemAccess     - Writing to: E:\space_java\game_datbom\system\fxgl.bundle
08:23:53.135 [JavaFX Application Thread] DEBUG Async                - Shutting down background threads
08:23:53.136 [JavaFX Application Thread] DEBUG MainWindow           - Closing main window
08:23:53.173 [JavaFX Application Thread] DEBUG Logger               - Closing Logger
