10:38:05.735 [main                     ] DEBUG Logger               - Configured Logger
10:38:05.752 [main                     ] DEBUG GameApplication      - Logging settings
Title: Bomberman
Version: 1.0
Width: 1280
Height: 720
Fullscreen: false
Intro: false
Profiling: false
Single step:false
App Mode: DEVELOPER
Menu Key: ESCAPE
Stage Style: DECORATED
Scene Factory: class hellofx.Main$1

10:38:05.867 [JavaFX Application Thread] DEBUG FXGLApplication      - Initializing FXGL
10:38:05.875 [JavaFX Application Thread] INFO  Engine               - FXGL-17.1 (24.03.2022 17.34) on WINDOWS (J:18.0.2.1 FX:18)
10:38:05.875 [JavaFX Application Thread] DEBUG Engine               - JRE Vendor Name: Oracle Corporation
10:38:05.876 [JavaFX Application Thread] DEBUG Engine               - Running on OS: Windows 11 version 10.0
10:38:05.876 [JavaFX Application Thread] DEBUG Engine               - Architecture: amd64
10:38:05.876 [JavaFX Application Thread] INFO  Engine               - Source code and latest versions at: https://github.com/AlmasB/FXGL
10:38:05.876 [JavaFX Application Thread] INFO  Engine               -       Ask questions and discuss at: https://github.com/AlmasB/FXGL/discussions
10:38:05.877 [JavaFX Application Thread] INFO  Engine               -              Join the FXGL chat at: https://gitter.im/AlmasB/FXGL
10:38:05.927 [JavaFX Application Thread] DEBUG PrimaryStageWindow   - Creating a JavaFX scene
10:38:05.978 [JavaFX Application Thread] DEBUG PrimaryStageWindow   - Target settings size: 1280.0 x 720.0
10:38:05.979 [JavaFX Application Thread] DEBUG PrimaryStageWindow   - Scaled scene size:    1280.0 x 720.0
10:38:05.979 [JavaFX Application Thread] DEBUG PrimaryStageWindow   - Scaled ratio: (1.0, 1.0)
10:38:05.980 [JavaFX Application Thread] DEBUG PrimaryStageWindow   - Set initial scene to FXGLStartupScene
10:38:05.990 [JavaFX Application Thread] DEBUG PrimaryStageWindow   - Opening main window
10:38:06.086 [JavaFX Application Thread] DEBUG PrimaryStageWindow   - Window border size: (16.0, 39.0)
10:38:06.087 [JavaFX Application Thread] DEBUG PrimaryStageWindow   - Scaled size: 1280.0 x 720.0
10:38:06.087 [JavaFX Application Thread] DEBUG PrimaryStageWindow   - Scaled ratio: (1.0, 1.0)
10:38:06.087 [JavaFX Application Thread] DEBUG PrimaryStageWindow   - Scene size: 1280.0 x 720.0
10:38:06.087 [JavaFX Application Thread] DEBUG PrimaryStageWindow   - Stage size: 1296.0 x 759.0
10:38:06.098 [FXGL Background Thread 1 ] DEBUG Engine               - Initializing environment variables
10:38:06.174 [FXGL Background Thread 1 ] DEBUG FXGLAssetLoaderServi - User app class for loading assets: class hellofx.Main
10:38:06.174 [FXGL Background Thread 1 ] DEBUG GameApplicationServi - Applying CSS: fxgl_dark.css
10:38:06.175 [FXGL Background Thread 1 ] DEBUG FXGLAssetLoaderServi - Loading from file system: jar:file:/C:/Users/chaum/.m2/repository/com/github/almasb/fxgl/17.1/fxgl-17.1.jar!/fxglassets/ui/css/fxgl_dark.css
10:38:06.228 [FXGL Background Thread 1 ] DEBUG GameApplicationServi - Initializing application scenes
10:38:06.268 [FXGL Background Thread 1 ] DEBUG GameWorld            - Game world initialized
10:38:06.318 [FXGL Background Thread 1 ] DEBUG PhysicsWorld         - Physics world initialized: appHeight=720, physics.ppm=50.0
10:38:06.318 [FXGL Background Thread 1 ] DEBUG PhysicsWorld         - Using strategy: BRUTE_FORCE
10:38:06.323 [FXGL Background Thread 1 ] DEBUG GameScene            - Game scene initialized: 1280x720
10:38:06.401 [FXGL Background Thread 1 ] DEBUG GameApplicationServi - Application scenes initialized
10:38:06.412 [FXGL Background Thread 1 ] DEBUG SystemBundleService  - Loading FXGL system data
10:38:06.417 [FXGL Background Thread 1 ] DEBUG FileSystemAccess     - Reading from: E:\space_java\Game\game_datbom\system\fxgl.bundle
10:38:06.425 [FXGL Background Thread 1 ] DEBUG SystemBundleService  - Bundle FXGL: {}
10:38:06.425 [FXGL Background Thread 1 ] DEBUG UpdaterService       - Checking for updates
10:38:06.457 [FXGL Background Thread 4 ] DEBUG FXGLApplication      - Loading fonts
10:38:06.457 [FXGL Background Thread 4 ] DEBUG FXGLAssetLoaderServi - Loading from file system: jar:file:/C:/Users/chaum/.m2/repository/com/github/almasb/fxgl/17.1/fxgl-17.1.jar!/fxglassets/ui/fonts/VarelaRound-Regular.ttf
10:38:06.457 [FXGL Background Thread 1 ] DEBUG FXGLApplication      - Loading default localization
10:38:06.458 [FXGL Background Thread 1 ] DEBUG FXGLAssetLoaderServi - Loading from file system: jar:file:/C:/Users/chaum/.m2/repository/com/github/almasb/fxgl/17.1/fxgl-17.1.jar!/fxglassets/languages/english.lang
10:38:06.476 [FXGL Background Thread 1 ] INFO  FXGLApplication      - FXGL initialization took: 0.378 sec
10:38:06.484 [JavaFX Application Thread] DEBUG Input                - Registered new binding: action0 - F
10:38:06.484 [JavaFX Application Thread] DEBUG Input                - Registered new binding: action1 - G
10:38:06.485 [JavaFX Application Thread] DEBUG Input                - Registered new binding: action2 - R
10:38:06.485 [JavaFX Application Thread] DEBUG Input                - Registered new binding: action3 - T
10:38:06.485 [JavaFX Application Thread] DEBUG Input                - Registered new binding: Right - D
10:38:06.485 [JavaFX Application Thread] DEBUG Input                - Registered new binding: Left - A
10:38:06.485 [JavaFX Application Thread] DEBUG Input                - Registered new binding: Up - W
10:38:06.485 [JavaFX Application Thread] DEBUG Input                - Registered new binding: Down - S
10:38:06.486 [JavaFX Application Thread] DEBUG Input                - Registered new binding: Place boom - Space
10:38:06.486 [JavaFX Application Thread] DEBUG FXGLAssetLoaderServi - Loading from file system: file:/E:/space_java/Game/game_datbom/target/classes/assets/textures/icon/icon.png
10:38:06.529 [FXGL Background Thread 4 ] DEBUG FXGLAssetLoaderServi - Loading from file system: jar:file:/C:/Users/chaum/.m2/repository/com/github/almasb/fxgl/17.1/fxgl-17.1.jar!/fxglassets/ui/fonts/Abel-Regular.ttf
10:38:06.534 [FXGL Background Thread 4 ] DEBUG FXGLAssetLoaderServi - Loading from file system: jar:file:/C:/Users/chaum/.m2/repository/com/github/almasb/fxgl/17.1/fxgl-17.1.jar!/fxglassets/ui/fonts/TerminalLandMono-Regular.otf
10:38:06.537 [FXGL Background Thread 4 ] DEBUG FXGLAssetLoaderServi - Loading from file system: jar:file:/C:/Users/chaum/.m2/repository/com/github/almasb/fxgl/17.1/fxgl-17.1.jar!/fxglassets/ui/fonts/Courier-Prime.ttf
10:38:06.551 [JavaFX Application Thread] DEBUG FXGLAssetLoaderServi - Loading from file system: file:/E:/space_java/Game/game_datbom/target/classes/assets/textures/cursor/cursor1.png
10:38:06.561 [JavaFX Application Thread] DEBUG Input                - Registered new binding: Screenshot - CTRL+8
10:38:06.562 [JavaFX Application Thread] DEBUG Input                - Registered new binding: Dev Options - 1
10:38:06.562 [JavaFX Application Thread] DEBUG Input                - Registered new binding: Dev Console - 2
10:38:06.563 [JavaFX Application Thread] DEBUG Input                - Registered new binding: System info dump - CTRL+9
10:38:06.563 [JavaFX Application Thread] DEBUG Input                - Registered new binding: Restart - CTRL+R
10:38:06.564 [JavaFX Application Thread] DEBUG Input                - Registered new binding: Toggle Debug Camera - CTRL+7
10:38:06.567 [JavaFX Application Thread] DEBUG LoopRunner           - Starting loop
10:38:06.581 [JavaFX Application Thread] DEBUG LoopRunner           - Initializing JavaFX AnimationTimerLoop
10:38:06.583 [JavaFX Application Thread] DEBUG Input                - Clearing active input actions
10:38:06.592 [JavaFX Application Thread] DEBUG GameApplicationServi - Removing overlay from FXGLStartupScene and adding to FXGLMainMenuDummyScene
10:38:06.597 [JavaFX Application Thread] DEBUG PrimaryStageWindow   - FXGLStartupScene -> FXGLMainMenuDummyScene
10:38:06.597 [JavaFX Application Thread] DEBUG PrimaryStageWindow   - Push state: MainMenu
10:38:06.597 [JavaFX Application Thread] DEBUG Input                - Clearing active input actions
10:38:06.601 [JavaFX Application Thread] DEBUG GameApplicationServi - Removing overlay from FXGLMainMenuDummyScene and adding to MainMenu
10:38:06.602 [JavaFX Application Thread] DEBUG PrimaryStageWindow   - FXGLMainMenuDummyScene -> MainMenu
10:38:06.610 [JavaFX Application Thread] DEBUG FXGLApplication      - Registering font factories with UI factory
10:38:08.334 [FXGL Background Thread 2 ] INFO  UpdaterService       - Your current version:  17.1
10:38:08.334 [FXGL Background Thread 2 ] INFO  UpdaterService       - Latest stable version: 17.2
10:38:09.457 [FXGL Background Thread 3 ] DEBUG Engine               - Logging environment variables
10:38:09.458 [FXGL Background Thread 3 ] DEBUG Engine               - achievements: []
10:38:09.459 [FXGL Background Thread 3 ] DEBUG Engine               - actualHeight: 720.0
10:38:09.459 [FXGL Background Thread 3 ] DEBUG Engine               - actualHeightProperty: ReadOnlyDoubleProperty [value: 720.0]
10:38:09.460 [FXGL Background Thread 3 ] DEBUG Engine               - actualWidth: 1280.0
10:38:09.460 [FXGL Background Thread 3 ] DEBUG Engine               - actualWidthProperty: ReadOnlyDoubleProperty [value: 1280.0]
10:38:09.460 [FXGL Background Thread 3 ] DEBUG Engine               - appIcon: icon/icon.png
10:38:09.460 [FXGL Background Thread 3 ] DEBUG Engine               - applicationMode: DEVELOPER
10:38:09.461 [FXGL Background Thread 3 ] DEBUG Engine               - cSSList: [fxgl_dark.css]
10:38:09.461 [FXGL Background Thread 3 ] DEBUG Engine               - collisionDetectionStrategy: BRUTE_FORCE
10:38:09.461 [FXGL Background Thread 3 ] DEBUG Engine               - configClass: Optional.empty
10:38:09.461 [FXGL Background Thread 3 ] DEBUG Engine               - credits: []
10:38:09.464 [FXGL Background Thread 3 ] DEBUG Engine               - defaultCursor: CursorInfo(imageName=cursor/cursor1.png, hotspotX=0.0, hotspotY=0.0)
10:38:09.465 [FXGL Background Thread 3 ] DEBUG Engine               - devBBoxColorProperty: ObjectProperty [value: 0xff0000ff]
10:38:09.465 [FXGL Background Thread 3 ] DEBUG Engine               - devEnableDebugCameraProperty: BooleanProperty [value: false]
10:38:09.465 [FXGL Background Thread 3 ] DEBUG Engine               - devSensorColorProperty: ObjectProperty [value: 0xffff00ff]
10:38:09.465 [FXGL Background Thread 3 ] DEBUG Engine               - devShowBBoxProperty: BooleanProperty [value: false]
10:38:09.466 [FXGL Background Thread 3 ] DEBUG Engine               - devShowPositionProperty: BooleanProperty [value: false]
10:38:09.466 [FXGL Background Thread 3 ] DEBUG Engine               - enabledMenuItems: []
10:38:09.466 [FXGL Background Thread 3 ] DEBUG Engine               - engineServices: [class com.almasb.fxgl.app.services.FXGLAssetLoaderService, class com.almasb.fxgl.app.FXGLApplication$GameApplicationService, class com.almasb.fxgl.app.services.FXGLDialogService, class com.almasb.fxgl.app.services.IOTaskExecutorService, class com.almasb.fxgl.io.FileSystemService, class com.almasb.fxgl.localization.LocalizationService, class com.almasb.fxgl.app.services.SystemBundleService, class com.almasb.fxgl.profile.SaveLoadService, class com.almasb.fxgl.ui.FXGLUIFactoryServiceProvider, class com.almasb.fxgl.ui.FXGLDialogFactoryServiceProvider, class com.almasb.fxgl.audio.AudioPlayer, class com.almasb.fxgl.notification.impl.NotificationServiceProvider, class com.almasb.fxgl.achievement.AchievementService, class com.almasb.fxgl.cutscene.CutsceneService, class com.almasb.fxgl.minigames.MiniGameService, class com.almasb.fxgl.net.NetService, class com.almasb.fxgl.app.services.UpdaterService, class com.almasb.fxgl.dev.DevService]
10:38:09.466 [FXGL Background Thread 3 ] DEBUG Engine               - fontGame: Abel-Regular.ttf
10:38:09.467 [FXGL Background Thread 3 ] DEBUG Engine               - fontMono: TerminalLandMono-Regular.otf
10:38:09.467 [FXGL Background Thread 3 ] DEBUG Engine               - fontText: Courier-Prime.ttf
10:38:09.467 [FXGL Background Thread 3 ] DEBUG Engine               - fontUI: VarelaRound-Regular.ttf
10:38:09.467 [FXGL Background Thread 3 ] DEBUG Engine               - fullScreen: BooleanProperty [value: false]
10:38:09.467 [FXGL Background Thread 3 ] DEBUG Engine               - gameDifficulty: MEDIUM
10:38:09.467 [FXGL Background Thread 3 ] DEBUG Engine               - gameDifficultyProperty: ObjectProperty [value: MEDIUM]
10:38:09.467 [FXGL Background Thread 3 ] DEBUG Engine               - globalMusicVolume: 0.5
10:38:09.467 [FXGL Background Thread 3 ] DEBUG Engine               - globalMusicVolumeProperty: DoubleProperty [value: 0.5]
10:38:09.468 [FXGL Background Thread 3 ] DEBUG Engine               - globalSoundVolume: 0.5
10:38:09.468 [FXGL Background Thread 3 ] DEBUG Engine               - globalSoundVolumeProperty: DoubleProperty [value: 0.5]
10:38:09.468 [FXGL Background Thread 3 ] DEBUG Engine               - height: 720
10:38:09.468 [FXGL Background Thread 3 ] DEBUG Engine               - is3D: false
10:38:09.468 [FXGL Background Thread 3 ] DEBUG Engine               - isAndroid: false
10:38:09.468 [FXGL Background Thread 3 ] DEBUG Engine               - isBrowser: false
10:38:09.468 [FXGL Background Thread 3 ] DEBUG Engine               - isClickFeedbackEnabled: false
10:38:09.468 [FXGL Background Thread 3 ] DEBUG Engine               - isCloseConfirmation: false
10:38:09.468 [FXGL Background Thread 3 ] DEBUG Engine               - isDesktop: true
10:38:09.468 [FXGL Background Thread 3 ] DEBUG Engine               - isDeveloperMenuEnabled: true
10:38:09.469 [FXGL Background Thread 3 ] DEBUG Engine               - isEmbedded: false
10:38:09.469 [FXGL Background Thread 3 ] DEBUG Engine               - isEntityPreloadEnabled: true
10:38:09.469 [FXGL Background Thread 3 ] DEBUG Engine               - isExperimentalTiledLargeMap: false
10:38:09.469 [FXGL Background Thread 3 ] DEBUG Engine               - isFileSystemWriteAllowed: true
10:38:09.469 [FXGL Background Thread 3 ] DEBUG Engine               - isFullScreenAllowed: false
10:38:09.469 [FXGL Background Thread 3 ] DEBUG Engine               - isFullScreenFromStart: false
10:38:09.469 [FXGL Background Thread 3 ] DEBUG Engine               - isGameMenuEnabled: true
10:38:09.469 [FXGL Background Thread 3 ] DEBUG Engine               - isIOS: false
10:38:09.470 [FXGL Background Thread 3 ] DEBUG Engine               - isIntroEnabled: false
10:38:09.470 [FXGL Background Thread 3 ] DEBUG Engine               - isLinux: false
10:38:09.470 [FXGL Background Thread 3 ] DEBUG Engine               - isMac: false
10:38:09.470 [FXGL Background Thread 3 ] DEBUG Engine               - isMainMenuEnabled: true
10:38:09.470 [FXGL Background Thread 3 ] DEBUG Engine               - isManualResizeEnabled: false
10:38:09.470 [FXGL Background Thread 3 ] DEBUG Engine               - isMobile: false
10:38:09.470 [FXGL Background Thread 3 ] DEBUG Engine               - isNative: false
10:38:09.470 [FXGL Background Thread 3 ] DEBUG Engine               - isPauseMusicWhenMinimized: true
10:38:09.470 [FXGL Background Thread 3 ] DEBUG Engine               - isPreserveResizeRatio: false
10:38:09.471 [FXGL Background Thread 3 ] DEBUG Engine               - isProfilingEnabled: false
10:38:09.471 [FXGL Background Thread 3 ] DEBUG Engine               - isScaleAffectedOnResize: true
10:38:09.471 [FXGL Background Thread 3 ] DEBUG Engine               - isSingleStep: false
10:38:09.471 [FXGL Background Thread 3 ] DEBUG Engine               - isUserProfileEnabled: false
10:38:09.471 [FXGL Background Thread 3 ] DEBUG Engine               - isWindows: true
10:38:09.471 [FXGL Background Thread 3 ] DEBUG Engine               - language: ObjectProperty [value: ENGLISH]
10:38:09.471 [FXGL Background Thread 3 ] DEBUG Engine               - menuKey: ESCAPE
10:38:09.471 [FXGL Background Thread 3 ] DEBUG Engine               - mouseSensitivity: 0.2
10:38:09.472 [FXGL Background Thread 3 ] DEBUG Engine               - notificationViewClass: class com.almasb.fxgl.notification.view.XboxNotificationView
10:38:09.472 [FXGL Background Thread 3 ] DEBUG Engine               - pixelsPerMeter: 50.0
10:38:09.472 [FXGL Background Thread 3 ] DEBUG Engine               - platform: WINDOWS
10:38:09.472 [FXGL Background Thread 3 ] DEBUG Engine               - prefHeightProperty: ReadOnlyDoubleProperty [value: 720.0]
10:38:09.472 [FXGL Background Thread 3 ] DEBUG Engine               - prefWidthProperty: ReadOnlyDoubleProperty [value: 1280.0]
10:38:09.472 [FXGL Background Thread 3 ] DEBUG Engine               - profileDir: profiles/
10:38:09.472 [FXGL Background Thread 3 ] DEBUG Engine               - profileName: StringProperty [value: DEFAULT]
10:38:09.472 [FXGL Background Thread 3 ] DEBUG Engine               - randomSeed: -1
10:38:09.473 [FXGL Background Thread 3 ] DEBUG Engine               - runtimeInfo: RuntimeInfo(platform=WINDOWS, version=17.1, build=24.03.2022 17.34)
10:38:09.473 [FXGL Background Thread 3 ] DEBUG Engine               - saveFileExt: sav
10:38:09.473 [FXGL Background Thread 3 ] DEBUG Engine               - scaledHeightProp$fxgl: DoubleProperty [bound, value: 720.0]
10:38:09.473 [FXGL Background Thread 3 ] DEBUG Engine               - scaledWidthProp$fxgl: DoubleProperty [bound, value: 1280.0]
10:38:09.473 [FXGL Background Thread 3 ] DEBUG Engine               - sceneFactory: hellofx.Main$1@f293d8a
10:38:09.473 [FXGL Background Thread 3 ] DEBUG Engine               - secondsIn24h: 60
10:38:09.473 [FXGL Background Thread 3 ] DEBUG Engine               - soundMenuBack: menu/back.wav
10:38:09.473 [FXGL Background Thread 3 ] DEBUG Engine               - soundMenuPress: menu/press.wav
10:38:09.474 [FXGL Background Thread 3 ] DEBUG Engine               - soundMenuSelect: menu/select.wav
10:38:09.474 [FXGL Background Thread 3 ] DEBUG Engine               - soundNotification: core/notification.wav
10:38:09.474 [FXGL Background Thread 3 ] DEBUG Engine               - stageStyle: DECORATED
10:38:09.474 [FXGL Background Thread 3 ] DEBUG Engine               - supportedLanguages: [ENGLISH, FRENCH, GERMAN, HUNGARIAN, RUSSIAN]
10:38:09.474 [FXGL Background Thread 3 ] DEBUG Engine               - ticksPerSecond: -1
10:38:09.474 [FXGL Background Thread 3 ] DEBUG Engine               - title: Bomberman
10:38:09.474 [FXGL Background Thread 3 ] DEBUG Engine               - urlGithub: https://github.com/AlmasB/FXGL
10:38:09.475 [FXGL Background Thread 3 ] DEBUG Engine               - urlLeaderboard: http://fxgl-top.herokuapp.com/
10:38:09.475 [FXGL Background Thread 3 ] DEBUG Engine               - urlPOM: https://raw.githubusercontent.com/AlmasB/FXGL/release/README.md
10:38:09.475 [FXGL Background Thread 3 ] DEBUG Engine               - userAppClass: class hellofx.Main
10:38:09.475 [FXGL Background Thread 3 ] DEBUG Engine               - version: 1.0
10:38:09.475 [FXGL Background Thread 3 ] DEBUG Engine               - versionCheckDays: 7
10:38:09.475 [FXGL Background Thread 3 ] DEBUG Engine               - width: 1280
10:38:09.476 [FXGL Background Thread 3 ] DEBUG Engine               - Logging services
10:38:09.476 [FXGL Background Thread 3 ] DEBUG Engine               - class com.almasb.fxgl.app.services.FXGLAssetLoaderService
10:38:09.476 [FXGL Background Thread 3 ] DEBUG Engine               - class com.almasb.fxgl.app.FXGLApplication$GameApplicationService
10:38:09.476 [FXGL Background Thread 3 ] DEBUG Engine               - class com.almasb.fxgl.app.services.FXGLDialogService
10:38:09.476 [FXGL Background Thread 3 ] DEBUG Engine               - class com.almasb.fxgl.app.services.IOTaskExecutorService
10:38:09.476 [FXGL Background Thread 3 ] DEBUG Engine               - class com.almasb.fxgl.io.FileSystemService
10:38:09.476 [FXGL Background Thread 3 ] DEBUG Engine               - class com.almasb.fxgl.localization.LocalizationService
10:38:09.476 [FXGL Background Thread 3 ] DEBUG Engine               - class com.almasb.fxgl.app.services.SystemBundleService
10:38:09.476 [FXGL Background Thread 3 ] DEBUG Engine               - class com.almasb.fxgl.profile.SaveLoadService
10:38:09.476 [FXGL Background Thread 3 ] DEBUG Engine               - class com.almasb.fxgl.ui.FXGLUIFactoryServiceProvider
10:38:09.476 [FXGL Background Thread 3 ] DEBUG Engine               - class com.almasb.fxgl.ui.FXGLDialogFactoryServiceProvider
10:38:09.476 [FXGL Background Thread 3 ] DEBUG Engine               - class com.almasb.fxgl.audio.AudioPlayer
10:38:09.477 [FXGL Background Thread 3 ] DEBUG Engine               - class com.almasb.fxgl.notification.impl.NotificationServiceProvider
10:38:09.477 [FXGL Background Thread 3 ] DEBUG Engine               - class com.almasb.fxgl.achievement.AchievementService
10:38:09.477 [FXGL Background Thread 3 ] DEBUG Engine               - class com.almasb.fxgl.cutscene.CutsceneService
10:38:09.477 [FXGL Background Thread 3 ] DEBUG Engine               - class com.almasb.fxgl.minigames.MiniGameService
10:38:09.477 [FXGL Background Thread 3 ] DEBUG Engine               - class com.almasb.fxgl.net.NetService
10:38:09.477 [FXGL Background Thread 3 ] DEBUG Engine               - class com.almasb.fxgl.app.services.UpdaterService
10:38:09.477 [FXGL Background Thread 3 ] DEBUG Engine               - class com.almasb.fxgl.dev.DevService
10:38:09.618 [JavaFX Application Thread] DEBUG Menu                 - fireNewGame()
10:38:09.619 [JavaFX Application Thread] DEBUG GameApplicationServi - Starting new game
10:38:09.619 [JavaFX Application Thread] DEBUG PrimaryStageWindow   - Pop state: MainMenu
10:38:09.619 [JavaFX Application Thread] DEBUG Input                - Clearing active input actions
10:38:09.620 [JavaFX Application Thread] DEBUG GameApplicationServi - Removing overlay from MainMenu and adding to FXGLMainMenuDummyScene
10:38:09.623 [JavaFX Application Thread] DEBUG PrimaryStageWindow   - FXGLMainMenuDummyScene <- MainMenu
10:38:09.624 [JavaFX Application Thread] DEBUG Input                - Clearing active input actions
10:38:09.631 [JavaFX Application Thread] DEBUG GameApplicationServi - Removing overlay from FXGLMainMenuDummyScene and adding to FXGLLoadingScene
10:38:09.632 [JavaFX Application Thread] DEBUG PrimaryStageWindow   - FXGLMainMenuDummyScene -> FXGLLoadingScene
10:38:09.632 [JavaFX Application Thread] DEBUG GameApplicationServi - Clearing previous game
10:38:09.632 [JavaFX Application Thread] DEBUG GameScene            - Clearing game scene
10:38:09.632 [JavaFX Application Thread] DEBUG GameWorld            - Clearing game world
10:38:09.632 [JavaFX Application Thread] DEBUG PhysicsWorld         - Clearing physics world
10:38:09.634 [FXGL Background Thread 2 ] DEBUG FXGLApplication      - Initializing game
10:38:09.667 [FXGL Background Thread 2 ] DEBUG FXGLAssetLoaderServi - Loading from file system: file:/E:/space_java/Game/game_datbom/target/classes/assets/textures/mapTexture/grass.png
10:38:09.682 [FXGL Background Thread 2 ] DEBUG FXGLAssetLoaderServi - Loading from file system: file:/E:/space_java/Game/game_datbom/target/classes/assets/textures/mapTexture/wall2.png
10:38:09.743 [FXGL Background Thread 2 ] DEBUG FXGLAssetLoaderServi - Loading from file system: file:/E:/space_java/Game/game_datbom/target/classes/assets/textures/mapTexture%5cbrick.png
10:38:09.746 [FXGL Background Thread 2 ] DEBUG FXGLAssetLoaderServi - Loading from file system: file:/E:/space_java/Game/game_datbom/target/classes/assets/textures/mapTexture%5cbrick_break.png
10:38:09.789 [FXGL Background Thread 2 ] DEBUG FXGLAssetLoaderServi - Loading from file system: file:/E:/space_java/Game/game_datbom/target/classes/assets/textures/gameItem/powerup_bombs.png
10:38:09.794 [FXGL Background Thread 2 ] DEBUG FXGLAssetLoaderServi - Loading from file system: file:/E:/space_java/Game/game_datbom/target/classes/assets/textures/gameItem/powerup_flamepass.png
10:38:09.811 [FXGL Background Thread 2 ] DEBUG FXGLAssetLoaderServi - Loading from file system: file:/E:/space_java/Game/game_datbom/target/classes/assets/textures/enemy/balloon36.png
10:38:09.828 [FXGL Background Thread 2 ] DEBUG FXGLAssetLoaderServi - Loading from file system: file:/E:/space_java/Game/game_datbom/target/classes/assets/textures/gameItem/powerup_speed.png
10:38:09.839 [FXGL Background Thread 2 ] DEBUG FXGLAssetLoaderServi - Loading from file system: file:/E:/space_java/Game/game_datbom/target/classes/assets/textures/gameItem/powerup_flames.png
10:38:09.885 [FXGL Background Thread 2 ] DEBUG FXGLAssetLoaderServi - Loading from file system: file:/E:/space_java/Game/game_datbom/target/classes/assets/textures/mapTexture/portal.png
10:38:09.968 [FXGL Background Thread 2 ] DEBUG FXGLAssetLoaderServi - Loading from file system: file:/E:/space_java/Game/game_datbom/target/classes/assets/textures/enemy/oneal40.png
10:38:09.989 [FXGL Background Thread 2 ] DEBUG FXGLAssetLoaderServi - Loading from file system: file:/E:/space_java/Game/game_datbom/target/classes/assets/textures/character/gold_player_dead.png
10:38:09.992 [FXGL Background Thread 2 ] DEBUG FXGLAssetLoaderServi - Loading from file system: file:/E:/space_java/Game/game_datbom/target/classes/assets/textures/character/gold_player_down.png
10:38:09.994 [FXGL Background Thread 2 ] DEBUG FXGLAssetLoaderServi - Loading from file system: file:/E:/space_java/Game/game_datbom/target/classes/assets/textures/character/gold_player_up.png
10:38:09.996 [FXGL Background Thread 2 ] DEBUG FXGLAssetLoaderServi - Loading from file system: file:/E:/space_java/Game/game_datbom/target/classes/assets/textures/character/gold_player_left_temp.png
10:38:09.996 [FXGL Background Thread 2 ] DEBUG FXGLAssetLoaderServi - Loading from file system: file:/E:/space_java/Game/game_datbom/target/classes/assets/textures/character/gold_player_right_temp.png
10:38:09.999 [FXGL Background Thread 2 ] INFO  FXGLApplication      - Game initialization took: 0.365 sec
10:38:10.001 [JavaFX Application Thread] DEBUG Input                - Clearing active input actions
10:38:10.019 [JavaFX Application Thread] DEBUG GameApplicationServi - Removing overlay from FXGLLoadingScene and adding to GameScene
10:38:10.021 [JavaFX Application Thread] DEBUG PrimaryStageWindow   - FXGLLoadingScene -> GameScene
10:38:20.005 [JavaFX Application Thread] DEBUG FXGLApplication      - Exiting FXGL
10:38:20.005 [JavaFX Application Thread] DEBUG LoopRunner           - Stopping loop
10:38:20.007 [JavaFX Application Thread] DEBUG SystemBundleService  - Saving FXGL system data
10:38:20.010 [JavaFX Application Thread] DEBUG FileSystemAccess     - Writing to: E:\space_java\Game\game_datbom\system\fxgl.bundle
10:38:20.013 [JavaFX Application Thread] DEBUG Async                - Shutting down background threads
10:38:20.014 [JavaFX Application Thread] DEBUG PrimaryStageWindow   - Closing main window
10:38:20.055 [JavaFX Application Thread] DEBUG Logger               - Closing Logger
