09:54:27.338 [main                     ] DEBUG Logger               - Configured Logger
09:54:27.356 [main                     ] DEBUG GameApplication      - Logging settings
Title: Bomberman
Version: 1.0
Width: 1280
Height: 720
Fullscreen: false
Intro: false
Profiling: false
Single step:false
App Mode: DEVELOPER
Menu Key: ESCAPE
Stage Style: DECORATED
Scene Factory: class hellofx.Main$1

09:54:27.460 [JavaFX Application Thread] DEBUG FXGLApplication      - Initializing FXGL
09:54:27.465 [JavaFX Application Thread] INFO  Engine               - FXGL-17.1 (24.03.2022 17.34) on WINDOWS (J:18.0.2.1 FX:18)
09:54:27.465 [JavaFX Application Thread] DEBUG Engine               - JRE Vendor Name: Oracle Corporation
09:54:27.466 [JavaFX Application Thread] DEBUG Engine               - Running on OS: Windows 11 version 10.0
09:54:27.466 [JavaFX Application Thread] DEBUG Engine               - Architecture: amd64
09:54:27.466 [JavaFX Application Thread] INFO  Engine               - Source code and latest versions at: https://github.com/AlmasB/FXGL
09:54:27.466 [JavaFX Application Thread] INFO  Engine               -       Ask questions and discuss at: https://github.com/AlmasB/FXGL/discussions
09:54:27.466 [JavaFX Application Thread] INFO  Engine               -              Join the FXGL chat at: https://gitter.im/AlmasB/FXGL
09:54:27.510 [JavaFX Application Thread] DEBUG PrimaryStageWindow   - Creating a JavaFX scene
09:54:27.552 [JavaFX Application Thread] DEBUG PrimaryStageWindow   - Target settings size: 1280.0 x 720.0
09:54:27.552 [JavaFX Application Thread] DEBUG PrimaryStageWindow   - Scaled scene size:    1280.0 x 720.0
09:54:27.552 [JavaFX Application Thread] DEBUG PrimaryStageWindow   - Scaled ratio: (1.0, 1.0)
09:54:27.553 [JavaFX Application Thread] DEBUG PrimaryStageWindow   - Set initial scene to FXGLStartupScene
09:54:27.560 [JavaFX Application Thread] DEBUG PrimaryStageWindow   - Opening main window
09:54:27.648 [JavaFX Application Thread] DEBUG PrimaryStageWindow   - Window border size: (16.0, 39.0)
09:54:27.649 [JavaFX Application Thread] DEBUG PrimaryStageWindow   - Scaled size: 1280.0 x 720.0
09:54:27.649 [JavaFX Application Thread] DEBUG PrimaryStageWindow   - Scaled ratio: (1.0, 1.0)
09:54:27.649 [JavaFX Application Thread] DEBUG PrimaryStageWindow   - Scene size: 1280.0 x 720.0
09:54:27.649 [JavaFX Application Thread] DEBUG PrimaryStageWindow   - Stage size: 1296.0 x 759.0
09:54:27.657 [FXGL Background Thread 1 ] DEBUG Engine               - Initializing environment variables
09:54:27.724 [FXGL Background Thread 1 ] DEBUG FXGLAssetLoaderServi - User app class for loading assets: class hellofx.Main
09:54:27.724 [FXGL Background Thread 1 ] DEBUG GameApplicationServi - Applying CSS: fxgl_dark.css
09:54:27.725 [FXGL Background Thread 1 ] DEBUG FXGLAssetLoaderServi - Loading from file system: jar:file:/C:/Users/chaum/.m2/repository/com/github/almasb/fxgl/17.1/fxgl-17.1.jar!/fxglassets/ui/css/fxgl_dark.css
09:54:27.766 [FXGL Background Thread 1 ] DEBUG GameApplicationServi - Initializing application scenes
09:54:27.807 [FXGL Background Thread 1 ] DEBUG GameWorld            - Game world initialized
09:54:27.860 [FXGL Background Thread 1 ] DEBUG PhysicsWorld         - Physics world initialized: appHeight=720, physics.ppm=50.0
09:54:27.860 [FXGL Background Thread 1 ] DEBUG PhysicsWorld         - Using strategy: BRUTE_FORCE
09:54:27.864 [FXGL Background Thread 1 ] DEBUG GameScene            - Game scene initialized: 1280x720
09:54:27.948 [FXGL Background Thread 1 ] DEBUG GameApplicationServi - Application scenes initialized
09:54:27.970 [FXGL Background Thread 1 ] DEBUG SystemBundleService  - Loading FXGL system data
09:54:27.976 [FXGL Background Thread 1 ] DEBUG FileSystemAccess     - Reading from: E:\space_java\Game\game_datbom\system\fxgl.bundle
09:54:27.984 [FXGL Background Thread 1 ] DEBUG SystemBundleService  - Bundle FXGL: {}
09:54:27.984 [FXGL Background Thread 1 ] DEBUG UpdaterService       - Checking for updates
09:54:28.016 [FXGL Background Thread 4 ] DEBUG FXGLApplication      - Loading fonts
09:54:28.017 [FXGL Background Thread 4 ] DEBUG FXGLAssetLoaderServi - Loading from file system: jar:file:/C:/Users/chaum/.m2/repository/com/github/almasb/fxgl/17.1/fxgl-17.1.jar!/fxglassets/ui/fonts/VarelaRound-Regular.ttf
09:54:28.017 [FXGL Background Thread 1 ] DEBUG FXGLApplication      - Loading default localization
09:54:28.018 [FXGL Background Thread 1 ] DEBUG FXGLAssetLoaderServi - Loading from file system: jar:file:/C:/Users/chaum/.m2/repository/com/github/almasb/fxgl/17.1/fxgl-17.1.jar!/fxglassets/languages/english.lang
09:54:28.034 [FXGL Background Thread 1 ] INFO  FXGLApplication      - FXGL initialization took: 0.377 sec
09:54:28.042 [JavaFX Application Thread] DEBUG Input                - Registered new binding: action0 - F
09:54:28.042 [JavaFX Application Thread] DEBUG Input                - Registered new binding: action1 - G
09:54:28.043 [JavaFX Application Thread] DEBUG Input                - Registered new binding: action2 - R
09:54:28.043 [JavaFX Application Thread] DEBUG Input                - Registered new binding: action3 - T
09:54:28.043 [JavaFX Application Thread] DEBUG Input                - Registered new binding: Right - D
09:54:28.043 [JavaFX Application Thread] DEBUG Input                - Registered new binding: Left - A
09:54:28.044 [JavaFX Application Thread] DEBUG Input                - Registered new binding: Up - W
09:54:28.044 [JavaFX Application Thread] DEBUG Input                - Registered new binding: Down - S
09:54:28.044 [JavaFX Application Thread] DEBUG Input                - Registered new binding: Place boom - Space
09:54:28.044 [JavaFX Application Thread] DEBUG FXGLAssetLoaderServi - Loading from file system: file:/E:/space_java/Game/game_datbom/target/classes/assets/textures/icon/icon.png
09:54:28.074 [FXGL Background Thread 4 ] DEBUG FXGLAssetLoaderServi - Loading from file system: jar:file:/C:/Users/chaum/.m2/repository/com/github/almasb/fxgl/17.1/fxgl-17.1.jar!/fxglassets/ui/fonts/Abel-Regular.ttf
09:54:28.078 [FXGL Background Thread 4 ] DEBUG FXGLAssetLoaderServi - Loading from file system: jar:file:/C:/Users/chaum/.m2/repository/com/github/almasb/fxgl/17.1/fxgl-17.1.jar!/fxglassets/ui/fonts/TerminalLandMono-Regular.otf
09:54:28.090 [FXGL Background Thread 4 ] DEBUG FXGLAssetLoaderServi - Loading from file system: jar:file:/C:/Users/chaum/.m2/repository/com/github/almasb/fxgl/17.1/fxgl-17.1.jar!/fxglassets/ui/fonts/Courier-Prime.ttf
09:54:28.098 [JavaFX Application Thread] DEBUG FXGLAssetLoaderServi - Loading from file system: file:/E:/space_java/Game/game_datbom/target/classes/assets/textures/cursor/cursor1.png
09:54:28.106 [JavaFX Application Thread] DEBUG Input                - Registered new binding: Screenshot - CTRL+8
09:54:28.107 [JavaFX Application Thread] DEBUG Input                - Registered new binding: Dev Options - 1
09:54:28.107 [JavaFX Application Thread] DEBUG Input                - Registered new binding: Dev Console - 2
09:54:28.108 [JavaFX Application Thread] DEBUG Input                - Registered new binding: System info dump - CTRL+9
09:54:28.108 [JavaFX Application Thread] DEBUG Input                - Registered new binding: Restart - CTRL+R
09:54:28.109 [JavaFX Application Thread] DEBUG Input                - Registered new binding: Toggle Debug Camera - CTRL+7
09:54:28.113 [JavaFX Application Thread] DEBUG LoopRunner           - Starting loop
09:54:28.128 [JavaFX Application Thread] DEBUG LoopRunner           - Initializing JavaFX AnimationTimerLoop
09:54:28.132 [JavaFX Application Thread] DEBUG Input                - Clearing active input actions
09:54:28.140 [JavaFX Application Thread] DEBUG GameApplicationServi - Removing overlay from FXGLStartupScene and adding to FXGLMainMenuDummyScene
09:54:28.144 [JavaFX Application Thread] DEBUG PrimaryStageWindow   - FXGLStartupScene -> FXGLMainMenuDummyScene
09:54:28.144 [JavaFX Application Thread] DEBUG PrimaryStageWindow   - Push state: MainMenu
09:54:28.145 [JavaFX Application Thread] DEBUG Input                - Clearing active input actions
09:54:28.148 [JavaFX Application Thread] DEBUG GameApplicationServi - Removing overlay from FXGLMainMenuDummyScene and adding to MainMenu
09:54:28.149 [JavaFX Application Thread] DEBUG PrimaryStageWindow   - FXGLMainMenuDummyScene -> MainMenu
09:54:28.162 [JavaFX Application Thread] DEBUG FXGLApplication      - Registering font factories with UI factory
09:54:28.583 [FXGL Background Thread 2 ] INFO  UpdaterService       - Your current version:  17.1
09:54:28.584 [FXGL Background Thread 2 ] INFO  UpdaterService       - Latest stable version: 17.2
09:54:29.535 [JavaFX Application Thread] DEBUG Menu                 - fireNewGame()
09:54:29.536 [JavaFX Application Thread] DEBUG GameApplicationServi - Starting new game
09:54:29.536 [JavaFX Application Thread] DEBUG PrimaryStageWindow   - Pop state: MainMenu
09:54:29.537 [JavaFX Application Thread] DEBUG Input                - Clearing active input actions
09:54:29.539 [JavaFX Application Thread] DEBUG GameApplicationServi - Removing overlay from MainMenu and adding to FXGLMainMenuDummyScene
09:54:29.545 [JavaFX Application Thread] DEBUG PrimaryStageWindow   - FXGLMainMenuDummyScene <- MainMenu
09:54:29.545 [JavaFX Application Thread] DEBUG Input                - Clearing active input actions
09:54:29.558 [JavaFX Application Thread] DEBUG GameApplicationServi - Removing overlay from FXGLMainMenuDummyScene and adding to FXGLLoadingScene
09:54:29.558 [JavaFX Application Thread] DEBUG PrimaryStageWindow   - FXGLMainMenuDummyScene -> FXGLLoadingScene
09:54:29.558 [JavaFX Application Thread] DEBUG GameApplicationServi - Clearing previous game
09:54:29.558 [JavaFX Application Thread] DEBUG GameScene            - Clearing game scene
09:54:29.558 [JavaFX Application Thread] DEBUG GameWorld            - Clearing game world
09:54:29.559 [JavaFX Application Thread] DEBUG PhysicsWorld         - Clearing physics world
09:54:29.561 [FXGL Background Thread 2 ] DEBUG FXGLApplication      - Initializing game
09:54:29.585 [FXGL Background Thread 2 ] DEBUG FXGLAssetLoaderServi - Loading from file system: file:/E:/space_java/Game/game_datbom/target/classes/assets/textures/mapTexture/grass.png
09:54:29.595 [FXGL Background Thread 2 ] DEBUG FXGLAssetLoaderServi - Loading from file system: file:/E:/space_java/Game/game_datbom/target/classes/assets/textures/mapTexture/wall2.png
09:54:29.644 [FXGL Background Thread 2 ] DEBUG FXGLAssetLoaderServi - Loading from file system: file:/E:/space_java/Game/game_datbom/target/classes/assets/textures/gameItem/powerup_bombs.png
09:54:29.651 [FXGL Background Thread 2 ] DEBUG FXGLAssetLoaderServi - Loading from file system: file:/E:/space_java/Game/game_datbom/target/classes/assets/textures/gameItem/powerup_flamepass.png
09:54:29.656 [FXGL Background Thread 2 ] DEBUG FXGLAssetLoaderServi - Loading from file system: file:/E:/space_java/Game/game_datbom/target/classes/assets/textures/gameItem/powerup_flames.png
09:54:29.659 [FXGL Background Thread 2 ] DEBUG FXGLAssetLoaderServi - Loading from file system: file:/E:/space_java/Game/game_datbom/target/classes/assets/textures/gameItem/powerup_speed.png
09:54:29.701 [FXGL Background Thread 2 ] DEBUG FXGLAssetLoaderServi - Loading from file system: file:/E:/space_java/Game/game_datbom/target/classes/assets/textures/mapTexture%5cbrick.png
09:54:29.703 [FXGL Background Thread 2 ] DEBUG FXGLAssetLoaderServi - Loading from file system: file:/E:/space_java/Game/game_datbom/target/classes/assets/textures/mapTexture%5cbrick_break.png
09:54:29.776 [FXGL Background Thread 2 ] DEBUG FXGLAssetLoaderServi - Loading from file system: file:/E:/space_java/Game/game_datbom/target/classes/assets/textures/mapTexture/portal.png
09:54:29.858 [FXGL Background Thread 2 ] DEBUG FXGLAssetLoaderServi - Loading from file system: file:/E:/space_java/Game/game_datbom/target/classes/assets/textures/character%5cbomb.png
09:54:29.863 [FXGL Background Thread 2 ] DEBUG FXGLAssetLoaderServi - Loading from file system: file:/E:/space_java/Game/game_datbom/target/classes/assets/textures/character/gold_player_dead.png
09:54:29.864 [FXGL Background Thread 2 ] DEBUG FXGLAssetLoaderServi - Loading from file system: file:/E:/space_java/Game/game_datbom/target/classes/assets/textures/character/gold_player_down.png
09:54:29.866 [FXGL Background Thread 2 ] DEBUG FXGLAssetLoaderServi - Loading from file system: file:/E:/space_java/Game/game_datbom/target/classes/assets/textures/character/gold_player_up.png
09:54:29.868 [FXGL Background Thread 2 ] DEBUG FXGLAssetLoaderServi - Loading from file system: file:/E:/space_java/Game/game_datbom/target/classes/assets/textures/character/gold_player_left_temp.png
09:54:29.869 [FXGL Background Thread 2 ] DEBUG FXGLAssetLoaderServi - Loading from file system: file:/E:/space_java/Game/game_datbom/target/classes/assets/textures/character/gold_player_right_temp.png
09:54:29.876 [FXGL Background Thread 2 ] INFO  FXGLApplication      - Game initialization took: 0.314 sec
09:54:29.883 [JavaFX Application Thread] DEBUG Input                - Clearing active input actions
09:54:29.901 [JavaFX Application Thread] DEBUG GameApplicationServi - Removing overlay from FXGLLoadingScene and adding to GameScene
09:54:29.904 [JavaFX Application Thread] DEBUG PrimaryStageWindow   - FXGLLoadingScene -> GameScene
09:54:31.015 [FXGL Background Thread 3 ] DEBUG Engine               - Logging environment variables
09:54:31.016 [FXGL Background Thread 3 ] DEBUG Engine               - achievements: []
09:54:31.016 [FXGL Background Thread 3 ] DEBUG Engine               - actualHeight: 720.0
09:54:31.016 [FXGL Background Thread 3 ] DEBUG Engine               - actualHeightProperty: ReadOnlyDoubleProperty [value: 720.0]
09:54:31.016 [FXGL Background Thread 3 ] DEBUG Engine               - actualWidth: 1280.0
09:54:31.016 [FXGL Background Thread 3 ] DEBUG Engine               - actualWidthProperty: ReadOnlyDoubleProperty [value: 1280.0]
09:54:31.016 [FXGL Background Thread 3 ] DEBUG Engine               - appIcon: icon/icon.png
09:54:31.016 [FXGL Background Thread 3 ] DEBUG Engine               - applicationMode: DEVELOPER
09:54:31.016 [FXGL Background Thread 3 ] DEBUG Engine               - cSSList: [fxgl_dark.css]
09:54:31.016 [FXGL Background Thread 3 ] DEBUG Engine               - collisionDetectionStrategy: BRUTE_FORCE
09:54:31.017 [FXGL Background Thread 3 ] DEBUG Engine               - configClass: Optional.empty
09:54:31.017 [FXGL Background Thread 3 ] DEBUG Engine               - credits: []
09:54:31.018 [FXGL Background Thread 3 ] DEBUG Engine               - defaultCursor: CursorInfo(imageName=cursor/cursor1.png, hotspotX=0.0, hotspotY=0.0)
09:54:31.018 [FXGL Background Thread 3 ] DEBUG Engine               - devBBoxColorProperty: ObjectProperty [value: 0xff0000ff]
09:54:31.018 [FXGL Background Thread 3 ] DEBUG Engine               - devEnableDebugCameraProperty: BooleanProperty [value: false]
09:54:31.018 [FXGL Background Thread 3 ] DEBUG Engine               - devSensorColorProperty: ObjectProperty [value: 0xffff00ff]
09:54:31.018 [FXGL Background Thread 3 ] DEBUG Engine               - devShowBBoxProperty: BooleanProperty [value: false]
09:54:31.018 [FXGL Background Thread 3 ] DEBUG Engine               - devShowPositionProperty: BooleanProperty [value: false]
09:54:31.018 [FXGL Background Thread 3 ] DEBUG Engine               - enabledMenuItems: []
09:54:31.018 [FXGL Background Thread 3 ] DEBUG Engine               - engineServices: [class com.almasb.fxgl.app.services.FXGLAssetLoaderService, class com.almasb.fxgl.app.FXGLApplication$GameApplicationService, class com.almasb.fxgl.app.services.FXGLDialogService, class com.almasb.fxgl.app.services.IOTaskExecutorService, class com.almasb.fxgl.io.FileSystemService, class com.almasb.fxgl.localization.LocalizationService, class com.almasb.fxgl.app.services.SystemBundleService, class com.almasb.fxgl.profile.SaveLoadService, class com.almasb.fxgl.ui.FXGLUIFactoryServiceProvider, class com.almasb.fxgl.ui.FXGLDialogFactoryServiceProvider, class com.almasb.fxgl.audio.AudioPlayer, class com.almasb.fxgl.notification.impl.NotificationServiceProvider, class com.almasb.fxgl.achievement.AchievementService, class com.almasb.fxgl.cutscene.CutsceneService, class com.almasb.fxgl.minigames.MiniGameService, class com.almasb.fxgl.net.NetService, class com.almasb.fxgl.app.services.UpdaterService, class com.almasb.fxgl.dev.DevService]
09:54:31.018 [FXGL Background Thread 3 ] DEBUG Engine               - fontGame: Abel-Regular.ttf
09:54:31.018 [FXGL Background Thread 3 ] DEBUG Engine               - fontMono: TerminalLandMono-Regular.otf
09:54:31.018 [FXGL Background Thread 3 ] DEBUG Engine               - fontText: Courier-Prime.ttf
09:54:31.018 [FXGL Background Thread 3 ] DEBUG Engine               - fontUI: VarelaRound-Regular.ttf
09:54:31.019 [FXGL Background Thread 3 ] DEBUG Engine               - fullScreen: BooleanProperty [value: false]
09:54:31.019 [FXGL Background Thread 3 ] DEBUG Engine               - gameDifficulty: MEDIUM
09:54:31.019 [FXGL Background Thread 3 ] DEBUG Engine               - gameDifficultyProperty: ObjectProperty [value: MEDIUM]
09:54:31.019 [FXGL Background Thread 3 ] DEBUG Engine               - globalMusicVolume: 0.5
09:54:31.019 [FXGL Background Thread 3 ] DEBUG Engine               - globalMusicVolumeProperty: DoubleProperty [value: 0.5]
09:54:31.019 [FXGL Background Thread 3 ] DEBUG Engine               - globalSoundVolume: 0.5
09:54:31.019 [FXGL Background Thread 3 ] DEBUG Engine               - globalSoundVolumeProperty: DoubleProperty [value: 0.5]
09:54:31.019 [FXGL Background Thread 3 ] DEBUG Engine               - height: 720
09:54:31.019 [FXGL Background Thread 3 ] DEBUG Engine               - is3D: false
09:54:31.019 [FXGL Background Thread 3 ] DEBUG Engine               - isAndroid: false
09:54:31.019 [FXGL Background Thread 3 ] DEBUG Engine               - isBrowser: false
09:54:31.019 [FXGL Background Thread 3 ] DEBUG Engine               - isClickFeedbackEnabled: false
09:54:31.019 [FXGL Background Thread 3 ] DEBUG Engine               - isCloseConfirmation: false
09:54:31.019 [FXGL Background Thread 3 ] DEBUG Engine               - isDesktop: true
09:54:31.019 [FXGL Background Thread 3 ] DEBUG Engine               - isDeveloperMenuEnabled: true
09:54:31.019 [FXGL Background Thread 3 ] DEBUG Engine               - isEmbedded: false
09:54:31.019 [FXGL Background Thread 3 ] DEBUG Engine               - isEntityPreloadEnabled: true
09:54:31.020 [FXGL Background Thread 3 ] DEBUG Engine               - isExperimentalTiledLargeMap: false
09:54:31.020 [FXGL Background Thread 3 ] DEBUG Engine               - isFileSystemWriteAllowed: true
09:54:31.020 [FXGL Background Thread 3 ] DEBUG Engine               - isFullScreenAllowed: false
09:54:31.020 [FXGL Background Thread 3 ] DEBUG Engine               - isFullScreenFromStart: false
09:54:31.020 [FXGL Background Thread 3 ] DEBUG Engine               - isGameMenuEnabled: true
09:54:31.020 [FXGL Background Thread 3 ] DEBUG Engine               - isIOS: false
09:54:31.020 [FXGL Background Thread 3 ] DEBUG Engine               - isIntroEnabled: false
09:54:31.020 [FXGL Background Thread 3 ] DEBUG Engine               - isLinux: false
09:54:31.020 [FXGL Background Thread 3 ] DEBUG Engine               - isMac: false
09:54:31.020 [FXGL Background Thread 3 ] DEBUG Engine               - isMainMenuEnabled: true
09:54:31.020 [FXGL Background Thread 3 ] DEBUG Engine               - isManualResizeEnabled: false
09:54:31.020 [FXGL Background Thread 3 ] DEBUG Engine               - isMobile: false
09:54:31.020 [FXGL Background Thread 3 ] DEBUG Engine               - isNative: false
09:54:31.020 [FXGL Background Thread 3 ] DEBUG Engine               - isPauseMusicWhenMinimized: true
09:54:31.020 [FXGL Background Thread 3 ] DEBUG Engine               - isPreserveResizeRatio: false
09:54:31.020 [FXGL Background Thread 3 ] DEBUG Engine               - isProfilingEnabled: false
09:54:31.020 [FXGL Background Thread 3 ] DEBUG Engine               - isScaleAffectedOnResize: true
09:54:31.020 [FXGL Background Thread 3 ] DEBUG Engine               - isSingleStep: false
09:54:31.021 [FXGL Background Thread 3 ] DEBUG Engine               - isUserProfileEnabled: false
09:54:31.021 [FXGL Background Thread 3 ] DEBUG Engine               - isWindows: true
09:54:31.021 [FXGL Background Thread 3 ] DEBUG Engine               - language: ObjectProperty [value: ENGLISH]
09:54:31.021 [FXGL Background Thread 3 ] DEBUG Engine               - menuKey: ESCAPE
09:54:31.021 [FXGL Background Thread 3 ] DEBUG Engine               - mouseSensitivity: 0.2
09:54:31.021 [FXGL Background Thread 3 ] DEBUG Engine               - notificationViewClass: class com.almasb.fxgl.notification.view.XboxNotificationView
09:54:31.021 [FXGL Background Thread 3 ] DEBUG Engine               - pixelsPerMeter: 50.0
09:54:31.021 [FXGL Background Thread 3 ] DEBUG Engine               - platform: WINDOWS
09:54:31.021 [FXGL Background Thread 3 ] DEBUG Engine               - prefHeightProperty: ReadOnlyDoubleProperty [value: 720.0]
09:54:31.021 [FXGL Background Thread 3 ] DEBUG Engine               - prefWidthProperty: ReadOnlyDoubleProperty [value: 1280.0]
09:54:31.021 [FXGL Background Thread 3 ] DEBUG Engine               - profileDir: profiles/
09:54:31.021 [FXGL Background Thread 3 ] DEBUG Engine               - profileName: StringProperty [value: DEFAULT]
09:54:31.021 [FXGL Background Thread 3 ] DEBUG Engine               - randomSeed: -1
09:54:31.021 [FXGL Background Thread 3 ] DEBUG Engine               - runtimeInfo: RuntimeInfo(platform=WINDOWS, version=17.1, build=24.03.2022 17.34)
09:54:31.021 [FXGL Background Thread 3 ] DEBUG Engine               - saveFileExt: sav
09:54:31.022 [FXGL Background Thread 3 ] DEBUG Engine               - scaledHeightProp$fxgl: DoubleProperty [bound, value: 720.0]
09:54:31.022 [FXGL Background Thread 3 ] DEBUG Engine               - scaledWidthProp$fxgl: DoubleProperty [bound, value: 1280.0]
09:54:31.022 [FXGL Background Thread 3 ] DEBUG Engine               - sceneFactory: hellofx.Main$1@12ca3af2
09:54:31.022 [FXGL Background Thread 3 ] DEBUG Engine               - secondsIn24h: 60
09:54:31.022 [FXGL Background Thread 3 ] DEBUG Engine               - soundMenuBack: menu/back.wav
09:54:31.022 [FXGL Background Thread 3 ] DEBUG Engine               - soundMenuPress: menu/press.wav
09:54:31.022 [FXGL Background Thread 3 ] DEBUG Engine               - soundMenuSelect: menu/select.wav
09:54:31.022 [FXGL Background Thread 3 ] DEBUG Engine               - soundNotification: core/notification.wav
09:54:31.022 [FXGL Background Thread 3 ] DEBUG Engine               - stageStyle: DECORATED
09:54:31.022 [FXGL Background Thread 3 ] DEBUG Engine               - supportedLanguages: [ENGLISH, FRENCH, GERMAN, HUNGARIAN, RUSSIAN]
09:54:31.022 [FXGL Background Thread 3 ] DEBUG Engine               - ticksPerSecond: -1
09:54:31.022 [FXGL Background Thread 3 ] DEBUG Engine               - title: Bomberman
09:54:31.022 [FXGL Background Thread 3 ] DEBUG Engine               - urlGithub: https://github.com/AlmasB/FXGL
09:54:31.022 [FXGL Background Thread 3 ] DEBUG Engine               - urlLeaderboard: http://fxgl-top.herokuapp.com/
09:54:31.022 [FXGL Background Thread 3 ] DEBUG Engine               - urlPOM: https://raw.githubusercontent.com/AlmasB/FXGL/release/README.md
09:54:31.022 [FXGL Background Thread 3 ] DEBUG Engine               - userAppClass: class hellofx.Main
09:54:31.022 [FXGL Background Thread 3 ] DEBUG Engine               - version: 1.0
09:54:31.022 [FXGL Background Thread 3 ] DEBUG Engine               - versionCheckDays: 7
09:54:31.022 [FXGL Background Thread 3 ] DEBUG Engine               - width: 1280
09:54:31.022 [FXGL Background Thread 3 ] DEBUG Engine               - Logging services
09:54:31.023 [FXGL Background Thread 3 ] DEBUG Engine               - class com.almasb.fxgl.app.services.FXGLAssetLoaderService
09:54:31.023 [FXGL Background Thread 3 ] DEBUG Engine               - class com.almasb.fxgl.app.FXGLApplication$GameApplicationService
09:54:31.023 [FXGL Background Thread 3 ] DEBUG Engine               - class com.almasb.fxgl.app.services.FXGLDialogService
09:54:31.023 [FXGL Background Thread 3 ] DEBUG Engine               - class com.almasb.fxgl.app.services.IOTaskExecutorService
09:54:31.023 [FXGL Background Thread 3 ] DEBUG Engine               - class com.almasb.fxgl.io.FileSystemService
09:54:31.023 [FXGL Background Thread 3 ] DEBUG Engine               - class com.almasb.fxgl.localization.LocalizationService
09:54:31.023 [FXGL Background Thread 3 ] DEBUG Engine               - class com.almasb.fxgl.app.services.SystemBundleService
09:54:31.023 [FXGL Background Thread 3 ] DEBUG Engine               - class com.almasb.fxgl.profile.SaveLoadService
09:54:31.023 [FXGL Background Thread 3 ] DEBUG Engine               - class com.almasb.fxgl.ui.FXGLUIFactoryServiceProvider
09:54:31.023 [FXGL Background Thread 3 ] DEBUG Engine               - class com.almasb.fxgl.ui.FXGLDialogFactoryServiceProvider
09:54:31.023 [FXGL Background Thread 3 ] DEBUG Engine               - class com.almasb.fxgl.audio.AudioPlayer
09:54:31.023 [FXGL Background Thread 3 ] DEBUG Engine               - class com.almasb.fxgl.notification.impl.NotificationServiceProvider
09:54:31.023 [FXGL Background Thread 3 ] DEBUG Engine               - class com.almasb.fxgl.achievement.AchievementService
09:54:31.023 [FXGL Background Thread 3 ] DEBUG Engine               - class com.almasb.fxgl.cutscene.CutsceneService
09:54:31.023 [FXGL Background Thread 3 ] DEBUG Engine               - class com.almasb.fxgl.minigames.MiniGameService
09:54:31.023 [FXGL Background Thread 3 ] DEBUG Engine               - class com.almasb.fxgl.net.NetService
09:54:31.023 [FXGL Background Thread 3 ] DEBUG Engine               - class com.almasb.fxgl.app.services.UpdaterService
09:54:31.023 [FXGL Background Thread 3 ] DEBUG Engine               - class com.almasb.fxgl.dev.DevService
09:54:35.018 [JavaFX Application Thread] DEBUG FXGLApplication      - Exiting FXGL
09:54:35.018 [JavaFX Application Thread] DEBUG LoopRunner           - Stopping loop
09:54:35.018 [JavaFX Application Thread] DEBUG SystemBundleService  - Saving FXGL system data
09:54:35.023 [JavaFX Application Thread] DEBUG FileSystemAccess     - Writing to: E:\space_java\Game\game_datbom\system\fxgl.bundle
09:54:35.028 [JavaFX Application Thread] DEBUG Async                - Shutting down background threads
09:54:35.029 [JavaFX Application Thread] DEBUG PrimaryStageWindow   - Closing main window
09:54:35.058 [JavaFX Application Thread] DEBUG Logger               - Closing Logger
