08:22:10.340 [main                     ] DEBUG Logger               - Configured Logger
08:22:10.363 [main                     ] DEBUG GameApplication      - Logging settings
Title: Bomberman
Version: 1.0
Width: 1280
Height: 720
Fullscreen: false
Intro: false
Profiling: false
Single step:false
App Mode: DEVELOPER
Menu Key: ESCAPE
Stage Style: DECORATED
Scene Factory: class hellofx.Main$1

08:22:10.474 [JavaFX Application Thread] DEBUG FXGLApplication      - Initializing FXGL
08:22:10.480 [JavaFX Application Thread] INFO  Engine               - FXGL-17.1 (24.03.2022 17.34) on WINDOWS (J:18.0.2.1 FX:18)
08:22:10.480 [JavaFX Application Thread] DEBUG Engine               - JRE Vendor Name: Oracle Corporation
08:22:10.481 [JavaFX Application Thread] DEBUG Engine               - Running on OS: Windows 11 version 10.0
08:22:10.481 [JavaFX Application Thread] DEBUG Engine               - Architecture: amd64
08:22:10.481 [JavaFX Application Thread] INFO  Engine               - Source code and latest versions at: https://github.com/AlmasB/FXGL
08:22:10.481 [JavaFX Application Thread] INFO  Engine               -       Ask questions and discuss at: https://github.com/AlmasB/FXGL/discussions
08:22:10.481 [JavaFX Application Thread] INFO  Engine               -              Join the FXGL chat at: https://gitter.im/AlmasB/FXGL
08:22:10.535 [JavaFX Application Thread] DEBUG PrimaryStageWindow   - Creating a JavaFX scene
08:22:10.584 [JavaFX Application Thread] DEBUG PrimaryStageWindow   - Target settings size: 1280.0 x 720.0
08:22:10.585 [JavaFX Application Thread] DEBUG PrimaryStageWindow   - Scaled scene size:    1280.0 x 720.0
08:22:10.585 [JavaFX Application Thread] DEBUG PrimaryStageWindow   - Scaled ratio: (1.0, 1.0)
08:22:10.587 [JavaFX Application Thread] DEBUG PrimaryStageWindow   - Set initial scene to FXGLStartupScene
08:22:10.596 [JavaFX Application Thread] DEBUG PrimaryStageWindow   - Opening main window
08:22:10.692 [JavaFX Application Thread] DEBUG PrimaryStageWindow   - Window border size: (16.0, 39.0)
08:22:10.692 [JavaFX Application Thread] DEBUG PrimaryStageWindow   - Scaled size: 1280.0 x 720.0
08:22:10.693 [JavaFX Application Thread] DEBUG PrimaryStageWindow   - Scaled ratio: (1.0, 1.0)
08:22:10.693 [JavaFX Application Thread] DEBUG PrimaryStageWindow   - Scene size: 1280.0 x 720.0
08:22:10.693 [JavaFX Application Thread] DEBUG PrimaryStageWindow   - Stage size: 1296.0 x 759.0
08:22:10.703 [FXGL Background Thread 1 ] DEBUG Engine               - Initializing environment variables
08:22:10.770 [FXGL Background Thread 1 ] DEBUG FXGLAssetLoaderServi - User app class for loading assets: class hellofx.Main
08:22:10.771 [FXGL Background Thread 1 ] DEBUG GameApplicationServi - Applying CSS: fxgl_dark.css
08:22:10.772 [FXGL Background Thread 1 ] DEBUG FXGLAssetLoaderServi - Loading from file system: jar:file:/C:/Users/chaum/.m2/repository/com/github/almasb/fxgl/17.1/fxgl-17.1.jar!/fxglassets/ui/css/fxgl_dark.css
08:22:10.823 [FXGL Background Thread 1 ] DEBUG GameApplicationServi - Initializing application scenes
08:22:10.860 [FXGL Background Thread 1 ] DEBUG GameWorld            - Game world initialized
08:22:10.908 [FXGL Background Thread 1 ] DEBUG PhysicsWorld         - Physics world initialized: appHeight=720, physics.ppm=50.0
08:22:10.909 [FXGL Background Thread 1 ] DEBUG PhysicsWorld         - Using strategy: BRUTE_FORCE
08:22:10.915 [FXGL Background Thread 1 ] DEBUG GameScene            - Game scene initialized: 1280x720
08:22:10.995 [FXGL Background Thread 1 ] DEBUG GameApplicationServi - Application scenes initialized
08:22:11.010 [FXGL Background Thread 1 ] DEBUG SystemBundleService  - Loading FXGL system data
08:22:11.014 [FXGL Background Thread 1 ] DEBUG FileSystemAccess     - Reading from: E:\space_java\Game\game_datbom\system\fxgl.bundle
08:22:11.021 [FXGL Background Thread 1 ] DEBUG SystemBundleService  - Bundle FXGL: {}
08:22:11.021 [FXGL Background Thread 1 ] DEBUG UpdaterService       - Checking for updates
08:22:11.051 [FXGL Background Thread 4 ] DEBUG FXGLApplication      - Loading fonts
08:22:11.051 [FXGL Background Thread 1 ] DEBUG FXGLApplication      - Loading default localization
08:22:11.052 [FXGL Background Thread 4 ] DEBUG FXGLAssetLoaderServi - Loading from file system: jar:file:/C:/Users/chaum/.m2/repository/com/github/almasb/fxgl/17.1/fxgl-17.1.jar!/fxglassets/ui/fonts/VarelaRound-Regular.ttf
08:22:11.052 [FXGL Background Thread 1 ] DEBUG FXGLAssetLoaderServi - Loading from file system: jar:file:/C:/Users/chaum/.m2/repository/com/github/almasb/fxgl/17.1/fxgl-17.1.jar!/fxglassets/languages/english.lang
08:22:11.073 [FXGL Background Thread 1 ] INFO  FXGLApplication      - FXGL initialization took: 0.370 sec
08:22:11.083 [JavaFX Application Thread] DEBUG Input                - Registered new binding: action0 - F
08:22:11.084 [JavaFX Application Thread] DEBUG Input                - Registered new binding: action1 - G
08:22:11.084 [JavaFX Application Thread] DEBUG Input                - Registered new binding: action2 - R
08:22:11.084 [JavaFX Application Thread] DEBUG Input                - Registered new binding: action3 - T
08:22:11.084 [JavaFX Application Thread] DEBUG Input                - Registered new binding: Right - D
08:22:11.084 [JavaFX Application Thread] DEBUG Input                - Registered new binding: Left - A
08:22:11.085 [JavaFX Application Thread] DEBUG Input                - Registered new binding: Up - W
08:22:11.085 [JavaFX Application Thread] DEBUG Input                - Registered new binding: Down - S
08:22:11.085 [JavaFX Application Thread] DEBUG Input                - Registered new binding: Place boom - Space
08:22:11.085 [JavaFX Application Thread] DEBUG FXGLAssetLoaderServi - Loading from file system: file:/E:/space_java/Game/game_datbom/target/classes/assets/textures/icon/icon.png
08:22:11.121 [FXGL Background Thread 4 ] DEBUG FXGLAssetLoaderServi - Loading from file system: jar:file:/C:/Users/chaum/.m2/repository/com/github/almasb/fxgl/17.1/fxgl-17.1.jar!/fxglassets/ui/fonts/Abel-Regular.ttf
08:22:11.136 [FXGL Background Thread 4 ] DEBUG FXGLAssetLoaderServi - Loading from file system: jar:file:/C:/Users/chaum/.m2/repository/com/github/almasb/fxgl/17.1/fxgl-17.1.jar!/fxglassets/ui/fonts/TerminalLandMono-Regular.otf
08:22:11.143 [FXGL Background Thread 4 ] DEBUG FXGLAssetLoaderServi - Loading from file system: jar:file:/C:/Users/chaum/.m2/repository/com/github/almasb/fxgl/17.1/fxgl-17.1.jar!/fxglassets/ui/fonts/Courier-Prime.ttf
08:22:11.149 [JavaFX Application Thread] DEBUG FXGLAssetLoaderServi - Loading from file system: file:/E:/space_java/Game/game_datbom/target/classes/assets/textures/cursor/cursor1.png
08:22:11.159 [JavaFX Application Thread] DEBUG Input                - Registered new binding: Screenshot - CTRL+8
08:22:11.159 [JavaFX Application Thread] DEBUG Input                - Registered new binding: Dev Options - 1
08:22:11.160 [JavaFX Application Thread] DEBUG Input                - Registered new binding: Dev Console - 2
08:22:11.160 [JavaFX Application Thread] DEBUG Input                - Registered new binding: System info dump - CTRL+9
08:22:11.160 [JavaFX Application Thread] DEBUG Input                - Registered new binding: Restart - CTRL+R
08:22:11.161 [JavaFX Application Thread] DEBUG Input                - Registered new binding: Toggle Debug Camera - CTRL+7
08:22:11.165 [JavaFX Application Thread] DEBUG LoopRunner           - Starting loop
08:22:11.181 [JavaFX Application Thread] DEBUG LoopRunner           - Initializing JavaFX AnimationTimerLoop
08:22:11.183 [JavaFX Application Thread] DEBUG Input                - Clearing active input actions
08:22:11.191 [JavaFX Application Thread] DEBUG GameApplicationServi - Removing overlay from FXGLStartupScene and adding to FXGLMainMenuDummyScene
08:22:11.196 [JavaFX Application Thread] DEBUG PrimaryStageWindow   - FXGLStartupScene -> FXGLMainMenuDummyScene
08:22:11.196 [JavaFX Application Thread] DEBUG PrimaryStageWindow   - Push state: MainMenu
08:22:11.196 [JavaFX Application Thread] DEBUG Input                - Clearing active input actions
08:22:11.201 [JavaFX Application Thread] DEBUG GameApplicationServi - Removing overlay from FXGLMainMenuDummyScene and adding to MainMenu
08:22:11.201 [JavaFX Application Thread] DEBUG PrimaryStageWindow   - FXGLMainMenuDummyScene -> MainMenu
08:22:11.202 [JavaFX Application Thread] DEBUG FXGLApplication      - Registering font factories with UI factory
08:22:11.893 [FXGL Background Thread 2 ] INFO  UpdaterService       - Your current version:  17.1
08:22:11.894 [FXGL Background Thread 2 ] INFO  UpdaterService       - Latest stable version: 17.2
08:22:12.829 [JavaFX Application Thread] DEBUG Menu                 - fireNewGame()
08:22:12.830 [JavaFX Application Thread] DEBUG GameApplicationServi - Starting new game
08:22:12.830 [JavaFX Application Thread] DEBUG PrimaryStageWindow   - Pop state: MainMenu
08:22:12.830 [JavaFX Application Thread] DEBUG Input                - Clearing active input actions
08:22:12.833 [JavaFX Application Thread] DEBUG GameApplicationServi - Removing overlay from MainMenu and adding to FXGLMainMenuDummyScene
08:22:12.838 [JavaFX Application Thread] DEBUG PrimaryStageWindow   - FXGLMainMenuDummyScene <- MainMenu
08:22:12.839 [JavaFX Application Thread] DEBUG Input                - Clearing active input actions
08:22:12.847 [JavaFX Application Thread] DEBUG GameApplicationServi - Removing overlay from FXGLMainMenuDummyScene and adding to FXGLLoadingScene
08:22:12.848 [JavaFX Application Thread] DEBUG PrimaryStageWindow   - FXGLMainMenuDummyScene -> FXGLLoadingScene
08:22:12.848 [JavaFX Application Thread] DEBUG GameApplicationServi - Clearing previous game
08:22:12.848 [JavaFX Application Thread] DEBUG GameScene            - Clearing game scene
08:22:12.848 [JavaFX Application Thread] DEBUG GameWorld            - Clearing game world
08:22:12.848 [JavaFX Application Thread] DEBUG PhysicsWorld         - Clearing physics world
08:22:12.851 [FXGL Background Thread 2 ] DEBUG FXGLApplication      - Initializing game
08:22:12.883 [FXGL Background Thread 2 ] DEBUG FXGLAssetLoaderServi - Loading from file system: file:/E:/space_java/Game/game_datbom/target/classes/assets/textures/mapTexture/grass.png
08:22:12.890 [FXGL Background Thread 2 ] DEBUG FXGLAssetLoaderServi - Loading from file system: file:/E:/space_java/Game/game_datbom/target/classes/assets/textures/mapTexture/wall2.png
08:22:12.943 [FXGL Background Thread 2 ] DEBUG FXGLAssetLoaderServi - Loading from file system: file:/E:/space_java/Game/game_datbom/target/classes/assets/textures/gameItem/powerup_bombs.png
08:22:12.949 [FXGL Background Thread 2 ] DEBUG FXGLAssetLoaderServi - Loading from file system: file:/E:/space_java/Game/game_datbom/target/classes/assets/textures/gameItem/powerup_flamepass.png
08:22:12.955 [FXGL Background Thread 2 ] DEBUG FXGLAssetLoaderServi - Loading from file system: file:/E:/space_java/Game/game_datbom/target/classes/assets/textures/gameItem/powerup_flames.png
08:22:12.958 [FXGL Background Thread 2 ] DEBUG FXGLAssetLoaderServi - Loading from file system: file:/E:/space_java/Game/game_datbom/target/classes/assets/textures/gameItem/powerup_speed.png
08:22:13.000 [FXGL Background Thread 2 ] DEBUG FXGLAssetLoaderServi - Loading from file system: file:/E:/space_java/Game/game_datbom/target/classes/assets/textures/mapTexture%5cbrick.png
08:22:13.002 [FXGL Background Thread 2 ] DEBUG FXGLAssetLoaderServi - Loading from file system: file:/E:/space_java/Game/game_datbom/target/classes/assets/textures/mapTexture%5cbrick_break.png
08:22:13.083 [FXGL Background Thread 2 ] DEBUG FXGLAssetLoaderServi - Loading from file system: file:/E:/space_java/Game/game_datbom/target/classes/assets/textures/mapTexture/portal.png
08:22:13.151 [FXGL Background Thread 2 ] DEBUG FXGLAssetLoaderServi - Loading from file system: file:/E:/space_java/Game/game_datbom/target/classes/assets/textures/character%5cbomb.png
08:22:13.156 [FXGL Background Thread 2 ] DEBUG FXGLAssetLoaderServi - Loading from file system: file:/E:/space_java/Game/game_datbom/target/classes/assets/textures/character/gold_player_dead.png
08:22:13.158 [FXGL Background Thread 2 ] DEBUG FXGLAssetLoaderServi - Loading from file system: file:/E:/space_java/Game/game_datbom/target/classes/assets/textures/character/gold_player_down.png
08:22:13.159 [FXGL Background Thread 2 ] DEBUG FXGLAssetLoaderServi - Loading from file system: file:/E:/space_java/Game/game_datbom/target/classes/assets/textures/character/gold_player_up.png
08:22:13.160 [FXGL Background Thread 2 ] DEBUG FXGLAssetLoaderServi - Loading from file system: file:/E:/space_java/Game/game_datbom/target/classes/assets/textures/character/gold_player_left_temp.png
08:22:13.161 [FXGL Background Thread 2 ] DEBUG FXGLAssetLoaderServi - Loading from file system: file:/E:/space_java/Game/game_datbom/target/classes/assets/textures/character/gold_player_right_temp.png
08:22:13.168 [FXGL Background Thread 2 ] INFO  FXGLApplication      - Game initialization took: 0.317 sec
08:22:13.169 [JavaFX Application Thread] DEBUG Input                - Clearing active input actions
08:22:13.184 [JavaFX Application Thread] DEBUG GameApplicationServi - Removing overlay from FXGLLoadingScene and adding to GameScene
08:22:13.187 [JavaFX Application Thread] DEBUG PrimaryStageWindow   - FXGLLoadingScene -> GameScene
08:22:14.051 [FXGL Background Thread 3 ] DEBUG Engine               - Logging environment variables
08:22:14.052 [FXGL Background Thread 3 ] DEBUG Engine               - achievements: []
08:22:14.052 [FXGL Background Thread 3 ] DEBUG Engine               - actualHeight: 720.0
08:22:14.052 [FXGL Background Thread 3 ] DEBUG Engine               - actualHeightProperty: ReadOnlyDoubleProperty [value: 720.0]
08:22:14.052 [FXGL Background Thread 3 ] DEBUG Engine               - actualWidth: 1280.0
08:22:14.052 [FXGL Background Thread 3 ] DEBUG Engine               - actualWidthProperty: ReadOnlyDoubleProperty [value: 1280.0]
08:22:14.053 [FXGL Background Thread 3 ] DEBUG Engine               - appIcon: icon/icon.png
08:22:14.053 [FXGL Background Thread 3 ] DEBUG Engine               - applicationMode: DEVELOPER
08:22:14.053 [FXGL Background Thread 3 ] DEBUG Engine               - cSSList: [fxgl_dark.css]
08:22:14.053 [FXGL Background Thread 3 ] DEBUG Engine               - collisionDetectionStrategy: BRUTE_FORCE
08:22:14.053 [FXGL Background Thread 3 ] DEBUG Engine               - configClass: Optional.empty
08:22:14.053 [FXGL Background Thread 3 ] DEBUG Engine               - credits: []
08:22:14.054 [FXGL Background Thread 3 ] DEBUG Engine               - defaultCursor: CursorInfo(imageName=cursor/cursor1.png, hotspotX=0.0, hotspotY=0.0)
08:22:14.055 [FXGL Background Thread 3 ] DEBUG Engine               - devBBoxColorProperty: ObjectProperty [value: 0xff0000ff]
08:22:14.055 [FXGL Background Thread 3 ] DEBUG Engine               - devEnableDebugCameraProperty: BooleanProperty [value: false]
08:22:14.055 [FXGL Background Thread 3 ] DEBUG Engine               - devSensorColorProperty: ObjectProperty [value: 0xffff00ff]
08:22:14.055 [FXGL Background Thread 3 ] DEBUG Engine               - devShowBBoxProperty: BooleanProperty [value: false]
08:22:14.055 [FXGL Background Thread 3 ] DEBUG Engine               - devShowPositionProperty: BooleanProperty [value: false]
08:22:14.055 [FXGL Background Thread 3 ] DEBUG Engine               - enabledMenuItems: []
08:22:14.055 [FXGL Background Thread 3 ] DEBUG Engine               - engineServices: [class com.almasb.fxgl.app.services.FXGLAssetLoaderService, class com.almasb.fxgl.app.FXGLApplication$GameApplicationService, class com.almasb.fxgl.app.services.FXGLDialogService, class com.almasb.fxgl.app.services.IOTaskExecutorService, class com.almasb.fxgl.io.FileSystemService, class com.almasb.fxgl.localization.LocalizationService, class com.almasb.fxgl.app.services.SystemBundleService, class com.almasb.fxgl.profile.SaveLoadService, class com.almasb.fxgl.ui.FXGLUIFactoryServiceProvider, class com.almasb.fxgl.ui.FXGLDialogFactoryServiceProvider, class com.almasb.fxgl.audio.AudioPlayer, class com.almasb.fxgl.notification.impl.NotificationServiceProvider, class com.almasb.fxgl.achievement.AchievementService, class com.almasb.fxgl.cutscene.CutsceneService, class com.almasb.fxgl.minigames.MiniGameService, class com.almasb.fxgl.net.NetService, class com.almasb.fxgl.app.services.UpdaterService, class com.almasb.fxgl.dev.DevService]
08:22:14.055 [FXGL Background Thread 3 ] DEBUG Engine               - fontGame: Abel-Regular.ttf
08:22:14.056 [FXGL Background Thread 3 ] DEBUG Engine               - fontMono: TerminalLandMono-Regular.otf
08:22:14.056 [FXGL Background Thread 3 ] DEBUG Engine               - fontText: Courier-Prime.ttf
08:22:14.056 [FXGL Background Thread 3 ] DEBUG Engine               - fontUI: VarelaRound-Regular.ttf
08:22:14.056 [FXGL Background Thread 3 ] DEBUG Engine               - fullScreen: BooleanProperty [value: false]
08:22:14.056 [FXGL Background Thread 3 ] DEBUG Engine               - gameDifficulty: MEDIUM
08:22:14.056 [FXGL Background Thread 3 ] DEBUG Engine               - gameDifficultyProperty: ObjectProperty [value: MEDIUM]
08:22:14.056 [FXGL Background Thread 3 ] DEBUG Engine               - globalMusicVolume: 0.5
08:22:14.056 [FXGL Background Thread 3 ] DEBUG Engine               - globalMusicVolumeProperty: DoubleProperty [value: 0.5]
08:22:14.056 [FXGL Background Thread 3 ] DEBUG Engine               - globalSoundVolume: 0.5
08:22:14.056 [FXGL Background Thread 3 ] DEBUG Engine               - globalSoundVolumeProperty: DoubleProperty [value: 0.5]
08:22:14.056 [FXGL Background Thread 3 ] DEBUG Engine               - height: 720
08:22:14.056 [FXGL Background Thread 3 ] DEBUG Engine               - is3D: false
08:22:14.056 [FXGL Background Thread 3 ] DEBUG Engine               - isAndroid: false
08:22:14.056 [FXGL Background Thread 3 ] DEBUG Engine               - isBrowser: false
08:22:14.056 [FXGL Background Thread 3 ] DEBUG Engine               - isClickFeedbackEnabled: false
08:22:14.056 [FXGL Background Thread 3 ] DEBUG Engine               - isCloseConfirmation: false
08:22:14.056 [FXGL Background Thread 3 ] DEBUG Engine               - isDesktop: true
08:22:14.057 [FXGL Background Thread 3 ] DEBUG Engine               - isDeveloperMenuEnabled: true
08:22:14.057 [FXGL Background Thread 3 ] DEBUG Engine               - isEmbedded: false
08:22:14.057 [FXGL Background Thread 3 ] DEBUG Engine               - isEntityPreloadEnabled: true
08:22:14.057 [FXGL Background Thread 3 ] DEBUG Engine               - isExperimentalTiledLargeMap: false
08:22:14.057 [FXGL Background Thread 3 ] DEBUG Engine               - isFileSystemWriteAllowed: true
08:22:14.057 [FXGL Background Thread 3 ] DEBUG Engine               - isFullScreenAllowed: false
08:22:14.057 [FXGL Background Thread 3 ] DEBUG Engine               - isFullScreenFromStart: false
08:22:14.057 [FXGL Background Thread 3 ] DEBUG Engine               - isGameMenuEnabled: true
08:22:14.057 [FXGL Background Thread 3 ] DEBUG Engine               - isIOS: false
08:22:14.057 [FXGL Background Thread 3 ] DEBUG Engine               - isIntroEnabled: false
08:22:14.057 [FXGL Background Thread 3 ] DEBUG Engine               - isLinux: false
08:22:14.057 [FXGL Background Thread 3 ] DEBUG Engine               - isMac: false
08:22:14.057 [FXGL Background Thread 3 ] DEBUG Engine               - isMainMenuEnabled: true
08:22:14.057 [FXGL Background Thread 3 ] DEBUG Engine               - isManualResizeEnabled: false
08:22:14.057 [FXGL Background Thread 3 ] DEBUG Engine               - isMobile: false
08:22:14.057 [FXGL Background Thread 3 ] DEBUG Engine               - isNative: false
08:22:14.057 [FXGL Background Thread 3 ] DEBUG Engine               - isPauseMusicWhenMinimized: true
08:22:14.057 [FXGL Background Thread 3 ] DEBUG Engine               - isPreserveResizeRatio: false
08:22:14.057 [FXGL Background Thread 3 ] DEBUG Engine               - isProfilingEnabled: false
08:22:14.057 [FXGL Background Thread 3 ] DEBUG Engine               - isScaleAffectedOnResize: true
08:22:14.057 [FXGL Background Thread 3 ] DEBUG Engine               - isSingleStep: false
08:22:14.058 [FXGL Background Thread 3 ] DEBUG Engine               - isUserProfileEnabled: false
08:22:14.058 [FXGL Background Thread 3 ] DEBUG Engine               - isWindows: true
08:22:14.058 [FXGL Background Thread 3 ] DEBUG Engine               - language: ObjectProperty [value: ENGLISH]
08:22:14.058 [FXGL Background Thread 3 ] DEBUG Engine               - menuKey: ESCAPE
08:22:14.058 [FXGL Background Thread 3 ] DEBUG Engine               - mouseSensitivity: 0.2
08:22:14.058 [FXGL Background Thread 3 ] DEBUG Engine               - notificationViewClass: class com.almasb.fxgl.notification.view.XboxNotificationView
08:22:14.058 [FXGL Background Thread 3 ] DEBUG Engine               - pixelsPerMeter: 50.0
08:22:14.058 [FXGL Background Thread 3 ] DEBUG Engine               - platform: WINDOWS
08:22:14.058 [FXGL Background Thread 3 ] DEBUG Engine               - prefHeightProperty: ReadOnlyDoubleProperty [value: 720.0]
08:22:14.058 [FXGL Background Thread 3 ] DEBUG Engine               - prefWidthProperty: ReadOnlyDoubleProperty [value: 1280.0]
08:22:14.058 [FXGL Background Thread 3 ] DEBUG Engine               - profileDir: profiles/
08:22:14.058 [FXGL Background Thread 3 ] DEBUG Engine               - profileName: StringProperty [value: DEFAULT]
08:22:14.058 [FXGL Background Thread 3 ] DEBUG Engine               - randomSeed: -1
08:22:14.058 [FXGL Background Thread 3 ] DEBUG Engine               - runtimeInfo: RuntimeInfo(platform=WINDOWS, version=17.1, build=24.03.2022 17.34)
08:22:14.058 [FXGL Background Thread 3 ] DEBUG Engine               - saveFileExt: sav
08:22:14.058 [FXGL Background Thread 3 ] DEBUG Engine               - scaledHeightProp$fxgl: DoubleProperty [bound, value: 720.0]
08:22:14.059 [FXGL Background Thread 3 ] DEBUG Engine               - scaledWidthProp$fxgl: DoubleProperty [bound, value: 1280.0]
08:22:14.059 [FXGL Background Thread 3 ] DEBUG Engine               - sceneFactory: hellofx.Main$1@77c05080
08:22:14.059 [FXGL Background Thread 3 ] DEBUG Engine               - secondsIn24h: 60
08:22:14.059 [FXGL Background Thread 3 ] DEBUG Engine               - soundMenuBack: menu/back.wav
08:22:14.059 [FXGL Background Thread 3 ] DEBUG Engine               - soundMenuPress: menu/press.wav
08:22:14.059 [FXGL Background Thread 3 ] DEBUG Engine               - soundMenuSelect: menu/select.wav
08:22:14.059 [FXGL Background Thread 3 ] DEBUG Engine               - soundNotification: core/notification.wav
08:22:14.059 [FXGL Background Thread 3 ] DEBUG Engine               - stageStyle: DECORATED
08:22:14.059 [FXGL Background Thread 3 ] DEBUG Engine               - supportedLanguages: [ENGLISH, FRENCH, GERMAN, HUNGARIAN, RUSSIAN]
08:22:14.059 [FXGL Background Thread 3 ] DEBUG Engine               - ticksPerSecond: -1
08:22:14.059 [FXGL Background Thread 3 ] DEBUG Engine               - title: Bomberman
08:22:14.059 [FXGL Background Thread 3 ] DEBUG Engine               - urlGithub: https://github.com/AlmasB/FXGL
08:22:14.059 [FXGL Background Thread 3 ] DEBUG Engine               - urlLeaderboard: http://fxgl-top.herokuapp.com/
08:22:14.059 [FXGL Background Thread 3 ] DEBUG Engine               - urlPOM: https://raw.githubusercontent.com/AlmasB/FXGL/release/README.md
08:22:14.059 [FXGL Background Thread 3 ] DEBUG Engine               - userAppClass: class hellofx.Main
08:22:14.059 [FXGL Background Thread 3 ] DEBUG Engine               - version: 1.0
08:22:14.059 [FXGL Background Thread 3 ] DEBUG Engine               - versionCheckDays: 7
08:22:14.059 [FXGL Background Thread 3 ] DEBUG Engine               - width: 1280
08:22:14.059 [FXGL Background Thread 3 ] DEBUG Engine               - Logging services
08:22:14.059 [FXGL Background Thread 3 ] DEBUG Engine               - class com.almasb.fxgl.app.services.FXGLAssetLoaderService
08:22:14.059 [FXGL Background Thread 3 ] DEBUG Engine               - class com.almasb.fxgl.app.FXGLApplication$GameApplicationService
08:22:14.060 [FXGL Background Thread 3 ] DEBUG Engine               - class com.almasb.fxgl.app.services.FXGLDialogService
08:22:14.060 [FXGL Background Thread 3 ] DEBUG Engine               - class com.almasb.fxgl.app.services.IOTaskExecutorService
08:22:14.060 [FXGL Background Thread 3 ] DEBUG Engine               - class com.almasb.fxgl.io.FileSystemService
08:22:14.060 [FXGL Background Thread 3 ] DEBUG Engine               - class com.almasb.fxgl.localization.LocalizationService
08:22:14.060 [FXGL Background Thread 3 ] DEBUG Engine               - class com.almasb.fxgl.app.services.SystemBundleService
08:22:14.060 [FXGL Background Thread 3 ] DEBUG Engine               - class com.almasb.fxgl.profile.SaveLoadService
08:22:14.060 [FXGL Background Thread 3 ] DEBUG Engine               - class com.almasb.fxgl.ui.FXGLUIFactoryServiceProvider
08:22:14.060 [FXGL Background Thread 3 ] DEBUG Engine               - class com.almasb.fxgl.ui.FXGLDialogFactoryServiceProvider
08:22:14.060 [FXGL Background Thread 3 ] DEBUG Engine               - class com.almasb.fxgl.audio.AudioPlayer
08:22:14.060 [FXGL Background Thread 3 ] DEBUG Engine               - class com.almasb.fxgl.notification.impl.NotificationServiceProvider
08:22:14.060 [FXGL Background Thread 3 ] DEBUG Engine               - class com.almasb.fxgl.achievement.AchievementService
08:22:14.060 [FXGL Background Thread 3 ] DEBUG Engine               - class com.almasb.fxgl.cutscene.CutsceneService
08:22:14.060 [FXGL Background Thread 3 ] DEBUG Engine               - class com.almasb.fxgl.minigames.MiniGameService
08:22:14.060 [FXGL Background Thread 3 ] DEBUG Engine               - class com.almasb.fxgl.net.NetService
08:22:14.060 [FXGL Background Thread 3 ] DEBUG Engine               - class com.almasb.fxgl.app.services.UpdaterService
08:22:14.060 [FXGL Background Thread 3 ] DEBUG Engine               - class com.almasb.fxgl.dev.DevService
08:22:22.485 [JavaFX Application Thread] DEBUG FXGLApplication      - Exiting FXGL
08:22:22.485 [JavaFX Application Thread] DEBUG LoopRunner           - Stopping loop
08:22:22.485 [JavaFX Application Thread] DEBUG SystemBundleService  - Saving FXGL system data
08:22:22.488 [JavaFX Application Thread] DEBUG FileSystemAccess     - Writing to: E:\space_java\Game\game_datbom\system\fxgl.bundle
08:22:22.491 [JavaFX Application Thread] DEBUG Async                - Shutting down background threads
08:22:22.492 [JavaFX Application Thread] DEBUG PrimaryStageWindow   - Closing main window
08:22:22.539 [JavaFX Application Thread] DEBUG Logger               - Closing Logger
