22:46:35.936 [main                     ] DEBUG Logger               - Configured Logger
22:46:35.954 [main                     ] DEBUG GameApplication      - Logging settings
Title: Bomberman
Version: 1.0
Width: 1280
Height: 720
Fullscreen: false
Intro: false
Profiling: false
Single step:false
App Mode: DEVELOPER
Menu Key: ESCAPE
Stage Style: DECORATED
Scene Factory: class hellofx.Main$1

22:46:36.062 [JavaFX Application Thread] DEBUG FXGLApplication      - Initializing FXGL
22:46:36.069 [JavaFX Application Thread] INFO  Engine               - FXGL-17.1 (24.03.2022 17.34) on WINDOWS (J:18.0.2.1 FX:18)
22:46:36.069 [JavaFX Application Thread] DEBUG Engine               - JRE Vendor Name: Oracle Corporation
22:46:36.070 [JavaFX Application Thread] DEBUG Engine               - Running on OS: Windows 11 version 10.0
22:46:36.070 [JavaFX Application Thread] DEBUG Engine               - Architecture: amd64
22:46:36.070 [JavaFX Application Thread] INFO  Engine               - Source code and latest versions at: https://github.com/AlmasB/FXGL
22:46:36.070 [JavaFX Application Thread] INFO  Engine               -       Ask questions and discuss at: https://github.com/AlmasB/FXGL/discussions
22:46:36.071 [JavaFX Application Thread] INFO  Engine               -              Join the FXGL chat at: https://gitter.im/AlmasB/FXGL
22:46:36.121 [JavaFX Application Thread] DEBUG PrimaryStageWindow   - Creating a JavaFX scene
22:46:36.171 [JavaFX Application Thread] DEBUG PrimaryStageWindow   - Target settings size: 1280.0 x 720.0
22:46:36.171 [JavaFX Application Thread] DEBUG PrimaryStageWindow   - Scaled scene size:    1280.0 x 720.0
22:46:36.172 [JavaFX Application Thread] DEBUG PrimaryStageWindow   - Scaled ratio: (1.0, 1.0)
22:46:36.173 [JavaFX Application Thread] DEBUG PrimaryStageWindow   - Set initial scene to FXGLStartupScene
22:46:36.183 [JavaFX Application Thread] DEBUG PrimaryStageWindow   - Opening main window
22:46:36.270 [JavaFX Application Thread] DEBUG PrimaryStageWindow   - Window border size: (16.0, 39.0)
22:46:36.271 [JavaFX Application Thread] DEBUG PrimaryStageWindow   - Scaled size: 1280.0 x 720.0
22:46:36.271 [JavaFX Application Thread] DEBUG PrimaryStageWindow   - Scaled ratio: (1.0, 1.0)
22:46:36.272 [JavaFX Application Thread] DEBUG PrimaryStageWindow   - Scene size: 1280.0 x 720.0
22:46:36.272 [JavaFX Application Thread] DEBUG PrimaryStageWindow   - Stage size: 1296.0 x 759.0
22:46:36.285 [FXGL Background Thread 1 ] DEBUG Engine               - Initializing environment variables
22:46:36.353 [FXGL Background Thread 1 ] DEBUG FXGLAssetLoaderServi - User app class for loading assets: class hellofx.Main
22:46:36.354 [FXGL Background Thread 1 ] DEBUG GameApplicationServi - Applying CSS: fxgl_dark.css
22:46:36.355 [FXGL Background Thread 1 ] DEBUG FXGLAssetLoaderServi - Loading from file system: jar:file:/C:/Users/chaum/.m2/repository/com/github/almasb/fxgl/17.1/fxgl-17.1.jar!/fxglassets/ui/css/fxgl_dark.css
22:46:36.401 [FXGL Background Thread 1 ] DEBUG GameApplicationServi - Initializing application scenes
22:46:36.449 [FXGL Background Thread 1 ] DEBUG GameWorld            - Game world initialized
22:46:36.507 [FXGL Background Thread 1 ] DEBUG PhysicsWorld         - Physics world initialized: appHeight=720, physics.ppm=50.0
22:46:36.508 [FXGL Background Thread 1 ] DEBUG PhysicsWorld         - Using strategy: BRUTE_FORCE
22:46:36.511 [FXGL Background Thread 1 ] DEBUG GameScene            - Game scene initialized: 1280x720
22:46:36.589 [FXGL Background Thread 1 ] DEBUG GameApplicationServi - Application scenes initialized
22:46:36.603 [FXGL Background Thread 1 ] DEBUG SystemBundleService  - Loading FXGL system data
22:46:36.608 [FXGL Background Thread 1 ] DEBUG FileSystemAccess     - Reading from: E:\space_java\Game\game_datbom\system\fxgl.bundle
22:46:36.615 [FXGL Background Thread 1 ] DEBUG SystemBundleService  - Bundle FXGL: {}
22:46:36.615 [FXGL Background Thread 1 ] DEBUG UpdaterService       - Checking for updates
22:46:36.644 [FXGL Background Thread 4 ] DEBUG FXGLApplication      - Loading fonts
22:46:36.644 [FXGL Background Thread 1 ] DEBUG FXGLApplication      - Loading default localization
22:46:36.645 [FXGL Background Thread 4 ] DEBUG FXGLAssetLoaderServi - Loading from file system: jar:file:/C:/Users/chaum/.m2/repository/com/github/almasb/fxgl/17.1/fxgl-17.1.jar!/fxglassets/ui/fonts/VarelaRound-Regular.ttf
22:46:36.645 [FXGL Background Thread 1 ] DEBUG FXGLAssetLoaderServi - Loading from file system: jar:file:/C:/Users/chaum/.m2/repository/com/github/almasb/fxgl/17.1/fxgl-17.1.jar!/fxglassets/languages/english.lang
22:46:36.668 [FXGL Background Thread 1 ] INFO  FXGLApplication      - FXGL initialization took: 0.384 sec
22:46:36.682 [JavaFX Application Thread] DEBUG Input                - Registered new binding: action0 - F
22:46:36.683 [JavaFX Application Thread] DEBUG Input                - Registered new binding: action1 - G
22:46:36.683 [JavaFX Application Thread] DEBUG Input                - Registered new binding: action2 - R
22:46:36.683 [JavaFX Application Thread] DEBUG Input                - Registered new binding: action3 - T
22:46:36.684 [JavaFX Application Thread] DEBUG Input                - Registered new binding: Right - D
22:46:36.684 [JavaFX Application Thread] DEBUG Input                - Registered new binding: Left - A
22:46:36.684 [JavaFX Application Thread] DEBUG Input                - Registered new binding: Up - W
22:46:36.684 [JavaFX Application Thread] DEBUG Input                - Registered new binding: Down - S
22:46:36.684 [JavaFX Application Thread] DEBUG Input                - Registered new binding: Place boom - Space
22:46:36.685 [JavaFX Application Thread] DEBUG FXGLAssetLoaderServi - Loading from file system: file:/E:/space_java/Game/game_datbom/target/classes/assets/textures/icon/icon.png
22:46:36.731 [FXGL Background Thread 4 ] DEBUG FXGLAssetLoaderServi - Loading from file system: jar:file:/C:/Users/chaum/.m2/repository/com/github/almasb/fxgl/17.1/fxgl-17.1.jar!/fxglassets/ui/fonts/Abel-Regular.ttf
22:46:36.735 [FXGL Background Thread 4 ] DEBUG FXGLAssetLoaderServi - Loading from file system: jar:file:/C:/Users/chaum/.m2/repository/com/github/almasb/fxgl/17.1/fxgl-17.1.jar!/fxglassets/ui/fonts/TerminalLandMono-Regular.otf
22:46:36.740 [FXGL Background Thread 4 ] DEBUG FXGLAssetLoaderServi - Loading from file system: jar:file:/C:/Users/chaum/.m2/repository/com/github/almasb/fxgl/17.1/fxgl-17.1.jar!/fxglassets/ui/fonts/Courier-Prime.ttf
22:46:36.776 [JavaFX Application Thread] DEBUG FXGLAssetLoaderServi - Loading from file system: file:/E:/space_java/Game/game_datbom/target/classes/assets/textures/cursor/cursor1.png
22:46:36.785 [JavaFX Application Thread] DEBUG Input                - Registered new binding: Screenshot - CTRL+8
22:46:36.786 [JavaFX Application Thread] DEBUG Input                - Registered new binding: Dev Options - 1
22:46:36.786 [JavaFX Application Thread] DEBUG Input                - Registered new binding: Dev Console - 2
22:46:36.786 [JavaFX Application Thread] DEBUG Input                - Registered new binding: System info dump - CTRL+9
22:46:36.787 [JavaFX Application Thread] DEBUG Input                - Registered new binding: Restart - CTRL+R
22:46:36.787 [JavaFX Application Thread] DEBUG Input                - Registered new binding: Toggle Debug Camera - CTRL+7
22:46:36.790 [JavaFX Application Thread] DEBUG LoopRunner           - Starting loop
22:46:36.805 [JavaFX Application Thread] DEBUG LoopRunner           - Initializing JavaFX AnimationTimerLoop
22:46:36.807 [JavaFX Application Thread] DEBUG Input                - Clearing active input actions
22:46:36.813 [JavaFX Application Thread] DEBUG GameApplicationServi - Removing overlay from FXGLStartupScene and adding to FXGLMainMenuDummyScene
22:46:36.817 [JavaFX Application Thread] DEBUG PrimaryStageWindow   - FXGLStartupScene -> FXGLMainMenuDummyScene
22:46:36.817 [JavaFX Application Thread] DEBUG PrimaryStageWindow   - Push state: MainMenu
22:46:36.818 [JavaFX Application Thread] DEBUG Input                - Clearing active input actions
22:46:36.822 [JavaFX Application Thread] DEBUG GameApplicationServi - Removing overlay from FXGLMainMenuDummyScene and adding to MainMenu
22:46:36.823 [JavaFX Application Thread] DEBUG PrimaryStageWindow   - FXGLMainMenuDummyScene -> MainMenu
22:46:36.831 [JavaFX Application Thread] DEBUG FXGLApplication      - Registering font factories with UI factory
22:46:37.268 [FXGL Background Thread 2 ] INFO  UpdaterService       - Your current version:  17.1
22:46:37.269 [FXGL Background Thread 2 ] INFO  UpdaterService       - Latest stable version: 17.2
22:46:38.294 [JavaFX Application Thread] DEBUG Menu                 - fireNewGame()
22:46:38.294 [JavaFX Application Thread] DEBUG GameApplicationServi - Starting new game
22:46:38.295 [JavaFX Application Thread] DEBUG PrimaryStageWindow   - Pop state: MainMenu
22:46:38.296 [JavaFX Application Thread] DEBUG Input                - Clearing active input actions
22:46:38.298 [JavaFX Application Thread] DEBUG GameApplicationServi - Removing overlay from MainMenu and adding to FXGLMainMenuDummyScene
22:46:38.303 [JavaFX Application Thread] DEBUG PrimaryStageWindow   - FXGLMainMenuDummyScene <- MainMenu
22:46:38.304 [JavaFX Application Thread] DEBUG Input                - Clearing active input actions
22:46:38.311 [JavaFX Application Thread] DEBUG GameApplicationServi - Removing overlay from FXGLMainMenuDummyScene and adding to FXGLLoadingScene
22:46:38.312 [JavaFX Application Thread] DEBUG PrimaryStageWindow   - FXGLMainMenuDummyScene -> FXGLLoadingScene
22:46:38.312 [JavaFX Application Thread] DEBUG GameApplicationServi - Clearing previous game
22:46:38.312 [JavaFX Application Thread] DEBUG GameScene            - Clearing game scene
22:46:38.312 [JavaFX Application Thread] DEBUG GameWorld            - Clearing game world
22:46:38.312 [JavaFX Application Thread] DEBUG PhysicsWorld         - Clearing physics world
22:46:38.314 [FXGL Background Thread 2 ] DEBUG FXGLApplication      - Initializing game
22:46:38.348 [FXGL Background Thread 2 ] DEBUG FXGLAssetLoaderServi - Loading from file system: file:/E:/space_java/Game/game_datbom/target/classes/assets/textures/mapTexture/grass.png
22:46:38.354 [FXGL Background Thread 2 ] DEBUG FXGLAssetLoaderServi - Loading from file system: file:/E:/space_java/Game/game_datbom/target/classes/assets/textures/mapTexture/wall2.png
22:46:38.409 [FXGL Background Thread 2 ] DEBUG FXGLAssetLoaderServi - Loading from file system: file:/E:/space_java/Game/game_datbom/target/classes/assets/textures/mapTexture%5cbrick.png
22:46:38.413 [FXGL Background Thread 2 ] DEBUG FXGLAssetLoaderServi - Loading from file system: file:/E:/space_java/Game/game_datbom/target/classes/assets/textures/mapTexture%5cbrick_break.png
22:46:38.459 [FXGL Background Thread 2 ] DEBUG FXGLAssetLoaderServi - Loading from file system: file:/E:/space_java/Game/game_datbom/target/classes/assets/textures/gameItem/powerup_bombs.png
22:46:38.462 [FXGL Background Thread 2 ] DEBUG FXGLAssetLoaderServi - Loading from file system: file:/E:/space_java/Game/game_datbom/target/classes/assets/textures/gameItem/powerup_flamepass.png
22:46:38.483 [FXGL Background Thread 2 ] DEBUG FXGLAssetLoaderServi - Loading from file system: file:/E:/space_java/Game/game_datbom/target/classes/assets/textures/enemy/balloon36.png
22:46:38.503 [FXGL Background Thread 2 ] DEBUG FXGLAssetLoaderServi - Loading from file system: file:/E:/space_java/Game/game_datbom/target/classes/assets/textures/gameItem/powerup_speed.png
22:46:38.516 [FXGL Background Thread 2 ] DEBUG FXGLAssetLoaderServi - Loading from file system: file:/E:/space_java/Game/game_datbom/target/classes/assets/textures/gameItem/powerup_flames.png
22:46:38.557 [FXGL Background Thread 2 ] DEBUG FXGLAssetLoaderServi - Loading from file system: file:/E:/space_java/Game/game_datbom/target/classes/assets/textures/mapTexture/portal.png
22:46:38.631 [FXGL Background Thread 2 ] DEBUG FXGLAssetLoaderServi - Loading from file system: file:/E:/space_java/Game/game_datbom/target/classes/assets/textures/character/gold_player_dead.png
22:46:38.633 [FXGL Background Thread 2 ] DEBUG FXGLAssetLoaderServi - Loading from file system: file:/E:/space_java/Game/game_datbom/target/classes/assets/textures/character/gold_player_down.png
22:46:38.634 [FXGL Background Thread 2 ] DEBUG FXGLAssetLoaderServi - Loading from file system: file:/E:/space_java/Game/game_datbom/target/classes/assets/textures/character/gold_player_up.png
22:46:38.635 [FXGL Background Thread 2 ] DEBUG FXGLAssetLoaderServi - Loading from file system: file:/E:/space_java/Game/game_datbom/target/classes/assets/textures/character/gold_player_left_temp.png
22:46:38.636 [FXGL Background Thread 2 ] DEBUG FXGLAssetLoaderServi - Loading from file system: file:/E:/space_java/Game/game_datbom/target/classes/assets/textures/character/gold_player_right_temp.png
22:46:38.638 [FXGL Background Thread 2 ] INFO  FXGLApplication      - Game initialization took: 0.323 sec
22:46:38.640 [JavaFX Application Thread] DEBUG Input                - Clearing active input actions
22:46:38.656 [JavaFX Application Thread] DEBUG GameApplicationServi - Removing overlay from FXGLLoadingScene and adding to GameScene
22:46:38.658 [JavaFX Application Thread] DEBUG PrimaryStageWindow   - FXGLLoadingScene -> GameScene
22:46:39.643 [FXGL Background Thread 3 ] DEBUG Engine               - Logging environment variables
22:46:39.644 [FXGL Background Thread 3 ] DEBUG Engine               - achievements: []
22:46:39.644 [FXGL Background Thread 3 ] DEBUG Engine               - actualHeight: 720.0
22:46:39.644 [FXGL Background Thread 3 ] DEBUG Engine               - actualHeightProperty: ReadOnlyDoubleProperty [value: 720.0]
22:46:39.644 [FXGL Background Thread 3 ] DEBUG Engine               - actualWidth: 1280.0
22:46:39.644 [FXGL Background Thread 3 ] DEBUG Engine               - actualWidthProperty: ReadOnlyDoubleProperty [value: 1280.0]
22:46:39.645 [FXGL Background Thread 3 ] DEBUG Engine               - appIcon: icon/icon.png
22:46:39.645 [FXGL Background Thread 3 ] DEBUG Engine               - applicationMode: DEVELOPER
22:46:39.645 [FXGL Background Thread 3 ] DEBUG Engine               - cSSList: [fxgl_dark.css]
22:46:39.645 [FXGL Background Thread 3 ] DEBUG Engine               - collisionDetectionStrategy: BRUTE_FORCE
22:46:39.645 [FXGL Background Thread 3 ] DEBUG Engine               - configClass: Optional.empty
22:46:39.645 [FXGL Background Thread 3 ] DEBUG Engine               - credits: []
22:46:39.649 [FXGL Background Thread 3 ] DEBUG Engine               - defaultCursor: CursorInfo(imageName=cursor/cursor1.png, hotspotX=0.0, hotspotY=0.0)
22:46:39.650 [FXGL Background Thread 3 ] DEBUG Engine               - devBBoxColorProperty: ObjectProperty [value: 0xff0000ff]
22:46:39.650 [FXGL Background Thread 3 ] DEBUG Engine               - devEnableDebugCameraProperty: BooleanProperty [value: false]
22:46:39.650 [FXGL Background Thread 3 ] DEBUG Engine               - devSensorColorProperty: ObjectProperty [value: 0xffff00ff]
22:46:39.650 [FXGL Background Thread 3 ] DEBUG Engine               - devShowBBoxProperty: BooleanProperty [value: false]
22:46:39.650 [FXGL Background Thread 3 ] DEBUG Engine               - devShowPositionProperty: BooleanProperty [value: false]
22:46:39.650 [FXGL Background Thread 3 ] DEBUG Engine               - enabledMenuItems: []
22:46:39.650 [FXGL Background Thread 3 ] DEBUG Engine               - engineServices: [class com.almasb.fxgl.app.services.FXGLAssetLoaderService, class com.almasb.fxgl.app.FXGLApplication$GameApplicationService, class com.almasb.fxgl.app.services.FXGLDialogService, class com.almasb.fxgl.app.services.IOTaskExecutorService, class com.almasb.fxgl.io.FileSystemService, class com.almasb.fxgl.localization.LocalizationService, class com.almasb.fxgl.app.services.SystemBundleService, class com.almasb.fxgl.profile.SaveLoadService, class com.almasb.fxgl.ui.FXGLUIFactoryServiceProvider, class com.almasb.fxgl.ui.FXGLDialogFactoryServiceProvider, class com.almasb.fxgl.audio.AudioPlayer, class com.almasb.fxgl.notification.impl.NotificationServiceProvider, class com.almasb.fxgl.achievement.AchievementService, class com.almasb.fxgl.cutscene.CutsceneService, class com.almasb.fxgl.minigames.MiniGameService, class com.almasb.fxgl.net.NetService, class com.almasb.fxgl.app.services.UpdaterService, class com.almasb.fxgl.dev.DevService]
22:46:39.650 [FXGL Background Thread 3 ] DEBUG Engine               - fontGame: Abel-Regular.ttf
22:46:39.650 [FXGL Background Thread 3 ] DEBUG Engine               - fontMono: TerminalLandMono-Regular.otf
22:46:39.650 [FXGL Background Thread 3 ] DEBUG Engine               - fontText: Courier-Prime.ttf
22:46:39.650 [FXGL Background Thread 3 ] DEBUG Engine               - fontUI: VarelaRound-Regular.ttf
22:46:39.651 [FXGL Background Thread 3 ] DEBUG Engine               - fullScreen: BooleanProperty [value: false]
22:46:39.651 [FXGL Background Thread 3 ] DEBUG Engine               - gameDifficulty: MEDIUM
22:46:39.651 [FXGL Background Thread 3 ] DEBUG Engine               - gameDifficultyProperty: ObjectProperty [value: MEDIUM]
22:46:39.651 [FXGL Background Thread 3 ] DEBUG Engine               - globalMusicVolume: 0.5
22:46:39.651 [FXGL Background Thread 3 ] DEBUG Engine               - globalMusicVolumeProperty: DoubleProperty [value: 0.5]
22:46:39.651 [FXGL Background Thread 3 ] DEBUG Engine               - globalSoundVolume: 0.5
22:46:39.651 [FXGL Background Thread 3 ] DEBUG Engine               - globalSoundVolumeProperty: DoubleProperty [value: 0.5]
22:46:39.651 [FXGL Background Thread 3 ] DEBUG Engine               - height: 720
22:46:39.651 [FXGL Background Thread 3 ] DEBUG Engine               - is3D: false
22:46:39.651 [FXGL Background Thread 3 ] DEBUG Engine               - isAndroid: false
22:46:39.652 [FXGL Background Thread 3 ] DEBUG Engine               - isBrowser: false
22:46:39.652 [FXGL Background Thread 3 ] DEBUG Engine               - isClickFeedbackEnabled: false
22:46:39.652 [FXGL Background Thread 3 ] DEBUG Engine               - isCloseConfirmation: false
22:46:39.652 [FXGL Background Thread 3 ] DEBUG Engine               - isDesktop: true
22:46:39.652 [FXGL Background Thread 3 ] DEBUG Engine               - isDeveloperMenuEnabled: true
22:46:39.652 [FXGL Background Thread 3 ] DEBUG Engine               - isEmbedded: false
22:46:39.652 [FXGL Background Thread 3 ] DEBUG Engine               - isEntityPreloadEnabled: true
22:46:39.652 [FXGL Background Thread 3 ] DEBUG Engine               - isExperimentalTiledLargeMap: false
22:46:39.652 [FXGL Background Thread 3 ] DEBUG Engine               - isFileSystemWriteAllowed: true
22:46:39.652 [FXGL Background Thread 3 ] DEBUG Engine               - isFullScreenAllowed: false
22:46:39.652 [FXGL Background Thread 3 ] DEBUG Engine               - isFullScreenFromStart: false
22:46:39.652 [FXGL Background Thread 3 ] DEBUG Engine               - isGameMenuEnabled: true
22:46:39.652 [FXGL Background Thread 3 ] DEBUG Engine               - isIOS: false
22:46:39.652 [FXGL Background Thread 3 ] DEBUG Engine               - isIntroEnabled: false
22:46:39.652 [FXGL Background Thread 3 ] DEBUG Engine               - isLinux: false
22:46:39.652 [FXGL Background Thread 3 ] DEBUG Engine               - isMac: false
22:46:39.653 [FXGL Background Thread 3 ] DEBUG Engine               - isMainMenuEnabled: true
22:46:39.653 [FXGL Background Thread 3 ] DEBUG Engine               - isManualResizeEnabled: false
22:46:39.653 [FXGL Background Thread 3 ] DEBUG Engine               - isMobile: false
22:46:39.653 [FXGL Background Thread 3 ] DEBUG Engine               - isNative: false
22:46:39.653 [FXGL Background Thread 3 ] DEBUG Engine               - isPauseMusicWhenMinimized: true
22:46:39.653 [FXGL Background Thread 3 ] DEBUG Engine               - isPreserveResizeRatio: false
22:46:39.653 [FXGL Background Thread 3 ] DEBUG Engine               - isProfilingEnabled: false
22:46:39.653 [FXGL Background Thread 3 ] DEBUG Engine               - isScaleAffectedOnResize: true
22:46:39.653 [FXGL Background Thread 3 ] DEBUG Engine               - isSingleStep: false
22:46:39.653 [FXGL Background Thread 3 ] DEBUG Engine               - isUserProfileEnabled: false
22:46:39.653 [FXGL Background Thread 3 ] DEBUG Engine               - isWindows: true
22:46:39.653 [FXGL Background Thread 3 ] DEBUG Engine               - language: ObjectProperty [value: ENGLISH]
22:46:39.653 [FXGL Background Thread 3 ] DEBUG Engine               - menuKey: ESCAPE
22:46:39.653 [FXGL Background Thread 3 ] DEBUG Engine               - mouseSensitivity: 0.2
22:46:39.653 [FXGL Background Thread 3 ] DEBUG Engine               - notificationViewClass: class com.almasb.fxgl.notification.view.XboxNotificationView
22:46:39.653 [FXGL Background Thread 3 ] DEBUG Engine               - pixelsPerMeter: 50.0
22:46:39.653 [FXGL Background Thread 3 ] DEBUG Engine               - platform: WINDOWS
22:46:39.653 [FXGL Background Thread 3 ] DEBUG Engine               - prefHeightProperty: ReadOnlyDoubleProperty [value: 720.0]
22:46:39.654 [FXGL Background Thread 3 ] DEBUG Engine               - prefWidthProperty: ReadOnlyDoubleProperty [value: 1280.0]
22:46:39.654 [FXGL Background Thread 3 ] DEBUG Engine               - profileDir: profiles/
22:46:39.654 [FXGL Background Thread 3 ] DEBUG Engine               - profileName: StringProperty [value: DEFAULT]
22:46:39.654 [FXGL Background Thread 3 ] DEBUG Engine               - randomSeed: -1
22:46:39.654 [FXGL Background Thread 3 ] DEBUG Engine               - runtimeInfo: RuntimeInfo(platform=WINDOWS, version=17.1, build=24.03.2022 17.34)
22:46:39.654 [FXGL Background Thread 3 ] DEBUG Engine               - saveFileExt: sav
22:46:39.654 [FXGL Background Thread 3 ] DEBUG Engine               - scaledHeightProp$fxgl: DoubleProperty [bound, value: 720.0]
22:46:39.655 [FXGL Background Thread 3 ] DEBUG Engine               - scaledWidthProp$fxgl: DoubleProperty [bound, value: 1280.0]
22:46:39.655 [FXGL Background Thread 3 ] DEBUG Engine               - sceneFactory: hellofx.Main$1@5bd27934
22:46:39.655 [FXGL Background Thread 3 ] DEBUG Engine               - secondsIn24h: 60
22:46:39.655 [FXGL Background Thread 3 ] DEBUG Engine               - soundMenuBack: menu/back.wav
22:46:39.655 [FXGL Background Thread 3 ] DEBUG Engine               - soundMenuPress: menu/press.wav
22:46:39.655 [FXGL Background Thread 3 ] DEBUG Engine               - soundMenuSelect: menu/select.wav
22:46:39.655 [FXGL Background Thread 3 ] DEBUG Engine               - soundNotification: core/notification.wav
22:46:39.655 [FXGL Background Thread 3 ] DEBUG Engine               - stageStyle: DECORATED
22:46:39.655 [FXGL Background Thread 3 ] DEBUG Engine               - supportedLanguages: [ENGLISH, FRENCH, GERMAN, HUNGARIAN, RUSSIAN]
22:46:39.655 [FXGL Background Thread 3 ] DEBUG Engine               - ticksPerSecond: -1
22:46:39.655 [FXGL Background Thread 3 ] DEBUG Engine               - title: Bomberman
22:46:39.656 [FXGL Background Thread 3 ] DEBUG Engine               - urlGithub: https://github.com/AlmasB/FXGL
22:46:39.656 [FXGL Background Thread 3 ] DEBUG Engine               - urlLeaderboard: http://fxgl-top.herokuapp.com/
22:46:39.656 [FXGL Background Thread 3 ] DEBUG Engine               - urlPOM: https://raw.githubusercontent.com/AlmasB/FXGL/release/README.md
22:46:39.656 [FXGL Background Thread 3 ] DEBUG Engine               - userAppClass: class hellofx.Main
22:46:39.656 [FXGL Background Thread 3 ] DEBUG Engine               - version: 1.0
22:46:39.656 [FXGL Background Thread 3 ] DEBUG Engine               - versionCheckDays: 7
22:46:39.656 [FXGL Background Thread 3 ] DEBUG Engine               - width: 1280
22:46:39.656 [FXGL Background Thread 3 ] DEBUG Engine               - Logging services
22:46:39.656 [FXGL Background Thread 3 ] DEBUG Engine               - class com.almasb.fxgl.app.services.FXGLAssetLoaderService
22:46:39.656 [FXGL Background Thread 3 ] DEBUG Engine               - class com.almasb.fxgl.app.FXGLApplication$GameApplicationService
22:46:39.656 [FXGL Background Thread 3 ] DEBUG Engine               - class com.almasb.fxgl.app.services.FXGLDialogService
22:46:39.656 [FXGL Background Thread 3 ] DEBUG Engine               - class com.almasb.fxgl.app.services.IOTaskExecutorService
22:46:39.656 [FXGL Background Thread 3 ] DEBUG Engine               - class com.almasb.fxgl.io.FileSystemService
22:46:39.656 [FXGL Background Thread 3 ] DEBUG Engine               - class com.almasb.fxgl.localization.LocalizationService
22:46:39.656 [FXGL Background Thread 3 ] DEBUG Engine               - class com.almasb.fxgl.app.services.SystemBundleService
22:46:39.656 [FXGL Background Thread 3 ] DEBUG Engine               - class com.almasb.fxgl.profile.SaveLoadService
22:46:39.656 [FXGL Background Thread 3 ] DEBUG Engine               - class com.almasb.fxgl.ui.FXGLUIFactoryServiceProvider
22:46:39.656 [FXGL Background Thread 3 ] DEBUG Engine               - class com.almasb.fxgl.ui.FXGLDialogFactoryServiceProvider
22:46:39.656 [FXGL Background Thread 3 ] DEBUG Engine               - class com.almasb.fxgl.audio.AudioPlayer
22:46:39.656 [FXGL Background Thread 3 ] DEBUG Engine               - class com.almasb.fxgl.notification.impl.NotificationServiceProvider
22:46:39.656 [FXGL Background Thread 3 ] DEBUG Engine               - class com.almasb.fxgl.achievement.AchievementService
22:46:39.656 [FXGL Background Thread 3 ] DEBUG Engine               - class com.almasb.fxgl.cutscene.CutsceneService
22:46:39.656 [FXGL Background Thread 3 ] DEBUG Engine               - class com.almasb.fxgl.minigames.MiniGameService
22:46:39.656 [FXGL Background Thread 3 ] DEBUG Engine               - class com.almasb.fxgl.net.NetService
22:46:39.656 [FXGL Background Thread 3 ] DEBUG Engine               - class com.almasb.fxgl.app.services.UpdaterService
22:46:39.656 [FXGL Background Thread 3 ] DEBUG Engine               - class com.almasb.fxgl.dev.DevService
22:46:40.267 [JavaFX Application Thread] DEBUG FXGLApplication      - Exiting FXGL
22:46:40.267 [JavaFX Application Thread] DEBUG LoopRunner           - Stopping loop
22:46:40.268 [JavaFX Application Thread] DEBUG SystemBundleService  - Saving FXGL system data
22:46:40.273 [JavaFX Application Thread] DEBUG FileSystemAccess     - Writing to: E:\space_java\Game\game_datbom\system\fxgl.bundle
22:46:40.278 [JavaFX Application Thread] DEBUG Async                - Shutting down background threads
22:46:40.278 [JavaFX Application Thread] DEBUG PrimaryStageWindow   - Closing main window
22:46:40.320 [JavaFX Application Thread] DEBUG Logger               - Closing Logger
