07:33:22.712 [main                     ] DEBUG Logger               - Configured Logger
07:33:22.729 [main                     ] DEBUG GameApplication      - Logging settings
Title: Bomberman
Version: 1.0
Width: 1280
Height: 720
Fullscreen: false
Intro: false
Profiling: false
Single step:false
App Mode: DEVELOPER
Menu Key: ESCAPE
Stage Style: DECORATED
Scene Factory: class hellofx.Main$1

07:33:22.832 [JavaFX Application Thread] DEBUG FXGLApplication      - Initializing FXGL
07:33:22.838 [JavaFX Application Thread] INFO  Engine               - FXGL-17.1 (24.03.2022 17.34) on WINDOWS (J:18.0.2.1 FX:18)
07:33:22.838 [JavaFX Application Thread] DEBUG Engine               - JRE Vendor Name: Oracle Corporation
07:33:22.838 [JavaFX Application Thread] DEBUG Engine               - Running on OS: Windows 11 version 10.0
07:33:22.838 [JavaFX Application Thread] DEBUG Engine               - Architecture: amd64
07:33:22.839 [JavaFX Application Thread] INFO  Engine               - Source code and latest versions at: https://github.com/AlmasB/FXGL
07:33:22.839 [JavaFX Application Thread] INFO  Engine               -       Ask questions and discuss at: https://github.com/AlmasB/FXGL/discussions
07:33:22.839 [JavaFX Application Thread] INFO  Engine               -              Join the FXGL chat at: https://gitter.im/AlmasB/FXGL
07:33:22.884 [JavaFX Application Thread] DEBUG PrimaryStageWindow   - Creating a JavaFX scene
07:33:22.928 [JavaFX Application Thread] DEBUG PrimaryStageWindow   - Target settings size: 1280.0 x 720.0
07:33:22.928 [JavaFX Application Thread] DEBUG PrimaryStageWindow   - Scaled scene size:    1280.0 x 720.0
07:33:22.929 [JavaFX Application Thread] DEBUG PrimaryStageWindow   - Scaled ratio: (1.0, 1.0)
07:33:22.930 [JavaFX Application Thread] DEBUG PrimaryStageWindow   - Set initial scene to FXGLStartupScene
07:33:22.936 [JavaFX Application Thread] DEBUG PrimaryStageWindow   - Opening main window
07:33:23.023 [JavaFX Application Thread] DEBUG PrimaryStageWindow   - Window border size: (16.0, 39.0)
07:33:23.024 [JavaFX Application Thread] DEBUG PrimaryStageWindow   - Scaled size: 1280.0 x 720.0
07:33:23.024 [JavaFX Application Thread] DEBUG PrimaryStageWindow   - Scaled ratio: (1.0, 1.0)
07:33:23.024 [JavaFX Application Thread] DEBUG PrimaryStageWindow   - Scene size: 1280.0 x 720.0
07:33:23.024 [JavaFX Application Thread] DEBUG PrimaryStageWindow   - Stage size: 1296.0 x 759.0
07:33:23.035 [FXGL Background Thread 1 ] DEBUG Engine               - Initializing environment variables
07:33:23.106 [FXGL Background Thread 1 ] DEBUG FXGLAssetLoaderServi - User app class for loading assets: class hellofx.Main
07:33:23.106 [FXGL Background Thread 1 ] DEBUG GameApplicationServi - Applying CSS: fxgl_dark.css
07:33:23.107 [FXGL Background Thread 1 ] DEBUG FXGLAssetLoaderServi - Loading from file system: jar:file:/C:/Users/chaum/.m2/repository/com/github/almasb/fxgl/17.1/fxgl-17.1.jar!/fxglassets/ui/css/fxgl_dark.css
07:33:23.158 [FXGL Background Thread 1 ] DEBUG GameApplicationServi - Initializing application scenes
07:33:23.206 [FXGL Background Thread 1 ] DEBUG GameWorld            - Game world initialized
07:33:23.269 [FXGL Background Thread 1 ] DEBUG PhysicsWorld         - Physics world initialized: appHeight=720, physics.ppm=50.0
07:33:23.269 [FXGL Background Thread 1 ] DEBUG PhysicsWorld         - Using strategy: BRUTE_FORCE
07:33:23.274 [FXGL Background Thread 1 ] DEBUG GameScene            - Game scene initialized: 1280x720
07:33:23.358 [FXGL Background Thread 1 ] DEBUG GameApplicationServi - Application scenes initialized
07:33:23.368 [FXGL Background Thread 1 ] DEBUG SystemBundleService  - Loading FXGL system data
07:33:23.372 [FXGL Background Thread 1 ] DEBUG FileSystemAccess     - Reading from: E:\space_java\Game\game_datbom\system\fxgl.bundle
07:33:23.379 [FXGL Background Thread 1 ] DEBUG SystemBundleService  - Bundle FXGL: {}
07:33:23.379 [FXGL Background Thread 1 ] DEBUG UpdaterService       - Checking for updates
07:33:23.408 [FXGL Background Thread 4 ] DEBUG FXGLApplication      - Loading fonts
07:33:23.408 [FXGL Background Thread 1 ] DEBUG FXGLApplication      - Loading default localization
07:33:23.409 [FXGL Background Thread 4 ] DEBUG FXGLAssetLoaderServi - Loading from file system: jar:file:/C:/Users/chaum/.m2/repository/com/github/almasb/fxgl/17.1/fxgl-17.1.jar!/fxglassets/ui/fonts/VarelaRound-Regular.ttf
07:33:23.409 [FXGL Background Thread 1 ] DEBUG FXGLAssetLoaderServi - Loading from file system: jar:file:/C:/Users/chaum/.m2/repository/com/github/almasb/fxgl/17.1/fxgl-17.1.jar!/fxglassets/languages/english.lang
07:33:23.425 [FXGL Background Thread 1 ] INFO  FXGLApplication      - FXGL initialization took: 0.390 sec
07:33:23.435 [JavaFX Application Thread] DEBUG Input                - Registered new binding: action0 - F
07:33:23.435 [JavaFX Application Thread] DEBUG Input                - Registered new binding: Right - D
07:33:23.435 [JavaFX Application Thread] DEBUG Input                - Registered new binding: Left - A
07:33:23.435 [JavaFX Application Thread] DEBUG Input                - Registered new binding: Up - W
07:33:23.436 [JavaFX Application Thread] DEBUG Input                - Registered new binding: Down - S
07:33:23.436 [JavaFX Application Thread] DEBUG Input                - Registered new binding: Place boom - Space
07:33:23.436 [JavaFX Application Thread] DEBUG FXGLAssetLoaderServi - Loading from file system: file:/E:/space_java/Game/game_datbom/target/classes/assets/textures/icon/icon.png
07:33:23.471 [FXGL Background Thread 4 ] DEBUG FXGLAssetLoaderServi - Loading from file system: jar:file:/C:/Users/chaum/.m2/repository/com/github/almasb/fxgl/17.1/fxgl-17.1.jar!/fxglassets/ui/fonts/Abel-Regular.ttf
07:33:23.481 [FXGL Background Thread 4 ] DEBUG FXGLAssetLoaderServi - Loading from file system: jar:file:/C:/Users/chaum/.m2/repository/com/github/almasb/fxgl/17.1/fxgl-17.1.jar!/fxglassets/ui/fonts/TerminalLandMono-Regular.otf
07:33:23.485 [FXGL Background Thread 4 ] DEBUG FXGLAssetLoaderServi - Loading from file system: jar:file:/C:/Users/chaum/.m2/repository/com/github/almasb/fxgl/17.1/fxgl-17.1.jar!/fxglassets/ui/fonts/Courier-Prime.ttf
07:33:23.487 [JavaFX Application Thread] DEBUG FXGLAssetLoaderServi - Loading from file system: file:/E:/space_java/Game/game_datbom/target/classes/assets/textures/cursor/cursor1.png
07:33:23.501 [JavaFX Application Thread] DEBUG Input                - Registered new binding: Screenshot - CTRL+8
07:33:23.501 [JavaFX Application Thread] DEBUG Input                - Registered new binding: Dev Options - 1
07:33:23.502 [JavaFX Application Thread] DEBUG Input                - Registered new binding: Dev Console - 2
07:33:23.502 [JavaFX Application Thread] DEBUG Input                - Registered new binding: System info dump - CTRL+9
07:33:23.503 [JavaFX Application Thread] DEBUG Input                - Registered new binding: Restart - CTRL+R
07:33:23.503 [JavaFX Application Thread] DEBUG Input                - Registered new binding: Toggle Debug Camera - CTRL+7
07:33:23.505 [JavaFX Application Thread] DEBUG LoopRunner           - Starting loop
07:33:23.519 [JavaFX Application Thread] DEBUG LoopRunner           - Initializing JavaFX AnimationTimerLoop
07:33:23.521 [JavaFX Application Thread] DEBUG Input                - Clearing active input actions
07:33:23.526 [JavaFX Application Thread] DEBUG GameApplicationServi - Removing overlay from FXGLStartupScene and adding to FXGLMainMenuDummyScene
07:33:23.530 [JavaFX Application Thread] DEBUG PrimaryStageWindow   - FXGLStartupScene -> FXGLMainMenuDummyScene
07:33:23.530 [JavaFX Application Thread] DEBUG PrimaryStageWindow   - Push state: MainMenu
07:33:23.530 [JavaFX Application Thread] DEBUG Input                - Clearing active input actions
07:33:23.533 [JavaFX Application Thread] DEBUG GameApplicationServi - Removing overlay from FXGLMainMenuDummyScene and adding to MainMenu
07:33:23.534 [JavaFX Application Thread] DEBUG PrimaryStageWindow   - FXGLMainMenuDummyScene -> MainMenu
07:33:23.534 [JavaFX Application Thread] DEBUG FXGLApplication      - Registering font factories with UI factory
07:33:24.111 [FXGL Background Thread 2 ] INFO  UpdaterService       - Your current version:  17.1
07:33:24.111 [FXGL Background Thread 2 ] INFO  UpdaterService       - Latest stable version: 17.2
07:33:25.475 [JavaFX Application Thread] DEBUG Menu                 - fireNewGame()
07:33:25.476 [JavaFX Application Thread] DEBUG GameApplicationServi - Starting new game
07:33:25.476 [JavaFX Application Thread] DEBUG PrimaryStageWindow   - Pop state: MainMenu
07:33:25.477 [JavaFX Application Thread] DEBUG Input                - Clearing active input actions
07:33:25.480 [JavaFX Application Thread] DEBUG GameApplicationServi - Removing overlay from MainMenu and adding to FXGLMainMenuDummyScene
07:33:25.485 [JavaFX Application Thread] DEBUG PrimaryStageWindow   - FXGLMainMenuDummyScene <- MainMenu
07:33:25.486 [JavaFX Application Thread] DEBUG Input                - Clearing active input actions
07:33:25.495 [JavaFX Application Thread] DEBUG GameApplicationServi - Removing overlay from FXGLMainMenuDummyScene and adding to FXGLLoadingScene
07:33:25.496 [JavaFX Application Thread] DEBUG PrimaryStageWindow   - FXGLMainMenuDummyScene -> FXGLLoadingScene
07:33:25.496 [JavaFX Application Thread] DEBUG GameApplicationServi - Clearing previous game
07:33:25.496 [JavaFX Application Thread] DEBUG GameScene            - Clearing game scene
07:33:25.496 [JavaFX Application Thread] DEBUG GameWorld            - Clearing game world
07:33:25.496 [JavaFX Application Thread] DEBUG PhysicsWorld         - Clearing physics world
07:33:25.498 [FXGL Background Thread 2 ] DEBUG FXGLApplication      - Initializing game
07:33:25.524 [FXGL Background Thread 2 ] DEBUG FXGLAssetLoaderServi - Loading from file system: file:/E:/space_java/Game/game_datbom/target/classes/assets/textures/mapTexture/grass.png
07:33:25.537 [FXGL Background Thread 2 ] DEBUG FXGLAssetLoaderServi - Loading from file system: file:/E:/space_java/Game/game_datbom/target/classes/assets/textures/mapTexture/wall.png
07:33:25.648 [FXGL Background Thread 2 ] DEBUG FXGLAssetLoaderServi - Loading from file system: file:/E:/space_java/Game/game_datbom/target/classes/assets/textures/mapTexture%5cbrick.png
07:33:25.654 [FXGL Background Thread 2 ] DEBUG FXGLAssetLoaderServi - Loading from file system: file:/E:/space_java/Game/game_datbom/target/classes/assets/textures/mapTexture%5cbrick_break.png
07:33:25.829 [FXGL Background Thread 2 ] DEBUG FXGLAssetLoaderServi - Loading from file system: file:/E:/space_java/Game/game_datbom/target/classes/assets/textures/character/gold_player_up.png
07:33:25.832 [FXGL Background Thread 2 ] DEBUG FXGLAssetLoaderServi - Loading from file system: file:/E:/space_java/Game/game_datbom/target/classes/assets/textures/character/gold_player_down.png
07:33:25.836 [FXGL Background Thread 2 ] DEBUG FXGLAssetLoaderServi - Loading from file system: file:/E:/space_java/Game/game_datbom/target/classes/assets/textures/character/gold_player_left.png
07:33:25.838 [FXGL Background Thread 2 ] DEBUG FXGLAssetLoaderServi - Loading from file system: file:/E:/space_java/Game/game_datbom/target/classes/assets/textures/character/gold_player_right.png
07:33:25.840 [FXGL Background Thread 2 ] WARN  Entity               - Entity already has component: com.almasb.fxgl.entity.components.CollidableComponent
07:33:25.842 [FXGL Background Thread 2 ] INFO  FXGLApplication      - Game initialization took: 0.343 sec
07:33:25.844 [JavaFX Application Thread] DEBUG Input                - Clearing active input actions
07:33:25.862 [JavaFX Application Thread] DEBUG GameApplicationServi - Removing overlay from FXGLLoadingScene and adding to GameScene
07:33:25.865 [JavaFX Application Thread] DEBUG PrimaryStageWindow   - FXGLLoadingScene -> GameScene
07:33:26.407 [FXGL Background Thread 3 ] DEBUG Engine               - Logging environment variables
07:33:26.408 [FXGL Background Thread 3 ] DEBUG Engine               - achievements: []
07:33:26.408 [FXGL Background Thread 3 ] DEBUG Engine               - actualHeight: 720.0
07:33:26.408 [FXGL Background Thread 3 ] DEBUG Engine               - actualHeightProperty: ReadOnlyDoubleProperty [value: 720.0]
07:33:26.408 [FXGL Background Thread 3 ] DEBUG Engine               - actualWidth: 1280.0
07:33:26.408 [FXGL Background Thread 3 ] DEBUG Engine               - actualWidthProperty: ReadOnlyDoubleProperty [value: 1280.0]
07:33:26.408 [FXGL Background Thread 3 ] DEBUG Engine               - appIcon: icon/icon.png
07:33:26.408 [FXGL Background Thread 3 ] DEBUG Engine               - applicationMode: DEVELOPER
07:33:26.409 [FXGL Background Thread 3 ] DEBUG Engine               - cSSList: [fxgl_dark.css]
07:33:26.409 [FXGL Background Thread 3 ] DEBUG Engine               - collisionDetectionStrategy: BRUTE_FORCE
07:33:26.409 [FXGL Background Thread 3 ] DEBUG Engine               - configClass: Optional.empty
07:33:26.409 [FXGL Background Thread 3 ] DEBUG Engine               - credits: []
07:33:26.410 [FXGL Background Thread 3 ] DEBUG Engine               - defaultCursor: CursorInfo(imageName=cursor/cursor1.png, hotspotX=0.0, hotspotY=0.0)
07:33:26.411 [FXGL Background Thread 3 ] DEBUG Engine               - devBBoxColorProperty: ObjectProperty [value: 0xff0000ff]
07:33:26.411 [FXGL Background Thread 3 ] DEBUG Engine               - devEnableDebugCameraProperty: BooleanProperty [value: false]
07:33:26.411 [FXGL Background Thread 3 ] DEBUG Engine               - devSensorColorProperty: ObjectProperty [value: 0xffff00ff]
07:33:26.411 [FXGL Background Thread 3 ] DEBUG Engine               - devShowBBoxProperty: BooleanProperty [value: false]
07:33:26.411 [FXGL Background Thread 3 ] DEBUG Engine               - devShowPositionProperty: BooleanProperty [value: false]
07:33:26.412 [FXGL Background Thread 3 ] DEBUG Engine               - enabledMenuItems: []
07:33:26.412 [FXGL Background Thread 3 ] DEBUG Engine               - engineServices: [class com.almasb.fxgl.app.services.FXGLAssetLoaderService, class com.almasb.fxgl.app.FXGLApplication$GameApplicationService, class com.almasb.fxgl.app.services.FXGLDialogService, class com.almasb.fxgl.app.services.IOTaskExecutorService, class com.almasb.fxgl.io.FileSystemService, class com.almasb.fxgl.localization.LocalizationService, class com.almasb.fxgl.app.services.SystemBundleService, class com.almasb.fxgl.profile.SaveLoadService, class com.almasb.fxgl.ui.FXGLUIFactoryServiceProvider, class com.almasb.fxgl.ui.FXGLDialogFactoryServiceProvider, class com.almasb.fxgl.audio.AudioPlayer, class com.almasb.fxgl.notification.impl.NotificationServiceProvider, class com.almasb.fxgl.achievement.AchievementService, class com.almasb.fxgl.cutscene.CutsceneService, class com.almasb.fxgl.minigames.MiniGameService, class com.almasb.fxgl.net.NetService, class com.almasb.fxgl.app.services.UpdaterService, class com.almasb.fxgl.dev.DevService]
07:33:26.412 [FXGL Background Thread 3 ] DEBUG Engine               - fontGame: Abel-Regular.ttf
07:33:26.412 [FXGL Background Thread 3 ] DEBUG Engine               - fontMono: TerminalLandMono-Regular.otf
07:33:26.412 [FXGL Background Thread 3 ] DEBUG Engine               - fontText: Courier-Prime.ttf
07:33:26.412 [FXGL Background Thread 3 ] DEBUG Engine               - fontUI: VarelaRound-Regular.ttf
07:33:26.412 [FXGL Background Thread 3 ] DEBUG Engine               - fullScreen: BooleanProperty [value: false]
07:33:26.412 [FXGL Background Thread 3 ] DEBUG Engine               - gameDifficulty: MEDIUM
07:33:26.412 [FXGL Background Thread 3 ] DEBUG Engine               - gameDifficultyProperty: ObjectProperty [value: MEDIUM]
07:33:26.412 [FXGL Background Thread 3 ] DEBUG Engine               - globalMusicVolume: 0.5
07:33:26.412 [FXGL Background Thread 3 ] DEBUG Engine               - globalMusicVolumeProperty: DoubleProperty [value: 0.5]
07:33:26.413 [FXGL Background Thread 3 ] DEBUG Engine               - globalSoundVolume: 0.5
07:33:26.413 [FXGL Background Thread 3 ] DEBUG Engine               - globalSoundVolumeProperty: DoubleProperty [value: 0.5]
07:33:26.413 [FXGL Background Thread 3 ] DEBUG Engine               - height: 720
07:33:26.413 [FXGL Background Thread 3 ] DEBUG Engine               - is3D: false
07:33:26.413 [FXGL Background Thread 3 ] DEBUG Engine               - isAndroid: false
07:33:26.413 [FXGL Background Thread 3 ] DEBUG Engine               - isBrowser: false
07:33:26.413 [FXGL Background Thread 3 ] DEBUG Engine               - isClickFeedbackEnabled: false
07:33:26.413 [FXGL Background Thread 3 ] DEBUG Engine               - isCloseConfirmation: false
07:33:26.413 [FXGL Background Thread 3 ] DEBUG Engine               - isDesktop: true
07:33:26.413 [FXGL Background Thread 3 ] DEBUG Engine               - isDeveloperMenuEnabled: true
07:33:26.414 [FXGL Background Thread 3 ] DEBUG Engine               - isEmbedded: false
07:33:26.414 [FXGL Background Thread 3 ] DEBUG Engine               - isEntityPreloadEnabled: true
07:33:26.414 [FXGL Background Thread 3 ] DEBUG Engine               - isExperimentalTiledLargeMap: false
07:33:26.414 [FXGL Background Thread 3 ] DEBUG Engine               - isFileSystemWriteAllowed: true
07:33:26.414 [FXGL Background Thread 3 ] DEBUG Engine               - isFullScreenAllowed: false
07:33:26.414 [FXGL Background Thread 3 ] DEBUG Engine               - isFullScreenFromStart: false
07:33:26.414 [FXGL Background Thread 3 ] DEBUG Engine               - isGameMenuEnabled: true
07:33:26.414 [FXGL Background Thread 3 ] DEBUG Engine               - isIOS: false
07:33:26.414 [FXGL Background Thread 3 ] DEBUG Engine               - isIntroEnabled: false
07:33:26.415 [FXGL Background Thread 3 ] DEBUG Engine               - isLinux: false
07:33:26.415 [FXGL Background Thread 3 ] DEBUG Engine               - isMac: false
07:33:26.415 [FXGL Background Thread 3 ] DEBUG Engine               - isMainMenuEnabled: true
07:33:26.415 [FXGL Background Thread 3 ] DEBUG Engine               - isManualResizeEnabled: false
07:33:26.415 [FXGL Background Thread 3 ] DEBUG Engine               - isMobile: false
07:33:26.415 [FXGL Background Thread 3 ] DEBUG Engine               - isNative: false
07:33:26.415 [FXGL Background Thread 3 ] DEBUG Engine               - isPauseMusicWhenMinimized: true
07:33:26.415 [FXGL Background Thread 3 ] DEBUG Engine               - isPreserveResizeRatio: false
07:33:26.415 [FXGL Background Thread 3 ] DEBUG Engine               - isProfilingEnabled: false
07:33:26.415 [FXGL Background Thread 3 ] DEBUG Engine               - isScaleAffectedOnResize: true
07:33:26.415 [FXGL Background Thread 3 ] DEBUG Engine               - isSingleStep: false
07:33:26.415 [FXGL Background Thread 3 ] DEBUG Engine               - isUserProfileEnabled: false
07:33:26.415 [FXGL Background Thread 3 ] DEBUG Engine               - isWindows: true
07:33:26.416 [FXGL Background Thread 3 ] DEBUG Engine               - language: ObjectProperty [value: ENGLISH]
07:33:26.416 [FXGL Background Thread 3 ] DEBUG Engine               - menuKey: ESCAPE
07:33:26.416 [FXGL Background Thread 3 ] DEBUG Engine               - mouseSensitivity: 0.2
07:33:26.416 [FXGL Background Thread 3 ] DEBUG Engine               - notificationViewClass: class com.almasb.fxgl.notification.view.XboxNotificationView
07:33:26.416 [FXGL Background Thread 3 ] DEBUG Engine               - pixelsPerMeter: 50.0
07:33:26.416 [FXGL Background Thread 3 ] DEBUG Engine               - platform: WINDOWS
07:33:26.416 [FXGL Background Thread 3 ] DEBUG Engine               - prefHeightProperty: ReadOnlyDoubleProperty [value: 720.0]
07:33:26.416 [FXGL Background Thread 3 ] DEBUG Engine               - prefWidthProperty: ReadOnlyDoubleProperty [value: 1280.0]
07:33:26.416 [FXGL Background Thread 3 ] DEBUG Engine               - profileDir: profiles/
07:33:26.416 [FXGL Background Thread 3 ] DEBUG Engine               - profileName: StringProperty [value: DEFAULT]
07:33:26.416 [FXGL Background Thread 3 ] DEBUG Engine               - randomSeed: -1
07:33:26.418 [FXGL Background Thread 3 ] DEBUG Engine               - runtimeInfo: RuntimeInfo(platform=WINDOWS, version=17.1, build=24.03.2022 17.34)
07:33:26.418 [FXGL Background Thread 3 ] DEBUG Engine               - saveFileExt: sav
07:33:26.418 [FXGL Background Thread 3 ] DEBUG Engine               - scaledHeightProp$fxgl: DoubleProperty [bound, value: 720.0]
07:33:26.418 [FXGL Background Thread 3 ] DEBUG Engine               - scaledWidthProp$fxgl: DoubleProperty [bound, value: 1280.0]
07:33:26.418 [FXGL Background Thread 3 ] DEBUG Engine               - sceneFactory: hellofx.Main$1@6dc9ee10
07:33:26.418 [FXGL Background Thread 3 ] DEBUG Engine               - secondsIn24h: 60
07:33:26.418 [FXGL Background Thread 3 ] DEBUG Engine               - soundMenuBack: menu/back.wav
07:33:26.419 [FXGL Background Thread 3 ] DEBUG Engine               - soundMenuPress: menu/press.wav
07:33:26.419 [FXGL Background Thread 3 ] DEBUG Engine               - soundMenuSelect: menu/select.wav
07:33:26.420 [FXGL Background Thread 3 ] DEBUG Engine               - soundNotification: core/notification.wav
07:33:26.420 [FXGL Background Thread 3 ] DEBUG Engine               - stageStyle: DECORATED
07:33:26.421 [FXGL Background Thread 3 ] DEBUG Engine               - supportedLanguages: [ENGLISH, FRENCH, GERMAN, HUNGARIAN, RUSSIAN]
07:33:26.421 [FXGL Background Thread 3 ] DEBUG Engine               - ticksPerSecond: -1
07:33:26.421 [FXGL Background Thread 3 ] DEBUG Engine               - title: Bomberman
07:33:26.421 [FXGL Background Thread 3 ] DEBUG Engine               - urlGithub: https://github.com/AlmasB/FXGL
07:33:26.421 [FXGL Background Thread 3 ] DEBUG Engine               - urlLeaderboard: http://fxgl-top.herokuapp.com/
07:33:26.421 [FXGL Background Thread 3 ] DEBUG Engine               - urlPOM: https://raw.githubusercontent.com/AlmasB/FXGL/release/README.md
07:33:26.421 [FXGL Background Thread 3 ] DEBUG Engine               - userAppClass: class hellofx.Main
07:33:26.421 [FXGL Background Thread 3 ] DEBUG Engine               - version: 1.0
07:33:26.422 [FXGL Background Thread 3 ] DEBUG Engine               - versionCheckDays: 7
07:33:26.422 [FXGL Background Thread 3 ] DEBUG Engine               - width: 1280
07:33:26.422 [FXGL Background Thread 3 ] DEBUG Engine               - Logging services
07:33:26.422 [FXGL Background Thread 3 ] DEBUG Engine               - class com.almasb.fxgl.app.services.FXGLAssetLoaderService
07:33:26.422 [FXGL Background Thread 3 ] DEBUG Engine               - class com.almasb.fxgl.app.FXGLApplication$GameApplicationService
07:33:26.422 [FXGL Background Thread 3 ] DEBUG Engine               - class com.almasb.fxgl.app.services.FXGLDialogService
07:33:26.422 [FXGL Background Thread 3 ] DEBUG Engine               - class com.almasb.fxgl.app.services.IOTaskExecutorService
07:33:26.422 [FXGL Background Thread 3 ] DEBUG Engine               - class com.almasb.fxgl.io.FileSystemService
07:33:26.422 [FXGL Background Thread 3 ] DEBUG Engine               - class com.almasb.fxgl.localization.LocalizationService
07:33:26.422 [FXGL Background Thread 3 ] DEBUG Engine               - class com.almasb.fxgl.app.services.SystemBundleService
07:33:26.422 [FXGL Background Thread 3 ] DEBUG Engine               - class com.almasb.fxgl.profile.SaveLoadService
07:33:26.423 [FXGL Background Thread 3 ] DEBUG Engine               - class com.almasb.fxgl.ui.FXGLUIFactoryServiceProvider
07:33:26.423 [FXGL Background Thread 3 ] DEBUG Engine               - class com.almasb.fxgl.ui.FXGLDialogFactoryServiceProvider
07:33:26.423 [FXGL Background Thread 3 ] DEBUG Engine               - class com.almasb.fxgl.audio.AudioPlayer
07:33:26.423 [FXGL Background Thread 3 ] DEBUG Engine               - class com.almasb.fxgl.notification.impl.NotificationServiceProvider
07:33:26.423 [FXGL Background Thread 3 ] DEBUG Engine               - class com.almasb.fxgl.achievement.AchievementService
07:33:26.423 [FXGL Background Thread 3 ] DEBUG Engine               - class com.almasb.fxgl.cutscene.CutsceneService
07:33:26.423 [FXGL Background Thread 3 ] DEBUG Engine               - class com.almasb.fxgl.minigames.MiniGameService
07:33:26.423 [FXGL Background Thread 3 ] DEBUG Engine               - class com.almasb.fxgl.net.NetService
07:33:26.423 [FXGL Background Thread 3 ] DEBUG Engine               - class com.almasb.fxgl.app.services.UpdaterService
07:33:26.423 [FXGL Background Thread 3 ] DEBUG Engine               - class com.almasb.fxgl.dev.DevService
07:33:27.638 [JavaFX Application Thread] DEBUG FXGLAssetLoaderServi - Loading from file system: file:/E:/space_java/Game/game_datbom/target/classes/assets/textures/character%5cbomb.png
07:33:27.643 [JavaFX Application Thread] DEBUG FXGLAssetLoaderServi - Loading from file system: file:/E:/space_java/Game/game_datbom/target/classes/assets/textures/flame%5cleft_flame.png
07:33:27.644 [JavaFX Application Thread] DEBUG FXGLAssetLoaderServi - Loading from file system: file:/E:/space_java/Game/game_datbom/target/classes/assets/textures/flame%5cup_flame.png
07:33:27.646 [JavaFX Application Thread] DEBUG FXGLAssetLoaderServi - Loading from file system: file:/E:/space_java/Game/game_datbom/target/classes/assets/textures/flame%5ccentral_flame.png
07:33:34.855 [JavaFX Application Thread] DEBUG Input                - Clearing active input actions
07:33:34.865 [JavaFX Application Thread] DEBUG GameApplicationServi - Removing overlay from GameScene and adding to FXGLMainMenuDummyScene
07:33:34.867 [JavaFX Application Thread] DEBUG PrimaryStageWindow   - GameScene -> FXGLMainMenuDummyScene
07:33:34.868 [JavaFX Application Thread] DEBUG PrimaryStageWindow   - Push state: MainMenu
07:33:34.868 [JavaFX Application Thread] DEBUG Input                - Clearing active input actions
07:33:34.868 [JavaFX Application Thread] DEBUG GameApplicationServi - Removing overlay from FXGLMainMenuDummyScene and adding to MainMenu
07:33:34.869 [JavaFX Application Thread] DEBUG PrimaryStageWindow   - FXGLMainMenuDummyScene -> MainMenu
07:33:36.555 [JavaFX Application Thread] DEBUG Menu                 - fireNewGame()
07:33:36.555 [JavaFX Application Thread] DEBUG GameApplicationServi - Starting new game
07:33:36.556 [JavaFX Application Thread] DEBUG PrimaryStageWindow   - Pop state: MainMenu
07:33:36.556 [JavaFX Application Thread] DEBUG Input                - Clearing active input actions
07:33:36.557 [JavaFX Application Thread] DEBUG GameApplicationServi - Removing overlay from MainMenu and adding to FXGLMainMenuDummyScene
07:33:36.559 [JavaFX Application Thread] DEBUG PrimaryStageWindow   - FXGLMainMenuDummyScene <- MainMenu
07:33:36.559 [JavaFX Application Thread] DEBUG Input                - Clearing active input actions
07:33:36.566 [JavaFX Application Thread] DEBUG GameApplicationServi - Removing overlay from FXGLMainMenuDummyScene and adding to FXGLLoadingScene
07:33:36.566 [JavaFX Application Thread] DEBUG PrimaryStageWindow   - FXGLMainMenuDummyScene -> FXGLLoadingScene
07:33:36.566 [JavaFX Application Thread] DEBUG GameApplicationServi - Clearing previous game
07:33:36.566 [JavaFX Application Thread] DEBUG GameScene            - Clearing game scene
07:33:36.566 [JavaFX Application Thread] DEBUG GameWorld            - Clearing game world
07:33:36.595 [JavaFX Application Thread] DEBUG PhysicsWorld         - Clearing physics world
07:33:36.595 [FXGL Background Thread 2 ] DEBUG FXGLApplication      - Initializing game
07:33:36.698 [FXGL Background Thread 2 ] WARN  Entity               - Entity already has component: com.almasb.fxgl.entity.components.CollidableComponent
07:33:36.698 [FXGL Background Thread 2 ] INFO  FXGLApplication      - Game initialization took: 0.103 sec
07:33:36.704 [JavaFX Application Thread] DEBUG Input                - Clearing active input actions
07:33:36.710 [JavaFX Application Thread] DEBUG GameApplicationServi - Removing overlay from FXGLLoadingScene and adding to GameScene
07:33:36.712 [JavaFX Application Thread] DEBUG PrimaryStageWindow   - FXGLLoadingScene -> GameScene
07:33:41.527 [JavaFX Application Thread] DEBUG Input                - Clearing active input actions
07:33:41.537 [JavaFX Application Thread] DEBUG GameApplicationServi - Removing overlay from GameScene and adding to FXGLMainMenuDummyScene
07:33:41.538 [JavaFX Application Thread] DEBUG PrimaryStageWindow   - GameScene -> FXGLMainMenuDummyScene
07:33:41.538 [JavaFX Application Thread] DEBUG PrimaryStageWindow   - Push state: MainMenu
07:33:41.538 [JavaFX Application Thread] DEBUG Input                - Clearing active input actions
07:33:41.539 [JavaFX Application Thread] DEBUG GameApplicationServi - Removing overlay from FXGLMainMenuDummyScene and adding to MainMenu
07:33:41.539 [JavaFX Application Thread] DEBUG PrimaryStageWindow   - FXGLMainMenuDummyScene -> MainMenu
07:33:42.834 [JavaFX Application Thread] DEBUG Menu                 - fireNewGame()
07:33:42.834 [JavaFX Application Thread] DEBUG GameApplicationServi - Starting new game
07:33:42.836 [JavaFX Application Thread] DEBUG PrimaryStageWindow   - Pop state: MainMenu
07:33:42.836 [JavaFX Application Thread] DEBUG Input                - Clearing active input actions
07:33:42.836 [JavaFX Application Thread] DEBUG GameApplicationServi - Removing overlay from MainMenu and adding to FXGLMainMenuDummyScene
07:33:42.838 [JavaFX Application Thread] DEBUG PrimaryStageWindow   - FXGLMainMenuDummyScene <- MainMenu
07:33:42.838 [JavaFX Application Thread] DEBUG Input                - Clearing active input actions
07:33:42.845 [JavaFX Application Thread] DEBUG GameApplicationServi - Removing overlay from FXGLMainMenuDummyScene and adding to FXGLLoadingScene
07:33:42.845 [JavaFX Application Thread] DEBUG PrimaryStageWindow   - FXGLMainMenuDummyScene -> FXGLLoadingScene
07:33:42.845 [JavaFX Application Thread] DEBUG GameApplicationServi - Clearing previous game
07:33:42.845 [JavaFX Application Thread] DEBUG GameScene            - Clearing game scene
07:33:42.845 [JavaFX Application Thread] DEBUG GameWorld            - Clearing game world
07:33:42.858 [JavaFX Application Thread] DEBUG PhysicsWorld         - Clearing physics world
07:33:42.859 [FXGL Background Thread 2 ] DEBUG FXGLApplication      - Initializing game
07:33:42.916 [FXGL Background Thread 2 ] WARN  Entity               - Entity already has component: com.almasb.fxgl.entity.components.CollidableComponent
07:33:42.916 [FXGL Background Thread 2 ] INFO  FXGLApplication      - Game initialization took: 0.057 sec
07:33:42.918 [JavaFX Application Thread] DEBUG Input                - Clearing active input actions
07:33:42.924 [JavaFX Application Thread] DEBUG GameApplicationServi - Removing overlay from FXGLLoadingScene and adding to GameScene
07:33:42.925 [JavaFX Application Thread] DEBUG PrimaryStageWindow   - FXGLLoadingScene -> GameScene
07:33:48.183 [JavaFX Application Thread] DEBUG Input                - Clearing active input actions
07:33:48.191 [JavaFX Application Thread] DEBUG GameApplicationServi - Removing overlay from GameScene and adding to FXGLMainMenuDummyScene
07:33:48.195 [JavaFX Application Thread] DEBUG PrimaryStageWindow   - GameScene -> FXGLMainMenuDummyScene
07:33:48.195 [JavaFX Application Thread] DEBUG PrimaryStageWindow   - Push state: MainMenu
07:33:48.195 [JavaFX Application Thread] DEBUG Input                - Clearing active input actions
07:33:48.196 [JavaFX Application Thread] DEBUG GameApplicationServi - Removing overlay from FXGLMainMenuDummyScene and adding to MainMenu
07:33:48.196 [JavaFX Application Thread] DEBUG PrimaryStageWindow   - FXGLMainMenuDummyScene -> MainMenu
07:33:49.022 [JavaFX Application Thread] DEBUG FXGLApplication      - Exiting FXGL
07:33:49.022 [JavaFX Application Thread] DEBUG LoopRunner           - Stopping loop
07:33:49.022 [JavaFX Application Thread] DEBUG SystemBundleService  - Saving FXGL system data
07:33:49.026 [JavaFX Application Thread] DEBUG FileSystemAccess     - Writing to: E:\space_java\Game\game_datbom\system\fxgl.bundle
07:33:49.031 [JavaFX Application Thread] DEBUG Async                - Shutting down background threads
07:33:49.032 [JavaFX Application Thread] DEBUG PrimaryStageWindow   - Closing main window
07:33:49.063 [JavaFX Application Thread] DEBUG Logger               - Closing Logger
