22:42:25.040 [main                     ] DEBUG Logger               - Configured Logger
22:42:25.057 [main                     ] DEBUG GameApplication      - Logging settings
Title: Bomberman
Version: 1.0
Width: 1280
Height: 720
Fullscreen: false
Intro: false
Profiling: false
Single step:false
App Mode: DEVELOPER
Menu Key: ESCAPE
Stage Style: DECORATED
Scene Factory: class hellofx.Main$1

22:42:25.159 [JavaFX Application Thread] DEBUG FXGLApplication      - Initializing FXGL
22:42:25.165 [JavaFX Application Thread] INFO  Engine               - FXGL-17.1 (24.03.2022 17.34) on WINDOWS (J:18.0.2.1 FX:18)
22:42:25.165 [JavaFX Application Thread] DEBUG Engine               - JRE Vendor Name: Oracle Corporation
22:42:25.166 [JavaFX Application Thread] DEBUG Engine               - Running on OS: Windows 11 version 10.0
22:42:25.166 [JavaFX Application Thread] DEBUG Engine               - Architecture: amd64
22:42:25.166 [JavaFX Application Thread] INFO  Engine               - Source code and latest versions at: https://github.com/AlmasB/FXGL
22:42:25.166 [JavaFX Application Thread] INFO  Engine               -       Ask questions and discuss at: https://github.com/AlmasB/FXGL/discussions
22:42:25.166 [JavaFX Application Thread] INFO  Engine               -              Join the FXGL chat at: https://gitter.im/AlmasB/FXGL
22:42:25.212 [JavaFX Application Thread] DEBUG PrimaryStageWindow   - Creating a JavaFX scene
22:42:25.253 [JavaFX Application Thread] DEBUG PrimaryStageWindow   - Target settings size: 1280.0 x 720.0
22:42:25.253 [JavaFX Application Thread] DEBUG PrimaryStageWindow   - Scaled scene size:    1280.0 x 720.0
22:42:25.253 [JavaFX Application Thread] DEBUG PrimaryStageWindow   - Scaled ratio: (1.0, 1.0)
22:42:25.255 [JavaFX Application Thread] DEBUG PrimaryStageWindow   - Set initial scene to FXGLStartupScene
22:42:25.262 [JavaFX Application Thread] DEBUG PrimaryStageWindow   - Opening main window
22:42:25.344 [JavaFX Application Thread] DEBUG PrimaryStageWindow   - Window border size: (16.0, 39.0)
22:42:25.344 [JavaFX Application Thread] DEBUG PrimaryStageWindow   - Scaled size: 1280.0 x 720.0
22:42:25.345 [JavaFX Application Thread] DEBUG PrimaryStageWindow   - Scaled ratio: (1.0, 1.0)
22:42:25.345 [JavaFX Application Thread] DEBUG PrimaryStageWindow   - Scene size: 1280.0 x 720.0
22:42:25.345 [JavaFX Application Thread] DEBUG PrimaryStageWindow   - Stage size: 1296.0 x 759.0
22:42:25.358 [FXGL Background Thread 1 ] DEBUG Engine               - Initializing environment variables
22:42:25.429 [FXGL Background Thread 1 ] DEBUG FXGLAssetLoaderServi - User app class for loading assets: class hellofx.Main
22:42:25.429 [FXGL Background Thread 1 ] DEBUG GameApplicationServi - Applying CSS: fxgl_dark.css
22:42:25.430 [FXGL Background Thread 1 ] DEBUG FXGLAssetLoaderServi - Loading from file system: jar:file:/C:/Users/chaum/.m2/repository/com/github/almasb/fxgl/17.1/fxgl-17.1.jar!/fxglassets/ui/css/fxgl_dark.css
22:42:25.476 [FXGL Background Thread 1 ] DEBUG GameApplicationServi - Initializing application scenes
22:42:25.519 [FXGL Background Thread 1 ] DEBUG GameWorld            - Game world initialized
22:42:25.569 [FXGL Background Thread 1 ] DEBUG PhysicsWorld         - Physics world initialized: appHeight=720, physics.ppm=50.0
22:42:25.570 [FXGL Background Thread 1 ] DEBUG PhysicsWorld         - Using strategy: BRUTE_FORCE
22:42:25.574 [FXGL Background Thread 1 ] DEBUG GameScene            - Game scene initialized: 1280x720
22:42:25.639 [FXGL Background Thread 1 ] DEBUG GameApplicationServi - Application scenes initialized
22:42:25.657 [FXGL Background Thread 1 ] DEBUG SystemBundleService  - Loading FXGL system data
22:42:25.665 [FXGL Background Thread 1 ] DEBUG FileSystemAccess     - Reading from: E:\space_java\Game\game_datbom\system\fxgl.bundle
22:42:25.676 [FXGL Background Thread 1 ] DEBUG SystemBundleService  - Bundle FXGL: {}
22:42:25.677 [FXGL Background Thread 1 ] DEBUG UpdaterService       - Checking for updates
22:42:25.705 [FXGL Background Thread 4 ] DEBUG FXGLApplication      - Loading fonts
22:42:25.705 [FXGL Background Thread 1 ] DEBUG FXGLApplication      - Loading default localization
22:42:25.705 [FXGL Background Thread 4 ] DEBUG FXGLAssetLoaderServi - Loading from file system: jar:file:/C:/Users/chaum/.m2/repository/com/github/almasb/fxgl/17.1/fxgl-17.1.jar!/fxglassets/ui/fonts/VarelaRound-Regular.ttf
22:42:25.706 [FXGL Background Thread 1 ] DEBUG FXGLAssetLoaderServi - Loading from file system: jar:file:/C:/Users/chaum/.m2/repository/com/github/almasb/fxgl/17.1/fxgl-17.1.jar!/fxglassets/languages/english.lang
22:42:25.722 [FXGL Background Thread 1 ] INFO  FXGLApplication      - FXGL initialization took: 0.364 sec
22:42:25.731 [JavaFX Application Thread] DEBUG Input                - Registered new binding: action0 - F
22:42:25.731 [JavaFX Application Thread] DEBUG Input                - Registered new binding: action1 - G
22:42:25.731 [JavaFX Application Thread] DEBUG Input                - Registered new binding: action2 - R
22:42:25.731 [JavaFX Application Thread] DEBUG Input                - Registered new binding: action3 - T
22:42:25.732 [JavaFX Application Thread] DEBUG Input                - Registered new binding: Right - D
22:42:25.732 [JavaFX Application Thread] DEBUG Input                - Registered new binding: Left - A
22:42:25.733 [JavaFX Application Thread] DEBUG Input                - Registered new binding: Up - W
22:42:25.733 [JavaFX Application Thread] DEBUG Input                - Registered new binding: Down - S
22:42:25.733 [JavaFX Application Thread] DEBUG Input                - Registered new binding: Place boom - Space
22:42:25.733 [JavaFX Application Thread] DEBUG FXGLAssetLoaderServi - Loading from file system: file:/E:/space_java/Game/game_datbom/target/classes/assets/textures/icon/icon.png
22:42:25.778 [FXGL Background Thread 4 ] DEBUG FXGLAssetLoaderServi - Loading from file system: jar:file:/C:/Users/chaum/.m2/repository/com/github/almasb/fxgl/17.1/fxgl-17.1.jar!/fxglassets/ui/fonts/Abel-Regular.ttf
22:42:25.782 [FXGL Background Thread 4 ] DEBUG FXGLAssetLoaderServi - Loading from file system: jar:file:/C:/Users/chaum/.m2/repository/com/github/almasb/fxgl/17.1/fxgl-17.1.jar!/fxglassets/ui/fonts/TerminalLandMono-Regular.otf
22:42:25.789 [FXGL Background Thread 4 ] DEBUG FXGLAssetLoaderServi - Loading from file system: jar:file:/C:/Users/chaum/.m2/repository/com/github/almasb/fxgl/17.1/fxgl-17.1.jar!/fxglassets/ui/fonts/Courier-Prime.ttf
22:42:25.792 [JavaFX Application Thread] DEBUG FXGLAssetLoaderServi - Loading from file system: file:/E:/space_java/Game/game_datbom/target/classes/assets/textures/cursor/cursor1.png
22:42:25.803 [JavaFX Application Thread] DEBUG Input                - Registered new binding: Screenshot - CTRL+8
22:42:25.803 [JavaFX Application Thread] DEBUG Input                - Registered new binding: Dev Options - 1
22:42:25.803 [JavaFX Application Thread] DEBUG Input                - Registered new binding: Dev Console - 2
22:42:25.804 [JavaFX Application Thread] DEBUG Input                - Registered new binding: System info dump - CTRL+9
22:42:25.804 [JavaFX Application Thread] DEBUG Input                - Registered new binding: Restart - CTRL+R
22:42:25.805 [JavaFX Application Thread] DEBUG Input                - Registered new binding: Toggle Debug Camera - CTRL+7
22:42:25.808 [JavaFX Application Thread] DEBUG LoopRunner           - Starting loop
22:42:25.822 [JavaFX Application Thread] DEBUG LoopRunner           - Initializing JavaFX AnimationTimerLoop
22:42:25.824 [JavaFX Application Thread] DEBUG Input                - Clearing active input actions
22:42:25.831 [JavaFX Application Thread] DEBUG GameApplicationServi - Removing overlay from FXGLStartupScene and adding to FXGLMainMenuDummyScene
22:42:25.836 [JavaFX Application Thread] DEBUG PrimaryStageWindow   - FXGLStartupScene -> FXGLMainMenuDummyScene
22:42:25.837 [JavaFX Application Thread] DEBUG PrimaryStageWindow   - Push state: MainMenu
22:42:25.837 [JavaFX Application Thread] DEBUG Input                - Clearing active input actions
22:42:25.840 [JavaFX Application Thread] DEBUG GameApplicationServi - Removing overlay from FXGLMainMenuDummyScene and adding to MainMenu
22:42:25.840 [JavaFX Application Thread] DEBUG PrimaryStageWindow   - FXGLMainMenuDummyScene -> MainMenu
22:42:25.841 [JavaFX Application Thread] DEBUG FXGLApplication      - Registering font factories with UI factory
22:42:26.424 [FXGL Background Thread 2 ] INFO  UpdaterService       - Your current version:  17.1
22:42:26.425 [FXGL Background Thread 2 ] INFO  UpdaterService       - Latest stable version: 17.2
22:42:26.932 [JavaFX Application Thread] DEBUG Menu                 - fireNewGame()
22:42:26.933 [JavaFX Application Thread] DEBUG GameApplicationServi - Starting new game
22:42:26.933 [JavaFX Application Thread] DEBUG PrimaryStageWindow   - Pop state: MainMenu
22:42:26.933 [JavaFX Application Thread] DEBUG Input                - Clearing active input actions
22:42:26.933 [JavaFX Application Thread] DEBUG GameApplicationServi - Removing overlay from MainMenu and adding to FXGLMainMenuDummyScene
22:42:26.935 [JavaFX Application Thread] DEBUG PrimaryStageWindow   - FXGLMainMenuDummyScene <- MainMenu
22:42:26.935 [JavaFX Application Thread] DEBUG Input                - Clearing active input actions
22:42:26.939 [JavaFX Application Thread] DEBUG GameApplicationServi - Removing overlay from FXGLMainMenuDummyScene and adding to FXGLLoadingScene
22:42:26.939 [JavaFX Application Thread] DEBUG PrimaryStageWindow   - FXGLMainMenuDummyScene -> FXGLLoadingScene
22:42:26.940 [JavaFX Application Thread] DEBUG GameApplicationServi - Clearing previous game
22:42:26.940 [JavaFX Application Thread] DEBUG GameScene            - Clearing game scene
22:42:26.940 [JavaFX Application Thread] DEBUG GameWorld            - Clearing game world
22:42:26.940 [JavaFX Application Thread] DEBUG PhysicsWorld         - Clearing physics world
22:42:26.942 [FXGL Background Thread 2 ] DEBUG FXGLApplication      - Initializing game
22:42:26.971 [FXGL Background Thread 2 ] DEBUG FXGLAssetLoaderServi - Loading from file system: file:/E:/space_java/Game/game_datbom/target/classes/assets/textures/mapTexture/grass.png
22:42:26.980 [FXGL Background Thread 2 ] DEBUG FXGLAssetLoaderServi - Loading from file system: file:/E:/space_java/Game/game_datbom/target/classes/assets/textures/mapTexture/wall2.png
22:42:27.036 [FXGL Background Thread 2 ] DEBUG FXGLAssetLoaderServi - Loading from file system: file:/E:/space_java/Game/game_datbom/target/classes/assets/textures/mapTexture%5cbrick.png
22:42:27.038 [FXGL Background Thread 2 ] DEBUG FXGLAssetLoaderServi - Loading from file system: file:/E:/space_java/Game/game_datbom/target/classes/assets/textures/mapTexture%5cbrick_break.png
22:42:27.082 [FXGL Background Thread 2 ] DEBUG FXGLAssetLoaderServi - Loading from file system: file:/E:/space_java/Game/game_datbom/target/classes/assets/textures/gameItem/powerup_bombs.png
22:42:27.086 [FXGL Background Thread 2 ] DEBUG FXGLAssetLoaderServi - Loading from file system: file:/E:/space_java/Game/game_datbom/target/classes/assets/textures/gameItem/powerup_flamepass.png
22:42:27.109 [FXGL Background Thread 2 ] DEBUG FXGLAssetLoaderServi - Loading from file system: file:/E:/space_java/Game/game_datbom/target/classes/assets/textures/enemy/balloon36.png
22:42:27.130 [FXGL Background Thread 2 ] DEBUG FXGLAssetLoaderServi - Loading from file system: file:/E:/space_java/Game/game_datbom/target/classes/assets/textures/gameItem/powerup_speed.png
22:42:27.145 [FXGL Background Thread 2 ] DEBUG FXGLAssetLoaderServi - Loading from file system: file:/E:/space_java/Game/game_datbom/target/classes/assets/textures/gameItem/powerup_flames.png
22:42:27.212 [FXGL Background Thread 2 ] DEBUG FXGLAssetLoaderServi - Loading from file system: file:/E:/space_java/Game/game_datbom/target/classes/assets/textures/mapTexture/portal.png
22:42:27.342 [FXGL Background Thread 2 ] DEBUG FXGLAssetLoaderServi - Loading from file system: file:/E:/space_java/Game/game_datbom/target/classes/assets/textures/character/gold_player_dead.png
22:42:27.343 [FXGL Background Thread 2 ] DEBUG FXGLAssetLoaderServi - Loading from file system: file:/E:/space_java/Game/game_datbom/target/classes/assets/textures/character/gold_player_down.png
22:42:27.345 [FXGL Background Thread 2 ] DEBUG FXGLAssetLoaderServi - Loading from file system: file:/E:/space_java/Game/game_datbom/target/classes/assets/textures/character/gold_player_up.png
22:42:27.345 [FXGL Background Thread 2 ] DEBUG FXGLAssetLoaderServi - Loading from file system: file:/E:/space_java/Game/game_datbom/target/classes/assets/textures/character/gold_player_left_temp.png
22:42:27.346 [FXGL Background Thread 2 ] DEBUG FXGLAssetLoaderServi - Loading from file system: file:/E:/space_java/Game/game_datbom/target/classes/assets/textures/character/gold_player_right_temp.png
22:42:27.351 [FXGL Background Thread 2 ] INFO  FXGLApplication      - Game initialization took: 0.409 sec
22:42:27.352 [JavaFX Application Thread] DEBUG Input                - Clearing active input actions
22:42:27.368 [JavaFX Application Thread] DEBUG GameApplicationServi - Removing overlay from FXGLLoadingScene and adding to GameScene
22:42:27.371 [JavaFX Application Thread] DEBUG PrimaryStageWindow   - FXGLLoadingScene -> GameScene
22:42:28.704 [FXGL Background Thread 3 ] DEBUG Engine               - Logging environment variables
22:42:28.705 [FXGL Background Thread 3 ] DEBUG Engine               - achievements: []
22:42:28.705 [FXGL Background Thread 3 ] DEBUG Engine               - actualHeight: 720.0
22:42:28.705 [FXGL Background Thread 3 ] DEBUG Engine               - actualHeightProperty: ReadOnlyDoubleProperty [value: 720.0]
22:42:28.705 [FXGL Background Thread 3 ] DEBUG Engine               - actualWidth: 1280.0
22:42:28.705 [FXGL Background Thread 3 ] DEBUG Engine               - actualWidthProperty: ReadOnlyDoubleProperty [value: 1280.0]
22:42:28.705 [FXGL Background Thread 3 ] DEBUG Engine               - appIcon: icon/icon.png
22:42:28.705 [FXGL Background Thread 3 ] DEBUG Engine               - applicationMode: DEVELOPER
22:42:28.705 [FXGL Background Thread 3 ] DEBUG Engine               - cSSList: [fxgl_dark.css]
22:42:28.705 [FXGL Background Thread 3 ] DEBUG Engine               - collisionDetectionStrategy: BRUTE_FORCE
22:42:28.705 [FXGL Background Thread 3 ] DEBUG Engine               - configClass: Optional.empty
22:42:28.705 [FXGL Background Thread 3 ] DEBUG Engine               - credits: []
22:42:28.707 [FXGL Background Thread 3 ] DEBUG Engine               - defaultCursor: CursorInfo(imageName=cursor/cursor1.png, hotspotX=0.0, hotspotY=0.0)
22:42:28.707 [FXGL Background Thread 3 ] DEBUG Engine               - devBBoxColorProperty: ObjectProperty [value: 0xff0000ff]
22:42:28.707 [FXGL Background Thread 3 ] DEBUG Engine               - devEnableDebugCameraProperty: BooleanProperty [value: false]
22:42:28.707 [FXGL Background Thread 3 ] DEBUG Engine               - devSensorColorProperty: ObjectProperty [value: 0xffff00ff]
22:42:28.707 [FXGL Background Thread 3 ] DEBUG Engine               - devShowBBoxProperty: BooleanProperty [value: false]
22:42:28.708 [FXGL Background Thread 3 ] DEBUG Engine               - devShowPositionProperty: BooleanProperty [value: false]
22:42:28.708 [FXGL Background Thread 3 ] DEBUG Engine               - enabledMenuItems: []
22:42:28.708 [FXGL Background Thread 3 ] DEBUG Engine               - engineServices: [class com.almasb.fxgl.app.services.FXGLAssetLoaderService, class com.almasb.fxgl.app.FXGLApplication$GameApplicationService, class com.almasb.fxgl.app.services.FXGLDialogService, class com.almasb.fxgl.app.services.IOTaskExecutorService, class com.almasb.fxgl.io.FileSystemService, class com.almasb.fxgl.localization.LocalizationService, class com.almasb.fxgl.app.services.SystemBundleService, class com.almasb.fxgl.profile.SaveLoadService, class com.almasb.fxgl.ui.FXGLUIFactoryServiceProvider, class com.almasb.fxgl.ui.FXGLDialogFactoryServiceProvider, class com.almasb.fxgl.audio.AudioPlayer, class com.almasb.fxgl.notification.impl.NotificationServiceProvider, class com.almasb.fxgl.achievement.AchievementService, class com.almasb.fxgl.cutscene.CutsceneService, class com.almasb.fxgl.minigames.MiniGameService, class com.almasb.fxgl.net.NetService, class com.almasb.fxgl.app.services.UpdaterService, class com.almasb.fxgl.dev.DevService]
22:42:28.708 [FXGL Background Thread 3 ] DEBUG Engine               - fontGame: Abel-Regular.ttf
22:42:28.708 [FXGL Background Thread 3 ] DEBUG Engine               - fontMono: TerminalLandMono-Regular.otf
22:42:28.708 [FXGL Background Thread 3 ] DEBUG Engine               - fontText: Courier-Prime.ttf
22:42:28.708 [FXGL Background Thread 3 ] DEBUG Engine               - fontUI: VarelaRound-Regular.ttf
22:42:28.708 [FXGL Background Thread 3 ] DEBUG Engine               - fullScreen: BooleanProperty [value: false]
22:42:28.708 [FXGL Background Thread 3 ] DEBUG Engine               - gameDifficulty: MEDIUM
22:42:28.708 [FXGL Background Thread 3 ] DEBUG Engine               - gameDifficultyProperty: ObjectProperty [value: MEDIUM]
22:42:28.708 [FXGL Background Thread 3 ] DEBUG Engine               - globalMusicVolume: 0.5
22:42:28.708 [FXGL Background Thread 3 ] DEBUG Engine               - globalMusicVolumeProperty: DoubleProperty [value: 0.5]
22:42:28.708 [FXGL Background Thread 3 ] DEBUG Engine               - globalSoundVolume: 0.5
22:42:28.708 [FXGL Background Thread 3 ] DEBUG Engine               - globalSoundVolumeProperty: DoubleProperty [value: 0.5]
22:42:28.708 [FXGL Background Thread 3 ] DEBUG Engine               - height: 720
22:42:28.708 [FXGL Background Thread 3 ] DEBUG Engine               - is3D: false
22:42:28.708 [FXGL Background Thread 3 ] DEBUG Engine               - isAndroid: false
22:42:28.708 [FXGL Background Thread 3 ] DEBUG Engine               - isBrowser: false
22:42:28.708 [FXGL Background Thread 3 ] DEBUG Engine               - isClickFeedbackEnabled: false
22:42:28.709 [FXGL Background Thread 3 ] DEBUG Engine               - isCloseConfirmation: false
22:42:28.709 [FXGL Background Thread 3 ] DEBUG Engine               - isDesktop: true
22:42:28.709 [FXGL Background Thread 3 ] DEBUG Engine               - isDeveloperMenuEnabled: true
22:42:28.709 [FXGL Background Thread 3 ] DEBUG Engine               - isEmbedded: false
22:42:28.709 [FXGL Background Thread 3 ] DEBUG Engine               - isEntityPreloadEnabled: true
22:42:28.709 [FXGL Background Thread 3 ] DEBUG Engine               - isExperimentalTiledLargeMap: false
22:42:28.709 [FXGL Background Thread 3 ] DEBUG Engine               - isFileSystemWriteAllowed: true
22:42:28.709 [FXGL Background Thread 3 ] DEBUG Engine               - isFullScreenAllowed: false
22:42:28.709 [FXGL Background Thread 3 ] DEBUG Engine               - isFullScreenFromStart: false
22:42:28.709 [FXGL Background Thread 3 ] DEBUG Engine               - isGameMenuEnabled: true
22:42:28.709 [FXGL Background Thread 3 ] DEBUG Engine               - isIOS: false
22:42:28.709 [FXGL Background Thread 3 ] DEBUG Engine               - isIntroEnabled: false
22:42:28.709 [FXGL Background Thread 3 ] DEBUG Engine               - isLinux: false
22:42:28.709 [FXGL Background Thread 3 ] DEBUG Engine               - isMac: false
22:42:28.709 [FXGL Background Thread 3 ] DEBUG Engine               - isMainMenuEnabled: true
22:42:28.709 [FXGL Background Thread 3 ] DEBUG Engine               - isManualResizeEnabled: false
22:42:28.709 [FXGL Background Thread 3 ] DEBUG Engine               - isMobile: false
22:42:28.709 [FXGL Background Thread 3 ] DEBUG Engine               - isNative: false
22:42:28.709 [FXGL Background Thread 3 ] DEBUG Engine               - isPauseMusicWhenMinimized: true
22:42:28.709 [FXGL Background Thread 3 ] DEBUG Engine               - isPreserveResizeRatio: false
22:42:28.709 [FXGL Background Thread 3 ] DEBUG Engine               - isProfilingEnabled: false
22:42:28.709 [FXGL Background Thread 3 ] DEBUG Engine               - isScaleAffectedOnResize: true
22:42:28.709 [FXGL Background Thread 3 ] DEBUG Engine               - isSingleStep: false
22:42:28.710 [FXGL Background Thread 3 ] DEBUG Engine               - isUserProfileEnabled: false
22:42:28.710 [FXGL Background Thread 3 ] DEBUG Engine               - isWindows: true
22:42:28.710 [FXGL Background Thread 3 ] DEBUG Engine               - language: ObjectProperty [value: ENGLISH]
22:42:28.710 [FXGL Background Thread 3 ] DEBUG Engine               - menuKey: ESCAPE
22:42:28.710 [FXGL Background Thread 3 ] DEBUG Engine               - mouseSensitivity: 0.2
22:42:28.710 [FXGL Background Thread 3 ] DEBUG Engine               - notificationViewClass: class com.almasb.fxgl.notification.view.XboxNotificationView
22:42:28.710 [FXGL Background Thread 3 ] DEBUG Engine               - pixelsPerMeter: 50.0
22:42:28.710 [FXGL Background Thread 3 ] DEBUG Engine               - platform: WINDOWS
22:42:28.710 [FXGL Background Thread 3 ] DEBUG Engine               - prefHeightProperty: ReadOnlyDoubleProperty [value: 720.0]
22:42:28.710 [FXGL Background Thread 3 ] DEBUG Engine               - prefWidthProperty: ReadOnlyDoubleProperty [value: 1280.0]
22:42:28.710 [FXGL Background Thread 3 ] DEBUG Engine               - profileDir: profiles/
22:42:28.710 [FXGL Background Thread 3 ] DEBUG Engine               - profileName: StringProperty [value: DEFAULT]
22:42:28.710 [FXGL Background Thread 3 ] DEBUG Engine               - randomSeed: -1
22:42:28.711 [FXGL Background Thread 3 ] DEBUG Engine               - runtimeInfo: RuntimeInfo(platform=WINDOWS, version=17.1, build=24.03.2022 17.34)
22:42:28.711 [FXGL Background Thread 3 ] DEBUG Engine               - saveFileExt: sav
22:42:28.711 [FXGL Background Thread 3 ] DEBUG Engine               - scaledHeightProp$fxgl: DoubleProperty [bound, value: 720.0]
22:42:28.711 [FXGL Background Thread 3 ] DEBUG Engine               - scaledWidthProp$fxgl: DoubleProperty [bound, value: 1280.0]
22:42:28.711 [FXGL Background Thread 3 ] DEBUG Engine               - sceneFactory: hellofx.Main$1@a9f8c6f
22:42:28.711 [FXGL Background Thread 3 ] DEBUG Engine               - secondsIn24h: 60
22:42:28.711 [FXGL Background Thread 3 ] DEBUG Engine               - soundMenuBack: menu/back.wav
22:42:28.711 [FXGL Background Thread 3 ] DEBUG Engine               - soundMenuPress: menu/press.wav
22:42:28.711 [FXGL Background Thread 3 ] DEBUG Engine               - soundMenuSelect: menu/select.wav
22:42:28.711 [FXGL Background Thread 3 ] DEBUG Engine               - soundNotification: core/notification.wav
22:42:28.711 [FXGL Background Thread 3 ] DEBUG Engine               - stageStyle: DECORATED
22:42:28.712 [FXGL Background Thread 3 ] DEBUG Engine               - supportedLanguages: [ENGLISH, FRENCH, GERMAN, HUNGARIAN, RUSSIAN]
22:42:28.712 [FXGL Background Thread 3 ] DEBUG Engine               - ticksPerSecond: -1
22:42:28.712 [FXGL Background Thread 3 ] DEBUG Engine               - title: Bomberman
22:42:28.712 [FXGL Background Thread 3 ] DEBUG Engine               - urlGithub: https://github.com/AlmasB/FXGL
22:42:28.712 [FXGL Background Thread 3 ] DEBUG Engine               - urlLeaderboard: http://fxgl-top.herokuapp.com/
22:42:28.712 [FXGL Background Thread 3 ] DEBUG Engine               - urlPOM: https://raw.githubusercontent.com/AlmasB/FXGL/release/README.md
22:42:28.712 [FXGL Background Thread 3 ] DEBUG Engine               - userAppClass: class hellofx.Main
22:42:28.712 [FXGL Background Thread 3 ] DEBUG Engine               - version: 1.0
22:42:28.712 [FXGL Background Thread 3 ] DEBUG Engine               - versionCheckDays: 7
22:42:28.712 [FXGL Background Thread 3 ] DEBUG Engine               - width: 1280
22:42:28.712 [FXGL Background Thread 3 ] DEBUG Engine               - Logging services
22:42:28.713 [FXGL Background Thread 3 ] DEBUG Engine               - class com.almasb.fxgl.app.services.FXGLAssetLoaderService
22:42:28.713 [FXGL Background Thread 3 ] DEBUG Engine               - class com.almasb.fxgl.app.FXGLApplication$GameApplicationService
22:42:28.713 [FXGL Background Thread 3 ] DEBUG Engine               - class com.almasb.fxgl.app.services.FXGLDialogService
22:42:28.713 [FXGL Background Thread 3 ] DEBUG Engine               - class com.almasb.fxgl.app.services.IOTaskExecutorService
22:42:28.713 [FXGL Background Thread 3 ] DEBUG Engine               - class com.almasb.fxgl.io.FileSystemService
22:42:28.713 [FXGL Background Thread 3 ] DEBUG Engine               - class com.almasb.fxgl.localization.LocalizationService
22:42:28.713 [FXGL Background Thread 3 ] DEBUG Engine               - class com.almasb.fxgl.app.services.SystemBundleService
22:42:28.713 [FXGL Background Thread 3 ] DEBUG Engine               - class com.almasb.fxgl.profile.SaveLoadService
22:42:28.713 [FXGL Background Thread 3 ] DEBUG Engine               - class com.almasb.fxgl.ui.FXGLUIFactoryServiceProvider
22:42:28.713 [FXGL Background Thread 3 ] DEBUG Engine               - class com.almasb.fxgl.ui.FXGLDialogFactoryServiceProvider
22:42:28.713 [FXGL Background Thread 3 ] DEBUG Engine               - class com.almasb.fxgl.audio.AudioPlayer
22:42:28.713 [FXGL Background Thread 3 ] DEBUG Engine               - class com.almasb.fxgl.notification.impl.NotificationServiceProvider
22:42:28.713 [FXGL Background Thread 3 ] DEBUG Engine               - class com.almasb.fxgl.achievement.AchievementService
22:42:28.713 [FXGL Background Thread 3 ] DEBUG Engine               - class com.almasb.fxgl.cutscene.CutsceneService
22:42:28.713 [FXGL Background Thread 3 ] DEBUG Engine               - class com.almasb.fxgl.minigames.MiniGameService
22:42:28.713 [FXGL Background Thread 3 ] DEBUG Engine               - class com.almasb.fxgl.net.NetService
22:42:28.713 [FXGL Background Thread 3 ] DEBUG Engine               - class com.almasb.fxgl.app.services.UpdaterService
22:42:28.713 [FXGL Background Thread 3 ] DEBUG Engine               - class com.almasb.fxgl.dev.DevService
22:42:33.020 [JavaFX Application Thread] DEBUG FXGLAssetLoaderServi - Loading from file system: file:/E:/space_java/Game/game_datbom/target/classes/assets/textures/character%5cbomb.png
22:42:33.023 [JavaFX Application Thread] DEBUG FXGLAssetLoaderServi - Loading from file system: file:/E:/space_java/Game/game_datbom/target/classes/assets/textures/flame%5cleft_flame.png
22:42:33.024 [JavaFX Application Thread] DEBUG FXGLAssetLoaderServi - Loading from file system: file:/E:/space_java/Game/game_datbom/target/classes/assets/textures/flame%5cup_flame.png
22:42:33.025 [JavaFX Application Thread] DEBUG FXGLAssetLoaderServi - Loading from file system: file:/E:/space_java/Game/game_datbom/target/classes/assets/textures/flame%5ccentral_flame.png
22:42:34.552 [JavaFX Application Thread] DEBUG LoopRunner           - Stopping loop
22:42:34.556 [JavaFX Application Thread] FATAL FXGLApplication      - Uncaught Exception:
java.lang.NullPointerException: Cannot invoke "com.almasb.fxgl.texture.AnimatedTexture.playAnimationChannel(com.almasb.fxgl.texture.AnimationChannel)" because "this.texture" is null
	at hellofx.Enemy.Enemy.onUpdate(Enemy.java:118)
	at com.almasb.fxgl.entity.Entity$ComponentMap.update(Entity.java:60)
	at com.almasb.fxgl.entity.Entity.update(Entity.java:248)
	at com.almasb.fxgl.entity.GameWorld.onUpdate(GameWorld.kt:177)
	at com.almasb.fxgl.app.scene.GameScene.step(GameScene.kt:224)
	at com.almasb.fxgl.app.scene.GameScene.onUpdate(GameScene.kt:220)
	at com.almasb.fxgl.scene.Scene.update(Scene.kt:105)
	at com.almasb.fxgl.app.MainWindow$update$1.invoke(MainWindow.kt:115)
	at com.almasb.fxgl.app.MainWindow$update$1.invoke(MainWindow.kt:115)
	at com.almasb.fxgl.core.fsm.StateMachine.runOnActiveStates(StateMachine.kt:69)
	at com.almasb.fxgl.app.MainWindow.update(MainWindow.kt:115)
	at com.almasb.fxgl.app.FXGLApplication$GameApplicationService.onUpdate(FXGLApplication.kt:426)
	at com.almasb.fxgl.app.Engine.loop(Engine.kt:134)
	at com.almasb.fxgl.app.Engine.access$loop(Engine.kt:24)
	at com.almasb.fxgl.app.Engine$loop$1.invoke(Engine.kt:28)
	at com.almasb.fxgl.app.Engine$loop$1.invoke(Engine.kt:28)
	at com.almasb.fxgl.app.LoopRunner.frame(LoopRunner.kt:103)
	at com.almasb.fxgl.app.LoopRunner.access$frame(LoopRunner.kt:23)
	at com.almasb.fxgl.app.LoopRunner$impl$2$1.onTick(LoopRunner.kt:57)
	at com.almasb.fxgl.app.AnimationTimerLoop$timer$1.handle(LoopRunner.kt:137)
	at javafx.animation.AnimationTimer$AnimationTimerReceiver.lambda$handle$0(AnimationTimer.java:58)
	at java.base/java.security.AccessController.doPrivileged(AccessController.java:399)
	at javafx.animation.AnimationTimer$AnimationTimerReceiver.handle(AnimationTimer.java:57)
	at com.sun.scenario.animation.AbstractPrimaryTimer.timePulseImpl(AbstractPrimaryTimer.java:356)
	at com.sun.scenario.animation.AbstractPrimaryTimer$MainLoop.run(AbstractPrimaryTimer.java:266)
	at com.sun.javafx.tk.quantum.QuantumToolkit.pulse(QuantumToolkit.java:571)
	at com.sun.javafx.tk.quantum.QuantumToolkit.pulse(QuantumToolkit.java:555)
	at com.sun.javafx.tk.quantum.QuantumToolkit.pulseFromQueue(QuantumToolkit.java:548)
	at com.sun.javafx.tk.quantum.QuantumToolkit.lambda$runToolkit$11(QuantumToolkit.java:352)
	at com.sun.glass.ui.InvokeLaterDispatcher$Future.run(InvokeLaterDispatcher.java:96)
	at com.sun.glass.ui.win.WinApplication._runLoop(Native Method)
	at com.sun.glass.ui.win.WinApplication.lambda$runLoop$3(WinApplication.java:184)
	at java.base/java.lang.Thread.run(Thread.java:833)

22:42:34.557 [JavaFX Application Thread] FATAL FXGLApplication      - Application will now exit
22:42:34.566 [JavaFX Application Thread] DEBUG PrimaryStageWindow   - Push state: ErrorSubScene
22:42:34.566 [JavaFX Application Thread] DEBUG Input                - Clearing active input actions
22:42:34.567 [JavaFX Application Thread] DEBUG GameApplicationServi - Removing overlay from GameScene and adding to ErrorSubScene
22:42:34.567 [JavaFX Application Thread] DEBUG PrimaryStageWindow   - GameScene -> ErrorSubScene
22:42:39.989 [JavaFX Application Thread] DEBUG FXGLApplication      - Exiting FXGL
22:42:39.990 [JavaFX Application Thread] DEBUG Async                - Shutting down background threads
22:42:39.990 [JavaFX Application Thread] DEBUG PrimaryStageWindow   - Closing main window
22:42:40.005 [JavaFX Application Thread] DEBUG Logger               - Closing Logger
