08:05:30.737 [main                     ] DEBUG Logger               - Configured Logger
08:05:30.739 [main                     ] DEBUG GameApplication      - Logging settings
Title: Basic Game App
Version: 1.0
Width: 800
Height: 600
Fullscreen: false
Intro: false
Profiling: false
Single step:false
App Mode: DEVELOPER
Menu Key: ESCAPE
Stage Style: DECORATED
Scene Factory: class com.almasb.fxgl.app.scene.SceneFactory

08:05:31.039 [JavaFX Application Thread] DEBUG FXGLApplication      - Initializing FXGL
08:05:31.041 [JavaFX Application Thread] INFO  Engine               - FXGL-11.12 (11.12.2020 08.51) on WINDOWS (J:18.0.2.1 FX:15)
08:05:31.042 [JavaFX Application Thread] DEBUG Engine               - JRE Vendor Name: Oracle Corporation
08:05:31.042 [JavaFX Application Thread] DEBUG Engine               - Running on OS: Windows 11 version 10.0
08:05:31.042 [JavaFX Application Thread] DEBUG Engine               - Architecture: amd64
08:05:31.042 [JavaFX Application Thread] INFO  Engine               - Source code and latest versions at: https://github.com/AlmasB/FXGL
08:05:31.042 [JavaFX Application Thread] INFO  Engine               -              Join the FXGL chat at: https://gitter.im/AlmasB/FXGL
08:05:31.129 [JavaFX Application Thread] DEBUG MainWindow           - Creating a JavaFX scene
08:05:31.169 [JavaFX Application Thread] DEBUG MainWindow           - Target settings size: 800.0 x 600.0
08:05:31.169 [JavaFX Application Thread] DEBUG MainWindow           - Scaled scene size:    800.0 x 600.0
08:05:31.170 [JavaFX Application Thread] DEBUG MainWindow           - Scaled ratio: (1.0, 1.0)
08:05:31.170 [JavaFX Application Thread] DEBUG MainWindow           - Set initial scene to StartupScene
08:05:31.175 [JavaFX Application Thread] DEBUG MainWindow           - Opening main window
08:05:31.232 [JavaFX Application Thread] DEBUG MainWindow           - Window border size: (16.0, 39.0)
08:05:31.233 [JavaFX Application Thread] DEBUG MainWindow           - Scaled size: 800.0 x 600.0
08:05:31.233 [JavaFX Application Thread] DEBUG MainWindow           - Scaled ratio: (1.0, 1.0)
08:05:31.233 [JavaFX Application Thread] DEBUG MainWindow           - Scene size: 800.0 x 600.0
08:05:31.233 [JavaFX Application Thread] DEBUG MainWindow           - Stage size: 816.0 x 639.0
08:05:31.239 [FXGL Background Thread 1 ] DEBUG Engine               - Initializing environment variables
08:05:31.280 [FXGL Background Thread 1 ] DEBUG GameApplicationServi - Applying CSS: fxgl_dark.css
08:05:31.281 [FXGL Background Thread 1 ] DEBUG FXGLAssetLoaderServi - Loading from file system: /assets/ui/css/fxgl_dark.css
08:05:31.316 [FXGL Background Thread 1 ] DEBUG GameApplicationServi - Initializing application scenes
08:05:31.343 [FXGL Background Thread 1 ] DEBUG GameWorld            - Game world initialized
08:05:31.382 [FXGL Background Thread 1 ] DEBUG PhysicsWorld         - Physics world initialized: appHeight=600, physics.ppm=50.0
08:05:31.384 [FXGL Background Thread 1 ] DEBUG GameScene            - Game scene initialized: 800x600
08:05:31.405 [FXGL Background Thread 1 ] DEBUG FXGLAssetLoaderServi - Loading from file system: /assets/textures/particles/trace_horizontal.png
08:05:31.442 [FXGL Background Thread 1 ] DEBUG FXGL.DefaultMenu     - createMenuBodyGameMenu()
08:05:31.451 [FXGL Background Thread 1 ] DEBUG FXGL.DefaultMenu     - createOptionsMenu()
08:05:31.454 [FXGL Background Thread 1 ] DEBUG FXGLAssetLoaderServi - Loading from file system: /assets/textures/particles/smoke.png
08:05:31.499 [FXGL Background Thread 1 ] DEBUG GameApplicationServi - Application scenes initialized
08:05:31.510 [FXGL Background Thread 1 ] DEBUG SystemBundleService  - Loading FXGL system data
08:05:31.516 [FXGL Background Thread 1 ] DEBUG FileSystemAccess     - Reading from: E:\space_java\game_datbom\system\fxgl.bundle
08:05:31.525 [FXGL Background Thread 1 ] DEBUG SystemBundleService  - Bundle FXGL: {}
08:05:31.526 [FXGL Background Thread 1 ] DEBUG UpdaterService       - Checking for updates
08:05:31.549 [FXGL Background Thread 4 ] DEBUG FXGLApplication      - Loading fonts
08:05:31.549 [FXGL Background Thread 4 ] DEBUG FXGLAssetLoaderServi - Loading from file system: /assets/ui/fonts/VarelaRound-Regular.ttf
08:05:31.549 [FXGL Background Thread 1 ] DEBUG FXGLApplication      - Loading default localization
08:05:31.550 [FXGL Background Thread 1 ] DEBUG FXGLAssetLoaderServi - Loading from file system: /assets/languages/english.lang
08:05:31.566 [FXGL Background Thread 1 ] INFO  FXGLApplication      - FXGL initialization took: 0.326 sec
08:05:31.576 [JavaFX Application Thread] DEBUG Input                - Registered new binding: action0 - F
08:05:31.576 [JavaFX Application Thread] DEBUG Input                - Registered new binding: Right - D
08:05:31.576 [JavaFX Application Thread] DEBUG Input                - Registered new binding: Left - A
08:05:31.576 [JavaFX Application Thread] DEBUG Input                - Registered new binding: Up - W
08:05:31.576 [JavaFX Application Thread] DEBUG Input                - Registered new binding: Down - S
08:05:31.576 [JavaFX Application Thread] DEBUG FXGLAssetLoaderServi - Loading from file system: /assets/textures/icon/icon.png
08:05:31.609 [FXGL Background Thread 4 ] DEBUG FXGLAssetLoaderServi - Loading from file system: /assets/ui/fonts/Abel-Regular.ttf
08:05:31.616 [FXGL Background Thread 4 ] DEBUG FXGLAssetLoaderServi - Loading from file system: /assets/ui/fonts/lucida_console.ttf
08:05:31.616 [JavaFX Application Thread] DEBUG FXGLAssetLoaderServi - Loading from file system: /assets/ui/cursors/fxgl_default.png
08:05:31.619 [JavaFX Application Thread] DEBUG Input                - Registered new binding: Screenshot - P
08:05:31.620 [JavaFX Application Thread] DEBUG Input                - Registered new binding: Dev Options - 1
08:05:31.620 [JavaFX Application Thread] DEBUG Input                - Registered new binding: Dev Console - 2
08:05:31.621 [JavaFX Application Thread] DEBUG Input                - Registered new binding: System info dump - CTRL+9
08:05:31.621 [JavaFX Application Thread] DEBUG Input                - Registered new binding: Restart - CTRL+R
08:05:31.621 [JavaFX Application Thread] DEBUG Input                - Registered new binding: Toggle Debug Camera - CTRL+C
08:05:31.623 [FXGL Background Thread 4 ] DEBUG FXGLAssetLoaderServi - Loading from file system: /assets/ui/fonts/Courier-Prime.ttf
08:05:31.623 [JavaFX Application Thread] DEBUG LoopRunner           - Starting loop
08:05:31.636 [JavaFX Application Thread] DEBUG GameApplicationServi - Starting new game
08:05:31.636 [JavaFX Application Thread] DEBUG Input                - Clearing active input actions
08:05:31.646 [JavaFX Application Thread] DEBUG GameApplicationServi - Removing overlay from StartupScene and adding to FXGLLoadingScene
08:05:31.649 [JavaFX Application Thread] DEBUG MainWindow           - StartupScene -> FXGLLoadingScene
08:05:31.649 [JavaFX Application Thread] DEBUG GameApplicationServi - Clearing previous game
08:05:31.649 [JavaFX Application Thread] DEBUG GameScene            - Clearing game scene
08:05:31.649 [JavaFX Application Thread] DEBUG GameWorld            - Clearing game world
08:05:31.649 [JavaFX Application Thread] DEBUG PhysicsWorld         - Clearing physics world
08:05:31.650 [FXGL Background Thread 4 ] DEBUG FXGLApplication      - Initializing game
08:05:31.658 [FXGL Background Thread 4 ] DEBUG FXGLAssetLoaderServi - Loading from file system: /assets/textures/character/gold_player_up.png
08:05:31.662 [FXGL Background Thread 4 ] DEBUG FXGLAssetLoaderServi - Loading from file system: /assets/textures/character/gold_player_down.png
08:05:31.663 [FXGL Background Thread 4 ] DEBUG FXGLAssetLoaderServi - Loading from cache: /assets/textures/character/gold_player_up.png
08:05:31.663 [FXGL Background Thread 4 ] DEBUG FXGLAssetLoaderServi - Loading from cache: /assets/textures/character/gold_player_down.png
08:05:31.664 [FXGL Background Thread 4 ] DEBUG FXGLAssetLoaderServi - Loading from file system: /assets/textures/character/gold_player_left.png
08:05:31.665 [FXGL Background Thread 4 ] DEBUG FXGLAssetLoaderServi - Loading from cache: /assets/textures/character/gold_player_left.png
08:05:31.665 [FXGL Background Thread 4 ] DEBUG FXGLAssetLoaderServi - Loading from file system: /assets/textures/character/gold_player_right.png
08:05:31.667 [FXGL Background Thread 4 ] DEBUG FXGLAssetLoaderServi - Loading from cache: /assets/textures/character/gold_player_right.png
08:05:31.682 [FXGL Background Thread 4 ] DEBUG FXGLAssetLoaderServi - Loading from file system: /assets/textures/brick.png
08:05:31.683 [FXGL Background Thread 4 ] INFO  FXGLApplication      - Game initialization took: 0.033 sec
08:05:31.783 [JavaFX Application Thread] DEBUG FXGLApplication      - Registering font factories with UI factory
08:05:31.792 [JavaFX Application Thread] DEBUG Input                - Clearing active input actions
08:05:31.800 [JavaFX Application Thread] DEBUG GameApplicationServi - Removing overlay from FXGLLoadingScene and adding to GameScene
08:05:31.803 [JavaFX Application Thread] DEBUG MainWindow           - FXGLLoadingScene -> GameScene
08:05:33.856 [FXGL Background Thread 2 ] INFO  UpdaterService       - Your current version:  11.12
08:05:33.856 [FXGL Background Thread 2 ] INFO  UpdaterService       - Latest stable version: 17.2
08:05:34.549 [FXGL Background Thread 3 ] DEBUG Engine               - Logging environment variables
08:05:34.550 [FXGL Background Thread 3 ] DEBUG Engine               - achievements: []
08:05:34.550 [FXGL Background Thread 3 ] DEBUG Engine               - actualHeight: 600.0
08:05:34.550 [FXGL Background Thread 3 ] DEBUG Engine               - actualHeightProperty: ReadOnlyDoubleProperty [value: 600.0]
08:05:34.550 [FXGL Background Thread 3 ] DEBUG Engine               - actualWidth: 800.0
08:05:34.551 [FXGL Background Thread 3 ] DEBUG Engine               - actualWidthProperty: ReadOnlyDoubleProperty [value: 800.0]
08:05:34.551 [FXGL Background Thread 3 ] DEBUG Engine               - appIcon: icon/icon.png
08:05:34.551 [FXGL Background Thread 3 ] DEBUG Engine               - applicationMode: DEVELOPER
08:05:34.551 [FXGL Background Thread 3 ] DEBUG Engine               - cSSList: [fxgl_dark.css]
08:05:34.551 [FXGL Background Thread 3 ] DEBUG Engine               - configClass: Optional.empty
08:05:34.551 [FXGL Background Thread 3 ] DEBUG Engine               - credits: []
08:05:34.552 [FXGL Background Thread 3 ] DEBUG Engine               - devBBoxColorProperty: ObjectProperty [value: 0xff0000ff]
08:05:34.552 [FXGL Background Thread 3 ] DEBUG Engine               - devEnableDebugCameraProperty: BooleanProperty [value: false]
08:05:34.552 [FXGL Background Thread 3 ] DEBUG Engine               - devSensorColorProperty: ObjectProperty [value: 0xffff00ff]
08:05:34.552 [FXGL Background Thread 3 ] DEBUG Engine               - devShowBBoxProperty: BooleanProperty [value: false]
08:05:34.553 [FXGL Background Thread 3 ] DEBUG Engine               - devShowPositionProperty: BooleanProperty [value: false]
08:05:34.553 [FXGL Background Thread 3 ] DEBUG Engine               - enabledMenuItems: []
08:05:34.553 [FXGL Background Thread 3 ] DEBUG Engine               - engineServices: [class com.almasb.fxgl.app.FXGLApplication$GameApplicationService, class com.almasb.fxgl.app.services.FXGLDialogService, class com.almasb.fxgl.app.services.IOTaskExecutorService, class com.almasb.fxgl.event.EventBusService, class com.almasb.fxgl.io.FileSystemService, class com.almasb.fxgl.localization.LocalizationService, class com.almasb.fxgl.app.services.FXGLAssetLoaderService, class com.almasb.fxgl.app.services.SystemBundleService, class com.almasb.fxgl.profile.SaveLoadService, class com.almasb.fxgl.ui.FXGLUIFactoryServiceProvider, class com.almasb.fxgl.ui.FXGLDialogFactoryServiceProvider, class com.almasb.fxgl.audio.AudioPlayer, class com.almasb.fxgl.notification.impl.NotificationServiceProvider, class com.almasb.fxgl.achievement.AchievementService, class com.almasb.fxgl.cutscene.CutsceneService, class com.almasb.fxgl.minigames.MiniGameService, class com.almasb.fxgl.net.NetService, class com.almasb.fxgl.app.services.UpdaterService, class com.almasb.fxgl.dev.DevService]
08:05:34.553 [FXGL Background Thread 3 ] DEBUG Engine               - fontGame: Abel-Regular.ttf
08:05:34.553 [FXGL Background Thread 3 ] DEBUG Engine               - fontMono: lucida_console.ttf
08:05:34.553 [FXGL Background Thread 3 ] DEBUG Engine               - fontText: Courier-Prime.ttf
08:05:34.553 [FXGL Background Thread 3 ] DEBUG Engine               - fontUI: VarelaRound-Regular.ttf
08:05:34.553 [FXGL Background Thread 3 ] DEBUG Engine               - fullScreen: BooleanProperty [value: false]
08:05:34.553 [FXGL Background Thread 3 ] DEBUG Engine               - gameDifficulty: MEDIUM
08:05:34.553 [FXGL Background Thread 3 ] DEBUG Engine               - gameDifficultyProperty: ObjectProperty [value: MEDIUM]
08:05:34.553 [FXGL Background Thread 3 ] DEBUG Engine               - globalMusicVolume: 0.5
08:05:34.553 [FXGL Background Thread 3 ] DEBUG Engine               - globalMusicVolumeProperty: DoubleProperty [value: 0.5]
08:05:34.553 [FXGL Background Thread 3 ] DEBUG Engine               - globalSoundVolume: 0.5
08:05:34.553 [FXGL Background Thread 3 ] DEBUG Engine               - globalSoundVolumeProperty: DoubleProperty [value: 0.5]
08:05:34.553 [FXGL Background Thread 3 ] DEBUG Engine               - height: 600
08:05:34.554 [FXGL Background Thread 3 ] DEBUG Engine               - isAndroid: false
08:05:34.554 [FXGL Background Thread 3 ] DEBUG Engine               - isBrowser: false
08:05:34.554 [FXGL Background Thread 3 ] DEBUG Engine               - isClickFeedbackEnabled: false
08:05:34.554 [FXGL Background Thread 3 ] DEBUG Engine               - isCloseConfirmation: false
08:05:34.554 [FXGL Background Thread 3 ] DEBUG Engine               - isDesktop: true
08:05:34.554 [FXGL Background Thread 3 ] DEBUG Engine               - isDeveloperMenuEnabled: true
08:05:34.554 [FXGL Background Thread 3 ] DEBUG Engine               - isEntityPreloadEnabled: true
08:05:34.554 [FXGL Background Thread 3 ] DEBUG Engine               - isExperimental3D: false
08:05:34.554 [FXGL Background Thread 3 ] DEBUG Engine               - isExperimentalNative: false
08:05:34.554 [FXGL Background Thread 3 ] DEBUG Engine               - isExperimentalTiledLargeMap: false
08:05:34.554 [FXGL Background Thread 3 ] DEBUG Engine               - isFileSystemWriteAllowed: true
08:05:34.554 [FXGL Background Thread 3 ] DEBUG Engine               - isFullScreenAllowed: false
08:05:34.554 [FXGL Background Thread 3 ] DEBUG Engine               - isFullScreenFromStart: false
08:05:34.554 [FXGL Background Thread 3 ] DEBUG Engine               - isGameMenuEnabled: true
08:05:34.554 [FXGL Background Thread 3 ] DEBUG Engine               - isIOS: false
08:05:34.554 [FXGL Background Thread 3 ] DEBUG Engine               - isIntroEnabled: false
08:05:34.554 [FXGL Background Thread 3 ] DEBUG Engine               - isLinux: false
08:05:34.554 [FXGL Background Thread 3 ] DEBUG Engine               - isMac: false
08:05:34.555 [FXGL Background Thread 3 ] DEBUG Engine               - isMainMenuEnabled: false
08:05:34.555 [FXGL Background Thread 3 ] DEBUG Engine               - isManualResizeEnabled: false
08:05:34.555 [FXGL Background Thread 3 ] DEBUG Engine               - isMobile: false
08:05:34.555 [FXGL Background Thread 3 ] DEBUG Engine               - isPreserveResizeRatio: false
08:05:34.555 [FXGL Background Thread 3 ] DEBUG Engine               - isProfilingEnabled: false
08:05:34.555 [FXGL Background Thread 3 ] DEBUG Engine               - isScaleAffectedOnResize: true
08:05:34.555 [FXGL Background Thread 3 ] DEBUG Engine               - isSingleStep: false
08:05:34.555 [FXGL Background Thread 3 ] DEBUG Engine               - isUserProfileEnabled: false
08:05:34.555 [FXGL Background Thread 3 ] DEBUG Engine               - isWindows: true
08:05:34.555 [FXGL Background Thread 3 ] DEBUG Engine               - language: ObjectProperty [value: ENGLISH]
08:05:34.555 [FXGL Background Thread 3 ] DEBUG Engine               - menuKey: ESCAPE
08:05:34.555 [FXGL Background Thread 3 ] DEBUG Engine               - notificationViewClass: class com.almasb.fxgl.notification.view.XboxNotificationView
08:05:34.555 [FXGL Background Thread 3 ] DEBUG Engine               - pixelsPerMeter: 50.0
08:05:34.555 [FXGL Background Thread 3 ] DEBUG Engine               - platform: WINDOWS
08:05:34.555 [FXGL Background Thread 3 ] DEBUG Engine               - prefHeightProperty: ReadOnlyDoubleProperty [value: 600.0]
08:05:34.555 [FXGL Background Thread 3 ] DEBUG Engine               - prefWidthProperty: ReadOnlyDoubleProperty [value: 800.0]
08:05:34.555 [FXGL Background Thread 3 ] DEBUG Engine               - profileDir: profiles/
08:05:34.555 [FXGL Background Thread 3 ] DEBUG Engine               - profileName: StringProperty [value: DEFAULT]
08:05:34.555 [FXGL Background Thread 3 ] DEBUG Engine               - randomSeed: -1
08:05:34.556 [FXGL Background Thread 3 ] DEBUG Engine               - runtimeInfo: RuntimeInfo(platform=WINDOWS, version=11.12, build=11.12.2020 08.51)
08:05:34.556 [FXGL Background Thread 3 ] DEBUG Engine               - saveFileExt: sav
08:05:34.556 [FXGL Background Thread 3 ] DEBUG Engine               - scaledHeightProp$fxgl: DoubleProperty [bound, value: 600.0]
08:05:34.556 [FXGL Background Thread 3 ] DEBUG Engine               - scaledWidthProp$fxgl: DoubleProperty [bound, value: 800.0]
08:05:34.556 [FXGL Background Thread 3 ] DEBUG Engine               - sceneFactory: com.almasb.fxgl.app.scene.SceneFactory@6b516888
08:05:34.556 [FXGL Background Thread 3 ] DEBUG Engine               - secondsIn24h: 60
08:05:34.556 [FXGL Background Thread 3 ] DEBUG Engine               - soundMenuBack: menu/back.wav
08:05:34.556 [FXGL Background Thread 3 ] DEBUG Engine               - soundMenuPress: menu/press.wav
08:05:34.556 [FXGL Background Thread 3 ] DEBUG Engine               - soundMenuSelect: menu/select.wav
08:05:34.556 [FXGL Background Thread 3 ] DEBUG Engine               - soundNotification: core/notification.wav
08:05:34.556 [FXGL Background Thread 3 ] DEBUG Engine               - stageStyle: DECORATED
08:05:34.556 [FXGL Background Thread 3 ] DEBUG Engine               - supportedLanguages: [ENGLISH, FRENCH, GERMAN, HUNGARIAN, RUSSIAN]
08:05:34.556 [FXGL Background Thread 3 ] DEBUG Engine               - title: Basic Game App
08:05:34.556 [FXGL Background Thread 3 ] DEBUG Engine               - urlGithub: https://github.com/AlmasB/FXGL
08:05:34.556 [FXGL Background Thread 3 ] DEBUG Engine               - urlLeaderboard: http://fxgl-top.herokuapp.com/
08:05:34.556 [FXGL Background Thread 3 ] DEBUG Engine               - urlPOM: https://raw.githubusercontent.com/AlmasB/FXGL/master/README.md
08:05:34.556 [FXGL Background Thread 3 ] DEBUG Engine               - version: 1.0
08:05:34.556 [FXGL Background Thread 3 ] DEBUG Engine               - versionCheckDays: 7
08:05:34.557 [FXGL Background Thread 3 ] DEBUG Engine               - width: 800
08:05:34.557 [FXGL Background Thread 3 ] DEBUG Engine               - Logging services
08:05:34.557 [FXGL Background Thread 3 ] DEBUG Engine               - class com.almasb.fxgl.app.FXGLApplication$GameApplicationService
08:05:34.557 [FXGL Background Thread 3 ] DEBUG Engine               - class com.almasb.fxgl.app.services.FXGLDialogService
08:05:34.557 [FXGL Background Thread 3 ] DEBUG Engine               - class com.almasb.fxgl.app.services.IOTaskExecutorService
08:05:34.557 [FXGL Background Thread 3 ] DEBUG Engine               - class com.almasb.fxgl.event.EventBusService
08:05:34.557 [FXGL Background Thread 3 ] DEBUG Engine               - class com.almasb.fxgl.io.FileSystemService
08:05:34.557 [FXGL Background Thread 3 ] DEBUG Engine               - class com.almasb.fxgl.localization.LocalizationService
08:05:34.557 [FXGL Background Thread 3 ] DEBUG Engine               - class com.almasb.fxgl.app.services.FXGLAssetLoaderService
08:05:34.557 [FXGL Background Thread 3 ] DEBUG Engine               - class com.almasb.fxgl.app.services.SystemBundleService
08:05:34.557 [FXGL Background Thread 3 ] DEBUG Engine               - class com.almasb.fxgl.profile.SaveLoadService
08:05:34.557 [FXGL Background Thread 3 ] DEBUG Engine               - class com.almasb.fxgl.ui.FXGLUIFactoryServiceProvider
08:05:34.557 [FXGL Background Thread 3 ] DEBUG Engine               - class com.almasb.fxgl.ui.FXGLDialogFactoryServiceProvider
08:05:34.557 [FXGL Background Thread 3 ] DEBUG Engine               - class com.almasb.fxgl.audio.AudioPlayer
08:05:34.557 [FXGL Background Thread 3 ] DEBUG Engine               - class com.almasb.fxgl.notification.impl.NotificationServiceProvider
08:05:34.557 [FXGL Background Thread 3 ] DEBUG Engine               - class com.almasb.fxgl.achievement.AchievementService
08:05:34.557 [FXGL Background Thread 3 ] DEBUG Engine               - class com.almasb.fxgl.cutscene.CutsceneService
08:05:34.557 [FXGL Background Thread 3 ] DEBUG Engine               - class com.almasb.fxgl.minigames.MiniGameService
08:05:34.557 [FXGL Background Thread 3 ] DEBUG Engine               - class com.almasb.fxgl.net.NetService
08:05:34.557 [FXGL Background Thread 3 ] DEBUG Engine               - class com.almasb.fxgl.app.services.UpdaterService
08:05:34.558 [FXGL Background Thread 3 ] DEBUG Engine               - class com.almasb.fxgl.dev.DevService
08:05:46.057 [JavaFX Application Thread] DEBUG FXGLApplication      - Exiting FXGL
08:05:46.058 [JavaFX Application Thread] DEBUG LoopRunner           - Stopping loop
08:05:46.058 [JavaFX Application Thread] DEBUG SystemBundleService  - Saving FXGL system data
08:05:46.061 [JavaFX Application Thread] DEBUG FileSystemAccess     - Writing to: E:\space_java\game_datbom\system\fxgl.bundle
08:05:46.063 [JavaFX Application Thread] DEBUG Async                - Shutting down background threads
08:05:46.063 [JavaFX Application Thread] DEBUG MainWindow           - Closing main window
08:05:46.084 [JavaFX Application Thread] DEBUG Logger               - Closing Logger
