22:43:59.909 [main                     ] DEBUG Logger               - Configured Logger
22:43:59.930 [main                     ] DEBUG GameApplication      - Logging settings
Title: Bomberman
Version: 1.0
Width: 1280
Height: 720
Fullscreen: false
Intro: false
Profiling: false
Single step:false
App Mode: DEVELOPER
Menu Key: ESCAPE
Stage Style: DECORATED
Scene Factory: class hellofx.Main$1

22:44:00.053 [JavaFX Application Thread] DEBUG FXGLApplication      - Initializing FXGL
22:44:00.060 [JavaFX Application Thread] INFO  Engine               - FXGL-17.1 (24.03.2022 17.34) on WINDOWS (J:18.0.2.1 FX:18)
22:44:00.061 [JavaFX Application Thread] DEBUG Engine               - JRE Vendor Name: Oracle Corporation
22:44:00.062 [JavaFX Application Thread] DEBUG Engine               - Running on OS: Windows 11 version 10.0
22:44:00.062 [JavaFX Application Thread] DEBUG Engine               - Architecture: amd64
22:44:00.062 [JavaFX Application Thread] INFO  Engine               - Source code and latest versions at: https://github.com/AlmasB/FXGL
22:44:00.062 [JavaFX Application Thread] INFO  Engine               -       Ask questions and discuss at: https://github.com/AlmasB/FXGL/discussions
22:44:00.062 [JavaFX Application Thread] INFO  Engine               -              Join the FXGL chat at: https://gitter.im/AlmasB/FXGL
22:44:00.122 [JavaFX Application Thread] DEBUG PrimaryStageWindow   - Creating a JavaFX scene
22:44:00.177 [JavaFX Application Thread] DEBUG PrimaryStageWindow   - Target settings size: 1280.0 x 720.0
22:44:00.178 [JavaFX Application Thread] DEBUG PrimaryStageWindow   - Scaled scene size:    1280.0 x 720.0
22:44:00.178 [JavaFX Application Thread] DEBUG PrimaryStageWindow   - Scaled ratio: (1.0, 1.0)
22:44:00.180 [JavaFX Application Thread] DEBUG PrimaryStageWindow   - Set initial scene to FXGLStartupScene
22:44:00.188 [JavaFX Application Thread] DEBUG PrimaryStageWindow   - Opening main window
22:44:00.283 [JavaFX Application Thread] DEBUG PrimaryStageWindow   - Window border size: (16.0, 39.0)
22:44:00.283 [JavaFX Application Thread] DEBUG PrimaryStageWindow   - Scaled size: 1280.0 x 720.0
22:44:00.283 [JavaFX Application Thread] DEBUG PrimaryStageWindow   - Scaled ratio: (1.0, 1.0)
22:44:00.284 [JavaFX Application Thread] DEBUG PrimaryStageWindow   - Scene size: 1280.0 x 720.0
22:44:00.284 [JavaFX Application Thread] DEBUG PrimaryStageWindow   - Stage size: 1296.0 x 759.0
22:44:00.296 [FXGL Background Thread 1 ] DEBUG Engine               - Initializing environment variables
22:44:00.374 [FXGL Background Thread 1 ] DEBUG FXGLAssetLoaderServi - User app class for loading assets: class hellofx.Main
22:44:00.375 [FXGL Background Thread 1 ] DEBUG GameApplicationServi - Applying CSS: fxgl_dark.css
22:44:00.376 [FXGL Background Thread 1 ] DEBUG FXGLAssetLoaderServi - Loading from file system: jar:file:/C:/Users/chaum/.m2/repository/com/github/almasb/fxgl/17.1/fxgl-17.1.jar!/fxglassets/ui/css/fxgl_dark.css
22:44:00.432 [FXGL Background Thread 1 ] DEBUG GameApplicationServi - Initializing application scenes
22:44:00.476 [FXGL Background Thread 1 ] DEBUG GameWorld            - Game world initialized
22:44:00.538 [FXGL Background Thread 1 ] DEBUG PhysicsWorld         - Physics world initialized: appHeight=720, physics.ppm=50.0
22:44:00.539 [FXGL Background Thread 1 ] DEBUG PhysicsWorld         - Using strategy: BRUTE_FORCE
22:44:00.542 [FXGL Background Thread 1 ] DEBUG GameScene            - Game scene initialized: 1280x720
22:44:00.634 [FXGL Background Thread 1 ] DEBUG GameApplicationServi - Application scenes initialized
22:44:00.649 [FXGL Background Thread 1 ] DEBUG SystemBundleService  - Loading FXGL system data
22:44:00.653 [FXGL Background Thread 1 ] DEBUG FileSystemAccess     - Reading from: E:\space_java\Game\game_datbom\system\fxgl.bundle
22:44:00.662 [FXGL Background Thread 1 ] DEBUG SystemBundleService  - Bundle FXGL: {}
22:44:00.662 [FXGL Background Thread 1 ] DEBUG UpdaterService       - Checking for updates
22:44:00.694 [FXGL Background Thread 4 ] DEBUG FXGLApplication      - Loading fonts
22:44:00.694 [FXGL Background Thread 1 ] DEBUG FXGLApplication      - Loading default localization
22:44:00.694 [FXGL Background Thread 4 ] DEBUG FXGLAssetLoaderServi - Loading from file system: jar:file:/C:/Users/chaum/.m2/repository/com/github/almasb/fxgl/17.1/fxgl-17.1.jar!/fxglassets/ui/fonts/VarelaRound-Regular.ttf
22:44:00.695 [FXGL Background Thread 1 ] DEBUG FXGLAssetLoaderServi - Loading from file system: jar:file:/C:/Users/chaum/.m2/repository/com/github/almasb/fxgl/17.1/fxgl-17.1.jar!/fxglassets/languages/english.lang
22:44:00.717 [FXGL Background Thread 1 ] INFO  FXGLApplication      - FXGL initialization took: 0.421 sec
22:44:00.730 [JavaFX Application Thread] DEBUG Input                - Registered new binding: action0 - F
22:44:00.730 [JavaFX Application Thread] DEBUG Input                - Registered new binding: action1 - G
22:44:00.731 [JavaFX Application Thread] DEBUG Input                - Registered new binding: action2 - R
22:44:00.731 [JavaFX Application Thread] DEBUG Input                - Registered new binding: action3 - T
22:44:00.732 [JavaFX Application Thread] DEBUG Input                - Registered new binding: Right - D
22:44:00.732 [JavaFX Application Thread] DEBUG Input                - Registered new binding: Left - A
22:44:00.732 [JavaFX Application Thread] DEBUG Input                - Registered new binding: Up - W
22:44:00.732 [JavaFX Application Thread] DEBUG Input                - Registered new binding: Down - S
22:44:00.732 [JavaFX Application Thread] DEBUG Input                - Registered new binding: Place boom - Space
22:44:00.733 [JavaFX Application Thread] DEBUG FXGLAssetLoaderServi - Loading from file system: file:/E:/space_java/Game/game_datbom/target/classes/assets/textures/icon/icon.png
22:44:00.777 [FXGL Background Thread 4 ] DEBUG FXGLAssetLoaderServi - Loading from file system: jar:file:/C:/Users/chaum/.m2/repository/com/github/almasb/fxgl/17.1/fxgl-17.1.jar!/fxglassets/ui/fonts/Abel-Regular.ttf
22:44:00.781 [FXGL Background Thread 4 ] DEBUG FXGLAssetLoaderServi - Loading from file system: jar:file:/C:/Users/chaum/.m2/repository/com/github/almasb/fxgl/17.1/fxgl-17.1.jar!/fxglassets/ui/fonts/TerminalLandMono-Regular.otf
22:44:00.786 [FXGL Background Thread 4 ] DEBUG FXGLAssetLoaderServi - Loading from file system: jar:file:/C:/Users/chaum/.m2/repository/com/github/almasb/fxgl/17.1/fxgl-17.1.jar!/fxglassets/ui/fonts/Courier-Prime.ttf
22:44:00.801 [JavaFX Application Thread] DEBUG FXGLAssetLoaderServi - Loading from file system: file:/E:/space_java/Game/game_datbom/target/classes/assets/textures/cursor/cursor1.png
22:44:00.811 [JavaFX Application Thread] DEBUG Input                - Registered new binding: Screenshot - CTRL+8
22:44:00.812 [JavaFX Application Thread] DEBUG Input                - Registered new binding: Dev Options - 1
22:44:00.812 [JavaFX Application Thread] DEBUG Input                - Registered new binding: Dev Console - 2
22:44:00.813 [JavaFX Application Thread] DEBUG Input                - Registered new binding: System info dump - CTRL+9
22:44:00.813 [JavaFX Application Thread] DEBUG Input                - Registered new binding: Restart - CTRL+R
22:44:00.814 [JavaFX Application Thread] DEBUG Input                - Registered new binding: Toggle Debug Camera - CTRL+7
22:44:00.817 [JavaFX Application Thread] DEBUG LoopRunner           - Starting loop
22:44:00.834 [JavaFX Application Thread] DEBUG LoopRunner           - Initializing JavaFX AnimationTimerLoop
22:44:00.837 [JavaFX Application Thread] DEBUG Input                - Clearing active input actions
22:44:00.844 [JavaFX Application Thread] DEBUG GameApplicationServi - Removing overlay from FXGLStartupScene and adding to FXGLMainMenuDummyScene
22:44:00.847 [JavaFX Application Thread] DEBUG PrimaryStageWindow   - FXGLStartupScene -> FXGLMainMenuDummyScene
22:44:00.847 [JavaFX Application Thread] DEBUG PrimaryStageWindow   - Push state: MainMenu
22:44:00.847 [JavaFX Application Thread] DEBUG Input                - Clearing active input actions
22:44:00.850 [JavaFX Application Thread] DEBUG GameApplicationServi - Removing overlay from FXGLMainMenuDummyScene and adding to MainMenu
22:44:00.850 [JavaFX Application Thread] DEBUG PrimaryStageWindow   - FXGLMainMenuDummyScene -> MainMenu
22:44:00.851 [JavaFX Application Thread] DEBUG FXGLApplication      - Registering font factories with UI factory
22:44:01.611 [FXGL Background Thread 2 ] INFO  UpdaterService       - Your current version:  17.1
22:44:01.611 [FXGL Background Thread 2 ] INFO  UpdaterService       - Latest stable version: 17.2
22:44:03.464 [JavaFX Application Thread] DEBUG Menu                 - fireNewGame()
22:44:03.464 [JavaFX Application Thread] DEBUG GameApplicationServi - Starting new game
22:44:03.465 [JavaFX Application Thread] DEBUG PrimaryStageWindow   - Pop state: MainMenu
22:44:03.465 [JavaFX Application Thread] DEBUG Input                - Clearing active input actions
22:44:03.465 [JavaFX Application Thread] DEBUG GameApplicationServi - Removing overlay from MainMenu and adding to FXGLMainMenuDummyScene
22:44:03.468 [JavaFX Application Thread] DEBUG PrimaryStageWindow   - FXGLMainMenuDummyScene <- MainMenu
22:44:03.469 [JavaFX Application Thread] DEBUG Input                - Clearing active input actions
22:44:03.478 [JavaFX Application Thread] DEBUG GameApplicationServi - Removing overlay from FXGLMainMenuDummyScene and adding to FXGLLoadingScene
22:44:03.478 [JavaFX Application Thread] DEBUG PrimaryStageWindow   - FXGLMainMenuDummyScene -> FXGLLoadingScene
22:44:03.479 [JavaFX Application Thread] DEBUG GameApplicationServi - Clearing previous game
22:44:03.479 [JavaFX Application Thread] DEBUG GameScene            - Clearing game scene
22:44:03.479 [JavaFX Application Thread] DEBUG GameWorld            - Clearing game world
22:44:03.479 [JavaFX Application Thread] DEBUG PhysicsWorld         - Clearing physics world
22:44:03.481 [FXGL Background Thread 2 ] DEBUG FXGLApplication      - Initializing game
22:44:03.513 [FXGL Background Thread 2 ] DEBUG FXGLAssetLoaderServi - Loading from file system: file:/E:/space_java/Game/game_datbom/target/classes/assets/textures/mapTexture/grass.png
22:44:03.521 [FXGL Background Thread 2 ] DEBUG FXGLAssetLoaderServi - Loading from file system: file:/E:/space_java/Game/game_datbom/target/classes/assets/textures/mapTexture/wall2.png
22:44:03.593 [FXGL Background Thread 2 ] DEBUG FXGLAssetLoaderServi - Loading from file system: file:/E:/space_java/Game/game_datbom/target/classes/assets/textures/mapTexture%5cbrick.png
22:44:03.596 [FXGL Background Thread 2 ] DEBUG FXGLAssetLoaderServi - Loading from file system: file:/E:/space_java/Game/game_datbom/target/classes/assets/textures/mapTexture%5cbrick_break.png
22:44:03.646 [FXGL Background Thread 2 ] DEBUG FXGLAssetLoaderServi - Loading from file system: file:/E:/space_java/Game/game_datbom/target/classes/assets/textures/gameItem/powerup_bombs.png
22:44:03.648 [FXGL Background Thread 2 ] DEBUG FXGLAssetLoaderServi - Loading from file system: file:/E:/space_java/Game/game_datbom/target/classes/assets/textures/gameItem/powerup_flamepass.png
22:44:03.669 [FXGL Background Thread 2 ] DEBUG FXGLAssetLoaderServi - Loading from file system: file:/E:/space_java/Game/game_datbom/target/classes/assets/textures/enemy/balloon36.png
22:44:03.693 [FXGL Background Thread 2 ] DEBUG FXGLAssetLoaderServi - Loading from file system: file:/E:/space_java/Game/game_datbom/target/classes/assets/textures/gameItem/powerup_speed.png
22:44:03.694 [FXGL Background Thread 3 ] DEBUG Engine               - Logging environment variables
22:44:03.694 [FXGL Background Thread 3 ] DEBUG Engine               - achievements: []
22:44:03.695 [FXGL Background Thread 3 ] DEBUG Engine               - actualHeight: 720.0
22:44:03.695 [FXGL Background Thread 3 ] DEBUG Engine               - actualHeightProperty: ReadOnlyDoubleProperty [value: 720.0]
22:44:03.695 [FXGL Background Thread 3 ] DEBUG Engine               - actualWidth: 1280.0
22:44:03.695 [FXGL Background Thread 3 ] DEBUG Engine               - actualWidthProperty: ReadOnlyDoubleProperty [value: 1280.0]
22:44:03.695 [FXGL Background Thread 3 ] DEBUG Engine               - appIcon: icon/icon.png
22:44:03.695 [FXGL Background Thread 3 ] DEBUG Engine               - applicationMode: DEVELOPER
22:44:03.695 [FXGL Background Thread 3 ] DEBUG Engine               - cSSList: [fxgl_dark.css]
22:44:03.695 [FXGL Background Thread 3 ] DEBUG Engine               - collisionDetectionStrategy: BRUTE_FORCE
22:44:03.696 [FXGL Background Thread 3 ] DEBUG Engine               - configClass: Optional.empty
22:44:03.696 [FXGL Background Thread 3 ] DEBUG Engine               - credits: []
22:44:03.697 [FXGL Background Thread 3 ] DEBUG Engine               - defaultCursor: CursorInfo(imageName=cursor/cursor1.png, hotspotX=0.0, hotspotY=0.0)
22:44:03.697 [FXGL Background Thread 3 ] DEBUG Engine               - devBBoxColorProperty: ObjectProperty [value: 0xff0000ff]
22:44:03.697 [FXGL Background Thread 3 ] DEBUG Engine               - devEnableDebugCameraProperty: BooleanProperty [value: false]
22:44:03.697 [FXGL Background Thread 3 ] DEBUG Engine               - devSensorColorProperty: ObjectProperty [value: 0xffff00ff]
22:44:03.698 [FXGL Background Thread 3 ] DEBUG Engine               - devShowBBoxProperty: BooleanProperty [value: false]
22:44:03.698 [FXGL Background Thread 3 ] DEBUG Engine               - devShowPositionProperty: BooleanProperty [value: false]
22:44:03.698 [FXGL Background Thread 3 ] DEBUG Engine               - enabledMenuItems: []
22:44:03.698 [FXGL Background Thread 3 ] DEBUG Engine               - engineServices: [class com.almasb.fxgl.app.services.FXGLAssetLoaderService, class com.almasb.fxgl.app.FXGLApplication$GameApplicationService, class com.almasb.fxgl.app.services.FXGLDialogService, class com.almasb.fxgl.app.services.IOTaskExecutorService, class com.almasb.fxgl.io.FileSystemService, class com.almasb.fxgl.localization.LocalizationService, class com.almasb.fxgl.app.services.SystemBundleService, class com.almasb.fxgl.profile.SaveLoadService, class com.almasb.fxgl.ui.FXGLUIFactoryServiceProvider, class com.almasb.fxgl.ui.FXGLDialogFactoryServiceProvider, class com.almasb.fxgl.audio.AudioPlayer, class com.almasb.fxgl.notification.impl.NotificationServiceProvider, class com.almasb.fxgl.achievement.AchievementService, class com.almasb.fxgl.cutscene.CutsceneService, class com.almasb.fxgl.minigames.MiniGameService, class com.almasb.fxgl.net.NetService, class com.almasb.fxgl.app.services.UpdaterService, class com.almasb.fxgl.dev.DevService]
22:44:03.698 [FXGL Background Thread 3 ] DEBUG Engine               - fontGame: Abel-Regular.ttf
22:44:03.698 [FXGL Background Thread 3 ] DEBUG Engine               - fontMono: TerminalLandMono-Regular.otf
22:44:03.698 [FXGL Background Thread 3 ] DEBUG Engine               - fontText: Courier-Prime.ttf
22:44:03.698 [FXGL Background Thread 3 ] DEBUG Engine               - fontUI: VarelaRound-Regular.ttf
22:44:03.699 [FXGL Background Thread 3 ] DEBUG Engine               - fullScreen: BooleanProperty [value: false]
22:44:03.699 [FXGL Background Thread 3 ] DEBUG Engine               - gameDifficulty: MEDIUM
22:44:03.699 [FXGL Background Thread 3 ] DEBUG Engine               - gameDifficultyProperty: ObjectProperty [value: MEDIUM]
22:44:03.699 [FXGL Background Thread 3 ] DEBUG Engine               - globalMusicVolume: 0.5
22:44:03.699 [FXGL Background Thread 3 ] DEBUG Engine               - globalMusicVolumeProperty: DoubleProperty [value: 0.5]
22:44:03.699 [FXGL Background Thread 3 ] DEBUG Engine               - globalSoundVolume: 0.5
22:44:03.699 [FXGL Background Thread 3 ] DEBUG Engine               - globalSoundVolumeProperty: DoubleProperty [value: 0.5]
22:44:03.699 [FXGL Background Thread 3 ] DEBUG Engine               - height: 720
22:44:03.699 [FXGL Background Thread 3 ] DEBUG Engine               - is3D: false
22:44:03.700 [FXGL Background Thread 3 ] DEBUG Engine               - isAndroid: false
22:44:03.700 [FXGL Background Thread 3 ] DEBUG Engine               - isBrowser: false
22:44:03.700 [FXGL Background Thread 3 ] DEBUG Engine               - isClickFeedbackEnabled: false
22:44:03.700 [FXGL Background Thread 3 ] DEBUG Engine               - isCloseConfirmation: false
22:44:03.700 [FXGL Background Thread 3 ] DEBUG Engine               - isDesktop: true
22:44:03.700 [FXGL Background Thread 3 ] DEBUG Engine               - isDeveloperMenuEnabled: true
22:44:03.700 [FXGL Background Thread 3 ] DEBUG Engine               - isEmbedded: false
22:44:03.700 [FXGL Background Thread 3 ] DEBUG Engine               - isEntityPreloadEnabled: true
22:44:03.700 [FXGL Background Thread 3 ] DEBUG Engine               - isExperimentalTiledLargeMap: false
22:44:03.700 [FXGL Background Thread 3 ] DEBUG Engine               - isFileSystemWriteAllowed: true
22:44:03.700 [FXGL Background Thread 3 ] DEBUG Engine               - isFullScreenAllowed: false
22:44:03.700 [FXGL Background Thread 3 ] DEBUG Engine               - isFullScreenFromStart: false
22:44:03.700 [FXGL Background Thread 3 ] DEBUG Engine               - isGameMenuEnabled: true
22:44:03.700 [FXGL Background Thread 3 ] DEBUG Engine               - isIOS: false
22:44:03.700 [FXGL Background Thread 3 ] DEBUG Engine               - isIntroEnabled: false
22:44:03.701 [FXGL Background Thread 3 ] DEBUG Engine               - isLinux: false
22:44:03.701 [FXGL Background Thread 3 ] DEBUG Engine               - isMac: false
22:44:03.701 [FXGL Background Thread 3 ] DEBUG Engine               - isMainMenuEnabled: true
22:44:03.701 [FXGL Background Thread 3 ] DEBUG Engine               - isManualResizeEnabled: false
22:44:03.701 [FXGL Background Thread 3 ] DEBUG Engine               - isMobile: false
22:44:03.701 [FXGL Background Thread 3 ] DEBUG Engine               - isNative: false
22:44:03.701 [FXGL Background Thread 3 ] DEBUG Engine               - isPauseMusicWhenMinimized: true
22:44:03.701 [FXGL Background Thread 3 ] DEBUG Engine               - isPreserveResizeRatio: false
22:44:03.701 [FXGL Background Thread 3 ] DEBUG Engine               - isProfilingEnabled: false
22:44:03.701 [FXGL Background Thread 3 ] DEBUG Engine               - isScaleAffectedOnResize: true
22:44:03.701 [FXGL Background Thread 3 ] DEBUG Engine               - isSingleStep: false
22:44:03.701 [FXGL Background Thread 3 ] DEBUG Engine               - isUserProfileEnabled: false
22:44:03.701 [FXGL Background Thread 3 ] DEBUG Engine               - isWindows: true
22:44:03.702 [FXGL Background Thread 3 ] DEBUG Engine               - language: ObjectProperty [value: ENGLISH]
22:44:03.702 [FXGL Background Thread 3 ] DEBUG Engine               - menuKey: ESCAPE
22:44:03.702 [FXGL Background Thread 3 ] DEBUG Engine               - mouseSensitivity: 0.2
22:44:03.702 [FXGL Background Thread 3 ] DEBUG Engine               - notificationViewClass: class com.almasb.fxgl.notification.view.XboxNotificationView
22:44:03.702 [FXGL Background Thread 3 ] DEBUG Engine               - pixelsPerMeter: 50.0
22:44:03.702 [FXGL Background Thread 3 ] DEBUG Engine               - platform: WINDOWS
22:44:03.702 [FXGL Background Thread 3 ] DEBUG Engine               - prefHeightProperty: ReadOnlyDoubleProperty [value: 720.0]
22:44:03.702 [FXGL Background Thread 3 ] DEBUG Engine               - prefWidthProperty: ReadOnlyDoubleProperty [value: 1280.0]
22:44:03.702 [FXGL Background Thread 3 ] DEBUG Engine               - profileDir: profiles/
22:44:03.703 [FXGL Background Thread 3 ] DEBUG Engine               - profileName: StringProperty [value: DEFAULT]
22:44:03.703 [FXGL Background Thread 3 ] DEBUG Engine               - randomSeed: -1
22:44:03.704 [FXGL Background Thread 3 ] DEBUG Engine               - runtimeInfo: RuntimeInfo(platform=WINDOWS, version=17.1, build=24.03.2022 17.34)
22:44:03.704 [FXGL Background Thread 3 ] DEBUG Engine               - saveFileExt: sav
22:44:03.705 [FXGL Background Thread 3 ] DEBUG Engine               - scaledHeightProp$fxgl: DoubleProperty [bound, value: 720.0]
22:44:03.705 [FXGL Background Thread 3 ] DEBUG Engine               - scaledWidthProp$fxgl: DoubleProperty [bound, value: 1280.0]
22:44:03.706 [FXGL Background Thread 3 ] DEBUG Engine               - sceneFactory: hellofx.Main$1@1741474a
22:44:03.706 [FXGL Background Thread 3 ] DEBUG Engine               - secondsIn24h: 60
22:44:03.706 [FXGL Background Thread 3 ] DEBUG Engine               - soundMenuBack: menu/back.wav
22:44:03.706 [FXGL Background Thread 3 ] DEBUG Engine               - soundMenuPress: menu/press.wav
22:44:03.706 [FXGL Background Thread 3 ] DEBUG Engine               - soundMenuSelect: menu/select.wav
22:44:03.706 [FXGL Background Thread 3 ] DEBUG Engine               - soundNotification: core/notification.wav
22:44:03.706 [FXGL Background Thread 3 ] DEBUG Engine               - stageStyle: DECORATED
22:44:03.706 [FXGL Background Thread 3 ] DEBUG Engine               - supportedLanguages: [ENGLISH, FRENCH, GERMAN, HUNGARIAN, RUSSIAN]
22:44:03.706 [FXGL Background Thread 3 ] DEBUG Engine               - ticksPerSecond: -1
22:44:03.706 [FXGL Background Thread 3 ] DEBUG Engine               - title: Bomberman
22:44:03.707 [FXGL Background Thread 3 ] DEBUG Engine               - urlGithub: https://github.com/AlmasB/FXGL
22:44:03.707 [FXGL Background Thread 3 ] DEBUG Engine               - urlLeaderboard: http://fxgl-top.herokuapp.com/
22:44:03.707 [FXGL Background Thread 3 ] DEBUG Engine               - urlPOM: https://raw.githubusercontent.com/AlmasB/FXGL/release/README.md
22:44:03.707 [FXGL Background Thread 3 ] DEBUG Engine               - userAppClass: class hellofx.Main
22:44:03.707 [FXGL Background Thread 3 ] DEBUG Engine               - version: 1.0
22:44:03.707 [FXGL Background Thread 3 ] DEBUG Engine               - versionCheckDays: 7
22:44:03.707 [FXGL Background Thread 3 ] DEBUG Engine               - width: 1280
22:44:03.707 [FXGL Background Thread 3 ] DEBUG Engine               - Logging services
22:44:03.707 [FXGL Background Thread 3 ] DEBUG Engine               - class com.almasb.fxgl.app.services.FXGLAssetLoaderService
22:44:03.707 [FXGL Background Thread 3 ] DEBUG Engine               - class com.almasb.fxgl.app.FXGLApplication$GameApplicationService
22:44:03.707 [FXGL Background Thread 3 ] DEBUG Engine               - class com.almasb.fxgl.app.services.FXGLDialogService
22:44:03.707 [FXGL Background Thread 3 ] DEBUG Engine               - class com.almasb.fxgl.app.services.IOTaskExecutorService
22:44:03.707 [FXGL Background Thread 3 ] DEBUG Engine               - class com.almasb.fxgl.io.FileSystemService
22:44:03.707 [FXGL Background Thread 3 ] DEBUG Engine               - class com.almasb.fxgl.localization.LocalizationService
22:44:03.707 [FXGL Background Thread 3 ] DEBUG Engine               - class com.almasb.fxgl.app.services.SystemBundleService
22:44:03.707 [FXGL Background Thread 3 ] DEBUG Engine               - class com.almasb.fxgl.profile.SaveLoadService
22:44:03.707 [FXGL Background Thread 3 ] DEBUG Engine               - class com.almasb.fxgl.ui.FXGLUIFactoryServiceProvider
22:44:03.707 [FXGL Background Thread 3 ] DEBUG Engine               - class com.almasb.fxgl.ui.FXGLDialogFactoryServiceProvider
22:44:03.708 [FXGL Background Thread 3 ] DEBUG Engine               - class com.almasb.fxgl.audio.AudioPlayer
22:44:03.708 [FXGL Background Thread 3 ] DEBUG Engine               - class com.almasb.fxgl.notification.impl.NotificationServiceProvider
22:44:03.708 [FXGL Background Thread 3 ] DEBUG Engine               - class com.almasb.fxgl.achievement.AchievementService
22:44:03.708 [FXGL Background Thread 3 ] DEBUG Engine               - class com.almasb.fxgl.cutscene.CutsceneService
22:44:03.708 [FXGL Background Thread 3 ] DEBUG Engine               - class com.almasb.fxgl.minigames.MiniGameService
22:44:03.708 [FXGL Background Thread 3 ] DEBUG Engine               - class com.almasb.fxgl.net.NetService
22:44:03.708 [FXGL Background Thread 3 ] DEBUG Engine               - class com.almasb.fxgl.app.services.UpdaterService
22:44:03.708 [FXGL Background Thread 3 ] DEBUG Engine               - class com.almasb.fxgl.dev.DevService
22:44:03.712 [FXGL Background Thread 2 ] DEBUG FXGLAssetLoaderServi - Loading from file system: file:/E:/space_java/Game/game_datbom/target/classes/assets/textures/gameItem/powerup_flames.png
22:44:03.791 [FXGL Background Thread 2 ] DEBUG FXGLAssetLoaderServi - Loading from file system: file:/E:/space_java/Game/game_datbom/target/classes/assets/textures/mapTexture/portal.png
22:44:03.886 [FXGL Background Thread 2 ] DEBUG FXGLAssetLoaderServi - Loading from file system: file:/E:/space_java/Game/game_datbom/target/classes/assets/textures/character/gold_player_dead.png
22:44:03.888 [FXGL Background Thread 2 ] DEBUG FXGLAssetLoaderServi - Loading from file system: file:/E:/space_java/Game/game_datbom/target/classes/assets/textures/character/gold_player_down.png
22:44:03.889 [FXGL Background Thread 2 ] DEBUG FXGLAssetLoaderServi - Loading from file system: file:/E:/space_java/Game/game_datbom/target/classes/assets/textures/character/gold_player_up.png
22:44:03.890 [FXGL Background Thread 2 ] DEBUG FXGLAssetLoaderServi - Loading from file system: file:/E:/space_java/Game/game_datbom/target/classes/assets/textures/character/gold_player_left_temp.png
22:44:03.891 [FXGL Background Thread 2 ] DEBUG FXGLAssetLoaderServi - Loading from file system: file:/E:/space_java/Game/game_datbom/target/classes/assets/textures/character/gold_player_right_temp.png
22:44:03.894 [FXGL Background Thread 2 ] INFO  FXGLApplication      - Game initialization took: 0.413 sec
22:44:03.895 [JavaFX Application Thread] DEBUG Input                - Clearing active input actions
22:44:03.914 [JavaFX Application Thread] DEBUG GameApplicationServi - Removing overlay from FXGLLoadingScene and adding to GameScene
22:44:03.917 [JavaFX Application Thread] DEBUG PrimaryStageWindow   - FXGLLoadingScene -> GameScene
22:44:07.836 [JavaFX Application Thread] DEBUG FXGLAssetLoaderServi - Loading from file system: file:/E:/space_java/Game/game_datbom/target/classes/assets/textures/character%5cbomb.png
22:44:07.841 [JavaFX Application Thread] DEBUG FXGLAssetLoaderServi - Loading from file system: file:/E:/space_java/Game/game_datbom/target/classes/assets/textures/flame%5cleft_flame.png
22:44:07.842 [JavaFX Application Thread] DEBUG FXGLAssetLoaderServi - Loading from file system: file:/E:/space_java/Game/game_datbom/target/classes/assets/textures/flame%5cup_flame.png
22:44:07.844 [JavaFX Application Thread] DEBUG FXGLAssetLoaderServi - Loading from file system: file:/E:/space_java/Game/game_datbom/target/classes/assets/textures/flame%5ccentral_flame.png
22:44:09.357 [JavaFX Application Thread] DEBUG LoopRunner           - Stopping loop
22:44:09.359 [JavaFX Application Thread] FATAL FXGLApplication      - Uncaught Exception:
java.lang.NullPointerException: Cannot invoke "com.almasb.fxgl.texture.AnimatedTexture.playAnimationChannel(com.almasb.fxgl.texture.AnimationChannel)" because "this.texture" is null
	at hellofx.Enemy.Enemy.onUpdate(Enemy.java:118)
	at com.almasb.fxgl.entity.Entity$ComponentMap.update(Entity.java:60)
	at com.almasb.fxgl.entity.Entity.update(Entity.java:248)
	at com.almasb.fxgl.entity.GameWorld.onUpdate(GameWorld.kt:177)
	at com.almasb.fxgl.app.scene.GameScene.step(GameScene.kt:224)
	at com.almasb.fxgl.app.scene.GameScene.onUpdate(GameScene.kt:220)
	at com.almasb.fxgl.scene.Scene.update(Scene.kt:105)
	at com.almasb.fxgl.app.MainWindow$update$1.invoke(MainWindow.kt:115)
	at com.almasb.fxgl.app.MainWindow$update$1.invoke(MainWindow.kt:115)
	at com.almasb.fxgl.core.fsm.StateMachine.runOnActiveStates(StateMachine.kt:69)
	at com.almasb.fxgl.app.MainWindow.update(MainWindow.kt:115)
	at com.almasb.fxgl.app.FXGLApplication$GameApplicationService.onUpdate(FXGLApplication.kt:426)
	at com.almasb.fxgl.app.Engine.loop(Engine.kt:134)
	at com.almasb.fxgl.app.Engine.access$loop(Engine.kt:24)
	at com.almasb.fxgl.app.Engine$loop$1.invoke(Engine.kt:28)
	at com.almasb.fxgl.app.Engine$loop$1.invoke(Engine.kt:28)
	at com.almasb.fxgl.app.LoopRunner.frame(LoopRunner.kt:103)
	at com.almasb.fxgl.app.LoopRunner.access$frame(LoopRunner.kt:23)
	at com.almasb.fxgl.app.LoopRunner$impl$2$1.onTick(LoopRunner.kt:57)
	at com.almasb.fxgl.app.AnimationTimerLoop$timer$1.handle(LoopRunner.kt:137)
	at javafx.animation.AnimationTimer$AnimationTimerReceiver.lambda$handle$0(AnimationTimer.java:58)
	at java.base/java.security.AccessController.doPrivileged(AccessController.java:399)
	at javafx.animation.AnimationTimer$AnimationTimerReceiver.handle(AnimationTimer.java:57)
	at com.sun.scenario.animation.AbstractPrimaryTimer.timePulseImpl(AbstractPrimaryTimer.java:356)
	at com.sun.scenario.animation.AbstractPrimaryTimer$MainLoop.run(AbstractPrimaryTimer.java:266)
	at com.sun.javafx.tk.quantum.QuantumToolkit.pulse(QuantumToolkit.java:571)
	at com.sun.javafx.tk.quantum.QuantumToolkit.pulse(QuantumToolkit.java:555)
	at com.sun.javafx.tk.quantum.QuantumToolkit.pulseFromQueue(QuantumToolkit.java:548)
	at com.sun.javafx.tk.quantum.QuantumToolkit.lambda$runToolkit$11(QuantumToolkit.java:352)
	at com.sun.glass.ui.InvokeLaterDispatcher$Future.run(InvokeLaterDispatcher.java:96)
	at com.sun.glass.ui.win.WinApplication._runLoop(Native Method)
	at com.sun.glass.ui.win.WinApplication.lambda$runLoop$3(WinApplication.java:184)
	at java.base/java.lang.Thread.run(Thread.java:833)

22:44:09.359 [JavaFX Application Thread] FATAL FXGLApplication      - Application will now exit
22:44:09.370 [JavaFX Application Thread] DEBUG PrimaryStageWindow   - Push state: ErrorSubScene
22:44:09.370 [JavaFX Application Thread] DEBUG Input                - Clearing active input actions
22:44:09.371 [JavaFX Application Thread] DEBUG GameApplicationServi - Removing overlay from GameScene and adding to ErrorSubScene
22:44:09.373 [JavaFX Application Thread] DEBUG PrimaryStageWindow   - GameScene -> ErrorSubScene
22:44:35.523 [JavaFX Application Thread] DEBUG FXGLApplication      - Exiting FXGL
22:44:35.523 [JavaFX Application Thread] DEBUG Async                - Shutting down background threads
22:44:35.523 [JavaFX Application Thread] DEBUG PrimaryStageWindow   - Closing main window
22:44:35.547 [JavaFX Application Thread] DEBUG Logger               - Closing Logger
