11:48:06.228 [main                     ] DEBUG Logger               - Configured Logger
11:48:06.247 [main                     ] DEBUG GameApplication      - Logging settings
Title: Bomberman
Version: 1.0
Width: 1280
Height: 720
Fullscreen: false
Intro: false
Profiling: false
Single step:false
App Mode: DEVELOPER
Menu Key: ESCAPE
Stage Style: DECORATED
Scene Factory: class hellofx.Main$1

11:48:06.360 [JavaFX Application Thread] DEBUG FXGLApplication      - Initializing FXGL
11:48:06.366 [JavaFX Application Thread] INFO  Engine               - FXGL-17.1 (24.03.2022 17.34) on WINDOWS (J:18.0.2.1 FX:18)
11:48:06.366 [JavaFX Application Thread] DEBUG Engine               - JRE Vendor Name: Oracle Corporation
11:48:06.367 [JavaFX Application Thread] DEBUG Engine               - Running on OS: Windows 11 version 10.0
11:48:06.367 [JavaFX Application Thread] DEBUG Engine               - Architecture: amd64
11:48:06.367 [JavaFX Application Thread] INFO  Engine               - Source code and latest versions at: https://github.com/AlmasB/FXGL
11:48:06.367 [JavaFX Application Thread] INFO  Engine               -       Ask questions and discuss at: https://github.com/AlmasB/FXGL/discussions
11:48:06.367 [JavaFX Application Thread] INFO  Engine               -              Join the FXGL chat at: https://gitter.im/AlmasB/FXGL
11:48:06.421 [JavaFX Application Thread] DEBUG PrimaryStageWindow   - Creating a JavaFX scene
11:48:06.471 [JavaFX Application Thread] DEBUG PrimaryStageWindow   - Target settings size: 1280.0 x 720.0
11:48:06.471 [JavaFX Application Thread] DEBUG PrimaryStageWindow   - Scaled scene size:    1280.0 x 720.0
11:48:06.472 [JavaFX Application Thread] DEBUG PrimaryStageWindow   - Scaled ratio: (1.0, 1.0)
11:48:06.473 [JavaFX Application Thread] DEBUG PrimaryStageWindow   - Set initial scene to FXGLStartupScene
11:48:06.480 [JavaFX Application Thread] DEBUG PrimaryStageWindow   - Opening main window
11:48:06.574 [JavaFX Application Thread] DEBUG PrimaryStageWindow   - Window border size: (16.0, 39.0)
11:48:06.574 [JavaFX Application Thread] DEBUG PrimaryStageWindow   - Scaled size: 1280.0 x 720.0
11:48:06.575 [JavaFX Application Thread] DEBUG PrimaryStageWindow   - Scaled ratio: (1.0, 1.0)
11:48:06.575 [JavaFX Application Thread] DEBUG PrimaryStageWindow   - Scene size: 1280.0 x 720.0
11:48:06.576 [JavaFX Application Thread] DEBUG PrimaryStageWindow   - Stage size: 1296.0 x 759.0
11:48:06.587 [FXGL Background Thread 1 ] DEBUG Engine               - Initializing environment variables
11:48:06.660 [FXGL Background Thread 1 ] DEBUG FXGLAssetLoaderServi - User app class for loading assets: class hellofx.Main
11:48:06.660 [FXGL Background Thread 1 ] DEBUG GameApplicationServi - Applying CSS: fxgl_dark.css
11:48:06.662 [FXGL Background Thread 1 ] DEBUG FXGLAssetLoaderServi - Loading from file system: jar:file:/C:/Users/chaum/.m2/repository/com/github/almasb/fxgl/17.1/fxgl-17.1.jar!/fxglassets/ui/css/fxgl_dark.css
11:48:06.725 [FXGL Background Thread 1 ] DEBUG GameApplicationServi - Initializing application scenes
11:48:06.777 [FXGL Background Thread 1 ] DEBUG GameWorld            - Game world initialized
11:48:06.839 [FXGL Background Thread 1 ] DEBUG PhysicsWorld         - Physics world initialized: appHeight=720, physics.ppm=50.0
11:48:06.840 [FXGL Background Thread 1 ] DEBUG PhysicsWorld         - Using strategy: BRUTE_FORCE
11:48:06.844 [FXGL Background Thread 1 ] DEBUG GameScene            - Game scene initialized: 1280x720
11:48:06.938 [FXGL Background Thread 1 ] DEBUG GameApplicationServi - Application scenes initialized
11:48:06.960 [FXGL Background Thread 1 ] DEBUG SystemBundleService  - Loading FXGL system data
11:48:06.967 [FXGL Background Thread 1 ] DEBUG FileSystemAccess     - Reading from: E:\space_java\Game\game_datbom\system\fxgl.bundle
11:48:06.978 [FXGL Background Thread 1 ] DEBUG SystemBundleService  - Bundle FXGL: {}
11:48:06.979 [FXGL Background Thread 1 ] DEBUG UpdaterService       - Checking for updates
11:48:07.016 [FXGL Background Thread 4 ] DEBUG FXGLApplication      - Loading fonts
11:48:07.016 [FXGL Background Thread 1 ] DEBUG FXGLApplication      - Loading default localization
11:48:07.017 [FXGL Background Thread 4 ] DEBUG FXGLAssetLoaderServi - Loading from file system: jar:file:/C:/Users/chaum/.m2/repository/com/github/almasb/fxgl/17.1/fxgl-17.1.jar!/fxglassets/ui/fonts/VarelaRound-Regular.ttf
11:48:07.017 [FXGL Background Thread 1 ] DEBUG FXGLAssetLoaderServi - Loading from file system: jar:file:/C:/Users/chaum/.m2/repository/com/github/almasb/fxgl/17.1/fxgl-17.1.jar!/fxglassets/languages/english.lang
11:48:07.037 [FXGL Background Thread 1 ] INFO  FXGLApplication      - FXGL initialization took: 0.450 sec
11:48:07.049 [JavaFX Application Thread] DEBUG Input                - Registered new binding: action0 - F
11:48:07.049 [JavaFX Application Thread] DEBUG Input                - Registered new binding: Right - D
11:48:07.050 [JavaFX Application Thread] DEBUG Input                - Registered new binding: Left - A
11:48:07.050 [JavaFX Application Thread] DEBUG Input                - Registered new binding: Up - W
11:48:07.050 [JavaFX Application Thread] DEBUG Input                - Registered new binding: Down - S
11:48:07.050 [JavaFX Application Thread] DEBUG Input                - Registered new binding: Place boom - Space
11:48:07.050 [JavaFX Application Thread] DEBUG FXGLAssetLoaderServi - Loading from file system: file:/E:/space_java/Game/game_datbom/target/classes/assets/textures/icon/icon.png
11:48:07.117 [JavaFX Application Thread] DEBUG FXGLAssetLoaderServi - Loading from file system: file:/E:/space_java/Game/game_datbom/target/classes/assets/textures/cursor/cursor1.png
11:48:07.124 [FXGL Background Thread 4 ] DEBUG FXGLAssetLoaderServi - Loading from file system: jar:file:/C:/Users/chaum/.m2/repository/com/github/almasb/fxgl/17.1/fxgl-17.1.jar!/fxglassets/ui/fonts/Abel-Regular.ttf
11:48:07.128 [FXGL Background Thread 4 ] DEBUG FXGLAssetLoaderServi - Loading from file system: jar:file:/C:/Users/chaum/.m2/repository/com/github/almasb/fxgl/17.1/fxgl-17.1.jar!/fxglassets/ui/fonts/TerminalLandMono-Regular.otf
11:48:07.129 [JavaFX Application Thread] DEBUG Input                - Registered new binding: Screenshot - CTRL+8
11:48:07.129 [JavaFX Application Thread] DEBUG Input                - Registered new binding: Dev Options - 1
11:48:07.130 [JavaFX Application Thread] DEBUG Input                - Registered new binding: Dev Console - 2
11:48:07.130 [JavaFX Application Thread] DEBUG Input                - Registered new binding: System info dump - CTRL+9
11:48:07.130 [JavaFX Application Thread] DEBUG Input                - Registered new binding: Restart - CTRL+R
11:48:07.131 [JavaFX Application Thread] DEBUG Input                - Registered new binding: Toggle Debug Camera - CTRL+7
11:48:07.134 [JavaFX Application Thread] DEBUG LoopRunner           - Starting loop
11:48:07.138 [FXGL Background Thread 4 ] DEBUG FXGLAssetLoaderServi - Loading from file system: jar:file:/C:/Users/chaum/.m2/repository/com/github/almasb/fxgl/17.1/fxgl-17.1.jar!/fxglassets/ui/fonts/Courier-Prime.ttf
11:48:07.152 [JavaFX Application Thread] DEBUG LoopRunner           - Initializing JavaFX AnimationTimerLoop
11:48:07.155 [JavaFX Application Thread] DEBUG Input                - Clearing active input actions
11:48:07.163 [JavaFX Application Thread] DEBUG GameApplicationServi - Removing overlay from FXGLStartupScene and adding to FXGLMainMenuDummyScene
11:48:07.167 [JavaFX Application Thread] DEBUG PrimaryStageWindow   - FXGLStartupScene -> FXGLMainMenuDummyScene
11:48:07.167 [JavaFX Application Thread] DEBUG PrimaryStageWindow   - Push state: MainMenu
11:48:07.168 [JavaFX Application Thread] DEBUG Input                - Clearing active input actions
11:48:07.172 [JavaFX Application Thread] DEBUG GameApplicationServi - Removing overlay from FXGLMainMenuDummyScene and adding to MainMenu
11:48:07.172 [JavaFX Application Thread] DEBUG PrimaryStageWindow   - FXGLMainMenuDummyScene -> MainMenu
11:48:07.176 [JavaFX Application Thread] DEBUG FXGLApplication      - Registering font factories with UI factory
11:48:07.611 [FXGL Background Thread 2 ] INFO  UpdaterService       - Your current version:  17.1
11:48:07.611 [FXGL Background Thread 2 ] INFO  UpdaterService       - Latest stable version: 17.2
11:48:09.794 [JavaFX Application Thread] DEBUG Menu                 - fireNewGame()
11:48:09.794 [JavaFX Application Thread] DEBUG GameApplicationServi - Starting new game
11:48:09.794 [JavaFX Application Thread] DEBUG PrimaryStageWindow   - Pop state: MainMenu
11:48:09.794 [JavaFX Application Thread] DEBUG Input                - Clearing active input actions
11:48:09.795 [JavaFX Application Thread] DEBUG GameApplicationServi - Removing overlay from MainMenu and adding to FXGLMainMenuDummyScene
11:48:09.797 [JavaFX Application Thread] DEBUG PrimaryStageWindow   - FXGLMainMenuDummyScene <- MainMenu
11:48:09.797 [JavaFX Application Thread] DEBUG Input                - Clearing active input actions
11:48:09.802 [JavaFX Application Thread] DEBUG GameApplicationServi - Removing overlay from FXGLMainMenuDummyScene and adding to FXGLLoadingScene
11:48:09.802 [JavaFX Application Thread] DEBUG PrimaryStageWindow   - FXGLMainMenuDummyScene -> FXGLLoadingScene
11:48:09.803 [JavaFX Application Thread] DEBUG GameApplicationServi - Clearing previous game
11:48:09.803 [JavaFX Application Thread] DEBUG GameScene            - Clearing game scene
11:48:09.803 [JavaFX Application Thread] DEBUG GameWorld            - Clearing game world
11:48:09.803 [JavaFX Application Thread] DEBUG PhysicsWorld         - Clearing physics world
11:48:09.806 [FXGL Background Thread 2 ] DEBUG FXGLApplication      - Initializing game
11:48:09.843 [FXGL Background Thread 2 ] DEBUG FXGLAssetLoaderServi - Loading from file system: file:/E:/space_java/Game/game_datbom/target/classes/assets/textures/mapTexture/grass.png
11:48:09.852 [FXGL Background Thread 2 ] DEBUG FXGLAssetLoaderServi - Loading from file system: file:/E:/space_java/Game/game_datbom/target/classes/assets/textures/mapTexture/wall.png
11:48:09.941 [FXGL Background Thread 2 ] DEBUG FXGLAssetLoaderServi - Loading from file system: file:/E:/space_java/Game/game_datbom/target/classes/assets/textures/gameItem/powerup_speed.png
11:48:09.946 [FXGL Background Thread 2 ] DEBUG FXGLAssetLoaderServi - Loading from file system: file:/E:/space_java/Game/game_datbom/target/classes/assets/textures/gameItem/powerup_flames.png
11:48:09.960 [FXGL Background Thread 2 ] DEBUG FXGLAssetLoaderServi - Loading from file system: file:/E:/space_java/Game/game_datbom/target/classes/assets/textures/mapTexture%5cbrick.png
11:48:09.962 [FXGL Background Thread 2 ] DEBUG FXGLAssetLoaderServi - Loading from file system: file:/E:/space_java/Game/game_datbom/target/classes/assets/textures/mapTexture%5cbrick_break.png
11:48:10.014 [FXGL Background Thread 3 ] DEBUG Engine               - Logging environment variables
11:48:10.015 [FXGL Background Thread 3 ] DEBUG Engine               - achievements: []
11:48:10.015 [FXGL Background Thread 3 ] DEBUG Engine               - actualHeight: 720.0
11:48:10.015 [FXGL Background Thread 3 ] DEBUG Engine               - actualHeightProperty: ReadOnlyDoubleProperty [value: 720.0]
11:48:10.015 [FXGL Background Thread 3 ] DEBUG Engine               - actualWidth: 1280.0
11:48:10.015 [FXGL Background Thread 3 ] DEBUG Engine               - actualWidthProperty: ReadOnlyDoubleProperty [value: 1280.0]
11:48:10.015 [FXGL Background Thread 3 ] DEBUG Engine               - appIcon: icon/icon.png
11:48:10.015 [FXGL Background Thread 3 ] DEBUG Engine               - applicationMode: DEVELOPER
11:48:10.016 [FXGL Background Thread 3 ] DEBUG Engine               - cSSList: [fxgl_dark.css]
11:48:10.016 [FXGL Background Thread 3 ] DEBUG Engine               - collisionDetectionStrategy: BRUTE_FORCE
11:48:10.016 [FXGL Background Thread 3 ] DEBUG Engine               - configClass: Optional.empty
11:48:10.016 [FXGL Background Thread 3 ] DEBUG Engine               - credits: []
11:48:10.017 [FXGL Background Thread 3 ] DEBUG Engine               - defaultCursor: CursorInfo(imageName=cursor/cursor1.png, hotspotX=0.0, hotspotY=0.0)
11:48:10.018 [FXGL Background Thread 3 ] DEBUG Engine               - devBBoxColorProperty: ObjectProperty [value: 0xff0000ff]
11:48:10.018 [FXGL Background Thread 3 ] DEBUG Engine               - devEnableDebugCameraProperty: BooleanProperty [value: false]
11:48:10.018 [FXGL Background Thread 3 ] DEBUG Engine               - devSensorColorProperty: ObjectProperty [value: 0xffff00ff]
11:48:10.018 [FXGL Background Thread 3 ] DEBUG Engine               - devShowBBoxProperty: BooleanProperty [value: false]
11:48:10.018 [FXGL Background Thread 3 ] DEBUG Engine               - devShowPositionProperty: BooleanProperty [value: false]
11:48:10.018 [FXGL Background Thread 3 ] DEBUG Engine               - enabledMenuItems: []
11:48:10.018 [FXGL Background Thread 3 ] DEBUG Engine               - engineServices: [class com.almasb.fxgl.app.services.FXGLAssetLoaderService, class com.almasb.fxgl.app.FXGLApplication$GameApplicationService, class com.almasb.fxgl.app.services.FXGLDialogService, class com.almasb.fxgl.app.services.IOTaskExecutorService, class com.almasb.fxgl.io.FileSystemService, class com.almasb.fxgl.localization.LocalizationService, class com.almasb.fxgl.app.services.SystemBundleService, class com.almasb.fxgl.profile.SaveLoadService, class com.almasb.fxgl.ui.FXGLUIFactoryServiceProvider, class com.almasb.fxgl.ui.FXGLDialogFactoryServiceProvider, class com.almasb.fxgl.audio.AudioPlayer, class com.almasb.fxgl.notification.impl.NotificationServiceProvider, class com.almasb.fxgl.achievement.AchievementService, class com.almasb.fxgl.cutscene.CutsceneService, class com.almasb.fxgl.minigames.MiniGameService, class com.almasb.fxgl.net.NetService, class com.almasb.fxgl.app.services.UpdaterService, class com.almasb.fxgl.dev.DevService]
11:48:10.018 [FXGL Background Thread 3 ] DEBUG Engine               - fontGame: Abel-Regular.ttf
11:48:10.018 [FXGL Background Thread 3 ] DEBUG Engine               - fontMono: TerminalLandMono-Regular.otf
11:48:10.019 [FXGL Background Thread 3 ] DEBUG Engine               - fontText: Courier-Prime.ttf
11:48:10.019 [FXGL Background Thread 3 ] DEBUG Engine               - fontUI: VarelaRound-Regular.ttf
11:48:10.019 [FXGL Background Thread 3 ] DEBUG Engine               - fullScreen: BooleanProperty [value: false]
11:48:10.019 [FXGL Background Thread 3 ] DEBUG Engine               - gameDifficulty: MEDIUM
11:48:10.020 [FXGL Background Thread 3 ] DEBUG Engine               - gameDifficultyProperty: ObjectProperty [value: MEDIUM]
11:48:10.020 [FXGL Background Thread 3 ] DEBUG Engine               - globalMusicVolume: 0.5
11:48:10.020 [FXGL Background Thread 3 ] DEBUG Engine               - globalMusicVolumeProperty: DoubleProperty [value: 0.5]
11:48:10.020 [FXGL Background Thread 3 ] DEBUG Engine               - globalSoundVolume: 0.5
11:48:10.020 [FXGL Background Thread 3 ] DEBUG Engine               - globalSoundVolumeProperty: DoubleProperty [value: 0.5]
11:48:10.020 [FXGL Background Thread 3 ] DEBUG Engine               - height: 720
11:48:10.020 [FXGL Background Thread 3 ] DEBUG Engine               - is3D: false
11:48:10.020 [FXGL Background Thread 3 ] DEBUG Engine               - isAndroid: false
11:48:10.020 [FXGL Background Thread 3 ] DEBUG Engine               - isBrowser: false
11:48:10.020 [FXGL Background Thread 3 ] DEBUG Engine               - isClickFeedbackEnabled: false
11:48:10.020 [FXGL Background Thread 3 ] DEBUG Engine               - isCloseConfirmation: false
11:48:10.020 [FXGL Background Thread 3 ] DEBUG Engine               - isDesktop: true
11:48:10.020 [FXGL Background Thread 3 ] DEBUG Engine               - isDeveloperMenuEnabled: true
11:48:10.021 [FXGL Background Thread 3 ] DEBUG Engine               - isEmbedded: false
11:48:10.021 [FXGL Background Thread 3 ] DEBUG Engine               - isEntityPreloadEnabled: true
11:48:10.021 [FXGL Background Thread 3 ] DEBUG Engine               - isExperimentalTiledLargeMap: false
11:48:10.021 [FXGL Background Thread 3 ] DEBUG Engine               - isFileSystemWriteAllowed: true
11:48:10.022 [FXGL Background Thread 3 ] DEBUG Engine               - isFullScreenAllowed: false
11:48:10.022 [FXGL Background Thread 3 ] DEBUG Engine               - isFullScreenFromStart: false
11:48:10.022 [FXGL Background Thread 3 ] DEBUG Engine               - isGameMenuEnabled: true
11:48:10.022 [FXGL Background Thread 3 ] DEBUG Engine               - isIOS: false
11:48:10.022 [FXGL Background Thread 3 ] DEBUG Engine               - isIntroEnabled: false
11:48:10.022 [FXGL Background Thread 3 ] DEBUG Engine               - isLinux: false
11:48:10.022 [FXGL Background Thread 3 ] DEBUG Engine               - isMac: false
11:48:10.022 [FXGL Background Thread 3 ] DEBUG Engine               - isMainMenuEnabled: true
11:48:10.022 [FXGL Background Thread 3 ] DEBUG Engine               - isManualResizeEnabled: false
11:48:10.023 [FXGL Background Thread 3 ] DEBUG Engine               - isMobile: false
11:48:10.023 [FXGL Background Thread 3 ] DEBUG Engine               - isNative: false
11:48:10.023 [FXGL Background Thread 3 ] DEBUG Engine               - isPauseMusicWhenMinimized: true
11:48:10.023 [FXGL Background Thread 3 ] DEBUG Engine               - isPreserveResizeRatio: false
11:48:10.023 [FXGL Background Thread 3 ] DEBUG Engine               - isProfilingEnabled: false
11:48:10.024 [FXGL Background Thread 3 ] DEBUG Engine               - isScaleAffectedOnResize: true
11:48:10.024 [FXGL Background Thread 3 ] DEBUG Engine               - isSingleStep: false
11:48:10.024 [FXGL Background Thread 3 ] DEBUG Engine               - isUserProfileEnabled: false
11:48:10.024 [FXGL Background Thread 3 ] DEBUG Engine               - isWindows: true
11:48:10.024 [FXGL Background Thread 3 ] DEBUG Engine               - language: ObjectProperty [value: ENGLISH]
11:48:10.024 [FXGL Background Thread 3 ] DEBUG Engine               - menuKey: ESCAPE
11:48:10.024 [FXGL Background Thread 3 ] DEBUG Engine               - mouseSensitivity: 0.2
11:48:10.024 [FXGL Background Thread 3 ] DEBUG Engine               - notificationViewClass: class com.almasb.fxgl.notification.view.XboxNotificationView
11:48:10.024 [FXGL Background Thread 3 ] DEBUG Engine               - pixelsPerMeter: 50.0
11:48:10.024 [FXGL Background Thread 3 ] DEBUG Engine               - platform: WINDOWS
11:48:10.025 [FXGL Background Thread 3 ] DEBUG Engine               - prefHeightProperty: ReadOnlyDoubleProperty [value: 720.0]
11:48:10.025 [FXGL Background Thread 3 ] DEBUG Engine               - prefWidthProperty: ReadOnlyDoubleProperty [value: 1280.0]
11:48:10.025 [FXGL Background Thread 3 ] DEBUG Engine               - profileDir: profiles/
11:48:10.025 [FXGL Background Thread 3 ] DEBUG Engine               - profileName: StringProperty [value: DEFAULT]
11:48:10.025 [FXGL Background Thread 3 ] DEBUG Engine               - randomSeed: -1
11:48:10.025 [FXGL Background Thread 3 ] DEBUG Engine               - runtimeInfo: RuntimeInfo(platform=WINDOWS, version=17.1, build=24.03.2022 17.34)
11:48:10.026 [FXGL Background Thread 3 ] DEBUG Engine               - saveFileExt: sav
11:48:10.026 [FXGL Background Thread 3 ] DEBUG Engine               - scaledHeightProp$fxgl: DoubleProperty [bound, value: 720.0]
11:48:10.026 [FXGL Background Thread 3 ] DEBUG Engine               - scaledWidthProp$fxgl: DoubleProperty [bound, value: 1280.0]
11:48:10.026 [FXGL Background Thread 3 ] DEBUG Engine               - sceneFactory: hellofx.Main$1@5ae0083c
11:48:10.026 [FXGL Background Thread 3 ] DEBUG Engine               - secondsIn24h: 60
11:48:10.026 [FXGL Background Thread 3 ] DEBUG Engine               - soundMenuBack: menu/back.wav
11:48:10.026 [FXGL Background Thread 3 ] DEBUG Engine               - soundMenuPress: menu/press.wav
11:48:10.026 [FXGL Background Thread 3 ] DEBUG Engine               - soundMenuSelect: menu/select.wav
11:48:10.026 [FXGL Background Thread 3 ] DEBUG Engine               - soundNotification: core/notification.wav
11:48:10.026 [FXGL Background Thread 3 ] DEBUG Engine               - stageStyle: DECORATED
11:48:10.026 [FXGL Background Thread 3 ] DEBUG Engine               - supportedLanguages: [ENGLISH, FRENCH, GERMAN, HUNGARIAN, RUSSIAN]
11:48:10.026 [FXGL Background Thread 3 ] DEBUG Engine               - ticksPerSecond: -1
11:48:10.026 [FXGL Background Thread 3 ] DEBUG Engine               - title: Bomberman
11:48:10.026 [FXGL Background Thread 3 ] DEBUG Engine               - urlGithub: https://github.com/AlmasB/FXGL
11:48:10.026 [FXGL Background Thread 3 ] DEBUG Engine               - urlLeaderboard: http://fxgl-top.herokuapp.com/
11:48:10.026 [FXGL Background Thread 3 ] DEBUG Engine               - urlPOM: https://raw.githubusercontent.com/AlmasB/FXGL/release/README.md
11:48:10.026 [FXGL Background Thread 3 ] DEBUG Engine               - userAppClass: class hellofx.Main
11:48:10.026 [FXGL Background Thread 3 ] DEBUG Engine               - version: 1.0
11:48:10.026 [FXGL Background Thread 3 ] DEBUG Engine               - versionCheckDays: 7
11:48:10.026 [FXGL Background Thread 3 ] DEBUG Engine               - width: 1280
11:48:10.027 [FXGL Background Thread 3 ] DEBUG Engine               - Logging services
11:48:10.027 [FXGL Background Thread 3 ] DEBUG Engine               - class com.almasb.fxgl.app.services.FXGLAssetLoaderService
11:48:10.027 [FXGL Background Thread 3 ] DEBUG Engine               - class com.almasb.fxgl.app.FXGLApplication$GameApplicationService
11:48:10.027 [FXGL Background Thread 3 ] DEBUG Engine               - class com.almasb.fxgl.app.services.FXGLDialogService
11:48:10.027 [FXGL Background Thread 3 ] DEBUG Engine               - class com.almasb.fxgl.app.services.IOTaskExecutorService
11:48:10.027 [FXGL Background Thread 3 ] DEBUG Engine               - class com.almasb.fxgl.io.FileSystemService
11:48:10.027 [FXGL Background Thread 3 ] DEBUG Engine               - class com.almasb.fxgl.localization.LocalizationService
11:48:10.028 [FXGL Background Thread 3 ] DEBUG Engine               - class com.almasb.fxgl.app.services.SystemBundleService
11:48:10.028 [FXGL Background Thread 3 ] DEBUG Engine               - class com.almasb.fxgl.profile.SaveLoadService
11:48:10.028 [FXGL Background Thread 3 ] DEBUG Engine               - class com.almasb.fxgl.ui.FXGLUIFactoryServiceProvider
11:48:10.028 [FXGL Background Thread 3 ] DEBUG Engine               - class com.almasb.fxgl.ui.FXGLDialogFactoryServiceProvider
11:48:10.028 [FXGL Background Thread 3 ] DEBUG Engine               - class com.almasb.fxgl.audio.AudioPlayer
11:48:10.028 [FXGL Background Thread 3 ] DEBUG Engine               - class com.almasb.fxgl.notification.impl.NotificationServiceProvider
11:48:10.028 [FXGL Background Thread 3 ] DEBUG Engine               - class com.almasb.fxgl.achievement.AchievementService
11:48:10.028 [FXGL Background Thread 3 ] DEBUG Engine               - class com.almasb.fxgl.cutscene.CutsceneService
11:48:10.028 [FXGL Background Thread 3 ] DEBUG Engine               - class com.almasb.fxgl.minigames.MiniGameService
11:48:10.028 [FXGL Background Thread 3 ] DEBUG Engine               - class com.almasb.fxgl.net.NetService
11:48:10.028 [FXGL Background Thread 3 ] DEBUG Engine               - class com.almasb.fxgl.app.services.UpdaterService
11:48:10.028 [FXGL Background Thread 3 ] DEBUG Engine               - class com.almasb.fxgl.dev.DevService
11:48:10.044 [FXGL Background Thread 2 ] DEBUG FXGLAssetLoaderServi - Loading from file system: file:/E:/space_java/Game/game_datbom/target/classes/assets/textures/mapTexture/portal.png
11:48:10.146 [FXGL Background Thread 2 ] DEBUG FXGLAssetLoaderServi - Loading from file system: file:/E:/space_java/Game/game_datbom/target/classes/assets/textures/character/gold_player_dead.png
11:48:10.148 [FXGL Background Thread 2 ] DEBUG FXGLAssetLoaderServi - Loading from file system: file:/E:/space_java/Game/game_datbom/target/classes/assets/textures/character/gold_player_down.png
11:48:10.149 [FXGL Background Thread 2 ] DEBUG FXGLAssetLoaderServi - Loading from file system: file:/E:/space_java/Game/game_datbom/target/classes/assets/textures/character/gold_player_up.png
11:48:10.150 [FXGL Background Thread 2 ] DEBUG FXGLAssetLoaderServi - Loading from file system: file:/E:/space_java/Game/game_datbom/target/classes/assets/textures/character/gold_player_left_temp.png
11:48:10.151 [FXGL Background Thread 2 ] DEBUG FXGLAssetLoaderServi - Loading from file system: file:/E:/space_java/Game/game_datbom/target/classes/assets/textures/character/gold_player_right_temp.png
11:48:10.153 [FXGL Background Thread 2 ] WARN  Entity               - Entity already has component: com.almasb.fxgl.entity.components.CollidableComponent
11:48:10.159 [FXGL Background Thread 2 ] INFO  FXGLApplication      - Game initialization took: 0.354 sec
11:48:10.172 [JavaFX Application Thread] DEBUG Input                - Clearing active input actions
11:48:10.186 [JavaFX Application Thread] DEBUG GameApplicationServi - Removing overlay from FXGLLoadingScene and adding to GameScene
11:48:10.191 [JavaFX Application Thread] DEBUG PrimaryStageWindow   - FXGLLoadingScene -> GameScene
11:48:13.325 [JavaFX Application Thread] DEBUG FXGLAssetLoaderServi - Loading from file system: file:/E:/space_java/Game/game_datbom/target/classes/assets/textures/character%5cbomb.png
11:48:13.327 [JavaFX Application Thread] DEBUG FXGLAssetLoaderServi - Loading from file system: file:/E:/space_java/Game/game_datbom/target/classes/assets/textures/flame%5cleft_flame.png
11:48:13.328 [JavaFX Application Thread] DEBUG FXGLAssetLoaderServi - Loading from file system: file:/E:/space_java/Game/game_datbom/target/classes/assets/textures/flame%5cup_flame.png
11:48:13.329 [JavaFX Application Thread] DEBUG FXGLAssetLoaderServi - Loading from file system: file:/E:/space_java/Game/game_datbom/target/classes/assets/textures/flame%5ccentral_flame.png
11:48:31.421 [JavaFX Application Thread] DEBUG Input                - Clearing active input actions
11:48:31.428 [JavaFX Application Thread] DEBUG GameApplicationServi - Removing overlay from GameScene and adding to FXGLMainMenuDummyScene
11:48:31.430 [JavaFX Application Thread] DEBUG PrimaryStageWindow   - GameScene -> FXGLMainMenuDummyScene
11:48:31.430 [JavaFX Application Thread] DEBUG PrimaryStageWindow   - Push state: MainMenu
11:48:31.430 [JavaFX Application Thread] DEBUG Input                - Clearing active input actions
11:48:31.430 [JavaFX Application Thread] DEBUG GameApplicationServi - Removing overlay from FXGLMainMenuDummyScene and adding to MainMenu
11:48:31.430 [JavaFX Application Thread] DEBUG PrimaryStageWindow   - FXGLMainMenuDummyScene -> MainMenu
11:48:34.050 [JavaFX Application Thread] DEBUG Menu                 - fireNewGame()
11:48:34.050 [JavaFX Application Thread] DEBUG GameApplicationServi - Starting new game
11:48:34.050 [JavaFX Application Thread] DEBUG PrimaryStageWindow   - Pop state: MainMenu
11:48:34.050 [JavaFX Application Thread] DEBUG Input                - Clearing active input actions
11:48:34.051 [JavaFX Application Thread] DEBUG GameApplicationServi - Removing overlay from MainMenu and adding to FXGLMainMenuDummyScene
11:48:34.052 [JavaFX Application Thread] DEBUG PrimaryStageWindow   - FXGLMainMenuDummyScene <- MainMenu
11:48:34.052 [JavaFX Application Thread] DEBUG Input                - Clearing active input actions
11:48:34.055 [JavaFX Application Thread] DEBUG GameApplicationServi - Removing overlay from FXGLMainMenuDummyScene and adding to FXGLLoadingScene
11:48:34.055 [JavaFX Application Thread] DEBUG PrimaryStageWindow   - FXGLMainMenuDummyScene -> FXGLLoadingScene
11:48:34.055 [JavaFX Application Thread] DEBUG GameApplicationServi - Clearing previous game
11:48:34.055 [JavaFX Application Thread] DEBUG GameScene            - Clearing game scene
11:48:34.055 [JavaFX Application Thread] DEBUG GameWorld            - Clearing game world
11:48:34.083 [JavaFX Application Thread] DEBUG PhysicsWorld         - Clearing physics world
11:48:34.083 [FXGL Background Thread 2 ] DEBUG FXGLApplication      - Initializing game
11:48:34.168 [FXGL Background Thread 2 ] WARN  Entity               - Entity already has component: com.almasb.fxgl.entity.components.CollidableComponent
11:48:34.169 [FXGL Background Thread 2 ] INFO  FXGLApplication      - Game initialization took: 0.086 sec
11:48:34.176 [JavaFX Application Thread] DEBUG Input                - Clearing active input actions
11:48:34.184 [JavaFX Application Thread] DEBUG GameApplicationServi - Removing overlay from FXGLLoadingScene and adding to GameScene
11:48:34.186 [JavaFX Application Thread] DEBUG PrimaryStageWindow   - FXGLLoadingScene -> GameScene
11:48:52.845 [JavaFX Application Thread] DEBUG Input                - Clearing active input actions
11:48:52.850 [JavaFX Application Thread] DEBUG GameApplicationServi - Removing overlay from GameScene and adding to FXGLMainMenuDummyScene
11:48:52.851 [JavaFX Application Thread] DEBUG PrimaryStageWindow   - GameScene -> FXGLMainMenuDummyScene
11:48:52.852 [JavaFX Application Thread] DEBUG PrimaryStageWindow   - Push state: MainMenu
11:48:52.852 [JavaFX Application Thread] DEBUG Input                - Clearing active input actions
11:48:52.852 [JavaFX Application Thread] DEBUG GameApplicationServi - Removing overlay from FXGLMainMenuDummyScene and adding to MainMenu
11:48:52.852 [JavaFX Application Thread] DEBUG PrimaryStageWindow   - FXGLMainMenuDummyScene -> MainMenu
11:48:55.982 [JavaFX Application Thread] DEBUG Menu                 - fireNewGame()
11:48:55.982 [JavaFX Application Thread] DEBUG GameApplicationServi - Starting new game
11:48:55.982 [JavaFX Application Thread] DEBUG PrimaryStageWindow   - Pop state: MainMenu
11:48:55.982 [JavaFX Application Thread] DEBUG Input                - Clearing active input actions
11:48:55.983 [JavaFX Application Thread] DEBUG GameApplicationServi - Removing overlay from MainMenu and adding to FXGLMainMenuDummyScene
11:48:55.984 [JavaFX Application Thread] DEBUG PrimaryStageWindow   - FXGLMainMenuDummyScene <- MainMenu
11:48:55.984 [JavaFX Application Thread] DEBUG Input                - Clearing active input actions
11:48:55.986 [JavaFX Application Thread] DEBUG GameApplicationServi - Removing overlay from FXGLMainMenuDummyScene and adding to FXGLLoadingScene
11:48:55.987 [JavaFX Application Thread] DEBUG PrimaryStageWindow   - FXGLMainMenuDummyScene -> FXGLLoadingScene
11:48:55.987 [JavaFX Application Thread] DEBUG GameApplicationServi - Clearing previous game
11:48:55.987 [JavaFX Application Thread] DEBUG GameScene            - Clearing game scene
11:48:55.987 [JavaFX Application Thread] DEBUG GameWorld            - Clearing game world
11:48:55.997 [JavaFX Application Thread] DEBUG PhysicsWorld         - Clearing physics world
11:48:55.997 [FXGL Background Thread 2 ] DEBUG FXGLApplication      - Initializing game
11:48:56.066 [FXGL Background Thread 2 ] WARN  Entity               - Entity already has component: com.almasb.fxgl.entity.components.CollidableComponent
11:48:56.067 [FXGL Background Thread 2 ] INFO  FXGLApplication      - Game initialization took: 0.070 sec
11:48:56.076 [JavaFX Application Thread] DEBUG Input                - Clearing active input actions
11:48:56.083 [JavaFX Application Thread] DEBUG GameApplicationServi - Removing overlay from FXGLLoadingScene and adding to GameScene
11:48:56.084 [JavaFX Application Thread] DEBUG PrimaryStageWindow   - FXGLLoadingScene -> GameScene
11:49:37.933 [JavaFX Application Thread] DEBUG Input                - Clearing active input actions
11:49:37.941 [JavaFX Application Thread] DEBUG GameApplicationServi - Removing overlay from GameScene and adding to FXGLMainMenuDummyScene
11:49:37.943 [JavaFX Application Thread] DEBUG PrimaryStageWindow   - GameScene -> FXGLMainMenuDummyScene
11:49:37.943 [JavaFX Application Thread] DEBUG PrimaryStageWindow   - Push state: MainMenu
11:49:37.943 [JavaFX Application Thread] DEBUG Input                - Clearing active input actions
11:49:37.944 [JavaFX Application Thread] DEBUG GameApplicationServi - Removing overlay from FXGLMainMenuDummyScene and adding to MainMenu
11:49:37.944 [JavaFX Application Thread] DEBUG PrimaryStageWindow   - FXGLMainMenuDummyScene -> MainMenu
11:49:40.573 [JavaFX Application Thread] DEBUG Menu                 - fireNewGame()
11:49:40.573 [JavaFX Application Thread] DEBUG GameApplicationServi - Starting new game
11:49:40.573 [JavaFX Application Thread] DEBUG PrimaryStageWindow   - Pop state: MainMenu
11:49:40.574 [JavaFX Application Thread] DEBUG Input                - Clearing active input actions
11:49:40.574 [JavaFX Application Thread] DEBUG GameApplicationServi - Removing overlay from MainMenu and adding to FXGLMainMenuDummyScene
11:49:40.575 [JavaFX Application Thread] DEBUG PrimaryStageWindow   - FXGLMainMenuDummyScene <- MainMenu
11:49:40.576 [JavaFX Application Thread] DEBUG Input                - Clearing active input actions
11:49:40.581 [JavaFX Application Thread] DEBUG GameApplicationServi - Removing overlay from FXGLMainMenuDummyScene and adding to FXGLLoadingScene
11:49:40.582 [JavaFX Application Thread] DEBUG PrimaryStageWindow   - FXGLMainMenuDummyScene -> FXGLLoadingScene
11:49:40.582 [JavaFX Application Thread] DEBUG GameApplicationServi - Clearing previous game
11:49:40.582 [JavaFX Application Thread] DEBUG GameScene            - Clearing game scene
11:49:40.582 [JavaFX Application Thread] DEBUG GameWorld            - Clearing game world
11:49:40.590 [JavaFX Application Thread] DEBUG PhysicsWorld         - Clearing physics world
11:49:40.590 [FXGL Background Thread 2 ] DEBUG FXGLApplication      - Initializing game
11:49:40.644 [FXGL Background Thread 2 ] WARN  Entity               - Entity already has component: com.almasb.fxgl.entity.components.CollidableComponent
11:49:40.646 [FXGL Background Thread 2 ] INFO  FXGLApplication      - Game initialization took: 0.055 sec
11:49:40.647 [JavaFX Application Thread] DEBUG Input                - Clearing active input actions
11:49:40.653 [JavaFX Application Thread] DEBUG GameApplicationServi - Removing overlay from FXGLLoadingScene and adding to GameScene
11:49:40.656 [JavaFX Application Thread] DEBUG PrimaryStageWindow   - FXGLLoadingScene -> GameScene
11:49:57.549 [JavaFX Application Thread] DEBUG Input                - Clearing active input actions
11:49:57.555 [JavaFX Application Thread] DEBUG GameApplicationServi - Removing overlay from GameScene and adding to FXGLMainMenuDummyScene
11:49:57.557 [JavaFX Application Thread] DEBUG PrimaryStageWindow   - GameScene -> FXGLMainMenuDummyScene
11:49:57.558 [JavaFX Application Thread] DEBUG PrimaryStageWindow   - Push state: MainMenu
11:49:57.558 [JavaFX Application Thread] DEBUG Input                - Clearing active input actions
11:49:57.558 [JavaFX Application Thread] DEBUG GameApplicationServi - Removing overlay from FXGLMainMenuDummyScene and adding to MainMenu
11:49:57.558 [JavaFX Application Thread] DEBUG PrimaryStageWindow   - FXGLMainMenuDummyScene -> MainMenu
11:50:00.934 [JavaFX Application Thread] DEBUG Menu                 - fireNewGame()
11:50:00.935 [JavaFX Application Thread] DEBUG GameApplicationServi - Starting new game
11:50:00.935 [JavaFX Application Thread] DEBUG PrimaryStageWindow   - Pop state: MainMenu
11:50:00.935 [JavaFX Application Thread] DEBUG Input                - Clearing active input actions
11:50:00.936 [JavaFX Application Thread] DEBUG GameApplicationServi - Removing overlay from MainMenu and adding to FXGLMainMenuDummyScene
11:50:00.936 [JavaFX Application Thread] DEBUG PrimaryStageWindow   - FXGLMainMenuDummyScene <- MainMenu
11:50:00.936 [JavaFX Application Thread] DEBUG Input                - Clearing active input actions
11:50:00.941 [JavaFX Application Thread] DEBUG GameApplicationServi - Removing overlay from FXGLMainMenuDummyScene and adding to FXGLLoadingScene
11:50:00.941 [JavaFX Application Thread] DEBUG PrimaryStageWindow   - FXGLMainMenuDummyScene -> FXGLLoadingScene
11:50:00.941 [JavaFX Application Thread] DEBUG GameApplicationServi - Clearing previous game
11:50:00.941 [JavaFX Application Thread] DEBUG GameScene            - Clearing game scene
11:50:00.941 [JavaFX Application Thread] DEBUG GameWorld            - Clearing game world
11:50:00.953 [JavaFX Application Thread] DEBUG PhysicsWorld         - Clearing physics world
11:50:00.954 [FXGL Background Thread 2 ] DEBUG FXGLApplication      - Initializing game
11:50:01.006 [FXGL Background Thread 2 ] WARN  Entity               - Entity already has component: com.almasb.fxgl.entity.components.CollidableComponent
11:50:01.006 [FXGL Background Thread 2 ] INFO  FXGLApplication      - Game initialization took: 0.053 sec
11:50:01.013 [JavaFX Application Thread] DEBUG Input                - Clearing active input actions
11:50:01.019 [JavaFX Application Thread] DEBUG GameApplicationServi - Removing overlay from FXGLLoadingScene and adding to GameScene
11:50:01.020 [JavaFX Application Thread] DEBUG PrimaryStageWindow   - FXGLLoadingScene -> GameScene
11:50:14.781 [JavaFX Application Thread] WARN  GameWorld            - Attempted to remove entity which is not active
11:50:15.325 [JavaFX Application Thread] DEBUG Input                - Clearing active input actions
11:50:15.332 [JavaFX Application Thread] DEBUG GameApplicationServi - Removing overlay from GameScene and adding to FXGLMainMenuDummyScene
11:50:15.332 [JavaFX Application Thread] DEBUG PrimaryStageWindow   - GameScene -> FXGLMainMenuDummyScene
11:50:15.333 [JavaFX Application Thread] DEBUG PrimaryStageWindow   - Push state: MainMenu
11:50:15.333 [JavaFX Application Thread] DEBUG Input                - Clearing active input actions
11:50:15.333 [JavaFX Application Thread] DEBUG GameApplicationServi - Removing overlay from FXGLMainMenuDummyScene and adding to MainMenu
11:50:15.333 [JavaFX Application Thread] DEBUG PrimaryStageWindow   - FXGLMainMenuDummyScene -> MainMenu
11:50:15.333 [JavaFX Application Thread] DEBUG PrimaryStageWindow   - Pop state: MainMenu
11:50:15.333 [JavaFX Application Thread] DEBUG Input                - Clearing active input actions
11:50:15.333 [JavaFX Application Thread] DEBUG GameApplicationServi - Removing overlay from MainMenu and adding to FXGLMainMenuDummyScene
11:50:15.336 [JavaFX Application Thread] DEBUG PrimaryStageWindow   - FXGLMainMenuDummyScene <- MainMenu
11:50:15.336 [JavaFX Application Thread] WARN  PrimaryStageWindow   - Cannot set to FXGLMainMenuDummyScene. Probably because subscenes are present.
11:50:15.336 [JavaFX Application Thread] DEBUG PrimaryStageWindow   - Push state: MainMenu
11:50:15.336 [JavaFX Application Thread] DEBUG Input                - Clearing active input actions
11:50:15.337 [JavaFX Application Thread] DEBUG GameApplicationServi - Removing overlay from FXGLMainMenuDummyScene and adding to MainMenu
11:50:15.337 [JavaFX Application Thread] DEBUG PrimaryStageWindow   - FXGLMainMenuDummyScene -> MainMenu
11:50:16.565 [JavaFX Application Thread] DEBUG Menu                 - fireNewGame()
11:50:16.566 [JavaFX Application Thread] DEBUG GameApplicationServi - Starting new game
11:50:16.566 [JavaFX Application Thread] DEBUG PrimaryStageWindow   - Pop state: MainMenu
11:50:16.566 [JavaFX Application Thread] DEBUG Input                - Clearing active input actions
11:50:16.567 [JavaFX Application Thread] DEBUG GameApplicationServi - Removing overlay from MainMenu and adding to FXGLMainMenuDummyScene
11:50:16.568 [JavaFX Application Thread] DEBUG PrimaryStageWindow   - FXGLMainMenuDummyScene <- MainMenu
11:50:16.568 [JavaFX Application Thread] DEBUG Input                - Clearing active input actions
11:50:16.572 [JavaFX Application Thread] DEBUG GameApplicationServi - Removing overlay from FXGLMainMenuDummyScene and adding to FXGLLoadingScene
11:50:16.572 [JavaFX Application Thread] DEBUG PrimaryStageWindow   - FXGLMainMenuDummyScene -> FXGLLoadingScene
11:50:16.572 [JavaFX Application Thread] DEBUG GameApplicationServi - Clearing previous game
11:50:16.573 [JavaFX Application Thread] DEBUG GameScene            - Clearing game scene
11:50:16.573 [JavaFX Application Thread] DEBUG GameWorld            - Clearing game world
11:50:16.586 [JavaFX Application Thread] DEBUG PhysicsWorld         - Clearing physics world
11:50:16.587 [FXGL Background Thread 2 ] DEBUG FXGLApplication      - Initializing game
11:50:16.651 [FXGL Background Thread 2 ] WARN  Entity               - Entity already has component: com.almasb.fxgl.entity.components.CollidableComponent
11:50:16.651 [FXGL Background Thread 2 ] INFO  FXGLApplication      - Game initialization took: 0.064 sec
11:50:16.654 [JavaFX Application Thread] DEBUG Input                - Clearing active input actions
11:50:16.659 [JavaFX Application Thread] DEBUG GameApplicationServi - Removing overlay from FXGLLoadingScene and adding to GameScene
11:50:16.660 [JavaFX Application Thread] DEBUG PrimaryStageWindow   - FXGLLoadingScene -> GameScene
11:50:32.558 [JavaFX Application Thread] DEBUG Input                - Clearing active input actions
11:50:32.565 [JavaFX Application Thread] DEBUG GameApplicationServi - Removing overlay from GameScene and adding to FXGLMainMenuDummyScene
11:50:32.567 [JavaFX Application Thread] DEBUG PrimaryStageWindow   - GameScene -> FXGLMainMenuDummyScene
11:50:32.567 [JavaFX Application Thread] DEBUG PrimaryStageWindow   - Push state: MainMenu
11:50:32.567 [JavaFX Application Thread] DEBUG Input                - Clearing active input actions
11:50:32.567 [JavaFX Application Thread] DEBUG GameApplicationServi - Removing overlay from FXGLMainMenuDummyScene and adding to MainMenu
11:50:32.567 [JavaFX Application Thread] DEBUG PrimaryStageWindow   - FXGLMainMenuDummyScene -> MainMenu
11:50:33.717 [JavaFX Application Thread] DEBUG Menu                 - fireNewGame()
11:50:33.717 [JavaFX Application Thread] DEBUG GameApplicationServi - Starting new game
11:50:33.718 [JavaFX Application Thread] DEBUG PrimaryStageWindow   - Pop state: MainMenu
11:50:33.718 [JavaFX Application Thread] DEBUG Input                - Clearing active input actions
11:50:33.718 [JavaFX Application Thread] DEBUG GameApplicationServi - Removing overlay from MainMenu and adding to FXGLMainMenuDummyScene
11:50:33.719 [JavaFX Application Thread] DEBUG PrimaryStageWindow   - FXGLMainMenuDummyScene <- MainMenu
11:50:33.719 [JavaFX Application Thread] DEBUG Input                - Clearing active input actions
11:50:33.724 [JavaFX Application Thread] DEBUG GameApplicationServi - Removing overlay from FXGLMainMenuDummyScene and adding to FXGLLoadingScene
11:50:33.724 [JavaFX Application Thread] DEBUG PrimaryStageWindow   - FXGLMainMenuDummyScene -> FXGLLoadingScene
11:50:33.724 [JavaFX Application Thread] DEBUG GameApplicationServi - Clearing previous game
11:50:33.724 [JavaFX Application Thread] DEBUG GameScene            - Clearing game scene
11:50:33.724 [JavaFX Application Thread] DEBUG GameWorld            - Clearing game world
11:50:33.738 [JavaFX Application Thread] DEBUG PhysicsWorld         - Clearing physics world
11:50:33.739 [FXGL Background Thread 2 ] DEBUG FXGLApplication      - Initializing game
11:50:33.816 [FXGL Background Thread 2 ] WARN  Entity               - Entity already has component: com.almasb.fxgl.entity.components.CollidableComponent
11:50:33.816 [FXGL Background Thread 2 ] INFO  FXGLApplication      - Game initialization took: 0.078 sec
11:50:33.819 [JavaFX Application Thread] DEBUG Input                - Clearing active input actions
11:50:33.825 [JavaFX Application Thread] DEBUG GameApplicationServi - Removing overlay from FXGLLoadingScene and adding to GameScene
11:50:33.826 [JavaFX Application Thread] DEBUG PrimaryStageWindow   - FXGLLoadingScene -> GameScene
11:50:50.269 [JavaFX Application Thread] DEBUG Input                - Clearing active input actions
11:50:50.276 [JavaFX Application Thread] DEBUG GameApplicationServi - Removing overlay from GameScene and adding to FXGLMainMenuDummyScene
11:50:50.277 [JavaFX Application Thread] DEBUG PrimaryStageWindow   - GameScene -> FXGLMainMenuDummyScene
11:50:50.277 [JavaFX Application Thread] DEBUG PrimaryStageWindow   - Push state: MainMenu
11:50:50.278 [JavaFX Application Thread] DEBUG Input                - Clearing active input actions
11:50:50.278 [JavaFX Application Thread] DEBUG GameApplicationServi - Removing overlay from FXGLMainMenuDummyScene and adding to MainMenu
11:50:50.278 [JavaFX Application Thread] DEBUG PrimaryStageWindow   - FXGLMainMenuDummyScene -> MainMenu
11:50:50.963 [JavaFX Application Thread] DEBUG Menu                 - fireNewGame()
11:50:50.964 [JavaFX Application Thread] DEBUG GameApplicationServi - Starting new game
11:50:50.964 [JavaFX Application Thread] DEBUG PrimaryStageWindow   - Pop state: MainMenu
11:50:50.964 [JavaFX Application Thread] DEBUG Input                - Clearing active input actions
11:50:50.964 [JavaFX Application Thread] DEBUG GameApplicationServi - Removing overlay from MainMenu and adding to FXGLMainMenuDummyScene
11:50:50.965 [JavaFX Application Thread] DEBUG PrimaryStageWindow   - FXGLMainMenuDummyScene <- MainMenu
11:50:50.965 [JavaFX Application Thread] DEBUG Input                - Clearing active input actions
11:50:50.969 [JavaFX Application Thread] DEBUG GameApplicationServi - Removing overlay from FXGLMainMenuDummyScene and adding to FXGLLoadingScene
11:50:50.970 [JavaFX Application Thread] DEBUG PrimaryStageWindow   - FXGLMainMenuDummyScene -> FXGLLoadingScene
11:50:50.970 [JavaFX Application Thread] DEBUG GameApplicationServi - Clearing previous game
11:50:50.970 [JavaFX Application Thread] DEBUG GameScene            - Clearing game scene
11:50:50.970 [JavaFX Application Thread] DEBUG GameWorld            - Clearing game world
11:50:50.982 [JavaFX Application Thread] DEBUG PhysicsWorld         - Clearing physics world
11:50:50.982 [FXGL Background Thread 2 ] DEBUG FXGLApplication      - Initializing game
11:50:51.010 [FXGL Background Thread 2 ] WARN  Entity               - Entity already has component: com.almasb.fxgl.entity.components.CollidableComponent
11:50:51.010 [FXGL Background Thread 2 ] INFO  FXGLApplication      - Game initialization took: 0.028 sec
11:50:51.017 [JavaFX Application Thread] DEBUG Input                - Clearing active input actions
11:50:51.021 [JavaFX Application Thread] DEBUG GameApplicationServi - Removing overlay from FXGLLoadingScene and adding to GameScene
11:50:51.022 [JavaFX Application Thread] DEBUG PrimaryStageWindow   - FXGLLoadingScene -> GameScene
11:51:11.181 [JavaFX Application Thread] DEBUG Input                - Clearing active input actions
11:51:11.186 [JavaFX Application Thread] DEBUG GameApplicationServi - Removing overlay from GameScene and adding to FXGLMainMenuDummyScene
11:51:11.187 [JavaFX Application Thread] DEBUG PrimaryStageWindow   - GameScene -> FXGLMainMenuDummyScene
11:51:11.187 [JavaFX Application Thread] DEBUG PrimaryStageWindow   - Push state: MainMenu
11:51:11.187 [JavaFX Application Thread] DEBUG Input                - Clearing active input actions
11:51:11.188 [JavaFX Application Thread] DEBUG GameApplicationServi - Removing overlay from FXGLMainMenuDummyScene and adding to MainMenu
11:51:11.188 [JavaFX Application Thread] DEBUG PrimaryStageWindow   - FXGLMainMenuDummyScene -> MainMenu
11:51:13.910 [JavaFX Application Thread] DEBUG FXGLApplication      - Exiting FXGL
11:51:13.910 [JavaFX Application Thread] DEBUG LoopRunner           - Stopping loop
11:51:13.911 [JavaFX Application Thread] DEBUG SystemBundleService  - Saving FXGL system data
11:51:13.914 [JavaFX Application Thread] DEBUG FileSystemAccess     - Writing to: E:\space_java\Game\game_datbom\system\fxgl.bundle
11:51:13.918 [JavaFX Application Thread] DEBUG Async                - Shutting down background threads
11:51:13.919 [JavaFX Application Thread] DEBUG PrimaryStageWindow   - Closing main window
11:51:13.948 [JavaFX Application Thread] DEBUG Logger               - Closing Logger
