09:40:18.396 [main                     ] DEBUG Logger               - Configured Logger
09:40:18.410 [main                     ] DEBUG GameApplication      - Logging settings
Title: Bomberman
Version: 1.0
Width: 1280
Height: 720
Fullscreen: false
Intro: false
Profiling: false
Single step:false
App Mode: DEVELOPER
Menu Key: ESCAPE
Stage Style: DECORATED
Scene Factory: class hellofx.Main$1

09:40:18.496 [JavaFX Application Thread] DEBUG FXGLApplication      - Initializing FXGL
09:40:18.501 [JavaFX Application Thread] INFO  Engine               - FXGL-17.1 (24.03.2022 17.34) on WINDOWS (J:18.0.2.1 FX:18)
09:40:18.501 [JavaFX Application Thread] DEBUG Engine               - JRE Vendor Name: Oracle Corporation
09:40:18.501 [JavaFX Application Thread] DEBUG Engine               - Running on OS: Windows 11 version 10.0
09:40:18.501 [JavaFX Application Thread] DEBUG Engine               - Architecture: amd64
09:40:18.501 [JavaFX Application Thread] INFO  Engine               - Source code and latest versions at: https://github.com/AlmasB/FXGL
09:40:18.502 [JavaFX Application Thread] INFO  Engine               -       Ask questions and discuss at: https://github.com/AlmasB/FXGL/discussions
09:40:18.502 [JavaFX Application Thread] INFO  Engine               -              Join the FXGL chat at: https://gitter.im/AlmasB/FXGL
09:40:18.546 [JavaFX Application Thread] DEBUG PrimaryStageWindow   - Creating a JavaFX scene
09:40:18.580 [JavaFX Application Thread] DEBUG PrimaryStageWindow   - Target settings size: 1280.0 x 720.0
09:40:18.581 [JavaFX Application Thread] DEBUG PrimaryStageWindow   - Scaled scene size:    1280.0 x 720.0
09:40:18.581 [JavaFX Application Thread] DEBUG PrimaryStageWindow   - Scaled ratio: (1.0, 1.0)
09:40:18.582 [JavaFX Application Thread] DEBUG PrimaryStageWindow   - Set initial scene to FXGLStartupScene
09:40:18.588 [JavaFX Application Thread] DEBUG PrimaryStageWindow   - Opening main window
09:40:18.657 [JavaFX Application Thread] DEBUG PrimaryStageWindow   - Window border size: (16.0, 39.0)
09:40:18.657 [JavaFX Application Thread] DEBUG PrimaryStageWindow   - Scaled size: 1280.0 x 720.0
09:40:18.657 [JavaFX Application Thread] DEBUG PrimaryStageWindow   - Scaled ratio: (1.0, 1.0)
09:40:18.657 [JavaFX Application Thread] DEBUG PrimaryStageWindow   - Scene size: 1280.0 x 720.0
09:40:18.658 [JavaFX Application Thread] DEBUG PrimaryStageWindow   - Stage size: 1296.0 x 759.0
09:40:18.667 [FXGL Background Thread 1 ] DEBUG Engine               - Initializing environment variables
09:40:18.728 [FXGL Background Thread 1 ] DEBUG FXGLAssetLoaderServi - User app class for loading assets: class hellofx.Main
09:40:18.728 [FXGL Background Thread 1 ] DEBUG GameApplicationServi - Applying CSS: fxgl_dark.css
09:40:18.730 [FXGL Background Thread 1 ] DEBUG FXGLAssetLoaderServi - Loading from file system: jar:file:/C:/Users/chaum/.m2/repository/com/github/almasb/fxgl/17.1/fxgl-17.1.jar!/fxglassets/ui/css/fxgl_dark.css
09:40:18.768 [FXGL Background Thread 1 ] DEBUG GameApplicationServi - Initializing application scenes
09:40:18.797 [FXGL Background Thread 1 ] DEBUG GameWorld            - Game world initialized
09:40:18.835 [FXGL Background Thread 1 ] DEBUG PhysicsWorld         - Physics world initialized: appHeight=720, physics.ppm=50.0
09:40:18.835 [FXGL Background Thread 1 ] DEBUG PhysicsWorld         - Using strategy: BRUTE_FORCE
09:40:18.838 [FXGL Background Thread 1 ] DEBUG GameScene            - Game scene initialized: 1280x720
09:40:18.891 [FXGL Background Thread 1 ] DEBUG GameApplicationServi - Application scenes initialized
09:40:18.900 [FXGL Background Thread 1 ] DEBUG SystemBundleService  - Loading FXGL system data
09:40:18.902 [FXGL Background Thread 1 ] DEBUG FileSystemAccess     - Reading from: E:\space_java\Game\game_datbom\system\fxgl.bundle
09:40:18.908 [FXGL Background Thread 1 ] DEBUG SystemBundleService  - Bundle FXGL: {}
09:40:18.908 [FXGL Background Thread 1 ] DEBUG UpdaterService       - Checking for updates
09:40:18.933 [FXGL Background Thread 4 ] DEBUG FXGLApplication      - Loading fonts
09:40:18.934 [FXGL Background Thread 4 ] DEBUG FXGLAssetLoaderServi - Loading from file system: jar:file:/C:/Users/chaum/.m2/repository/com/github/almasb/fxgl/17.1/fxgl-17.1.jar!/fxglassets/ui/fonts/VarelaRound-Regular.ttf
09:40:18.934 [FXGL Background Thread 1 ] DEBUG FXGLAssetLoaderServi - Loading from file system: jar:file:/C:/Users/chaum/.m2/repository/com/github/almasb/fxgl/17.1/fxgl-17.1.jar!/fxglassets/languages/english.lang
09:40:18.953 [FXGL Background Thread 1 ] INFO  FXGLApplication      - FXGL initialization took: 0.285 sec
09:40:18.967 [JavaFX Application Thread] DEBUG Input                - Registered new binding: action0 - F
09:40:18.968 [JavaFX Application Thread] DEBUG Input                - Registered new binding: Right - D
09:40:18.968 [JavaFX Application Thread] DEBUG Input                - Registered new binding: Left - A
09:40:18.968 [JavaFX Application Thread] DEBUG Input                - Registered new binding: Up - W
09:40:18.969 [JavaFX Application Thread] DEBUG Input                - Registered new binding: Down - S
09:40:18.969 [JavaFX Application Thread] DEBUG Input                - Registered new binding: Place boom - Space
09:40:18.969 [JavaFX Application Thread] DEBUG FXGLAssetLoaderServi - Loading from file system: file:/E:/space_java/Game/game_datbom/target/classes/assets/textures/icon/icon.png
09:40:19.027 [FXGL Background Thread 4 ] DEBUG FXGLAssetLoaderServi - Loading from file system: jar:file:/C:/Users/chaum/.m2/repository/com/github/almasb/fxgl/17.1/fxgl-17.1.jar!/fxglassets/ui/fonts/Abel-Regular.ttf
09:40:19.033 [FXGL Background Thread 4 ] DEBUG FXGLAssetLoaderServi - Loading from file system: jar:file:/C:/Users/chaum/.m2/repository/com/github/almasb/fxgl/17.1/fxgl-17.1.jar!/fxglassets/ui/fonts/TerminalLandMono-Regular.otf
09:40:19.035 [JavaFX Application Thread] DEBUG FXGLAssetLoaderServi - Loading from file system: file:/E:/space_java/Game/game_datbom/target/classes/assets/textures/cursor/cursor1.png
09:40:19.045 [JavaFX Application Thread] DEBUG Input                - Registered new binding: Screenshot - CTRL+8
09:40:19.046 [JavaFX Application Thread] DEBUG Input                - Registered new binding: Dev Options - 1
09:40:19.046 [JavaFX Application Thread] DEBUG Input                - Registered new binding: Dev Console - 2
09:40:19.046 [FXGL Background Thread 4 ] DEBUG FXGLAssetLoaderServi - Loading from file system: jar:file:/C:/Users/chaum/.m2/repository/com/github/almasb/fxgl/17.1/fxgl-17.1.jar!/fxglassets/ui/fonts/Courier-Prime.ttf
09:40:19.047 [JavaFX Application Thread] DEBUG Input                - Registered new binding: System info dump - CTRL+9
09:40:19.047 [JavaFX Application Thread] DEBUG Input                - Registered new binding: Restart - CTRL+R
09:40:19.048 [JavaFX Application Thread] DEBUG Input                - Registered new binding: Toggle Debug Camera - CTRL+7
09:40:19.050 [JavaFX Application Thread] DEBUG LoopRunner           - Starting loop
09:40:19.070 [JavaFX Application Thread] DEBUG LoopRunner           - Initializing JavaFX AnimationTimerLoop
09:40:19.072 [JavaFX Application Thread] DEBUG Input                - Clearing active input actions
09:40:19.081 [JavaFX Application Thread] DEBUG GameApplicationServi - Removing overlay from FXGLStartupScene and adding to FXGLMainMenuDummyScene
09:40:19.086 [JavaFX Application Thread] DEBUG PrimaryStageWindow   - FXGLStartupScene -> FXGLMainMenuDummyScene
09:40:19.086 [JavaFX Application Thread] DEBUG PrimaryStageWindow   - Push state: MainMenu
09:40:19.087 [JavaFX Application Thread] DEBUG Input                - Clearing active input actions
09:40:19.090 [JavaFX Application Thread] DEBUG GameApplicationServi - Removing overlay from FXGLMainMenuDummyScene and adding to MainMenu
09:40:19.090 [JavaFX Application Thread] DEBUG PrimaryStageWindow   - FXGLMainMenuDummyScene -> MainMenu
09:40:19.091 [JavaFX Application Thread] DEBUG FXGLApplication      - Registering font factories with UI factory
09:40:19.108 [FXGL Background Thread 2 ] WARN  UpdaterService       - Failed to find updates: java.net.UnknownHostException: raw.githubusercontent.com
09:40:20.738 [JavaFX Application Thread] DEBUG Menu                 - fireNewGame()
09:40:20.738 [JavaFX Application Thread] DEBUG GameApplicationServi - Starting new game
09:40:20.738 [JavaFX Application Thread] DEBUG PrimaryStageWindow   - Pop state: MainMenu
09:40:20.739 [JavaFX Application Thread] DEBUG Input                - Clearing active input actions
09:40:20.740 [JavaFX Application Thread] DEBUG GameApplicationServi - Removing overlay from MainMenu and adding to FXGLMainMenuDummyScene
09:40:20.742 [JavaFX Application Thread] DEBUG PrimaryStageWindow   - FXGLMainMenuDummyScene <- MainMenu
09:40:20.742 [JavaFX Application Thread] DEBUG Input                - Clearing active input actions
09:40:20.748 [JavaFX Application Thread] DEBUG GameApplicationServi - Removing overlay from FXGLMainMenuDummyScene and adding to FXGLLoadingScene
09:40:20.749 [JavaFX Application Thread] DEBUG PrimaryStageWindow   - FXGLMainMenuDummyScene -> FXGLLoadingScene
09:40:20.749 [JavaFX Application Thread] DEBUG GameApplicationServi - Clearing previous game
09:40:20.749 [JavaFX Application Thread] DEBUG GameScene            - Clearing game scene
09:40:20.749 [JavaFX Application Thread] DEBUG GameWorld            - Clearing game world
09:40:20.749 [JavaFX Application Thread] DEBUG PhysicsWorld         - Clearing physics world
09:40:20.751 [FXGL Background Thread 2 ] DEBUG FXGLApplication      - Initializing game
09:40:20.795 [FXGL Background Thread 2 ] DEBUG FXGLAssetLoaderServi - Loading from file system: file:/E:/space_java/Game/game_datbom/target/classes/assets/textures/mapTexture/wall.png
09:40:20.847 [FXGL Background Thread 2 ] DEBUG FXGLAssetLoaderServi - Loading from file system: file:/E:/space_java/Game/game_datbom/target/classes/assets/textures/mapTexture/brick.png
09:40:20.903 [FXGL Background Thread 2 ] DEBUG FXGLAssetLoaderServi - Loading from file system: file:/E:/space_java/Game/game_datbom/target/classes/assets/textures/character/gold_player_up.png
09:40:20.906 [FXGL Background Thread 2 ] DEBUG FXGLAssetLoaderServi - Loading from file system: file:/E:/space_java/Game/game_datbom/target/classes/assets/textures/character/gold_player_down.png
09:40:20.908 [FXGL Background Thread 2 ] DEBUG FXGLAssetLoaderServi - Loading from file system: file:/E:/space_java/Game/game_datbom/target/classes/assets/textures/character/gold_player_left.png
09:40:20.909 [FXGL Background Thread 2 ] DEBUG FXGLAssetLoaderServi - Loading from file system: file:/E:/space_java/Game/game_datbom/target/classes/assets/textures/character/gold_player_right.png
09:40:20.919 [FXGL Background Thread 2 ] WARN  Entity               - Entity already has component: com.almasb.fxgl.entity.components.CollidableComponent
09:40:20.920 [FXGL Background Thread 2 ] INFO  FXGLApplication      - Game initialization took: 0.170 sec
09:40:20.928 [JavaFX Application Thread] DEBUG Input                - Clearing active input actions
09:40:20.936 [JavaFX Application Thread] DEBUG GameApplicationServi - Removing overlay from FXGLLoadingScene and adding to GameScene
09:40:20.939 [JavaFX Application Thread] DEBUG PrimaryStageWindow   - FXGLLoadingScene -> GameScene
09:40:21.932 [FXGL Background Thread 3 ] DEBUG Engine               - Logging environment variables
09:40:21.932 [FXGL Background Thread 3 ] DEBUG Engine               - achievements: []
09:40:21.932 [FXGL Background Thread 3 ] DEBUG Engine               - actualHeight: 720.0
09:40:21.933 [FXGL Background Thread 3 ] DEBUG Engine               - actualHeightProperty: ReadOnlyDoubleProperty [value: 720.0]
09:40:21.933 [FXGL Background Thread 3 ] DEBUG Engine               - actualWidth: 1280.0
09:40:21.933 [FXGL Background Thread 3 ] DEBUG Engine               - actualWidthProperty: ReadOnlyDoubleProperty [value: 1280.0]
09:40:21.933 [FXGL Background Thread 3 ] DEBUG Engine               - appIcon: icon/icon.png
09:40:21.933 [FXGL Background Thread 3 ] DEBUG Engine               - applicationMode: DEVELOPER
09:40:21.933 [FXGL Background Thread 3 ] DEBUG Engine               - cSSList: [fxgl_dark.css]
09:40:21.933 [FXGL Background Thread 3 ] DEBUG Engine               - collisionDetectionStrategy: BRUTE_FORCE
09:40:21.933 [FXGL Background Thread 3 ] DEBUG Engine               - configClass: Optional.empty
09:40:21.933 [FXGL Background Thread 3 ] DEBUG Engine               - credits: []
09:40:21.934 [FXGL Background Thread 3 ] DEBUG Engine               - defaultCursor: CursorInfo(imageName=cursor/cursor1.png, hotspotX=0.0, hotspotY=0.0)
09:40:21.934 [FXGL Background Thread 3 ] DEBUG Engine               - devBBoxColorProperty: ObjectProperty [value: 0xff0000ff]
09:40:21.934 [FXGL Background Thread 3 ] DEBUG Engine               - devEnableDebugCameraProperty: BooleanProperty [value: false]
09:40:21.934 [FXGL Background Thread 3 ] DEBUG Engine               - devSensorColorProperty: ObjectProperty [value: 0xffff00ff]
09:40:21.935 [FXGL Background Thread 3 ] DEBUG Engine               - devShowBBoxProperty: BooleanProperty [value: false]
09:40:21.935 [FXGL Background Thread 3 ] DEBUG Engine               - devShowPositionProperty: BooleanProperty [value: false]
09:40:21.935 [FXGL Background Thread 3 ] DEBUG Engine               - enabledMenuItems: []
09:40:21.935 [FXGL Background Thread 3 ] DEBUG Engine               - engineServices: [class com.almasb.fxgl.app.services.FXGLAssetLoaderService, class com.almasb.fxgl.app.FXGLApplication$GameApplicationService, class com.almasb.fxgl.app.services.FXGLDialogService, class com.almasb.fxgl.app.services.IOTaskExecutorService, class com.almasb.fxgl.io.FileSystemService, class com.almasb.fxgl.localization.LocalizationService, class com.almasb.fxgl.app.services.SystemBundleService, class com.almasb.fxgl.profile.SaveLoadService, class com.almasb.fxgl.ui.FXGLUIFactoryServiceProvider, class com.almasb.fxgl.ui.FXGLDialogFactoryServiceProvider, class com.almasb.fxgl.audio.AudioPlayer, class com.almasb.fxgl.notification.impl.NotificationServiceProvider, class com.almasb.fxgl.achievement.AchievementService, class com.almasb.fxgl.cutscene.CutsceneService, class com.almasb.fxgl.minigames.MiniGameService, class com.almasb.fxgl.net.NetService, class com.almasb.fxgl.app.services.UpdaterService, class com.almasb.fxgl.dev.DevService]
09:40:21.935 [FXGL Background Thread 3 ] DEBUG Engine               - fontGame: Abel-Regular.ttf
09:40:21.935 [FXGL Background Thread 3 ] DEBUG Engine               - fontMono: TerminalLandMono-Regular.otf
09:40:21.935 [FXGL Background Thread 3 ] DEBUG Engine               - fontText: Courier-Prime.ttf
09:40:21.935 [FXGL Background Thread 3 ] DEBUG Engine               - fontUI: VarelaRound-Regular.ttf
09:40:21.935 [FXGL Background Thread 3 ] DEBUG Engine               - fullScreen: BooleanProperty [value: false]
09:40:21.935 [FXGL Background Thread 3 ] DEBUG Engine               - gameDifficulty: MEDIUM
09:40:21.935 [FXGL Background Thread 3 ] DEBUG Engine               - gameDifficultyProperty: ObjectProperty [value: MEDIUM]
09:40:21.935 [FXGL Background Thread 3 ] DEBUG Engine               - globalMusicVolume: 0.5
09:40:21.935 [FXGL Background Thread 3 ] DEBUG Engine               - globalMusicVolumeProperty: DoubleProperty [value: 0.5]
09:40:21.935 [FXGL Background Thread 3 ] DEBUG Engine               - globalSoundVolume: 0.5
09:40:21.936 [FXGL Background Thread 3 ] DEBUG Engine               - globalSoundVolumeProperty: DoubleProperty [value: 0.5]
09:40:21.936 [FXGL Background Thread 3 ] DEBUG Engine               - height: 720
09:40:21.936 [FXGL Background Thread 3 ] DEBUG Engine               - is3D: false
09:40:21.936 [FXGL Background Thread 3 ] DEBUG Engine               - isAndroid: false
09:40:21.936 [FXGL Background Thread 3 ] DEBUG Engine               - isBrowser: false
09:40:21.936 [FXGL Background Thread 3 ] DEBUG Engine               - isClickFeedbackEnabled: false
09:40:21.936 [FXGL Background Thread 3 ] DEBUG Engine               - isCloseConfirmation: false
09:40:21.936 [FXGL Background Thread 3 ] DEBUG Engine               - isDesktop: true
09:40:21.936 [FXGL Background Thread 3 ] DEBUG Engine               - isDeveloperMenuEnabled: true
09:40:21.936 [FXGL Background Thread 3 ] DEBUG Engine               - isEmbedded: false
09:40:21.936 [FXGL Background Thread 3 ] DEBUG Engine               - isEntityPreloadEnabled: true
09:40:21.936 [FXGL Background Thread 3 ] DEBUG Engine               - isExperimentalTiledLargeMap: false
09:40:21.936 [FXGL Background Thread 3 ] DEBUG Engine               - isFileSystemWriteAllowed: true
09:40:21.936 [FXGL Background Thread 3 ] DEBUG Engine               - isFullScreenAllowed: false
09:40:21.936 [FXGL Background Thread 3 ] DEBUG Engine               - isFullScreenFromStart: false
09:40:21.936 [FXGL Background Thread 3 ] DEBUG Engine               - isGameMenuEnabled: true
09:40:21.936 [FXGL Background Thread 3 ] DEBUG Engine               - isIOS: false
09:40:21.936 [FXGL Background Thread 3 ] DEBUG Engine               - isIntroEnabled: false
09:40:21.936 [FXGL Background Thread 3 ] DEBUG Engine               - isLinux: false
09:40:21.936 [FXGL Background Thread 3 ] DEBUG Engine               - isMac: false
09:40:21.936 [FXGL Background Thread 3 ] DEBUG Engine               - isMainMenuEnabled: true
09:40:21.936 [FXGL Background Thread 3 ] DEBUG Engine               - isManualResizeEnabled: false
09:40:21.937 [FXGL Background Thread 3 ] DEBUG Engine               - isMobile: false
09:40:21.937 [FXGL Background Thread 3 ] DEBUG Engine               - isNative: false
09:40:21.937 [FXGL Background Thread 3 ] DEBUG Engine               - isPauseMusicWhenMinimized: true
09:40:21.937 [FXGL Background Thread 3 ] DEBUG Engine               - isPreserveResizeRatio: false
09:40:21.937 [FXGL Background Thread 3 ] DEBUG Engine               - isProfilingEnabled: false
09:40:21.937 [FXGL Background Thread 3 ] DEBUG Engine               - isScaleAffectedOnResize: true
09:40:21.937 [FXGL Background Thread 3 ] DEBUG Engine               - isSingleStep: false
09:40:21.937 [FXGL Background Thread 3 ] DEBUG Engine               - isUserProfileEnabled: false
09:40:21.937 [FXGL Background Thread 3 ] DEBUG Engine               - isWindows: true
09:40:21.937 [FXGL Background Thread 3 ] DEBUG Engine               - language: ObjectProperty [value: ENGLISH]
09:40:21.937 [FXGL Background Thread 3 ] DEBUG Engine               - menuKey: ESCAPE
09:40:21.937 [FXGL Background Thread 3 ] DEBUG Engine               - mouseSensitivity: 0.2
09:40:21.937 [FXGL Background Thread 3 ] DEBUG Engine               - notificationViewClass: class com.almasb.fxgl.notification.view.XboxNotificationView
09:40:21.937 [FXGL Background Thread 3 ] DEBUG Engine               - pixelsPerMeter: 50.0
09:40:21.937 [FXGL Background Thread 3 ] DEBUG Engine               - platform: WINDOWS
09:40:21.937 [FXGL Background Thread 3 ] DEBUG Engine               - prefHeightProperty: ReadOnlyDoubleProperty [value: 720.0]
09:40:21.937 [FXGL Background Thread 3 ] DEBUG Engine               - prefWidthProperty: ReadOnlyDoubleProperty [value: 1280.0]
09:40:21.937 [FXGL Background Thread 3 ] DEBUG Engine               - profileDir: profiles/
09:40:21.937 [FXGL Background Thread 3 ] DEBUG Engine               - profileName: StringProperty [value: DEFAULT]
09:40:21.937 [FXGL Background Thread 3 ] DEBUG Engine               - randomSeed: -1
09:40:21.938 [FXGL Background Thread 3 ] DEBUG Engine               - runtimeInfo: RuntimeInfo(platform=WINDOWS, version=17.1, build=24.03.2022 17.34)
09:40:21.938 [FXGL Background Thread 3 ] DEBUG Engine               - saveFileExt: sav
09:40:21.938 [FXGL Background Thread 3 ] DEBUG Engine               - scaledHeightProp$fxgl: DoubleProperty [bound, value: 720.0]
09:40:21.938 [FXGL Background Thread 3 ] DEBUG Engine               - scaledWidthProp$fxgl: DoubleProperty [bound, value: 1280.0]
09:40:21.938 [FXGL Background Thread 3 ] DEBUG Engine               - sceneFactory: hellofx.Main$1@8b423b6
09:40:21.938 [FXGL Background Thread 3 ] DEBUG Engine               - secondsIn24h: 60
09:40:21.938 [FXGL Background Thread 3 ] DEBUG Engine               - soundMenuBack: menu/back.wav
09:40:21.938 [FXGL Background Thread 3 ] DEBUG Engine               - soundMenuPress: menu/press.wav
09:40:21.938 [FXGL Background Thread 3 ] DEBUG Engine               - soundMenuSelect: menu/select.wav
09:40:21.938 [FXGL Background Thread 3 ] DEBUG Engine               - soundNotification: core/notification.wav
09:40:21.938 [FXGL Background Thread 3 ] DEBUG Engine               - stageStyle: DECORATED
09:40:21.938 [FXGL Background Thread 3 ] DEBUG Engine               - supportedLanguages: [ENGLISH, FRENCH, GERMAN, HUNGARIAN, RUSSIAN]
09:40:21.938 [FXGL Background Thread 3 ] DEBUG Engine               - ticksPerSecond: -1
09:40:21.938 [FXGL Background Thread 3 ] DEBUG Engine               - title: Bomberman
09:40:21.938 [FXGL Background Thread 3 ] DEBUG Engine               - urlGithub: https://github.com/AlmasB/FXGL
09:40:21.938 [FXGL Background Thread 3 ] DEBUG Engine               - urlLeaderboard: http://fxgl-top.herokuapp.com/
09:40:21.938 [FXGL Background Thread 3 ] DEBUG Engine               - urlPOM: https://raw.githubusercontent.com/AlmasB/FXGL/release/README.md
09:40:21.939 [FXGL Background Thread 3 ] DEBUG Engine               - userAppClass: class hellofx.Main
09:40:21.939 [FXGL Background Thread 3 ] DEBUG Engine               - version: 1.0
09:40:21.939 [FXGL Background Thread 3 ] DEBUG Engine               - versionCheckDays: 7
09:40:21.939 [FXGL Background Thread 3 ] DEBUG Engine               - width: 1280
09:40:21.939 [FXGL Background Thread 3 ] DEBUG Engine               - Logging services
09:40:21.939 [FXGL Background Thread 3 ] DEBUG Engine               - class com.almasb.fxgl.app.services.FXGLAssetLoaderService
09:40:21.939 [FXGL Background Thread 3 ] DEBUG Engine               - class com.almasb.fxgl.app.FXGLApplication$GameApplicationService
09:40:21.939 [FXGL Background Thread 3 ] DEBUG Engine               - class com.almasb.fxgl.app.services.FXGLDialogService
09:40:21.939 [FXGL Background Thread 3 ] DEBUG Engine               - class com.almasb.fxgl.app.services.IOTaskExecutorService
09:40:21.939 [FXGL Background Thread 3 ] DEBUG Engine               - class com.almasb.fxgl.io.FileSystemService
09:40:21.939 [FXGL Background Thread 3 ] DEBUG Engine               - class com.almasb.fxgl.localization.LocalizationService
09:40:21.939 [FXGL Background Thread 3 ] DEBUG Engine               - class com.almasb.fxgl.app.services.SystemBundleService
09:40:21.939 [FXGL Background Thread 3 ] DEBUG Engine               - class com.almasb.fxgl.profile.SaveLoadService
09:40:21.939 [FXGL Background Thread 3 ] DEBUG Engine               - class com.almasb.fxgl.ui.FXGLUIFactoryServiceProvider
09:40:21.939 [FXGL Background Thread 3 ] DEBUG Engine               - class com.almasb.fxgl.ui.FXGLDialogFactoryServiceProvider
09:40:21.940 [FXGL Background Thread 3 ] DEBUG Engine               - class com.almasb.fxgl.audio.AudioPlayer
09:40:21.940 [FXGL Background Thread 3 ] DEBUG Engine               - class com.almasb.fxgl.notification.impl.NotificationServiceProvider
09:40:21.940 [FXGL Background Thread 3 ] DEBUG Engine               - class com.almasb.fxgl.achievement.AchievementService
09:40:21.940 [FXGL Background Thread 3 ] DEBUG Engine               - class com.almasb.fxgl.cutscene.CutsceneService
09:40:21.940 [FXGL Background Thread 3 ] DEBUG Engine               - class com.almasb.fxgl.minigames.MiniGameService
09:40:21.940 [FXGL Background Thread 3 ] DEBUG Engine               - class com.almasb.fxgl.net.NetService
09:40:21.940 [FXGL Background Thread 3 ] DEBUG Engine               - class com.almasb.fxgl.app.services.UpdaterService
09:40:21.940 [FXGL Background Thread 3 ] DEBUG Engine               - class com.almasb.fxgl.dev.DevService
09:40:22.139 [JavaFX Application Thread] DEBUG FXGLAssetLoaderServi - Loading from file system: file:/E:/space_java/Game/game_datbom/target/classes/assets/textures/character%5cbomb.png
09:40:22.146 [JavaFX Application Thread] DEBUG FXGLAssetLoaderServi - Loading from file system: file:/E:/space_java/Game/game_datbom/target/classes/assets/textures/flame%5cleft_flame.png
09:40:22.147 [JavaFX Application Thread] DEBUG FXGLAssetLoaderServi - Loading from file system: file:/E:/space_java/Game/game_datbom/target/classes/assets/textures/flame%5cup_flame.png
09:40:22.148 [JavaFX Application Thread] DEBUG FXGLAssetLoaderServi - Loading from file system: file:/E:/space_java/Game/game_datbom/target/classes/assets/textures/flame%5ccentral_flame.png
09:40:29.675 [JavaFX Application Thread] DEBUG FXGLApplication      - Exiting FXGL
09:40:29.676 [JavaFX Application Thread] DEBUG LoopRunner           - Stopping loop
09:40:29.676 [JavaFX Application Thread] DEBUG SystemBundleService  - Saving FXGL system data
09:40:29.678 [JavaFX Application Thread] DEBUG FileSystemAccess     - Writing to: E:\space_java\Game\game_datbom\system\fxgl.bundle
09:40:29.680 [JavaFX Application Thread] DEBUG Async                - Shutting down background threads
09:40:29.681 [JavaFX Application Thread] DEBUG PrimaryStageWindow   - Closing main window
09:40:29.689 [JavaFX Application Thread] DEBUG Logger               - Closing Logger
