09:44:24.431 [main                     ] DEBUG Logger               - Configured Logger
09:44:24.445 [main                     ] DEBUG GameApplication      - Logging settings
Title: Bomberman
Version: 1.0
Width: 1280
Height: 720
Fullscreen: false
Intro: false
Profiling: false
Single step:false
App Mode: DEVELOPER
Menu Key: ESCAPE
Stage Style: DECORATED
Scene Factory: class hellofx.Main$1

09:44:24.531 [JavaFX Application Thread] DEBUG FXGLApplication      - Initializing FXGL
09:44:24.536 [JavaFX Application Thread] INFO  Engine               - FXGL-17.1 (24.03.2022 17.34) on WINDOWS (J:18.0.2.1 FX:18)
09:44:24.536 [JavaFX Application Thread] DEBUG Engine               - JRE Vendor Name: Oracle Corporation
09:44:24.536 [JavaFX Application Thread] DEBUG Engine               - Running on OS: Windows 11 version 10.0
09:44:24.536 [JavaFX Application Thread] DEBUG Engine               - Architecture: amd64
09:44:24.537 [JavaFX Application Thread] INFO  Engine               - Source code and latest versions at: https://github.com/AlmasB/FXGL
09:44:24.537 [JavaFX Application Thread] INFO  Engine               -       Ask questions and discuss at: https://github.com/AlmasB/FXGL/discussions
09:44:24.537 [JavaFX Application Thread] INFO  Engine               -              Join the FXGL chat at: https://gitter.im/AlmasB/FXGL
09:44:24.576 [JavaFX Application Thread] DEBUG PrimaryStageWindow   - Creating a JavaFX scene
09:44:24.611 [JavaFX Application Thread] DEBUG PrimaryStageWindow   - Target settings size: 1280.0 x 720.0
09:44:24.611 [JavaFX Application Thread] DEBUG PrimaryStageWindow   - Scaled scene size:    1280.0 x 720.0
09:44:24.612 [JavaFX Application Thread] DEBUG PrimaryStageWindow   - Scaled ratio: (1.0, 1.0)
09:44:24.612 [JavaFX Application Thread] DEBUG PrimaryStageWindow   - Set initial scene to FXGLStartupScene
09:44:24.618 [JavaFX Application Thread] DEBUG PrimaryStageWindow   - Opening main window
09:44:24.683 [JavaFX Application Thread] DEBUG PrimaryStageWindow   - Window border size: (16.0, 39.0)
09:44:24.683 [JavaFX Application Thread] DEBUG PrimaryStageWindow   - Scaled size: 1280.0 x 720.0
09:44:24.683 [JavaFX Application Thread] DEBUG PrimaryStageWindow   - Scaled ratio: (1.0, 1.0)
09:44:24.683 [JavaFX Application Thread] DEBUG PrimaryStageWindow   - Scene size: 1280.0 x 720.0
09:44:24.683 [JavaFX Application Thread] DEBUG PrimaryStageWindow   - Stage size: 1296.0 x 759.0
09:44:24.690 [FXGL Background Thread 1 ] DEBUG Engine               - Initializing environment variables
09:44:24.751 [FXGL Background Thread 1 ] DEBUG FXGLAssetLoaderServi - User app class for loading assets: class hellofx.Main
09:44:24.751 [FXGL Background Thread 1 ] DEBUG GameApplicationServi - Applying CSS: fxgl_dark.css
09:44:24.752 [FXGL Background Thread 1 ] DEBUG FXGLAssetLoaderServi - Loading from file system: jar:file:/C:/Users/chaum/.m2/repository/com/github/almasb/fxgl/17.1/fxgl-17.1.jar!/fxglassets/ui/css/fxgl_dark.css
09:44:24.785 [FXGL Background Thread 1 ] DEBUG GameApplicationServi - Initializing application scenes
09:44:24.813 [FXGL Background Thread 1 ] DEBUG GameWorld            - Game world initialized
09:44:24.848 [FXGL Background Thread 1 ] DEBUG PhysicsWorld         - Physics world initialized: appHeight=720, physics.ppm=50.0
09:44:24.848 [FXGL Background Thread 1 ] DEBUG PhysicsWorld         - Using strategy: BRUTE_FORCE
09:44:24.851 [FXGL Background Thread 1 ] DEBUG GameScene            - Game scene initialized: 1280x720
09:44:24.904 [FXGL Background Thread 1 ] DEBUG GameApplicationServi - Application scenes initialized
09:44:24.912 [FXGL Background Thread 1 ] DEBUG SystemBundleService  - Loading FXGL system data
09:44:24.916 [FXGL Background Thread 1 ] DEBUG FileSystemAccess     - Reading from: E:\space_java\Game\game_datbom\system\fxgl.bundle
09:44:24.921 [FXGL Background Thread 1 ] DEBUG SystemBundleService  - Bundle FXGL: {}
09:44:24.921 [FXGL Background Thread 1 ] DEBUG UpdaterService       - Checking for updates
09:44:24.946 [FXGL Background Thread 4 ] DEBUG FXGLApplication      - Loading fonts
09:44:24.947 [FXGL Background Thread 1 ] DEBUG FXGLApplication      - Loading default localization
09:44:24.947 [FXGL Background Thread 4 ] DEBUG FXGLAssetLoaderServi - Loading from file system: jar:file:/C:/Users/chaum/.m2/repository/com/github/almasb/fxgl/17.1/fxgl-17.1.jar!/fxglassets/ui/fonts/VarelaRound-Regular.ttf
09:44:24.947 [FXGL Background Thread 1 ] DEBUG FXGLAssetLoaderServi - Loading from file system: jar:file:/C:/Users/chaum/.m2/repository/com/github/almasb/fxgl/17.1/fxgl-17.1.jar!/fxglassets/languages/english.lang
09:44:24.961 [FXGL Background Thread 1 ] INFO  FXGLApplication      - FXGL initialization took: 0.271 sec
09:44:24.973 [JavaFX Application Thread] DEBUG Input                - Registered new binding: action0 - F
09:44:24.974 [JavaFX Application Thread] DEBUG Input                - Registered new binding: Right - D
09:44:24.974 [JavaFX Application Thread] DEBUG Input                - Registered new binding: Left - A
09:44:24.975 [JavaFX Application Thread] DEBUG Input                - Registered new binding: Up - W
09:44:24.975 [JavaFX Application Thread] DEBUG Input                - Registered new binding: Down - S
09:44:24.975 [JavaFX Application Thread] DEBUG Input                - Registered new binding: Place boom - Space
09:44:24.975 [JavaFX Application Thread] DEBUG FXGLAssetLoaderServi - Loading from file system: file:/E:/space_java/Game/game_datbom/target/classes/assets/textures/icon/icon.png
09:44:25.033 [JavaFX Application Thread] DEBUG FXGLAssetLoaderServi - Loading from file system: file:/E:/space_java/Game/game_datbom/target/classes/assets/textures/cursor/cursor1.png
09:44:25.037 [FXGL Background Thread 4 ] DEBUG FXGLAssetLoaderServi - Loading from file system: jar:file:/C:/Users/chaum/.m2/repository/com/github/almasb/fxgl/17.1/fxgl-17.1.jar!/fxglassets/ui/fonts/Abel-Regular.ttf
09:44:25.044 [JavaFX Application Thread] DEBUG Input                - Registered new binding: Screenshot - CTRL+8
09:44:25.044 [JavaFX Application Thread] DEBUG Input                - Registered new binding: Dev Options - 1
09:44:25.044 [JavaFX Application Thread] DEBUG Input                - Registered new binding: Dev Console - 2
09:44:25.046 [JavaFX Application Thread] DEBUG Input                - Registered new binding: System info dump - CTRL+9
09:44:25.046 [JavaFX Application Thread] DEBUG Input                - Registered new binding: Restart - CTRL+R
09:44:25.047 [JavaFX Application Thread] DEBUG Input                - Registered new binding: Toggle Debug Camera - CTRL+7
09:44:25.049 [FXGL Background Thread 4 ] DEBUG FXGLAssetLoaderServi - Loading from file system: jar:file:/C:/Users/chaum/.m2/repository/com/github/almasb/fxgl/17.1/fxgl-17.1.jar!/fxglassets/ui/fonts/TerminalLandMono-Regular.otf
09:44:25.050 [JavaFX Application Thread] DEBUG LoopRunner           - Starting loop
09:44:25.070 [FXGL Background Thread 4 ] DEBUG FXGLAssetLoaderServi - Loading from file system: jar:file:/C:/Users/chaum/.m2/repository/com/github/almasb/fxgl/17.1/fxgl-17.1.jar!/fxglassets/ui/fonts/Courier-Prime.ttf
09:44:25.075 [JavaFX Application Thread] DEBUG LoopRunner           - Initializing JavaFX AnimationTimerLoop
09:44:25.077 [JavaFX Application Thread] DEBUG Input                - Clearing active input actions
09:44:25.084 [JavaFX Application Thread] DEBUG GameApplicationServi - Removing overlay from FXGLStartupScene and adding to FXGLMainMenuDummyScene
09:44:25.088 [JavaFX Application Thread] DEBUG PrimaryStageWindow   - FXGLStartupScene -> FXGLMainMenuDummyScene
09:44:25.089 [JavaFX Application Thread] DEBUG PrimaryStageWindow   - Push state: MainMenu
09:44:25.089 [JavaFX Application Thread] DEBUG Input                - Clearing active input actions
09:44:25.094 [JavaFX Application Thread] DEBUG GameApplicationServi - Removing overlay from FXGLMainMenuDummyScene and adding to MainMenu
09:44:25.095 [JavaFX Application Thread] DEBUG PrimaryStageWindow   - FXGLMainMenuDummyScene -> MainMenu
09:44:25.231 [JavaFX Application Thread] DEBUG FXGLApplication      - Registering font factories with UI factory
09:44:25.361 [FXGL Background Thread 2 ] WARN  UpdaterService       - Failed to find updates: javax.net.ssl.SSLHandshakeException: No subject alternative DNS name matching raw.githubusercontent.com found.
09:44:26.845 [JavaFX Application Thread] DEBUG Menu                 - fireNewGame()
09:44:26.846 [JavaFX Application Thread] DEBUG GameApplicationServi - Starting new game
09:44:26.846 [JavaFX Application Thread] DEBUG PrimaryStageWindow   - Pop state: MainMenu
09:44:26.846 [JavaFX Application Thread] DEBUG Input                - Clearing active input actions
09:44:26.848 [JavaFX Application Thread] DEBUG GameApplicationServi - Removing overlay from MainMenu and adding to FXGLMainMenuDummyScene
09:44:26.849 [JavaFX Application Thread] DEBUG PrimaryStageWindow   - FXGLMainMenuDummyScene <- MainMenu
09:44:26.849 [JavaFX Application Thread] DEBUG Input                - Clearing active input actions
09:44:26.853 [JavaFX Application Thread] DEBUG GameApplicationServi - Removing overlay from FXGLMainMenuDummyScene and adding to FXGLLoadingScene
09:44:26.853 [JavaFX Application Thread] DEBUG PrimaryStageWindow   - FXGLMainMenuDummyScene -> FXGLLoadingScene
09:44:26.853 [JavaFX Application Thread] DEBUG GameApplicationServi - Clearing previous game
09:44:26.854 [JavaFX Application Thread] DEBUG GameScene            - Clearing game scene
09:44:26.854 [JavaFX Application Thread] DEBUG GameWorld            - Clearing game world
09:44:26.854 [JavaFX Application Thread] DEBUG PhysicsWorld         - Clearing physics world
09:44:26.858 [FXGL Background Thread 2 ] DEBUG FXGLApplication      - Initializing game
09:44:26.890 [FXGL Background Thread 2 ] DEBUG FXGLAssetLoaderServi - Loading from file system: file:/E:/space_java/Game/game_datbom/target/classes/assets/textures/mapTexture/wall.png
09:44:26.933 [FXGL Background Thread 2 ] DEBUG FXGLAssetLoaderServi - Loading from file system: file:/E:/space_java/Game/game_datbom/target/classes/assets/textures/mapTexture/brick.png
09:44:26.985 [FXGL Background Thread 2 ] DEBUG FXGLAssetLoaderServi - Loading from file system: file:/E:/space_java/Game/game_datbom/target/classes/assets/textures/character/gold_player_up.png
09:44:26.989 [FXGL Background Thread 2 ] DEBUG FXGLAssetLoaderServi - Loading from file system: file:/E:/space_java/Game/game_datbom/target/classes/assets/textures/character/gold_player_down.png
09:44:26.992 [FXGL Background Thread 2 ] DEBUG FXGLAssetLoaderServi - Loading from file system: file:/E:/space_java/Game/game_datbom/target/classes/assets/textures/character/gold_player_left.png
09:44:26.995 [FXGL Background Thread 2 ] DEBUG FXGLAssetLoaderServi - Loading from file system: file:/E:/space_java/Game/game_datbom/target/classes/assets/textures/character/gold_player_right.png
09:44:27.005 [FXGL Background Thread 2 ] WARN  Entity               - Entity already has component: com.almasb.fxgl.entity.components.CollidableComponent
09:44:27.008 [FXGL Background Thread 2 ] INFO  FXGLApplication      - Game initialization took: 0.149 sec
09:44:27.011 [JavaFX Application Thread] DEBUG Input                - Clearing active input actions
09:44:27.017 [JavaFX Application Thread] DEBUG GameApplicationServi - Removing overlay from FXGLLoadingScene and adding to GameScene
09:44:27.020 [JavaFX Application Thread] DEBUG PrimaryStageWindow   - FXGLLoadingScene -> GameScene
09:44:27.946 [FXGL Background Thread 3 ] DEBUG Engine               - Logging environment variables
09:44:27.953 [FXGL Background Thread 3 ] DEBUG Engine               - achievements: []
09:44:27.955 [FXGL Background Thread 3 ] DEBUG Engine               - actualHeight: 720.0
09:44:27.957 [FXGL Background Thread 3 ] DEBUG Engine               - actualHeightProperty: ReadOnlyDoubleProperty [value: 720.0]
09:44:27.959 [FXGL Background Thread 3 ] DEBUG Engine               - actualWidth: 1280.0
09:44:27.960 [FXGL Background Thread 3 ] DEBUG Engine               - actualWidthProperty: ReadOnlyDoubleProperty [value: 1280.0]
09:44:27.962 [FXGL Background Thread 3 ] DEBUG Engine               - appIcon: icon/icon.png
09:44:27.963 [FXGL Background Thread 3 ] DEBUG Engine               - applicationMode: DEVELOPER
09:44:27.965 [FXGL Background Thread 3 ] DEBUG Engine               - cSSList: [fxgl_dark.css]
09:44:27.965 [FXGL Background Thread 3 ] DEBUG Engine               - collisionDetectionStrategy: BRUTE_FORCE
09:44:27.965 [FXGL Background Thread 3 ] DEBUG Engine               - configClass: Optional.empty
09:44:27.966 [FXGL Background Thread 3 ] DEBUG Engine               - credits: []
09:44:27.968 [FXGL Background Thread 3 ] DEBUG Engine               - defaultCursor: CursorInfo(imageName=cursor/cursor1.png, hotspotX=0.0, hotspotY=0.0)
09:44:27.968 [FXGL Background Thread 3 ] DEBUG Engine               - devBBoxColorProperty: ObjectProperty [value: 0xff0000ff]
09:44:27.968 [FXGL Background Thread 3 ] DEBUG Engine               - devEnableDebugCameraProperty: BooleanProperty [value: false]
09:44:27.968 [FXGL Background Thread 3 ] DEBUG Engine               - devSensorColorProperty: ObjectProperty [value: 0xffff00ff]
09:44:27.968 [FXGL Background Thread 3 ] DEBUG Engine               - devShowBBoxProperty: BooleanProperty [value: false]
09:44:27.968 [FXGL Background Thread 3 ] DEBUG Engine               - devShowPositionProperty: BooleanProperty [value: false]
09:44:27.968 [FXGL Background Thread 3 ] DEBUG Engine               - enabledMenuItems: []
09:44:27.968 [FXGL Background Thread 3 ] DEBUG Engine               - engineServices: [class com.almasb.fxgl.app.services.FXGLAssetLoaderService, class com.almasb.fxgl.app.FXGLApplication$GameApplicationService, class com.almasb.fxgl.app.services.FXGLDialogService, class com.almasb.fxgl.app.services.IOTaskExecutorService, class com.almasb.fxgl.io.FileSystemService, class com.almasb.fxgl.localization.LocalizationService, class com.almasb.fxgl.app.services.SystemBundleService, class com.almasb.fxgl.profile.SaveLoadService, class com.almasb.fxgl.ui.FXGLUIFactoryServiceProvider, class com.almasb.fxgl.ui.FXGLDialogFactoryServiceProvider, class com.almasb.fxgl.audio.AudioPlayer, class com.almasb.fxgl.notification.impl.NotificationServiceProvider, class com.almasb.fxgl.achievement.AchievementService, class com.almasb.fxgl.cutscene.CutsceneService, class com.almasb.fxgl.minigames.MiniGameService, class com.almasb.fxgl.net.NetService, class com.almasb.fxgl.app.services.UpdaterService, class com.almasb.fxgl.dev.DevService]
09:44:27.968 [FXGL Background Thread 3 ] DEBUG Engine               - fontGame: Abel-Regular.ttf
09:44:27.969 [FXGL Background Thread 3 ] DEBUG Engine               - fontMono: TerminalLandMono-Regular.otf
09:44:27.969 [FXGL Background Thread 3 ] DEBUG Engine               - fontText: Courier-Prime.ttf
09:44:27.969 [FXGL Background Thread 3 ] DEBUG Engine               - fontUI: VarelaRound-Regular.ttf
09:44:27.969 [FXGL Background Thread 3 ] DEBUG Engine               - fullScreen: BooleanProperty [value: false]
09:44:27.969 [FXGL Background Thread 3 ] DEBUG Engine               - gameDifficulty: MEDIUM
09:44:27.969 [FXGL Background Thread 3 ] DEBUG Engine               - gameDifficultyProperty: ObjectProperty [value: MEDIUM]
09:44:27.969 [FXGL Background Thread 3 ] DEBUG Engine               - globalMusicVolume: 0.5
09:44:27.969 [FXGL Background Thread 3 ] DEBUG Engine               - globalMusicVolumeProperty: DoubleProperty [value: 0.5]
09:44:27.969 [FXGL Background Thread 3 ] DEBUG Engine               - globalSoundVolume: 0.5
09:44:27.969 [FXGL Background Thread 3 ] DEBUG Engine               - globalSoundVolumeProperty: DoubleProperty [value: 0.5]
09:44:27.969 [FXGL Background Thread 3 ] DEBUG Engine               - height: 720
09:44:27.969 [FXGL Background Thread 3 ] DEBUG Engine               - is3D: false
09:44:27.970 [FXGL Background Thread 3 ] DEBUG Engine               - isAndroid: false
09:44:27.970 [FXGL Background Thread 3 ] DEBUG Engine               - isBrowser: false
09:44:27.970 [FXGL Background Thread 3 ] DEBUG Engine               - isClickFeedbackEnabled: false
09:44:27.970 [FXGL Background Thread 3 ] DEBUG Engine               - isCloseConfirmation: false
09:44:27.970 [FXGL Background Thread 3 ] DEBUG Engine               - isDesktop: true
09:44:27.970 [FXGL Background Thread 3 ] DEBUG Engine               - isDeveloperMenuEnabled: true
09:44:27.970 [FXGL Background Thread 3 ] DEBUG Engine               - isEmbedded: false
09:44:27.970 [FXGL Background Thread 3 ] DEBUG Engine               - isEntityPreloadEnabled: true
09:44:27.970 [FXGL Background Thread 3 ] DEBUG Engine               - isExperimentalTiledLargeMap: false
09:44:27.970 [FXGL Background Thread 3 ] DEBUG Engine               - isFileSystemWriteAllowed: true
09:44:27.970 [FXGL Background Thread 3 ] DEBUG Engine               - isFullScreenAllowed: false
09:44:27.970 [FXGL Background Thread 3 ] DEBUG Engine               - isFullScreenFromStart: false
09:44:27.970 [FXGL Background Thread 3 ] DEBUG Engine               - isGameMenuEnabled: true
09:44:27.970 [FXGL Background Thread 3 ] DEBUG Engine               - isIOS: false
09:44:27.971 [FXGL Background Thread 3 ] DEBUG Engine               - isIntroEnabled: false
09:44:27.971 [FXGL Background Thread 3 ] DEBUG Engine               - isLinux: false
09:44:27.971 [FXGL Background Thread 3 ] DEBUG Engine               - isMac: false
09:44:27.971 [FXGL Background Thread 3 ] DEBUG Engine               - isMainMenuEnabled: true
09:44:27.971 [FXGL Background Thread 3 ] DEBUG Engine               - isManualResizeEnabled: false
09:44:27.971 [FXGL Background Thread 3 ] DEBUG Engine               - isMobile: false
09:44:27.971 [FXGL Background Thread 3 ] DEBUG Engine               - isNative: false
09:44:27.971 [FXGL Background Thread 3 ] DEBUG Engine               - isPauseMusicWhenMinimized: true
09:44:27.971 [FXGL Background Thread 3 ] DEBUG Engine               - isPreserveResizeRatio: false
09:44:27.971 [FXGL Background Thread 3 ] DEBUG Engine               - isProfilingEnabled: false
09:44:27.971 [FXGL Background Thread 3 ] DEBUG Engine               - isScaleAffectedOnResize: true
09:44:27.971 [FXGL Background Thread 3 ] DEBUG Engine               - isSingleStep: false
09:44:27.971 [FXGL Background Thread 3 ] DEBUG Engine               - isUserProfileEnabled: false
09:44:27.971 [FXGL Background Thread 3 ] DEBUG Engine               - isWindows: true
09:44:27.972 [FXGL Background Thread 3 ] DEBUG Engine               - language: ObjectProperty [value: ENGLISH]
09:44:27.972 [FXGL Background Thread 3 ] DEBUG Engine               - menuKey: ESCAPE
09:44:27.972 [FXGL Background Thread 3 ] DEBUG Engine               - mouseSensitivity: 0.2
09:44:27.972 [FXGL Background Thread 3 ] DEBUG Engine               - notificationViewClass: class com.almasb.fxgl.notification.view.XboxNotificationView
09:44:27.972 [FXGL Background Thread 3 ] DEBUG Engine               - pixelsPerMeter: 50.0
09:44:27.972 [FXGL Background Thread 3 ] DEBUG Engine               - platform: WINDOWS
09:44:27.972 [FXGL Background Thread 3 ] DEBUG Engine               - prefHeightProperty: ReadOnlyDoubleProperty [value: 720.0]
09:44:27.972 [FXGL Background Thread 3 ] DEBUG Engine               - prefWidthProperty: ReadOnlyDoubleProperty [value: 1280.0]
09:44:27.972 [FXGL Background Thread 3 ] DEBUG Engine               - profileDir: profiles/
09:44:27.972 [FXGL Background Thread 3 ] DEBUG Engine               - profileName: StringProperty [value: DEFAULT]
09:44:27.972 [FXGL Background Thread 3 ] DEBUG Engine               - randomSeed: -1
09:44:27.973 [FXGL Background Thread 3 ] DEBUG Engine               - runtimeInfo: RuntimeInfo(platform=WINDOWS, version=17.1, build=24.03.2022 17.34)
09:44:27.973 [FXGL Background Thread 3 ] DEBUG Engine               - saveFileExt: sav
09:44:27.973 [FXGL Background Thread 3 ] DEBUG Engine               - scaledHeightProp$fxgl: DoubleProperty [bound, value: 720.0]
09:44:27.973 [FXGL Background Thread 3 ] DEBUG Engine               - scaledWidthProp$fxgl: DoubleProperty [bound, value: 1280.0]
09:44:27.973 [FXGL Background Thread 3 ] DEBUG Engine               - sceneFactory: hellofx.Main$1@77620426
09:44:27.973 [FXGL Background Thread 3 ] DEBUG Engine               - secondsIn24h: 60
09:44:27.973 [FXGL Background Thread 3 ] DEBUG Engine               - soundMenuBack: menu/back.wav
09:44:27.973 [FXGL Background Thread 3 ] DEBUG Engine               - soundMenuPress: menu/press.wav
09:44:27.973 [FXGL Background Thread 3 ] DEBUG Engine               - soundMenuSelect: menu/select.wav
09:44:27.973 [FXGL Background Thread 3 ] DEBUG Engine               - soundNotification: core/notification.wav
09:44:27.973 [FXGL Background Thread 3 ] DEBUG Engine               - stageStyle: DECORATED
09:44:27.973 [FXGL Background Thread 3 ] DEBUG Engine               - supportedLanguages: [ENGLISH, FRENCH, GERMAN, HUNGARIAN, RUSSIAN]
09:44:27.973 [FXGL Background Thread 3 ] DEBUG Engine               - ticksPerSecond: -1
09:44:27.973 [FXGL Background Thread 3 ] DEBUG Engine               - title: Bomberman
09:44:27.973 [FXGL Background Thread 3 ] DEBUG Engine               - urlGithub: https://github.com/AlmasB/FXGL
09:44:27.973 [FXGL Background Thread 3 ] DEBUG Engine               - urlLeaderboard: http://fxgl-top.herokuapp.com/
09:44:27.973 [FXGL Background Thread 3 ] DEBUG Engine               - urlPOM: https://raw.githubusercontent.com/AlmasB/FXGL/release/README.md
09:44:27.973 [FXGL Background Thread 3 ] DEBUG Engine               - userAppClass: class hellofx.Main
09:44:27.974 [FXGL Background Thread 3 ] DEBUG Engine               - version: 1.0
09:44:27.974 [FXGL Background Thread 3 ] DEBUG Engine               - versionCheckDays: 7
09:44:27.974 [FXGL Background Thread 3 ] DEBUG Engine               - width: 1280
09:44:27.974 [FXGL Background Thread 3 ] DEBUG Engine               - Logging services
09:44:27.974 [FXGL Background Thread 3 ] DEBUG Engine               - class com.almasb.fxgl.app.services.FXGLAssetLoaderService
09:44:27.974 [FXGL Background Thread 3 ] DEBUG Engine               - class com.almasb.fxgl.app.FXGLApplication$GameApplicationService
09:44:27.974 [FXGL Background Thread 3 ] DEBUG Engine               - class com.almasb.fxgl.app.services.FXGLDialogService
09:44:27.974 [FXGL Background Thread 3 ] DEBUG Engine               - class com.almasb.fxgl.app.services.IOTaskExecutorService
09:44:27.974 [FXGL Background Thread 3 ] DEBUG Engine               - class com.almasb.fxgl.io.FileSystemService
09:44:27.974 [FXGL Background Thread 3 ] DEBUG Engine               - class com.almasb.fxgl.localization.LocalizationService
09:44:27.974 [FXGL Background Thread 3 ] DEBUG Engine               - class com.almasb.fxgl.app.services.SystemBundleService
09:44:27.974 [FXGL Background Thread 3 ] DEBUG Engine               - class com.almasb.fxgl.profile.SaveLoadService
09:44:27.974 [FXGL Background Thread 3 ] DEBUG Engine               - class com.almasb.fxgl.ui.FXGLUIFactoryServiceProvider
09:44:27.974 [FXGL Background Thread 3 ] DEBUG Engine               - class com.almasb.fxgl.ui.FXGLDialogFactoryServiceProvider
09:44:27.974 [FXGL Background Thread 3 ] DEBUG Engine               - class com.almasb.fxgl.audio.AudioPlayer
09:44:27.974 [FXGL Background Thread 3 ] DEBUG Engine               - class com.almasb.fxgl.notification.impl.NotificationServiceProvider
09:44:27.974 [FXGL Background Thread 3 ] DEBUG Engine               - class com.almasb.fxgl.achievement.AchievementService
09:44:27.974 [FXGL Background Thread 3 ] DEBUG Engine               - class com.almasb.fxgl.cutscene.CutsceneService
09:44:27.974 [FXGL Background Thread 3 ] DEBUG Engine               - class com.almasb.fxgl.minigames.MiniGameService
09:44:27.975 [FXGL Background Thread 3 ] DEBUG Engine               - class com.almasb.fxgl.net.NetService
09:44:27.975 [FXGL Background Thread 3 ] DEBUG Engine               - class com.almasb.fxgl.app.services.UpdaterService
09:44:27.975 [FXGL Background Thread 3 ] DEBUG Engine               - class com.almasb.fxgl.dev.DevService
09:44:44.683 [JavaFX Application Thread] DEBUG FXGLAssetLoaderServi - Loading from file system: file:/E:/space_java/Game/game_datbom/target/classes/assets/textures/character%5cbomb.png
09:44:44.688 [JavaFX Application Thread] DEBUG FXGLAssetLoaderServi - Loading from file system: file:/E:/space_java/Game/game_datbom/target/classes/assets/textures/flame%5cleft_flame.png
09:44:44.691 [JavaFX Application Thread] DEBUG FXGLAssetLoaderServi - Loading from file system: file:/E:/space_java/Game/game_datbom/target/classes/assets/textures/flame%5cup_flame.png
09:44:44.693 [JavaFX Application Thread] DEBUG FXGLAssetLoaderServi - Loading from file system: file:/E:/space_java/Game/game_datbom/target/classes/assets/textures/flame%5ccentral_flame.png
09:46:12.164 [JavaFX Application Thread] DEBUG FXGLApplication      - Exiting FXGL
09:46:12.164 [JavaFX Application Thread] DEBUG LoopRunner           - Stopping loop
09:46:12.164 [JavaFX Application Thread] DEBUG SystemBundleService  - Saving FXGL system data
09:46:12.168 [JavaFX Application Thread] DEBUG FileSystemAccess     - Writing to: E:\space_java\Game\game_datbom\system\fxgl.bundle
09:46:12.174 [JavaFX Application Thread] DEBUG Async                - Shutting down background threads
09:46:12.175 [JavaFX Application Thread] DEBUG PrimaryStageWindow   - Closing main window
09:46:12.202 [JavaFX Application Thread] DEBUG Logger               - Closing Logger
