00:33:50.656 [main                     ] DEBUG Logger               - Configured Logger
00:33:50.675 [main                     ] DEBUG GameApplication      - Logging settings
Title: Bomberman
Version: 1.0
Width: 1280
Height: 720
Fullscreen: false
Intro: false
Profiling: false
Single step:false
App Mode: DEVELOPER
Menu Key: ESCAPE
Stage Style: DECORATED
Scene Factory: class hellofx.Main$1

00:33:50.795 [JavaFX Application Thread] DEBUG FXGLApplication      - Initializing FXGL
00:33:50.801 [JavaFX Application Thread] INFO  Engine               - FXGL-17.1 (24.03.2022 17.34) on WINDOWS (J:18.0.2.1 FX:18)
00:33:50.801 [JavaFX Application Thread] DEBUG Engine               - JRE Vendor Name: Oracle Corporation
00:33:50.801 [JavaFX Application Thread] DEBUG Engine               - Running on OS: Windows 11 version 10.0
00:33:50.801 [JavaFX Application Thread] DEBUG Engine               - Architecture: amd64
00:33:50.801 [JavaFX Application Thread] INFO  Engine               - Source code and latest versions at: https://github.com/AlmasB/FXGL
00:33:50.801 [JavaFX Application Thread] INFO  Engine               -       Ask questions and discuss at: https://github.com/AlmasB/FXGL/discussions
00:33:50.801 [JavaFX Application Thread] INFO  Engine               -              Join the FXGL chat at: https://gitter.im/AlmasB/FXGL
00:33:50.854 [JavaFX Application Thread] DEBUG PrimaryStageWindow   - Creating a JavaFX scene
00:33:50.888 [JavaFX Application Thread] DEBUG PrimaryStageWindow   - Target settings size: 1280.0 x 720.0
00:33:50.888 [JavaFX Application Thread] DEBUG PrimaryStageWindow   - Scaled scene size:    1280.0 x 720.0
00:33:50.888 [JavaFX Application Thread] DEBUG PrimaryStageWindow   - Scaled ratio: (1.0, 1.0)
00:33:50.890 [JavaFX Application Thread] DEBUG PrimaryStageWindow   - Set initial scene to FXGLStartupScene
00:33:50.898 [JavaFX Application Thread] DEBUG PrimaryStageWindow   - Opening main window
00:33:50.965 [JavaFX Application Thread] DEBUG PrimaryStageWindow   - Window border size: (16.0, 39.0)
00:33:50.965 [JavaFX Application Thread] DEBUG PrimaryStageWindow   - Scaled size: 1280.0 x 720.0
00:33:50.965 [JavaFX Application Thread] DEBUG PrimaryStageWindow   - Scaled ratio: (1.0, 1.0)
00:33:50.966 [JavaFX Application Thread] DEBUG PrimaryStageWindow   - Scene size: 1280.0 x 720.0
00:33:50.967 [JavaFX Application Thread] DEBUG PrimaryStageWindow   - Stage size: 1296.0 x 759.0
00:33:50.978 [FXGL Background Thread 1 ] DEBUG Engine               - Initializing environment variables
00:33:51.035 [FXGL Background Thread 1 ] DEBUG FXGLAssetLoaderServi - User app class for loading assets: class hellofx.Main
00:33:51.035 [FXGL Background Thread 1 ] DEBUG GameApplicationServi - Applying CSS: fxgl_dark.css
00:33:51.036 [FXGL Background Thread 1 ] DEBUG FXGLAssetLoaderServi - Loading from file system: jar:file:/C:/Users/chaum/.m2/repository/com/github/almasb/fxgl/17.1/fxgl-17.1.jar!/fxglassets/ui/css/fxgl_dark.css
00:33:51.069 [FXGL Background Thread 1 ] DEBUG GameApplicationServi - Initializing application scenes
00:33:51.097 [FXGL Background Thread 1 ] DEBUG GameWorld            - Game world initialized
00:33:51.133 [FXGL Background Thread 1 ] DEBUG PhysicsWorld         - Physics world initialized: appHeight=720, physics.ppm=50.0
00:33:51.133 [FXGL Background Thread 1 ] DEBUG PhysicsWorld         - Using strategy: BRUTE_FORCE
00:33:51.136 [FXGL Background Thread 1 ] DEBUG GameScene            - Game scene initialized: 1280x720
00:33:51.188 [FXGL Background Thread 1 ] DEBUG GameApplicationServi - Application scenes initialized
00:33:51.197 [FXGL Background Thread 1 ] DEBUG SystemBundleService  - Loading FXGL system data
00:33:51.200 [FXGL Background Thread 1 ] DEBUG FileSystemAccess     - Reading from: E:\space_java\Game\game_datbom\system\fxgl.bundle
00:33:51.206 [FXGL Background Thread 1 ] DEBUG SystemBundleService  - Bundle FXGL: {}
00:33:51.206 [FXGL Background Thread 1 ] DEBUG UpdaterService       - Checking for updates
00:33:51.229 [FXGL Background Thread 4 ] DEBUG FXGLApplication      - Loading fonts
00:33:51.229 [FXGL Background Thread 4 ] DEBUG FXGLAssetLoaderServi - Loading from file system: jar:file:/C:/Users/chaum/.m2/repository/com/github/almasb/fxgl/17.1/fxgl-17.1.jar!/fxglassets/ui/fonts/VarelaRound-Regular.ttf
00:33:51.229 [FXGL Background Thread 1 ] DEBUG FXGLApplication      - Loading default localization
00:33:51.230 [FXGL Background Thread 1 ] DEBUG FXGLAssetLoaderServi - Loading from file system: jar:file:/C:/Users/chaum/.m2/repository/com/github/almasb/fxgl/17.1/fxgl-17.1.jar!/fxglassets/languages/english.lang
00:33:51.244 [FXGL Background Thread 1 ] INFO  FXGLApplication      - FXGL initialization took: 0.266 sec
00:33:51.258 [JavaFX Application Thread] DEBUG Input                - Registered new binding: action0 - F
00:33:51.259 [JavaFX Application Thread] DEBUG Input                - Registered new binding: action1 - G
00:33:51.259 [JavaFX Application Thread] DEBUG Input                - Registered new binding: action2 - R
00:33:51.260 [JavaFX Application Thread] DEBUG Input                - Registered new binding: action3 - T
00:33:51.260 [JavaFX Application Thread] DEBUG Input                - Registered new binding: Right - D
00:33:51.260 [JavaFX Application Thread] DEBUG Input                - Registered new binding: Left - A
00:33:51.260 [JavaFX Application Thread] DEBUG Input                - Registered new binding: Up - W
00:33:51.260 [JavaFX Application Thread] DEBUG Input                - Registered new binding: Down - S
00:33:51.260 [JavaFX Application Thread] DEBUG Input                - Registered new binding: Place boom - Space
00:33:51.261 [JavaFX Application Thread] DEBUG FXGLAssetLoaderServi - Loading from file system: file:/E:/space_java/Game/game_datbom/target/classes/assets/textures/icon/icon.png
00:33:51.304 [FXGL Background Thread 4 ] DEBUG FXGLAssetLoaderServi - Loading from file system: jar:file:/C:/Users/chaum/.m2/repository/com/github/almasb/fxgl/17.1/fxgl-17.1.jar!/fxglassets/ui/fonts/Abel-Regular.ttf
00:33:51.312 [FXGL Background Thread 4 ] DEBUG FXGLAssetLoaderServi - Loading from file system: jar:file:/C:/Users/chaum/.m2/repository/com/github/almasb/fxgl/17.1/fxgl-17.1.jar!/fxglassets/ui/fonts/TerminalLandMono-Regular.otf
00:33:51.317 [FXGL Background Thread 4 ] DEBUG FXGLAssetLoaderServi - Loading from file system: jar:file:/C:/Users/chaum/.m2/repository/com/github/almasb/fxgl/17.1/fxgl-17.1.jar!/fxglassets/ui/fonts/Courier-Prime.ttf
00:33:51.324 [JavaFX Application Thread] DEBUG FXGLAssetLoaderServi - Loading from file system: file:/E:/space_java/Game/game_datbom/target/classes/assets/textures/cursor/cursor1.png
00:33:51.335 [JavaFX Application Thread] DEBUG Input                - Registered new binding: Screenshot - CTRL+8
00:33:51.335 [JavaFX Application Thread] DEBUG Input                - Registered new binding: Dev Options - 1
00:33:51.336 [JavaFX Application Thread] DEBUG Input                - Registered new binding: Dev Console - 2
00:33:51.336 [JavaFX Application Thread] DEBUG Input                - Registered new binding: System info dump - CTRL+9
00:33:51.336 [JavaFX Application Thread] DEBUG Input                - Registered new binding: Restart - CTRL+R
00:33:51.337 [JavaFX Application Thread] DEBUG Input                - Registered new binding: Toggle Debug Camera - CTRL+7
00:33:51.340 [JavaFX Application Thread] DEBUG LoopRunner           - Starting loop
00:33:51.354 [JavaFX Application Thread] DEBUG LoopRunner           - Initializing JavaFX AnimationTimerLoop
00:33:51.357 [JavaFX Application Thread] DEBUG Input                - Clearing active input actions
00:33:51.363 [JavaFX Application Thread] DEBUG GameApplicationServi - Removing overlay from FXGLStartupScene and adding to FXGLMainMenuDummyScene
00:33:51.367 [JavaFX Application Thread] DEBUG PrimaryStageWindow   - FXGLStartupScene -> FXGLMainMenuDummyScene
00:33:51.367 [JavaFX Application Thread] DEBUG PrimaryStageWindow   - Push state: MainMenu
00:33:51.367 [JavaFX Application Thread] DEBUG Input                - Clearing active input actions
00:33:51.370 [JavaFX Application Thread] DEBUG GameApplicationServi - Removing overlay from FXGLMainMenuDummyScene and adding to MainMenu
00:33:51.371 [JavaFX Application Thread] DEBUG PrimaryStageWindow   - FXGLMainMenuDummyScene -> MainMenu
00:33:51.371 [JavaFX Application Thread] DEBUG FXGLApplication      - Registering font factories with UI factory
00:33:51.735 [FXGL Background Thread 2 ] INFO  UpdaterService       - Your current version:  17.1
00:33:51.736 [FXGL Background Thread 2 ] INFO  UpdaterService       - Latest stable version: 17.2
00:33:54.228 [FXGL Background Thread 3 ] DEBUG Engine               - Logging environment variables
00:33:54.229 [FXGL Background Thread 3 ] DEBUG Engine               - achievements: []
00:33:54.229 [FXGL Background Thread 3 ] DEBUG Engine               - actualHeight: 720.0
00:33:54.230 [FXGL Background Thread 3 ] DEBUG Engine               - actualHeightProperty: ReadOnlyDoubleProperty [value: 720.0]
00:33:54.230 [FXGL Background Thread 3 ] DEBUG Engine               - actualWidth: 1280.0
00:33:54.230 [FXGL Background Thread 3 ] DEBUG Engine               - actualWidthProperty: ReadOnlyDoubleProperty [value: 1280.0]
00:33:54.230 [FXGL Background Thread 3 ] DEBUG Engine               - appIcon: icon/icon.png
00:33:54.231 [FXGL Background Thread 3 ] DEBUG Engine               - applicationMode: DEVELOPER
00:33:54.231 [FXGL Background Thread 3 ] DEBUG Engine               - cSSList: [fxgl_dark.css]
00:33:54.231 [FXGL Background Thread 3 ] DEBUG Engine               - collisionDetectionStrategy: BRUTE_FORCE
00:33:54.231 [FXGL Background Thread 3 ] DEBUG Engine               - configClass: Optional.empty
00:33:54.231 [FXGL Background Thread 3 ] DEBUG Engine               - credits: []
00:33:54.233 [FXGL Background Thread 3 ] DEBUG Engine               - defaultCursor: CursorInfo(imageName=cursor/cursor1.png, hotspotX=0.0, hotspotY=0.0)
00:33:54.234 [FXGL Background Thread 3 ] DEBUG Engine               - devBBoxColorProperty: ObjectProperty [value: 0xff0000ff]
00:33:54.234 [FXGL Background Thread 3 ] DEBUG Engine               - devEnableDebugCameraProperty: BooleanProperty [value: false]
00:33:54.234 [FXGL Background Thread 3 ] DEBUG Engine               - devSensorColorProperty: ObjectProperty [value: 0xffff00ff]
00:33:54.234 [FXGL Background Thread 3 ] DEBUG Engine               - devShowBBoxProperty: BooleanProperty [value: false]
00:33:54.234 [FXGL Background Thread 3 ] DEBUG Engine               - devShowPositionProperty: BooleanProperty [value: false]
00:33:54.234 [FXGL Background Thread 3 ] DEBUG Engine               - enabledMenuItems: []
00:33:54.234 [FXGL Background Thread 3 ] DEBUG Engine               - engineServices: [class com.almasb.fxgl.app.services.FXGLAssetLoaderService, class com.almasb.fxgl.app.FXGLApplication$GameApplicationService, class com.almasb.fxgl.app.services.FXGLDialogService, class com.almasb.fxgl.app.services.IOTaskExecutorService, class com.almasb.fxgl.io.FileSystemService, class com.almasb.fxgl.localization.LocalizationService, class com.almasb.fxgl.app.services.SystemBundleService, class com.almasb.fxgl.profile.SaveLoadService, class com.almasb.fxgl.ui.FXGLUIFactoryServiceProvider, class com.almasb.fxgl.ui.FXGLDialogFactoryServiceProvider, class com.almasb.fxgl.audio.AudioPlayer, class com.almasb.fxgl.notification.impl.NotificationServiceProvider, class com.almasb.fxgl.achievement.AchievementService, class com.almasb.fxgl.cutscene.CutsceneService, class com.almasb.fxgl.minigames.MiniGameService, class com.almasb.fxgl.net.NetService, class com.almasb.fxgl.app.services.UpdaterService, class com.almasb.fxgl.dev.DevService]
00:33:54.234 [FXGL Background Thread 3 ] DEBUG Engine               - fontGame: Abel-Regular.ttf
00:33:54.234 [FXGL Background Thread 3 ] DEBUG Engine               - fontMono: TerminalLandMono-Regular.otf
00:33:54.234 [FXGL Background Thread 3 ] DEBUG Engine               - fontText: Courier-Prime.ttf
00:33:54.234 [FXGL Background Thread 3 ] DEBUG Engine               - fontUI: VarelaRound-Regular.ttf
00:33:54.234 [FXGL Background Thread 3 ] DEBUG Engine               - fullScreen: BooleanProperty [value: false]
00:33:54.234 [FXGL Background Thread 3 ] DEBUG Engine               - gameDifficulty: MEDIUM
00:33:54.234 [FXGL Background Thread 3 ] DEBUG Engine               - gameDifficultyProperty: ObjectProperty [value: MEDIUM]
00:33:54.234 [FXGL Background Thread 3 ] DEBUG Engine               - globalMusicVolume: 0.5
00:33:54.234 [FXGL Background Thread 3 ] DEBUG Engine               - globalMusicVolumeProperty: DoubleProperty [value: 0.5]
00:33:54.234 [FXGL Background Thread 3 ] DEBUG Engine               - globalSoundVolume: 0.5
00:33:54.235 [FXGL Background Thread 3 ] DEBUG Engine               - globalSoundVolumeProperty: DoubleProperty [value: 0.5]
00:33:54.235 [FXGL Background Thread 3 ] DEBUG Engine               - height: 720
00:33:54.235 [FXGL Background Thread 3 ] DEBUG Engine               - is3D: false
00:33:54.235 [FXGL Background Thread 3 ] DEBUG Engine               - isAndroid: false
00:33:54.235 [FXGL Background Thread 3 ] DEBUG Engine               - isBrowser: false
00:33:54.235 [FXGL Background Thread 3 ] DEBUG Engine               - isClickFeedbackEnabled: false
00:33:54.235 [FXGL Background Thread 3 ] DEBUG Engine               - isCloseConfirmation: false
00:33:54.235 [FXGL Background Thread 3 ] DEBUG Engine               - isDesktop: true
00:33:54.235 [FXGL Background Thread 3 ] DEBUG Engine               - isDeveloperMenuEnabled: true
00:33:54.235 [FXGL Background Thread 3 ] DEBUG Engine               - isEmbedded: false
00:33:54.235 [FXGL Background Thread 3 ] DEBUG Engine               - isEntityPreloadEnabled: true
00:33:54.235 [FXGL Background Thread 3 ] DEBUG Engine               - isExperimentalTiledLargeMap: false
00:33:54.235 [FXGL Background Thread 3 ] DEBUG Engine               - isFileSystemWriteAllowed: true
00:33:54.235 [FXGL Background Thread 3 ] DEBUG Engine               - isFullScreenAllowed: false
00:33:54.235 [FXGL Background Thread 3 ] DEBUG Engine               - isFullScreenFromStart: false
00:33:54.235 [FXGL Background Thread 3 ] DEBUG Engine               - isGameMenuEnabled: true
00:33:54.235 [FXGL Background Thread 3 ] DEBUG Engine               - isIOS: false
00:33:54.235 [FXGL Background Thread 3 ] DEBUG Engine               - isIntroEnabled: false
00:33:54.235 [FXGL Background Thread 3 ] DEBUG Engine               - isLinux: false
00:33:54.235 [FXGL Background Thread 3 ] DEBUG Engine               - isMac: false
00:33:54.236 [FXGL Background Thread 3 ] DEBUG Engine               - isMainMenuEnabled: true
00:33:54.236 [FXGL Background Thread 3 ] DEBUG Engine               - isManualResizeEnabled: false
00:33:54.236 [FXGL Background Thread 3 ] DEBUG Engine               - isMobile: false
00:33:54.236 [FXGL Background Thread 3 ] DEBUG Engine               - isNative: false
00:33:54.236 [FXGL Background Thread 3 ] DEBUG Engine               - isPauseMusicWhenMinimized: true
00:33:54.236 [FXGL Background Thread 3 ] DEBUG Engine               - isPreserveResizeRatio: false
00:33:54.236 [FXGL Background Thread 3 ] DEBUG Engine               - isProfilingEnabled: false
00:33:54.236 [FXGL Background Thread 3 ] DEBUG Engine               - isScaleAffectedOnResize: true
00:33:54.236 [FXGL Background Thread 3 ] DEBUG Engine               - isSingleStep: false
00:33:54.236 [FXGL Background Thread 3 ] DEBUG Engine               - isUserProfileEnabled: false
00:33:54.236 [FXGL Background Thread 3 ] DEBUG Engine               - isWindows: true
00:33:54.236 [FXGL Background Thread 3 ] DEBUG Engine               - language: ObjectProperty [value: ENGLISH]
00:33:54.236 [FXGL Background Thread 3 ] DEBUG Engine               - menuKey: ESCAPE
00:33:54.236 [FXGL Background Thread 3 ] DEBUG Engine               - mouseSensitivity: 0.2
00:33:54.236 [FXGL Background Thread 3 ] DEBUG Engine               - notificationViewClass: class com.almasb.fxgl.notification.view.XboxNotificationView
00:33:54.236 [FXGL Background Thread 3 ] DEBUG Engine               - pixelsPerMeter: 50.0
00:33:54.236 [FXGL Background Thread 3 ] DEBUG Engine               - platform: WINDOWS
00:33:54.236 [FXGL Background Thread 3 ] DEBUG Engine               - prefHeightProperty: ReadOnlyDoubleProperty [value: 720.0]
00:33:54.236 [FXGL Background Thread 3 ] DEBUG Engine               - prefWidthProperty: ReadOnlyDoubleProperty [value: 1280.0]
00:33:54.236 [FXGL Background Thread 3 ] DEBUG Engine               - profileDir: profiles/
00:33:54.237 [FXGL Background Thread 3 ] DEBUG Engine               - profileName: StringProperty [value: DEFAULT]
00:33:54.237 [FXGL Background Thread 3 ] DEBUG Engine               - randomSeed: -1
00:33:54.237 [FXGL Background Thread 3 ] DEBUG Engine               - runtimeInfo: RuntimeInfo(platform=WINDOWS, version=17.1, build=24.03.2022 17.34)
00:33:54.237 [FXGL Background Thread 3 ] DEBUG Engine               - saveFileExt: sav
00:33:54.237 [FXGL Background Thread 3 ] DEBUG Engine               - scaledHeightProp$fxgl: DoubleProperty [bound, value: 720.0]
00:33:54.237 [FXGL Background Thread 3 ] DEBUG Engine               - scaledWidthProp$fxgl: DoubleProperty [bound, value: 1280.0]
00:33:54.237 [FXGL Background Thread 3 ] DEBUG Engine               - sceneFactory: hellofx.Main$1@4f06ce7d
00:33:54.237 [FXGL Background Thread 3 ] DEBUG Engine               - secondsIn24h: 60
00:33:54.237 [FXGL Background Thread 3 ] DEBUG Engine               - soundMenuBack: menu/back.wav
00:33:54.237 [FXGL Background Thread 3 ] DEBUG Engine               - soundMenuPress: menu/press.wav
00:33:54.237 [FXGL Background Thread 3 ] DEBUG Engine               - soundMenuSelect: menu/select.wav
00:33:54.237 [FXGL Background Thread 3 ] DEBUG Engine               - soundNotification: core/notification.wav
00:33:54.237 [FXGL Background Thread 3 ] DEBUG Engine               - stageStyle: DECORATED
00:33:54.237 [FXGL Background Thread 3 ] DEBUG Engine               - supportedLanguages: [ENGLISH, FRENCH, GERMAN, HUNGARIAN, RUSSIAN]
00:33:54.237 [FXGL Background Thread 3 ] DEBUG Engine               - ticksPerSecond: -1
00:33:54.237 [FXGL Background Thread 3 ] DEBUG Engine               - title: Bomberman
00:33:54.237 [FXGL Background Thread 3 ] DEBUG Engine               - urlGithub: https://github.com/AlmasB/FXGL
00:33:54.238 [FXGL Background Thread 3 ] DEBUG Engine               - urlLeaderboard: http://fxgl-top.herokuapp.com/
00:33:54.238 [FXGL Background Thread 3 ] DEBUG Engine               - urlPOM: https://raw.githubusercontent.com/AlmasB/FXGL/release/README.md
00:33:54.238 [FXGL Background Thread 3 ] DEBUG Engine               - userAppClass: class hellofx.Main
00:33:54.238 [FXGL Background Thread 3 ] DEBUG Engine               - version: 1.0
00:33:54.238 [FXGL Background Thread 3 ] DEBUG Engine               - versionCheckDays: 7
00:33:54.238 [FXGL Background Thread 3 ] DEBUG Engine               - width: 1280
00:33:54.238 [FXGL Background Thread 3 ] DEBUG Engine               - Logging services
00:33:54.238 [FXGL Background Thread 3 ] DEBUG Engine               - class com.almasb.fxgl.app.services.FXGLAssetLoaderService
00:33:54.238 [FXGL Background Thread 3 ] DEBUG Engine               - class com.almasb.fxgl.app.FXGLApplication$GameApplicationService
00:33:54.238 [FXGL Background Thread 3 ] DEBUG Engine               - class com.almasb.fxgl.app.services.FXGLDialogService
00:33:54.238 [FXGL Background Thread 3 ] DEBUG Engine               - class com.almasb.fxgl.app.services.IOTaskExecutorService
00:33:54.238 [FXGL Background Thread 3 ] DEBUG Engine               - class com.almasb.fxgl.io.FileSystemService
00:33:54.238 [FXGL Background Thread 3 ] DEBUG Engine               - class com.almasb.fxgl.localization.LocalizationService
00:33:54.238 [FXGL Background Thread 3 ] DEBUG Engine               - class com.almasb.fxgl.app.services.SystemBundleService
00:33:54.238 [FXGL Background Thread 3 ] DEBUG Engine               - class com.almasb.fxgl.profile.SaveLoadService
00:33:54.238 [FXGL Background Thread 3 ] DEBUG Engine               - class com.almasb.fxgl.ui.FXGLUIFactoryServiceProvider
00:33:54.238 [FXGL Background Thread 3 ] DEBUG Engine               - class com.almasb.fxgl.ui.FXGLDialogFactoryServiceProvider
00:33:54.238 [FXGL Background Thread 3 ] DEBUG Engine               - class com.almasb.fxgl.audio.AudioPlayer
00:33:54.238 [FXGL Background Thread 3 ] DEBUG Engine               - class com.almasb.fxgl.notification.impl.NotificationServiceProvider
00:33:54.238 [FXGL Background Thread 3 ] DEBUG Engine               - class com.almasb.fxgl.achievement.AchievementService
00:33:54.238 [FXGL Background Thread 3 ] DEBUG Engine               - class com.almasb.fxgl.cutscene.CutsceneService
00:33:54.238 [FXGL Background Thread 3 ] DEBUG Engine               - class com.almasb.fxgl.minigames.MiniGameService
00:33:54.238 [FXGL Background Thread 3 ] DEBUG Engine               - class com.almasb.fxgl.net.NetService
00:33:54.239 [FXGL Background Thread 3 ] DEBUG Engine               - class com.almasb.fxgl.app.services.UpdaterService
00:33:54.239 [FXGL Background Thread 3 ] DEBUG Engine               - class com.almasb.fxgl.dev.DevService
00:34:09.629 [JavaFX Application Thread] DEBUG Menu                 - fireNewGame()
00:34:09.629 [JavaFX Application Thread] DEBUG GameApplicationServi - Starting new game
00:34:09.630 [JavaFX Application Thread] DEBUG PrimaryStageWindow   - Pop state: MainMenu
00:34:09.630 [JavaFX Application Thread] DEBUG Input                - Clearing active input actions
00:34:09.630 [JavaFX Application Thread] DEBUG GameApplicationServi - Removing overlay from MainMenu and adding to FXGLMainMenuDummyScene
00:34:09.632 [JavaFX Application Thread] DEBUG PrimaryStageWindow   - FXGLMainMenuDummyScene <- MainMenu
00:34:09.633 [JavaFX Application Thread] DEBUG Input                - Clearing active input actions
00:34:09.641 [JavaFX Application Thread] DEBUG GameApplicationServi - Removing overlay from FXGLMainMenuDummyScene and adding to FXGLLoadingScene
00:34:09.641 [JavaFX Application Thread] DEBUG PrimaryStageWindow   - FXGLMainMenuDummyScene -> FXGLLoadingScene
00:34:09.641 [JavaFX Application Thread] DEBUG GameApplicationServi - Clearing previous game
00:34:09.641 [JavaFX Application Thread] DEBUG GameScene            - Clearing game scene
00:34:09.641 [JavaFX Application Thread] DEBUG GameWorld            - Clearing game world
00:34:09.641 [JavaFX Application Thread] DEBUG PhysicsWorld         - Clearing physics world
00:34:09.643 [FXGL Background Thread 2 ] DEBUG FXGLApplication      - Initializing game
00:34:09.673 [FXGL Background Thread 2 ] DEBUG FXGLAssetLoaderServi - Loading from file system: file:/E:/space_java/Game/game_datbom/target/classes/assets/textures/mapTexture/grass.png
00:34:09.680 [FXGL Background Thread 2 ] DEBUG FXGLAssetLoaderServi - Loading from file system: file:/E:/space_java/Game/game_datbom/target/classes/assets/textures/mapTexture/wall2.png
00:34:09.717 [FXGL Background Thread 2 ] DEBUG FXGLAssetLoaderServi - Loading from file system: file:/E:/space_java/Game/game_datbom/target/classes/assets/textures/enemy/oneal40.png
00:34:09.740 [FXGL Background Thread 2 ] DEBUG FXGLAssetLoaderServi - Loading from file system: file:/E:/space_java/Game/game_datbom/target/classes/assets/textures/gameItem/powerup_bombs.png
00:34:09.744 [FXGL Background Thread 2 ] DEBUG FXGLAssetLoaderServi - Loading from file system: file:/E:/space_java/Game/game_datbom/target/classes/assets/textures/enemy/balloon36.png
00:34:09.747 [FXGL Background Thread 2 ] DEBUG FXGLAssetLoaderServi - Loading from file system: file:/E:/space_java/Game/game_datbom/target/classes/assets/textures/gameItem/powerup_flamepass.png
00:34:09.754 [FXGL Background Thread 2 ] DEBUG FXGLAssetLoaderServi - Loading from file system: file:/E:/space_java/Game/game_datbom/target/classes/assets/textures/gameItem/powerup_flames.png
00:34:09.757 [FXGL Background Thread 2 ] DEBUG FXGLAssetLoaderServi - Loading from file system: file:/E:/space_java/Game/game_datbom/target/classes/assets/textures/gameItem/powerup_speed.png
00:34:09.783 [FXGL Background Thread 2 ] DEBUG FXGLAssetLoaderServi - Loading from file system: file:/E:/space_java/Game/game_datbom/target/classes/assets/textures/mapTexture%5cbrick.png
00:34:09.787 [FXGL Background Thread 2 ] DEBUG FXGLAssetLoaderServi - Loading from file system: file:/E:/space_java/Game/game_datbom/target/classes/assets/textures/mapTexture%5cbrick_break.png
00:34:09.855 [FXGL Background Thread 2 ] DEBUG FXGLAssetLoaderServi - Loading from file system: file:/E:/space_java/Game/game_datbom/target/classes/assets/textures/mapTexture/portal.png
00:34:09.900 [FXGL Background Thread 2 ] DEBUG FXGLAssetLoaderServi - Loading from file system: file:/E:/space_java/Game/game_datbom/target/classes/assets/textures/character/gold_player_dead.png
00:34:09.902 [FXGL Background Thread 2 ] DEBUG FXGLAssetLoaderServi - Loading from file system: file:/E:/space_java/Game/game_datbom/target/classes/assets/textures/character/gold_player_down.png
00:34:09.903 [FXGL Background Thread 2 ] DEBUG FXGLAssetLoaderServi - Loading from file system: file:/E:/space_java/Game/game_datbom/target/classes/assets/textures/character/gold_player_up.png
00:34:09.905 [FXGL Background Thread 2 ] DEBUG FXGLAssetLoaderServi - Loading from file system: file:/E:/space_java/Game/game_datbom/target/classes/assets/textures/character/gold_player_left_temp.png
00:34:09.906 [FXGL Background Thread 2 ] DEBUG FXGLAssetLoaderServi - Loading from file system: file:/E:/space_java/Game/game_datbom/target/classes/assets/textures/character/gold_player_right_temp.png
00:34:09.910 [FXGL Background Thread 2 ] INFO  FXGLApplication      - Game initialization took: 0.267 sec
00:34:09.917 [JavaFX Application Thread] DEBUG Input                - Clearing active input actions
00:34:09.926 [JavaFX Application Thread] DEBUG GameApplicationServi - Removing overlay from FXGLLoadingScene and adding to GameScene
00:34:09.928 [JavaFX Application Thread] DEBUG PrimaryStageWindow   - FXGLLoadingScene -> GameScene
00:34:11.366 [JavaFX Application Thread] DEBUG LoopRunner           - Stopping loop
00:34:11.373 [JavaFX Application Thread] FATAL FXGLApplication      - Uncaught Exception:
java.lang.NullPointerException: Cannot invoke "com.almasb.fxgl.entity.Entity.getComponent(java.lang.Class)" because "hellofx.Map.Mymap.enemy[i]" is null
	at hellofx.Animation.AnimationComponent.onUpdate(AnimationComponent.java:231)
	at com.almasb.fxgl.entity.Entity$ComponentMap.update(Entity.java:60)
	at com.almasb.fxgl.entity.Entity.update(Entity.java:248)
	at com.almasb.fxgl.entity.GameWorld.onUpdate(GameWorld.kt:177)
	at com.almasb.fxgl.app.scene.GameScene.step(GameScene.kt:224)
	at com.almasb.fxgl.app.scene.GameScene.onUpdate(GameScene.kt:220)
	at com.almasb.fxgl.scene.Scene.update(Scene.kt:105)
	at com.almasb.fxgl.app.MainWindow$update$1.invoke(MainWindow.kt:115)
	at com.almasb.fxgl.app.MainWindow$update$1.invoke(MainWindow.kt:115)
	at com.almasb.fxgl.core.fsm.StateMachine.runOnActiveStates(StateMachine.kt:69)
	at com.almasb.fxgl.app.MainWindow.update(MainWindow.kt:115)
	at com.almasb.fxgl.app.FXGLApplication$GameApplicationService.onUpdate(FXGLApplication.kt:426)
	at com.almasb.fxgl.app.Engine.loop(Engine.kt:134)
	at com.almasb.fxgl.app.Engine.access$loop(Engine.kt:24)
	at com.almasb.fxgl.app.Engine$loop$1.invoke(Engine.kt:28)
	at com.almasb.fxgl.app.Engine$loop$1.invoke(Engine.kt:28)
	at com.almasb.fxgl.app.LoopRunner.frame(LoopRunner.kt:103)
	at com.almasb.fxgl.app.LoopRunner.access$frame(LoopRunner.kt:23)
	at com.almasb.fxgl.app.LoopRunner$impl$2$1.onTick(LoopRunner.kt:57)
	at com.almasb.fxgl.app.AnimationTimerLoop$timer$1.handle(LoopRunner.kt:137)
	at javafx.animation.AnimationTimer$AnimationTimerReceiver.lambda$handle$0(AnimationTimer.java:58)
	at java.base/java.security.AccessController.doPrivileged(AccessController.java:399)
	at javafx.animation.AnimationTimer$AnimationTimerReceiver.handle(AnimationTimer.java:57)
	at com.sun.scenario.animation.AbstractPrimaryTimer.timePulseImpl(AbstractPrimaryTimer.java:356)
	at com.sun.scenario.animation.AbstractPrimaryTimer$MainLoop.run(AbstractPrimaryTimer.java:266)
	at com.sun.javafx.tk.quantum.QuantumToolkit.pulse(QuantumToolkit.java:571)
	at com.sun.javafx.tk.quantum.QuantumToolkit.pulse(QuantumToolkit.java:555)
	at com.sun.javafx.tk.quantum.QuantumToolkit.pulseFromQueue(QuantumToolkit.java:548)
	at com.sun.javafx.tk.quantum.QuantumToolkit.lambda$runToolkit$11(QuantumToolkit.java:352)
	at com.sun.glass.ui.InvokeLaterDispatcher$Future.run(InvokeLaterDispatcher.java:96)
	at com.sun.glass.ui.win.WinApplication._runLoop(Native Method)
	at com.sun.glass.ui.win.WinApplication.lambda$runLoop$3(WinApplication.java:184)
	at java.base/java.lang.Thread.run(Thread.java:833)

00:34:11.373 [JavaFX Application Thread] FATAL FXGLApplication      - Application will now exit
00:34:11.383 [JavaFX Application Thread] DEBUG PrimaryStageWindow   - Push state: ErrorSubScene
00:34:11.383 [JavaFX Application Thread] DEBUG Input                - Clearing active input actions
00:34:11.384 [JavaFX Application Thread] DEBUG GameApplicationServi - Removing overlay from GameScene and adding to ErrorSubScene
00:34:11.385 [JavaFX Application Thread] DEBUG PrimaryStageWindow   - GameScene -> ErrorSubScene
00:34:31.151 [JavaFX Application Thread] DEBUG FXGLApplication      - Exiting FXGL
00:34:31.151 [JavaFX Application Thread] DEBUG Async                - Shutting down background threads
00:34:31.151 [JavaFX Application Thread] DEBUG PrimaryStageWindow   - Closing main window
00:34:31.164 [JavaFX Application Thread] DEBUG Logger               - Closing Logger
