17:18:49.673 [main                     ] DEBUG Logger               - Configured Logger
17:18:49.693 [main                     ] DEBUG GameApplication      - Logging settings
Title: Bomberman
Version: 1.0
Width: 1280
Height: 720
Fullscreen: false
Intro: false
Profiling: false
Single step:false
App Mode: DEVELOPER
Menu Key: ESCAPE
Stage Style: DECORATED
Scene Factory: class hellofx.Main$1

17:18:49.797 [JavaFX Application Thread] DEBUG FXGLApplication      - Initializing FXGL
17:18:49.802 [JavaFX Application Thread] INFO  Engine               - FXGL-17.1 (24.03.2022 17.34) on WINDOWS (J:18.0.2.1 FX:18)
17:18:49.802 [JavaFX Application Thread] DEBUG Engine               - JRE Vendor Name: Oracle Corporation
17:18:49.803 [JavaFX Application Thread] DEBUG Engine               - Running on OS: Windows 11 version 10.0
17:18:49.803 [JavaFX Application Thread] DEBUG Engine               - Architecture: amd64
17:18:49.803 [JavaFX Application Thread] INFO  Engine               - Source code and latest versions at: https://github.com/AlmasB/FXGL
17:18:49.803 [JavaFX Application Thread] INFO  Engine               -       Ask questions and discuss at: https://github.com/AlmasB/FXGL/discussions
17:18:49.803 [JavaFX Application Thread] INFO  Engine               -              Join the FXGL chat at: https://gitter.im/AlmasB/FXGL
17:18:49.853 [JavaFX Application Thread] DEBUG PrimaryStageWindow   - Creating a JavaFX scene
17:18:49.898 [JavaFX Application Thread] DEBUG PrimaryStageWindow   - Target settings size: 1280.0 x 720.0
17:18:49.898 [JavaFX Application Thread] DEBUG PrimaryStageWindow   - Scaled scene size:    1280.0 x 720.0
17:18:49.898 [JavaFX Application Thread] DEBUG PrimaryStageWindow   - Scaled ratio: (1.0, 1.0)
17:18:49.900 [JavaFX Application Thread] DEBUG PrimaryStageWindow   - Set initial scene to FXGLStartupScene
17:18:49.909 [JavaFX Application Thread] DEBUG PrimaryStageWindow   - Opening main window
17:18:50.002 [JavaFX Application Thread] DEBUG PrimaryStageWindow   - Window border size: (16.0, 39.0)
17:18:50.003 [JavaFX Application Thread] DEBUG PrimaryStageWindow   - Scaled size: 1280.0 x 720.0
17:18:50.003 [JavaFX Application Thread] DEBUG PrimaryStageWindow   - Scaled ratio: (1.0, 1.0)
17:18:50.003 [JavaFX Application Thread] DEBUG PrimaryStageWindow   - Scene size: 1280.0 x 720.0
17:18:50.004 [JavaFX Application Thread] DEBUG PrimaryStageWindow   - Stage size: 1296.0 x 759.0
17:18:50.014 [FXGL Background Thread 1 ] DEBUG Engine               - Initializing environment variables
17:18:50.081 [FXGL Background Thread 1 ] DEBUG FXGLAssetLoaderServi - User app class for loading assets: class hellofx.Main
17:18:50.081 [FXGL Background Thread 1 ] DEBUG GameApplicationServi - Applying CSS: fxgl_dark.css
17:18:50.082 [FXGL Background Thread 1 ] DEBUG FXGLAssetLoaderServi - Loading from file system: jar:file:/C:/Users/chaum/.m2/repository/com/github/almasb/fxgl/17.1/fxgl-17.1.jar!/fxglassets/ui/css/fxgl_dark.css
17:18:50.131 [FXGL Background Thread 1 ] DEBUG GameApplicationServi - Initializing application scenes
17:18:50.172 [FXGL Background Thread 1 ] DEBUG GameWorld            - Game world initialized
17:18:50.217 [FXGL Background Thread 1 ] DEBUG PhysicsWorld         - Physics world initialized: appHeight=720, physics.ppm=50.0
17:18:50.218 [FXGL Background Thread 1 ] DEBUG PhysicsWorld         - Using strategy: BRUTE_FORCE
17:18:50.221 [FXGL Background Thread 1 ] DEBUG GameScene            - Game scene initialized: 1280x720
17:18:50.283 [FXGL Background Thread 1 ] DEBUG GameApplicationServi - Application scenes initialized
17:18:50.303 [FXGL Background Thread 1 ] DEBUG SystemBundleService  - Loading FXGL system data
17:18:50.310 [FXGL Background Thread 1 ] DEBUG FileSystemAccess     - Reading from: E:\space_java\Game\game_datbom\system\fxgl.bundle
17:18:50.322 [FXGL Background Thread 1 ] DEBUG SystemBundleService  - Bundle FXGL: {}
17:18:50.322 [FXGL Background Thread 1 ] DEBUG UpdaterService       - Checking for updates
17:18:50.354 [FXGL Background Thread 4 ] DEBUG FXGLApplication      - Loading fonts
17:18:50.354 [FXGL Background Thread 1 ] DEBUG FXGLApplication      - Loading default localization
17:18:50.355 [FXGL Background Thread 4 ] DEBUG FXGLAssetLoaderServi - Loading from file system: jar:file:/C:/Users/chaum/.m2/repository/com/github/almasb/fxgl/17.1/fxgl-17.1.jar!/fxglassets/ui/fonts/VarelaRound-Regular.ttf
17:18:50.355 [FXGL Background Thread 1 ] DEBUG FXGLAssetLoaderServi - Loading from file system: jar:file:/C:/Users/chaum/.m2/repository/com/github/almasb/fxgl/17.1/fxgl-17.1.jar!/fxglassets/languages/english.lang
17:18:50.373 [FXGL Background Thread 1 ] INFO  FXGLApplication      - FXGL initialization took: 0.358 sec
17:18:50.385 [JavaFX Application Thread] DEBUG Input                - Registered new binding: action0 - F
17:18:50.386 [JavaFX Application Thread] DEBUG Input                - Registered new binding: action1 - G
17:18:50.386 [JavaFX Application Thread] DEBUG Input                - Registered new binding: action2 - R
17:18:50.387 [JavaFX Application Thread] DEBUG Input                - Registered new binding: action3 - T
17:18:50.387 [JavaFX Application Thread] DEBUG Input                - Registered new binding: Right - D
17:18:50.387 [JavaFX Application Thread] DEBUG Input                - Registered new binding: Left - A
17:18:50.387 [JavaFX Application Thread] DEBUG Input                - Registered new binding: Up - W
17:18:50.387 [JavaFX Application Thread] DEBUG Input                - Registered new binding: Down - S
17:18:50.387 [JavaFX Application Thread] DEBUG Input                - Registered new binding: Place boom - Space
17:18:50.388 [JavaFX Application Thread] DEBUG FXGLAssetLoaderServi - Loading from file system: file:/E:/space_java/Game/game_datbom/target/classes/assets/textures/icon/icon.png
17:18:50.426 [FXGL Background Thread 4 ] DEBUG FXGLAssetLoaderServi - Loading from file system: jar:file:/C:/Users/chaum/.m2/repository/com/github/almasb/fxgl/17.1/fxgl-17.1.jar!/fxglassets/ui/fonts/Abel-Regular.ttf
17:18:50.430 [FXGL Background Thread 4 ] DEBUG FXGLAssetLoaderServi - Loading from file system: jar:file:/C:/Users/chaum/.m2/repository/com/github/almasb/fxgl/17.1/fxgl-17.1.jar!/fxglassets/ui/fonts/TerminalLandMono-Regular.otf
17:18:50.434 [FXGL Background Thread 4 ] DEBUG FXGLAssetLoaderServi - Loading from file system: jar:file:/C:/Users/chaum/.m2/repository/com/github/almasb/fxgl/17.1/fxgl-17.1.jar!/fxglassets/ui/fonts/Courier-Prime.ttf
17:18:50.445 [JavaFX Application Thread] DEBUG FXGLAssetLoaderServi - Loading from file system: file:/E:/space_java/Game/game_datbom/target/classes/assets/textures/cursor/cursor1.png
17:18:50.456 [JavaFX Application Thread] DEBUG Input                - Registered new binding: Screenshot - CTRL+8
17:18:50.457 [JavaFX Application Thread] DEBUG Input                - Registered new binding: Dev Options - 1
17:18:50.457 [JavaFX Application Thread] DEBUG Input                - Registered new binding: Dev Console - 2
17:18:50.458 [JavaFX Application Thread] DEBUG Input                - Registered new binding: System info dump - CTRL+9
17:18:50.458 [JavaFX Application Thread] DEBUG Input                - Registered new binding: Restart - CTRL+R
17:18:50.458 [JavaFX Application Thread] DEBUG Input                - Registered new binding: Toggle Debug Camera - CTRL+7
17:18:50.461 [JavaFX Application Thread] DEBUG LoopRunner           - Starting loop
17:18:50.475 [JavaFX Application Thread] DEBUG LoopRunner           - Initializing JavaFX AnimationTimerLoop
17:18:50.477 [JavaFX Application Thread] DEBUG Input                - Clearing active input actions
17:18:50.483 [JavaFX Application Thread] DEBUG GameApplicationServi - Removing overlay from FXGLStartupScene and adding to FXGLMainMenuDummyScene
17:18:50.487 [JavaFX Application Thread] DEBUG PrimaryStageWindow   - FXGLStartupScene -> FXGLMainMenuDummyScene
17:18:50.487 [JavaFX Application Thread] DEBUG PrimaryStageWindow   - Push state: MainMenu
17:18:50.488 [JavaFX Application Thread] DEBUG Input                - Clearing active input actions
17:18:50.490 [JavaFX Application Thread] DEBUG GameApplicationServi - Removing overlay from FXGLMainMenuDummyScene and adding to MainMenu
17:18:50.491 [JavaFX Application Thread] DEBUG PrimaryStageWindow   - FXGLMainMenuDummyScene -> MainMenu
17:18:50.491 [JavaFX Application Thread] DEBUG FXGLApplication      - Registering font factories with UI factory
17:18:50.981 [FXGL Background Thread 2 ] INFO  UpdaterService       - Your current version:  17.1
17:18:50.983 [FXGL Background Thread 2 ] INFO  UpdaterService       - Latest stable version: 17.2
17:18:52.312 [JavaFX Application Thread] DEBUG Menu                 - fireNewGame()
17:18:52.312 [JavaFX Application Thread] DEBUG GameApplicationServi - Starting new game
17:18:52.313 [JavaFX Application Thread] DEBUG PrimaryStageWindow   - Pop state: MainMenu
17:18:52.313 [JavaFX Application Thread] DEBUG Input                - Clearing active input actions
17:18:52.316 [JavaFX Application Thread] DEBUG GameApplicationServi - Removing overlay from MainMenu and adding to FXGLMainMenuDummyScene
17:18:52.322 [JavaFX Application Thread] DEBUG PrimaryStageWindow   - FXGLMainMenuDummyScene <- MainMenu
17:18:52.322 [JavaFX Application Thread] DEBUG Input                - Clearing active input actions
17:18:52.332 [JavaFX Application Thread] DEBUG GameApplicationServi - Removing overlay from FXGLMainMenuDummyScene and adding to FXGLLoadingScene
17:18:52.332 [JavaFX Application Thread] DEBUG PrimaryStageWindow   - FXGLMainMenuDummyScene -> FXGLLoadingScene
17:18:52.333 [JavaFX Application Thread] DEBUG GameApplicationServi - Clearing previous game
17:18:52.333 [JavaFX Application Thread] DEBUG GameScene            - Clearing game scene
17:18:52.333 [JavaFX Application Thread] DEBUG GameWorld            - Clearing game world
17:18:52.333 [JavaFX Application Thread] DEBUG PhysicsWorld         - Clearing physics world
17:18:52.335 [FXGL Background Thread 2 ] DEBUG FXGLApplication      - Initializing game
17:18:52.363 [FXGL Background Thread 2 ] DEBUG FXGLAssetLoaderServi - Loading from file system: file:/E:/space_java/Game/game_datbom/target/classes/assets/textures/mapTexture/grass.png
17:18:52.370 [FXGL Background Thread 2 ] DEBUG FXGLAssetLoaderServi - Loading from file system: file:/E:/space_java/Game/game_datbom/target/classes/assets/textures/mapTexture/wall2.png
17:18:52.424 [FXGL Background Thread 2 ] DEBUG FXGLAssetLoaderServi - Loading from file system: file:/E:/space_java/Game/game_datbom/target/classes/assets/textures/gameItem/powerup_bombs.png
17:18:52.427 [FXGL Background Thread 2 ] DEBUG FXGLAssetLoaderServi - Loading from file system: file:/E:/space_java/Game/game_datbom/target/classes/assets/textures/gameItem/powerup_flamepass.png
17:18:52.433 [FXGL Background Thread 2 ] DEBUG FXGLAssetLoaderServi - Loading from file system: file:/E:/space_java/Game/game_datbom/target/classes/assets/textures/gameItem/powerup_flames.png
17:18:52.436 [FXGL Background Thread 2 ] DEBUG FXGLAssetLoaderServi - Loading from file system: file:/E:/space_java/Game/game_datbom/target/classes/assets/textures/gameItem/powerup_speed.png
17:18:52.450 [FXGL Background Thread 2 ] DEBUG FXGLAssetLoaderServi - Loading from file system: file:/E:/space_java/Game/game_datbom/target/classes/assets/textures/enemy/balloon36.png
17:18:52.495 [FXGL Background Thread 2 ] DEBUG FXGLAssetLoaderServi - Loading from file system: file:/E:/space_java/Game/game_datbom/target/classes/assets/textures/mapTexture%5cbrick.png
17:18:52.496 [FXGL Background Thread 2 ] DEBUG FXGLAssetLoaderServi - Loading from file system: file:/E:/space_java/Game/game_datbom/target/classes/assets/textures/mapTexture%5cbrick_break.png
17:18:52.563 [FXGL Background Thread 2 ] DEBUG FXGLAssetLoaderServi - Loading from file system: file:/E:/space_java/Game/game_datbom/target/classes/assets/textures/mapTexture/portal.png
17:18:52.656 [FXGL Background Thread 2 ] DEBUG FXGLAssetLoaderServi - Loading from file system: file:/E:/space_java/Game/game_datbom/target/classes/assets/textures/character/gold_player_dead.png
17:18:52.658 [FXGL Background Thread 2 ] DEBUG FXGLAssetLoaderServi - Loading from file system: file:/E:/space_java/Game/game_datbom/target/classes/assets/textures/character/gold_player_down.png
17:18:52.659 [FXGL Background Thread 2 ] DEBUG FXGLAssetLoaderServi - Loading from file system: file:/E:/space_java/Game/game_datbom/target/classes/assets/textures/character/gold_player_up.png
17:18:52.660 [FXGL Background Thread 2 ] DEBUG FXGLAssetLoaderServi - Loading from file system: file:/E:/space_java/Game/game_datbom/target/classes/assets/textures/character/gold_player_left_temp.png
17:18:52.661 [FXGL Background Thread 2 ] DEBUG FXGLAssetLoaderServi - Loading from file system: file:/E:/space_java/Game/game_datbom/target/classes/assets/textures/character/gold_player_right_temp.png
17:18:52.664 [FXGL Background Thread 2 ] INFO  FXGLApplication      - Game initialization took: 0.329 sec
17:18:52.665 [JavaFX Application Thread] DEBUG Input                - Clearing active input actions
17:18:52.679 [JavaFX Application Thread] DEBUG GameApplicationServi - Removing overlay from FXGLLoadingScene and adding to GameScene
17:18:52.682 [JavaFX Application Thread] DEBUG PrimaryStageWindow   - FXGLLoadingScene -> GameScene
17:18:53.354 [FXGL Background Thread 3 ] DEBUG Engine               - Logging environment variables
17:18:53.355 [FXGL Background Thread 3 ] DEBUG Engine               - achievements: []
17:18:53.356 [FXGL Background Thread 3 ] DEBUG Engine               - actualHeight: 720.0
17:18:53.356 [FXGL Background Thread 3 ] DEBUG Engine               - actualHeightProperty: ReadOnlyDoubleProperty [value: 720.0]
17:18:53.356 [FXGL Background Thread 3 ] DEBUG Engine               - actualWidth: 1280.0
17:18:53.356 [FXGL Background Thread 3 ] DEBUG Engine               - actualWidthProperty: ReadOnlyDoubleProperty [value: 1280.0]
17:18:53.356 [FXGL Background Thread 3 ] DEBUG Engine               - appIcon: icon/icon.png
17:18:53.356 [FXGL Background Thread 3 ] DEBUG Engine               - applicationMode: DEVELOPER
17:18:53.356 [FXGL Background Thread 3 ] DEBUG Engine               - cSSList: [fxgl_dark.css]
17:18:53.357 [FXGL Background Thread 3 ] DEBUG Engine               - collisionDetectionStrategy: BRUTE_FORCE
17:18:53.357 [FXGL Background Thread 3 ] DEBUG Engine               - configClass: Optional.empty
17:18:53.357 [FXGL Background Thread 3 ] DEBUG Engine               - credits: []
17:18:53.358 [FXGL Background Thread 3 ] DEBUG Engine               - defaultCursor: CursorInfo(imageName=cursor/cursor1.png, hotspotX=0.0, hotspotY=0.0)
17:18:53.359 [FXGL Background Thread 3 ] DEBUG Engine               - devBBoxColorProperty: ObjectProperty [value: 0xff0000ff]
17:18:53.359 [FXGL Background Thread 3 ] DEBUG Engine               - devEnableDebugCameraProperty: BooleanProperty [value: false]
17:18:53.359 [FXGL Background Thread 3 ] DEBUG Engine               - devSensorColorProperty: ObjectProperty [value: 0xffff00ff]
17:18:53.359 [FXGL Background Thread 3 ] DEBUG Engine               - devShowBBoxProperty: BooleanProperty [value: false]
17:18:53.360 [FXGL Background Thread 3 ] DEBUG Engine               - devShowPositionProperty: BooleanProperty [value: false]
17:18:53.360 [FXGL Background Thread 3 ] DEBUG Engine               - enabledMenuItems: []
17:18:53.360 [FXGL Background Thread 3 ] DEBUG Engine               - engineServices: [class com.almasb.fxgl.app.services.FXGLAssetLoaderService, class com.almasb.fxgl.app.FXGLApplication$GameApplicationService, class com.almasb.fxgl.app.services.FXGLDialogService, class com.almasb.fxgl.app.services.IOTaskExecutorService, class com.almasb.fxgl.io.FileSystemService, class com.almasb.fxgl.localization.LocalizationService, class com.almasb.fxgl.app.services.SystemBundleService, class com.almasb.fxgl.profile.SaveLoadService, class com.almasb.fxgl.ui.FXGLUIFactoryServiceProvider, class com.almasb.fxgl.ui.FXGLDialogFactoryServiceProvider, class com.almasb.fxgl.audio.AudioPlayer, class com.almasb.fxgl.notification.impl.NotificationServiceProvider, class com.almasb.fxgl.achievement.AchievementService, class com.almasb.fxgl.cutscene.CutsceneService, class com.almasb.fxgl.minigames.MiniGameService, class com.almasb.fxgl.net.NetService, class com.almasb.fxgl.app.services.UpdaterService, class com.almasb.fxgl.dev.DevService]
17:18:53.360 [FXGL Background Thread 3 ] DEBUG Engine               - fontGame: Abel-Regular.ttf
17:18:53.360 [FXGL Background Thread 3 ] DEBUG Engine               - fontMono: TerminalLandMono-Regular.otf
17:18:53.360 [FXGL Background Thread 3 ] DEBUG Engine               - fontText: Courier-Prime.ttf
17:18:53.360 [FXGL Background Thread 3 ] DEBUG Engine               - fontUI: VarelaRound-Regular.ttf
17:18:53.360 [FXGL Background Thread 3 ] DEBUG Engine               - fullScreen: BooleanProperty [value: false]
17:18:53.360 [FXGL Background Thread 3 ] DEBUG Engine               - gameDifficulty: MEDIUM
17:18:53.360 [FXGL Background Thread 3 ] DEBUG Engine               - gameDifficultyProperty: ObjectProperty [value: MEDIUM]
17:18:53.360 [FXGL Background Thread 3 ] DEBUG Engine               - globalMusicVolume: 0.5
17:18:53.360 [FXGL Background Thread 3 ] DEBUG Engine               - globalMusicVolumeProperty: DoubleProperty [value: 0.5]
17:18:53.361 [FXGL Background Thread 3 ] DEBUG Engine               - globalSoundVolume: 0.5
17:18:53.361 [FXGL Background Thread 3 ] DEBUG Engine               - globalSoundVolumeProperty: DoubleProperty [value: 0.5]
17:18:53.361 [FXGL Background Thread 3 ] DEBUG Engine               - height: 720
17:18:53.361 [FXGL Background Thread 3 ] DEBUG Engine               - is3D: false
17:18:53.361 [FXGL Background Thread 3 ] DEBUG Engine               - isAndroid: false
17:18:53.361 [FXGL Background Thread 3 ] DEBUG Engine               - isBrowser: false
17:18:53.361 [FXGL Background Thread 3 ] DEBUG Engine               - isClickFeedbackEnabled: false
17:18:53.361 [FXGL Background Thread 3 ] DEBUG Engine               - isCloseConfirmation: false
17:18:53.361 [FXGL Background Thread 3 ] DEBUG Engine               - isDesktop: true
17:18:53.361 [FXGL Background Thread 3 ] DEBUG Engine               - isDeveloperMenuEnabled: true
17:18:53.361 [FXGL Background Thread 3 ] DEBUG Engine               - isEmbedded: false
17:18:53.361 [FXGL Background Thread 3 ] DEBUG Engine               - isEntityPreloadEnabled: true
17:18:53.361 [FXGL Background Thread 3 ] DEBUG Engine               - isExperimentalTiledLargeMap: false
17:18:53.361 [FXGL Background Thread 3 ] DEBUG Engine               - isFileSystemWriteAllowed: true
17:18:53.362 [FXGL Background Thread 3 ] DEBUG Engine               - isFullScreenAllowed: false
17:18:53.362 [FXGL Background Thread 3 ] DEBUG Engine               - isFullScreenFromStart: false
17:18:53.362 [FXGL Background Thread 3 ] DEBUG Engine               - isGameMenuEnabled: true
17:18:53.362 [FXGL Background Thread 3 ] DEBUG Engine               - isIOS: false
17:18:53.362 [FXGL Background Thread 3 ] DEBUG Engine               - isIntroEnabled: false
17:18:53.362 [FXGL Background Thread 3 ] DEBUG Engine               - isLinux: false
17:18:53.362 [FXGL Background Thread 3 ] DEBUG Engine               - isMac: false
17:18:53.362 [FXGL Background Thread 3 ] DEBUG Engine               - isMainMenuEnabled: true
17:18:53.362 [FXGL Background Thread 3 ] DEBUG Engine               - isManualResizeEnabled: false
17:18:53.362 [FXGL Background Thread 3 ] DEBUG Engine               - isMobile: false
17:18:53.362 [FXGL Background Thread 3 ] DEBUG Engine               - isNative: false
17:18:53.362 [FXGL Background Thread 3 ] DEBUG Engine               - isPauseMusicWhenMinimized: true
17:18:53.362 [FXGL Background Thread 3 ] DEBUG Engine               - isPreserveResizeRatio: false
17:18:53.362 [FXGL Background Thread 3 ] DEBUG Engine               - isProfilingEnabled: false
17:18:53.363 [FXGL Background Thread 3 ] DEBUG Engine               - isScaleAffectedOnResize: true
17:18:53.363 [FXGL Background Thread 3 ] DEBUG Engine               - isSingleStep: false
17:18:53.363 [FXGL Background Thread 3 ] DEBUG Engine               - isUserProfileEnabled: false
17:18:53.363 [FXGL Background Thread 3 ] DEBUG Engine               - isWindows: true
17:18:53.363 [FXGL Background Thread 3 ] DEBUG Engine               - language: ObjectProperty [value: ENGLISH]
17:18:53.363 [FXGL Background Thread 3 ] DEBUG Engine               - menuKey: ESCAPE
17:18:53.363 [FXGL Background Thread 3 ] DEBUG Engine               - mouseSensitivity: 0.2
17:18:53.363 [FXGL Background Thread 3 ] DEBUG Engine               - notificationViewClass: class com.almasb.fxgl.notification.view.XboxNotificationView
17:18:53.363 [FXGL Background Thread 3 ] DEBUG Engine               - pixelsPerMeter: 50.0
17:18:53.363 [FXGL Background Thread 3 ] DEBUG Engine               - platform: WINDOWS
17:18:53.363 [FXGL Background Thread 3 ] DEBUG Engine               - prefHeightProperty: ReadOnlyDoubleProperty [value: 720.0]
17:18:53.363 [FXGL Background Thread 3 ] DEBUG Engine               - prefWidthProperty: ReadOnlyDoubleProperty [value: 1280.0]
17:18:53.363 [FXGL Background Thread 3 ] DEBUG Engine               - profileDir: profiles/
17:18:53.363 [FXGL Background Thread 3 ] DEBUG Engine               - profileName: StringProperty [value: DEFAULT]
17:18:53.364 [FXGL Background Thread 3 ] DEBUG Engine               - randomSeed: -1
17:18:53.365 [FXGL Background Thread 3 ] DEBUG Engine               - runtimeInfo: RuntimeInfo(platform=WINDOWS, version=17.1, build=24.03.2022 17.34)
17:18:53.365 [FXGL Background Thread 3 ] DEBUG Engine               - saveFileExt: sav
17:18:53.365 [FXGL Background Thread 3 ] DEBUG Engine               - scaledHeightProp$fxgl: DoubleProperty [bound, value: 720.0]
17:18:53.365 [FXGL Background Thread 3 ] DEBUG Engine               - scaledWidthProp$fxgl: DoubleProperty [bound, value: 1280.0]
17:18:53.365 [FXGL Background Thread 3 ] DEBUG Engine               - sceneFactory: hellofx.Main$1@616a1fb8
17:18:53.365 [FXGL Background Thread 3 ] DEBUG Engine               - secondsIn24h: 60
17:18:53.365 [FXGL Background Thread 3 ] DEBUG Engine               - soundMenuBack: menu/back.wav
17:18:53.365 [FXGL Background Thread 3 ] DEBUG Engine               - soundMenuPress: menu/press.wav
17:18:53.365 [FXGL Background Thread 3 ] DEBUG Engine               - soundMenuSelect: menu/select.wav
17:18:53.365 [FXGL Background Thread 3 ] DEBUG Engine               - soundNotification: core/notification.wav
17:18:53.365 [FXGL Background Thread 3 ] DEBUG Engine               - stageStyle: DECORATED
17:18:53.365 [FXGL Background Thread 3 ] DEBUG Engine               - supportedLanguages: [ENGLISH, FRENCH, GERMAN, HUNGARIAN, RUSSIAN]
17:18:53.365 [FXGL Background Thread 3 ] DEBUG Engine               - ticksPerSecond: -1
17:18:53.365 [FXGL Background Thread 3 ] DEBUG Engine               - title: Bomberman
17:18:53.365 [FXGL Background Thread 3 ] DEBUG Engine               - urlGithub: https://github.com/AlmasB/FXGL
17:18:53.365 [FXGL Background Thread 3 ] DEBUG Engine               - urlLeaderboard: http://fxgl-top.herokuapp.com/
17:18:53.365 [FXGL Background Thread 3 ] DEBUG Engine               - urlPOM: https://raw.githubusercontent.com/AlmasB/FXGL/release/README.md
17:18:53.366 [FXGL Background Thread 3 ] DEBUG Engine               - userAppClass: class hellofx.Main
17:18:53.366 [FXGL Background Thread 3 ] DEBUG Engine               - version: 1.0
17:18:53.366 [FXGL Background Thread 3 ] DEBUG Engine               - versionCheckDays: 7
17:18:53.366 [FXGL Background Thread 3 ] DEBUG Engine               - width: 1280
17:18:53.366 [FXGL Background Thread 3 ] DEBUG Engine               - Logging services
17:18:53.366 [FXGL Background Thread 3 ] DEBUG Engine               - class com.almasb.fxgl.app.services.FXGLAssetLoaderService
17:18:53.366 [FXGL Background Thread 3 ] DEBUG Engine               - class com.almasb.fxgl.app.FXGLApplication$GameApplicationService
17:18:53.366 [FXGL Background Thread 3 ] DEBUG Engine               - class com.almasb.fxgl.app.services.FXGLDialogService
17:18:53.366 [FXGL Background Thread 3 ] DEBUG Engine               - class com.almasb.fxgl.app.services.IOTaskExecutorService
17:18:53.366 [FXGL Background Thread 3 ] DEBUG Engine               - class com.almasb.fxgl.io.FileSystemService
17:18:53.366 [FXGL Background Thread 3 ] DEBUG Engine               - class com.almasb.fxgl.localization.LocalizationService
17:18:53.366 [FXGL Background Thread 3 ] DEBUG Engine               - class com.almasb.fxgl.app.services.SystemBundleService
17:18:53.366 [FXGL Background Thread 3 ] DEBUG Engine               - class com.almasb.fxgl.profile.SaveLoadService
17:18:53.366 [FXGL Background Thread 3 ] DEBUG Engine               - class com.almasb.fxgl.ui.FXGLUIFactoryServiceProvider
17:18:53.366 [FXGL Background Thread 3 ] DEBUG Engine               - class com.almasb.fxgl.ui.FXGLDialogFactoryServiceProvider
17:18:53.366 [FXGL Background Thread 3 ] DEBUG Engine               - class com.almasb.fxgl.audio.AudioPlayer
17:18:53.366 [FXGL Background Thread 3 ] DEBUG Engine               - class com.almasb.fxgl.notification.impl.NotificationServiceProvider
17:18:53.366 [FXGL Background Thread 3 ] DEBUG Engine               - class com.almasb.fxgl.achievement.AchievementService
17:18:53.366 [FXGL Background Thread 3 ] DEBUG Engine               - class com.almasb.fxgl.cutscene.CutsceneService
17:18:53.367 [FXGL Background Thread 3 ] DEBUG Engine               - class com.almasb.fxgl.minigames.MiniGameService
17:18:53.367 [FXGL Background Thread 3 ] DEBUG Engine               - class com.almasb.fxgl.net.NetService
17:18:53.367 [FXGL Background Thread 3 ] DEBUG Engine               - class com.almasb.fxgl.app.services.UpdaterService
17:18:53.367 [FXGL Background Thread 3 ] DEBUG Engine               - class com.almasb.fxgl.dev.DevService
17:19:14.403 [JavaFX Application Thread] DEBUG FXGLApplication      - Exiting FXGL
17:19:14.404 [JavaFX Application Thread] DEBUG LoopRunner           - Stopping loop
17:19:14.404 [JavaFX Application Thread] DEBUG SystemBundleService  - Saving FXGL system data
17:19:14.408 [JavaFX Application Thread] DEBUG FileSystemAccess     - Writing to: E:\space_java\Game\game_datbom\system\fxgl.bundle
17:19:14.414 [JavaFX Application Thread] DEBUG Async                - Shutting down background threads
17:19:14.414 [JavaFX Application Thread] DEBUG PrimaryStageWindow   - Closing main window
17:19:14.443 [JavaFX Application Thread] DEBUG Logger               - Closing Logger
