03:01:02.864 [main                     ] DEBUG Logger               - Configured Logger
03:01:02.878 [main                     ] DEBUG GameApplication      - Logging settings
Title: Bomberman
Version: 1.0
Width: 1280
Height: 800
Fullscreen: false
Intro: false
Profiling: false
Single step:false
App Mode: DEVELOPER
Menu Key: ESCAPE
Stage Style: DECORATED
Scene Factory: class hellofx.Main$1

03:01:02.962 [JavaFX Application Thread] DEBUG FXGLApplication      - Initializing FXGL
03:01:02.966 [JavaFX Application Thread] INFO  Engine               - FXGL-17.1 (24.03.2022 17.34) on WINDOWS (J:18.0.2.1 FX:18)
03:01:02.967 [JavaFX Application Thread] DEBUG Engine               - JRE Vendor Name: Oracle Corporation
03:01:02.967 [JavaFX Application Thread] DEBUG Engine               - Running on OS: Windows 11 version 10.0
03:01:02.967 [JavaFX Application Thread] DEBUG Engine               - Architecture: amd64
03:01:02.967 [JavaFX Application Thread] INFO  Engine               - Source code and latest versions at: https://github.com/AlmasB/FXGL
03:01:02.967 [JavaFX Application Thread] INFO  Engine               -       Ask questions and discuss at: https://github.com/AlmasB/FXGL/discussions
03:01:02.967 [JavaFX Application Thread] INFO  Engine               -              Join the FXGL chat at: https://gitter.im/AlmasB/FXGL
03:01:03.005 [JavaFX Application Thread] DEBUG PrimaryStageWindow   - Creating a JavaFX scene
03:01:03.042 [JavaFX Application Thread] DEBUG PrimaryStageWindow   - Target settings size: 1280.0 x 800.0
03:01:03.042 [JavaFX Application Thread] DEBUG PrimaryStageWindow   - Scaled scene size:    1280.0 x 800.0
03:01:03.043 [JavaFX Application Thread] DEBUG PrimaryStageWindow   - Scaled ratio: (1.0, 1.0)
03:01:03.043 [JavaFX Application Thread] DEBUG PrimaryStageWindow   - Set initial scene to FXGLStartupScene
03:01:03.048 [JavaFX Application Thread] DEBUG PrimaryStageWindow   - Opening main window
03:01:03.116 [JavaFX Application Thread] DEBUG PrimaryStageWindow   - Window border size: (16.0, 39.0)
03:01:03.116 [JavaFX Application Thread] DEBUG PrimaryStageWindow   - Scaled size: 1280.0 x 800.0
03:01:03.117 [JavaFX Application Thread] DEBUG PrimaryStageWindow   - Scaled ratio: (1.0, 1.0)
03:01:03.117 [JavaFX Application Thread] DEBUG PrimaryStageWindow   - Scene size: 1280.0 x 800.0
03:01:03.117 [JavaFX Application Thread] DEBUG PrimaryStageWindow   - Stage size: 1296.0 x 839.0
03:01:03.129 [FXGL Background Thread 1 ] DEBUG Engine               - Initializing environment variables
03:01:03.187 [FXGL Background Thread 1 ] DEBUG FXGLAssetLoaderServi - User app class for loading assets: class hellofx.Main
03:01:03.187 [FXGL Background Thread 1 ] DEBUG GameApplicationServi - Applying CSS: fxgl_dark.css
03:01:03.188 [FXGL Background Thread 1 ] DEBUG FXGLAssetLoaderServi - Loading from file system: jar:file:/C:/Users/chaum/.m2/repository/com/github/almasb/fxgl/17.1/fxgl-17.1.jar!/fxglassets/ui/css/fxgl_dark.css
03:01:03.222 [FXGL Background Thread 1 ] DEBUG GameApplicationServi - Initializing application scenes
03:01:03.262 [FXGL Background Thread 1 ] DEBUG GameWorld            - Game world initialized
03:01:03.302 [FXGL Background Thread 1 ] DEBUG PhysicsWorld         - Physics world initialized: appHeight=800, physics.ppm=50.0
03:01:03.303 [FXGL Background Thread 1 ] DEBUG PhysicsWorld         - Using strategy: BRUTE_FORCE
03:01:03.305 [FXGL Background Thread 1 ] DEBUG GameScene            - Game scene initialized: 1280x800
03:01:03.359 [FXGL Background Thread 1 ] DEBUG GameApplicationServi - Application scenes initialized
03:01:03.367 [FXGL Background Thread 1 ] DEBUG SystemBundleService  - Loading FXGL system data
03:01:03.378 [FXGL Background Thread 1 ] DEBUG FileSystemAccess     - Reading from: E:\space_java\Game\game_datbom\system\fxgl.bundle
03:01:03.385 [FXGL Background Thread 1 ] DEBUG SystemBundleService  - Bundle FXGL: {}
03:01:03.385 [FXGL Background Thread 1 ] DEBUG UpdaterService       - Checking for updates
03:01:03.422 [FXGL Background Thread 4 ] DEBUG FXGLApplication      - Loading fonts
03:01:03.423 [FXGL Background Thread 4 ] DEBUG FXGLAssetLoaderServi - Loading from file system: jar:file:/C:/Users/chaum/.m2/repository/com/github/almasb/fxgl/17.1/fxgl-17.1.jar!/fxglassets/ui/fonts/VarelaRound-Regular.ttf
03:01:03.423 [FXGL Background Thread 1 ] DEBUG FXGLApplication      - Loading default localization
03:01:03.424 [FXGL Background Thread 1 ] DEBUG FXGLAssetLoaderServi - Loading from file system: jar:file:/C:/Users/chaum/.m2/repository/com/github/almasb/fxgl/17.1/fxgl-17.1.jar!/fxglassets/languages/english.lang
03:01:03.449 [FXGL Background Thread 1 ] INFO  FXGLApplication      - FXGL initialization took: 0.320 sec
03:01:03.463 [JavaFX Application Thread] DEBUG Input                - Registered new binding: action0 - F
03:01:03.463 [JavaFX Application Thread] DEBUG Input                - Registered new binding: action1 - G
03:01:03.464 [JavaFX Application Thread] DEBUG Input                - Registered new binding: action2 - R
03:01:03.464 [JavaFX Application Thread] DEBUG Input                - Registered new binding: action3 - T
03:01:03.464 [JavaFX Application Thread] DEBUG Input                - Registered new binding: Right - D
03:01:03.464 [JavaFX Application Thread] DEBUG Input                - Registered new binding: Left - A
03:01:03.464 [JavaFX Application Thread] DEBUG Input                - Registered new binding: Up - W
03:01:03.464 [JavaFX Application Thread] DEBUG Input                - Registered new binding: Down - S
03:01:03.465 [JavaFX Application Thread] DEBUG Input                - Registered new binding: Place boom - Space
03:01:03.465 [JavaFX Application Thread] DEBUG FXGLAssetLoaderServi - Loading from file system: file:/E:/space_java/Game/game_datbom/target/classes/assets/textures/icon/icon.png
03:01:03.501 [FXGL Background Thread 4 ] DEBUG FXGLAssetLoaderServi - Loading from file system: jar:file:/C:/Users/chaum/.m2/repository/com/github/almasb/fxgl/17.1/fxgl-17.1.jar!/fxglassets/ui/fonts/Abel-Regular.ttf
03:01:03.504 [FXGL Background Thread 4 ] DEBUG FXGLAssetLoaderServi - Loading from file system: jar:file:/C:/Users/chaum/.m2/repository/com/github/almasb/fxgl/17.1/fxgl-17.1.jar!/fxglassets/ui/fonts/TerminalLandMono-Regular.otf
03:01:03.506 [JavaFX Application Thread] DEBUG FXGLAssetLoaderServi - Loading from file system: file:/E:/space_java/Game/game_datbom/target/classes/assets/textures/cursor/cursor1.png
03:01:03.510 [FXGL Background Thread 4 ] DEBUG FXGLAssetLoaderServi - Loading from file system: jar:file:/C:/Users/chaum/.m2/repository/com/github/almasb/fxgl/17.1/fxgl-17.1.jar!/fxglassets/ui/fonts/Courier-Prime.ttf
03:01:03.514 [JavaFX Application Thread] DEBUG Input                - Registered new binding: Screenshot - CTRL+8
03:01:03.514 [JavaFX Application Thread] DEBUG Input                - Registered new binding: Dev Options - 1
03:01:03.515 [JavaFX Application Thread] DEBUG Input                - Registered new binding: Dev Console - 2
03:01:03.515 [JavaFX Application Thread] DEBUG Input                - Registered new binding: System info dump - CTRL+9
03:01:03.515 [JavaFX Application Thread] DEBUG Input                - Registered new binding: Restart - CTRL+R
03:01:03.516 [JavaFX Application Thread] DEBUG Input                - Registered new binding: Toggle Debug Camera - CTRL+7
03:01:03.518 [JavaFX Application Thread] DEBUG LoopRunner           - Starting loop
03:01:03.530 [JavaFX Application Thread] DEBUG LoopRunner           - Initializing JavaFX AnimationTimerLoop
03:01:03.533 [JavaFX Application Thread] DEBUG Input                - Clearing active input actions
03:01:03.538 [JavaFX Application Thread] DEBUG GameApplicationServi - Removing overlay from FXGLStartupScene and adding to FXGLMainMenuDummyScene
03:01:03.543 [JavaFX Application Thread] DEBUG PrimaryStageWindow   - FXGLStartupScene -> FXGLMainMenuDummyScene
03:01:03.543 [JavaFX Application Thread] DEBUG PrimaryStageWindow   - Push state: MainMenu
03:01:03.543 [JavaFX Application Thread] DEBUG Input                - Clearing active input actions
03:01:03.546 [JavaFX Application Thread] DEBUG GameApplicationServi - Removing overlay from FXGLMainMenuDummyScene and adding to MainMenu
03:01:03.547 [JavaFX Application Thread] DEBUG PrimaryStageWindow   - FXGLMainMenuDummyScene -> MainMenu
03:01:03.547 [JavaFX Application Thread] DEBUG FXGLApplication      - Registering font factories with UI factory
03:01:03.909 [FXGL Background Thread 2 ] INFO  UpdaterService       - Your current version:  17.1
03:01:03.909 [FXGL Background Thread 2 ] INFO  UpdaterService       - Latest stable version: 17.2
03:01:05.169 [JavaFX Application Thread] DEBUG Menu                 - fireNewGame()
03:01:05.170 [JavaFX Application Thread] DEBUG GameApplicationServi - Starting new game
03:01:05.170 [JavaFX Application Thread] DEBUG PrimaryStageWindow   - Pop state: MainMenu
03:01:05.170 [JavaFX Application Thread] DEBUG Input                - Clearing active input actions
03:01:05.172 [JavaFX Application Thread] DEBUG GameApplicationServi - Removing overlay from MainMenu and adding to FXGLMainMenuDummyScene
03:01:05.174 [JavaFX Application Thread] DEBUG PrimaryStageWindow   - FXGLMainMenuDummyScene <- MainMenu
03:01:05.174 [JavaFX Application Thread] DEBUG Input                - Clearing active input actions
03:01:05.179 [JavaFX Application Thread] DEBUG GameApplicationServi - Removing overlay from FXGLMainMenuDummyScene and adding to FXGLLoadingScene
03:01:05.180 [JavaFX Application Thread] DEBUG PrimaryStageWindow   - FXGLMainMenuDummyScene -> FXGLLoadingScene
03:01:05.180 [JavaFX Application Thread] DEBUG GameApplicationServi - Clearing previous game
03:01:05.180 [JavaFX Application Thread] DEBUG GameScene            - Clearing game scene
03:01:05.180 [JavaFX Application Thread] DEBUG GameWorld            - Clearing game world
03:01:05.180 [JavaFX Application Thread] DEBUG PhysicsWorld         - Clearing physics world
03:01:05.182 [FXGL Background Thread 2 ] DEBUG FXGLApplication      - Initializing game
03:01:05.215 [FXGL Background Thread 2 ] DEBUG FXGLAssetLoaderServi - Loading from file system: file:/E:/space_java/Game/game_datbom/target/classes/assets/textures/mapTexture/grass.png
03:01:05.223 [FXGL Background Thread 2 ] DEBUG FXGLAssetLoaderServi - Loading from file system: file:/E:/space_java/Game/game_datbom/target/classes/assets/textures/mapTexture/wall2.png
03:01:05.378 [FXGL Background Thread 2 ] DEBUG FXGLAssetLoaderServi - Loading from file system: file:/E:/space_java/Game/game_datbom/target/classes/assets/textures/enemy/balloon36.png
03:01:05.423 [FXGL Background Thread 2 ] DEBUG FXGLAssetLoaderServi - Loading from file system: file:/E:/space_java/Game/game_datbom/target/classes/assets/textures/character/gold_player_dead.png
03:01:05.425 [FXGL Background Thread 2 ] DEBUG FXGLAssetLoaderServi - Loading from file system: file:/E:/space_java/Game/game_datbom/target/classes/assets/textures/character/gold_player_down.png
03:01:05.427 [FXGL Background Thread 2 ] DEBUG FXGLAssetLoaderServi - Loading from file system: file:/E:/space_java/Game/game_datbom/target/classes/assets/textures/character/gold_player_up.png
03:01:05.429 [FXGL Background Thread 2 ] DEBUG FXGLAssetLoaderServi - Loading from file system: file:/E:/space_java/Game/game_datbom/target/classes/assets/textures/character/gold_player_left_temp.png
03:01:05.430 [FXGL Background Thread 2 ] DEBUG FXGLAssetLoaderServi - Loading from file system: file:/E:/space_java/Game/game_datbom/target/classes/assets/textures/character/gold_player_right_temp.png
03:01:05.432 [FXGL Background Thread 2 ] INFO  FXGLApplication      - Game initialization took: 0.250 sec
03:01:05.433 [JavaFX Application Thread] DEBUG Input                - Clearing active input actions
03:01:05.445 [JavaFX Application Thread] DEBUG GameApplicationServi - Removing overlay from FXGLLoadingScene and adding to GameScene
03:01:05.447 [JavaFX Application Thread] DEBUG PrimaryStageWindow   - FXGLLoadingScene -> GameScene
03:01:06.416 [FXGL Background Thread 3 ] DEBUG Engine               - Logging environment variables
03:01:06.416 [FXGL Background Thread 3 ] DEBUG Engine               - achievements: []
03:01:06.416 [FXGL Background Thread 3 ] DEBUG Engine               - actualHeight: 800.0
03:01:06.417 [FXGL Background Thread 3 ] DEBUG Engine               - actualHeightProperty: ReadOnlyDoubleProperty [value: 800.0]
03:01:06.417 [FXGL Background Thread 3 ] DEBUG Engine               - actualWidth: 1280.0
03:01:06.417 [FXGL Background Thread 3 ] DEBUG Engine               - actualWidthProperty: ReadOnlyDoubleProperty [value: 1280.0]
03:01:06.417 [FXGL Background Thread 3 ] DEBUG Engine               - appIcon: icon/icon.png
03:01:06.417 [FXGL Background Thread 3 ] DEBUG Engine               - applicationMode: DEVELOPER
03:01:06.417 [FXGL Background Thread 3 ] DEBUG Engine               - cSSList: [fxgl_dark.css]
03:01:06.417 [FXGL Background Thread 3 ] DEBUG Engine               - collisionDetectionStrategy: BRUTE_FORCE
03:01:06.417 [FXGL Background Thread 3 ] DEBUG Engine               - configClass: Optional.empty
03:01:06.417 [FXGL Background Thread 3 ] DEBUG Engine               - credits: []
03:01:06.418 [FXGL Background Thread 3 ] DEBUG Engine               - defaultCursor: CursorInfo(imageName=cursor/cursor1.png, hotspotX=0.0, hotspotY=0.0)
03:01:06.418 [FXGL Background Thread 3 ] DEBUG Engine               - devBBoxColorProperty: ObjectProperty [value: 0xff0000ff]
03:01:06.418 [FXGL Background Thread 3 ] DEBUG Engine               - devEnableDebugCameraProperty: BooleanProperty [value: false]
03:01:06.418 [FXGL Background Thread 3 ] DEBUG Engine               - devSensorColorProperty: ObjectProperty [value: 0xffff00ff]
03:01:06.419 [FXGL Background Thread 3 ] DEBUG Engine               - devShowBBoxProperty: BooleanProperty [value: false]
03:01:06.419 [FXGL Background Thread 3 ] DEBUG Engine               - devShowPositionProperty: BooleanProperty [value: false]
03:01:06.419 [FXGL Background Thread 3 ] DEBUG Engine               - enabledMenuItems: []
03:01:06.419 [FXGL Background Thread 3 ] DEBUG Engine               - engineServices: [class com.almasb.fxgl.app.services.FXGLAssetLoaderService, class com.almasb.fxgl.app.FXGLApplication$GameApplicationService, class com.almasb.fxgl.app.services.FXGLDialogService, class com.almasb.fxgl.app.services.IOTaskExecutorService, class com.almasb.fxgl.io.FileSystemService, class com.almasb.fxgl.localization.LocalizationService, class com.almasb.fxgl.app.services.SystemBundleService, class com.almasb.fxgl.profile.SaveLoadService, class com.almasb.fxgl.ui.FXGLUIFactoryServiceProvider, class com.almasb.fxgl.ui.FXGLDialogFactoryServiceProvider, class com.almasb.fxgl.audio.AudioPlayer, class com.almasb.fxgl.notification.impl.NotificationServiceProvider, class com.almasb.fxgl.achievement.AchievementService, class com.almasb.fxgl.cutscene.CutsceneService, class com.almasb.fxgl.minigames.MiniGameService, class com.almasb.fxgl.net.NetService, class com.almasb.fxgl.app.services.UpdaterService, class com.almasb.fxgl.dev.DevService]
03:01:06.419 [FXGL Background Thread 3 ] DEBUG Engine               - fontGame: Abel-Regular.ttf
03:01:06.419 [FXGL Background Thread 3 ] DEBUG Engine               - fontMono: TerminalLandMono-Regular.otf
03:01:06.419 [FXGL Background Thread 3 ] DEBUG Engine               - fontText: Courier-Prime.ttf
03:01:06.419 [FXGL Background Thread 3 ] DEBUG Engine               - fontUI: VarelaRound-Regular.ttf
03:01:06.419 [FXGL Background Thread 3 ] DEBUG Engine               - fullScreen: BooleanProperty [value: false]
03:01:06.419 [FXGL Background Thread 3 ] DEBUG Engine               - gameDifficulty: MEDIUM
03:01:06.419 [FXGL Background Thread 3 ] DEBUG Engine               - gameDifficultyProperty: ObjectProperty [value: MEDIUM]
03:01:06.419 [FXGL Background Thread 3 ] DEBUG Engine               - globalMusicVolume: 0.5
03:01:06.419 [FXGL Background Thread 3 ] DEBUG Engine               - globalMusicVolumeProperty: DoubleProperty [value: 0.5]
03:01:06.419 [FXGL Background Thread 3 ] DEBUG Engine               - globalSoundVolume: 0.5
03:01:06.419 [FXGL Background Thread 3 ] DEBUG Engine               - globalSoundVolumeProperty: DoubleProperty [value: 0.5]
03:01:06.419 [FXGL Background Thread 3 ] DEBUG Engine               - height: 800
03:01:06.419 [FXGL Background Thread 3 ] DEBUG Engine               - is3D: false
03:01:06.419 [FXGL Background Thread 3 ] DEBUG Engine               - isAndroid: false
03:01:06.420 [FXGL Background Thread 3 ] DEBUG Engine               - isBrowser: false
03:01:06.420 [FXGL Background Thread 3 ] DEBUG Engine               - isClickFeedbackEnabled: false
03:01:06.420 [FXGL Background Thread 3 ] DEBUG Engine               - isCloseConfirmation: false
03:01:06.420 [FXGL Background Thread 3 ] DEBUG Engine               - isDesktop: true
03:01:06.420 [FXGL Background Thread 3 ] DEBUG Engine               - isDeveloperMenuEnabled: true
03:01:06.420 [FXGL Background Thread 3 ] DEBUG Engine               - isEmbedded: false
03:01:06.420 [FXGL Background Thread 3 ] DEBUG Engine               - isEntityPreloadEnabled: true
03:01:06.420 [FXGL Background Thread 3 ] DEBUG Engine               - isExperimentalTiledLargeMap: false
03:01:06.420 [FXGL Background Thread 3 ] DEBUG Engine               - isFileSystemWriteAllowed: true
03:01:06.420 [FXGL Background Thread 3 ] DEBUG Engine               - isFullScreenAllowed: false
03:01:06.420 [FXGL Background Thread 3 ] DEBUG Engine               - isFullScreenFromStart: false
03:01:06.420 [FXGL Background Thread 3 ] DEBUG Engine               - isGameMenuEnabled: true
03:01:06.420 [FXGL Background Thread 3 ] DEBUG Engine               - isIOS: false
03:01:06.420 [FXGL Background Thread 3 ] DEBUG Engine               - isIntroEnabled: false
03:01:06.420 [FXGL Background Thread 3 ] DEBUG Engine               - isLinux: false
03:01:06.420 [FXGL Background Thread 3 ] DEBUG Engine               - isMac: false
03:01:06.420 [FXGL Background Thread 3 ] DEBUG Engine               - isMainMenuEnabled: true
03:01:06.420 [FXGL Background Thread 3 ] DEBUG Engine               - isManualResizeEnabled: false
03:01:06.421 [FXGL Background Thread 3 ] DEBUG Engine               - isMobile: false
03:01:06.421 [FXGL Background Thread 3 ] DEBUG Engine               - isNative: false
03:01:06.421 [FXGL Background Thread 3 ] DEBUG Engine               - isPauseMusicWhenMinimized: true
03:01:06.421 [FXGL Background Thread 3 ] DEBUG Engine               - isPreserveResizeRatio: false
03:01:06.421 [FXGL Background Thread 3 ] DEBUG Engine               - isProfilingEnabled: false
03:01:06.421 [FXGL Background Thread 3 ] DEBUG Engine               - isScaleAffectedOnResize: true
03:01:06.421 [FXGL Background Thread 3 ] DEBUG Engine               - isSingleStep: false
03:01:06.421 [FXGL Background Thread 3 ] DEBUG Engine               - isUserProfileEnabled: false
03:01:06.421 [FXGL Background Thread 3 ] DEBUG Engine               - isWindows: true
03:01:06.421 [FXGL Background Thread 3 ] DEBUG Engine               - language: ObjectProperty [value: ENGLISH]
03:01:06.421 [FXGL Background Thread 3 ] DEBUG Engine               - menuKey: ESCAPE
03:01:06.421 [FXGL Background Thread 3 ] DEBUG Engine               - mouseSensitivity: 0.2
03:01:06.421 [FXGL Background Thread 3 ] DEBUG Engine               - notificationViewClass: class com.almasb.fxgl.notification.view.XboxNotificationView
03:01:06.421 [FXGL Background Thread 3 ] DEBUG Engine               - pixelsPerMeter: 50.0
03:01:06.421 [FXGL Background Thread 3 ] DEBUG Engine               - platform: WINDOWS
03:01:06.421 [FXGL Background Thread 3 ] DEBUG Engine               - prefHeightProperty: ReadOnlyDoubleProperty [value: 800.0]
03:01:06.421 [FXGL Background Thread 3 ] DEBUG Engine               - prefWidthProperty: ReadOnlyDoubleProperty [value: 1280.0]
03:01:06.421 [FXGL Background Thread 3 ] DEBUG Engine               - profileDir: profiles/
03:01:06.422 [FXGL Background Thread 3 ] DEBUG Engine               - profileName: StringProperty [value: DEFAULT]
03:01:06.422 [FXGL Background Thread 3 ] DEBUG Engine               - randomSeed: -1
03:01:06.422 [FXGL Background Thread 3 ] DEBUG Engine               - runtimeInfo: RuntimeInfo(platform=WINDOWS, version=17.1, build=24.03.2022 17.34)
03:01:06.422 [FXGL Background Thread 3 ] DEBUG Engine               - saveFileExt: sav
03:01:06.422 [FXGL Background Thread 3 ] DEBUG Engine               - scaledHeightProp$fxgl: DoubleProperty [bound, value: 800.0]
03:01:06.422 [FXGL Background Thread 3 ] DEBUG Engine               - scaledWidthProp$fxgl: DoubleProperty [bound, value: 1280.0]
03:01:06.422 [FXGL Background Thread 3 ] DEBUG Engine               - sceneFactory: hellofx.Main$1@71e9a9ab
03:01:06.422 [FXGL Background Thread 3 ] DEBUG Engine               - secondsIn24h: 60
03:01:06.422 [FXGL Background Thread 3 ] DEBUG Engine               - soundMenuBack: menu/back.wav
03:01:06.422 [FXGL Background Thread 3 ] DEBUG Engine               - soundMenuPress: menu/press.wav
03:01:06.422 [FXGL Background Thread 3 ] DEBUG Engine               - soundMenuSelect: menu/select.wav
03:01:06.422 [FXGL Background Thread 3 ] DEBUG Engine               - soundNotification: core/notification.wav
03:01:06.422 [FXGL Background Thread 3 ] DEBUG Engine               - stageStyle: DECORATED
03:01:06.422 [FXGL Background Thread 3 ] DEBUG Engine               - supportedLanguages: [ENGLISH, FRENCH, GERMAN, HUNGARIAN, RUSSIAN]
03:01:06.422 [FXGL Background Thread 3 ] DEBUG Engine               - ticksPerSecond: -1
03:01:06.422 [FXGL Background Thread 3 ] DEBUG Engine               - title: Bomberman
03:01:06.422 [FXGL Background Thread 3 ] DEBUG Engine               - urlGithub: https://github.com/AlmasB/FXGL
03:01:06.422 [FXGL Background Thread 3 ] DEBUG Engine               - urlLeaderboard: http://fxgl-top.herokuapp.com/
03:01:06.422 [FXGL Background Thread 3 ] DEBUG Engine               - urlPOM: https://raw.githubusercontent.com/AlmasB/FXGL/release/README.md
03:01:06.422 [FXGL Background Thread 3 ] DEBUG Engine               - userAppClass: class hellofx.Main
03:01:06.422 [FXGL Background Thread 3 ] DEBUG Engine               - version: 1.0
03:01:06.422 [FXGL Background Thread 3 ] DEBUG Engine               - versionCheckDays: 7
03:01:06.423 [FXGL Background Thread 3 ] DEBUG Engine               - width: 1280
03:01:06.423 [FXGL Background Thread 3 ] DEBUG Engine               - Logging services
03:01:06.423 [FXGL Background Thread 3 ] DEBUG Engine               - class com.almasb.fxgl.app.services.FXGLAssetLoaderService
03:01:06.423 [FXGL Background Thread 3 ] DEBUG Engine               - class com.almasb.fxgl.app.FXGLApplication$GameApplicationService
03:01:06.423 [FXGL Background Thread 3 ] DEBUG Engine               - class com.almasb.fxgl.app.services.FXGLDialogService
03:01:06.423 [FXGL Background Thread 3 ] DEBUG Engine               - class com.almasb.fxgl.app.services.IOTaskExecutorService
03:01:06.423 [FXGL Background Thread 3 ] DEBUG Engine               - class com.almasb.fxgl.io.FileSystemService
03:01:06.423 [FXGL Background Thread 3 ] DEBUG Engine               - class com.almasb.fxgl.localization.LocalizationService
03:01:06.423 [FXGL Background Thread 3 ] DEBUG Engine               - class com.almasb.fxgl.app.services.SystemBundleService
03:01:06.423 [FXGL Background Thread 3 ] DEBUG Engine               - class com.almasb.fxgl.profile.SaveLoadService
03:01:06.423 [FXGL Background Thread 3 ] DEBUG Engine               - class com.almasb.fxgl.ui.FXGLUIFactoryServiceProvider
03:01:06.423 [FXGL Background Thread 3 ] DEBUG Engine               - class com.almasb.fxgl.ui.FXGLDialogFactoryServiceProvider
03:01:06.423 [FXGL Background Thread 3 ] DEBUG Engine               - class com.almasb.fxgl.audio.AudioPlayer
03:01:06.423 [FXGL Background Thread 3 ] DEBUG Engine               - class com.almasb.fxgl.notification.impl.NotificationServiceProvider
03:01:06.423 [FXGL Background Thread 3 ] DEBUG Engine               - class com.almasb.fxgl.achievement.AchievementService
03:01:06.423 [FXGL Background Thread 3 ] DEBUG Engine               - class com.almasb.fxgl.cutscene.CutsceneService
03:01:06.423 [FXGL Background Thread 3 ] DEBUG Engine               - class com.almasb.fxgl.minigames.MiniGameService
03:01:06.423 [FXGL Background Thread 3 ] DEBUG Engine               - class com.almasb.fxgl.net.NetService
03:01:06.423 [FXGL Background Thread 3 ] DEBUG Engine               - class com.almasb.fxgl.app.services.UpdaterService
03:01:06.423 [FXGL Background Thread 3 ] DEBUG Engine               - class com.almasb.fxgl.dev.DevService
03:01:34.787 [JavaFX Application Thread] DEBUG FXGLApplication      - Exiting FXGL
03:01:34.787 [JavaFX Application Thread] DEBUG LoopRunner           - Stopping loop
03:01:34.787 [JavaFX Application Thread] DEBUG SystemBundleService  - Saving FXGL system data
03:01:34.790 [JavaFX Application Thread] DEBUG FileSystemAccess     - Writing to: E:\space_java\Game\game_datbom\system\fxgl.bundle
03:01:34.794 [JavaFX Application Thread] DEBUG Async                - Shutting down background threads
03:01:34.794 [JavaFX Application Thread] DEBUG PrimaryStageWindow   - Closing main window
03:01:34.819 [JavaFX Application Thread] DEBUG Logger               - Closing Logger
