17:23:37.735 [main                     ] DEBUG Logger               - Configured Logger
17:23:37.753 [main                     ] DEBUG GameApplication      - Logging settings
Title: Bomberman
Version: 1.0
Width: 1280
Height: 720
Fullscreen: false
Intro: false
Profiling: false
Single step:false
App Mode: DEVELOPER
Menu Key: ESCAPE
Stage Style: DECORATED
Scene Factory: class hellofx.Main$1

17:23:37.857 [JavaFX Application Thread] DEBUG FXGLApplication      - Initializing FXGL
17:23:37.863 [JavaFX Application Thread] INFO  Engine               - FXGL-17.1 (24.03.2022 17.34) on WINDOWS (J:18.0.2.1 FX:18)
17:23:37.864 [JavaFX Application Thread] DEBUG Engine               - JRE Vendor Name: Oracle Corporation
17:23:37.864 [JavaFX Application Thread] DEBUG Engine               - Running on OS: Windows 11 version 10.0
17:23:37.864 [JavaFX Application Thread] DEBUG Engine               - Architecture: amd64
17:23:37.864 [JavaFX Application Thread] INFO  Engine               - Source code and latest versions at: https://github.com/AlmasB/FXGL
17:23:37.865 [JavaFX Application Thread] INFO  Engine               -       Ask questions and discuss at: https://github.com/AlmasB/FXGL/discussions
17:23:37.865 [JavaFX Application Thread] INFO  Engine               -              Join the FXGL chat at: https://gitter.im/AlmasB/FXGL
17:23:37.913 [JavaFX Application Thread] DEBUG PrimaryStageWindow   - Creating a JavaFX scene
17:23:37.955 [JavaFX Application Thread] DEBUG PrimaryStageWindow   - Target settings size: 1280.0 x 720.0
17:23:37.955 [JavaFX Application Thread] DEBUG PrimaryStageWindow   - Scaled scene size:    1280.0 x 720.0
17:23:37.956 [JavaFX Application Thread] DEBUG PrimaryStageWindow   - Scaled ratio: (1.0, 1.0)
17:23:37.957 [JavaFX Application Thread] DEBUG PrimaryStageWindow   - Set initial scene to FXGLStartupScene
17:23:37.965 [JavaFX Application Thread] DEBUG PrimaryStageWindow   - Opening main window
17:23:38.051 [JavaFX Application Thread] DEBUG PrimaryStageWindow   - Window border size: (16.0, 39.0)
17:23:38.051 [JavaFX Application Thread] DEBUG PrimaryStageWindow   - Scaled size: 1280.0 x 720.0
17:23:38.051 [JavaFX Application Thread] DEBUG PrimaryStageWindow   - Scaled ratio: (1.0, 1.0)
17:23:38.051 [JavaFX Application Thread] DEBUG PrimaryStageWindow   - Scene size: 1280.0 x 720.0
17:23:38.052 [JavaFX Application Thread] DEBUG PrimaryStageWindow   - Stage size: 1296.0 x 759.0
17:23:38.064 [FXGL Background Thread 1 ] DEBUG Engine               - Initializing environment variables
17:23:38.134 [FXGL Background Thread 1 ] DEBUG FXGLAssetLoaderServi - User app class for loading assets: class hellofx.Main
17:23:38.134 [FXGL Background Thread 1 ] DEBUG GameApplicationServi - Applying CSS: fxgl_dark.css
17:23:38.135 [FXGL Background Thread 1 ] DEBUG FXGLAssetLoaderServi - Loading from file system: jar:file:/C:/Users/chaum/.m2/repository/com/github/almasb/fxgl/17.1/fxgl-17.1.jar!/fxglassets/ui/css/fxgl_dark.css
17:23:38.175 [FXGL Background Thread 1 ] DEBUG GameApplicationServi - Initializing application scenes
17:23:38.220 [FXGL Background Thread 1 ] DEBUG GameWorld            - Game world initialized
17:23:38.266 [FXGL Background Thread 1 ] DEBUG PhysicsWorld         - Physics world initialized: appHeight=720, physics.ppm=50.0
17:23:38.266 [FXGL Background Thread 1 ] DEBUG PhysicsWorld         - Using strategy: BRUTE_FORCE
17:23:38.270 [FXGL Background Thread 1 ] DEBUG GameScene            - Game scene initialized: 1280x720
17:23:38.350 [FXGL Background Thread 1 ] DEBUG GameApplicationServi - Application scenes initialized
17:23:38.372 [FXGL Background Thread 1 ] DEBUG SystemBundleService  - Loading FXGL system data
17:23:38.376 [FXGL Background Thread 1 ] DEBUG FileSystemAccess     - Reading from: E:\space_java\Game\game_datbom\system\fxgl.bundle
17:23:38.385 [FXGL Background Thread 1 ] DEBUG SystemBundleService  - Bundle FXGL: {}
17:23:38.385 [FXGL Background Thread 1 ] DEBUG UpdaterService       - Checking for updates
17:23:38.413 [FXGL Background Thread 4 ] DEBUG FXGLApplication      - Loading fonts
17:23:38.413 [FXGL Background Thread 4 ] DEBUG FXGLAssetLoaderServi - Loading from file system: jar:file:/C:/Users/chaum/.m2/repository/com/github/almasb/fxgl/17.1/fxgl-17.1.jar!/fxglassets/ui/fonts/VarelaRound-Regular.ttf
17:23:38.413 [FXGL Background Thread 1 ] DEBUG FXGLApplication      - Loading default localization
17:23:38.414 [FXGL Background Thread 1 ] DEBUG FXGLAssetLoaderServi - Loading from file system: jar:file:/C:/Users/chaum/.m2/repository/com/github/almasb/fxgl/17.1/fxgl-17.1.jar!/fxglassets/languages/english.lang
17:23:38.435 [FXGL Background Thread 1 ] INFO  FXGLApplication      - FXGL initialization took: 0.370 sec
17:23:38.447 [JavaFX Application Thread] DEBUG Input                - Registered new binding: action0 - F
17:23:38.447 [JavaFX Application Thread] DEBUG Input                - Registered new binding: action1 - G
17:23:38.448 [JavaFX Application Thread] DEBUG Input                - Registered new binding: action2 - R
17:23:38.448 [JavaFX Application Thread] DEBUG Input                - Registered new binding: action3 - T
17:23:38.448 [JavaFX Application Thread] DEBUG Input                - Registered new binding: Right - D
17:23:38.449 [JavaFX Application Thread] DEBUG Input                - Registered new binding: Left - A
17:23:38.449 [JavaFX Application Thread] DEBUG Input                - Registered new binding: Up - W
17:23:38.449 [JavaFX Application Thread] DEBUG Input                - Registered new binding: Down - S
17:23:38.449 [JavaFX Application Thread] DEBUG Input                - Registered new binding: Place boom - Space
17:23:38.449 [JavaFX Application Thread] DEBUG FXGLAssetLoaderServi - Loading from file system: file:/E:/space_java/Game/game_datbom/target/classes/assets/textures/icon/icon.png
17:23:38.476 [FXGL Background Thread 4 ] DEBUG FXGLAssetLoaderServi - Loading from file system: jar:file:/C:/Users/chaum/.m2/repository/com/github/almasb/fxgl/17.1/fxgl-17.1.jar!/fxglassets/ui/fonts/Abel-Regular.ttf
17:23:38.487 [FXGL Background Thread 4 ] DEBUG FXGLAssetLoaderServi - Loading from file system: jar:file:/C:/Users/chaum/.m2/repository/com/github/almasb/fxgl/17.1/fxgl-17.1.jar!/fxglassets/ui/fonts/TerminalLandMono-Regular.otf
17:23:38.490 [FXGL Background Thread 4 ] DEBUG FXGLAssetLoaderServi - Loading from file system: jar:file:/C:/Users/chaum/.m2/repository/com/github/almasb/fxgl/17.1/fxgl-17.1.jar!/fxglassets/ui/fonts/Courier-Prime.ttf
17:23:38.509 [JavaFX Application Thread] DEBUG FXGLAssetLoaderServi - Loading from file system: file:/E:/space_java/Game/game_datbom/target/classes/assets/textures/cursor/cursor1.png
17:23:38.518 [JavaFX Application Thread] DEBUG Input                - Registered new binding: Screenshot - CTRL+8
17:23:38.518 [JavaFX Application Thread] DEBUG Input                - Registered new binding: Dev Options - 1
17:23:38.519 [JavaFX Application Thread] DEBUG Input                - Registered new binding: Dev Console - 2
17:23:38.519 [JavaFX Application Thread] DEBUG Input                - Registered new binding: System info dump - CTRL+9
17:23:38.519 [JavaFX Application Thread] DEBUG Input                - Registered new binding: Restart - CTRL+R
17:23:38.520 [JavaFX Application Thread] DEBUG Input                - Registered new binding: Toggle Debug Camera - CTRL+7
17:23:38.524 [JavaFX Application Thread] DEBUG LoopRunner           - Starting loop
17:23:38.539 [JavaFX Application Thread] DEBUG LoopRunner           - Initializing JavaFX AnimationTimerLoop
17:23:38.541 [JavaFX Application Thread] DEBUG Input                - Clearing active input actions
17:23:38.549 [JavaFX Application Thread] DEBUG GameApplicationServi - Removing overlay from FXGLStartupScene and adding to FXGLMainMenuDummyScene
17:23:38.552 [JavaFX Application Thread] DEBUG PrimaryStageWindow   - FXGLStartupScene -> FXGLMainMenuDummyScene
17:23:38.553 [JavaFX Application Thread] DEBUG PrimaryStageWindow   - Push state: MainMenu
17:23:38.553 [JavaFX Application Thread] DEBUG Input                - Clearing active input actions
17:23:38.556 [JavaFX Application Thread] DEBUG GameApplicationServi - Removing overlay from FXGLMainMenuDummyScene and adding to MainMenu
17:23:38.556 [JavaFX Application Thread] DEBUG PrimaryStageWindow   - FXGLMainMenuDummyScene -> MainMenu
17:23:38.556 [JavaFX Application Thread] DEBUG FXGLApplication      - Registering font factories with UI factory
17:23:39.373 [FXGL Background Thread 2 ] INFO  UpdaterService       - Your current version:  17.1
17:23:39.373 [FXGL Background Thread 2 ] INFO  UpdaterService       - Latest stable version: 17.2
17:23:41.412 [FXGL Background Thread 3 ] DEBUG Engine               - Logging environment variables
17:23:41.414 [FXGL Background Thread 3 ] DEBUG Engine               - achievements: []
17:23:41.414 [FXGL Background Thread 3 ] DEBUG Engine               - actualHeight: 720.0
17:23:41.414 [FXGL Background Thread 3 ] DEBUG Engine               - actualHeightProperty: ReadOnlyDoubleProperty [value: 720.0]
17:23:41.414 [FXGL Background Thread 3 ] DEBUG Engine               - actualWidth: 1280.0
17:23:41.415 [FXGL Background Thread 3 ] DEBUG Engine               - actualWidthProperty: ReadOnlyDoubleProperty [value: 1280.0]
17:23:41.415 [FXGL Background Thread 3 ] DEBUG Engine               - appIcon: icon/icon.png
17:23:41.415 [FXGL Background Thread 3 ] DEBUG Engine               - applicationMode: DEVELOPER
17:23:41.415 [FXGL Background Thread 3 ] DEBUG Engine               - cSSList: [fxgl_dark.css]
17:23:41.415 [FXGL Background Thread 3 ] DEBUG Engine               - collisionDetectionStrategy: BRUTE_FORCE
17:23:41.415 [FXGL Background Thread 3 ] DEBUG Engine               - configClass: Optional.empty
17:23:41.416 [FXGL Background Thread 3 ] DEBUG Engine               - credits: []
17:23:41.417 [FXGL Background Thread 3 ] DEBUG Engine               - defaultCursor: CursorInfo(imageName=cursor/cursor1.png, hotspotX=0.0, hotspotY=0.0)
17:23:41.417 [FXGL Background Thread 3 ] DEBUG Engine               - devBBoxColorProperty: ObjectProperty [value: 0xff0000ff]
17:23:41.418 [FXGL Background Thread 3 ] DEBUG Engine               - devEnableDebugCameraProperty: BooleanProperty [value: false]
17:23:41.418 [FXGL Background Thread 3 ] DEBUG Engine               - devSensorColorProperty: ObjectProperty [value: 0xffff00ff]
17:23:41.418 [FXGL Background Thread 3 ] DEBUG Engine               - devShowBBoxProperty: BooleanProperty [value: false]
17:23:41.418 [FXGL Background Thread 3 ] DEBUG Engine               - devShowPositionProperty: BooleanProperty [value: false]
17:23:41.418 [FXGL Background Thread 3 ] DEBUG Engine               - enabledMenuItems: []
17:23:41.418 [FXGL Background Thread 3 ] DEBUG Engine               - engineServices: [class com.almasb.fxgl.app.services.FXGLAssetLoaderService, class com.almasb.fxgl.app.FXGLApplication$GameApplicationService, class com.almasb.fxgl.app.services.FXGLDialogService, class com.almasb.fxgl.app.services.IOTaskExecutorService, class com.almasb.fxgl.io.FileSystemService, class com.almasb.fxgl.localization.LocalizationService, class com.almasb.fxgl.app.services.SystemBundleService, class com.almasb.fxgl.profile.SaveLoadService, class com.almasb.fxgl.ui.FXGLUIFactoryServiceProvider, class com.almasb.fxgl.ui.FXGLDialogFactoryServiceProvider, class com.almasb.fxgl.audio.AudioPlayer, class com.almasb.fxgl.notification.impl.NotificationServiceProvider, class com.almasb.fxgl.achievement.AchievementService, class com.almasb.fxgl.cutscene.CutsceneService, class com.almasb.fxgl.minigames.MiniGameService, class com.almasb.fxgl.net.NetService, class com.almasb.fxgl.app.services.UpdaterService, class com.almasb.fxgl.dev.DevService]
17:23:41.418 [FXGL Background Thread 3 ] DEBUG Engine               - fontGame: Abel-Regular.ttf
17:23:41.419 [FXGL Background Thread 3 ] DEBUG Engine               - fontMono: TerminalLandMono-Regular.otf
17:23:41.419 [FXGL Background Thread 3 ] DEBUG Engine               - fontText: Courier-Prime.ttf
17:23:41.419 [FXGL Background Thread 3 ] DEBUG Engine               - fontUI: VarelaRound-Regular.ttf
17:23:41.419 [FXGL Background Thread 3 ] DEBUG Engine               - fullScreen: BooleanProperty [value: false]
17:23:41.419 [FXGL Background Thread 3 ] DEBUG Engine               - gameDifficulty: MEDIUM
17:23:41.419 [FXGL Background Thread 3 ] DEBUG Engine               - gameDifficultyProperty: ObjectProperty [value: MEDIUM]
17:23:41.419 [FXGL Background Thread 3 ] DEBUG Engine               - globalMusicVolume: 0.5
17:23:41.419 [FXGL Background Thread 3 ] DEBUG Engine               - globalMusicVolumeProperty: DoubleProperty [value: 0.5]
17:23:41.419 [FXGL Background Thread 3 ] DEBUG Engine               - globalSoundVolume: 0.5
17:23:41.419 [FXGL Background Thread 3 ] DEBUG Engine               - globalSoundVolumeProperty: DoubleProperty [value: 0.5]
17:23:41.420 [FXGL Background Thread 3 ] DEBUG Engine               - height: 720
17:23:41.420 [FXGL Background Thread 3 ] DEBUG Engine               - is3D: false
17:23:41.420 [FXGL Background Thread 3 ] DEBUG Engine               - isAndroid: false
17:23:41.420 [FXGL Background Thread 3 ] DEBUG Engine               - isBrowser: false
17:23:41.420 [FXGL Background Thread 3 ] DEBUG Engine               - isClickFeedbackEnabled: false
17:23:41.420 [FXGL Background Thread 3 ] DEBUG Engine               - isCloseConfirmation: false
17:23:41.420 [FXGL Background Thread 3 ] DEBUG Engine               - isDesktop: true
17:23:41.420 [FXGL Background Thread 3 ] DEBUG Engine               - isDeveloperMenuEnabled: true
17:23:41.420 [FXGL Background Thread 3 ] DEBUG Engine               - isEmbedded: false
17:23:41.420 [FXGL Background Thread 3 ] DEBUG Engine               - isEntityPreloadEnabled: true
17:23:41.420 [FXGL Background Thread 3 ] DEBUG Engine               - isExperimentalTiledLargeMap: false
17:23:41.420 [FXGL Background Thread 3 ] DEBUG Engine               - isFileSystemWriteAllowed: true
17:23:41.421 [FXGL Background Thread 3 ] DEBUG Engine               - isFullScreenAllowed: false
17:23:41.421 [FXGL Background Thread 3 ] DEBUG Engine               - isFullScreenFromStart: false
17:23:41.421 [FXGL Background Thread 3 ] DEBUG Engine               - isGameMenuEnabled: true
17:23:41.421 [FXGL Background Thread 3 ] DEBUG Engine               - isIOS: false
17:23:41.421 [FXGL Background Thread 3 ] DEBUG Engine               - isIntroEnabled: false
17:23:41.421 [FXGL Background Thread 3 ] DEBUG Engine               - isLinux: false
17:23:41.421 [FXGL Background Thread 3 ] DEBUG Engine               - isMac: false
17:23:41.421 [FXGL Background Thread 3 ] DEBUG Engine               - isMainMenuEnabled: true
17:23:41.421 [FXGL Background Thread 3 ] DEBUG Engine               - isManualResizeEnabled: false
17:23:41.421 [FXGL Background Thread 3 ] DEBUG Engine               - isMobile: false
17:23:41.421 [FXGL Background Thread 3 ] DEBUG Engine               - isNative: false
17:23:41.421 [FXGL Background Thread 3 ] DEBUG Engine               - isPauseMusicWhenMinimized: true
17:23:41.421 [FXGL Background Thread 3 ] DEBUG Engine               - isPreserveResizeRatio: false
17:23:41.422 [FXGL Background Thread 3 ] DEBUG Engine               - isProfilingEnabled: false
17:23:41.422 [FXGL Background Thread 3 ] DEBUG Engine               - isScaleAffectedOnResize: true
17:23:41.422 [FXGL Background Thread 3 ] DEBUG Engine               - isSingleStep: false
17:23:41.422 [FXGL Background Thread 3 ] DEBUG Engine               - isUserProfileEnabled: false
17:23:41.422 [FXGL Background Thread 3 ] DEBUG Engine               - isWindows: true
17:23:41.422 [FXGL Background Thread 3 ] DEBUG Engine               - language: ObjectProperty [value: ENGLISH]
17:23:41.422 [FXGL Background Thread 3 ] DEBUG Engine               - menuKey: ESCAPE
17:23:41.422 [FXGL Background Thread 3 ] DEBUG Engine               - mouseSensitivity: 0.2
17:23:41.422 [FXGL Background Thread 3 ] DEBUG Engine               - notificationViewClass: class com.almasb.fxgl.notification.view.XboxNotificationView
17:23:41.422 [FXGL Background Thread 3 ] DEBUG Engine               - pixelsPerMeter: 50.0
17:23:41.422 [FXGL Background Thread 3 ] DEBUG Engine               - platform: WINDOWS
17:23:41.422 [FXGL Background Thread 3 ] DEBUG Engine               - prefHeightProperty: ReadOnlyDoubleProperty [value: 720.0]
17:23:41.423 [FXGL Background Thread 3 ] DEBUG Engine               - prefWidthProperty: ReadOnlyDoubleProperty [value: 1280.0]
17:23:41.423 [FXGL Background Thread 3 ] DEBUG Engine               - profileDir: profiles/
17:23:41.423 [FXGL Background Thread 3 ] DEBUG Engine               - profileName: StringProperty [value: DEFAULT]
17:23:41.423 [FXGL Background Thread 3 ] DEBUG Engine               - randomSeed: -1
17:23:41.423 [FXGL Background Thread 3 ] DEBUG Engine               - runtimeInfo: RuntimeInfo(platform=WINDOWS, version=17.1, build=24.03.2022 17.34)
17:23:41.423 [FXGL Background Thread 3 ] DEBUG Engine               - saveFileExt: sav
17:23:41.423 [FXGL Background Thread 3 ] DEBUG Engine               - scaledHeightProp$fxgl: DoubleProperty [bound, value: 720.0]
17:23:41.423 [FXGL Background Thread 3 ] DEBUG Engine               - scaledWidthProp$fxgl: DoubleProperty [bound, value: 1280.0]
17:23:41.423 [FXGL Background Thread 3 ] DEBUG Engine               - sceneFactory: hellofx.Main$1@14535d74
17:23:41.423 [FXGL Background Thread 3 ] DEBUG Engine               - secondsIn24h: 60
17:23:41.424 [FXGL Background Thread 3 ] DEBUG Engine               - soundMenuBack: menu/back.wav
17:23:41.424 [FXGL Background Thread 3 ] DEBUG Engine               - soundMenuPress: menu/press.wav
17:23:41.424 [FXGL Background Thread 3 ] DEBUG Engine               - soundMenuSelect: menu/select.wav
17:23:41.424 [FXGL Background Thread 3 ] DEBUG Engine               - soundNotification: core/notification.wav
17:23:41.424 [FXGL Background Thread 3 ] DEBUG Engine               - stageStyle: DECORATED
17:23:41.424 [FXGL Background Thread 3 ] DEBUG Engine               - supportedLanguages: [ENGLISH, FRENCH, GERMAN, HUNGARIAN, RUSSIAN]
17:23:41.424 [FXGL Background Thread 3 ] DEBUG Engine               - ticksPerSecond: -1
17:23:41.424 [FXGL Background Thread 3 ] DEBUG Engine               - title: Bomberman
17:23:41.424 [FXGL Background Thread 3 ] DEBUG Engine               - urlGithub: https://github.com/AlmasB/FXGL
17:23:41.424 [FXGL Background Thread 3 ] DEBUG Engine               - urlLeaderboard: http://fxgl-top.herokuapp.com/
17:23:41.424 [FXGL Background Thread 3 ] DEBUG Engine               - urlPOM: https://raw.githubusercontent.com/AlmasB/FXGL/release/README.md
17:23:41.424 [FXGL Background Thread 3 ] DEBUG Engine               - userAppClass: class hellofx.Main
17:23:41.424 [FXGL Background Thread 3 ] DEBUG Engine               - version: 1.0
17:23:41.424 [FXGL Background Thread 3 ] DEBUG Engine               - versionCheckDays: 7
17:23:41.425 [FXGL Background Thread 3 ] DEBUG Engine               - width: 1280
17:23:41.425 [FXGL Background Thread 3 ] DEBUG Engine               - Logging services
17:23:41.425 [FXGL Background Thread 3 ] DEBUG Engine               - class com.almasb.fxgl.app.services.FXGLAssetLoaderService
17:23:41.425 [FXGL Background Thread 3 ] DEBUG Engine               - class com.almasb.fxgl.app.FXGLApplication$GameApplicationService
17:23:41.425 [FXGL Background Thread 3 ] DEBUG Engine               - class com.almasb.fxgl.app.services.FXGLDialogService
17:23:41.425 [FXGL Background Thread 3 ] DEBUG Engine               - class com.almasb.fxgl.app.services.IOTaskExecutorService
17:23:41.425 [FXGL Background Thread 3 ] DEBUG Engine               - class com.almasb.fxgl.io.FileSystemService
17:23:41.425 [FXGL Background Thread 3 ] DEBUG Engine               - class com.almasb.fxgl.localization.LocalizationService
17:23:41.425 [FXGL Background Thread 3 ] DEBUG Engine               - class com.almasb.fxgl.app.services.SystemBundleService
17:23:41.425 [FXGL Background Thread 3 ] DEBUG Engine               - class com.almasb.fxgl.profile.SaveLoadService
17:23:41.425 [FXGL Background Thread 3 ] DEBUG Engine               - class com.almasb.fxgl.ui.FXGLUIFactoryServiceProvider
17:23:41.425 [FXGL Background Thread 3 ] DEBUG Engine               - class com.almasb.fxgl.ui.FXGLDialogFactoryServiceProvider
17:23:41.425 [FXGL Background Thread 3 ] DEBUG Engine               - class com.almasb.fxgl.audio.AudioPlayer
17:23:41.425 [FXGL Background Thread 3 ] DEBUG Engine               - class com.almasb.fxgl.notification.impl.NotificationServiceProvider
17:23:41.425 [FXGL Background Thread 3 ] DEBUG Engine               - class com.almasb.fxgl.achievement.AchievementService
17:23:41.425 [FXGL Background Thread 3 ] DEBUG Engine               - class com.almasb.fxgl.cutscene.CutsceneService
17:23:41.426 [FXGL Background Thread 3 ] DEBUG Engine               - class com.almasb.fxgl.minigames.MiniGameService
17:23:41.426 [FXGL Background Thread 3 ] DEBUG Engine               - class com.almasb.fxgl.net.NetService
17:23:41.426 [FXGL Background Thread 3 ] DEBUG Engine               - class com.almasb.fxgl.app.services.UpdaterService
17:23:41.426 [FXGL Background Thread 3 ] DEBUG Engine               - class com.almasb.fxgl.dev.DevService
17:23:43.426 [JavaFX Application Thread] DEBUG Menu                 - fireNewGame()
17:23:43.427 [JavaFX Application Thread] DEBUG GameApplicationServi - Starting new game
17:23:43.427 [JavaFX Application Thread] DEBUG PrimaryStageWindow   - Pop state: MainMenu
17:23:43.427 [JavaFX Application Thread] DEBUG Input                - Clearing active input actions
17:23:43.430 [JavaFX Application Thread] DEBUG GameApplicationServi - Removing overlay from MainMenu and adding to FXGLMainMenuDummyScene
17:23:43.434 [JavaFX Application Thread] DEBUG PrimaryStageWindow   - FXGLMainMenuDummyScene <- MainMenu
17:23:43.434 [JavaFX Application Thread] DEBUG Input                - Clearing active input actions
17:23:43.442 [JavaFX Application Thread] DEBUG GameApplicationServi - Removing overlay from FXGLMainMenuDummyScene and adding to FXGLLoadingScene
17:23:43.442 [JavaFX Application Thread] DEBUG PrimaryStageWindow   - FXGLMainMenuDummyScene -> FXGLLoadingScene
17:23:43.442 [JavaFX Application Thread] DEBUG GameApplicationServi - Clearing previous game
17:23:43.442 [JavaFX Application Thread] DEBUG GameScene            - Clearing game scene
17:23:43.442 [JavaFX Application Thread] DEBUG GameWorld            - Clearing game world
17:23:43.443 [JavaFX Application Thread] DEBUG PhysicsWorld         - Clearing physics world
17:23:43.444 [FXGL Background Thread 2 ] DEBUG FXGLApplication      - Initializing game
17:23:43.472 [FXGL Background Thread 2 ] DEBUG FXGLAssetLoaderServi - Loading from file system: file:/E:/space_java/Game/game_datbom/target/classes/assets/textures/mapTexture/grass.png
17:23:43.479 [FXGL Background Thread 2 ] DEBUG FXGLAssetLoaderServi - Loading from file system: file:/E:/space_java/Game/game_datbom/target/classes/assets/textures/mapTexture/wall2.png
17:23:43.529 [FXGL Background Thread 2 ] DEBUG FXGLAssetLoaderServi - Loading from file system: file:/E:/space_java/Game/game_datbom/target/classes/assets/textures/gameItem/powerup_bombs.png
17:23:43.532 [FXGL Background Thread 2 ] DEBUG FXGLAssetLoaderServi - Loading from file system: file:/E:/space_java/Game/game_datbom/target/classes/assets/textures/gameItem/powerup_flamepass.png
17:23:43.539 [FXGL Background Thread 2 ] DEBUG FXGLAssetLoaderServi - Loading from file system: file:/E:/space_java/Game/game_datbom/target/classes/assets/textures/gameItem/powerup_flames.png
17:23:43.543 [FXGL Background Thread 2 ] DEBUG FXGLAssetLoaderServi - Loading from file system: file:/E:/space_java/Game/game_datbom/target/classes/assets/textures/gameItem/powerup_speed.png
17:23:43.553 [FXGL Background Thread 2 ] DEBUG FXGLAssetLoaderServi - Loading from file system: file:/E:/space_java/Game/game_datbom/target/classes/assets/textures/enemy/balloon36.png
17:23:43.609 [FXGL Background Thread 2 ] DEBUG FXGLAssetLoaderServi - Loading from file system: file:/E:/space_java/Game/game_datbom/target/classes/assets/textures/mapTexture%5cbrick.png
17:23:43.610 [FXGL Background Thread 2 ] DEBUG FXGLAssetLoaderServi - Loading from file system: file:/E:/space_java/Game/game_datbom/target/classes/assets/textures/mapTexture%5cbrick_break.png
17:23:43.686 [FXGL Background Thread 2 ] DEBUG FXGLAssetLoaderServi - Loading from file system: file:/E:/space_java/Game/game_datbom/target/classes/assets/textures/mapTexture/portal.png
17:23:43.750 [FXGL Background Thread 2 ] DEBUG FXGLAssetLoaderServi - Loading from file system: file:/E:/space_java/Game/game_datbom/target/classes/assets/textures/character/gold_player_dead.png
17:23:43.751 [FXGL Background Thread 2 ] DEBUG FXGLAssetLoaderServi - Loading from file system: file:/E:/space_java/Game/game_datbom/target/classes/assets/textures/character/gold_player_down.png
17:23:43.752 [FXGL Background Thread 2 ] DEBUG FXGLAssetLoaderServi - Loading from file system: file:/E:/space_java/Game/game_datbom/target/classes/assets/textures/character/gold_player_up.png
17:23:43.754 [FXGL Background Thread 2 ] DEBUG FXGLAssetLoaderServi - Loading from file system: file:/E:/space_java/Game/game_datbom/target/classes/assets/textures/character/gold_player_left_temp.png
17:23:43.758 [FXGL Background Thread 2 ] DEBUG FXGLAssetLoaderServi - Loading from file system: file:/E:/space_java/Game/game_datbom/target/classes/assets/textures/character/gold_player_right_temp.png
17:23:43.762 [FXGL Background Thread 2 ] INFO  FXGLApplication      - Game initialization took: 0.317 sec
17:23:43.763 [JavaFX Application Thread] DEBUG Input                - Clearing active input actions
17:23:43.777 [JavaFX Application Thread] DEBUG GameApplicationServi - Removing overlay from FXGLLoadingScene and adding to GameScene
17:23:43.780 [JavaFX Application Thread] DEBUG PrimaryStageWindow   - FXGLLoadingScene -> GameScene
17:24:11.032 [JavaFX Application Thread] DEBUG FXGLAssetLoaderServi - Loading from file system: file:/E:/space_java/Game/game_datbom/target/classes/assets/textures/character%5cbomb.png
17:24:11.037 [JavaFX Application Thread] DEBUG FXGLAssetLoaderServi - Loading from file system: file:/E:/space_java/Game/game_datbom/target/classes/assets/textures/flame%5cleft_flame.png
17:24:11.039 [JavaFX Application Thread] DEBUG FXGLAssetLoaderServi - Loading from file system: file:/E:/space_java/Game/game_datbom/target/classes/assets/textures/flame%5cup_flame.png
17:24:11.041 [JavaFX Application Thread] DEBUG FXGLAssetLoaderServi - Loading from file system: file:/E:/space_java/Game/game_datbom/target/classes/assets/textures/flame%5ccentral_flame.png
17:24:58.047 [JavaFX Application Thread] DEBUG FXGLApplication      - Exiting FXGL
17:24:58.048 [JavaFX Application Thread] DEBUG LoopRunner           - Stopping loop
17:24:58.048 [JavaFX Application Thread] DEBUG SystemBundleService  - Saving FXGL system data
17:24:58.053 [JavaFX Application Thread] DEBUG FileSystemAccess     - Writing to: E:\space_java\Game\game_datbom\system\fxgl.bundle
17:24:58.059 [JavaFX Application Thread] DEBUG Async                - Shutting down background threads
17:24:58.059 [JavaFX Application Thread] DEBUG PrimaryStageWindow   - Closing main window
17:24:58.095 [JavaFX Application Thread] DEBUG Logger               - Closing Logger
