12:00:41.276 [main                     ] DEBUG Logger               - Configured Logger
12:00:41.290 [main                     ] DEBUG GameApplication      - Logging settings
Title: Bomberman
Version: 1.0
Width: 1280
Height: 720
Fullscreen: false
Intro: false
Profiling: false
Single step:false
App Mode: DEVELOPER
Menu Key: ESCAPE
Stage Style: DECORATED
Scene Factory: class hellofx.Main$1

12:00:41.398 [JavaFX Application Thread] DEBUG FXGLApplication      - Initializing FXGL
12:00:41.404 [JavaFX Application Thread] INFO  Engine               - FXGL-17.1 (24.03.2022 17.34) on WINDOWS (J:18.0.2.1 FX:18)
12:00:41.404 [JavaFX Application Thread] DEBUG Engine               - JRE Vendor Name: Oracle Corporation
12:00:41.405 [JavaFX Application Thread] DEBUG Engine               - Running on OS: Windows 11 version 10.0
12:00:41.405 [JavaFX Application Thread] DEBUG Engine               - Architecture: amd64
12:00:41.405 [JavaFX Application Thread] INFO  Engine               - Source code and latest versions at: https://github.com/AlmasB/FXGL
12:00:41.405 [JavaFX Application Thread] INFO  Engine               -       Ask questions and discuss at: https://github.com/AlmasB/FXGL/discussions
12:00:41.405 [JavaFX Application Thread] INFO  Engine               -              Join the FXGL chat at: https://gitter.im/AlmasB/FXGL
12:00:41.455 [JavaFX Application Thread] DEBUG PrimaryStageWindow   - Creating a JavaFX scene
12:00:41.503 [JavaFX Application Thread] DEBUG PrimaryStageWindow   - Target settings size: 1280.0 x 720.0
12:00:41.503 [JavaFX Application Thread] DEBUG PrimaryStageWindow   - Scaled scene size:    1280.0 x 720.0
12:00:41.504 [JavaFX Application Thread] DEBUG PrimaryStageWindow   - Scaled ratio: (1.0, 1.0)
12:00:41.505 [JavaFX Application Thread] DEBUG PrimaryStageWindow   - Set initial scene to FXGLStartupScene
12:00:41.511 [JavaFX Application Thread] DEBUG PrimaryStageWindow   - Opening main window
12:00:41.600 [JavaFX Application Thread] DEBUG PrimaryStageWindow   - Window border size: (16.0, 39.0)
12:00:41.602 [JavaFX Application Thread] DEBUG PrimaryStageWindow   - Scaled size: 1280.0 x 720.0
12:00:41.602 [JavaFX Application Thread] DEBUG PrimaryStageWindow   - Scaled ratio: (1.0, 1.0)
12:00:41.602 [JavaFX Application Thread] DEBUG PrimaryStageWindow   - Scene size: 1280.0 x 720.0
12:00:41.603 [JavaFX Application Thread] DEBUG PrimaryStageWindow   - Stage size: 1296.0 x 759.0
12:00:41.614 [FXGL Background Thread 1 ] DEBUG Engine               - Initializing environment variables
12:00:41.685 [FXGL Background Thread 1 ] DEBUG FXGLAssetLoaderServi - User app class for loading assets: class hellofx.Main
12:00:41.686 [FXGL Background Thread 1 ] DEBUG GameApplicationServi - Applying CSS: fxgl_dark.css
12:00:41.686 [FXGL Background Thread 1 ] DEBUG FXGLAssetLoaderServi - Loading from file system: jar:file:/C:/Users/chaum/.m2/repository/com/github/almasb/fxgl/17.1/fxgl-17.1.jar!/fxglassets/ui/css/fxgl_dark.css
12:00:41.737 [FXGL Background Thread 1 ] DEBUG GameApplicationServi - Initializing application scenes
12:00:41.788 [FXGL Background Thread 1 ] DEBUG GameWorld            - Game world initialized
12:00:41.843 [FXGL Background Thread 1 ] DEBUG PhysicsWorld         - Physics world initialized: appHeight=720, physics.ppm=50.0
12:00:41.843 [FXGL Background Thread 1 ] DEBUG PhysicsWorld         - Using strategy: BRUTE_FORCE
12:00:41.849 [FXGL Background Thread 1 ] DEBUG GameScene            - Game scene initialized: 1280x720
12:00:41.936 [FXGL Background Thread 1 ] DEBUG GameApplicationServi - Application scenes initialized
12:00:41.951 [FXGL Background Thread 1 ] DEBUG SystemBundleService  - Loading FXGL system data
12:00:41.961 [FXGL Background Thread 1 ] DEBUG FileSystemAccess     - Reading from: E:\space_java\Game\game_datbom\system\fxgl.bundle
12:00:41.971 [FXGL Background Thread 1 ] DEBUG SystemBundleService  - Bundle FXGL: {}
12:00:41.971 [FXGL Background Thread 1 ] DEBUG UpdaterService       - Checking for updates
12:00:42.008 [FXGL Background Thread 4 ] DEBUG FXGLApplication      - Loading fonts
12:00:42.009 [FXGL Background Thread 1 ] DEBUG FXGLApplication      - Loading default localization
12:00:42.009 [FXGL Background Thread 4 ] DEBUG FXGLAssetLoaderServi - Loading from file system: jar:file:/C:/Users/chaum/.m2/repository/com/github/almasb/fxgl/17.1/fxgl-17.1.jar!/fxglassets/ui/fonts/VarelaRound-Regular.ttf
12:00:42.009 [FXGL Background Thread 1 ] DEBUG FXGLAssetLoaderServi - Loading from file system: jar:file:/C:/Users/chaum/.m2/repository/com/github/almasb/fxgl/17.1/fxgl-17.1.jar!/fxglassets/languages/english.lang
12:00:42.034 [FXGL Background Thread 1 ] INFO  FXGLApplication      - FXGL initialization took: 0.420 sec
12:00:42.046 [JavaFX Application Thread] DEBUG Input                - Registered new binding: action0 - F
12:00:42.046 [JavaFX Application Thread] DEBUG Input                - Registered new binding: Right - D
12:00:42.047 [JavaFX Application Thread] DEBUG Input                - Registered new binding: Left - A
12:00:42.047 [JavaFX Application Thread] DEBUG Input                - Registered new binding: Up - W
12:00:42.047 [JavaFX Application Thread] DEBUG Input                - Registered new binding: Down - S
12:00:42.047 [JavaFX Application Thread] DEBUG Input                - Registered new binding: Place boom - Space
12:00:42.047 [JavaFX Application Thread] DEBUG FXGLAssetLoaderServi - Loading from file system: file:/E:/space_java/Game/game_datbom/target/classes/assets/textures/icon/icon.png
12:00:42.082 [FXGL Background Thread 4 ] DEBUG FXGLAssetLoaderServi - Loading from file system: jar:file:/C:/Users/chaum/.m2/repository/com/github/almasb/fxgl/17.1/fxgl-17.1.jar!/fxglassets/ui/fonts/Abel-Regular.ttf
12:00:42.087 [FXGL Background Thread 4 ] DEBUG FXGLAssetLoaderServi - Loading from file system: jar:file:/C:/Users/chaum/.m2/repository/com/github/almasb/fxgl/17.1/fxgl-17.1.jar!/fxglassets/ui/fonts/TerminalLandMono-Regular.otf
12:00:42.091 [FXGL Background Thread 4 ] DEBUG FXGLAssetLoaderServi - Loading from file system: jar:file:/C:/Users/chaum/.m2/repository/com/github/almasb/fxgl/17.1/fxgl-17.1.jar!/fxglassets/ui/fonts/Courier-Prime.ttf
12:00:42.106 [JavaFX Application Thread] DEBUG FXGLAssetLoaderServi - Loading from file system: file:/E:/space_java/Game/game_datbom/target/classes/assets/textures/cursor/cursor1.png
12:00:42.116 [JavaFX Application Thread] DEBUG Input                - Registered new binding: Screenshot - CTRL+8
12:00:42.116 [JavaFX Application Thread] DEBUG Input                - Registered new binding: Dev Options - 1
12:00:42.117 [JavaFX Application Thread] DEBUG Input                - Registered new binding: Dev Console - 2
12:00:42.117 [JavaFX Application Thread] DEBUG Input                - Registered new binding: System info dump - CTRL+9
12:00:42.117 [JavaFX Application Thread] DEBUG Input                - Registered new binding: Restart - CTRL+R
12:00:42.118 [JavaFX Application Thread] DEBUG Input                - Registered new binding: Toggle Debug Camera - CTRL+7
12:00:42.120 [JavaFX Application Thread] DEBUG LoopRunner           - Starting loop
12:00:42.134 [JavaFX Application Thread] DEBUG LoopRunner           - Initializing JavaFX AnimationTimerLoop
12:00:42.136 [JavaFX Application Thread] DEBUG Input                - Clearing active input actions
12:00:42.143 [JavaFX Application Thread] DEBUG GameApplicationServi - Removing overlay from FXGLStartupScene and adding to FXGLMainMenuDummyScene
12:00:42.148 [JavaFX Application Thread] DEBUG PrimaryStageWindow   - FXGLStartupScene -> FXGLMainMenuDummyScene
12:00:42.148 [JavaFX Application Thread] DEBUG PrimaryStageWindow   - Push state: MainMenu
12:00:42.148 [JavaFX Application Thread] DEBUG Input                - Clearing active input actions
12:00:42.152 [JavaFX Application Thread] DEBUG GameApplicationServi - Removing overlay from FXGLMainMenuDummyScene and adding to MainMenu
12:00:42.153 [JavaFX Application Thread] DEBUG PrimaryStageWindow   - FXGLMainMenuDummyScene -> MainMenu
12:00:42.162 [JavaFX Application Thread] DEBUG FXGLApplication      - Registering font factories with UI factory
12:00:42.676 [FXGL Background Thread 2 ] INFO  UpdaterService       - Your current version:  17.1
12:00:42.677 [FXGL Background Thread 2 ] INFO  UpdaterService       - Latest stable version: 17.2
12:00:43.204 [JavaFX Application Thread] DEBUG Menu                 - fireNewGame()
12:00:43.204 [JavaFX Application Thread] DEBUG GameApplicationServi - Starting new game
12:00:43.205 [JavaFX Application Thread] DEBUG PrimaryStageWindow   - Pop state: MainMenu
12:00:43.205 [JavaFX Application Thread] DEBUG Input                - Clearing active input actions
12:00:43.206 [JavaFX Application Thread] DEBUG GameApplicationServi - Removing overlay from MainMenu and adding to FXGLMainMenuDummyScene
12:00:43.207 [JavaFX Application Thread] DEBUG PrimaryStageWindow   - FXGLMainMenuDummyScene <- MainMenu
12:00:43.208 [JavaFX Application Thread] DEBUG Input                - Clearing active input actions
12:00:43.214 [JavaFX Application Thread] DEBUG GameApplicationServi - Removing overlay from FXGLMainMenuDummyScene and adding to FXGLLoadingScene
12:00:43.215 [JavaFX Application Thread] DEBUG PrimaryStageWindow   - FXGLMainMenuDummyScene -> FXGLLoadingScene
12:00:43.215 [JavaFX Application Thread] DEBUG GameApplicationServi - Clearing previous game
12:00:43.215 [JavaFX Application Thread] DEBUG GameScene            - Clearing game scene
12:00:43.215 [JavaFX Application Thread] DEBUG GameWorld            - Clearing game world
12:00:43.216 [JavaFX Application Thread] DEBUG PhysicsWorld         - Clearing physics world
12:00:43.218 [FXGL Background Thread 2 ] DEBUG FXGLApplication      - Initializing game
12:00:43.249 [FXGL Background Thread 2 ] DEBUG FXGLAssetLoaderServi - Loading from file system: file:/E:/space_java/Game/game_datbom/target/classes/assets/textures/mapTexture/grass.png
12:00:43.256 [FXGL Background Thread 2 ] DEBUG FXGLAssetLoaderServi - Loading from file system: file:/E:/space_java/Game/game_datbom/target/classes/assets/textures/mapTexture/wall.png
12:00:43.345 [FXGL Background Thread 2 ] DEBUG FXGLAssetLoaderServi - Loading from file system: file:/E:/space_java/Game/game_datbom/target/classes/assets/textures/gameItem/powerup_speed.png
12:00:43.356 [FXGL Background Thread 2 ] DEBUG FXGLAssetLoaderServi - Loading from file system: file:/E:/space_java/Game/game_datbom/target/classes/assets/textures/gameItem/powerup_flames.png
12:00:43.376 [FXGL Background Thread 2 ] DEBUG FXGLAssetLoaderServi - Loading from file system: file:/E:/space_java/Game/game_datbom/target/classes/assets/textures/mapTexture%5cbrick.png
12:00:43.378 [FXGL Background Thread 2 ] DEBUG FXGLAssetLoaderServi - Loading from file system: file:/E:/space_java/Game/game_datbom/target/classes/assets/textures/mapTexture%5cbrick_break.png
12:00:43.473 [FXGL Background Thread 2 ] DEBUG FXGLAssetLoaderServi - Loading from file system: file:/E:/space_java/Game/game_datbom/target/classes/assets/textures/mapTexture/portal.png
12:00:43.587 [FXGL Background Thread 2 ] DEBUG FXGLAssetLoaderServi - Loading from file system: file:/E:/space_java/Game/game_datbom/target/classes/assets/textures/character/gold_player_dead.png
12:00:43.589 [FXGL Background Thread 2 ] DEBUG FXGLAssetLoaderServi - Loading from file system: file:/E:/space_java/Game/game_datbom/target/classes/assets/textures/character/gold_player_down.png
12:00:43.590 [FXGL Background Thread 2 ] DEBUG FXGLAssetLoaderServi - Loading from file system: file:/E:/space_java/Game/game_datbom/target/classes/assets/textures/character/gold_player_up.png
12:00:43.592 [FXGL Background Thread 2 ] DEBUG FXGLAssetLoaderServi - Loading from file system: file:/E:/space_java/Game/game_datbom/target/classes/assets/textures/character/gold_player_left_temp.png
12:00:43.593 [FXGL Background Thread 2 ] DEBUG FXGLAssetLoaderServi - Loading from file system: file:/E:/space_java/Game/game_datbom/target/classes/assets/textures/character/gold_player_right_temp.png
12:00:43.595 [FXGL Background Thread 2 ] WARN  Entity               - Entity already has component: com.almasb.fxgl.entity.components.CollidableComponent
12:00:43.602 [FXGL Background Thread 2 ] INFO  FXGLApplication      - Game initialization took: 0.383 sec
12:00:43.603 [JavaFX Application Thread] DEBUG Input                - Clearing active input actions
12:00:43.620 [JavaFX Application Thread] DEBUG GameApplicationServi - Removing overlay from FXGLLoadingScene and adding to GameScene
12:00:43.622 [JavaFX Application Thread] DEBUG PrimaryStageWindow   - FXGLLoadingScene -> GameScene
12:00:45.006 [FXGL Background Thread 3 ] DEBUG Engine               - Logging environment variables
12:00:45.006 [FXGL Background Thread 3 ] DEBUG Engine               - achievements: []
12:00:45.007 [FXGL Background Thread 3 ] DEBUG Engine               - actualHeight: 720.0
12:00:45.007 [FXGL Background Thread 3 ] DEBUG Engine               - actualHeightProperty: ReadOnlyDoubleProperty [value: 720.0]
12:00:45.007 [FXGL Background Thread 3 ] DEBUG Engine               - actualWidth: 1280.0
12:00:45.007 [FXGL Background Thread 3 ] DEBUG Engine               - actualWidthProperty: ReadOnlyDoubleProperty [value: 1280.0]
12:00:45.007 [FXGL Background Thread 3 ] DEBUG Engine               - appIcon: icon/icon.png
12:00:45.007 [FXGL Background Thread 3 ] DEBUG Engine               - applicationMode: DEVELOPER
12:00:45.007 [FXGL Background Thread 3 ] DEBUG Engine               - cSSList: [fxgl_dark.css]
12:00:45.007 [FXGL Background Thread 3 ] DEBUG Engine               - collisionDetectionStrategy: BRUTE_FORCE
12:00:45.007 [FXGL Background Thread 3 ] DEBUG Engine               - configClass: Optional.empty
12:00:45.007 [FXGL Background Thread 3 ] DEBUG Engine               - credits: []
12:00:45.008 [FXGL Background Thread 3 ] DEBUG Engine               - defaultCursor: CursorInfo(imageName=cursor/cursor1.png, hotspotX=0.0, hotspotY=0.0)
12:00:45.009 [FXGL Background Thread 3 ] DEBUG Engine               - devBBoxColorProperty: ObjectProperty [value: 0xff0000ff]
12:00:45.009 [FXGL Background Thread 3 ] DEBUG Engine               - devEnableDebugCameraProperty: BooleanProperty [value: false]
12:00:45.009 [FXGL Background Thread 3 ] DEBUG Engine               - devSensorColorProperty: ObjectProperty [value: 0xffff00ff]
12:00:45.009 [FXGL Background Thread 3 ] DEBUG Engine               - devShowBBoxProperty: BooleanProperty [value: false]
12:00:45.009 [FXGL Background Thread 3 ] DEBUG Engine               - devShowPositionProperty: BooleanProperty [value: false]
12:00:45.009 [FXGL Background Thread 3 ] DEBUG Engine               - enabledMenuItems: []
12:00:45.009 [FXGL Background Thread 3 ] DEBUG Engine               - engineServices: [class com.almasb.fxgl.app.services.FXGLAssetLoaderService, class com.almasb.fxgl.app.FXGLApplication$GameApplicationService, class com.almasb.fxgl.app.services.FXGLDialogService, class com.almasb.fxgl.app.services.IOTaskExecutorService, class com.almasb.fxgl.io.FileSystemService, class com.almasb.fxgl.localization.LocalizationService, class com.almasb.fxgl.app.services.SystemBundleService, class com.almasb.fxgl.profile.SaveLoadService, class com.almasb.fxgl.ui.FXGLUIFactoryServiceProvider, class com.almasb.fxgl.ui.FXGLDialogFactoryServiceProvider, class com.almasb.fxgl.audio.AudioPlayer, class com.almasb.fxgl.notification.impl.NotificationServiceProvider, class com.almasb.fxgl.achievement.AchievementService, class com.almasb.fxgl.cutscene.CutsceneService, class com.almasb.fxgl.minigames.MiniGameService, class com.almasb.fxgl.net.NetService, class com.almasb.fxgl.app.services.UpdaterService, class com.almasb.fxgl.dev.DevService]
12:00:45.009 [FXGL Background Thread 3 ] DEBUG Engine               - fontGame: Abel-Regular.ttf
12:00:45.009 [FXGL Background Thread 3 ] DEBUG Engine               - fontMono: TerminalLandMono-Regular.otf
12:00:45.009 [FXGL Background Thread 3 ] DEBUG Engine               - fontText: Courier-Prime.ttf
12:00:45.009 [FXGL Background Thread 3 ] DEBUG Engine               - fontUI: VarelaRound-Regular.ttf
12:00:45.009 [FXGL Background Thread 3 ] DEBUG Engine               - fullScreen: BooleanProperty [value: false]
12:00:45.009 [FXGL Background Thread 3 ] DEBUG Engine               - gameDifficulty: MEDIUM
12:00:45.009 [FXGL Background Thread 3 ] DEBUG Engine               - gameDifficultyProperty: ObjectProperty [value: MEDIUM]
12:00:45.009 [FXGL Background Thread 3 ] DEBUG Engine               - globalMusicVolume: 0.5
12:00:45.010 [FXGL Background Thread 3 ] DEBUG Engine               - globalMusicVolumeProperty: DoubleProperty [value: 0.5]
12:00:45.010 [FXGL Background Thread 3 ] DEBUG Engine               - globalSoundVolume: 0.5
12:00:45.010 [FXGL Background Thread 3 ] DEBUG Engine               - globalSoundVolumeProperty: DoubleProperty [value: 0.5]
12:00:45.010 [FXGL Background Thread 3 ] DEBUG Engine               - height: 720
12:00:45.010 [FXGL Background Thread 3 ] DEBUG Engine               - is3D: false
12:00:45.010 [FXGL Background Thread 3 ] DEBUG Engine               - isAndroid: false
12:00:45.010 [FXGL Background Thread 3 ] DEBUG Engine               - isBrowser: false
12:00:45.010 [FXGL Background Thread 3 ] DEBUG Engine               - isClickFeedbackEnabled: false
12:00:45.010 [FXGL Background Thread 3 ] DEBUG Engine               - isCloseConfirmation: false
12:00:45.010 [FXGL Background Thread 3 ] DEBUG Engine               - isDesktop: true
12:00:45.010 [FXGL Background Thread 3 ] DEBUG Engine               - isDeveloperMenuEnabled: true
12:00:45.010 [FXGL Background Thread 3 ] DEBUG Engine               - isEmbedded: false
12:00:45.010 [FXGL Background Thread 3 ] DEBUG Engine               - isEntityPreloadEnabled: true
12:00:45.010 [FXGL Background Thread 3 ] DEBUG Engine               - isExperimentalTiledLargeMap: false
12:00:45.010 [FXGL Background Thread 3 ] DEBUG Engine               - isFileSystemWriteAllowed: true
12:00:45.010 [FXGL Background Thread 3 ] DEBUG Engine               - isFullScreenAllowed: false
12:00:45.010 [FXGL Background Thread 3 ] DEBUG Engine               - isFullScreenFromStart: false
12:00:45.011 [FXGL Background Thread 3 ] DEBUG Engine               - isGameMenuEnabled: true
12:00:45.011 [FXGL Background Thread 3 ] DEBUG Engine               - isIOS: false
12:00:45.011 [FXGL Background Thread 3 ] DEBUG Engine               - isIntroEnabled: false
12:00:45.011 [FXGL Background Thread 3 ] DEBUG Engine               - isLinux: false
12:00:45.011 [FXGL Background Thread 3 ] DEBUG Engine               - isMac: false
12:00:45.011 [FXGL Background Thread 3 ] DEBUG Engine               - isMainMenuEnabled: true
12:00:45.011 [FXGL Background Thread 3 ] DEBUG Engine               - isManualResizeEnabled: false
12:00:45.011 [FXGL Background Thread 3 ] DEBUG Engine               - isMobile: false
12:00:45.011 [FXGL Background Thread 3 ] DEBUG Engine               - isNative: false
12:00:45.011 [FXGL Background Thread 3 ] DEBUG Engine               - isPauseMusicWhenMinimized: true
12:00:45.011 [FXGL Background Thread 3 ] DEBUG Engine               - isPreserveResizeRatio: false
12:00:45.011 [FXGL Background Thread 3 ] DEBUG Engine               - isProfilingEnabled: false
12:00:45.011 [FXGL Background Thread 3 ] DEBUG Engine               - isScaleAffectedOnResize: true
12:00:45.011 [FXGL Background Thread 3 ] DEBUG Engine               - isSingleStep: false
12:00:45.011 [FXGL Background Thread 3 ] DEBUG Engine               - isUserProfileEnabled: false
12:00:45.011 [FXGL Background Thread 3 ] DEBUG Engine               - isWindows: true
12:00:45.011 [FXGL Background Thread 3 ] DEBUG Engine               - language: ObjectProperty [value: ENGLISH]
12:00:45.011 [FXGL Background Thread 3 ] DEBUG Engine               - menuKey: ESCAPE
12:00:45.011 [FXGL Background Thread 3 ] DEBUG Engine               - mouseSensitivity: 0.2
12:00:45.011 [FXGL Background Thread 3 ] DEBUG Engine               - notificationViewClass: class com.almasb.fxgl.notification.view.XboxNotificationView
12:00:45.012 [FXGL Background Thread 3 ] DEBUG Engine               - pixelsPerMeter: 50.0
12:00:45.012 [FXGL Background Thread 3 ] DEBUG Engine               - platform: WINDOWS
12:00:45.012 [FXGL Background Thread 3 ] DEBUG Engine               - prefHeightProperty: ReadOnlyDoubleProperty [value: 720.0]
12:00:45.012 [FXGL Background Thread 3 ] DEBUG Engine               - prefWidthProperty: ReadOnlyDoubleProperty [value: 1280.0]
12:00:45.012 [FXGL Background Thread 3 ] DEBUG Engine               - profileDir: profiles/
12:00:45.012 [FXGL Background Thread 3 ] DEBUG Engine               - profileName: StringProperty [value: DEFAULT]
12:00:45.012 [FXGL Background Thread 3 ] DEBUG Engine               - randomSeed: -1
12:00:45.012 [FXGL Background Thread 3 ] DEBUG Engine               - runtimeInfo: RuntimeInfo(platform=WINDOWS, version=17.1, build=24.03.2022 17.34)
12:00:45.012 [FXGL Background Thread 3 ] DEBUG Engine               - saveFileExt: sav
12:00:45.012 [FXGL Background Thread 3 ] DEBUG Engine               - scaledHeightProp$fxgl: DoubleProperty [bound, value: 720.0]
12:00:45.012 [FXGL Background Thread 3 ] DEBUG Engine               - scaledWidthProp$fxgl: DoubleProperty [bound, value: 1280.0]
12:00:45.012 [FXGL Background Thread 3 ] DEBUG Engine               - sceneFactory: hellofx.Main$1@a9fd1bf
12:00:45.012 [FXGL Background Thread 3 ] DEBUG Engine               - secondsIn24h: 60
12:00:45.012 [FXGL Background Thread 3 ] DEBUG Engine               - soundMenuBack: menu/back.wav
12:00:45.012 [FXGL Background Thread 3 ] DEBUG Engine               - soundMenuPress: menu/press.wav
12:00:45.013 [FXGL Background Thread 3 ] DEBUG Engine               - soundMenuSelect: menu/select.wav
12:00:45.013 [FXGL Background Thread 3 ] DEBUG Engine               - soundNotification: core/notification.wav
12:00:45.013 [FXGL Background Thread 3 ] DEBUG Engine               - stageStyle: DECORATED
12:00:45.013 [FXGL Background Thread 3 ] DEBUG Engine               - supportedLanguages: [ENGLISH, FRENCH, GERMAN, HUNGARIAN, RUSSIAN]
12:00:45.013 [FXGL Background Thread 3 ] DEBUG Engine               - ticksPerSecond: -1
12:00:45.013 [FXGL Background Thread 3 ] DEBUG Engine               - title: Bomberman
12:00:45.013 [FXGL Background Thread 3 ] DEBUG Engine               - urlGithub: https://github.com/AlmasB/FXGL
12:00:45.013 [FXGL Background Thread 3 ] DEBUG Engine               - urlLeaderboard: http://fxgl-top.herokuapp.com/
12:00:45.013 [FXGL Background Thread 3 ] DEBUG Engine               - urlPOM: https://raw.githubusercontent.com/AlmasB/FXGL/release/README.md
12:00:45.013 [FXGL Background Thread 3 ] DEBUG Engine               - userAppClass: class hellofx.Main
12:00:45.013 [FXGL Background Thread 3 ] DEBUG Engine               - version: 1.0
12:00:45.013 [FXGL Background Thread 3 ] DEBUG Engine               - versionCheckDays: 7
12:00:45.013 [FXGL Background Thread 3 ] DEBUG Engine               - width: 1280
12:00:45.013 [FXGL Background Thread 3 ] DEBUG Engine               - Logging services
12:00:45.013 [FXGL Background Thread 3 ] DEBUG Engine               - class com.almasb.fxgl.app.services.FXGLAssetLoaderService
12:00:45.013 [FXGL Background Thread 3 ] DEBUG Engine               - class com.almasb.fxgl.app.FXGLApplication$GameApplicationService
12:00:45.013 [FXGL Background Thread 3 ] DEBUG Engine               - class com.almasb.fxgl.app.services.FXGLDialogService
12:00:45.013 [FXGL Background Thread 3 ] DEBUG Engine               - class com.almasb.fxgl.app.services.IOTaskExecutorService
12:00:45.013 [FXGL Background Thread 3 ] DEBUG Engine               - class com.almasb.fxgl.io.FileSystemService
12:00:45.014 [FXGL Background Thread 3 ] DEBUG Engine               - class com.almasb.fxgl.localization.LocalizationService
12:00:45.014 [FXGL Background Thread 3 ] DEBUG Engine               - class com.almasb.fxgl.app.services.SystemBundleService
12:00:45.014 [FXGL Background Thread 3 ] DEBUG Engine               - class com.almasb.fxgl.profile.SaveLoadService
12:00:45.014 [FXGL Background Thread 3 ] DEBUG Engine               - class com.almasb.fxgl.ui.FXGLUIFactoryServiceProvider
12:00:45.014 [FXGL Background Thread 3 ] DEBUG Engine               - class com.almasb.fxgl.ui.FXGLDialogFactoryServiceProvider
12:00:45.014 [FXGL Background Thread 3 ] DEBUG Engine               - class com.almasb.fxgl.audio.AudioPlayer
12:00:45.014 [FXGL Background Thread 3 ] DEBUG Engine               - class com.almasb.fxgl.notification.impl.NotificationServiceProvider
12:00:45.014 [FXGL Background Thread 3 ] DEBUG Engine               - class com.almasb.fxgl.achievement.AchievementService
12:00:45.014 [FXGL Background Thread 3 ] DEBUG Engine               - class com.almasb.fxgl.cutscene.CutsceneService
12:00:45.014 [FXGL Background Thread 3 ] DEBUG Engine               - class com.almasb.fxgl.minigames.MiniGameService
12:00:45.015 [FXGL Background Thread 3 ] DEBUG Engine               - class com.almasb.fxgl.net.NetService
12:00:45.015 [FXGL Background Thread 3 ] DEBUG Engine               - class com.almasb.fxgl.app.services.UpdaterService
12:00:45.015 [FXGL Background Thread 3 ] DEBUG Engine               - class com.almasb.fxgl.dev.DevService
12:00:46.892 [JavaFX Application Thread] DEBUG FXGLAssetLoaderServi - Loading from file system: file:/E:/space_java/Game/game_datbom/target/classes/assets/textures/character%5cbomb.png
12:00:46.897 [JavaFX Application Thread] DEBUG FXGLAssetLoaderServi - Loading from file system: file:/E:/space_java/Game/game_datbom/target/classes/assets/textures/flame%5cleft_flame.png
12:00:46.899 [JavaFX Application Thread] DEBUG FXGLAssetLoaderServi - Loading from file system: file:/E:/space_java/Game/game_datbom/target/classes/assets/textures/flame%5cup_flame.png
12:00:46.901 [JavaFX Application Thread] DEBUG FXGLAssetLoaderServi - Loading from file system: file:/E:/space_java/Game/game_datbom/target/classes/assets/textures/flame%5ccentral_flame.png
12:00:49.980 [JavaFX Application Thread] DEBUG Input                - Clearing active input actions
12:00:49.987 [JavaFX Application Thread] DEBUG GameApplicationServi - Removing overlay from GameScene and adding to FXGLMainMenuDummyScene
12:00:49.989 [JavaFX Application Thread] DEBUG PrimaryStageWindow   - GameScene -> FXGLMainMenuDummyScene
12:00:49.989 [JavaFX Application Thread] DEBUG PrimaryStageWindow   - Push state: MainMenu
12:00:49.989 [JavaFX Application Thread] DEBUG Input                - Clearing active input actions
12:00:49.989 [JavaFX Application Thread] DEBUG GameApplicationServi - Removing overlay from FXGLMainMenuDummyScene and adding to MainMenu
12:00:49.990 [JavaFX Application Thread] DEBUG PrimaryStageWindow   - FXGLMainMenuDummyScene -> MainMenu
12:00:50.969 [JavaFX Application Thread] DEBUG Menu                 - fireNewGame()
12:00:50.969 [JavaFX Application Thread] DEBUG GameApplicationServi - Starting new game
12:00:50.969 [JavaFX Application Thread] DEBUG PrimaryStageWindow   - Pop state: MainMenu
12:00:50.969 [JavaFX Application Thread] DEBUG Input                - Clearing active input actions
12:00:50.970 [JavaFX Application Thread] DEBUG GameApplicationServi - Removing overlay from MainMenu and adding to FXGLMainMenuDummyScene
12:00:50.971 [JavaFX Application Thread] DEBUG PrimaryStageWindow   - FXGLMainMenuDummyScene <- MainMenu
12:00:50.971 [JavaFX Application Thread] DEBUG Input                - Clearing active input actions
12:00:50.975 [JavaFX Application Thread] DEBUG GameApplicationServi - Removing overlay from FXGLMainMenuDummyScene and adding to FXGLLoadingScene
12:00:50.976 [JavaFX Application Thread] DEBUG PrimaryStageWindow   - FXGLMainMenuDummyScene -> FXGLLoadingScene
12:00:50.976 [JavaFX Application Thread] DEBUG GameApplicationServi - Clearing previous game
12:00:50.976 [JavaFX Application Thread] DEBUG GameScene            - Clearing game scene
12:00:50.976 [JavaFX Application Thread] DEBUG GameWorld            - Clearing game world
12:00:51.000 [JavaFX Application Thread] DEBUG PhysicsWorld         - Clearing physics world
12:00:51.005 [FXGL Background Thread 2 ] DEBUG FXGLApplication      - Initializing game
12:00:51.116 [FXGL Background Thread 2 ] WARN  Entity               - Entity already has component: com.almasb.fxgl.entity.components.CollidableComponent
12:00:51.118 [FXGL Background Thread 2 ] INFO  FXGLApplication      - Game initialization took: 0.113 sec
12:00:51.119 [JavaFX Application Thread] DEBUG Input                - Clearing active input actions
12:00:51.126 [JavaFX Application Thread] DEBUG GameApplicationServi - Removing overlay from FXGLLoadingScene and adding to GameScene
12:00:51.128 [JavaFX Application Thread] DEBUG PrimaryStageWindow   - FXGLLoadingScene -> GameScene
12:01:00.573 [JavaFX Application Thread] WARN  GameWorld            - Attempted to remove entity which is not active
12:01:01.133 [JavaFX Application Thread] DEBUG Input                - Clearing active input actions
12:01:01.138 [JavaFX Application Thread] DEBUG GameApplicationServi - Removing overlay from GameScene and adding to FXGLMainMenuDummyScene
12:01:01.139 [JavaFX Application Thread] DEBUG PrimaryStageWindow   - GameScene -> FXGLMainMenuDummyScene
12:01:01.139 [JavaFX Application Thread] DEBUG PrimaryStageWindow   - Push state: MainMenu
12:01:01.139 [JavaFX Application Thread] DEBUG Input                - Clearing active input actions
12:01:01.139 [JavaFX Application Thread] DEBUG GameApplicationServi - Removing overlay from FXGLMainMenuDummyScene and adding to MainMenu
12:01:01.139 [JavaFX Application Thread] DEBUG PrimaryStageWindow   - FXGLMainMenuDummyScene -> MainMenu
12:01:01.139 [JavaFX Application Thread] DEBUG PrimaryStageWindow   - Pop state: MainMenu
12:01:01.139 [JavaFX Application Thread] DEBUG Input                - Clearing active input actions
12:01:01.139 [JavaFX Application Thread] DEBUG GameApplicationServi - Removing overlay from MainMenu and adding to FXGLMainMenuDummyScene
12:01:01.141 [JavaFX Application Thread] DEBUG PrimaryStageWindow   - FXGLMainMenuDummyScene <- MainMenu
12:01:01.141 [JavaFX Application Thread] WARN  PrimaryStageWindow   - Cannot set to FXGLMainMenuDummyScene. Probably because subscenes are present.
12:01:01.141 [JavaFX Application Thread] DEBUG PrimaryStageWindow   - Push state: MainMenu
12:01:01.141 [JavaFX Application Thread] DEBUG Input                - Clearing active input actions
12:01:01.142 [JavaFX Application Thread] DEBUG GameApplicationServi - Removing overlay from FXGLMainMenuDummyScene and adding to MainMenu
12:01:01.142 [JavaFX Application Thread] DEBUG PrimaryStageWindow   - FXGLMainMenuDummyScene -> MainMenu
12:01:02.800 [JavaFX Application Thread] DEBUG Menu                 - fireNewGame()
12:01:02.800 [JavaFX Application Thread] DEBUG GameApplicationServi - Starting new game
12:01:02.800 [JavaFX Application Thread] DEBUG PrimaryStageWindow   - Pop state: MainMenu
12:01:02.801 [JavaFX Application Thread] DEBUG Input                - Clearing active input actions
12:01:02.801 [JavaFX Application Thread] DEBUG GameApplicationServi - Removing overlay from MainMenu and adding to FXGLMainMenuDummyScene
12:01:02.802 [JavaFX Application Thread] DEBUG PrimaryStageWindow   - FXGLMainMenuDummyScene <- MainMenu
12:01:02.802 [JavaFX Application Thread] DEBUG Input                - Clearing active input actions
12:01:02.804 [JavaFX Application Thread] DEBUG GameApplicationServi - Removing overlay from FXGLMainMenuDummyScene and adding to FXGLLoadingScene
12:01:02.804 [JavaFX Application Thread] DEBUG PrimaryStageWindow   - FXGLMainMenuDummyScene -> FXGLLoadingScene
12:01:02.804 [JavaFX Application Thread] DEBUG GameApplicationServi - Clearing previous game
12:01:02.804 [JavaFX Application Thread] DEBUG GameScene            - Clearing game scene
12:01:02.805 [JavaFX Application Thread] DEBUG GameWorld            - Clearing game world
12:01:02.818 [JavaFX Application Thread] DEBUG PhysicsWorld         - Clearing physics world
12:01:02.818 [FXGL Background Thread 2 ] DEBUG FXGLApplication      - Initializing game
12:01:02.898 [FXGL Background Thread 2 ] WARN  Entity               - Entity already has component: com.almasb.fxgl.entity.components.CollidableComponent
12:01:02.898 [FXGL Background Thread 2 ] INFO  FXGLApplication      - Game initialization took: 0.080 sec
12:01:02.902 [JavaFX Application Thread] DEBUG Input                - Clearing active input actions
12:01:02.908 [JavaFX Application Thread] DEBUG GameApplicationServi - Removing overlay from FXGLLoadingScene and adding to GameScene
12:01:02.911 [JavaFX Application Thread] DEBUG PrimaryStageWindow   - FXGLLoadingScene -> GameScene
12:01:10.477 [JavaFX Application Thread] DEBUG Input                - Clearing active input actions
12:01:10.481 [JavaFX Application Thread] DEBUG GameApplicationServi - Removing overlay from GameScene and adding to FXGLMainMenuDummyScene
12:01:10.482 [JavaFX Application Thread] DEBUG PrimaryStageWindow   - GameScene -> FXGLMainMenuDummyScene
12:01:10.482 [JavaFX Application Thread] DEBUG PrimaryStageWindow   - Push state: MainMenu
12:01:10.482 [JavaFX Application Thread] DEBUG Input                - Clearing active input actions
12:01:10.483 [JavaFX Application Thread] DEBUG GameApplicationServi - Removing overlay from FXGLMainMenuDummyScene and adding to MainMenu
12:01:10.483 [JavaFX Application Thread] DEBUG PrimaryStageWindow   - FXGLMainMenuDummyScene -> MainMenu
12:01:11.230 [JavaFX Application Thread] DEBUG Menu                 - fireNewGame()
12:01:11.230 [JavaFX Application Thread] DEBUG GameApplicationServi - Starting new game
12:01:11.230 [JavaFX Application Thread] DEBUG PrimaryStageWindow   - Pop state: MainMenu
12:01:11.230 [JavaFX Application Thread] DEBUG Input                - Clearing active input actions
12:01:11.230 [JavaFX Application Thread] DEBUG GameApplicationServi - Removing overlay from MainMenu and adding to FXGLMainMenuDummyScene
12:01:11.231 [JavaFX Application Thread] DEBUG PrimaryStageWindow   - FXGLMainMenuDummyScene <- MainMenu
12:01:11.231 [JavaFX Application Thread] DEBUG Input                - Clearing active input actions
12:01:11.234 [JavaFX Application Thread] DEBUG GameApplicationServi - Removing overlay from FXGLMainMenuDummyScene and adding to FXGLLoadingScene
12:01:11.235 [JavaFX Application Thread] DEBUG PrimaryStageWindow   - FXGLMainMenuDummyScene -> FXGLLoadingScene
12:01:11.235 [JavaFX Application Thread] DEBUG GameApplicationServi - Clearing previous game
12:01:11.235 [JavaFX Application Thread] DEBUG GameScene            - Clearing game scene
12:01:11.235 [JavaFX Application Thread] DEBUG GameWorld            - Clearing game world
12:01:11.246 [JavaFX Application Thread] DEBUG PhysicsWorld         - Clearing physics world
12:01:11.247 [FXGL Background Thread 2 ] DEBUG FXGLApplication      - Initializing game
12:01:11.299 [FXGL Background Thread 2 ] WARN  Entity               - Entity already has component: com.almasb.fxgl.entity.components.CollidableComponent
12:01:11.299 [FXGL Background Thread 2 ] INFO  FXGLApplication      - Game initialization took: 0.052 sec
12:01:11.302 [JavaFX Application Thread] DEBUG Input                - Clearing active input actions
12:01:11.307 [JavaFX Application Thread] DEBUG GameApplicationServi - Removing overlay from FXGLLoadingScene and adding to GameScene
12:01:11.308 [JavaFX Application Thread] DEBUG PrimaryStageWindow   - FXGLLoadingScene -> GameScene
12:01:18.813 [JavaFX Application Thread] DEBUG Input                - Clearing active input actions
12:01:18.819 [JavaFX Application Thread] DEBUG GameApplicationServi - Removing overlay from GameScene and adding to FXGLMainMenuDummyScene
12:01:18.822 [JavaFX Application Thread] DEBUG PrimaryStageWindow   - GameScene -> FXGLMainMenuDummyScene
12:01:18.822 [JavaFX Application Thread] DEBUG PrimaryStageWindow   - Push state: MainMenu
12:01:18.822 [JavaFX Application Thread] DEBUG Input                - Clearing active input actions
12:01:18.822 [JavaFX Application Thread] DEBUG GameApplicationServi - Removing overlay from FXGLMainMenuDummyScene and adding to MainMenu
12:01:18.822 [JavaFX Application Thread] DEBUG PrimaryStageWindow   - FXGLMainMenuDummyScene -> MainMenu
12:01:20.045 [JavaFX Application Thread] DEBUG Menu                 - fireNewGame()
12:01:20.045 [JavaFX Application Thread] DEBUG GameApplicationServi - Starting new game
12:01:20.045 [JavaFX Application Thread] DEBUG PrimaryStageWindow   - Pop state: MainMenu
12:01:20.045 [JavaFX Application Thread] DEBUG Input                - Clearing active input actions
12:01:20.045 [JavaFX Application Thread] DEBUG GameApplicationServi - Removing overlay from MainMenu and adding to FXGLMainMenuDummyScene
12:01:20.045 [JavaFX Application Thread] DEBUG PrimaryStageWindow   - FXGLMainMenuDummyScene <- MainMenu
12:01:20.045 [JavaFX Application Thread] DEBUG Input                - Clearing active input actions
12:01:20.049 [JavaFX Application Thread] DEBUG GameApplicationServi - Removing overlay from FXGLMainMenuDummyScene and adding to FXGLLoadingScene
12:01:20.049 [JavaFX Application Thread] DEBUG PrimaryStageWindow   - FXGLMainMenuDummyScene -> FXGLLoadingScene
12:01:20.049 [JavaFX Application Thread] DEBUG GameApplicationServi - Clearing previous game
12:01:20.049 [JavaFX Application Thread] DEBUG GameScene            - Clearing game scene
12:01:20.049 [JavaFX Application Thread] DEBUG GameWorld            - Clearing game world
12:01:20.057 [JavaFX Application Thread] DEBUG PhysicsWorld         - Clearing physics world
12:01:20.058 [FXGL Background Thread 2 ] DEBUG FXGLApplication      - Initializing game
12:01:20.106 [FXGL Background Thread 2 ] WARN  Entity               - Entity already has component: com.almasb.fxgl.entity.components.CollidableComponent
12:01:20.106 [FXGL Background Thread 2 ] INFO  FXGLApplication      - Game initialization took: 0.048 sec
12:01:20.108 [JavaFX Application Thread] DEBUG Input                - Clearing active input actions
12:01:20.112 [JavaFX Application Thread] DEBUG GameApplicationServi - Removing overlay from FXGLLoadingScene and adding to GameScene
12:01:20.113 [JavaFX Application Thread] DEBUG PrimaryStageWindow   - FXGLLoadingScene -> GameScene
12:01:27.438 [JavaFX Application Thread] DEBUG Input                - Clearing active input actions
12:01:27.443 [JavaFX Application Thread] DEBUG GameApplicationServi - Removing overlay from GameScene and adding to FXGLMainMenuDummyScene
12:01:27.444 [JavaFX Application Thread] DEBUG PrimaryStageWindow   - GameScene -> FXGLMainMenuDummyScene
12:01:27.444 [JavaFX Application Thread] DEBUG PrimaryStageWindow   - Push state: MainMenu
12:01:27.444 [JavaFX Application Thread] DEBUG Input                - Clearing active input actions
12:01:27.444 [JavaFX Application Thread] DEBUG GameApplicationServi - Removing overlay from FXGLMainMenuDummyScene and adding to MainMenu
12:01:27.444 [JavaFX Application Thread] DEBUG PrimaryStageWindow   - FXGLMainMenuDummyScene -> MainMenu
12:01:27.803 [JavaFX Application Thread] DEBUG FXGLApplication      - Exiting FXGL
12:01:27.803 [JavaFX Application Thread] DEBUG LoopRunner           - Stopping loop
12:01:27.803 [JavaFX Application Thread] DEBUG SystemBundleService  - Saving FXGL system data
12:01:27.805 [JavaFX Application Thread] DEBUG FileSystemAccess     - Writing to: E:\space_java\Game\game_datbom\system\fxgl.bundle
12:01:27.807 [JavaFX Application Thread] DEBUG Async                - Shutting down background threads
12:01:27.807 [JavaFX Application Thread] DEBUG PrimaryStageWindow   - Closing main window
12:01:27.837 [JavaFX Application Thread] DEBUG Logger               - Closing Logger
