01:48:44.396 [main                     ] DEBUG Logger               - Configured Logger
01:48:44.414 [main                     ] DEBUG GameApplication      - Logging settings
Title: Bomberman
Version: 1.0
Width: 1280
Height: 720
Fullscreen: false
Intro: false
Profiling: false
Single step:false
App Mode: DEVELOPER
Menu Key: ESCAPE
Stage Style: DECORATED
Scene Factory: class hellofx.Main$1

01:48:44.519 [JavaFX Application Thread] DEBUG FXGLApplication      - Initializing FXGL
01:48:44.525 [JavaFX Application Thread] INFO  Engine               - FXGL-17.1 (24.03.2022 17.34) on WINDOWS (J:18.0.2.1 FX:18)
01:48:44.526 [JavaFX Application Thread] DEBUG Engine               - JRE Vendor Name: Oracle Corporation
01:48:44.526 [JavaFX Application Thread] DEBUG Engine               - Running on OS: Windows 11 version 10.0
01:48:44.526 [JavaFX Application Thread] DEBUG Engine               - Architecture: amd64
01:48:44.527 [JavaFX Application Thread] INFO  Engine               - Source code and latest versions at: https://github.com/AlmasB/FXGL
01:48:44.527 [JavaFX Application Thread] INFO  Engine               -       Ask questions and discuss at: https://github.com/AlmasB/FXGL/discussions
01:48:44.527 [JavaFX Application Thread] INFO  Engine               -              Join the FXGL chat at: https://gitter.im/AlmasB/FXGL
01:48:44.577 [JavaFX Application Thread] DEBUG PrimaryStageWindow   - Creating a JavaFX scene
01:48:44.626 [JavaFX Application Thread] DEBUG PrimaryStageWindow   - Target settings size: 1280.0 x 720.0
01:48:44.626 [JavaFX Application Thread] DEBUG PrimaryStageWindow   - Scaled scene size:    1280.0 x 720.0
01:48:44.626 [JavaFX Application Thread] DEBUG PrimaryStageWindow   - Scaled ratio: (1.0, 1.0)
01:48:44.627 [JavaFX Application Thread] DEBUG PrimaryStageWindow   - Set initial scene to FXGLStartupScene
01:48:44.634 [JavaFX Application Thread] DEBUG PrimaryStageWindow   - Opening main window
01:48:44.721 [JavaFX Application Thread] DEBUG PrimaryStageWindow   - Window border size: (16.0, 39.0)
01:48:44.721 [JavaFX Application Thread] DEBUG PrimaryStageWindow   - Scaled size: 1280.0 x 720.0
01:48:44.722 [JavaFX Application Thread] DEBUG PrimaryStageWindow   - Scaled ratio: (1.0, 1.0)
01:48:44.722 [JavaFX Application Thread] DEBUG PrimaryStageWindow   - Scene size: 1280.0 x 720.0
01:48:44.722 [JavaFX Application Thread] DEBUG PrimaryStageWindow   - Stage size: 1296.0 x 759.0
01:48:44.734 [FXGL Background Thread 1 ] DEBUG Engine               - Initializing environment variables
01:48:44.805 [FXGL Background Thread 1 ] DEBUG FXGLAssetLoaderServi - User app class for loading assets: class hellofx.Main
01:48:44.805 [FXGL Background Thread 1 ] DEBUG GameApplicationServi - Applying CSS: fxgl_dark.css
01:48:44.806 [FXGL Background Thread 1 ] DEBUG FXGLAssetLoaderServi - Loading from file system: jar:file:/C:/Users/chaum/.m2/repository/com/github/almasb/fxgl/17.1/fxgl-17.1.jar!/fxglassets/ui/css/fxgl_dark.css
01:48:44.863 [FXGL Background Thread 1 ] DEBUG GameApplicationServi - Initializing application scenes
01:48:44.909 [FXGL Background Thread 1 ] DEBUG GameWorld            - Game world initialized
01:48:44.964 [FXGL Background Thread 1 ] DEBUG PhysicsWorld         - Physics world initialized: appHeight=720, physics.ppm=50.0
01:48:44.965 [FXGL Background Thread 1 ] DEBUG PhysicsWorld         - Using strategy: BRUTE_FORCE
01:48:44.969 [FXGL Background Thread 1 ] DEBUG GameScene            - Game scene initialized: 1280x720
01:48:45.044 [FXGL Background Thread 1 ] DEBUG GameApplicationServi - Application scenes initialized
01:48:45.054 [FXGL Background Thread 1 ] DEBUG SystemBundleService  - Loading FXGL system data
01:48:45.060 [FXGL Background Thread 1 ] DEBUG FileSystemAccess     - Reading from: E:\space_java\Game\game_datbom\system\fxgl.bundle
01:48:45.068 [FXGL Background Thread 1 ] DEBUG SystemBundleService  - Bundle FXGL: {}
01:48:45.069 [FXGL Background Thread 1 ] DEBUG UpdaterService       - Checking for updates
01:48:45.101 [FXGL Background Thread 4 ] DEBUG FXGLApplication      - Loading fonts
01:48:45.102 [FXGL Background Thread 4 ] DEBUG FXGLAssetLoaderServi - Loading from file system: jar:file:/C:/Users/chaum/.m2/repository/com/github/almasb/fxgl/17.1/fxgl-17.1.jar!/fxglassets/ui/fonts/VarelaRound-Regular.ttf
01:48:45.102 [FXGL Background Thread 1 ] DEBUG FXGLApplication      - Loading default localization
01:48:45.102 [FXGL Background Thread 1 ] DEBUG FXGLAssetLoaderServi - Loading from file system: jar:file:/C:/Users/chaum/.m2/repository/com/github/almasb/fxgl/17.1/fxgl-17.1.jar!/fxglassets/languages/english.lang
01:48:45.121 [FXGL Background Thread 1 ] INFO  FXGLApplication      - FXGL initialization took: 0.387 sec
01:48:45.134 [JavaFX Application Thread] DEBUG Input                - Registered new binding: action0 - F
01:48:45.134 [JavaFX Application Thread] DEBUG Input                - Registered new binding: action1 - G
01:48:45.134 [JavaFX Application Thread] DEBUG Input                - Registered new binding: action2 - R
01:48:45.135 [JavaFX Application Thread] DEBUG Input                - Registered new binding: action3 - T
01:48:45.135 [JavaFX Application Thread] DEBUG Input                - Registered new binding: Right - D
01:48:45.136 [JavaFX Application Thread] DEBUG Input                - Registered new binding: Left - A
01:48:45.136 [JavaFX Application Thread] DEBUG Input                - Registered new binding: Up - W
01:48:45.136 [JavaFX Application Thread] DEBUG Input                - Registered new binding: Down - S
01:48:45.136 [JavaFX Application Thread] DEBUG Input                - Registered new binding: Place boom - Space
01:48:45.136 [JavaFX Application Thread] DEBUG FXGLAssetLoaderServi - Loading from file system: file:/E:/space_java/Game/game_datbom/target/classes/assets/textures/icon/icon.png
01:48:45.172 [FXGL Background Thread 4 ] DEBUG FXGLAssetLoaderServi - Loading from file system: jar:file:/C:/Users/chaum/.m2/repository/com/github/almasb/fxgl/17.1/fxgl-17.1.jar!/fxglassets/ui/fonts/Abel-Regular.ttf
01:48:45.176 [FXGL Background Thread 4 ] DEBUG FXGLAssetLoaderServi - Loading from file system: jar:file:/C:/Users/chaum/.m2/repository/com/github/almasb/fxgl/17.1/fxgl-17.1.jar!/fxglassets/ui/fonts/TerminalLandMono-Regular.otf
01:48:45.180 [FXGL Background Thread 4 ] DEBUG FXGLAssetLoaderServi - Loading from file system: jar:file:/C:/Users/chaum/.m2/repository/com/github/almasb/fxgl/17.1/fxgl-17.1.jar!/fxglassets/ui/fonts/Courier-Prime.ttf
01:48:45.197 [JavaFX Application Thread] DEBUG FXGLAssetLoaderServi - Loading from file system: file:/E:/space_java/Game/game_datbom/target/classes/assets/textures/cursor/cursor1.png
01:48:45.210 [JavaFX Application Thread] DEBUG Input                - Registered new binding: Screenshot - CTRL+8
01:48:45.210 [JavaFX Application Thread] DEBUG Input                - Registered new binding: Dev Options - 1
01:48:45.211 [JavaFX Application Thread] DEBUG Input                - Registered new binding: Dev Console - 2
01:48:45.212 [JavaFX Application Thread] DEBUG Input                - Registered new binding: System info dump - CTRL+9
01:48:45.212 [JavaFX Application Thread] DEBUG Input                - Registered new binding: Restart - CTRL+R
01:48:45.213 [JavaFX Application Thread] DEBUG Input                - Registered new binding: Toggle Debug Camera - CTRL+7
01:48:45.216 [JavaFX Application Thread] DEBUG LoopRunner           - Starting loop
01:48:45.228 [JavaFX Application Thread] DEBUG LoopRunner           - Initializing JavaFX AnimationTimerLoop
01:48:45.230 [JavaFX Application Thread] DEBUG Input                - Clearing active input actions
01:48:45.238 [JavaFX Application Thread] DEBUG GameApplicationServi - Removing overlay from FXGLStartupScene and adding to FXGLMainMenuDummyScene
01:48:45.241 [JavaFX Application Thread] DEBUG PrimaryStageWindow   - FXGLStartupScene -> FXGLMainMenuDummyScene
01:48:45.241 [JavaFX Application Thread] DEBUG PrimaryStageWindow   - Push state: MainMenu
01:48:45.241 [JavaFX Application Thread] DEBUG Input                - Clearing active input actions
01:48:45.244 [JavaFX Application Thread] DEBUG GameApplicationServi - Removing overlay from FXGLMainMenuDummyScene and adding to MainMenu
01:48:45.245 [JavaFX Application Thread] DEBUG PrimaryStageWindow   - FXGLMainMenuDummyScene -> MainMenu
01:48:45.245 [JavaFX Application Thread] DEBUG FXGLApplication      - Registering font factories with UI factory
01:48:45.644 [FXGL Background Thread 2 ] INFO  UpdaterService       - Your current version:  17.1
01:48:45.644 [FXGL Background Thread 2 ] INFO  UpdaterService       - Latest stable version: 17.2
01:48:47.585 [JavaFX Application Thread] DEBUG Menu                 - fireNewGame()
01:48:47.585 [JavaFX Application Thread] DEBUG GameApplicationServi - Starting new game
01:48:47.586 [JavaFX Application Thread] DEBUG PrimaryStageWindow   - Pop state: MainMenu
01:48:47.586 [JavaFX Application Thread] DEBUG Input                - Clearing active input actions
01:48:47.588 [JavaFX Application Thread] DEBUG GameApplicationServi - Removing overlay from MainMenu and adding to FXGLMainMenuDummyScene
01:48:47.592 [JavaFX Application Thread] DEBUG PrimaryStageWindow   - FXGLMainMenuDummyScene <- MainMenu
01:48:47.592 [JavaFX Application Thread] DEBUG Input                - Clearing active input actions
01:48:47.601 [JavaFX Application Thread] DEBUG GameApplicationServi - Removing overlay from FXGLMainMenuDummyScene and adding to FXGLLoadingScene
01:48:47.601 [JavaFX Application Thread] DEBUG PrimaryStageWindow   - FXGLMainMenuDummyScene -> FXGLLoadingScene
01:48:47.601 [JavaFX Application Thread] DEBUG GameApplicationServi - Clearing previous game
01:48:47.602 [JavaFX Application Thread] DEBUG GameScene            - Clearing game scene
01:48:47.602 [JavaFX Application Thread] DEBUG GameWorld            - Clearing game world
01:48:47.602 [JavaFX Application Thread] DEBUG PhysicsWorld         - Clearing physics world
01:48:47.604 [FXGL Background Thread 2 ] DEBUG FXGLApplication      - Initializing game
01:48:47.631 [FXGL Background Thread 2 ] DEBUG FXGLAssetLoaderServi - Loading from file system: file:/E:/space_java/Game/game_datbom/target/classes/assets/textures/mapTexture/grass.png
01:48:47.639 [FXGL Background Thread 2 ] DEBUG FXGLAssetLoaderServi - Loading from file system: file:/E:/space_java/Game/game_datbom/target/classes/assets/textures/mapTexture/wall2.png
01:48:47.689 [FXGL Background Thread 2 ] DEBUG FXGLAssetLoaderServi - Loading from file system: file:/E:/space_java/Game/game_datbom/target/classes/assets/textures/enemy/oneal40.png
01:48:47.731 [FXGL Background Thread 2 ] DEBUG FXGLAssetLoaderServi - Loading from file system: file:/E:/space_java/Game/game_datbom/target/classes/assets/textures/gameItem/powerup_bombs.png
01:48:47.735 [FXGL Background Thread 2 ] DEBUG FXGLAssetLoaderServi - Loading from file system: file:/E:/space_java/Game/game_datbom/target/classes/assets/textures/gameItem/powerup_flamepass.png
01:48:47.741 [FXGL Background Thread 2 ] DEBUG FXGLAssetLoaderServi - Loading from file system: file:/E:/space_java/Game/game_datbom/target/classes/assets/textures/gameItem/powerup_flames.png
01:48:47.749 [FXGL Background Thread 2 ] DEBUG FXGLAssetLoaderServi - Loading from file system: file:/E:/space_java/Game/game_datbom/target/classes/assets/textures/gameItem/powerup_speed.png
01:48:47.756 [FXGL Background Thread 2 ] DEBUG FXGLAssetLoaderServi - Loading from file system: file:/E:/space_java/Game/game_datbom/target/classes/assets/textures/enemy/balloon36.png
01:48:47.800 [FXGL Background Thread 2 ] DEBUG FXGLAssetLoaderServi - Loading from file system: file:/E:/space_java/Game/game_datbom/target/classes/assets/textures/mapTexture%5cbrick.png
01:48:47.801 [FXGL Background Thread 2 ] DEBUG FXGLAssetLoaderServi - Loading from file system: file:/E:/space_java/Game/game_datbom/target/classes/assets/textures/mapTexture%5cbrick_break.png
01:48:47.866 [FXGL Background Thread 2 ] DEBUG FXGLAssetLoaderServi - Loading from file system: file:/E:/space_java/Game/game_datbom/target/classes/assets/textures/mapTexture/portal.png
01:48:47.964 [FXGL Background Thread 2 ] DEBUG FXGLAssetLoaderServi - Loading from file system: file:/E:/space_java/Game/game_datbom/target/classes/assets/textures/character/gold_player_dead.png
01:48:47.966 [FXGL Background Thread 2 ] DEBUG FXGLAssetLoaderServi - Loading from file system: file:/E:/space_java/Game/game_datbom/target/classes/assets/textures/character/gold_player_down.png
01:48:47.967 [FXGL Background Thread 2 ] DEBUG FXGLAssetLoaderServi - Loading from file system: file:/E:/space_java/Game/game_datbom/target/classes/assets/textures/character/gold_player_up.png
01:48:47.968 [FXGL Background Thread 2 ] DEBUG FXGLAssetLoaderServi - Loading from file system: file:/E:/space_java/Game/game_datbom/target/classes/assets/textures/character/gold_player_left_temp.png
01:48:47.969 [FXGL Background Thread 2 ] DEBUG FXGLAssetLoaderServi - Loading from file system: file:/E:/space_java/Game/game_datbom/target/classes/assets/textures/character/gold_player_right_temp.png
01:48:47.975 [FXGL Background Thread 2 ] INFO  FXGLApplication      - Game initialization took: 0.370 sec
01:48:47.979 [JavaFX Application Thread] DEBUG Input                - Clearing active input actions
01:48:47.997 [JavaFX Application Thread] DEBUG GameApplicationServi - Removing overlay from FXGLLoadingScene and adding to GameScene
01:48:48.000 [JavaFX Application Thread] DEBUG PrimaryStageWindow   - FXGLLoadingScene -> GameScene
01:48:48.099 [FXGL Background Thread 3 ] DEBUG Engine               - Logging environment variables
01:48:48.100 [FXGL Background Thread 3 ] DEBUG Engine               - achievements: []
01:48:48.100 [FXGL Background Thread 3 ] DEBUG Engine               - actualHeight: 720.0
01:48:48.101 [FXGL Background Thread 3 ] DEBUG Engine               - actualHeightProperty: ReadOnlyDoubleProperty [value: 720.0]
01:48:48.101 [FXGL Background Thread 3 ] DEBUG Engine               - actualWidth: 1280.0
01:48:48.101 [FXGL Background Thread 3 ] DEBUG Engine               - actualWidthProperty: ReadOnlyDoubleProperty [value: 1280.0]
01:48:48.101 [FXGL Background Thread 3 ] DEBUG Engine               - appIcon: icon/icon.png
01:48:48.101 [FXGL Background Thread 3 ] DEBUG Engine               - applicationMode: DEVELOPER
01:48:48.101 [FXGL Background Thread 3 ] DEBUG Engine               - cSSList: [fxgl_dark.css]
01:48:48.102 [FXGL Background Thread 3 ] DEBUG Engine               - collisionDetectionStrategy: BRUTE_FORCE
01:48:48.102 [FXGL Background Thread 3 ] DEBUG Engine               - configClass: Optional.empty
01:48:48.102 [FXGL Background Thread 3 ] DEBUG Engine               - credits: []
01:48:48.103 [FXGL Background Thread 3 ] DEBUG Engine               - defaultCursor: CursorInfo(imageName=cursor/cursor1.png, hotspotX=0.0, hotspotY=0.0)
01:48:48.104 [FXGL Background Thread 3 ] DEBUG Engine               - devBBoxColorProperty: ObjectProperty [value: 0xff0000ff]
01:48:48.104 [FXGL Background Thread 3 ] DEBUG Engine               - devEnableDebugCameraProperty: BooleanProperty [value: false]
01:48:48.104 [FXGL Background Thread 3 ] DEBUG Engine               - devSensorColorProperty: ObjectProperty [value: 0xffff00ff]
01:48:48.105 [FXGL Background Thread 3 ] DEBUG Engine               - devShowBBoxProperty: BooleanProperty [value: false]
01:48:48.105 [FXGL Background Thread 3 ] DEBUG Engine               - devShowPositionProperty: BooleanProperty [value: false]
01:48:48.105 [FXGL Background Thread 3 ] DEBUG Engine               - enabledMenuItems: []
01:48:48.105 [FXGL Background Thread 3 ] DEBUG Engine               - engineServices: [class com.almasb.fxgl.app.services.FXGLAssetLoaderService, class com.almasb.fxgl.app.FXGLApplication$GameApplicationService, class com.almasb.fxgl.app.services.FXGLDialogService, class com.almasb.fxgl.app.services.IOTaskExecutorService, class com.almasb.fxgl.io.FileSystemService, class com.almasb.fxgl.localization.LocalizationService, class com.almasb.fxgl.app.services.SystemBundleService, class com.almasb.fxgl.profile.SaveLoadService, class com.almasb.fxgl.ui.FXGLUIFactoryServiceProvider, class com.almasb.fxgl.ui.FXGLDialogFactoryServiceProvider, class com.almasb.fxgl.audio.AudioPlayer, class com.almasb.fxgl.notification.impl.NotificationServiceProvider, class com.almasb.fxgl.achievement.AchievementService, class com.almasb.fxgl.cutscene.CutsceneService, class com.almasb.fxgl.minigames.MiniGameService, class com.almasb.fxgl.net.NetService, class com.almasb.fxgl.app.services.UpdaterService, class com.almasb.fxgl.dev.DevService]
01:48:48.105 [FXGL Background Thread 3 ] DEBUG Engine               - fontGame: Abel-Regular.ttf
01:48:48.105 [FXGL Background Thread 3 ] DEBUG Engine               - fontMono: TerminalLandMono-Regular.otf
01:48:48.105 [FXGL Background Thread 3 ] DEBUG Engine               - fontText: Courier-Prime.ttf
01:48:48.105 [FXGL Background Thread 3 ] DEBUG Engine               - fontUI: VarelaRound-Regular.ttf
01:48:48.105 [FXGL Background Thread 3 ] DEBUG Engine               - fullScreen: BooleanProperty [value: false]
01:48:48.105 [FXGL Background Thread 3 ] DEBUG Engine               - gameDifficulty: MEDIUM
01:48:48.106 [FXGL Background Thread 3 ] DEBUG Engine               - gameDifficultyProperty: ObjectProperty [value: MEDIUM]
01:48:48.106 [FXGL Background Thread 3 ] DEBUG Engine               - globalMusicVolume: 0.5
01:48:48.106 [FXGL Background Thread 3 ] DEBUG Engine               - globalMusicVolumeProperty: DoubleProperty [value: 0.5]
01:48:48.106 [FXGL Background Thread 3 ] DEBUG Engine               - globalSoundVolume: 0.5
01:48:48.106 [FXGL Background Thread 3 ] DEBUG Engine               - globalSoundVolumeProperty: DoubleProperty [value: 0.5]
01:48:48.106 [FXGL Background Thread 3 ] DEBUG Engine               - height: 720
01:48:48.106 [FXGL Background Thread 3 ] DEBUG Engine               - is3D: false
01:48:48.106 [FXGL Background Thread 3 ] DEBUG Engine               - isAndroid: false
01:48:48.106 [FXGL Background Thread 3 ] DEBUG Engine               - isBrowser: false
01:48:48.106 [FXGL Background Thread 3 ] DEBUG Engine               - isClickFeedbackEnabled: false
01:48:48.106 [FXGL Background Thread 3 ] DEBUG Engine               - isCloseConfirmation: false
01:48:48.106 [FXGL Background Thread 3 ] DEBUG Engine               - isDesktop: true
01:48:48.107 [FXGL Background Thread 3 ] DEBUG Engine               - isDeveloperMenuEnabled: true
01:48:48.107 [FXGL Background Thread 3 ] DEBUG Engine               - isEmbedded: false
01:48:48.107 [FXGL Background Thread 3 ] DEBUG Engine               - isEntityPreloadEnabled: true
01:48:48.107 [FXGL Background Thread 3 ] DEBUG Engine               - isExperimentalTiledLargeMap: false
01:48:48.107 [FXGL Background Thread 3 ] DEBUG Engine               - isFileSystemWriteAllowed: true
01:48:48.107 [FXGL Background Thread 3 ] DEBUG Engine               - isFullScreenAllowed: false
01:48:48.107 [FXGL Background Thread 3 ] DEBUG Engine               - isFullScreenFromStart: false
01:48:48.107 [FXGL Background Thread 3 ] DEBUG Engine               - isGameMenuEnabled: true
01:48:48.107 [FXGL Background Thread 3 ] DEBUG Engine               - isIOS: false
01:48:48.107 [FXGL Background Thread 3 ] DEBUG Engine               - isIntroEnabled: false
01:48:48.107 [FXGL Background Thread 3 ] DEBUG Engine               - isLinux: false
01:48:48.107 [FXGL Background Thread 3 ] DEBUG Engine               - isMac: false
01:48:48.107 [FXGL Background Thread 3 ] DEBUG Engine               - isMainMenuEnabled: true
01:48:48.108 [FXGL Background Thread 3 ] DEBUG Engine               - isManualResizeEnabled: false
01:48:48.108 [FXGL Background Thread 3 ] DEBUG Engine               - isMobile: false
01:48:48.108 [FXGL Background Thread 3 ] DEBUG Engine               - isNative: false
01:48:48.108 [FXGL Background Thread 3 ] DEBUG Engine               - isPauseMusicWhenMinimized: true
01:48:48.108 [FXGL Background Thread 3 ] DEBUG Engine               - isPreserveResizeRatio: false
01:48:48.108 [FXGL Background Thread 3 ] DEBUG Engine               - isProfilingEnabled: false
01:48:48.108 [FXGL Background Thread 3 ] DEBUG Engine               - isScaleAffectedOnResize: true
01:48:48.108 [FXGL Background Thread 3 ] DEBUG Engine               - isSingleStep: false
01:48:48.108 [FXGL Background Thread 3 ] DEBUG Engine               - isUserProfileEnabled: false
01:48:48.108 [FXGL Background Thread 3 ] DEBUG Engine               - isWindows: true
01:48:48.108 [FXGL Background Thread 3 ] DEBUG Engine               - language: ObjectProperty [value: ENGLISH]
01:48:48.108 [FXGL Background Thread 3 ] DEBUG Engine               - menuKey: ESCAPE
01:48:48.108 [FXGL Background Thread 3 ] DEBUG Engine               - mouseSensitivity: 0.2
01:48:48.109 [FXGL Background Thread 3 ] DEBUG Engine               - notificationViewClass: class com.almasb.fxgl.notification.view.XboxNotificationView
01:48:48.109 [FXGL Background Thread 3 ] DEBUG Engine               - pixelsPerMeter: 50.0
01:48:48.109 [FXGL Background Thread 3 ] DEBUG Engine               - platform: WINDOWS
01:48:48.109 [FXGL Background Thread 3 ] DEBUG Engine               - prefHeightProperty: ReadOnlyDoubleProperty [value: 720.0]
01:48:48.109 [FXGL Background Thread 3 ] DEBUG Engine               - prefWidthProperty: ReadOnlyDoubleProperty [value: 1280.0]
01:48:48.109 [FXGL Background Thread 3 ] DEBUG Engine               - profileDir: profiles/
01:48:48.109 [FXGL Background Thread 3 ] DEBUG Engine               - profileName: StringProperty [value: DEFAULT]
01:48:48.109 [FXGL Background Thread 3 ] DEBUG Engine               - randomSeed: -1
01:48:48.109 [FXGL Background Thread 3 ] DEBUG Engine               - runtimeInfo: RuntimeInfo(platform=WINDOWS, version=17.1, build=24.03.2022 17.34)
01:48:48.110 [FXGL Background Thread 3 ] DEBUG Engine               - saveFileExt: sav
01:48:48.110 [FXGL Background Thread 3 ] DEBUG Engine               - scaledHeightProp$fxgl: DoubleProperty [bound, value: 720.0]
01:48:48.110 [FXGL Background Thread 3 ] DEBUG Engine               - scaledWidthProp$fxgl: DoubleProperty [bound, value: 1280.0]
01:48:48.110 [FXGL Background Thread 3 ] DEBUG Engine               - sceneFactory: hellofx.Main$1@616a1fb8
01:48:48.110 [FXGL Background Thread 3 ] DEBUG Engine               - secondsIn24h: 60
01:48:48.110 [FXGL Background Thread 3 ] DEBUG Engine               - soundMenuBack: menu/back.wav
01:48:48.110 [FXGL Background Thread 3 ] DEBUG Engine               - soundMenuPress: menu/press.wav
01:48:48.110 [FXGL Background Thread 3 ] DEBUG Engine               - soundMenuSelect: menu/select.wav
01:48:48.110 [FXGL Background Thread 3 ] DEBUG Engine               - soundNotification: core/notification.wav
01:48:48.110 [FXGL Background Thread 3 ] DEBUG Engine               - stageStyle: DECORATED
01:48:48.110 [FXGL Background Thread 3 ] DEBUG Engine               - supportedLanguages: [ENGLISH, FRENCH, GERMAN, HUNGARIAN, RUSSIAN]
01:48:48.110 [FXGL Background Thread 3 ] DEBUG Engine               - ticksPerSecond: -1
01:48:48.110 [FXGL Background Thread 3 ] DEBUG Engine               - title: Bomberman
01:48:48.110 [FXGL Background Thread 3 ] DEBUG Engine               - urlGithub: https://github.com/AlmasB/FXGL
01:48:48.111 [FXGL Background Thread 3 ] DEBUG Engine               - urlLeaderboard: http://fxgl-top.herokuapp.com/
01:48:48.111 [FXGL Background Thread 3 ] DEBUG Engine               - urlPOM: https://raw.githubusercontent.com/AlmasB/FXGL/release/README.md
01:48:48.111 [FXGL Background Thread 3 ] DEBUG Engine               - userAppClass: class hellofx.Main
01:48:48.111 [FXGL Background Thread 3 ] DEBUG Engine               - version: 1.0
01:48:48.111 [FXGL Background Thread 3 ] DEBUG Engine               - versionCheckDays: 7
01:48:48.111 [FXGL Background Thread 3 ] DEBUG Engine               - width: 1280
01:48:48.111 [FXGL Background Thread 3 ] DEBUG Engine               - Logging services
01:48:48.111 [FXGL Background Thread 3 ] DEBUG Engine               - class com.almasb.fxgl.app.services.FXGLAssetLoaderService
01:48:48.111 [FXGL Background Thread 3 ] DEBUG Engine               - class com.almasb.fxgl.app.FXGLApplication$GameApplicationService
01:48:48.111 [FXGL Background Thread 3 ] DEBUG Engine               - class com.almasb.fxgl.app.services.FXGLDialogService
01:48:48.112 [FXGL Background Thread 3 ] DEBUG Engine               - class com.almasb.fxgl.app.services.IOTaskExecutorService
01:48:48.112 [FXGL Background Thread 3 ] DEBUG Engine               - class com.almasb.fxgl.io.FileSystemService
01:48:48.112 [FXGL Background Thread 3 ] DEBUG Engine               - class com.almasb.fxgl.localization.LocalizationService
01:48:48.112 [FXGL Background Thread 3 ] DEBUG Engine               - class com.almasb.fxgl.app.services.SystemBundleService
01:48:48.112 [FXGL Background Thread 3 ] DEBUG Engine               - class com.almasb.fxgl.profile.SaveLoadService
01:48:48.112 [FXGL Background Thread 3 ] DEBUG Engine               - class com.almasb.fxgl.ui.FXGLUIFactoryServiceProvider
01:48:48.112 [FXGL Background Thread 3 ] DEBUG Engine               - class com.almasb.fxgl.ui.FXGLDialogFactoryServiceProvider
01:48:48.112 [FXGL Background Thread 3 ] DEBUG Engine               - class com.almasb.fxgl.audio.AudioPlayer
01:48:48.112 [FXGL Background Thread 3 ] DEBUG Engine               - class com.almasb.fxgl.notification.impl.NotificationServiceProvider
01:48:48.112 [FXGL Background Thread 3 ] DEBUG Engine               - class com.almasb.fxgl.achievement.AchievementService
01:48:48.112 [FXGL Background Thread 3 ] DEBUG Engine               - class com.almasb.fxgl.cutscene.CutsceneService
01:48:48.112 [FXGL Background Thread 3 ] DEBUG Engine               - class com.almasb.fxgl.minigames.MiniGameService
01:48:48.112 [FXGL Background Thread 3 ] DEBUG Engine               - class com.almasb.fxgl.net.NetService
01:48:48.113 [FXGL Background Thread 3 ] DEBUG Engine               - class com.almasb.fxgl.app.services.UpdaterService
01:48:48.113 [FXGL Background Thread 3 ] DEBUG Engine               - class com.almasb.fxgl.dev.DevService
01:49:39.026 [JavaFX Application Thread] DEBUG FXGLApplication      - Exiting FXGL
01:49:39.027 [JavaFX Application Thread] DEBUG LoopRunner           - Stopping loop
01:49:39.028 [JavaFX Application Thread] DEBUG SystemBundleService  - Saving FXGL system data
01:49:39.029 [JavaFX Application Thread] DEBUG FileSystemAccess     - Writing to: E:\space_java\Game\game_datbom\system\fxgl.bundle
01:49:39.031 [JavaFX Application Thread] DEBUG Async                - Shutting down background threads
01:49:39.032 [JavaFX Application Thread] DEBUG PrimaryStageWindow   - Closing main window
01:49:39.060 [JavaFX Application Thread] DEBUG Logger               - Closing Logger
