22:02:48.925 [main                     ] DEBUG Logger               - Configured Logger
22:02:48.938 [main                     ] DEBUG GameApplication      - Logging settings
Title: Bomberman
Version: 1.0
Width: 1280
Height: 720
Fullscreen: false
Intro: false
Profiling: false
Single step:false
App Mode: DEVELOPER
Menu Key: ESCAPE
Stage Style: DECORATED
Scene Factory: class hellofx.Main$1

22:02:49.042 [JavaFX Application Thread] DEBUG FXGLApplication      - Initializing FXGL
22:02:49.046 [JavaFX Application Thread] INFO  Engine               - FXGL-17.1 (24.03.2022 17.34) on WINDOWS (J:18.0.2.1 FX:18)
22:02:49.046 [JavaFX Application Thread] DEBUG Engine               - JRE Vendor Name: Oracle Corporation
22:02:49.047 [JavaFX Application Thread] DEBUG Engine               - Running on OS: Windows 11 version 10.0
22:02:49.047 [JavaFX Application Thread] DEBUG Engine               - Architecture: amd64
22:02:49.047 [JavaFX Application Thread] INFO  Engine               - Source code and latest versions at: https://github.com/AlmasB/FXGL
22:02:49.047 [JavaFX Application Thread] INFO  Engine               -       Ask questions and discuss at: https://github.com/AlmasB/FXGL/discussions
22:02:49.047 [JavaFX Application Thread] INFO  Engine               -              Join the FXGL chat at: https://gitter.im/AlmasB/FXGL
22:02:49.099 [JavaFX Application Thread] DEBUG PrimaryStageWindow   - Creating a JavaFX scene
22:02:49.142 [JavaFX Application Thread] DEBUG PrimaryStageWindow   - Target settings size: 1280.0 x 720.0
22:02:49.142 [JavaFX Application Thread] DEBUG PrimaryStageWindow   - Scaled scene size:    1280.0 x 720.0
22:02:49.142 [JavaFX Application Thread] DEBUG PrimaryStageWindow   - Scaled ratio: (1.0, 1.0)
22:02:49.143 [JavaFX Application Thread] DEBUG PrimaryStageWindow   - Set initial scene to FXGLStartupScene
22:02:49.151 [JavaFX Application Thread] DEBUG PrimaryStageWindow   - Opening main window
22:02:49.227 [JavaFX Application Thread] DEBUG PrimaryStageWindow   - Window border size: (16.0, 39.0)
22:02:49.228 [JavaFX Application Thread] DEBUG PrimaryStageWindow   - Scaled size: 1280.0 x 720.0
22:02:49.228 [JavaFX Application Thread] DEBUG PrimaryStageWindow   - Scaled ratio: (1.0, 1.0)
22:02:49.228 [JavaFX Application Thread] DEBUG PrimaryStageWindow   - Scene size: 1280.0 x 720.0
22:02:49.228 [JavaFX Application Thread] DEBUG PrimaryStageWindow   - Stage size: 1296.0 x 759.0
22:02:49.239 [FXGL Background Thread 1 ] DEBUG Engine               - Initializing environment variables
22:02:49.291 [FXGL Background Thread 1 ] DEBUG FXGLAssetLoaderServi - User app class for loading assets: class hellofx.Main
22:02:49.291 [FXGL Background Thread 1 ] DEBUG GameApplicationServi - Applying CSS: fxgl_dark.css
22:02:49.292 [FXGL Background Thread 1 ] DEBUG FXGLAssetLoaderServi - Loading from file system: jar:file:/C:/Users/chaum/.m2/repository/com/github/almasb/fxgl/17.1/fxgl-17.1.jar!/fxglassets/ui/css/fxgl_dark.css
22:02:49.327 [FXGL Background Thread 1 ] DEBUG GameApplicationServi - Initializing application scenes
22:02:49.367 [FXGL Background Thread 1 ] DEBUG GameWorld            - Game world initialized
22:02:49.417 [FXGL Background Thread 1 ] DEBUG PhysicsWorld         - Physics world initialized: appHeight=720, physics.ppm=50.0
22:02:49.417 [FXGL Background Thread 1 ] DEBUG PhysicsWorld         - Using strategy: BRUTE_FORCE
22:02:49.421 [FXGL Background Thread 1 ] DEBUG GameScene            - Game scene initialized: 1280x720
22:02:49.485 [FXGL Background Thread 1 ] DEBUG GameApplicationServi - Application scenes initialized
22:02:49.495 [FXGL Background Thread 1 ] DEBUG SystemBundleService  - Loading FXGL system data
22:02:49.501 [FXGL Background Thread 1 ] DEBUG FileSystemAccess     - Reading from: E:\space_java\Game\game_datbom\system\fxgl.bundle
22:02:49.512 [FXGL Background Thread 1 ] DEBUG SystemBundleService  - Bundle FXGL: {}
22:02:49.512 [FXGL Background Thread 1 ] DEBUG UpdaterService       - Checking for updates
22:02:49.570 [FXGL Background Thread 4 ] DEBUG FXGLApplication      - Loading fonts
22:02:49.571 [FXGL Background Thread 1 ] DEBUG FXGLApplication      - Loading default localization
22:02:49.571 [FXGL Background Thread 4 ] DEBUG FXGLAssetLoaderServi - Loading from file system: jar:file:/C:/Users/chaum/.m2/repository/com/github/almasb/fxgl/17.1/fxgl-17.1.jar!/fxglassets/ui/fonts/VarelaRound-Regular.ttf
22:02:49.571 [FXGL Background Thread 1 ] DEBUG FXGLAssetLoaderServi - Loading from file system: jar:file:/C:/Users/chaum/.m2/repository/com/github/almasb/fxgl/17.1/fxgl-17.1.jar!/fxglassets/languages/english.lang
22:02:49.584 [FXGL Background Thread 1 ] INFO  FXGLApplication      - FXGL initialization took: 0.344 sec
22:02:49.594 [JavaFX Application Thread] DEBUG Input                - Registered new binding: action0 - F
22:02:49.594 [JavaFX Application Thread] DEBUG Input                - Registered new binding: Right - D
22:02:49.594 [JavaFX Application Thread] DEBUG Input                - Registered new binding: Left - A
22:02:49.594 [JavaFX Application Thread] DEBUG Input                - Registered new binding: Up - W
22:02:49.594 [JavaFX Application Thread] DEBUG Input                - Registered new binding: Down - S
22:02:49.594 [JavaFX Application Thread] DEBUG Input                - Registered new binding: Place boom - Space
22:02:49.595 [JavaFX Application Thread] DEBUG FXGLAssetLoaderServi - Loading from file system: file:/E:/space_java/Game/game_datbom/target/classes/assets/textures/icon/icon.png
22:02:49.624 [FXGL Background Thread 4 ] DEBUG FXGLAssetLoaderServi - Loading from file system: jar:file:/C:/Users/chaum/.m2/repository/com/github/almasb/fxgl/17.1/fxgl-17.1.jar!/fxglassets/ui/fonts/Abel-Regular.ttf
22:02:49.628 [FXGL Background Thread 4 ] DEBUG FXGLAssetLoaderServi - Loading from file system: jar:file:/C:/Users/chaum/.m2/repository/com/github/almasb/fxgl/17.1/fxgl-17.1.jar!/fxglassets/ui/fonts/TerminalLandMono-Regular.otf
22:02:49.630 [JavaFX Application Thread] DEBUG FXGLAssetLoaderServi - Loading from file system: file:/E:/space_java/Game/game_datbom/target/classes/assets/textures/cursor/cursor1.png
22:02:49.641 [FXGL Background Thread 4 ] DEBUG FXGLAssetLoaderServi - Loading from file system: jar:file:/C:/Users/chaum/.m2/repository/com/github/almasb/fxgl/17.1/fxgl-17.1.jar!/fxglassets/ui/fonts/Courier-Prime.ttf
22:02:49.648 [JavaFX Application Thread] DEBUG Input                - Registered new binding: Screenshot - CTRL+8
22:02:49.648 [JavaFX Application Thread] DEBUG Input                - Registered new binding: Dev Options - 1
22:02:49.649 [JavaFX Application Thread] DEBUG Input                - Registered new binding: Dev Console - 2
22:02:49.650 [JavaFX Application Thread] DEBUG Input                - Registered new binding: System info dump - CTRL+9
22:02:49.650 [JavaFX Application Thread] DEBUG Input                - Registered new binding: Restart - CTRL+R
22:02:49.650 [JavaFX Application Thread] DEBUG Input                - Registered new binding: Toggle Debug Camera - CTRL+7
22:02:49.653 [JavaFX Application Thread] DEBUG LoopRunner           - Starting loop
22:02:49.669 [JavaFX Application Thread] DEBUG LoopRunner           - Initializing JavaFX AnimationTimerLoop
22:02:49.672 [JavaFX Application Thread] DEBUG Input                - Clearing active input actions
22:02:49.677 [JavaFX Application Thread] DEBUG GameApplicationServi - Removing overlay from FXGLStartupScene and adding to FXGLMainMenuDummyScene
22:02:49.680 [JavaFX Application Thread] DEBUG PrimaryStageWindow   - FXGLStartupScene -> FXGLMainMenuDummyScene
22:02:49.680 [JavaFX Application Thread] DEBUG PrimaryStageWindow   - Push state: MainMenu
22:02:49.681 [JavaFX Application Thread] DEBUG Input                - Clearing active input actions
22:02:49.683 [JavaFX Application Thread] DEBUG GameApplicationServi - Removing overlay from FXGLMainMenuDummyScene and adding to MainMenu
22:02:49.684 [JavaFX Application Thread] DEBUG PrimaryStageWindow   - FXGLMainMenuDummyScene -> MainMenu
22:02:49.685 [JavaFX Application Thread] DEBUG FXGLApplication      - Registering font factories with UI factory
22:02:50.230 [FXGL Background Thread 2 ] INFO  UpdaterService       - Your current version:  17.1
22:02:50.231 [FXGL Background Thread 2 ] INFO  UpdaterService       - Latest stable version: 17.2
22:02:51.491 [JavaFX Application Thread] DEBUG Menu                 - fireNewGame()
22:02:51.491 [JavaFX Application Thread] DEBUG GameApplicationServi - Starting new game
22:02:51.492 [JavaFX Application Thread] DEBUG PrimaryStageWindow   - Pop state: MainMenu
22:02:51.492 [JavaFX Application Thread] DEBUG Input                - Clearing active input actions
22:02:51.493 [JavaFX Application Thread] DEBUG GameApplicationServi - Removing overlay from MainMenu and adding to FXGLMainMenuDummyScene
22:02:51.495 [JavaFX Application Thread] DEBUG PrimaryStageWindow   - FXGLMainMenuDummyScene <- MainMenu
22:02:51.495 [JavaFX Application Thread] DEBUG Input                - Clearing active input actions
22:02:51.500 [JavaFX Application Thread] DEBUG GameApplicationServi - Removing overlay from FXGLMainMenuDummyScene and adding to FXGLLoadingScene
22:02:51.501 [JavaFX Application Thread] DEBUG PrimaryStageWindow   - FXGLMainMenuDummyScene -> FXGLLoadingScene
22:02:51.501 [JavaFX Application Thread] DEBUG GameApplicationServi - Clearing previous game
22:02:51.501 [JavaFX Application Thread] DEBUG GameScene            - Clearing game scene
22:02:51.501 [JavaFX Application Thread] DEBUG GameWorld            - Clearing game world
22:02:51.501 [JavaFX Application Thread] DEBUG PhysicsWorld         - Clearing physics world
22:02:51.515 [FXGL Background Thread 2 ] DEBUG FXGLApplication      - Initializing game
22:02:51.546 [FXGL Background Thread 2 ] DEBUG FXGLAssetLoaderServi - Loading from file system: file:/E:/space_java/Game/game_datbom/target/classes/assets/textures/mapTexture/grass.png
22:02:51.552 [FXGL Background Thread 2 ] DEBUG FXGLAssetLoaderServi - Loading from file system: file:/E:/space_java/Game/game_datbom/target/classes/assets/textures/mapTexture/wall.png
22:02:51.619 [FXGL Background Thread 2 ] DEBUG FXGLAssetLoaderServi - Loading from file system: file:/E:/space_java/Game/game_datbom/target/classes/assets/textures/gameItem/powerup_speed.png
22:02:51.623 [FXGL Background Thread 2 ] DEBUG FXGLAssetLoaderServi - Loading from file system: file:/E:/space_java/Game/game_datbom/target/classes/assets/textures/gameItem/powerup_flames.png
22:02:51.639 [FXGL Background Thread 2 ] DEBUG FXGLAssetLoaderServi - Loading from file system: file:/E:/space_java/Game/game_datbom/target/classes/assets/textures/mapTexture%5cbrick.png
22:02:51.641 [FXGL Background Thread 2 ] DEBUG FXGLAssetLoaderServi - Loading from file system: file:/E:/space_java/Game/game_datbom/target/classes/assets/textures/mapTexture%5cbrick_break.png
22:02:51.702 [FXGL Background Thread 2 ] DEBUG FXGLAssetLoaderServi - Loading from file system: file:/E:/space_java/Game/game_datbom/target/classes/assets/textures/mapTexture/portal.png
22:02:51.791 [FXGL Background Thread 2 ] DEBUG FXGLAssetLoaderServi - Loading from file system: file:/E:/space_java/Game/game_datbom/target/classes/assets/textures/character/gold_player_dead.png
22:02:51.793 [FXGL Background Thread 2 ] DEBUG FXGLAssetLoaderServi - Loading from file system: file:/E:/space_java/Game/game_datbom/target/classes/assets/textures/character/gold_player_down.png
22:02:51.796 [FXGL Background Thread 2 ] DEBUG FXGLAssetLoaderServi - Loading from file system: file:/E:/space_java/Game/game_datbom/target/classes/assets/textures/character/gold_player_up.png
22:02:51.799 [FXGL Background Thread 2 ] DEBUG FXGLAssetLoaderServi - Loading from file system: file:/E:/space_java/Game/game_datbom/target/classes/assets/textures/character/gold_player_left_temp.png
22:02:51.801 [FXGL Background Thread 2 ] DEBUG FXGLAssetLoaderServi - Loading from file system: file:/E:/space_java/Game/game_datbom/target/classes/assets/textures/character/gold_player_right_temp.png
22:02:51.802 [FXGL Background Thread 2 ] WARN  Entity               - Entity already has component: com.almasb.fxgl.entity.components.CollidableComponent
22:02:51.805 [FXGL Background Thread 2 ] INFO  FXGLApplication      - Game initialization took: 0.289 sec
22:02:51.814 [JavaFX Application Thread] DEBUG Input                - Clearing active input actions
22:02:51.825 [JavaFX Application Thread] DEBUG GameApplicationServi - Removing overlay from FXGLLoadingScene and adding to GameScene
22:02:51.827 [JavaFX Application Thread] DEBUG PrimaryStageWindow   - FXGLLoadingScene -> GameScene
22:02:52.568 [FXGL Background Thread 3 ] DEBUG Engine               - Logging environment variables
22:02:52.569 [FXGL Background Thread 3 ] DEBUG Engine               - achievements: []
22:02:52.570 [FXGL Background Thread 3 ] DEBUG Engine               - actualHeight: 720.0
22:02:52.570 [FXGL Background Thread 3 ] DEBUG Engine               - actualHeightProperty: ReadOnlyDoubleProperty [value: 720.0]
22:02:52.570 [FXGL Background Thread 3 ] DEBUG Engine               - actualWidth: 1280.0
22:02:52.571 [FXGL Background Thread 3 ] DEBUG Engine               - actualWidthProperty: ReadOnlyDoubleProperty [value: 1280.0]
22:02:52.571 [FXGL Background Thread 3 ] DEBUG Engine               - appIcon: icon/icon.png
22:02:52.571 [FXGL Background Thread 3 ] DEBUG Engine               - applicationMode: DEVELOPER
22:02:52.571 [FXGL Background Thread 3 ] DEBUG Engine               - cSSList: [fxgl_dark.css]
22:02:52.571 [FXGL Background Thread 3 ] DEBUG Engine               - collisionDetectionStrategy: BRUTE_FORCE
22:02:52.572 [FXGL Background Thread 3 ] DEBUG Engine               - configClass: Optional.empty
22:02:52.572 [FXGL Background Thread 3 ] DEBUG Engine               - credits: []
22:02:52.575 [FXGL Background Thread 3 ] DEBUG Engine               - defaultCursor: CursorInfo(imageName=cursor/cursor1.png, hotspotX=0.0, hotspotY=0.0)
22:02:52.576 [FXGL Background Thread 3 ] DEBUG Engine               - devBBoxColorProperty: ObjectProperty [value: 0xff0000ff]
22:02:52.576 [FXGL Background Thread 3 ] DEBUG Engine               - devEnableDebugCameraProperty: BooleanProperty [value: false]
22:02:52.576 [FXGL Background Thread 3 ] DEBUG Engine               - devSensorColorProperty: ObjectProperty [value: 0xffff00ff]
22:02:52.576 [FXGL Background Thread 3 ] DEBUG Engine               - devShowBBoxProperty: BooleanProperty [value: false]
22:02:52.576 [FXGL Background Thread 3 ] DEBUG Engine               - devShowPositionProperty: BooleanProperty [value: false]
22:02:52.576 [FXGL Background Thread 3 ] DEBUG Engine               - enabledMenuItems: []
22:02:52.576 [FXGL Background Thread 3 ] DEBUG Engine               - engineServices: [class com.almasb.fxgl.app.services.FXGLAssetLoaderService, class com.almasb.fxgl.app.FXGLApplication$GameApplicationService, class com.almasb.fxgl.app.services.FXGLDialogService, class com.almasb.fxgl.app.services.IOTaskExecutorService, class com.almasb.fxgl.io.FileSystemService, class com.almasb.fxgl.localization.LocalizationService, class com.almasb.fxgl.app.services.SystemBundleService, class com.almasb.fxgl.profile.SaveLoadService, class com.almasb.fxgl.ui.FXGLUIFactoryServiceProvider, class com.almasb.fxgl.ui.FXGLDialogFactoryServiceProvider, class com.almasb.fxgl.audio.AudioPlayer, class com.almasb.fxgl.notification.impl.NotificationServiceProvider, class com.almasb.fxgl.achievement.AchievementService, class com.almasb.fxgl.cutscene.CutsceneService, class com.almasb.fxgl.minigames.MiniGameService, class com.almasb.fxgl.net.NetService, class com.almasb.fxgl.app.services.UpdaterService, class com.almasb.fxgl.dev.DevService]
22:02:52.577 [FXGL Background Thread 3 ] DEBUG Engine               - fontGame: Abel-Regular.ttf
22:02:52.577 [FXGL Background Thread 3 ] DEBUG Engine               - fontMono: TerminalLandMono-Regular.otf
22:02:52.577 [FXGL Background Thread 3 ] DEBUG Engine               - fontText: Courier-Prime.ttf
22:02:52.577 [FXGL Background Thread 3 ] DEBUG Engine               - fontUI: VarelaRound-Regular.ttf
22:02:52.577 [FXGL Background Thread 3 ] DEBUG Engine               - fullScreen: BooleanProperty [value: false]
22:02:52.577 [FXGL Background Thread 3 ] DEBUG Engine               - gameDifficulty: MEDIUM
22:02:52.582 [FXGL Background Thread 3 ] DEBUG Engine               - gameDifficultyProperty: ObjectProperty [value: MEDIUM]
22:02:52.582 [FXGL Background Thread 3 ] DEBUG Engine               - globalMusicVolume: 0.5
22:02:52.582 [FXGL Background Thread 3 ] DEBUG Engine               - globalMusicVolumeProperty: DoubleProperty [value: 0.5]
22:02:52.582 [FXGL Background Thread 3 ] DEBUG Engine               - globalSoundVolume: 0.5
22:02:52.582 [FXGL Background Thread 3 ] DEBUG Engine               - globalSoundVolumeProperty: DoubleProperty [value: 0.5]
22:02:52.582 [FXGL Background Thread 3 ] DEBUG Engine               - height: 720
22:02:52.582 [FXGL Background Thread 3 ] DEBUG Engine               - is3D: false
22:02:52.582 [FXGL Background Thread 3 ] DEBUG Engine               - isAndroid: false
22:02:52.582 [FXGL Background Thread 3 ] DEBUG Engine               - isBrowser: false
22:02:52.582 [FXGL Background Thread 3 ] DEBUG Engine               - isClickFeedbackEnabled: false
22:02:52.582 [FXGL Background Thread 3 ] DEBUG Engine               - isCloseConfirmation: false
22:02:52.582 [FXGL Background Thread 3 ] DEBUG Engine               - isDesktop: true
22:02:52.582 [FXGL Background Thread 3 ] DEBUG Engine               - isDeveloperMenuEnabled: true
22:02:52.583 [FXGL Background Thread 3 ] DEBUG Engine               - isEmbedded: false
22:02:52.583 [FXGL Background Thread 3 ] DEBUG Engine               - isEntityPreloadEnabled: true
22:02:52.583 [FXGL Background Thread 3 ] DEBUG Engine               - isExperimentalTiledLargeMap: false
22:02:52.583 [FXGL Background Thread 3 ] DEBUG Engine               - isFileSystemWriteAllowed: true
22:02:52.583 [FXGL Background Thread 3 ] DEBUG Engine               - isFullScreenAllowed: false
22:02:52.583 [FXGL Background Thread 3 ] DEBUG Engine               - isFullScreenFromStart: false
22:02:52.583 [FXGL Background Thread 3 ] DEBUG Engine               - isGameMenuEnabled: true
22:02:52.583 [FXGL Background Thread 3 ] DEBUG Engine               - isIOS: false
22:02:52.583 [FXGL Background Thread 3 ] DEBUG Engine               - isIntroEnabled: false
22:02:52.583 [FXGL Background Thread 3 ] DEBUG Engine               - isLinux: false
22:02:52.583 [FXGL Background Thread 3 ] DEBUG Engine               - isMac: false
22:02:52.583 [FXGL Background Thread 3 ] DEBUG Engine               - isMainMenuEnabled: true
22:02:52.584 [FXGL Background Thread 3 ] DEBUG Engine               - isManualResizeEnabled: false
22:02:52.584 [FXGL Background Thread 3 ] DEBUG Engine               - isMobile: false
22:02:52.584 [FXGL Background Thread 3 ] DEBUG Engine               - isNative: false
22:02:52.584 [FXGL Background Thread 3 ] DEBUG Engine               - isPauseMusicWhenMinimized: true
22:02:52.584 [FXGL Background Thread 3 ] DEBUG Engine               - isPreserveResizeRatio: false
22:02:52.584 [FXGL Background Thread 3 ] DEBUG Engine               - isProfilingEnabled: false
22:02:52.584 [FXGL Background Thread 3 ] DEBUG Engine               - isScaleAffectedOnResize: true
22:02:52.584 [FXGL Background Thread 3 ] DEBUG Engine               - isSingleStep: false
22:02:52.584 [FXGL Background Thread 3 ] DEBUG Engine               - isUserProfileEnabled: false
22:02:52.584 [FXGL Background Thread 3 ] DEBUG Engine               - isWindows: true
22:02:52.584 [FXGL Background Thread 3 ] DEBUG Engine               - language: ObjectProperty [value: ENGLISH]
22:02:52.584 [FXGL Background Thread 3 ] DEBUG Engine               - menuKey: ESCAPE
22:02:52.584 [FXGL Background Thread 3 ] DEBUG Engine               - mouseSensitivity: 0.2
22:02:52.584 [FXGL Background Thread 3 ] DEBUG Engine               - notificationViewClass: class com.almasb.fxgl.notification.view.XboxNotificationView
22:02:52.584 [FXGL Background Thread 3 ] DEBUG Engine               - pixelsPerMeter: 50.0
22:02:52.584 [FXGL Background Thread 3 ] DEBUG Engine               - platform: WINDOWS
22:02:52.584 [FXGL Background Thread 3 ] DEBUG Engine               - prefHeightProperty: ReadOnlyDoubleProperty [value: 720.0]
22:02:52.584 [FXGL Background Thread 3 ] DEBUG Engine               - prefWidthProperty: ReadOnlyDoubleProperty [value: 1280.0]
22:02:52.584 [FXGL Background Thread 3 ] DEBUG Engine               - profileDir: profiles/
22:02:52.584 [FXGL Background Thread 3 ] DEBUG Engine               - profileName: StringProperty [value: DEFAULT]
22:02:52.584 [FXGL Background Thread 3 ] DEBUG Engine               - randomSeed: -1
22:02:52.585 [FXGL Background Thread 3 ] DEBUG Engine               - runtimeInfo: RuntimeInfo(platform=WINDOWS, version=17.1, build=24.03.2022 17.34)
22:02:52.585 [FXGL Background Thread 3 ] DEBUG Engine               - saveFileExt: sav
22:02:52.585 [FXGL Background Thread 3 ] DEBUG Engine               - scaledHeightProp$fxgl: DoubleProperty [bound, value: 720.0]
22:02:52.586 [FXGL Background Thread 3 ] DEBUG Engine               - scaledWidthProp$fxgl: DoubleProperty [bound, value: 1280.0]
22:02:52.586 [FXGL Background Thread 3 ] DEBUG Engine               - sceneFactory: hellofx.Main$1@7946edf1
22:02:52.586 [FXGL Background Thread 3 ] DEBUG Engine               - secondsIn24h: 60
22:02:52.586 [FXGL Background Thread 3 ] DEBUG Engine               - soundMenuBack: menu/back.wav
22:02:52.586 [FXGL Background Thread 3 ] DEBUG Engine               - soundMenuPress: menu/press.wav
22:02:52.586 [FXGL Background Thread 3 ] DEBUG Engine               - soundMenuSelect: menu/select.wav
22:02:52.586 [FXGL Background Thread 3 ] DEBUG Engine               - soundNotification: core/notification.wav
22:02:52.586 [FXGL Background Thread 3 ] DEBUG Engine               - stageStyle: DECORATED
22:02:52.586 [FXGL Background Thread 3 ] DEBUG Engine               - supportedLanguages: [ENGLISH, FRENCH, GERMAN, HUNGARIAN, RUSSIAN]
22:02:52.586 [FXGL Background Thread 3 ] DEBUG Engine               - ticksPerSecond: -1
22:02:52.586 [FXGL Background Thread 3 ] DEBUG Engine               - title: Bomberman
22:02:52.586 [FXGL Background Thread 3 ] DEBUG Engine               - urlGithub: https://github.com/AlmasB/FXGL
22:02:52.586 [FXGL Background Thread 3 ] DEBUG Engine               - urlLeaderboard: http://fxgl-top.herokuapp.com/
22:02:52.586 [FXGL Background Thread 3 ] DEBUG Engine               - urlPOM: https://raw.githubusercontent.com/AlmasB/FXGL/release/README.md
22:02:52.586 [FXGL Background Thread 3 ] DEBUG Engine               - userAppClass: class hellofx.Main
22:02:52.586 [FXGL Background Thread 3 ] DEBUG Engine               - version: 1.0
22:02:52.586 [FXGL Background Thread 3 ] DEBUG Engine               - versionCheckDays: 7
22:02:52.586 [FXGL Background Thread 3 ] DEBUG Engine               - width: 1280
22:02:52.586 [FXGL Background Thread 3 ] DEBUG Engine               - Logging services
22:02:52.586 [FXGL Background Thread 3 ] DEBUG Engine               - class com.almasb.fxgl.app.services.FXGLAssetLoaderService
22:02:52.586 [FXGL Background Thread 3 ] DEBUG Engine               - class com.almasb.fxgl.app.FXGLApplication$GameApplicationService
22:02:52.586 [FXGL Background Thread 3 ] DEBUG Engine               - class com.almasb.fxgl.app.services.FXGLDialogService
22:02:52.586 [FXGL Background Thread 3 ] DEBUG Engine               - class com.almasb.fxgl.app.services.IOTaskExecutorService
22:02:52.586 [FXGL Background Thread 3 ] DEBUG Engine               - class com.almasb.fxgl.io.FileSystemService
22:02:52.586 [FXGL Background Thread 3 ] DEBUG Engine               - class com.almasb.fxgl.localization.LocalizationService
22:02:52.587 [FXGL Background Thread 3 ] DEBUG Engine               - class com.almasb.fxgl.app.services.SystemBundleService
22:02:52.587 [FXGL Background Thread 3 ] DEBUG Engine               - class com.almasb.fxgl.profile.SaveLoadService
22:02:52.587 [FXGL Background Thread 3 ] DEBUG Engine               - class com.almasb.fxgl.ui.FXGLUIFactoryServiceProvider
22:02:52.587 [FXGL Background Thread 3 ] DEBUG Engine               - class com.almasb.fxgl.ui.FXGLDialogFactoryServiceProvider
22:02:52.587 [FXGL Background Thread 3 ] DEBUG Engine               - class com.almasb.fxgl.audio.AudioPlayer
22:02:52.587 [FXGL Background Thread 3 ] DEBUG Engine               - class com.almasb.fxgl.notification.impl.NotificationServiceProvider
22:02:52.587 [FXGL Background Thread 3 ] DEBUG Engine               - class com.almasb.fxgl.achievement.AchievementService
22:02:52.587 [FXGL Background Thread 3 ] DEBUG Engine               - class com.almasb.fxgl.cutscene.CutsceneService
22:02:52.587 [FXGL Background Thread 3 ] DEBUG Engine               - class com.almasb.fxgl.minigames.MiniGameService
22:02:52.587 [FXGL Background Thread 3 ] DEBUG Engine               - class com.almasb.fxgl.net.NetService
22:02:52.587 [FXGL Background Thread 3 ] DEBUG Engine               - class com.almasb.fxgl.app.services.UpdaterService
22:02:52.587 [FXGL Background Thread 3 ] DEBUG Engine               - class com.almasb.fxgl.dev.DevService
22:02:57.639 [JavaFX Application Thread] DEBUG FXGLAssetLoaderServi - Loading from file system: file:/E:/space_java/Game/game_datbom/target/classes/assets/textures/character%5cbomb.png
22:02:57.646 [JavaFX Application Thread] DEBUG FXGLAssetLoaderServi - Loading from file system: file:/E:/space_java/Game/game_datbom/target/classes/assets/textures/flame%5cleft_flame.png
22:02:57.649 [JavaFX Application Thread] DEBUG FXGLAssetLoaderServi - Loading from file system: file:/E:/space_java/Game/game_datbom/target/classes/assets/textures/flame%5cup_flame.png
22:02:57.650 [JavaFX Application Thread] DEBUG FXGLAssetLoaderServi - Loading from file system: file:/E:/space_java/Game/game_datbom/target/classes/assets/textures/flame%5ccentral_flame.png
22:03:04.696 [JavaFX Application Thread] DEBUG Input                - Clearing active input actions
22:03:04.705 [JavaFX Application Thread] DEBUG GameApplicationServi - Removing overlay from GameScene and adding to FXGLMainMenuDummyScene
22:03:04.707 [JavaFX Application Thread] DEBUG PrimaryStageWindow   - GameScene -> FXGLMainMenuDummyScene
22:03:04.707 [JavaFX Application Thread] DEBUG PrimaryStageWindow   - Push state: MainMenu
22:03:04.707 [JavaFX Application Thread] DEBUG Input                - Clearing active input actions
22:03:04.707 [JavaFX Application Thread] DEBUG GameApplicationServi - Removing overlay from FXGLMainMenuDummyScene and adding to MainMenu
22:03:04.707 [JavaFX Application Thread] DEBUG PrimaryStageWindow   - FXGLMainMenuDummyScene -> MainMenu
22:03:05.355 [JavaFX Application Thread] DEBUG Menu                 - fireNewGame()
22:03:05.355 [JavaFX Application Thread] DEBUG GameApplicationServi - Starting new game
22:03:05.356 [JavaFX Application Thread] DEBUG PrimaryStageWindow   - Pop state: MainMenu
22:03:05.356 [JavaFX Application Thread] DEBUG Input                - Clearing active input actions
22:03:05.356 [JavaFX Application Thread] DEBUG GameApplicationServi - Removing overlay from MainMenu and adding to FXGLMainMenuDummyScene
22:03:05.357 [JavaFX Application Thread] DEBUG PrimaryStageWindow   - FXGLMainMenuDummyScene <- MainMenu
22:03:05.357 [JavaFX Application Thread] DEBUG Input                - Clearing active input actions
22:03:05.361 [JavaFX Application Thread] DEBUG GameApplicationServi - Removing overlay from FXGLMainMenuDummyScene and adding to FXGLLoadingScene
22:03:05.361 [JavaFX Application Thread] DEBUG PrimaryStageWindow   - FXGLMainMenuDummyScene -> FXGLLoadingScene
22:03:05.361 [JavaFX Application Thread] DEBUG GameApplicationServi - Clearing previous game
22:03:05.361 [JavaFX Application Thread] DEBUG GameScene            - Clearing game scene
22:03:05.361 [JavaFX Application Thread] DEBUG GameWorld            - Clearing game world
22:03:05.382 [JavaFX Application Thread] DEBUG PhysicsWorld         - Clearing physics world
22:03:05.384 [FXGL Background Thread 2 ] DEBUG FXGLApplication      - Initializing game
22:03:05.461 [FXGL Background Thread 2 ] WARN  Entity               - Entity already has component: com.almasb.fxgl.entity.components.CollidableComponent
22:03:05.463 [FXGL Background Thread 2 ] INFO  FXGLApplication      - Game initialization took: 0.079 sec
22:03:05.465 [JavaFX Application Thread] DEBUG Input                - Clearing active input actions
22:03:05.472 [JavaFX Application Thread] DEBUG GameApplicationServi - Removing overlay from FXGLLoadingScene and adding to GameScene
22:03:05.473 [JavaFX Application Thread] DEBUG PrimaryStageWindow   - FXGLLoadingScene -> GameScene
22:03:24.770 [JavaFX Application Thread] DEBUG FXGLApplication      - Exiting FXGL
22:03:24.771 [JavaFX Application Thread] DEBUG LoopRunner           - Stopping loop
22:03:24.771 [JavaFX Application Thread] DEBUG SystemBundleService  - Saving FXGL system data
22:03:24.773 [JavaFX Application Thread] DEBUG FileSystemAccess     - Writing to: E:\space_java\Game\game_datbom\system\fxgl.bundle
22:03:24.776 [JavaFX Application Thread] DEBUG Async                - Shutting down background threads
22:03:24.776 [JavaFX Application Thread] DEBUG PrimaryStageWindow   - Closing main window
22:03:24.802 [JavaFX Application Thread] DEBUG Logger               - Closing Logger
