08:21:41.563 [main                     ] DEBUG Logger               - Configured Logger
08:21:41.579 [main                     ] DEBUG GameApplication      - Logging settings
Title: Bomberman
Version: 1.0
Width: 1280
Height: 720
Fullscreen: false
Intro: false
Profiling: false
Single step:false
App Mode: DEVELOPER
Menu Key: ESCAPE
Stage Style: DECORATED
Scene Factory: class hellofx.Main$1

08:21:41.686 [JavaFX Application Thread] DEBUG FXGLApplication      - Initializing FXGL
08:21:41.691 [JavaFX Application Thread] INFO  Engine               - FXGL-17.1 (24.03.2022 17.34) on WINDOWS (J:18.0.2.1 FX:18)
08:21:41.692 [JavaFX Application Thread] DEBUG Engine               - JRE Vendor Name: Oracle Corporation
08:21:41.692 [JavaFX Application Thread] DEBUG Engine               - Running on OS: Windows 11 version 10.0
08:21:41.692 [JavaFX Application Thread] DEBUG Engine               - Architecture: amd64
08:21:41.692 [JavaFX Application Thread] INFO  Engine               - Source code and latest versions at: https://github.com/AlmasB/FXGL
08:21:41.692 [JavaFX Application Thread] INFO  Engine               -       Ask questions and discuss at: https://github.com/AlmasB/FXGL/discussions
08:21:41.692 [JavaFX Application Thread] INFO  Engine               -              Join the FXGL chat at: https://gitter.im/AlmasB/FXGL
08:21:41.738 [JavaFX Application Thread] DEBUG PrimaryStageWindow   - Creating a JavaFX scene
08:21:41.779 [JavaFX Application Thread] DEBUG PrimaryStageWindow   - Target settings size: 1280.0 x 720.0
08:21:41.779 [JavaFX Application Thread] DEBUG PrimaryStageWindow   - Scaled scene size:    1280.0 x 720.0
08:21:41.780 [JavaFX Application Thread] DEBUG PrimaryStageWindow   - Scaled ratio: (1.0, 1.0)
08:21:41.781 [JavaFX Application Thread] DEBUG PrimaryStageWindow   - Set initial scene to FXGLStartupScene
08:21:41.789 [JavaFX Application Thread] DEBUG PrimaryStageWindow   - Opening main window
08:21:41.885 [JavaFX Application Thread] DEBUG PrimaryStageWindow   - Window border size: (16.0, 39.0)
08:21:41.885 [JavaFX Application Thread] DEBUG PrimaryStageWindow   - Scaled size: 1280.0 x 720.0
08:21:41.885 [JavaFX Application Thread] DEBUG PrimaryStageWindow   - Scaled ratio: (1.0, 1.0)
08:21:41.886 [JavaFX Application Thread] DEBUG PrimaryStageWindow   - Scene size: 1280.0 x 720.0
08:21:41.886 [JavaFX Application Thread] DEBUG PrimaryStageWindow   - Stage size: 1296.0 x 759.0
08:21:41.893 [FXGL Background Thread 1 ] DEBUG Engine               - Initializing environment variables
08:21:41.972 [FXGL Background Thread 1 ] DEBUG FXGLAssetLoaderServi - User app class for loading assets: class hellofx.Main
08:21:41.973 [FXGL Background Thread 1 ] DEBUG GameApplicationServi - Applying CSS: fxgl_dark.css
08:21:41.974 [FXGL Background Thread 1 ] DEBUG FXGLAssetLoaderServi - Loading from file system: jar:file:/C:/Users/chaum/.m2/repository/com/github/almasb/fxgl/17.1/fxgl-17.1.jar!/fxglassets/ui/css/fxgl_dark.css
08:21:42.029 [FXGL Background Thread 1 ] DEBUG GameApplicationServi - Initializing application scenes
08:21:42.075 [FXGL Background Thread 1 ] DEBUG GameWorld            - Game world initialized
08:21:42.123 [FXGL Background Thread 1 ] DEBUG PhysicsWorld         - Physics world initialized: appHeight=720, physics.ppm=50.0
08:21:42.124 [FXGL Background Thread 1 ] DEBUG PhysicsWorld         - Using strategy: BRUTE_FORCE
08:21:42.128 [FXGL Background Thread 1 ] DEBUG GameScene            - Game scene initialized: 1280x720
08:21:42.216 [FXGL Background Thread 1 ] DEBUG GameApplicationServi - Application scenes initialized
08:21:42.234 [FXGL Background Thread 1 ] DEBUG SystemBundleService  - Loading FXGL system data
08:21:42.241 [FXGL Background Thread 1 ] DEBUG FileSystemAccess     - Reading from: E:\space_java\Game\game_datbom\system\fxgl.bundle
08:21:42.253 [FXGL Background Thread 1 ] DEBUG SystemBundleService  - Bundle FXGL: {}
08:21:42.254 [FXGL Background Thread 1 ] DEBUG UpdaterService       - Checking for updates
08:21:42.296 [FXGL Background Thread 4 ] DEBUG FXGLApplication      - Loading fonts
08:21:42.296 [FXGL Background Thread 1 ] DEBUG FXGLApplication      - Loading default localization
08:21:42.297 [FXGL Background Thread 4 ] DEBUG FXGLAssetLoaderServi - Loading from file system: jar:file:/C:/Users/chaum/.m2/repository/com/github/almasb/fxgl/17.1/fxgl-17.1.jar!/fxglassets/ui/fonts/VarelaRound-Regular.ttf
08:21:42.297 [FXGL Background Thread 1 ] DEBUG FXGLAssetLoaderServi - Loading from file system: jar:file:/C:/Users/chaum/.m2/repository/com/github/almasb/fxgl/17.1/fxgl-17.1.jar!/fxglassets/languages/english.lang
08:21:42.321 [FXGL Background Thread 1 ] INFO  FXGLApplication      - FXGL initialization took: 0.429 sec
08:21:42.331 [JavaFX Application Thread] DEBUG Input                - Registered new binding: action0 - F
08:21:42.331 [JavaFX Application Thread] DEBUG Input                - Registered new binding: action1 - G
08:21:42.332 [JavaFX Application Thread] DEBUG Input                - Registered new binding: action2 - R
08:21:42.332 [JavaFX Application Thread] DEBUG Input                - Registered new binding: action3 - T
08:21:42.332 [JavaFX Application Thread] DEBUG Input                - Registered new binding: Right - D
08:21:42.332 [JavaFX Application Thread] DEBUG Input                - Registered new binding: Left - A
08:21:42.332 [JavaFX Application Thread] DEBUG Input                - Registered new binding: Up - W
08:21:42.333 [JavaFX Application Thread] DEBUG Input                - Registered new binding: Down - S
08:21:42.333 [JavaFX Application Thread] DEBUG Input                - Registered new binding: Place boom - Space
08:21:42.333 [JavaFX Application Thread] DEBUG FXGLAssetLoaderServi - Loading from file system: file:/E:/space_java/Game/game_datbom/target/classes/assets/textures/icon/icon.png
08:21:42.381 [FXGL Background Thread 4 ] DEBUG FXGLAssetLoaderServi - Loading from file system: jar:file:/C:/Users/chaum/.m2/repository/com/github/almasb/fxgl/17.1/fxgl-17.1.jar!/fxglassets/ui/fonts/Abel-Regular.ttf
08:21:42.386 [FXGL Background Thread 4 ] DEBUG FXGLAssetLoaderServi - Loading from file system: jar:file:/C:/Users/chaum/.m2/repository/com/github/almasb/fxgl/17.1/fxgl-17.1.jar!/fxglassets/ui/fonts/TerminalLandMono-Regular.otf
08:21:42.392 [FXGL Background Thread 4 ] DEBUG FXGLAssetLoaderServi - Loading from file system: jar:file:/C:/Users/chaum/.m2/repository/com/github/almasb/fxgl/17.1/fxgl-17.1.jar!/fxglassets/ui/fonts/Courier-Prime.ttf
08:21:42.396 [JavaFX Application Thread] DEBUG FXGLAssetLoaderServi - Loading from file system: file:/E:/space_java/Game/game_datbom/target/classes/assets/textures/cursor/cursor1.png
08:21:42.407 [JavaFX Application Thread] DEBUG Input                - Registered new binding: Screenshot - CTRL+8
08:21:42.408 [JavaFX Application Thread] DEBUG Input                - Registered new binding: Dev Options - 1
08:21:42.408 [JavaFX Application Thread] DEBUG Input                - Registered new binding: Dev Console - 2
08:21:42.408 [JavaFX Application Thread] DEBUG Input                - Registered new binding: System info dump - CTRL+9
08:21:42.409 [JavaFX Application Thread] DEBUG Input                - Registered new binding: Restart - CTRL+R
08:21:42.410 [JavaFX Application Thread] DEBUG Input                - Registered new binding: Toggle Debug Camera - CTRL+7
08:21:42.414 [JavaFX Application Thread] DEBUG LoopRunner           - Starting loop
08:21:42.432 [JavaFX Application Thread] DEBUG LoopRunner           - Initializing JavaFX AnimationTimerLoop
08:21:42.435 [JavaFX Application Thread] DEBUG Input                - Clearing active input actions
08:21:42.443 [JavaFX Application Thread] DEBUG GameApplicationServi - Removing overlay from FXGLStartupScene and adding to FXGLMainMenuDummyScene
08:21:42.447 [JavaFX Application Thread] DEBUG PrimaryStageWindow   - FXGLStartupScene -> FXGLMainMenuDummyScene
08:21:42.448 [JavaFX Application Thread] DEBUG PrimaryStageWindow   - Push state: MainMenu
08:21:42.448 [JavaFX Application Thread] DEBUG Input                - Clearing active input actions
08:21:42.451 [JavaFX Application Thread] DEBUG GameApplicationServi - Removing overlay from FXGLMainMenuDummyScene and adding to MainMenu
08:21:42.452 [JavaFX Application Thread] DEBUG PrimaryStageWindow   - FXGLMainMenuDummyScene -> MainMenu
08:21:42.452 [JavaFX Application Thread] DEBUG FXGLApplication      - Registering font factories with UI factory
08:21:42.883 [FXGL Background Thread 2 ] INFO  UpdaterService       - Your current version:  17.1
08:21:42.883 [FXGL Background Thread 2 ] INFO  UpdaterService       - Latest stable version: 17.2
08:21:43.947 [JavaFX Application Thread] DEBUG Menu                 - fireNewGame()
08:21:43.947 [JavaFX Application Thread] DEBUG GameApplicationServi - Starting new game
08:21:43.947 [JavaFX Application Thread] DEBUG PrimaryStageWindow   - Pop state: MainMenu
08:21:43.948 [JavaFX Application Thread] DEBUG Input                - Clearing active input actions
08:21:43.949 [JavaFX Application Thread] DEBUG GameApplicationServi - Removing overlay from MainMenu and adding to FXGLMainMenuDummyScene
08:21:43.955 [JavaFX Application Thread] DEBUG PrimaryStageWindow   - FXGLMainMenuDummyScene <- MainMenu
08:21:43.955 [JavaFX Application Thread] DEBUG Input                - Clearing active input actions
08:21:43.963 [JavaFX Application Thread] DEBUG GameApplicationServi - Removing overlay from FXGLMainMenuDummyScene and adding to FXGLLoadingScene
08:21:43.963 [JavaFX Application Thread] DEBUG PrimaryStageWindow   - FXGLMainMenuDummyScene -> FXGLLoadingScene
08:21:43.963 [JavaFX Application Thread] DEBUG GameApplicationServi - Clearing previous game
08:21:43.963 [JavaFX Application Thread] DEBUG GameScene            - Clearing game scene
08:21:43.964 [JavaFX Application Thread] DEBUG GameWorld            - Clearing game world
08:21:43.964 [JavaFX Application Thread] DEBUG PhysicsWorld         - Clearing physics world
08:21:43.966 [FXGL Background Thread 2 ] DEBUG FXGLApplication      - Initializing game
08:21:44.001 [FXGL Background Thread 2 ] DEBUG FXGLAssetLoaderServi - Loading from file system: file:/E:/space_java/Game/game_datbom/target/classes/assets/textures/mapTexture/grass.png
08:21:44.009 [FXGL Background Thread 2 ] DEBUG FXGLAssetLoaderServi - Loading from file system: file:/E:/space_java/Game/game_datbom/target/classes/assets/textures/mapTexture/wall2.png
08:21:44.062 [FXGL Background Thread 2 ] DEBUG FXGLAssetLoaderServi - Loading from file system: file:/E:/space_java/Game/game_datbom/target/classes/assets/textures/gameItem/powerup_bombs.png
08:21:44.067 [FXGL Background Thread 2 ] DEBUG FXGLAssetLoaderServi - Loading from file system: file:/E:/space_java/Game/game_datbom/target/classes/assets/textures/gameItem/powerup_flamepass.png
08:21:44.072 [FXGL Background Thread 2 ] DEBUG FXGLAssetLoaderServi - Loading from file system: file:/E:/space_java/Game/game_datbom/target/classes/assets/textures/gameItem/powerup_flames.png
08:21:44.075 [FXGL Background Thread 2 ] DEBUG FXGLAssetLoaderServi - Loading from file system: file:/E:/space_java/Game/game_datbom/target/classes/assets/textures/gameItem/powerup_speed.png
08:21:44.110 [FXGL Background Thread 2 ] DEBUG FXGLAssetLoaderServi - Loading from file system: file:/E:/space_java/Game/game_datbom/target/classes/assets/textures/mapTexture%5cbrick.png
08:21:44.114 [FXGL Background Thread 2 ] DEBUG FXGLAssetLoaderServi - Loading from file system: file:/E:/space_java/Game/game_datbom/target/classes/assets/textures/mapTexture%5cbrick_break.png
08:21:44.192 [FXGL Background Thread 2 ] DEBUG FXGLAssetLoaderServi - Loading from file system: file:/E:/space_java/Game/game_datbom/target/classes/assets/textures/mapTexture/portal.png
08:21:44.293 [FXGL Background Thread 2 ] DEBUG FXGLAssetLoaderServi - Loading from file system: file:/E:/space_java/Game/game_datbom/target/classes/assets/textures/character%5cbomb.png
08:21:44.299 [FXGL Background Thread 2 ] DEBUG FXGLAssetLoaderServi - Loading from file system: file:/E:/space_java/Game/game_datbom/target/classes/assets/textures/character/gold_player_dead.png
08:21:44.301 [FXGL Background Thread 2 ] DEBUG FXGLAssetLoaderServi - Loading from file system: file:/E:/space_java/Game/game_datbom/target/classes/assets/textures/character/gold_player_down.png
08:21:44.302 [FXGL Background Thread 2 ] DEBUG FXGLAssetLoaderServi - Loading from file system: file:/E:/space_java/Game/game_datbom/target/classes/assets/textures/character/gold_player_up.png
08:21:44.303 [FXGL Background Thread 2 ] DEBUG FXGLAssetLoaderServi - Loading from file system: file:/E:/space_java/Game/game_datbom/target/classes/assets/textures/character/gold_player_left_temp.png
08:21:44.304 [FXGL Background Thread 2 ] DEBUG FXGLAssetLoaderServi - Loading from file system: file:/E:/space_java/Game/game_datbom/target/classes/assets/textures/character/gold_player_right_temp.png
08:21:44.309 [FXGL Background Thread 2 ] INFO  FXGLApplication      - Game initialization took: 0.342 sec
08:21:44.314 [JavaFX Application Thread] DEBUG Input                - Clearing active input actions
08:21:44.331 [JavaFX Application Thread] DEBUG GameApplicationServi - Removing overlay from FXGLLoadingScene and adding to GameScene
08:21:44.335 [JavaFX Application Thread] DEBUG PrimaryStageWindow   - FXGLLoadingScene -> GameScene
08:21:45.295 [FXGL Background Thread 3 ] DEBUG Engine               - Logging environment variables
08:21:45.297 [FXGL Background Thread 3 ] DEBUG Engine               - achievements: []
08:21:45.298 [FXGL Background Thread 3 ] DEBUG Engine               - actualHeight: 720.0
08:21:45.298 [FXGL Background Thread 3 ] DEBUG Engine               - actualHeightProperty: ReadOnlyDoubleProperty [value: 720.0]
08:21:45.298 [FXGL Background Thread 3 ] DEBUG Engine               - actualWidth: 1280.0
08:21:45.299 [FXGL Background Thread 3 ] DEBUG Engine               - actualWidthProperty: ReadOnlyDoubleProperty [value: 1280.0]
08:21:45.299 [FXGL Background Thread 3 ] DEBUG Engine               - appIcon: icon/icon.png
08:21:45.299 [FXGL Background Thread 3 ] DEBUG Engine               - applicationMode: DEVELOPER
08:21:45.299 [FXGL Background Thread 3 ] DEBUG Engine               - cSSList: [fxgl_dark.css]
08:21:45.299 [FXGL Background Thread 3 ] DEBUG Engine               - collisionDetectionStrategy: BRUTE_FORCE
08:21:45.299 [FXGL Background Thread 3 ] DEBUG Engine               - configClass: Optional.empty
08:21:45.299 [FXGL Background Thread 3 ] DEBUG Engine               - credits: []
08:21:45.301 [FXGL Background Thread 3 ] DEBUG Engine               - defaultCursor: CursorInfo(imageName=cursor/cursor1.png, hotspotX=0.0, hotspotY=0.0)
08:21:45.302 [FXGL Background Thread 3 ] DEBUG Engine               - devBBoxColorProperty: ObjectProperty [value: 0xff0000ff]
08:21:45.302 [FXGL Background Thread 3 ] DEBUG Engine               - devEnableDebugCameraProperty: BooleanProperty [value: false]
08:21:45.302 [FXGL Background Thread 3 ] DEBUG Engine               - devSensorColorProperty: ObjectProperty [value: 0xffff00ff]
08:21:45.302 [FXGL Background Thread 3 ] DEBUG Engine               - devShowBBoxProperty: BooleanProperty [value: false]
08:21:45.302 [FXGL Background Thread 3 ] DEBUG Engine               - devShowPositionProperty: BooleanProperty [value: false]
08:21:45.303 [FXGL Background Thread 3 ] DEBUG Engine               - enabledMenuItems: []
08:21:45.303 [FXGL Background Thread 3 ] DEBUG Engine               - engineServices: [class com.almasb.fxgl.app.services.FXGLAssetLoaderService, class com.almasb.fxgl.app.FXGLApplication$GameApplicationService, class com.almasb.fxgl.app.services.FXGLDialogService, class com.almasb.fxgl.app.services.IOTaskExecutorService, class com.almasb.fxgl.io.FileSystemService, class com.almasb.fxgl.localization.LocalizationService, class com.almasb.fxgl.app.services.SystemBundleService, class com.almasb.fxgl.profile.SaveLoadService, class com.almasb.fxgl.ui.FXGLUIFactoryServiceProvider, class com.almasb.fxgl.ui.FXGLDialogFactoryServiceProvider, class com.almasb.fxgl.audio.AudioPlayer, class com.almasb.fxgl.notification.impl.NotificationServiceProvider, class com.almasb.fxgl.achievement.AchievementService, class com.almasb.fxgl.cutscene.CutsceneService, class com.almasb.fxgl.minigames.MiniGameService, class com.almasb.fxgl.net.NetService, class com.almasb.fxgl.app.services.UpdaterService, class com.almasb.fxgl.dev.DevService]
08:21:45.303 [FXGL Background Thread 3 ] DEBUG Engine               - fontGame: Abel-Regular.ttf
08:21:45.303 [FXGL Background Thread 3 ] DEBUG Engine               - fontMono: TerminalLandMono-Regular.otf
08:21:45.303 [FXGL Background Thread 3 ] DEBUG Engine               - fontText: Courier-Prime.ttf
08:21:45.303 [FXGL Background Thread 3 ] DEBUG Engine               - fontUI: VarelaRound-Regular.ttf
08:21:45.303 [FXGL Background Thread 3 ] DEBUG Engine               - fullScreen: BooleanProperty [value: false]
08:21:45.304 [FXGL Background Thread 3 ] DEBUG Engine               - gameDifficulty: MEDIUM
08:21:45.304 [FXGL Background Thread 3 ] DEBUG Engine               - gameDifficultyProperty: ObjectProperty [value: MEDIUM]
08:21:45.304 [FXGL Background Thread 3 ] DEBUG Engine               - globalMusicVolume: 0.5
08:21:45.304 [FXGL Background Thread 3 ] DEBUG Engine               - globalMusicVolumeProperty: DoubleProperty [value: 0.5]
08:21:45.304 [FXGL Background Thread 3 ] DEBUG Engine               - globalSoundVolume: 0.5
08:21:45.304 [FXGL Background Thread 3 ] DEBUG Engine               - globalSoundVolumeProperty: DoubleProperty [value: 0.5]
08:21:45.304 [FXGL Background Thread 3 ] DEBUG Engine               - height: 720
08:21:45.304 [FXGL Background Thread 3 ] DEBUG Engine               - is3D: false
08:21:45.305 [FXGL Background Thread 3 ] DEBUG Engine               - isAndroid: false
08:21:45.305 [FXGL Background Thread 3 ] DEBUG Engine               - isBrowser: false
08:21:45.305 [FXGL Background Thread 3 ] DEBUG Engine               - isClickFeedbackEnabled: false
08:21:45.305 [FXGL Background Thread 3 ] DEBUG Engine               - isCloseConfirmation: false
08:21:45.305 [FXGL Background Thread 3 ] DEBUG Engine               - isDesktop: true
08:21:45.305 [FXGL Background Thread 3 ] DEBUG Engine               - isDeveloperMenuEnabled: true
08:21:45.305 [FXGL Background Thread 3 ] DEBUG Engine               - isEmbedded: false
08:21:45.305 [FXGL Background Thread 3 ] DEBUG Engine               - isEntityPreloadEnabled: true
08:21:45.306 [FXGL Background Thread 3 ] DEBUG Engine               - isExperimentalTiledLargeMap: false
08:21:45.306 [FXGL Background Thread 3 ] DEBUG Engine               - isFileSystemWriteAllowed: true
08:21:45.306 [FXGL Background Thread 3 ] DEBUG Engine               - isFullScreenAllowed: false
08:21:45.306 [FXGL Background Thread 3 ] DEBUG Engine               - isFullScreenFromStart: false
08:21:45.306 [FXGL Background Thread 3 ] DEBUG Engine               - isGameMenuEnabled: true
08:21:45.306 [FXGL Background Thread 3 ] DEBUG Engine               - isIOS: false
08:21:45.306 [FXGL Background Thread 3 ] DEBUG Engine               - isIntroEnabled: false
08:21:45.306 [FXGL Background Thread 3 ] DEBUG Engine               - isLinux: false
08:21:45.306 [FXGL Background Thread 3 ] DEBUG Engine               - isMac: false
08:21:45.307 [FXGL Background Thread 3 ] DEBUG Engine               - isMainMenuEnabled: true
08:21:45.307 [FXGL Background Thread 3 ] DEBUG Engine               - isManualResizeEnabled: false
08:21:45.307 [FXGL Background Thread 3 ] DEBUG Engine               - isMobile: false
08:21:45.307 [FXGL Background Thread 3 ] DEBUG Engine               - isNative: false
08:21:45.307 [FXGL Background Thread 3 ] DEBUG Engine               - isPauseMusicWhenMinimized: true
08:21:45.307 [FXGL Background Thread 3 ] DEBUG Engine               - isPreserveResizeRatio: false
08:21:45.307 [FXGL Background Thread 3 ] DEBUG Engine               - isProfilingEnabled: false
08:21:45.307 [FXGL Background Thread 3 ] DEBUG Engine               - isScaleAffectedOnResize: true
08:21:45.307 [FXGL Background Thread 3 ] DEBUG Engine               - isSingleStep: false
08:21:45.307 [FXGL Background Thread 3 ] DEBUG Engine               - isUserProfileEnabled: false
08:21:45.308 [FXGL Background Thread 3 ] DEBUG Engine               - isWindows: true
08:21:45.308 [FXGL Background Thread 3 ] DEBUG Engine               - language: ObjectProperty [value: ENGLISH]
08:21:45.308 [FXGL Background Thread 3 ] DEBUG Engine               - menuKey: ESCAPE
08:21:45.308 [FXGL Background Thread 3 ] DEBUG Engine               - mouseSensitivity: 0.2
08:21:45.308 [FXGL Background Thread 3 ] DEBUG Engine               - notificationViewClass: class com.almasb.fxgl.notification.view.XboxNotificationView
08:21:45.308 [FXGL Background Thread 3 ] DEBUG Engine               - pixelsPerMeter: 50.0
08:21:45.308 [FXGL Background Thread 3 ] DEBUG Engine               - platform: WINDOWS
08:21:45.308 [FXGL Background Thread 3 ] DEBUG Engine               - prefHeightProperty: ReadOnlyDoubleProperty [value: 720.0]
08:21:45.308 [FXGL Background Thread 3 ] DEBUG Engine               - prefWidthProperty: ReadOnlyDoubleProperty [value: 1280.0]
08:21:45.308 [FXGL Background Thread 3 ] DEBUG Engine               - profileDir: profiles/
08:21:45.308 [FXGL Background Thread 3 ] DEBUG Engine               - profileName: StringProperty [value: DEFAULT]
08:21:45.308 [FXGL Background Thread 3 ] DEBUG Engine               - randomSeed: -1
08:21:45.309 [FXGL Background Thread 3 ] DEBUG Engine               - runtimeInfo: RuntimeInfo(platform=WINDOWS, version=17.1, build=24.03.2022 17.34)
08:21:45.309 [FXGL Background Thread 3 ] DEBUG Engine               - saveFileExt: sav
08:21:45.309 [FXGL Background Thread 3 ] DEBUG Engine               - scaledHeightProp$fxgl: DoubleProperty [bound, value: 720.0]
08:21:45.309 [FXGL Background Thread 3 ] DEBUG Engine               - scaledWidthProp$fxgl: DoubleProperty [bound, value: 1280.0]
08:21:45.309 [FXGL Background Thread 3 ] DEBUG Engine               - sceneFactory: hellofx.Main$1@210cd101
08:21:45.309 [FXGL Background Thread 3 ] DEBUG Engine               - secondsIn24h: 60
08:21:45.309 [FXGL Background Thread 3 ] DEBUG Engine               - soundMenuBack: menu/back.wav
08:21:45.309 [FXGL Background Thread 3 ] DEBUG Engine               - soundMenuPress: menu/press.wav
08:21:45.310 [FXGL Background Thread 3 ] DEBUG Engine               - soundMenuSelect: menu/select.wav
08:21:45.310 [FXGL Background Thread 3 ] DEBUG Engine               - soundNotification: core/notification.wav
08:21:45.310 [FXGL Background Thread 3 ] DEBUG Engine               - stageStyle: DECORATED
08:21:45.310 [FXGL Background Thread 3 ] DEBUG Engine               - supportedLanguages: [ENGLISH, FRENCH, GERMAN, HUNGARIAN, RUSSIAN]
08:21:45.310 [FXGL Background Thread 3 ] DEBUG Engine               - ticksPerSecond: -1
08:21:45.310 [FXGL Background Thread 3 ] DEBUG Engine               - title: Bomberman
08:21:45.310 [FXGL Background Thread 3 ] DEBUG Engine               - urlGithub: https://github.com/AlmasB/FXGL
08:21:45.310 [FXGL Background Thread 3 ] DEBUG Engine               - urlLeaderboard: http://fxgl-top.herokuapp.com/
08:21:45.310 [FXGL Background Thread 3 ] DEBUG Engine               - urlPOM: https://raw.githubusercontent.com/AlmasB/FXGL/release/README.md
08:21:45.310 [FXGL Background Thread 3 ] DEBUG Engine               - userAppClass: class hellofx.Main
08:21:45.310 [FXGL Background Thread 3 ] DEBUG Engine               - version: 1.0
08:21:45.311 [FXGL Background Thread 3 ] DEBUG Engine               - versionCheckDays: 7
08:21:45.311 [FXGL Background Thread 3 ] DEBUG Engine               - width: 1280
08:21:45.311 [FXGL Background Thread 3 ] DEBUG Engine               - Logging services
08:21:45.311 [FXGL Background Thread 3 ] DEBUG Engine               - class com.almasb.fxgl.app.services.FXGLAssetLoaderService
08:21:45.311 [FXGL Background Thread 3 ] DEBUG Engine               - class com.almasb.fxgl.app.FXGLApplication$GameApplicationService
08:21:45.311 [FXGL Background Thread 3 ] DEBUG Engine               - class com.almasb.fxgl.app.services.FXGLDialogService
08:21:45.312 [FXGL Background Thread 3 ] DEBUG Engine               - class com.almasb.fxgl.app.services.IOTaskExecutorService
08:21:45.312 [FXGL Background Thread 3 ] DEBUG Engine               - class com.almasb.fxgl.io.FileSystemService
08:21:45.312 [FXGL Background Thread 3 ] DEBUG Engine               - class com.almasb.fxgl.localization.LocalizationService
08:21:45.312 [FXGL Background Thread 3 ] DEBUG Engine               - class com.almasb.fxgl.app.services.SystemBundleService
08:21:45.312 [FXGL Background Thread 3 ] DEBUG Engine               - class com.almasb.fxgl.profile.SaveLoadService
08:21:45.312 [FXGL Background Thread 3 ] DEBUG Engine               - class com.almasb.fxgl.ui.FXGLUIFactoryServiceProvider
08:21:45.312 [FXGL Background Thread 3 ] DEBUG Engine               - class com.almasb.fxgl.ui.FXGLDialogFactoryServiceProvider
08:21:45.312 [FXGL Background Thread 3 ] DEBUG Engine               - class com.almasb.fxgl.audio.AudioPlayer
08:21:45.312 [FXGL Background Thread 3 ] DEBUG Engine               - class com.almasb.fxgl.notification.impl.NotificationServiceProvider
08:21:45.312 [FXGL Background Thread 3 ] DEBUG Engine               - class com.almasb.fxgl.achievement.AchievementService
08:21:45.312 [FXGL Background Thread 3 ] DEBUG Engine               - class com.almasb.fxgl.cutscene.CutsceneService
08:21:45.312 [FXGL Background Thread 3 ] DEBUG Engine               - class com.almasb.fxgl.minigames.MiniGameService
08:21:45.312 [FXGL Background Thread 3 ] DEBUG Engine               - class com.almasb.fxgl.net.NetService
08:21:45.313 [FXGL Background Thread 3 ] DEBUG Engine               - class com.almasb.fxgl.app.services.UpdaterService
08:21:45.313 [FXGL Background Thread 3 ] DEBUG Engine               - class com.almasb.fxgl.dev.DevService
08:21:53.347 [JavaFX Application Thread] DEBUG FXGLApplication      - Exiting FXGL
08:21:53.347 [JavaFX Application Thread] DEBUG LoopRunner           - Stopping loop
08:21:53.348 [JavaFX Application Thread] DEBUG SystemBundleService  - Saving FXGL system data
08:21:53.351 [JavaFX Application Thread] DEBUG FileSystemAccess     - Writing to: E:\space_java\Game\game_datbom\system\fxgl.bundle
08:21:53.357 [JavaFX Application Thread] DEBUG Async                - Shutting down background threads
08:21:53.357 [JavaFX Application Thread] DEBUG PrimaryStageWindow   - Closing main window
08:21:53.378 [JavaFX Application Thread] DEBUG Logger               - Closing Logger
