17:46:25.554 [main                     ] DEBUG Logger               - Configured Logger
17:46:25.570 [main                     ] DEBUG GameApplication      - Logging settings
Title: Bomberman
Version: 1.0
Width: 1280
Height: 720
Fullscreen: false
Intro: false
Profiling: false
Single step:false
App Mode: DEVELOPER
Menu Key: ESCAPE
Stage Style: DECORATED
Scene Factory: class hellofx.Main$1

17:46:25.672 [JavaFX Application Thread] DEBUG FXGLApplication      - Initializing FXGL
17:46:25.678 [JavaFX Application Thread] INFO  Engine               - FXGL-17.1 (24.03.2022 17.34) on WINDOWS (J:18.0.2.1 FX:18)
17:46:25.679 [JavaFX Application Thread] DEBUG Engine               - JRE Vendor Name: Oracle Corporation
17:46:25.679 [JavaFX Application Thread] DEBUG Engine               - Running on OS: Windows 11 version 10.0
17:46:25.679 [JavaFX Application Thread] DEBUG Engine               - Architecture: amd64
17:46:25.679 [JavaFX Application Thread] INFO  Engine               - Source code and latest versions at: https://github.com/AlmasB/FXGL
17:46:25.680 [JavaFX Application Thread] INFO  Engine               -       Ask questions and discuss at: https://github.com/AlmasB/FXGL/discussions
17:46:25.680 [JavaFX Application Thread] INFO  Engine               -              Join the FXGL chat at: https://gitter.im/AlmasB/FXGL
17:46:25.728 [JavaFX Application Thread] DEBUG PrimaryStageWindow   - Creating a JavaFX scene
17:46:25.776 [JavaFX Application Thread] DEBUG PrimaryStageWindow   - Target settings size: 1280.0 x 720.0
17:46:25.776 [JavaFX Application Thread] DEBUG PrimaryStageWindow   - Scaled scene size:    1280.0 x 720.0
17:46:25.776 [JavaFX Application Thread] DEBUG PrimaryStageWindow   - Scaled ratio: (1.0, 1.0)
17:46:25.777 [JavaFX Application Thread] DEBUG PrimaryStageWindow   - Set initial scene to FXGLStartupScene
17:46:25.785 [JavaFX Application Thread] DEBUG PrimaryStageWindow   - Opening main window
17:46:25.876 [JavaFX Application Thread] DEBUG PrimaryStageWindow   - Window border size: (16.0, 39.0)
17:46:25.877 [JavaFX Application Thread] DEBUG PrimaryStageWindow   - Scaled size: 1280.0 x 720.0
17:46:25.878 [JavaFX Application Thread] DEBUG PrimaryStageWindow   - Scaled ratio: (1.0, 1.0)
17:46:25.878 [JavaFX Application Thread] DEBUG PrimaryStageWindow   - Scene size: 1280.0 x 720.0
17:46:25.878 [JavaFX Application Thread] DEBUG PrimaryStageWindow   - Stage size: 1296.0 x 759.0
17:46:25.886 [FXGL Background Thread 1 ] DEBUG Engine               - Initializing environment variables
17:46:25.957 [FXGL Background Thread 1 ] DEBUG FXGLAssetLoaderServi - User app class for loading assets: class hellofx.Main
17:46:25.958 [FXGL Background Thread 1 ] DEBUG GameApplicationServi - Applying CSS: fxgl_dark.css
17:46:25.959 [FXGL Background Thread 1 ] DEBUG FXGLAssetLoaderServi - Loading from file system: jar:file:/C:/Users/chaum/.m2/repository/com/github/almasb/fxgl/17.1/fxgl-17.1.jar!/fxglassets/ui/css/fxgl_dark.css
17:46:26.002 [FXGL Background Thread 1 ] DEBUG GameApplicationServi - Initializing application scenes
17:46:26.048 [FXGL Background Thread 1 ] DEBUG GameWorld            - Game world initialized
17:46:26.108 [FXGL Background Thread 1 ] DEBUG PhysicsWorld         - Physics world initialized: appHeight=720, physics.ppm=50.0
17:46:26.109 [FXGL Background Thread 1 ] DEBUG PhysicsWorld         - Using strategy: BRUTE_FORCE
17:46:26.112 [FXGL Background Thread 1 ] DEBUG GameScene            - Game scene initialized: 1280x720
17:46:26.188 [FXGL Background Thread 1 ] DEBUG GameApplicationServi - Application scenes initialized
17:46:26.202 [FXGL Background Thread 1 ] DEBUG SystemBundleService  - Loading FXGL system data
17:46:26.206 [FXGL Background Thread 1 ] DEBUG FileSystemAccess     - Reading from: E:\space_java\Game\game_datbom\system\fxgl.bundle
17:46:26.215 [FXGL Background Thread 1 ] DEBUG SystemBundleService  - Bundle FXGL: {}
17:46:26.215 [FXGL Background Thread 1 ] DEBUG UpdaterService       - Checking for updates
17:46:26.250 [FXGL Background Thread 4 ] DEBUG FXGLApplication      - Loading fonts
17:46:26.250 [FXGL Background Thread 1 ] DEBUG FXGLApplication      - Loading default localization
17:46:26.250 [FXGL Background Thread 4 ] DEBUG FXGLAssetLoaderServi - Loading from file system: jar:file:/C:/Users/chaum/.m2/repository/com/github/almasb/fxgl/17.1/fxgl-17.1.jar!/fxglassets/ui/fonts/VarelaRound-Regular.ttf
17:46:26.251 [FXGL Background Thread 1 ] DEBUG FXGLAssetLoaderServi - Loading from file system: jar:file:/C:/Users/chaum/.m2/repository/com/github/almasb/fxgl/17.1/fxgl-17.1.jar!/fxglassets/languages/english.lang
17:46:26.269 [FXGL Background Thread 1 ] INFO  FXGLApplication      - FXGL initialization took: 0.383 sec
17:46:26.282 [JavaFX Application Thread] DEBUG Input                - Registered new binding: action0 - F
17:46:26.282 [JavaFX Application Thread] DEBUG Input                - Registered new binding: action1 - G
17:46:26.283 [JavaFX Application Thread] DEBUG Input                - Registered new binding: action2 - R
17:46:26.283 [JavaFX Application Thread] DEBUG Input                - Registered new binding: action3 - T
17:46:26.283 [JavaFX Application Thread] DEBUG Input                - Registered new binding: Right - D
17:46:26.283 [JavaFX Application Thread] DEBUG Input                - Registered new binding: Left - A
17:46:26.284 [JavaFX Application Thread] DEBUG Input                - Registered new binding: Up - W
17:46:26.284 [JavaFX Application Thread] DEBUG Input                - Registered new binding: Down - S
17:46:26.284 [JavaFX Application Thread] DEBUG Input                - Registered new binding: Place boom - Space
17:46:26.284 [JavaFX Application Thread] DEBUG FXGLAssetLoaderServi - Loading from file system: file:/E:/space_java/Game/game_datbom/target/classes/assets/textures/icon/icon.png
17:46:26.332 [FXGL Background Thread 4 ] DEBUG FXGLAssetLoaderServi - Loading from file system: jar:file:/C:/Users/chaum/.m2/repository/com/github/almasb/fxgl/17.1/fxgl-17.1.jar!/fxglassets/ui/fonts/Abel-Regular.ttf
17:46:26.337 [FXGL Background Thread 4 ] DEBUG FXGLAssetLoaderServi - Loading from file system: jar:file:/C:/Users/chaum/.m2/repository/com/github/almasb/fxgl/17.1/fxgl-17.1.jar!/fxglassets/ui/fonts/TerminalLandMono-Regular.otf
17:46:26.341 [FXGL Background Thread 4 ] DEBUG FXGLAssetLoaderServi - Loading from file system: jar:file:/C:/Users/chaum/.m2/repository/com/github/almasb/fxgl/17.1/fxgl-17.1.jar!/fxglassets/ui/fonts/Courier-Prime.ttf
17:46:26.375 [JavaFX Application Thread] DEBUG FXGLAssetLoaderServi - Loading from file system: file:/E:/space_java/Game/game_datbom/target/classes/assets/textures/cursor/cursor1.png
17:46:26.384 [JavaFX Application Thread] DEBUG Input                - Registered new binding: Screenshot - CTRL+8
17:46:26.384 [JavaFX Application Thread] DEBUG Input                - Registered new binding: Dev Options - 1
17:46:26.384 [JavaFX Application Thread] DEBUG Input                - Registered new binding: Dev Console - 2
17:46:26.385 [JavaFX Application Thread] DEBUG Input                - Registered new binding: System info dump - CTRL+9
17:46:26.385 [JavaFX Application Thread] DEBUG Input                - Registered new binding: Restart - CTRL+R
17:46:26.386 [JavaFX Application Thread] DEBUG Input                - Registered new binding: Toggle Debug Camera - CTRL+7
17:46:26.389 [JavaFX Application Thread] DEBUG LoopRunner           - Starting loop
17:46:26.402 [JavaFX Application Thread] DEBUG LoopRunner           - Initializing JavaFX AnimationTimerLoop
17:46:26.404 [JavaFX Application Thread] DEBUG Input                - Clearing active input actions
17:46:26.410 [JavaFX Application Thread] DEBUG GameApplicationServi - Removing overlay from FXGLStartupScene and adding to FXGLMainMenuDummyScene
17:46:26.413 [JavaFX Application Thread] DEBUG PrimaryStageWindow   - FXGLStartupScene -> FXGLMainMenuDummyScene
17:46:26.413 [JavaFX Application Thread] DEBUG PrimaryStageWindow   - Push state: MainMenu
17:46:26.413 [JavaFX Application Thread] DEBUG Input                - Clearing active input actions
17:46:26.416 [JavaFX Application Thread] DEBUG GameApplicationServi - Removing overlay from FXGLMainMenuDummyScene and adding to MainMenu
17:46:26.417 [JavaFX Application Thread] DEBUG PrimaryStageWindow   - FXGLMainMenuDummyScene -> MainMenu
17:46:26.424 [JavaFX Application Thread] DEBUG FXGLApplication      - Registering font factories with UI factory
17:46:27.479 [FXGL Background Thread 2 ] INFO  UpdaterService       - Your current version:  17.1
17:46:27.479 [FXGL Background Thread 2 ] INFO  UpdaterService       - Latest stable version: 17.2
17:46:27.738 [JavaFX Application Thread] DEBUG Menu                 - fireNewGame()
17:46:27.739 [JavaFX Application Thread] DEBUG GameApplicationServi - Starting new game
17:46:27.740 [JavaFX Application Thread] DEBUG PrimaryStageWindow   - Pop state: MainMenu
17:46:27.740 [JavaFX Application Thread] DEBUG Input                - Clearing active input actions
17:46:27.740 [JavaFX Application Thread] DEBUG GameApplicationServi - Removing overlay from MainMenu and adding to FXGLMainMenuDummyScene
17:46:27.743 [JavaFX Application Thread] DEBUG PrimaryStageWindow   - FXGLMainMenuDummyScene <- MainMenu
17:46:27.743 [JavaFX Application Thread] DEBUG Input                - Clearing active input actions
17:46:27.749 [JavaFX Application Thread] DEBUG GameApplicationServi - Removing overlay from FXGLMainMenuDummyScene and adding to FXGLLoadingScene
17:46:27.750 [JavaFX Application Thread] DEBUG PrimaryStageWindow   - FXGLMainMenuDummyScene -> FXGLLoadingScene
17:46:27.750 [JavaFX Application Thread] DEBUG GameApplicationServi - Clearing previous game
17:46:27.750 [JavaFX Application Thread] DEBUG GameScene            - Clearing game scene
17:46:27.750 [JavaFX Application Thread] DEBUG GameWorld            - Clearing game world
17:46:27.750 [JavaFX Application Thread] DEBUG PhysicsWorld         - Clearing physics world
17:46:27.753 [FXGL Background Thread 2 ] DEBUG FXGLApplication      - Initializing game
17:46:27.794 [FXGL Background Thread 2 ] DEBUG FXGLAssetLoaderServi - Loading from file system: file:/E:/space_java/Game/game_datbom/target/classes/assets/textures/mapTexture/grass.png
17:46:27.804 [FXGL Background Thread 2 ] DEBUG FXGLAssetLoaderServi - Loading from file system: file:/E:/space_java/Game/game_datbom/target/classes/assets/textures/mapTexture/wall2.png
17:46:27.858 [FXGL Background Thread 2 ] DEBUG FXGLAssetLoaderServi - Loading from file system: file:/E:/space_java/Game/game_datbom/target/classes/assets/textures/mapTexture%5cbrick.png
17:46:27.861 [FXGL Background Thread 2 ] DEBUG FXGLAssetLoaderServi - Loading from file system: file:/E:/space_java/Game/game_datbom/target/classes/assets/textures/mapTexture%5cbrick_break.png
17:46:27.916 [FXGL Background Thread 2 ] DEBUG FXGLAssetLoaderServi - Loading from file system: file:/E:/space_java/Game/game_datbom/target/classes/assets/textures/gameItem/powerup_bombs.png
17:46:27.919 [FXGL Background Thread 2 ] DEBUG FXGLAssetLoaderServi - Loading from file system: file:/E:/space_java/Game/game_datbom/target/classes/assets/textures/gameItem/powerup_flamepass.png
17:46:27.945 [FXGL Background Thread 2 ] DEBUG FXGLAssetLoaderServi - Loading from file system: file:/E:/space_java/Game/game_datbom/target/classes/assets/textures/enemy/balloon36.png
17:46:27.966 [FXGL Background Thread 2 ] DEBUG FXGLAssetLoaderServi - Loading from file system: file:/E:/space_java/Game/game_datbom/target/classes/assets/textures/gameItem/powerup_speed.png
17:46:27.981 [FXGL Background Thread 2 ] DEBUG FXGLAssetLoaderServi - Loading from file system: file:/E:/space_java/Game/game_datbom/target/classes/assets/textures/gameItem/powerup_flames.png
17:46:28.026 [FXGL Background Thread 2 ] DEBUG FXGLAssetLoaderServi - Loading from file system: file:/E:/space_java/Game/game_datbom/target/classes/assets/textures/mapTexture/portal.png
17:46:28.117 [FXGL Background Thread 2 ] DEBUG FXGLAssetLoaderServi - Loading from file system: file:/E:/space_java/Game/game_datbom/target/classes/assets/textures/character/gold_player_dead.png
17:46:28.118 [FXGL Background Thread 2 ] DEBUG FXGLAssetLoaderServi - Loading from file system: file:/E:/space_java/Game/game_datbom/target/classes/assets/textures/character/gold_player_down.png
17:46:28.119 [FXGL Background Thread 2 ] DEBUG FXGLAssetLoaderServi - Loading from file system: file:/E:/space_java/Game/game_datbom/target/classes/assets/textures/character/gold_player_up.png
17:46:28.120 [FXGL Background Thread 2 ] DEBUG FXGLAssetLoaderServi - Loading from file system: file:/E:/space_java/Game/game_datbom/target/classes/assets/textures/character/gold_player_left_temp.png
17:46:28.121 [FXGL Background Thread 2 ] DEBUG FXGLAssetLoaderServi - Loading from file system: file:/E:/space_java/Game/game_datbom/target/classes/assets/textures/character/gold_player_right_temp.png
17:46:28.126 [FXGL Background Thread 2 ] INFO  FXGLApplication      - Game initialization took: 0.372 sec
17:46:28.127 [JavaFX Application Thread] DEBUG Input                - Clearing active input actions
17:46:28.142 [JavaFX Application Thread] DEBUG GameApplicationServi - Removing overlay from FXGLLoadingScene and adding to GameScene
17:46:28.144 [JavaFX Application Thread] DEBUG PrimaryStageWindow   - FXGLLoadingScene -> GameScene
17:46:29.249 [FXGL Background Thread 3 ] DEBUG Engine               - Logging environment variables
17:46:29.250 [FXGL Background Thread 3 ] DEBUG Engine               - achievements: []
17:46:29.250 [FXGL Background Thread 3 ] DEBUG Engine               - actualHeight: 720.0
17:46:29.250 [FXGL Background Thread 3 ] DEBUG Engine               - actualHeightProperty: ReadOnlyDoubleProperty [value: 720.0]
17:46:29.250 [FXGL Background Thread 3 ] DEBUG Engine               - actualWidth: 1280.0
17:46:29.250 [FXGL Background Thread 3 ] DEBUG Engine               - actualWidthProperty: ReadOnlyDoubleProperty [value: 1280.0]
17:46:29.251 [FXGL Background Thread 3 ] DEBUG Engine               - appIcon: icon/icon.png
17:46:29.251 [FXGL Background Thread 3 ] DEBUG Engine               - applicationMode: DEVELOPER
17:46:29.251 [FXGL Background Thread 3 ] DEBUG Engine               - cSSList: [fxgl_dark.css]
17:46:29.251 [FXGL Background Thread 3 ] DEBUG Engine               - collisionDetectionStrategy: BRUTE_FORCE
17:46:29.251 [FXGL Background Thread 3 ] DEBUG Engine               - configClass: Optional.empty
17:46:29.251 [FXGL Background Thread 3 ] DEBUG Engine               - credits: []
17:46:29.253 [FXGL Background Thread 3 ] DEBUG Engine               - defaultCursor: CursorInfo(imageName=cursor/cursor1.png, hotspotX=0.0, hotspotY=0.0)
17:46:29.253 [FXGL Background Thread 3 ] DEBUG Engine               - devBBoxColorProperty: ObjectProperty [value: 0xff0000ff]
17:46:29.253 [FXGL Background Thread 3 ] DEBUG Engine               - devEnableDebugCameraProperty: BooleanProperty [value: false]
17:46:29.253 [FXGL Background Thread 3 ] DEBUG Engine               - devSensorColorProperty: ObjectProperty [value: 0xffff00ff]
17:46:29.253 [FXGL Background Thread 3 ] DEBUG Engine               - devShowBBoxProperty: BooleanProperty [value: false]
17:46:29.253 [FXGL Background Thread 3 ] DEBUG Engine               - devShowPositionProperty: BooleanProperty [value: false]
17:46:29.253 [FXGL Background Thread 3 ] DEBUG Engine               - enabledMenuItems: []
17:46:29.254 [FXGL Background Thread 3 ] DEBUG Engine               - engineServices: [class com.almasb.fxgl.app.services.FXGLAssetLoaderService, class com.almasb.fxgl.app.FXGLApplication$GameApplicationService, class com.almasb.fxgl.app.services.FXGLDialogService, class com.almasb.fxgl.app.services.IOTaskExecutorService, class com.almasb.fxgl.io.FileSystemService, class com.almasb.fxgl.localization.LocalizationService, class com.almasb.fxgl.app.services.SystemBundleService, class com.almasb.fxgl.profile.SaveLoadService, class com.almasb.fxgl.ui.FXGLUIFactoryServiceProvider, class com.almasb.fxgl.ui.FXGLDialogFactoryServiceProvider, class com.almasb.fxgl.audio.AudioPlayer, class com.almasb.fxgl.notification.impl.NotificationServiceProvider, class com.almasb.fxgl.achievement.AchievementService, class com.almasb.fxgl.cutscene.CutsceneService, class com.almasb.fxgl.minigames.MiniGameService, class com.almasb.fxgl.net.NetService, class com.almasb.fxgl.app.services.UpdaterService, class com.almasb.fxgl.dev.DevService]
17:46:29.254 [FXGL Background Thread 3 ] DEBUG Engine               - fontGame: Abel-Regular.ttf
17:46:29.254 [FXGL Background Thread 3 ] DEBUG Engine               - fontMono: TerminalLandMono-Regular.otf
17:46:29.254 [FXGL Background Thread 3 ] DEBUG Engine               - fontText: Courier-Prime.ttf
17:46:29.254 [FXGL Background Thread 3 ] DEBUG Engine               - fontUI: VarelaRound-Regular.ttf
17:46:29.254 [FXGL Background Thread 3 ] DEBUG Engine               - fullScreen: BooleanProperty [value: false]
17:46:29.254 [FXGL Background Thread 3 ] DEBUG Engine               - gameDifficulty: MEDIUM
17:46:29.254 [FXGL Background Thread 3 ] DEBUG Engine               - gameDifficultyProperty: ObjectProperty [value: MEDIUM]
17:46:29.254 [FXGL Background Thread 3 ] DEBUG Engine               - globalMusicVolume: 0.5
17:46:29.255 [FXGL Background Thread 3 ] DEBUG Engine               - globalMusicVolumeProperty: DoubleProperty [value: 0.5]
17:46:29.255 [FXGL Background Thread 3 ] DEBUG Engine               - globalSoundVolume: 0.5
17:46:29.255 [FXGL Background Thread 3 ] DEBUG Engine               - globalSoundVolumeProperty: DoubleProperty [value: 0.5]
17:46:29.255 [FXGL Background Thread 3 ] DEBUG Engine               - height: 720
17:46:29.255 [FXGL Background Thread 3 ] DEBUG Engine               - is3D: false
17:46:29.255 [FXGL Background Thread 3 ] DEBUG Engine               - isAndroid: false
17:46:29.255 [FXGL Background Thread 3 ] DEBUG Engine               - isBrowser: false
17:46:29.255 [FXGL Background Thread 3 ] DEBUG Engine               - isClickFeedbackEnabled: false
17:46:29.256 [FXGL Background Thread 3 ] DEBUG Engine               - isCloseConfirmation: false
17:46:29.256 [FXGL Background Thread 3 ] DEBUG Engine               - isDesktop: true
17:46:29.256 [FXGL Background Thread 3 ] DEBUG Engine               - isDeveloperMenuEnabled: true
17:46:29.256 [FXGL Background Thread 3 ] DEBUG Engine               - isEmbedded: false
17:46:29.256 [FXGL Background Thread 3 ] DEBUG Engine               - isEntityPreloadEnabled: true
17:46:29.256 [FXGL Background Thread 3 ] DEBUG Engine               - isExperimentalTiledLargeMap: false
17:46:29.257 [FXGL Background Thread 3 ] DEBUG Engine               - isFileSystemWriteAllowed: true
17:46:29.257 [FXGL Background Thread 3 ] DEBUG Engine               - isFullScreenAllowed: false
17:46:29.257 [FXGL Background Thread 3 ] DEBUG Engine               - isFullScreenFromStart: false
17:46:29.257 [FXGL Background Thread 3 ] DEBUG Engine               - isGameMenuEnabled: true
17:46:29.257 [FXGL Background Thread 3 ] DEBUG Engine               - isIOS: false
17:46:29.257 [FXGL Background Thread 3 ] DEBUG Engine               - isIntroEnabled: false
17:46:29.257 [FXGL Background Thread 3 ] DEBUG Engine               - isLinux: false
17:46:29.258 [FXGL Background Thread 3 ] DEBUG Engine               - isMac: false
17:46:29.258 [FXGL Background Thread 3 ] DEBUG Engine               - isMainMenuEnabled: true
17:46:29.258 [FXGL Background Thread 3 ] DEBUG Engine               - isManualResizeEnabled: false
17:46:29.258 [FXGL Background Thread 3 ] DEBUG Engine               - isMobile: false
17:46:29.258 [FXGL Background Thread 3 ] DEBUG Engine               - isNative: false
17:46:29.258 [FXGL Background Thread 3 ] DEBUG Engine               - isPauseMusicWhenMinimized: true
17:46:29.258 [FXGL Background Thread 3 ] DEBUG Engine               - isPreserveResizeRatio: false
17:46:29.258 [FXGL Background Thread 3 ] DEBUG Engine               - isProfilingEnabled: false
17:46:29.258 [FXGL Background Thread 3 ] DEBUG Engine               - isScaleAffectedOnResize: true
17:46:29.258 [FXGL Background Thread 3 ] DEBUG Engine               - isSingleStep: false
17:46:29.258 [FXGL Background Thread 3 ] DEBUG Engine               - isUserProfileEnabled: false
17:46:29.258 [FXGL Background Thread 3 ] DEBUG Engine               - isWindows: true
17:46:29.258 [FXGL Background Thread 3 ] DEBUG Engine               - language: ObjectProperty [value: ENGLISH]
17:46:29.258 [FXGL Background Thread 3 ] DEBUG Engine               - menuKey: ESCAPE
17:46:29.258 [FXGL Background Thread 3 ] DEBUG Engine               - mouseSensitivity: 0.2
17:46:29.258 [FXGL Background Thread 3 ] DEBUG Engine               - notificationViewClass: class com.almasb.fxgl.notification.view.XboxNotificationView
17:46:29.259 [FXGL Background Thread 3 ] DEBUG Engine               - pixelsPerMeter: 50.0
17:46:29.259 [FXGL Background Thread 3 ] DEBUG Engine               - platform: WINDOWS
17:46:29.259 [FXGL Background Thread 3 ] DEBUG Engine               - prefHeightProperty: ReadOnlyDoubleProperty [value: 720.0]
17:46:29.259 [FXGL Background Thread 3 ] DEBUG Engine               - prefWidthProperty: ReadOnlyDoubleProperty [value: 1280.0]
17:46:29.259 [FXGL Background Thread 3 ] DEBUG Engine               - profileDir: profiles/
17:46:29.259 [FXGL Background Thread 3 ] DEBUG Engine               - profileName: StringProperty [value: DEFAULT]
17:46:29.259 [FXGL Background Thread 3 ] DEBUG Engine               - randomSeed: -1
17:46:29.259 [FXGL Background Thread 3 ] DEBUG Engine               - runtimeInfo: RuntimeInfo(platform=WINDOWS, version=17.1, build=24.03.2022 17.34)
17:46:29.259 [FXGL Background Thread 3 ] DEBUG Engine               - saveFileExt: sav
17:46:29.259 [FXGL Background Thread 3 ] DEBUG Engine               - scaledHeightProp$fxgl: DoubleProperty [bound, value: 720.0]
17:46:29.260 [FXGL Background Thread 3 ] DEBUG Engine               - scaledWidthProp$fxgl: DoubleProperty [bound, value: 1280.0]
17:46:29.260 [FXGL Background Thread 3 ] DEBUG Engine               - sceneFactory: hellofx.Main$1@50bb0bac
17:46:29.260 [FXGL Background Thread 3 ] DEBUG Engine               - secondsIn24h: 60
17:46:29.260 [FXGL Background Thread 3 ] DEBUG Engine               - soundMenuBack: menu/back.wav
17:46:29.260 [FXGL Background Thread 3 ] DEBUG Engine               - soundMenuPress: menu/press.wav
17:46:29.260 [FXGL Background Thread 3 ] DEBUG Engine               - soundMenuSelect: menu/select.wav
17:46:29.260 [FXGL Background Thread 3 ] DEBUG Engine               - soundNotification: core/notification.wav
17:46:29.260 [FXGL Background Thread 3 ] DEBUG Engine               - stageStyle: DECORATED
17:46:29.260 [FXGL Background Thread 3 ] DEBUG Engine               - supportedLanguages: [ENGLISH, FRENCH, GERMAN, HUNGARIAN, RUSSIAN]
17:46:29.260 [FXGL Background Thread 3 ] DEBUG Engine               - ticksPerSecond: -1
17:46:29.260 [FXGL Background Thread 3 ] DEBUG Engine               - title: Bomberman
17:46:29.260 [FXGL Background Thread 3 ] DEBUG Engine               - urlGithub: https://github.com/AlmasB/FXGL
17:46:29.260 [FXGL Background Thread 3 ] DEBUG Engine               - urlLeaderboard: http://fxgl-top.herokuapp.com/
17:46:29.260 [FXGL Background Thread 3 ] DEBUG Engine               - urlPOM: https://raw.githubusercontent.com/AlmasB/FXGL/release/README.md
17:46:29.260 [FXGL Background Thread 3 ] DEBUG Engine               - userAppClass: class hellofx.Main
17:46:29.260 [FXGL Background Thread 3 ] DEBUG Engine               - version: 1.0
17:46:29.260 [FXGL Background Thread 3 ] DEBUG Engine               - versionCheckDays: 7
17:46:29.260 [FXGL Background Thread 3 ] DEBUG Engine               - width: 1280
17:46:29.261 [FXGL Background Thread 3 ] DEBUG Engine               - Logging services
17:46:29.261 [FXGL Background Thread 3 ] DEBUG Engine               - class com.almasb.fxgl.app.services.FXGLAssetLoaderService
17:46:29.261 [FXGL Background Thread 3 ] DEBUG Engine               - class com.almasb.fxgl.app.FXGLApplication$GameApplicationService
17:46:29.261 [FXGL Background Thread 3 ] DEBUG Engine               - class com.almasb.fxgl.app.services.FXGLDialogService
17:46:29.261 [FXGL Background Thread 3 ] DEBUG Engine               - class com.almasb.fxgl.app.services.IOTaskExecutorService
17:46:29.261 [FXGL Background Thread 3 ] DEBUG Engine               - class com.almasb.fxgl.io.FileSystemService
17:46:29.261 [FXGL Background Thread 3 ] DEBUG Engine               - class com.almasb.fxgl.localization.LocalizationService
17:46:29.261 [FXGL Background Thread 3 ] DEBUG Engine               - class com.almasb.fxgl.app.services.SystemBundleService
17:46:29.261 [FXGL Background Thread 3 ] DEBUG Engine               - class com.almasb.fxgl.profile.SaveLoadService
17:46:29.261 [FXGL Background Thread 3 ] DEBUG Engine               - class com.almasb.fxgl.ui.FXGLUIFactoryServiceProvider
17:46:29.261 [FXGL Background Thread 3 ] DEBUG Engine               - class com.almasb.fxgl.ui.FXGLDialogFactoryServiceProvider
17:46:29.261 [FXGL Background Thread 3 ] DEBUG Engine               - class com.almasb.fxgl.audio.AudioPlayer
17:46:29.261 [FXGL Background Thread 3 ] DEBUG Engine               - class com.almasb.fxgl.notification.impl.NotificationServiceProvider
17:46:29.261 [FXGL Background Thread 3 ] DEBUG Engine               - class com.almasb.fxgl.achievement.AchievementService
17:46:29.261 [FXGL Background Thread 3 ] DEBUG Engine               - class com.almasb.fxgl.cutscene.CutsceneService
17:46:29.261 [FXGL Background Thread 3 ] DEBUG Engine               - class com.almasb.fxgl.minigames.MiniGameService
17:46:29.261 [FXGL Background Thread 3 ] DEBUG Engine               - class com.almasb.fxgl.net.NetService
17:46:29.261 [FXGL Background Thread 3 ] DEBUG Engine               - class com.almasb.fxgl.app.services.UpdaterService
17:46:29.261 [FXGL Background Thread 3 ] DEBUG Engine               - class com.almasb.fxgl.dev.DevService
17:46:38.800 [JavaFX Application Thread] DEBUG FXGLAssetLoaderServi - Loading from file system: file:/E:/space_java/Game/game_datbom/target/classes/assets/textures/character%5cbomb.png
17:46:38.805 [JavaFX Application Thread] DEBUG FXGLAssetLoaderServi - Loading from file system: file:/E:/space_java/Game/game_datbom/target/classes/assets/textures/flame%5cleft_flame.png
17:46:38.807 [JavaFX Application Thread] DEBUG FXGLAssetLoaderServi - Loading from file system: file:/E:/space_java/Game/game_datbom/target/classes/assets/textures/flame%5cup_flame.png
17:46:38.809 [JavaFX Application Thread] DEBUG FXGLAssetLoaderServi - Loading from file system: file:/E:/space_java/Game/game_datbom/target/classes/assets/textures/flame%5ccentral_flame.png
17:46:43.679 [JavaFX Application Thread] WARN  GameWorld            - Attempted to remove entity which is not active
17:47:48.655 [JavaFX Application Thread] DEBUG Input                - Clearing active input actions
17:47:48.669 [JavaFX Application Thread] DEBUG GameApplicationServi - Removing overlay from GameScene and adding to FXGLMainMenuDummyScene
17:47:48.674 [JavaFX Application Thread] DEBUG PrimaryStageWindow   - GameScene -> FXGLMainMenuDummyScene
17:47:48.674 [JavaFX Application Thread] DEBUG PrimaryStageWindow   - Push state: MainMenu
17:47:48.675 [JavaFX Application Thread] DEBUG Input                - Clearing active input actions
17:47:48.675 [JavaFX Application Thread] DEBUG GameApplicationServi - Removing overlay from FXGLMainMenuDummyScene and adding to MainMenu
17:47:48.676 [JavaFX Application Thread] DEBUG PrimaryStageWindow   - FXGLMainMenuDummyScene -> MainMenu
17:47:49.860 [JavaFX Application Thread] DEBUG FXGLApplication      - Exiting FXGL
17:47:49.860 [JavaFX Application Thread] DEBUG LoopRunner           - Stopping loop
17:47:49.860 [JavaFX Application Thread] DEBUG SystemBundleService  - Saving FXGL system data
17:47:49.861 [JavaFX Application Thread] DEBUG FileSystemAccess     - Writing to: E:\space_java\Game\game_datbom\system\fxgl.bundle
17:47:49.864 [JavaFX Application Thread] DEBUG Async                - Shutting down background threads
17:47:49.864 [JavaFX Application Thread] DEBUG PrimaryStageWindow   - Closing main window
17:47:49.896 [JavaFX Application Thread] DEBUG Logger               - Closing Logger
