17:01:22.034 [main                     ] DEBUG Logger               - Configured Logger
17:01:22.049 [main                     ] DEBUG GameApplication      - Logging settings
Title: Bomberman
Version: 1.0
Width: 1280
Height: 720
Fullscreen: false
Intro: false
Profiling: false
Single step:false
App Mode: DEVELOPER
Menu Key: ESCAPE
Stage Style: DECORATED
Scene Factory: class hellofx.Main$1

17:01:22.154 [JavaFX Application Thread] DEBUG FXGLApplication      - Initializing FXGL
17:01:22.160 [JavaFX Application Thread] INFO  Engine               - FXGL-17.1 (24.03.2022 17.34) on WINDOWS (J:18.0.2.1 FX:18)
17:01:22.160 [JavaFX Application Thread] DEBUG Engine               - JRE Vendor Name: Oracle Corporation
17:01:22.160 [JavaFX Application Thread] DEBUG Engine               - Running on OS: Windows 11 version 10.0
17:01:22.160 [JavaFX Application Thread] DEBUG Engine               - Architecture: amd64
17:01:22.161 [JavaFX Application Thread] INFO  Engine               - Source code and latest versions at: https://github.com/AlmasB/FXGL
17:01:22.161 [JavaFX Application Thread] INFO  Engine               -       Ask questions and discuss at: https://github.com/AlmasB/FXGL/discussions
17:01:22.161 [JavaFX Application Thread] INFO  Engine               -              Join the FXGL chat at: https://gitter.im/AlmasB/FXGL
17:01:22.215 [JavaFX Application Thread] DEBUG PrimaryStageWindow   - Creating a JavaFX scene
17:01:22.256 [JavaFX Application Thread] DEBUG PrimaryStageWindow   - Target settings size: 1280.0 x 720.0
17:01:22.257 [JavaFX Application Thread] DEBUG PrimaryStageWindow   - Scaled scene size:    1280.0 x 720.0
17:01:22.257 [JavaFX Application Thread] DEBUG PrimaryStageWindow   - Scaled ratio: (1.0, 1.0)
17:01:22.258 [JavaFX Application Thread] DEBUG PrimaryStageWindow   - Set initial scene to FXGLStartupScene
17:01:22.267 [JavaFX Application Thread] DEBUG PrimaryStageWindow   - Opening main window
17:01:22.359 [JavaFX Application Thread] DEBUG PrimaryStageWindow   - Window border size: (16.0, 39.0)
17:01:22.360 [JavaFX Application Thread] DEBUG PrimaryStageWindow   - Scaled size: 1280.0 x 720.0
17:01:22.361 [JavaFX Application Thread] DEBUG PrimaryStageWindow   - Scaled ratio: (1.0, 1.0)
17:01:22.361 [JavaFX Application Thread] DEBUG PrimaryStageWindow   - Scene size: 1280.0 x 720.0
17:01:22.362 [JavaFX Application Thread] DEBUG PrimaryStageWindow   - Stage size: 1296.0 x 759.0
17:01:22.371 [FXGL Background Thread 1 ] DEBUG Engine               - Initializing environment variables
17:01:22.444 [FXGL Background Thread 1 ] DEBUG FXGLAssetLoaderServi - User app class for loading assets: class hellofx.Main
17:01:22.444 [FXGL Background Thread 1 ] DEBUG GameApplicationServi - Applying CSS: fxgl_dark.css
17:01:22.445 [FXGL Background Thread 1 ] DEBUG FXGLAssetLoaderServi - Loading from file system: jar:file:/C:/Users/chaum/.m2/repository/com/github/almasb/fxgl/17.1/fxgl-17.1.jar!/fxglassets/ui/css/fxgl_dark.css
17:01:22.497 [FXGL Background Thread 1 ] DEBUG GameApplicationServi - Initializing application scenes
17:01:22.548 [FXGL Background Thread 1 ] DEBUG GameWorld            - Game world initialized
17:01:22.590 [FXGL Background Thread 1 ] DEBUG PhysicsWorld         - Physics world initialized: appHeight=720, physics.ppm=50.0
17:01:22.590 [FXGL Background Thread 1 ] DEBUG PhysicsWorld         - Using strategy: BRUTE_FORCE
17:01:22.594 [FXGL Background Thread 1 ] DEBUG GameScene            - Game scene initialized: 1280x720
17:01:22.663 [FXGL Background Thread 1 ] DEBUG GameApplicationServi - Application scenes initialized
17:01:22.681 [FXGL Background Thread 1 ] DEBUG SystemBundleService  - Loading FXGL system data
17:01:22.685 [FXGL Background Thread 1 ] DEBUG FileSystemAccess     - Reading from: E:\space_java\Game\game_datbom\system\fxgl.bundle
17:01:22.692 [FXGL Background Thread 1 ] DEBUG SystemBundleService  - Bundle FXGL: {}
17:01:22.692 [FXGL Background Thread 1 ] DEBUG UpdaterService       - Checking for updates
17:01:22.724 [FXGL Background Thread 4 ] DEBUG FXGLApplication      - Loading fonts
17:01:22.725 [FXGL Background Thread 1 ] DEBUG FXGLApplication      - Loading default localization
17:01:22.725 [FXGL Background Thread 4 ] DEBUG FXGLAssetLoaderServi - Loading from file system: jar:file:/C:/Users/chaum/.m2/repository/com/github/almasb/fxgl/17.1/fxgl-17.1.jar!/fxglassets/ui/fonts/VarelaRound-Regular.ttf
17:01:22.725 [FXGL Background Thread 1 ] DEBUG FXGLAssetLoaderServi - Loading from file system: jar:file:/C:/Users/chaum/.m2/repository/com/github/almasb/fxgl/17.1/fxgl-17.1.jar!/fxglassets/languages/english.lang
17:01:22.747 [FXGL Background Thread 1 ] INFO  FXGLApplication      - FXGL initialization took: 0.376 sec
17:01:22.757 [JavaFX Application Thread] DEBUG Input                - Registered new binding: action0 - F
17:01:22.758 [JavaFX Application Thread] DEBUG Input                - Registered new binding: action1 - G
17:01:22.758 [JavaFX Application Thread] DEBUG Input                - Registered new binding: action2 - R
17:01:22.758 [JavaFX Application Thread] DEBUG Input                - Registered new binding: action3 - T
17:01:22.758 [JavaFX Application Thread] DEBUG Input                - Registered new binding: Right - D
17:01:22.758 [JavaFX Application Thread] DEBUG Input                - Registered new binding: Left - A
17:01:22.759 [JavaFX Application Thread] DEBUG Input                - Registered new binding: Up - W
17:01:22.759 [JavaFX Application Thread] DEBUG Input                - Registered new binding: Down - S
17:01:22.759 [JavaFX Application Thread] DEBUG Input                - Registered new binding: Place boom - Space
17:01:22.759 [JavaFX Application Thread] DEBUG FXGLAssetLoaderServi - Loading from file system: file:/E:/space_java/Game/game_datbom/target/classes/assets/textures/icon/icon.png
17:01:22.804 [FXGL Background Thread 4 ] DEBUG FXGLAssetLoaderServi - Loading from file system: jar:file:/C:/Users/chaum/.m2/repository/com/github/almasb/fxgl/17.1/fxgl-17.1.jar!/fxglassets/ui/fonts/Abel-Regular.ttf
17:01:22.808 [FXGL Background Thread 4 ] DEBUG FXGLAssetLoaderServi - Loading from file system: jar:file:/C:/Users/chaum/.m2/repository/com/github/almasb/fxgl/17.1/fxgl-17.1.jar!/fxglassets/ui/fonts/TerminalLandMono-Regular.otf
17:01:22.813 [FXGL Background Thread 4 ] DEBUG FXGLAssetLoaderServi - Loading from file system: jar:file:/C:/Users/chaum/.m2/repository/com/github/almasb/fxgl/17.1/fxgl-17.1.jar!/fxglassets/ui/fonts/Courier-Prime.ttf
17:01:22.824 [JavaFX Application Thread] DEBUG FXGLAssetLoaderServi - Loading from file system: file:/E:/space_java/Game/game_datbom/target/classes/assets/textures/cursor/cursor1.png
17:01:22.833 [JavaFX Application Thread] DEBUG Input                - Registered new binding: Screenshot - CTRL+8
17:01:22.834 [JavaFX Application Thread] DEBUG Input                - Registered new binding: Dev Options - 1
17:01:22.834 [JavaFX Application Thread] DEBUG Input                - Registered new binding: Dev Console - 2
17:01:22.834 [JavaFX Application Thread] DEBUG Input                - Registered new binding: System info dump - CTRL+9
17:01:22.835 [JavaFX Application Thread] DEBUG Input                - Registered new binding: Restart - CTRL+R
17:01:22.836 [JavaFX Application Thread] DEBUG Input                - Registered new binding: Toggle Debug Camera - CTRL+7
17:01:22.839 [JavaFX Application Thread] DEBUG LoopRunner           - Starting loop
17:01:22.855 [JavaFX Application Thread] DEBUG LoopRunner           - Initializing JavaFX AnimationTimerLoop
17:01:22.858 [JavaFX Application Thread] DEBUG Input                - Clearing active input actions
17:01:22.864 [JavaFX Application Thread] DEBUG GameApplicationServi - Removing overlay from FXGLStartupScene and adding to FXGLMainMenuDummyScene
17:01:22.868 [JavaFX Application Thread] DEBUG PrimaryStageWindow   - FXGLStartupScene -> FXGLMainMenuDummyScene
17:01:22.868 [JavaFX Application Thread] DEBUG PrimaryStageWindow   - Push state: MainMenu
17:01:22.869 [JavaFX Application Thread] DEBUG Input                - Clearing active input actions
17:01:22.872 [JavaFX Application Thread] DEBUG GameApplicationServi - Removing overlay from FXGLMainMenuDummyScene and adding to MainMenu
17:01:22.873 [JavaFX Application Thread] DEBUG PrimaryStageWindow   - FXGLMainMenuDummyScene -> MainMenu
17:01:22.873 [JavaFX Application Thread] DEBUG FXGLApplication      - Registering font factories with UI factory
17:01:23.265 [FXGL Background Thread 2 ] INFO  UpdaterService       - Your current version:  17.1
17:01:23.265 [FXGL Background Thread 2 ] INFO  UpdaterService       - Latest stable version: 17.2
17:01:25.723 [FXGL Background Thread 3 ] DEBUG Engine               - Logging environment variables
17:01:25.724 [FXGL Background Thread 3 ] DEBUG Engine               - achievements: []
17:01:25.725 [FXGL Background Thread 3 ] DEBUG Engine               - actualHeight: 720.0
17:01:25.725 [FXGL Background Thread 3 ] DEBUG Engine               - actualHeightProperty: ReadOnlyDoubleProperty [value: 720.0]
17:01:25.725 [FXGL Background Thread 3 ] DEBUG Engine               - actualWidth: 1280.0
17:01:25.725 [FXGL Background Thread 3 ] DEBUG Engine               - actualWidthProperty: ReadOnlyDoubleProperty [value: 1280.0]
17:01:25.725 [FXGL Background Thread 3 ] DEBUG Engine               - appIcon: icon/icon.png
17:01:25.725 [FXGL Background Thread 3 ] DEBUG Engine               - applicationMode: DEVELOPER
17:01:25.725 [FXGL Background Thread 3 ] DEBUG Engine               - cSSList: [fxgl_dark.css]
17:01:25.725 [FXGL Background Thread 3 ] DEBUG Engine               - collisionDetectionStrategy: BRUTE_FORCE
17:01:25.725 [FXGL Background Thread 3 ] DEBUG Engine               - configClass: Optional.empty
17:01:25.726 [FXGL Background Thread 3 ] DEBUG Engine               - credits: []
17:01:25.727 [FXGL Background Thread 3 ] DEBUG Engine               - defaultCursor: CursorInfo(imageName=cursor/cursor1.png, hotspotX=0.0, hotspotY=0.0)
17:01:25.727 [FXGL Background Thread 3 ] DEBUG Engine               - devBBoxColorProperty: ObjectProperty [value: 0xff0000ff]
17:01:25.727 [FXGL Background Thread 3 ] DEBUG Engine               - devEnableDebugCameraProperty: BooleanProperty [value: false]
17:01:25.728 [FXGL Background Thread 3 ] DEBUG Engine               - devSensorColorProperty: ObjectProperty [value: 0xffff00ff]
17:01:25.728 [FXGL Background Thread 3 ] DEBUG Engine               - devShowBBoxProperty: BooleanProperty [value: false]
17:01:25.728 [FXGL Background Thread 3 ] DEBUG Engine               - devShowPositionProperty: BooleanProperty [value: false]
17:01:25.728 [FXGL Background Thread 3 ] DEBUG Engine               - enabledMenuItems: []
17:01:25.728 [FXGL Background Thread 3 ] DEBUG Engine               - engineServices: [class com.almasb.fxgl.app.services.FXGLAssetLoaderService, class com.almasb.fxgl.app.FXGLApplication$GameApplicationService, class com.almasb.fxgl.app.services.FXGLDialogService, class com.almasb.fxgl.app.services.IOTaskExecutorService, class com.almasb.fxgl.io.FileSystemService, class com.almasb.fxgl.localization.LocalizationService, class com.almasb.fxgl.app.services.SystemBundleService, class com.almasb.fxgl.profile.SaveLoadService, class com.almasb.fxgl.ui.FXGLUIFactoryServiceProvider, class com.almasb.fxgl.ui.FXGLDialogFactoryServiceProvider, class com.almasb.fxgl.audio.AudioPlayer, class com.almasb.fxgl.notification.impl.NotificationServiceProvider, class com.almasb.fxgl.achievement.AchievementService, class com.almasb.fxgl.cutscene.CutsceneService, class com.almasb.fxgl.minigames.MiniGameService, class com.almasb.fxgl.net.NetService, class com.almasb.fxgl.app.services.UpdaterService, class com.almasb.fxgl.dev.DevService]
17:01:25.728 [FXGL Background Thread 3 ] DEBUG Engine               - fontGame: Abel-Regular.ttf
17:01:25.728 [FXGL Background Thread 3 ] DEBUG Engine               - fontMono: TerminalLandMono-Regular.otf
17:01:25.728 [FXGL Background Thread 3 ] DEBUG Engine               - fontText: Courier-Prime.ttf
17:01:25.728 [FXGL Background Thread 3 ] DEBUG Engine               - fontUI: VarelaRound-Regular.ttf
17:01:25.728 [FXGL Background Thread 3 ] DEBUG Engine               - fullScreen: BooleanProperty [value: false]
17:01:25.729 [FXGL Background Thread 3 ] DEBUG Engine               - gameDifficulty: MEDIUM
17:01:25.729 [FXGL Background Thread 3 ] DEBUG Engine               - gameDifficultyProperty: ObjectProperty [value: MEDIUM]
17:01:25.729 [FXGL Background Thread 3 ] DEBUG Engine               - globalMusicVolume: 0.5
17:01:25.729 [FXGL Background Thread 3 ] DEBUG Engine               - globalMusicVolumeProperty: DoubleProperty [value: 0.5]
17:01:25.729 [FXGL Background Thread 3 ] DEBUG Engine               - globalSoundVolume: 0.5
17:01:25.729 [FXGL Background Thread 3 ] DEBUG Engine               - globalSoundVolumeProperty: DoubleProperty [value: 0.5]
17:01:25.729 [FXGL Background Thread 3 ] DEBUG Engine               - height: 720
17:01:25.729 [FXGL Background Thread 3 ] DEBUG Engine               - is3D: false
17:01:25.729 [FXGL Background Thread 3 ] DEBUG Engine               - isAndroid: false
17:01:25.729 [FXGL Background Thread 3 ] DEBUG Engine               - isBrowser: false
17:01:25.730 [FXGL Background Thread 3 ] DEBUG Engine               - isClickFeedbackEnabled: false
17:01:25.730 [FXGL Background Thread 3 ] DEBUG Engine               - isCloseConfirmation: false
17:01:25.730 [FXGL Background Thread 3 ] DEBUG Engine               - isDesktop: true
17:01:25.730 [FXGL Background Thread 3 ] DEBUG Engine               - isDeveloperMenuEnabled: true
17:01:25.730 [FXGL Background Thread 3 ] DEBUG Engine               - isEmbedded: false
17:01:25.730 [FXGL Background Thread 3 ] DEBUG Engine               - isEntityPreloadEnabled: true
17:01:25.730 [FXGL Background Thread 3 ] DEBUG Engine               - isExperimentalTiledLargeMap: false
17:01:25.730 [FXGL Background Thread 3 ] DEBUG Engine               - isFileSystemWriteAllowed: true
17:01:25.730 [FXGL Background Thread 3 ] DEBUG Engine               - isFullScreenAllowed: false
17:01:25.730 [FXGL Background Thread 3 ] DEBUG Engine               - isFullScreenFromStart: false
17:01:25.730 [FXGL Background Thread 3 ] DEBUG Engine               - isGameMenuEnabled: true
17:01:25.730 [FXGL Background Thread 3 ] DEBUG Engine               - isIOS: false
17:01:25.730 [FXGL Background Thread 3 ] DEBUG Engine               - isIntroEnabled: false
17:01:25.731 [FXGL Background Thread 3 ] DEBUG Engine               - isLinux: false
17:01:25.731 [FXGL Background Thread 3 ] DEBUG Engine               - isMac: false
17:01:25.731 [FXGL Background Thread 3 ] DEBUG Engine               - isMainMenuEnabled: true
17:01:25.731 [FXGL Background Thread 3 ] DEBUG Engine               - isManualResizeEnabled: false
17:01:25.731 [FXGL Background Thread 3 ] DEBUG Engine               - isMobile: false
17:01:25.731 [FXGL Background Thread 3 ] DEBUG Engine               - isNative: false
17:01:25.731 [FXGL Background Thread 3 ] DEBUG Engine               - isPauseMusicWhenMinimized: true
17:01:25.731 [FXGL Background Thread 3 ] DEBUG Engine               - isPreserveResizeRatio: false
17:01:25.731 [FXGL Background Thread 3 ] DEBUG Engine               - isProfilingEnabled: false
17:01:25.731 [FXGL Background Thread 3 ] DEBUG Engine               - isScaleAffectedOnResize: true
17:01:25.731 [FXGL Background Thread 3 ] DEBUG Engine               - isSingleStep: false
17:01:25.731 [FXGL Background Thread 3 ] DEBUG Engine               - isUserProfileEnabled: false
17:01:25.732 [FXGL Background Thread 3 ] DEBUG Engine               - isWindows: true
17:01:25.732 [FXGL Background Thread 3 ] DEBUG Engine               - language: ObjectProperty [value: ENGLISH]
17:01:25.732 [FXGL Background Thread 3 ] DEBUG Engine               - menuKey: ESCAPE
17:01:25.732 [FXGL Background Thread 3 ] DEBUG Engine               - mouseSensitivity: 0.2
17:01:25.732 [FXGL Background Thread 3 ] DEBUG Engine               - notificationViewClass: class com.almasb.fxgl.notification.view.XboxNotificationView
17:01:25.732 [FXGL Background Thread 3 ] DEBUG Engine               - pixelsPerMeter: 50.0
17:01:25.732 [FXGL Background Thread 3 ] DEBUG Engine               - platform: WINDOWS
17:01:25.732 [FXGL Background Thread 3 ] DEBUG Engine               - prefHeightProperty: ReadOnlyDoubleProperty [value: 720.0]
17:01:25.732 [FXGL Background Thread 3 ] DEBUG Engine               - prefWidthProperty: ReadOnlyDoubleProperty [value: 1280.0]
17:01:25.732 [FXGL Background Thread 3 ] DEBUG Engine               - profileDir: profiles/
17:01:25.732 [FXGL Background Thread 3 ] DEBUG Engine               - profileName: StringProperty [value: DEFAULT]
17:01:25.732 [FXGL Background Thread 3 ] DEBUG Engine               - randomSeed: -1
17:01:25.733 [FXGL Background Thread 3 ] DEBUG Engine               - runtimeInfo: RuntimeInfo(platform=WINDOWS, version=17.1, build=24.03.2022 17.34)
17:01:25.733 [FXGL Background Thread 3 ] DEBUG Engine               - saveFileExt: sav
17:01:25.733 [FXGL Background Thread 3 ] DEBUG Engine               - scaledHeightProp$fxgl: DoubleProperty [bound, value: 720.0]
17:01:25.733 [FXGL Background Thread 3 ] DEBUG Engine               - scaledWidthProp$fxgl: DoubleProperty [bound, value: 1280.0]
17:01:25.733 [FXGL Background Thread 3 ] DEBUG Engine               - sceneFactory: hellofx.Main$1@2d593725
17:01:25.733 [FXGL Background Thread 3 ] DEBUG Engine               - secondsIn24h: 60
17:01:25.733 [FXGL Background Thread 3 ] DEBUG Engine               - soundMenuBack: menu/back.wav
17:01:25.733 [FXGL Background Thread 3 ] DEBUG Engine               - soundMenuPress: menu/press.wav
17:01:25.733 [FXGL Background Thread 3 ] DEBUG Engine               - soundMenuSelect: menu/select.wav
17:01:25.734 [FXGL Background Thread 3 ] DEBUG Engine               - soundNotification: core/notification.wav
17:01:25.734 [FXGL Background Thread 3 ] DEBUG Engine               - stageStyle: DECORATED
17:01:25.734 [FXGL Background Thread 3 ] DEBUG Engine               - supportedLanguages: [ENGLISH, FRENCH, GERMAN, HUNGARIAN, RUSSIAN]
17:01:25.734 [FXGL Background Thread 3 ] DEBUG Engine               - ticksPerSecond: -1
17:01:25.734 [FXGL Background Thread 3 ] DEBUG Engine               - title: Bomberman
17:01:25.734 [FXGL Background Thread 3 ] DEBUG Engine               - urlGithub: https://github.com/AlmasB/FXGL
17:01:25.734 [FXGL Background Thread 3 ] DEBUG Engine               - urlLeaderboard: http://fxgl-top.herokuapp.com/
17:01:25.734 [FXGL Background Thread 3 ] DEBUG Engine               - urlPOM: https://raw.githubusercontent.com/AlmasB/FXGL/release/README.md
17:01:25.734 [FXGL Background Thread 3 ] DEBUG Engine               - userAppClass: class hellofx.Main
17:01:25.734 [FXGL Background Thread 3 ] DEBUG Engine               - version: 1.0
17:01:25.734 [FXGL Background Thread 3 ] DEBUG Engine               - versionCheckDays: 7
17:01:25.734 [FXGL Background Thread 3 ] DEBUG Engine               - width: 1280
17:01:25.734 [FXGL Background Thread 3 ] DEBUG Engine               - Logging services
17:01:25.734 [FXGL Background Thread 3 ] DEBUG Engine               - class com.almasb.fxgl.app.services.FXGLAssetLoaderService
17:01:25.735 [FXGL Background Thread 3 ] DEBUG Engine               - class com.almasb.fxgl.app.FXGLApplication$GameApplicationService
17:01:25.735 [FXGL Background Thread 3 ] DEBUG Engine               - class com.almasb.fxgl.app.services.FXGLDialogService
17:01:25.735 [FXGL Background Thread 3 ] DEBUG Engine               - class com.almasb.fxgl.app.services.IOTaskExecutorService
17:01:25.735 [FXGL Background Thread 3 ] DEBUG Engine               - class com.almasb.fxgl.io.FileSystemService
17:01:25.735 [FXGL Background Thread 3 ] DEBUG Engine               - class com.almasb.fxgl.localization.LocalizationService
17:01:25.735 [FXGL Background Thread 3 ] DEBUG Engine               - class com.almasb.fxgl.app.services.SystemBundleService
17:01:25.735 [FXGL Background Thread 3 ] DEBUG Engine               - class com.almasb.fxgl.profile.SaveLoadService
17:01:25.735 [FXGL Background Thread 3 ] DEBUG Engine               - class com.almasb.fxgl.ui.FXGLUIFactoryServiceProvider
17:01:25.735 [FXGL Background Thread 3 ] DEBUG Engine               - class com.almasb.fxgl.ui.FXGLDialogFactoryServiceProvider
17:01:25.735 [FXGL Background Thread 3 ] DEBUG Engine               - class com.almasb.fxgl.audio.AudioPlayer
17:01:25.735 [FXGL Background Thread 3 ] DEBUG Engine               - class com.almasb.fxgl.notification.impl.NotificationServiceProvider
17:01:25.735 [FXGL Background Thread 3 ] DEBUG Engine               - class com.almasb.fxgl.achievement.AchievementService
17:01:25.735 [FXGL Background Thread 3 ] DEBUG Engine               - class com.almasb.fxgl.cutscene.CutsceneService
17:01:25.735 [FXGL Background Thread 3 ] DEBUG Engine               - class com.almasb.fxgl.minigames.MiniGameService
17:01:25.735 [FXGL Background Thread 3 ] DEBUG Engine               - class com.almasb.fxgl.net.NetService
17:01:25.735 [FXGL Background Thread 3 ] DEBUG Engine               - class com.almasb.fxgl.app.services.UpdaterService
17:01:25.736 [FXGL Background Thread 3 ] DEBUG Engine               - class com.almasb.fxgl.dev.DevService
17:01:26.491 [JavaFX Application Thread] DEBUG Menu                 - fireNewGame()
17:01:26.491 [JavaFX Application Thread] DEBUG GameApplicationServi - Starting new game
17:01:26.492 [JavaFX Application Thread] DEBUG PrimaryStageWindow   - Pop state: MainMenu
17:01:26.492 [JavaFX Application Thread] DEBUG Input                - Clearing active input actions
17:01:26.494 [JavaFX Application Thread] DEBUG GameApplicationServi - Removing overlay from MainMenu and adding to FXGLMainMenuDummyScene
17:01:26.500 [JavaFX Application Thread] DEBUG PrimaryStageWindow   - FXGLMainMenuDummyScene <- MainMenu
17:01:26.500 [JavaFX Application Thread] DEBUG Input                - Clearing active input actions
17:01:26.508 [JavaFX Application Thread] DEBUG GameApplicationServi - Removing overlay from FXGLMainMenuDummyScene and adding to FXGLLoadingScene
17:01:26.509 [JavaFX Application Thread] DEBUG PrimaryStageWindow   - FXGLMainMenuDummyScene -> FXGLLoadingScene
17:01:26.509 [JavaFX Application Thread] DEBUG GameApplicationServi - Clearing previous game
17:01:26.509 [JavaFX Application Thread] DEBUG GameScene            - Clearing game scene
17:01:26.509 [JavaFX Application Thread] DEBUG GameWorld            - Clearing game world
17:01:26.509 [JavaFX Application Thread] DEBUG PhysicsWorld         - Clearing physics world
17:01:26.511 [FXGL Background Thread 2 ] DEBUG FXGLApplication      - Initializing game
17:01:26.551 [FXGL Background Thread 2 ] DEBUG FXGLAssetLoaderServi - Loading from file system: file:/E:/space_java/Game/game_datbom/target/classes/assets/textures/mapTexture/grass.png
17:01:26.560 [FXGL Background Thread 2 ] DEBUG FXGLAssetLoaderServi - Loading from file system: file:/E:/space_java/Game/game_datbom/target/classes/assets/textures/mapTexture/wall2.png
17:01:26.613 [FXGL Background Thread 2 ] DEBUG FXGLAssetLoaderServi - Loading from file system: file:/E:/space_java/Game/game_datbom/target/classes/assets/textures/gameItem/powerup_bombs.png
17:01:26.617 [FXGL Background Thread 2 ] DEBUG FXGLAssetLoaderServi - Loading from file system: file:/E:/space_java/Game/game_datbom/target/classes/assets/textures/gameItem/powerup_flamepass.png
17:01:26.623 [FXGL Background Thread 2 ] DEBUG FXGLAssetLoaderServi - Loading from file system: file:/E:/space_java/Game/game_datbom/target/classes/assets/textures/gameItem/powerup_flames.png
17:01:26.627 [FXGL Background Thread 2 ] DEBUG FXGLAssetLoaderServi - Loading from file system: file:/E:/space_java/Game/game_datbom/target/classes/assets/textures/gameItem/powerup_speed.png
17:01:26.668 [FXGL Background Thread 2 ] DEBUG FXGLAssetLoaderServi - Loading from file system: file:/E:/space_java/Game/game_datbom/target/classes/assets/textures/mapTexture%5cbrick.png
17:01:26.670 [FXGL Background Thread 2 ] DEBUG FXGLAssetLoaderServi - Loading from file system: file:/E:/space_java/Game/game_datbom/target/classes/assets/textures/mapTexture%5cbrick_break.png
17:01:26.770 [FXGL Background Thread 2 ] DEBUG FXGLAssetLoaderServi - Loading from file system: file:/E:/space_java/Game/game_datbom/target/classes/assets/textures/mapTexture/portal.png
17:01:26.849 [FXGL Background Thread 2 ] DEBUG FXGLAssetLoaderServi - Loading from file system: file:/E:/space_java/Game/game_datbom/target/classes/assets/textures/character/gold_player_dead.png
17:01:26.853 [FXGL Background Thread 2 ] DEBUG FXGLAssetLoaderServi - Loading from file system: file:/E:/space_java/Game/game_datbom/target/classes/assets/textures/character/gold_player_down.png
17:01:26.855 [FXGL Background Thread 2 ] DEBUG FXGLAssetLoaderServi - Loading from file system: file:/E:/space_java/Game/game_datbom/target/classes/assets/textures/character/gold_player_up.png
17:01:26.858 [FXGL Background Thread 2 ] DEBUG FXGLAssetLoaderServi - Loading from file system: file:/E:/space_java/Game/game_datbom/target/classes/assets/textures/character/gold_player_left_temp.png
17:01:26.863 [FXGL Background Thread 2 ] DEBUG FXGLAssetLoaderServi - Loading from file system: file:/E:/space_java/Game/game_datbom/target/classes/assets/textures/character/gold_player_right_temp.png
17:01:26.869 [FXGL Background Thread 2 ] DEBUG FXGLAssetLoaderServi - Loading from file system: file:/E:/space_java/Game/game_datbom/target/classes/assets/textures/enemy/balloon36.png
17:01:26.879 [FXGL Background Thread 2 ] INFO  FXGLApplication      - Game initialization took: 0.367 sec
17:01:26.881 [JavaFX Application Thread] DEBUG Input                - Clearing active input actions
17:01:26.897 [JavaFX Application Thread] DEBUG GameApplicationServi - Removing overlay from FXGLLoadingScene and adding to GameScene
17:01:26.901 [JavaFX Application Thread] DEBUG PrimaryStageWindow   - FXGLLoadingScene -> GameScene
17:02:01.486 [JavaFX Application Thread] DEBUG FXGLAssetLoaderServi - Loading from file system: file:/E:/space_java/Game/game_datbom/target/classes/assets/textures/character%5cbomb.png
17:02:01.489 [JavaFX Application Thread] DEBUG FXGLAssetLoaderServi - Loading from file system: file:/E:/space_java/Game/game_datbom/target/classes/assets/textures/flame%5cleft_flame.png
17:02:01.490 [JavaFX Application Thread] DEBUG FXGLAssetLoaderServi - Loading from file system: file:/E:/space_java/Game/game_datbom/target/classes/assets/textures/flame%5cup_flame.png
17:02:01.491 [JavaFX Application Thread] DEBUG FXGLAssetLoaderServi - Loading from file system: file:/E:/space_java/Game/game_datbom/target/classes/assets/textures/flame%5ccentral_flame.png
17:02:55.056 [JavaFX Application Thread] DEBUG Input                - Clearing active input actions
17:02:55.069 [JavaFX Application Thread] DEBUG GameApplicationServi - Removing overlay from GameScene and adding to FXGLMainMenuDummyScene
17:02:55.071 [JavaFX Application Thread] DEBUG PrimaryStageWindow   - GameScene -> FXGLMainMenuDummyScene
17:02:55.071 [JavaFX Application Thread] DEBUG PrimaryStageWindow   - Push state: MainMenu
17:02:55.072 [JavaFX Application Thread] DEBUG Input                - Clearing active input actions
17:02:55.072 [JavaFX Application Thread] DEBUG GameApplicationServi - Removing overlay from FXGLMainMenuDummyScene and adding to MainMenu
17:02:55.072 [JavaFX Application Thread] DEBUG PrimaryStageWindow   - FXGLMainMenuDummyScene -> MainMenu
17:02:56.589 [JavaFX Application Thread] DEBUG Menu                 - fireNewGame()
17:02:56.590 [JavaFX Application Thread] DEBUG GameApplicationServi - Starting new game
17:02:56.590 [JavaFX Application Thread] DEBUG PrimaryStageWindow   - Pop state: MainMenu
17:02:56.590 [JavaFX Application Thread] DEBUG Input                - Clearing active input actions
17:02:56.591 [JavaFX Application Thread] DEBUG GameApplicationServi - Removing overlay from MainMenu and adding to FXGLMainMenuDummyScene
17:02:56.593 [JavaFX Application Thread] DEBUG PrimaryStageWindow   - FXGLMainMenuDummyScene <- MainMenu
17:02:56.593 [JavaFX Application Thread] DEBUG Input                - Clearing active input actions
17:02:56.604 [JavaFX Application Thread] DEBUG GameApplicationServi - Removing overlay from FXGLMainMenuDummyScene and adding to FXGLLoadingScene
17:02:56.604 [JavaFX Application Thread] DEBUG PrimaryStageWindow   - FXGLMainMenuDummyScene -> FXGLLoadingScene
17:02:56.604 [JavaFX Application Thread] DEBUG GameApplicationServi - Clearing previous game
17:02:56.605 [JavaFX Application Thread] DEBUG GameScene            - Clearing game scene
17:02:56.605 [JavaFX Application Thread] DEBUG GameWorld            - Clearing game world
17:02:56.634 [JavaFX Application Thread] DEBUG PhysicsWorld         - Clearing physics world
17:02:56.635 [FXGL Background Thread 5 ] DEBUG FXGLApplication      - Initializing game
17:02:56.722 [FXGL Background Thread 5 ] INFO  FXGLApplication      - Game initialization took: 0.086 sec
17:02:56.736 [JavaFX Application Thread] DEBUG Input                - Clearing active input actions
17:02:56.743 [JavaFX Application Thread] DEBUG GameApplicationServi - Removing overlay from FXGLLoadingScene and adding to GameScene
17:02:56.744 [JavaFX Application Thread] DEBUG PrimaryStageWindow   - FXGLLoadingScene -> GameScene
17:03:02.352 [JavaFX Application Thread] DEBUG Input                - Clearing active input actions
17:03:02.359 [JavaFX Application Thread] DEBUG GameApplicationServi - Removing overlay from GameScene and adding to FXGLMainMenuDummyScene
17:03:02.361 [JavaFX Application Thread] DEBUG PrimaryStageWindow   - GameScene -> FXGLMainMenuDummyScene
17:03:02.361 [JavaFX Application Thread] DEBUG PrimaryStageWindow   - Push state: MainMenu
17:03:02.361 [JavaFX Application Thread] DEBUG Input                - Clearing active input actions
17:03:02.361 [JavaFX Application Thread] DEBUG GameApplicationServi - Removing overlay from FXGLMainMenuDummyScene and adding to MainMenu
17:03:02.362 [JavaFX Application Thread] DEBUG PrimaryStageWindow   - FXGLMainMenuDummyScene -> MainMenu
17:03:03.599 [JavaFX Application Thread] DEBUG Menu                 - fireNewGame()
17:03:03.599 [JavaFX Application Thread] DEBUG GameApplicationServi - Starting new game
17:03:03.599 [JavaFX Application Thread] DEBUG PrimaryStageWindow   - Pop state: MainMenu
17:03:03.600 [JavaFX Application Thread] DEBUG Input                - Clearing active input actions
17:03:03.600 [JavaFX Application Thread] DEBUG GameApplicationServi - Removing overlay from MainMenu and adding to FXGLMainMenuDummyScene
17:03:03.602 [JavaFX Application Thread] DEBUG PrimaryStageWindow   - FXGLMainMenuDummyScene <- MainMenu
17:03:03.602 [JavaFX Application Thread] DEBUG Input                - Clearing active input actions
17:03:03.609 [JavaFX Application Thread] DEBUG GameApplicationServi - Removing overlay from FXGLMainMenuDummyScene and adding to FXGLLoadingScene
17:03:03.609 [JavaFX Application Thread] DEBUG PrimaryStageWindow   - FXGLMainMenuDummyScene -> FXGLLoadingScene
17:03:03.609 [JavaFX Application Thread] DEBUG GameApplicationServi - Clearing previous game
17:03:03.609 [JavaFX Application Thread] DEBUG GameScene            - Clearing game scene
17:03:03.609 [JavaFX Application Thread] DEBUG GameWorld            - Clearing game world
17:03:03.618 [JavaFX Application Thread] DEBUG PhysicsWorld         - Clearing physics world
17:03:03.619 [FXGL Background Thread 5 ] DEBUG FXGLApplication      - Initializing game
17:03:03.690 [FXGL Background Thread 5 ] INFO  FXGLApplication      - Game initialization took: 0.071 sec
17:03:03.691 [JavaFX Application Thread] DEBUG Input                - Clearing active input actions
17:03:03.698 [JavaFX Application Thread] DEBUG GameApplicationServi - Removing overlay from FXGLLoadingScene and adding to GameScene
17:03:03.699 [JavaFX Application Thread] DEBUG PrimaryStageWindow   - FXGLLoadingScene -> GameScene
17:03:37.824 [JavaFX Application Thread] DEBUG Input                - Clearing active input actions
17:03:37.830 [JavaFX Application Thread] DEBUG GameApplicationServi - Removing overlay from GameScene and adding to FXGLMainMenuDummyScene
17:03:37.832 [JavaFX Application Thread] DEBUG PrimaryStageWindow   - GameScene -> FXGLMainMenuDummyScene
17:03:37.832 [JavaFX Application Thread] DEBUG PrimaryStageWindow   - Push state: MainMenu
17:03:37.832 [JavaFX Application Thread] DEBUG Input                - Clearing active input actions
17:03:37.832 [JavaFX Application Thread] DEBUG GameApplicationServi - Removing overlay from FXGLMainMenuDummyScene and adding to MainMenu
17:03:37.832 [JavaFX Application Thread] DEBUG PrimaryStageWindow   - FXGLMainMenuDummyScene -> MainMenu
17:03:41.411 [JavaFX Application Thread] DEBUG Menu                 - fireNewGame()
17:03:41.411 [JavaFX Application Thread] DEBUG GameApplicationServi - Starting new game
17:03:41.411 [JavaFX Application Thread] DEBUG PrimaryStageWindow   - Pop state: MainMenu
17:03:41.412 [JavaFX Application Thread] DEBUG Input                - Clearing active input actions
17:03:41.412 [JavaFX Application Thread] DEBUG GameApplicationServi - Removing overlay from MainMenu and adding to FXGLMainMenuDummyScene
17:03:41.413 [JavaFX Application Thread] DEBUG PrimaryStageWindow   - FXGLMainMenuDummyScene <- MainMenu
17:03:41.413 [JavaFX Application Thread] DEBUG Input                - Clearing active input actions
17:03:41.420 [JavaFX Application Thread] DEBUG GameApplicationServi - Removing overlay from FXGLMainMenuDummyScene and adding to FXGLLoadingScene
17:03:41.420 [JavaFX Application Thread] DEBUG PrimaryStageWindow   - FXGLMainMenuDummyScene -> FXGLLoadingScene
17:03:41.420 [JavaFX Application Thread] DEBUG GameApplicationServi - Clearing previous game
17:03:41.420 [JavaFX Application Thread] DEBUG GameScene            - Clearing game scene
17:03:41.420 [JavaFX Application Thread] DEBUG GameWorld            - Clearing game world
17:03:41.435 [JavaFX Application Thread] DEBUG PhysicsWorld         - Clearing physics world
17:03:41.436 [FXGL Background Thread 5 ] DEBUG FXGLApplication      - Initializing game
17:03:41.509 [FXGL Background Thread 5 ] INFO  FXGLApplication      - Game initialization took: 0.073 sec
17:03:41.509 [JavaFX Application Thread] DEBUG Input                - Clearing active input actions
17:03:41.514 [JavaFX Application Thread] DEBUG GameApplicationServi - Removing overlay from FXGLLoadingScene and adding to GameScene
17:03:41.515 [JavaFX Application Thread] DEBUG PrimaryStageWindow   - FXGLLoadingScene -> GameScene
17:03:47.761 [JavaFX Application Thread] DEBUG LoopRunner           - Stopping loop
17:03:47.764 [JavaFX Application Thread] FATAL FXGLApplication      - Uncaught Exception:
java.lang.IllegalArgumentException: Component AnimationComponent not found!
	at com.almasb.fxgl.entity.Entity.getComponent(Entity.java:366)
	at hellofx.Main.lambda$replay$4(Main.java:369)
	at com.almasb.fxgl.time.TimerAction.update(TimerAction.kt:69)
	at com.almasb.fxgl.time.Timer.update(Timer.kt:38)
	at com.almasb.fxgl.scene.Scene.update(Scene.kt:104)
	at com.almasb.fxgl.app.MainWindow$update$1.invoke(MainWindow.kt:115)
	at com.almasb.fxgl.app.MainWindow$update$1.invoke(MainWindow.kt:115)
	at com.almasb.fxgl.core.fsm.StateMachine.runOnActiveStates(StateMachine.kt:69)
	at com.almasb.fxgl.app.MainWindow.update(MainWindow.kt:115)
	at com.almasb.fxgl.app.FXGLApplication$GameApplicationService.onUpdate(FXGLApplication.kt:426)
	at com.almasb.fxgl.app.Engine.loop(Engine.kt:134)
	at com.almasb.fxgl.app.Engine.access$loop(Engine.kt:24)
	at com.almasb.fxgl.app.Engine$loop$1.invoke(Engine.kt:28)
	at com.almasb.fxgl.app.Engine$loop$1.invoke(Engine.kt:28)
	at com.almasb.fxgl.app.LoopRunner.frame(LoopRunner.kt:103)
	at com.almasb.fxgl.app.LoopRunner.access$frame(LoopRunner.kt:23)
	at com.almasb.fxgl.app.LoopRunner$impl$2$1.onTick(LoopRunner.kt:57)
	at com.almasb.fxgl.app.AnimationTimerLoop$timer$1.handle(LoopRunner.kt:137)
	at javafx.animation.AnimationTimer$AnimationTimerReceiver.lambda$handle$0(AnimationTimer.java:58)
	at java.base/java.security.AccessController.doPrivileged(AccessController.java:399)
	at javafx.animation.AnimationTimer$AnimationTimerReceiver.handle(AnimationTimer.java:57)
	at com.sun.scenario.animation.AbstractPrimaryTimer.timePulseImpl(AbstractPrimaryTimer.java:356)
	at com.sun.scenario.animation.AbstractPrimaryTimer$MainLoop.run(AbstractPrimaryTimer.java:266)
	at com.sun.javafx.tk.quantum.QuantumToolkit.pulse(QuantumToolkit.java:571)
	at com.sun.javafx.tk.quantum.QuantumToolkit.pulse(QuantumToolkit.java:555)
	at com.sun.javafx.tk.quantum.QuantumToolkit.pulseFromQueue(QuantumToolkit.java:548)
	at com.sun.javafx.tk.quantum.QuantumToolkit.lambda$runToolkit$11(QuantumToolkit.java:352)
	at com.sun.glass.ui.InvokeLaterDispatcher$Future.run(InvokeLaterDispatcher.java:96)
	at com.sun.glass.ui.win.WinApplication._runLoop(Native Method)
	at com.sun.glass.ui.win.WinApplication.lambda$runLoop$3(WinApplication.java:184)
	at java.base/java.lang.Thread.run(Thread.java:833)

17:03:47.765 [JavaFX Application Thread] FATAL FXGLApplication      - Application will now exit
17:03:47.777 [JavaFX Application Thread] DEBUG PrimaryStageWindow   - Push state: ErrorSubScene
17:03:47.777 [JavaFX Application Thread] DEBUG Input                - Clearing active input actions
17:03:47.777 [JavaFX Application Thread] DEBUG GameApplicationServi - Removing overlay from GameScene and adding to ErrorSubScene
17:03:47.778 [JavaFX Application Thread] DEBUG PrimaryStageWindow   - GameScene -> ErrorSubScene
17:03:54.750 [JavaFX Application Thread] DEBUG FXGLApplication      - Exiting FXGL
17:03:54.750 [JavaFX Application Thread] DEBUG Async                - Shutting down background threads
17:03:54.750 [JavaFX Application Thread] DEBUG PrimaryStageWindow   - Closing main window
17:03:54.785 [JavaFX Application Thread] DEBUG Logger               - Closing Logger
