10:09:31.852 [main                     ] DEBUG Logger               - Configured Logger
10:09:31.868 [main                     ] DEBUG GameApplication      - Logging settings
Title: Bomberman
Version: 1.0
Width: 1280
Height: 720
Fullscreen: false
Intro: false
Profiling: false
Single step:false
App Mode: DEVELOPER
Menu Key: ESCAPE
Stage Style: DECORATED
Scene Factory: class hellofx.Main$1

10:09:31.973 [JavaFX Application Thread] DEBUG FXGLApplication      - Initializing FXGL
10:09:31.979 [JavaFX Application Thread] INFO  Engine               - FXGL-17.1 (24.03.2022 17.34) on WINDOWS (J:18.0.2.1 FX:18)
10:09:31.980 [JavaFX Application Thread] DEBUG Engine               - JRE Vendor Name: Oracle Corporation
10:09:31.980 [JavaFX Application Thread] DEBUG Engine               - Running on OS: Windows 11 version 10.0
10:09:31.980 [JavaFX Application Thread] DEBUG Engine               - Architecture: amd64
10:09:31.980 [JavaFX Application Thread] INFO  Engine               - Source code and latest versions at: https://github.com/AlmasB/FXGL
10:09:31.981 [JavaFX Application Thread] INFO  Engine               -       Ask questions and discuss at: https://github.com/AlmasB/FXGL/discussions
10:09:31.981 [JavaFX Application Thread] INFO  Engine               -              Join the FXGL chat at: https://gitter.im/AlmasB/FXGL
10:09:32.037 [JavaFX Application Thread] DEBUG PrimaryStageWindow   - Creating a JavaFX scene
10:09:32.084 [JavaFX Application Thread] DEBUG PrimaryStageWindow   - Target settings size: 1280.0 x 720.0
10:09:32.085 [JavaFX Application Thread] DEBUG PrimaryStageWindow   - Scaled scene size:    1280.0 x 720.0
10:09:32.085 [JavaFX Application Thread] DEBUG PrimaryStageWindow   - Scaled ratio: (1.0, 1.0)
10:09:32.086 [JavaFX Application Thread] DEBUG PrimaryStageWindow   - Set initial scene to FXGLStartupScene
10:09:32.094 [JavaFX Application Thread] DEBUG PrimaryStageWindow   - Opening main window
10:09:32.193 [JavaFX Application Thread] DEBUG PrimaryStageWindow   - Window border size: (16.0, 39.0)
10:09:32.193 [JavaFX Application Thread] DEBUG PrimaryStageWindow   - Scaled size: 1280.0 x 720.0
10:09:32.193 [JavaFX Application Thread] DEBUG PrimaryStageWindow   - Scaled ratio: (1.0, 1.0)
10:09:32.194 [JavaFX Application Thread] DEBUG PrimaryStageWindow   - Scene size: 1280.0 x 720.0
10:09:32.194 [JavaFX Application Thread] DEBUG PrimaryStageWindow   - Stage size: 1296.0 x 759.0
10:09:32.204 [FXGL Background Thread 1 ] DEBUG Engine               - Initializing environment variables
10:09:32.276 [FXGL Background Thread 1 ] DEBUG FXGLAssetLoaderServi - User app class for loading assets: class hellofx.Main
10:09:32.277 [FXGL Background Thread 1 ] DEBUG GameApplicationServi - Applying CSS: fxgl_dark.css
10:09:32.278 [FXGL Background Thread 1 ] DEBUG FXGLAssetLoaderServi - Loading from file system: jar:file:/C:/Users/chaum/.m2/repository/com/github/almasb/fxgl/17.1/fxgl-17.1.jar!/fxglassets/ui/css/fxgl_dark.css
10:09:32.332 [FXGL Background Thread 1 ] DEBUG GameApplicationServi - Initializing application scenes
10:09:32.375 [FXGL Background Thread 1 ] DEBUG GameWorld            - Game world initialized
10:09:32.422 [FXGL Background Thread 1 ] DEBUG PhysicsWorld         - Physics world initialized: appHeight=720, physics.ppm=50.0
10:09:32.423 [FXGL Background Thread 1 ] DEBUG PhysicsWorld         - Using strategy: BRUTE_FORCE
10:09:32.427 [FXGL Background Thread 1 ] DEBUG GameScene            - Game scene initialized: 1280x720
10:09:32.504 [FXGL Background Thread 1 ] DEBUG GameApplicationServi - Application scenes initialized
10:09:32.521 [FXGL Background Thread 1 ] DEBUG SystemBundleService  - Loading FXGL system data
10:09:32.525 [FXGL Background Thread 1 ] DEBUG FileSystemAccess     - Reading from: E:\space_java\Game\game_datbom\system\fxgl.bundle
10:09:32.533 [FXGL Background Thread 1 ] DEBUG SystemBundleService  - Bundle FXGL: {}
10:09:32.533 [FXGL Background Thread 1 ] DEBUG UpdaterService       - Checking for updates
10:09:32.562 [FXGL Background Thread 4 ] DEBUG FXGLApplication      - Loading fonts
10:09:32.563 [FXGL Background Thread 1 ] DEBUG FXGLApplication      - Loading default localization
10:09:32.563 [FXGL Background Thread 4 ] DEBUG FXGLAssetLoaderServi - Loading from file system: jar:file:/C:/Users/chaum/.m2/repository/com/github/almasb/fxgl/17.1/fxgl-17.1.jar!/fxglassets/ui/fonts/VarelaRound-Regular.ttf
10:09:32.563 [FXGL Background Thread 1 ] DEBUG FXGLAssetLoaderServi - Loading from file system: jar:file:/C:/Users/chaum/.m2/repository/com/github/almasb/fxgl/17.1/fxgl-17.1.jar!/fxglassets/languages/english.lang
10:09:32.584 [FXGL Background Thread 1 ] INFO  FXGLApplication      - FXGL initialization took: 0.379 sec
10:09:32.596 [JavaFX Application Thread] DEBUG Input                - Registered new binding: action0 - F
10:09:32.597 [JavaFX Application Thread] DEBUG Input                - Registered new binding: action1 - G
10:09:32.597 [JavaFX Application Thread] DEBUG Input                - Registered new binding: action2 - R
10:09:32.598 [JavaFX Application Thread] DEBUG Input                - Registered new binding: action3 - T
10:09:32.598 [JavaFX Application Thread] DEBUG Input                - Registered new binding: Right - D
10:09:32.598 [JavaFX Application Thread] DEBUG Input                - Registered new binding: Left - A
10:09:32.598 [JavaFX Application Thread] DEBUG Input                - Registered new binding: Up - W
10:09:32.598 [JavaFX Application Thread] DEBUG Input                - Registered new binding: Down - S
10:09:32.599 [JavaFX Application Thread] DEBUG Input                - Registered new binding: Place boom - Space
10:09:32.599 [JavaFX Application Thread] DEBUG FXGLAssetLoaderServi - Loading from file system: file:/E:/space_java/Game/game_datbom/target/classes/assets/textures/icon/icon.png
10:09:32.642 [FXGL Background Thread 4 ] DEBUG FXGLAssetLoaderServi - Loading from file system: jar:file:/C:/Users/chaum/.m2/repository/com/github/almasb/fxgl/17.1/fxgl-17.1.jar!/fxglassets/ui/fonts/Abel-Regular.ttf
10:09:32.646 [FXGL Background Thread 4 ] DEBUG FXGLAssetLoaderServi - Loading from file system: jar:file:/C:/Users/chaum/.m2/repository/com/github/almasb/fxgl/17.1/fxgl-17.1.jar!/fxglassets/ui/fonts/TerminalLandMono-Regular.otf
10:09:32.649 [FXGL Background Thread 4 ] DEBUG FXGLAssetLoaderServi - Loading from file system: jar:file:/C:/Users/chaum/.m2/repository/com/github/almasb/fxgl/17.1/fxgl-17.1.jar!/fxglassets/ui/fonts/Courier-Prime.ttf
10:09:32.667 [JavaFX Application Thread] DEBUG FXGLAssetLoaderServi - Loading from file system: file:/E:/space_java/Game/game_datbom/target/classes/assets/textures/cursor/cursor1.png
10:09:32.681 [JavaFX Application Thread] DEBUG Input                - Registered new binding: Screenshot - CTRL+8
10:09:32.683 [JavaFX Application Thread] DEBUG Input                - Registered new binding: Dev Options - 1
10:09:32.684 [JavaFX Application Thread] DEBUG Input                - Registered new binding: Dev Console - 2
10:09:32.684 [JavaFX Application Thread] DEBUG Input                - Registered new binding: System info dump - CTRL+9
10:09:32.684 [JavaFX Application Thread] DEBUG Input                - Registered new binding: Restart - CTRL+R
10:09:32.686 [JavaFX Application Thread] DEBUG Input                - Registered new binding: Toggle Debug Camera - CTRL+7
10:09:32.689 [JavaFX Application Thread] DEBUG LoopRunner           - Starting loop
10:09:32.704 [JavaFX Application Thread] DEBUG LoopRunner           - Initializing JavaFX AnimationTimerLoop
10:09:32.706 [JavaFX Application Thread] DEBUG Input                - Clearing active input actions
10:09:32.714 [JavaFX Application Thread] DEBUG GameApplicationServi - Removing overlay from FXGLStartupScene and adding to FXGLMainMenuDummyScene
10:09:32.718 [JavaFX Application Thread] DEBUG PrimaryStageWindow   - FXGLStartupScene -> FXGLMainMenuDummyScene
10:09:32.719 [JavaFX Application Thread] DEBUG PrimaryStageWindow   - Push state: MainMenu
10:09:32.719 [JavaFX Application Thread] DEBUG Input                - Clearing active input actions
10:09:32.722 [JavaFX Application Thread] DEBUG GameApplicationServi - Removing overlay from FXGLMainMenuDummyScene and adding to MainMenu
10:09:32.722 [JavaFX Application Thread] DEBUG PrimaryStageWindow   - FXGLMainMenuDummyScene -> MainMenu
10:09:32.723 [JavaFX Application Thread] DEBUG FXGLApplication      - Registering font factories with UI factory
10:09:33.121 [FXGL Background Thread 2 ] INFO  UpdaterService       - Your current version:  17.1
10:09:33.121 [FXGL Background Thread 2 ] INFO  UpdaterService       - Latest stable version: 17.2
10:09:33.984 [JavaFX Application Thread] DEBUG Menu                 - fireNewGame()
10:09:33.985 [JavaFX Application Thread] DEBUG GameApplicationServi - Starting new game
10:09:33.985 [JavaFX Application Thread] DEBUG PrimaryStageWindow   - Pop state: MainMenu
10:09:33.985 [JavaFX Application Thread] DEBUG Input                - Clearing active input actions
10:09:33.988 [JavaFX Application Thread] DEBUG GameApplicationServi - Removing overlay from MainMenu and adding to FXGLMainMenuDummyScene
10:09:33.993 [JavaFX Application Thread] DEBUG PrimaryStageWindow   - FXGLMainMenuDummyScene <- MainMenu
10:09:33.994 [JavaFX Application Thread] DEBUG Input                - Clearing active input actions
10:09:34.002 [JavaFX Application Thread] DEBUG GameApplicationServi - Removing overlay from FXGLMainMenuDummyScene and adding to FXGLLoadingScene
10:09:34.002 [JavaFX Application Thread] DEBUG PrimaryStageWindow   - FXGLMainMenuDummyScene -> FXGLLoadingScene
10:09:34.002 [JavaFX Application Thread] DEBUG GameApplicationServi - Clearing previous game
10:09:34.003 [JavaFX Application Thread] DEBUG GameScene            - Clearing game scene
10:09:34.003 [JavaFX Application Thread] DEBUG GameWorld            - Clearing game world
10:09:34.003 [JavaFX Application Thread] DEBUG PhysicsWorld         - Clearing physics world
10:09:34.005 [FXGL Background Thread 2 ] DEBUG FXGLApplication      - Initializing game
10:09:34.048 [FXGL Background Thread 2 ] DEBUG FXGLAssetLoaderServi - Loading from file system: file:/E:/space_java/Game/game_datbom/target/classes/assets/textures/mapTexture/grass.png
10:09:34.055 [FXGL Background Thread 2 ] DEBUG FXGLAssetLoaderServi - Loading from file system: file:/E:/space_java/Game/game_datbom/target/classes/assets/textures/mapTexture/wall2.png
10:09:34.107 [FXGL Background Thread 2 ] DEBUG FXGLAssetLoaderServi - Loading from file system: file:/E:/space_java/Game/game_datbom/target/classes/assets/textures/gameItem/powerup_bombs.png
10:09:34.110 [FXGL Background Thread 2 ] DEBUG FXGLAssetLoaderServi - Loading from file system: file:/E:/space_java/Game/game_datbom/target/classes/assets/textures/gameItem/powerup_flamepass.png
10:09:34.116 [FXGL Background Thread 2 ] DEBUG FXGLAssetLoaderServi - Loading from file system: file:/E:/space_java/Game/game_datbom/target/classes/assets/textures/gameItem/powerup_flames.png
10:09:34.122 [FXGL Background Thread 2 ] DEBUG FXGLAssetLoaderServi - Loading from file system: file:/E:/space_java/Game/game_datbom/target/classes/assets/textures/gameItem/powerup_speed.png
10:09:34.171 [FXGL Background Thread 2 ] DEBUG FXGLAssetLoaderServi - Loading from file system: file:/E:/space_java/Game/game_datbom/target/classes/assets/textures/mapTexture%5cbrick.png
10:09:34.174 [FXGL Background Thread 2 ] DEBUG FXGLAssetLoaderServi - Loading from file system: file:/E:/space_java/Game/game_datbom/target/classes/assets/textures/mapTexture%5cbrick_break.png
10:09:34.255 [FXGL Background Thread 2 ] DEBUG FXGLAssetLoaderServi - Loading from file system: file:/E:/space_java/Game/game_datbom/target/classes/assets/textures/mapTexture/portal.png
10:09:34.355 [FXGL Background Thread 2 ] DEBUG FXGLAssetLoaderServi - Loading from file system: file:/E:/space_java/Game/game_datbom/target/classes/assets/textures/character%5cbomb.png
10:09:34.360 [FXGL Background Thread 2 ] DEBUG FXGLAssetLoaderServi - Loading from file system: file:/E:/space_java/Game/game_datbom/target/classes/assets/textures/character/gold_player_dead.png
10:09:34.362 [FXGL Background Thread 2 ] DEBUG FXGLAssetLoaderServi - Loading from file system: file:/E:/space_java/Game/game_datbom/target/classes/assets/textures/character/gold_player_down.png
10:09:34.363 [FXGL Background Thread 2 ] DEBUG FXGLAssetLoaderServi - Loading from file system: file:/E:/space_java/Game/game_datbom/target/classes/assets/textures/character/gold_player_up.png
10:09:34.365 [FXGL Background Thread 2 ] DEBUG FXGLAssetLoaderServi - Loading from file system: file:/E:/space_java/Game/game_datbom/target/classes/assets/textures/character/gold_player_left_temp.png
10:09:34.369 [FXGL Background Thread 2 ] DEBUG FXGLAssetLoaderServi - Loading from file system: file:/E:/space_java/Game/game_datbom/target/classes/assets/textures/character/gold_player_right_temp.png
10:09:34.375 [FXGL Background Thread 2 ] INFO  FXGLApplication      - Game initialization took: 0.369 sec
10:09:34.376 [JavaFX Application Thread] DEBUG Input                - Clearing active input actions
10:09:34.389 [JavaFX Application Thread] DEBUG GameApplicationServi - Removing overlay from FXGLLoadingScene and adding to GameScene
10:09:34.391 [JavaFX Application Thread] DEBUG PrimaryStageWindow   - FXGLLoadingScene -> GameScene
10:09:35.562 [FXGL Background Thread 3 ] DEBUG Engine               - Logging environment variables
10:09:35.562 [FXGL Background Thread 3 ] DEBUG Engine               - achievements: []
10:09:35.562 [FXGL Background Thread 3 ] DEBUG Engine               - actualHeight: 720.0
10:09:35.563 [FXGL Background Thread 3 ] DEBUG Engine               - actualHeightProperty: ReadOnlyDoubleProperty [value: 720.0]
10:09:35.563 [FXGL Background Thread 3 ] DEBUG Engine               - actualWidth: 1280.0
10:09:35.563 [FXGL Background Thread 3 ] DEBUG Engine               - actualWidthProperty: ReadOnlyDoubleProperty [value: 1280.0]
10:09:35.563 [FXGL Background Thread 3 ] DEBUG Engine               - appIcon: icon/icon.png
10:09:35.563 [FXGL Background Thread 3 ] DEBUG Engine               - applicationMode: DEVELOPER
10:09:35.564 [FXGL Background Thread 3 ] DEBUG Engine               - cSSList: [fxgl_dark.css]
10:09:35.564 [FXGL Background Thread 3 ] DEBUG Engine               - collisionDetectionStrategy: BRUTE_FORCE
10:09:35.564 [FXGL Background Thread 3 ] DEBUG Engine               - configClass: Optional.empty
10:09:35.564 [FXGL Background Thread 3 ] DEBUG Engine               - credits: []
10:09:35.566 [FXGL Background Thread 3 ] DEBUG Engine               - defaultCursor: CursorInfo(imageName=cursor/cursor1.png, hotspotX=0.0, hotspotY=0.0)
10:09:35.567 [FXGL Background Thread 3 ] DEBUG Engine               - devBBoxColorProperty: ObjectProperty [value: 0xff0000ff]
10:09:35.567 [FXGL Background Thread 3 ] DEBUG Engine               - devEnableDebugCameraProperty: BooleanProperty [value: false]
10:09:35.567 [FXGL Background Thread 3 ] DEBUG Engine               - devSensorColorProperty: ObjectProperty [value: 0xffff00ff]
10:09:35.567 [FXGL Background Thread 3 ] DEBUG Engine               - devShowBBoxProperty: BooleanProperty [value: false]
10:09:35.567 [FXGL Background Thread 3 ] DEBUG Engine               - devShowPositionProperty: BooleanProperty [value: false]
10:09:35.568 [FXGL Background Thread 3 ] DEBUG Engine               - enabledMenuItems: []
10:09:35.568 [FXGL Background Thread 3 ] DEBUG Engine               - engineServices: [class com.almasb.fxgl.app.services.FXGLAssetLoaderService, class com.almasb.fxgl.app.FXGLApplication$GameApplicationService, class com.almasb.fxgl.app.services.FXGLDialogService, class com.almasb.fxgl.app.services.IOTaskExecutorService, class com.almasb.fxgl.io.FileSystemService, class com.almasb.fxgl.localization.LocalizationService, class com.almasb.fxgl.app.services.SystemBundleService, class com.almasb.fxgl.profile.SaveLoadService, class com.almasb.fxgl.ui.FXGLUIFactoryServiceProvider, class com.almasb.fxgl.ui.FXGLDialogFactoryServiceProvider, class com.almasb.fxgl.audio.AudioPlayer, class com.almasb.fxgl.notification.impl.NotificationServiceProvider, class com.almasb.fxgl.achievement.AchievementService, class com.almasb.fxgl.cutscene.CutsceneService, class com.almasb.fxgl.minigames.MiniGameService, class com.almasb.fxgl.net.NetService, class com.almasb.fxgl.app.services.UpdaterService, class com.almasb.fxgl.dev.DevService]
10:09:35.568 [FXGL Background Thread 3 ] DEBUG Engine               - fontGame: Abel-Regular.ttf
10:09:35.568 [FXGL Background Thread 3 ] DEBUG Engine               - fontMono: TerminalLandMono-Regular.otf
10:09:35.568 [FXGL Background Thread 3 ] DEBUG Engine               - fontText: Courier-Prime.ttf
10:09:35.568 [FXGL Background Thread 3 ] DEBUG Engine               - fontUI: VarelaRound-Regular.ttf
10:09:35.569 [FXGL Background Thread 3 ] DEBUG Engine               - fullScreen: BooleanProperty [value: false]
10:09:35.569 [FXGL Background Thread 3 ] DEBUG Engine               - gameDifficulty: MEDIUM
10:09:35.569 [FXGL Background Thread 3 ] DEBUG Engine               - gameDifficultyProperty: ObjectProperty [value: MEDIUM]
10:09:35.569 [FXGL Background Thread 3 ] DEBUG Engine               - globalMusicVolume: 0.5
10:09:35.569 [FXGL Background Thread 3 ] DEBUG Engine               - globalMusicVolumeProperty: DoubleProperty [value: 0.5]
10:09:35.569 [FXGL Background Thread 3 ] DEBUG Engine               - globalSoundVolume: 0.5
10:09:35.569 [FXGL Background Thread 3 ] DEBUG Engine               - globalSoundVolumeProperty: DoubleProperty [value: 0.5]
10:09:35.569 [FXGL Background Thread 3 ] DEBUG Engine               - height: 720
10:09:35.570 [FXGL Background Thread 3 ] DEBUG Engine               - is3D: false
10:09:35.570 [FXGL Background Thread 3 ] DEBUG Engine               - isAndroid: false
10:09:35.570 [FXGL Background Thread 3 ] DEBUG Engine               - isBrowser: false
10:09:35.570 [FXGL Background Thread 3 ] DEBUG Engine               - isClickFeedbackEnabled: false
10:09:35.570 [FXGL Background Thread 3 ] DEBUG Engine               - isCloseConfirmation: false
10:09:35.570 [FXGL Background Thread 3 ] DEBUG Engine               - isDesktop: true
10:09:35.570 [FXGL Background Thread 3 ] DEBUG Engine               - isDeveloperMenuEnabled: true
10:09:35.570 [FXGL Background Thread 3 ] DEBUG Engine               - isEmbedded: false
10:09:35.570 [FXGL Background Thread 3 ] DEBUG Engine               - isEntityPreloadEnabled: true
10:09:35.570 [FXGL Background Thread 3 ] DEBUG Engine               - isExperimentalTiledLargeMap: false
10:09:35.570 [FXGL Background Thread 3 ] DEBUG Engine               - isFileSystemWriteAllowed: true
10:09:35.570 [FXGL Background Thread 3 ] DEBUG Engine               - isFullScreenAllowed: false
10:09:35.571 [FXGL Background Thread 3 ] DEBUG Engine               - isFullScreenFromStart: false
10:09:35.571 [FXGL Background Thread 3 ] DEBUG Engine               - isGameMenuEnabled: true
10:09:35.571 [FXGL Background Thread 3 ] DEBUG Engine               - isIOS: false
10:09:35.571 [FXGL Background Thread 3 ] DEBUG Engine               - isIntroEnabled: false
10:09:35.571 [FXGL Background Thread 3 ] DEBUG Engine               - isLinux: false
10:09:35.571 [FXGL Background Thread 3 ] DEBUG Engine               - isMac: false
10:09:35.571 [FXGL Background Thread 3 ] DEBUG Engine               - isMainMenuEnabled: true
10:09:35.571 [FXGL Background Thread 3 ] DEBUG Engine               - isManualResizeEnabled: false
10:09:35.571 [FXGL Background Thread 3 ] DEBUG Engine               - isMobile: false
10:09:35.571 [FXGL Background Thread 3 ] DEBUG Engine               - isNative: false
10:09:35.571 [FXGL Background Thread 3 ] DEBUG Engine               - isPauseMusicWhenMinimized: true
10:09:35.571 [FXGL Background Thread 3 ] DEBUG Engine               - isPreserveResizeRatio: false
10:09:35.572 [FXGL Background Thread 3 ] DEBUG Engine               - isProfilingEnabled: false
10:09:35.572 [FXGL Background Thread 3 ] DEBUG Engine               - isScaleAffectedOnResize: true
10:09:35.572 [FXGL Background Thread 3 ] DEBUG Engine               - isSingleStep: false
10:09:35.572 [FXGL Background Thread 3 ] DEBUG Engine               - isUserProfileEnabled: false
10:09:35.572 [FXGL Background Thread 3 ] DEBUG Engine               - isWindows: true
10:09:35.572 [FXGL Background Thread 3 ] DEBUG Engine               - language: ObjectProperty [value: ENGLISH]
10:09:35.572 [FXGL Background Thread 3 ] DEBUG Engine               - menuKey: ESCAPE
10:09:35.572 [FXGL Background Thread 3 ] DEBUG Engine               - mouseSensitivity: 0.2
10:09:35.572 [FXGL Background Thread 3 ] DEBUG Engine               - notificationViewClass: class com.almasb.fxgl.notification.view.XboxNotificationView
10:09:35.572 [FXGL Background Thread 3 ] DEBUG Engine               - pixelsPerMeter: 50.0
10:09:35.572 [FXGL Background Thread 3 ] DEBUG Engine               - platform: WINDOWS
10:09:35.572 [FXGL Background Thread 3 ] DEBUG Engine               - prefHeightProperty: ReadOnlyDoubleProperty [value: 720.0]
10:09:35.573 [FXGL Background Thread 3 ] DEBUG Engine               - prefWidthProperty: ReadOnlyDoubleProperty [value: 1280.0]
10:09:35.573 [FXGL Background Thread 3 ] DEBUG Engine               - profileDir: profiles/
10:09:35.573 [FXGL Background Thread 3 ] DEBUG Engine               - profileName: StringProperty [value: DEFAULT]
10:09:35.573 [FXGL Background Thread 3 ] DEBUG Engine               - randomSeed: -1
10:09:35.573 [FXGL Background Thread 3 ] DEBUG Engine               - runtimeInfo: RuntimeInfo(platform=WINDOWS, version=17.1, build=24.03.2022 17.34)
10:09:35.573 [FXGL Background Thread 3 ] DEBUG Engine               - saveFileExt: sav
10:09:35.573 [FXGL Background Thread 3 ] DEBUG Engine               - scaledHeightProp$fxgl: DoubleProperty [bound, value: 720.0]
10:09:35.573 [FXGL Background Thread 3 ] DEBUG Engine               - scaledWidthProp$fxgl: DoubleProperty [bound, value: 1280.0]
10:09:35.573 [FXGL Background Thread 3 ] DEBUG Engine               - sceneFactory: hellofx.Main$1@2fe364c9
10:09:35.574 [FXGL Background Thread 3 ] DEBUG Engine               - secondsIn24h: 60
10:09:35.574 [FXGL Background Thread 3 ] DEBUG Engine               - soundMenuBack: menu/back.wav
10:09:35.574 [FXGL Background Thread 3 ] DEBUG Engine               - soundMenuPress: menu/press.wav
10:09:35.574 [FXGL Background Thread 3 ] DEBUG Engine               - soundMenuSelect: menu/select.wav
10:09:35.574 [FXGL Background Thread 3 ] DEBUG Engine               - soundNotification: core/notification.wav
10:09:35.574 [FXGL Background Thread 3 ] DEBUG Engine               - stageStyle: DECORATED
10:09:35.574 [FXGL Background Thread 3 ] DEBUG Engine               - supportedLanguages: [ENGLISH, FRENCH, GERMAN, HUNGARIAN, RUSSIAN]
10:09:35.574 [FXGL Background Thread 3 ] DEBUG Engine               - ticksPerSecond: -1
10:09:35.574 [FXGL Background Thread 3 ] DEBUG Engine               - title: Bomberman
10:09:35.574 [FXGL Background Thread 3 ] DEBUG Engine               - urlGithub: https://github.com/AlmasB/FXGL
10:09:35.574 [FXGL Background Thread 3 ] DEBUG Engine               - urlLeaderboard: http://fxgl-top.herokuapp.com/
10:09:35.574 [FXGL Background Thread 3 ] DEBUG Engine               - urlPOM: https://raw.githubusercontent.com/AlmasB/FXGL/release/README.md
10:09:35.574 [FXGL Background Thread 3 ] DEBUG Engine               - userAppClass: class hellofx.Main
10:09:35.574 [FXGL Background Thread 3 ] DEBUG Engine               - version: 1.0
10:09:35.574 [FXGL Background Thread 3 ] DEBUG Engine               - versionCheckDays: 7
10:09:35.574 [FXGL Background Thread 3 ] DEBUG Engine               - width: 1280
10:09:35.574 [FXGL Background Thread 3 ] DEBUG Engine               - Logging services
10:09:35.575 [FXGL Background Thread 3 ] DEBUG Engine               - class com.almasb.fxgl.app.services.FXGLAssetLoaderService
10:09:35.575 [FXGL Background Thread 3 ] DEBUG Engine               - class com.almasb.fxgl.app.FXGLApplication$GameApplicationService
10:09:35.575 [FXGL Background Thread 3 ] DEBUG Engine               - class com.almasb.fxgl.app.services.FXGLDialogService
10:09:35.575 [FXGL Background Thread 3 ] DEBUG Engine               - class com.almasb.fxgl.app.services.IOTaskExecutorService
10:09:35.575 [FXGL Background Thread 3 ] DEBUG Engine               - class com.almasb.fxgl.io.FileSystemService
10:09:35.575 [FXGL Background Thread 3 ] DEBUG Engine               - class com.almasb.fxgl.localization.LocalizationService
10:09:35.575 [FXGL Background Thread 3 ] DEBUG Engine               - class com.almasb.fxgl.app.services.SystemBundleService
10:09:35.575 [FXGL Background Thread 3 ] DEBUG Engine               - class com.almasb.fxgl.profile.SaveLoadService
10:09:35.575 [FXGL Background Thread 3 ] DEBUG Engine               - class com.almasb.fxgl.ui.FXGLUIFactoryServiceProvider
10:09:35.575 [FXGL Background Thread 3 ] DEBUG Engine               - class com.almasb.fxgl.ui.FXGLDialogFactoryServiceProvider
10:09:35.575 [FXGL Background Thread 3 ] DEBUG Engine               - class com.almasb.fxgl.audio.AudioPlayer
10:09:35.575 [FXGL Background Thread 3 ] DEBUG Engine               - class com.almasb.fxgl.notification.impl.NotificationServiceProvider
10:09:35.575 [FXGL Background Thread 3 ] DEBUG Engine               - class com.almasb.fxgl.achievement.AchievementService
10:09:35.576 [FXGL Background Thread 3 ] DEBUG Engine               - class com.almasb.fxgl.cutscene.CutsceneService
10:09:35.576 [FXGL Background Thread 3 ] DEBUG Engine               - class com.almasb.fxgl.minigames.MiniGameService
10:09:35.576 [FXGL Background Thread 3 ] DEBUG Engine               - class com.almasb.fxgl.net.NetService
10:09:35.576 [FXGL Background Thread 3 ] DEBUG Engine               - class com.almasb.fxgl.app.services.UpdaterService
10:09:35.576 [FXGL Background Thread 3 ] DEBUG Engine               - class com.almasb.fxgl.dev.DevService
10:09:38.559 [JavaFX Application Thread] DEBUG FXGLApplication      - Exiting FXGL
10:09:38.559 [JavaFX Application Thread] DEBUG LoopRunner           - Stopping loop
10:09:38.559 [JavaFX Application Thread] DEBUG SystemBundleService  - Saving FXGL system data
10:09:38.562 [JavaFX Application Thread] DEBUG FileSystemAccess     - Writing to: E:\space_java\Game\game_datbom\system\fxgl.bundle
10:09:38.567 [JavaFX Application Thread] DEBUG Async                - Shutting down background threads
10:09:38.568 [JavaFX Application Thread] DEBUG PrimaryStageWindow   - Closing main window
10:09:38.592 [JavaFX Application Thread] DEBUG Logger               - Closing Logger
