16:07:35.789 [main                     ] DEBUG Logger               - Configured Logger
16:07:35.808 [main                     ] DEBUG GameApplication      - Logging settings
Title: Bomberman
Version: 1.0
Width: 1280
Height: 720
Fullscreen: false
Intro: false
Profiling: false
Single step:false
App Mode: DEVELOPER
Menu Key: ESCAPE
Stage Style: DECORATED
Scene Factory: class hellofx.Main$1

16:07:35.958 [JavaFX Application Thread] DEBUG FXGLApplication      - Initializing FXGL
16:07:35.966 [JavaFX Application Thread] INFO  Engine               - FXGL-17.1 (24.03.2022 17.34) on WINDOWS (J:18.0.2.1 FX:18)
16:07:35.966 [JavaFX Application Thread] DEBUG Engine               - JRE Vendor Name: Oracle Corporation
16:07:35.968 [JavaFX Application Thread] DEBUG Engine               - Running on OS: Windows 11 version 10.0
16:07:35.968 [JavaFX Application Thread] DEBUG Engine               - Architecture: amd64
16:07:35.968 [JavaFX Application Thread] INFO  Engine               - Source code and latest versions at: https://github.com/AlmasB/FXGL
16:07:35.968 [JavaFX Application Thread] INFO  Engine               -       Ask questions and discuss at: https://github.com/AlmasB/FXGL/discussions
16:07:35.968 [JavaFX Application Thread] INFO  Engine               -              Join the FXGL chat at: https://gitter.im/AlmasB/FXGL
16:07:36.050 [JavaFX Application Thread] DEBUG PrimaryStageWindow   - Creating a JavaFX scene
16:07:36.114 [JavaFX Application Thread] DEBUG PrimaryStageWindow   - Target settings size: 1280.0 x 720.0
16:07:36.115 [JavaFX Application Thread] DEBUG PrimaryStageWindow   - Scaled scene size:    1280.0 x 720.0
16:07:36.115 [JavaFX Application Thread] DEBUG PrimaryStageWindow   - Scaled ratio: (1.0, 1.0)
16:07:36.116 [JavaFX Application Thread] DEBUG PrimaryStageWindow   - Set initial scene to FXGLStartupScene
16:07:36.124 [JavaFX Application Thread] DEBUG PrimaryStageWindow   - Opening main window
16:07:36.224 [JavaFX Application Thread] DEBUG PrimaryStageWindow   - Window border size: (16.0, 39.0)
16:07:36.224 [JavaFX Application Thread] DEBUG PrimaryStageWindow   - Scaled size: 1280.0 x 720.0
16:07:36.225 [JavaFX Application Thread] DEBUG PrimaryStageWindow   - Scaled ratio: (1.0, 1.0)
16:07:36.225 [JavaFX Application Thread] DEBUG PrimaryStageWindow   - Scene size: 1280.0 x 720.0
16:07:36.225 [JavaFX Application Thread] DEBUG PrimaryStageWindow   - Stage size: 1296.0 x 759.0
16:07:36.236 [FXGL Background Thread 1 ] DEBUG Engine               - Initializing environment variables
16:07:36.308 [FXGL Background Thread 1 ] DEBUG FXGLAssetLoaderServi - User app class for loading assets: class hellofx.Main
16:07:36.308 [FXGL Background Thread 1 ] DEBUG GameApplicationServi - Applying CSS: fxgl_dark.css
16:07:36.310 [FXGL Background Thread 1 ] DEBUG FXGLAssetLoaderServi - Loading from file system: jar:file:/C:/Users/chaum/.m2/repository/com/github/almasb/fxgl/17.1/fxgl-17.1.jar!/fxglassets/ui/css/fxgl_dark.css
16:07:36.359 [FXGL Background Thread 1 ] DEBUG GameApplicationServi - Initializing application scenes
16:07:36.414 [FXGL Background Thread 1 ] DEBUG GameWorld            - Game world initialized
16:07:36.478 [FXGL Background Thread 1 ] DEBUG PhysicsWorld         - Physics world initialized: appHeight=720, physics.ppm=50.0
16:07:36.479 [FXGL Background Thread 1 ] DEBUG PhysicsWorld         - Using strategy: BRUTE_FORCE
16:07:36.483 [FXGL Background Thread 1 ] DEBUG GameScene            - Game scene initialized: 1280x720
16:07:36.561 [FXGL Background Thread 1 ] DEBUG GameApplicationServi - Application scenes initialized
16:07:36.573 [FXGL Background Thread 1 ] DEBUG SystemBundleService  - Loading FXGL system data
16:07:36.577 [FXGL Background Thread 1 ] DEBUG FileSystemAccess     - Reading from: E:\space_java\Game\game_datbom\system\fxgl.bundle
16:07:36.591 [FXGL Background Thread 1 ] DEBUG SystemBundleService  - Bundle FXGL: {}
16:07:36.591 [FXGL Background Thread 1 ] DEBUG UpdaterService       - Checking for updates
16:07:36.631 [FXGL Background Thread 4 ] DEBUG FXGLApplication      - Loading fonts
16:07:36.632 [FXGL Background Thread 4 ] DEBUG FXGLAssetLoaderServi - Loading from file system: jar:file:/C:/Users/chaum/.m2/repository/com/github/almasb/fxgl/17.1/fxgl-17.1.jar!/fxglassets/ui/fonts/VarelaRound-Regular.ttf
16:07:36.632 [FXGL Background Thread 1 ] DEBUG FXGLApplication      - Loading default localization
16:07:36.633 [FXGL Background Thread 1 ] DEBUG FXGLAssetLoaderServi - Loading from file system: jar:file:/C:/Users/chaum/.m2/repository/com/github/almasb/fxgl/17.1/fxgl-17.1.jar!/fxglassets/languages/english.lang
16:07:36.664 [FXGL Background Thread 1 ] INFO  FXGLApplication      - FXGL initialization took: 0.428 sec
16:07:36.674 [JavaFX Application Thread] DEBUG Input                - Registered new binding: action0 - F
16:07:36.675 [JavaFX Application Thread] DEBUG Input                - Registered new binding: action1 - G
16:07:36.676 [JavaFX Application Thread] DEBUG Input                - Registered new binding: action2 - R
16:07:36.676 [JavaFX Application Thread] DEBUG Input                - Registered new binding: action3 - T
16:07:36.676 [JavaFX Application Thread] DEBUG Input                - Registered new binding: Right - D
16:07:36.676 [JavaFX Application Thread] DEBUG Input                - Registered new binding: Left - A
16:07:36.677 [JavaFX Application Thread] DEBUG Input                - Registered new binding: Up - W
16:07:36.677 [JavaFX Application Thread] DEBUG Input                - Registered new binding: Down - S
16:07:36.677 [JavaFX Application Thread] DEBUG Input                - Registered new binding: Place boom - Space
16:07:36.677 [JavaFX Application Thread] DEBUG FXGLAssetLoaderServi - Loading from file system: file:/E:/space_java/Game/game_datbom/target/classes/assets/textures/icon/icon.png
16:07:36.706 [FXGL Background Thread 4 ] DEBUG FXGLAssetLoaderServi - Loading from file system: jar:file:/C:/Users/chaum/.m2/repository/com/github/almasb/fxgl/17.1/fxgl-17.1.jar!/fxglassets/ui/fonts/Abel-Regular.ttf
16:07:36.711 [FXGL Background Thread 4 ] DEBUG FXGLAssetLoaderServi - Loading from file system: jar:file:/C:/Users/chaum/.m2/repository/com/github/almasb/fxgl/17.1/fxgl-17.1.jar!/fxglassets/ui/fonts/TerminalLandMono-Regular.otf
16:07:36.717 [FXGL Background Thread 4 ] DEBUG FXGLAssetLoaderServi - Loading from file system: jar:file:/C:/Users/chaum/.m2/repository/com/github/almasb/fxgl/17.1/fxgl-17.1.jar!/fxglassets/ui/fonts/Courier-Prime.ttf
16:07:36.739 [JavaFX Application Thread] DEBUG FXGLAssetLoaderServi - Loading from file system: file:/E:/space_java/Game/game_datbom/target/classes/assets/textures/cursor/cursor1.png
16:07:36.749 [JavaFX Application Thread] DEBUG Input                - Registered new binding: Screenshot - CTRL+8
16:07:36.750 [JavaFX Application Thread] DEBUG Input                - Registered new binding: Dev Options - 1
16:07:36.750 [JavaFX Application Thread] DEBUG Input                - Registered new binding: Dev Console - 2
16:07:36.751 [JavaFX Application Thread] DEBUG Input                - Registered new binding: System info dump - CTRL+9
16:07:36.751 [JavaFX Application Thread] DEBUG Input                - Registered new binding: Restart - CTRL+R
16:07:36.752 [JavaFX Application Thread] DEBUG Input                - Registered new binding: Toggle Debug Camera - CTRL+7
16:07:36.757 [JavaFX Application Thread] DEBUG LoopRunner           - Starting loop
16:07:36.773 [JavaFX Application Thread] DEBUG LoopRunner           - Initializing JavaFX AnimationTimerLoop
16:07:36.775 [JavaFX Application Thread] DEBUG Input                - Clearing active input actions
16:07:36.783 [JavaFX Application Thread] DEBUG GameApplicationServi - Removing overlay from FXGLStartupScene and adding to FXGLMainMenuDummyScene
16:07:36.786 [JavaFX Application Thread] DEBUG PrimaryStageWindow   - FXGLStartupScene -> FXGLMainMenuDummyScene
16:07:36.786 [JavaFX Application Thread] DEBUG PrimaryStageWindow   - Push state: MainMenu
16:07:36.786 [JavaFX Application Thread] DEBUG Input                - Clearing active input actions
16:07:36.789 [JavaFX Application Thread] DEBUG GameApplicationServi - Removing overlay from FXGLMainMenuDummyScene and adding to MainMenu
16:07:36.789 [JavaFX Application Thread] DEBUG PrimaryStageWindow   - FXGLMainMenuDummyScene -> MainMenu
16:07:36.789 [JavaFX Application Thread] DEBUG FXGLApplication      - Registering font factories with UI factory
16:07:37.125 [FXGL Background Thread 2 ] WARN  UpdaterService       - Failed to find updates: javax.net.ssl.SSLHandshakeException: No subject alternative DNS name matching raw.githubusercontent.com found.
16:07:38.104 [JavaFX Application Thread] DEBUG Menu                 - fireNewGame()
16:07:38.104 [JavaFX Application Thread] DEBUG GameApplicationServi - Starting new game
16:07:38.105 [JavaFX Application Thread] DEBUG PrimaryStageWindow   - Pop state: MainMenu
16:07:38.105 [JavaFX Application Thread] DEBUG Input                - Clearing active input actions
16:07:38.106 [JavaFX Application Thread] DEBUG GameApplicationServi - Removing overlay from MainMenu and adding to FXGLMainMenuDummyScene
16:07:38.108 [JavaFX Application Thread] DEBUG PrimaryStageWindow   - FXGLMainMenuDummyScene <- MainMenu
16:07:38.109 [JavaFX Application Thread] DEBUG Input                - Clearing active input actions
16:07:38.119 [JavaFX Application Thread] DEBUG GameApplicationServi - Removing overlay from FXGLMainMenuDummyScene and adding to FXGLLoadingScene
16:07:38.120 [JavaFX Application Thread] DEBUG PrimaryStageWindow   - FXGLMainMenuDummyScene -> FXGLLoadingScene
16:07:38.120 [JavaFX Application Thread] DEBUG GameApplicationServi - Clearing previous game
16:07:38.120 [JavaFX Application Thread] DEBUG GameScene            - Clearing game scene
16:07:38.120 [JavaFX Application Thread] DEBUG GameWorld            - Clearing game world
16:07:38.120 [JavaFX Application Thread] DEBUG PhysicsWorld         - Clearing physics world
16:07:38.122 [FXGL Background Thread 2 ] DEBUG FXGLApplication      - Initializing game
16:07:38.176 [FXGL Background Thread 2 ] DEBUG FXGLAssetLoaderServi - Loading from file system: file:/E:/space_java/Game/game_datbom/target/classes/assets/textures/mapTexture/grass.png
16:07:38.188 [FXGL Background Thread 2 ] DEBUG FXGLAssetLoaderServi - Loading from file system: file:/E:/space_java/Game/game_datbom/target/classes/assets/textures/mapTexture/wall2.png
16:07:38.245 [FXGL Background Thread 2 ] DEBUG FXGLAssetLoaderServi - Loading from file system: file:/E:/space_java/Game/game_datbom/target/classes/assets/textures/mapTexture%5cbrick.png
16:07:38.248 [FXGL Background Thread 2 ] DEBUG FXGLAssetLoaderServi - Loading from file system: file:/E:/space_java/Game/game_datbom/target/classes/assets/textures/mapTexture%5cbrick_break.png
16:07:38.300 [FXGL Background Thread 2 ] DEBUG FXGLAssetLoaderServi - Loading from file system: file:/E:/space_java/Game/game_datbom/target/classes/assets/textures/gameItem/powerup_bombs.png
16:07:38.306 [FXGL Background Thread 2 ] DEBUG FXGLAssetLoaderServi - Loading from file system: file:/E:/space_java/Game/game_datbom/target/classes/assets/textures/gameItem/powerup_flamepass.png
16:07:38.329 [FXGL Background Thread 2 ] DEBUG FXGLAssetLoaderServi - Loading from file system: file:/E:/space_java/Game/game_datbom/target/classes/assets/textures/enemy/balloon36.png
16:07:38.350 [FXGL Background Thread 2 ] DEBUG FXGLAssetLoaderServi - Loading from file system: file:/E:/space_java/Game/game_datbom/target/classes/assets/textures/gameItem/powerup_speed.png
16:07:38.365 [FXGL Background Thread 2 ] DEBUG FXGLAssetLoaderServi - Loading from file system: file:/E:/space_java/Game/game_datbom/target/classes/assets/textures/gameItem/powerup_flames.png
16:07:38.461 [FXGL Background Thread 2 ] DEBUG FXGLAssetLoaderServi - Loading from file system: file:/E:/space_java/Game/game_datbom/target/classes/assets/textures/enemy/oneal40.png
16:07:38.498 [FXGL Background Thread 2 ] DEBUG FXGLAssetLoaderServi - Loading from file system: file:/E:/space_java/Game/game_datbom/target/classes/assets/textures/mapTexture/portal.png
16:07:38.527 [FXGL Background Thread 2 ] DEBUG FXGLAssetLoaderServi - Loading from file system: file:/E:/space_java/Game/game_datbom/target/classes/assets/textures/character/gold_player_dead.png
16:07:38.529 [FXGL Background Thread 2 ] DEBUG FXGLAssetLoaderServi - Loading from file system: file:/E:/space_java/Game/game_datbom/target/classes/assets/textures/character/gold_player_down.png
16:07:38.530 [FXGL Background Thread 2 ] DEBUG FXGLAssetLoaderServi - Loading from file system: file:/E:/space_java/Game/game_datbom/target/classes/assets/textures/character/gold_player_up.png
16:07:38.531 [FXGL Background Thread 2 ] DEBUG FXGLAssetLoaderServi - Loading from file system: file:/E:/space_java/Game/game_datbom/target/classes/assets/textures/character/gold_player_left_temp.png
16:07:38.532 [FXGL Background Thread 2 ] DEBUG FXGLAssetLoaderServi - Loading from file system: file:/E:/space_java/Game/game_datbom/target/classes/assets/textures/character/gold_player_right_temp.png
16:07:38.535 [FXGL Background Thread 2 ] INFO  FXGLApplication      - Game initialization took: 0.413 sec
16:07:38.538 [JavaFX Application Thread] DEBUG Input                - Clearing active input actions
16:07:38.559 [JavaFX Application Thread] DEBUG GameApplicationServi - Removing overlay from FXGLLoadingScene and adding to GameScene
16:07:38.562 [JavaFX Application Thread] DEBUG PrimaryStageWindow   - FXGLLoadingScene -> GameScene
16:07:39.631 [FXGL Background Thread 3 ] DEBUG Engine               - Logging environment variables
16:07:39.631 [FXGL Background Thread 3 ] DEBUG Engine               - achievements: []
16:07:39.631 [FXGL Background Thread 3 ] DEBUG Engine               - actualHeight: 720.0
16:07:39.633 [FXGL Background Thread 3 ] DEBUG Engine               - actualHeightProperty: ReadOnlyDoubleProperty [value: 720.0]
16:07:39.633 [FXGL Background Thread 3 ] DEBUG Engine               - actualWidth: 1280.0
16:07:39.633 [FXGL Background Thread 3 ] DEBUG Engine               - actualWidthProperty: ReadOnlyDoubleProperty [value: 1280.0]
16:07:39.633 [FXGL Background Thread 3 ] DEBUG Engine               - appIcon: icon/icon.png
16:07:39.633 [FXGL Background Thread 3 ] DEBUG Engine               - applicationMode: DEVELOPER
16:07:39.633 [FXGL Background Thread 3 ] DEBUG Engine               - cSSList: [fxgl_dark.css]
16:07:39.633 [FXGL Background Thread 3 ] DEBUG Engine               - collisionDetectionStrategy: BRUTE_FORCE
16:07:39.633 [FXGL Background Thread 3 ] DEBUG Engine               - configClass: Optional.empty
16:07:39.633 [FXGL Background Thread 3 ] DEBUG Engine               - credits: []
16:07:39.634 [FXGL Background Thread 3 ] DEBUG Engine               - defaultCursor: CursorInfo(imageName=cursor/cursor1.png, hotspotX=0.0, hotspotY=0.0)
16:07:39.635 [FXGL Background Thread 3 ] DEBUG Engine               - devBBoxColorProperty: ObjectProperty [value: 0xff0000ff]
16:07:39.635 [FXGL Background Thread 3 ] DEBUG Engine               - devEnableDebugCameraProperty: BooleanProperty [value: false]
16:07:39.635 [FXGL Background Thread 3 ] DEBUG Engine               - devSensorColorProperty: ObjectProperty [value: 0xffff00ff]
16:07:39.635 [FXGL Background Thread 3 ] DEBUG Engine               - devShowBBoxProperty: BooleanProperty [value: false]
16:07:39.635 [FXGL Background Thread 3 ] DEBUG Engine               - devShowPositionProperty: BooleanProperty [value: false]
16:07:39.635 [FXGL Background Thread 3 ] DEBUG Engine               - enabledMenuItems: []
16:07:39.635 [FXGL Background Thread 3 ] DEBUG Engine               - engineServices: [class com.almasb.fxgl.app.services.FXGLAssetLoaderService, class com.almasb.fxgl.app.FXGLApplication$GameApplicationService, class com.almasb.fxgl.app.services.FXGLDialogService, class com.almasb.fxgl.app.services.IOTaskExecutorService, class com.almasb.fxgl.io.FileSystemService, class com.almasb.fxgl.localization.LocalizationService, class com.almasb.fxgl.app.services.SystemBundleService, class com.almasb.fxgl.profile.SaveLoadService, class com.almasb.fxgl.ui.FXGLUIFactoryServiceProvider, class com.almasb.fxgl.ui.FXGLDialogFactoryServiceProvider, class com.almasb.fxgl.audio.AudioPlayer, class com.almasb.fxgl.notification.impl.NotificationServiceProvider, class com.almasb.fxgl.achievement.AchievementService, class com.almasb.fxgl.cutscene.CutsceneService, class com.almasb.fxgl.minigames.MiniGameService, class com.almasb.fxgl.net.NetService, class com.almasb.fxgl.app.services.UpdaterService, class com.almasb.fxgl.dev.DevService]
16:07:39.636 [FXGL Background Thread 3 ] DEBUG Engine               - fontGame: Abel-Regular.ttf
16:07:39.636 [FXGL Background Thread 3 ] DEBUG Engine               - fontMono: TerminalLandMono-Regular.otf
16:07:39.636 [FXGL Background Thread 3 ] DEBUG Engine               - fontText: Courier-Prime.ttf
16:07:39.636 [FXGL Background Thread 3 ] DEBUG Engine               - fontUI: VarelaRound-Regular.ttf
16:07:39.637 [FXGL Background Thread 3 ] DEBUG Engine               - fullScreen: BooleanProperty [value: false]
16:07:39.637 [FXGL Background Thread 3 ] DEBUG Engine               - gameDifficulty: MEDIUM
16:07:39.637 [FXGL Background Thread 3 ] DEBUG Engine               - gameDifficultyProperty: ObjectProperty [value: MEDIUM]
16:07:39.637 [FXGL Background Thread 3 ] DEBUG Engine               - globalMusicVolume: 0.5
16:07:39.637 [FXGL Background Thread 3 ] DEBUG Engine               - globalMusicVolumeProperty: DoubleProperty [value: 0.5]
16:07:39.637 [FXGL Background Thread 3 ] DEBUG Engine               - globalSoundVolume: 0.5
16:07:39.637 [FXGL Background Thread 3 ] DEBUG Engine               - globalSoundVolumeProperty: DoubleProperty [value: 0.5]
16:07:39.637 [FXGL Background Thread 3 ] DEBUG Engine               - height: 720
16:07:39.637 [FXGL Background Thread 3 ] DEBUG Engine               - is3D: false
16:07:39.637 [FXGL Background Thread 3 ] DEBUG Engine               - isAndroid: false
16:07:39.637 [FXGL Background Thread 3 ] DEBUG Engine               - isBrowser: false
16:07:39.638 [FXGL Background Thread 3 ] DEBUG Engine               - isClickFeedbackEnabled: false
16:07:39.638 [FXGL Background Thread 3 ] DEBUG Engine               - isCloseConfirmation: false
16:07:39.638 [FXGL Background Thread 3 ] DEBUG Engine               - isDesktop: true
16:07:39.638 [FXGL Background Thread 3 ] DEBUG Engine               - isDeveloperMenuEnabled: true
16:07:39.638 [FXGL Background Thread 3 ] DEBUG Engine               - isEmbedded: false
16:07:39.639 [FXGL Background Thread 3 ] DEBUG Engine               - isEntityPreloadEnabled: true
16:07:39.639 [FXGL Background Thread 3 ] DEBUG Engine               - isExperimentalTiledLargeMap: false
16:07:39.639 [FXGL Background Thread 3 ] DEBUG Engine               - isFileSystemWriteAllowed: true
16:07:39.639 [FXGL Background Thread 3 ] DEBUG Engine               - isFullScreenAllowed: false
16:07:39.639 [FXGL Background Thread 3 ] DEBUG Engine               - isFullScreenFromStart: false
16:07:39.639 [FXGL Background Thread 3 ] DEBUG Engine               - isGameMenuEnabled: true
16:07:39.639 [FXGL Background Thread 3 ] DEBUG Engine               - isIOS: false
16:07:39.639 [FXGL Background Thread 3 ] DEBUG Engine               - isIntroEnabled: false
16:07:39.639 [FXGL Background Thread 3 ] DEBUG Engine               - isLinux: false
16:07:39.639 [FXGL Background Thread 3 ] DEBUG Engine               - isMac: false
16:07:39.639 [FXGL Background Thread 3 ] DEBUG Engine               - isMainMenuEnabled: true
16:07:39.639 [FXGL Background Thread 3 ] DEBUG Engine               - isManualResizeEnabled: false
16:07:39.639 [FXGL Background Thread 3 ] DEBUG Engine               - isMobile: false
16:07:39.639 [FXGL Background Thread 3 ] DEBUG Engine               - isNative: false
16:07:39.639 [FXGL Background Thread 3 ] DEBUG Engine               - isPauseMusicWhenMinimized: true
16:07:39.640 [FXGL Background Thread 3 ] DEBUG Engine               - isPreserveResizeRatio: false
16:07:39.640 [FXGL Background Thread 3 ] DEBUG Engine               - isProfilingEnabled: false
16:07:39.640 [FXGL Background Thread 3 ] DEBUG Engine               - isScaleAffectedOnResize: true
16:07:39.640 [FXGL Background Thread 3 ] DEBUG Engine               - isSingleStep: false
16:07:39.641 [FXGL Background Thread 3 ] DEBUG Engine               - isUserProfileEnabled: false
16:07:39.641 [FXGL Background Thread 3 ] DEBUG Engine               - isWindows: true
16:07:39.641 [FXGL Background Thread 3 ] DEBUG Engine               - language: ObjectProperty [value: ENGLISH]
16:07:39.641 [FXGL Background Thread 3 ] DEBUG Engine               - menuKey: ESCAPE
16:07:39.641 [FXGL Background Thread 3 ] DEBUG Engine               - mouseSensitivity: 0.2
16:07:39.641 [FXGL Background Thread 3 ] DEBUG Engine               - notificationViewClass: class com.almasb.fxgl.notification.view.XboxNotificationView
16:07:39.641 [FXGL Background Thread 3 ] DEBUG Engine               - pixelsPerMeter: 50.0
16:07:39.641 [FXGL Background Thread 3 ] DEBUG Engine               - platform: WINDOWS
16:07:39.641 [FXGL Background Thread 3 ] DEBUG Engine               - prefHeightProperty: ReadOnlyDoubleProperty [value: 720.0]
16:07:39.641 [FXGL Background Thread 3 ] DEBUG Engine               - prefWidthProperty: ReadOnlyDoubleProperty [value: 1280.0]
16:07:39.641 [FXGL Background Thread 3 ] DEBUG Engine               - profileDir: profiles/
16:07:39.641 [FXGL Background Thread 3 ] DEBUG Engine               - profileName: StringProperty [value: DEFAULT]
16:07:39.641 [FXGL Background Thread 3 ] DEBUG Engine               - randomSeed: -1
16:07:39.642 [FXGL Background Thread 3 ] DEBUG Engine               - runtimeInfo: RuntimeInfo(platform=WINDOWS, version=17.1, build=24.03.2022 17.34)
16:07:39.643 [FXGL Background Thread 3 ] DEBUG Engine               - saveFileExt: sav
16:07:39.643 [FXGL Background Thread 3 ] DEBUG Engine               - scaledHeightProp$fxgl: DoubleProperty [bound, value: 720.0]
16:07:39.643 [FXGL Background Thread 3 ] DEBUG Engine               - scaledWidthProp$fxgl: DoubleProperty [bound, value: 1280.0]
16:07:39.643 [FXGL Background Thread 3 ] DEBUG Engine               - sceneFactory: hellofx.Main$1@5ef1f771
16:07:39.643 [FXGL Background Thread 3 ] DEBUG Engine               - secondsIn24h: 60
16:07:39.643 [FXGL Background Thread 3 ] DEBUG Engine               - soundMenuBack: menu/back.wav
16:07:39.643 [FXGL Background Thread 3 ] DEBUG Engine               - soundMenuPress: menu/press.wav
16:07:39.643 [FXGL Background Thread 3 ] DEBUG Engine               - soundMenuSelect: menu/select.wav
16:07:39.643 [FXGL Background Thread 3 ] DEBUG Engine               - soundNotification: core/notification.wav
16:07:39.643 [FXGL Background Thread 3 ] DEBUG Engine               - stageStyle: DECORATED
16:07:39.643 [FXGL Background Thread 3 ] DEBUG Engine               - supportedLanguages: [ENGLISH, FRENCH, GERMAN, HUNGARIAN, RUSSIAN]
16:07:39.643 [FXGL Background Thread 3 ] DEBUG Engine               - ticksPerSecond: -1
16:07:39.643 [FXGL Background Thread 3 ] DEBUG Engine               - title: Bomberman
16:07:39.643 [FXGL Background Thread 3 ] DEBUG Engine               - urlGithub: https://github.com/AlmasB/FXGL
16:07:39.643 [FXGL Background Thread 3 ] DEBUG Engine               - urlLeaderboard: http://fxgl-top.herokuapp.com/
16:07:39.644 [FXGL Background Thread 3 ] DEBUG Engine               - urlPOM: https://raw.githubusercontent.com/AlmasB/FXGL/release/README.md
16:07:39.644 [FXGL Background Thread 3 ] DEBUG Engine               - userAppClass: class hellofx.Main
16:07:39.644 [FXGL Background Thread 3 ] DEBUG Engine               - version: 1.0
16:07:39.644 [FXGL Background Thread 3 ] DEBUG Engine               - versionCheckDays: 7
16:07:39.644 [FXGL Background Thread 3 ] DEBUG Engine               - width: 1280
16:07:39.644 [FXGL Background Thread 3 ] DEBUG Engine               - Logging services
16:07:39.644 [FXGL Background Thread 3 ] DEBUG Engine               - class com.almasb.fxgl.app.services.FXGLAssetLoaderService
16:07:39.644 [FXGL Background Thread 3 ] DEBUG Engine               - class com.almasb.fxgl.app.FXGLApplication$GameApplicationService
16:07:39.644 [FXGL Background Thread 3 ] DEBUG Engine               - class com.almasb.fxgl.app.services.FXGLDialogService
16:07:39.644 [FXGL Background Thread 3 ] DEBUG Engine               - class com.almasb.fxgl.app.services.IOTaskExecutorService
16:07:39.644 [FXGL Background Thread 3 ] DEBUG Engine               - class com.almasb.fxgl.io.FileSystemService
16:07:39.644 [FXGL Background Thread 3 ] DEBUG Engine               - class com.almasb.fxgl.localization.LocalizationService
16:07:39.644 [FXGL Background Thread 3 ] DEBUG Engine               - class com.almasb.fxgl.app.services.SystemBundleService
16:07:39.644 [FXGL Background Thread 3 ] DEBUG Engine               - class com.almasb.fxgl.profile.SaveLoadService
16:07:39.644 [FXGL Background Thread 3 ] DEBUG Engine               - class com.almasb.fxgl.ui.FXGLUIFactoryServiceProvider
16:07:39.644 [FXGL Background Thread 3 ] DEBUG Engine               - class com.almasb.fxgl.ui.FXGLDialogFactoryServiceProvider
16:07:39.644 [FXGL Background Thread 3 ] DEBUG Engine               - class com.almasb.fxgl.audio.AudioPlayer
16:07:39.644 [FXGL Background Thread 3 ] DEBUG Engine               - class com.almasb.fxgl.notification.impl.NotificationServiceProvider
16:07:39.644 [FXGL Background Thread 3 ] DEBUG Engine               - class com.almasb.fxgl.achievement.AchievementService
16:07:39.644 [FXGL Background Thread 3 ] DEBUG Engine               - class com.almasb.fxgl.cutscene.CutsceneService
16:07:39.644 [FXGL Background Thread 3 ] DEBUG Engine               - class com.almasb.fxgl.minigames.MiniGameService
16:07:39.644 [FXGL Background Thread 3 ] DEBUG Engine               - class com.almasb.fxgl.net.NetService
16:07:39.644 [FXGL Background Thread 3 ] DEBUG Engine               - class com.almasb.fxgl.app.services.UpdaterService
16:07:39.644 [FXGL Background Thread 3 ] DEBUG Engine               - class com.almasb.fxgl.dev.DevService
16:07:56.224 [JavaFX Application Thread] DEBUG FXGLAssetLoaderServi - Loading from file system: file:/E:/space_java/Game/game_datbom/target/classes/assets/textures/character%5cbomb.png
16:07:56.239 [JavaFX Application Thread] DEBUG FXGLAssetLoaderServi - Loading from file system: file:/E:/space_java/Game/game_datbom/target/classes/assets/textures/flame%5cleft_flame.png
16:07:56.241 [JavaFX Application Thread] DEBUG FXGLAssetLoaderServi - Loading from file system: file:/E:/space_java/Game/game_datbom/target/classes/assets/textures/flame%5cup_flame.png
16:07:56.243 [JavaFX Application Thread] DEBUG FXGLAssetLoaderServi - Loading from file system: file:/E:/space_java/Game/game_datbom/target/classes/assets/textures/flame%5ccentral_flame.png
16:08:38.326 [JavaFX Application Thread] DEBUG Input                - Clearing active input actions
16:08:38.333 [JavaFX Application Thread] DEBUG GameApplicationServi - Removing overlay from GameScene and adding to FXGLMainMenuDummyScene
16:08:38.336 [JavaFX Application Thread] DEBUG PrimaryStageWindow   - GameScene -> FXGLMainMenuDummyScene
16:08:38.336 [JavaFX Application Thread] DEBUG PrimaryStageWindow   - Push state: MainMenu
16:08:38.336 [JavaFX Application Thread] DEBUG Input                - Clearing active input actions
16:08:38.337 [JavaFX Application Thread] DEBUG GameApplicationServi - Removing overlay from FXGLMainMenuDummyScene and adding to MainMenu
16:08:38.337 [JavaFX Application Thread] DEBUG PrimaryStageWindow   - FXGLMainMenuDummyScene -> MainMenu
16:08:40.743 [JavaFX Application Thread] DEBUG FXGLApplication      - Exiting FXGL
16:08:40.744 [JavaFX Application Thread] DEBUG LoopRunner           - Stopping loop
16:08:40.744 [JavaFX Application Thread] DEBUG SystemBundleService  - Saving FXGL system data
16:08:40.753 [JavaFX Application Thread] DEBUG FileSystemAccess     - Writing to: E:\space_java\Game\game_datbom\system\fxgl.bundle
16:08:40.757 [JavaFX Application Thread] DEBUG Async                - Shutting down background threads
16:08:40.758 [JavaFX Application Thread] DEBUG PrimaryStageWindow   - Closing main window
16:08:40.784 [JavaFX Application Thread] DEBUG Logger               - Closing Logger
