08:04:13.213 [main                     ] DEBUG Logger               - Configured Logger
08:04:13.215 [main                     ] DEBUG GameApplication      - Logging settings
Title: Basic Game App
Version: 1.0
Width: 800
Height: 600
Fullscreen: false
Intro: false
Profiling: false
Single step:false
App Mode: DEVELOPER
Menu Key: ESCAPE
Stage Style: DECORATED
Scene Factory: class com.almasb.fxgl.app.scene.SceneFactory

08:04:13.494 [JavaFX Application Thread] DEBUG FXGLApplication      - Initializing FXGL
08:04:13.495 [JavaFX Application Thread] INFO  Engine               - FXGL-11.12 (11.12.2020 08.51) on WINDOWS (J:18.0.2.1 FX:15)
08:04:13.496 [JavaFX Application Thread] DEBUG Engine               - JRE Vendor Name: Oracle Corporation
08:04:13.496 [JavaFX Application Thread] DEBUG Engine               - Running on OS: Windows 11 version 10.0
08:04:13.496 [JavaFX Application Thread] DEBUG Engine               - Architecture: amd64
08:04:13.496 [JavaFX Application Thread] INFO  Engine               - Source code and latest versions at: https://github.com/AlmasB/FXGL
08:04:13.496 [JavaFX Application Thread] INFO  Engine               -              Join the FXGL chat at: https://gitter.im/AlmasB/FXGL
08:04:13.576 [JavaFX Application Thread] DEBUG MainWindow           - Creating a JavaFX scene
08:04:13.618 [JavaFX Application Thread] DEBUG MainWindow           - Target settings size: 800.0 x 600.0
08:04:13.618 [JavaFX Application Thread] DEBUG MainWindow           - Scaled scene size:    800.0 x 600.0
08:04:13.618 [JavaFX Application Thread] DEBUG MainWindow           - Scaled ratio: (1.0, 1.0)
08:04:13.619 [JavaFX Application Thread] DEBUG MainWindow           - Set initial scene to StartupScene
08:04:13.623 [JavaFX Application Thread] DEBUG MainWindow           - Opening main window
08:04:13.690 [JavaFX Application Thread] DEBUG MainWindow           - Window border size: (16.0, 39.0)
08:04:13.690 [JavaFX Application Thread] DEBUG MainWindow           - Scaled size: 800.0 x 600.0
08:04:13.690 [JavaFX Application Thread] DEBUG MainWindow           - Scaled ratio: (1.0, 1.0)
08:04:13.690 [JavaFX Application Thread] DEBUG MainWindow           - Scene size: 800.0 x 600.0
08:04:13.690 [JavaFX Application Thread] DEBUG MainWindow           - Stage size: 816.0 x 639.0
08:04:13.697 [FXGL Background Thread 1 ] DEBUG Engine               - Initializing environment variables
08:04:13.747 [FXGL Background Thread 1 ] DEBUG GameApplicationServi - Applying CSS: fxgl_dark.css
08:04:13.747 [FXGL Background Thread 1 ] DEBUG FXGLAssetLoaderServi - Loading from file system: /assets/ui/css/fxgl_dark.css
08:04:13.784 [FXGL Background Thread 1 ] DEBUG GameApplicationServi - Initializing application scenes
08:04:13.812 [FXGL Background Thread 1 ] DEBUG GameWorld            - Game world initialized
08:04:13.851 [FXGL Background Thread 1 ] DEBUG PhysicsWorld         - Physics world initialized: appHeight=600, physics.ppm=50.0
08:04:13.852 [FXGL Background Thread 1 ] DEBUG GameScene            - Game scene initialized: 800x600
08:04:13.874 [FXGL Background Thread 1 ] DEBUG FXGLAssetLoaderServi - Loading from file system: /assets/textures/particles/trace_horizontal.png
08:04:13.913 [FXGL Background Thread 1 ] DEBUG FXGL.DefaultMenu     - createMenuBodyGameMenu()
08:04:13.925 [FXGL Background Thread 1 ] DEBUG FXGL.DefaultMenu     - createOptionsMenu()
08:04:13.928 [FXGL Background Thread 1 ] DEBUG FXGLAssetLoaderServi - Loading from file system: /assets/textures/particles/smoke.png
08:04:13.971 [FXGL Background Thread 1 ] DEBUG GameApplicationServi - Application scenes initialized
08:04:13.983 [FXGL Background Thread 1 ] DEBUG SystemBundleService  - Loading FXGL system data
08:04:13.991 [FXGL Background Thread 1 ] DEBUG FileSystemAccess     - Reading from: E:\space_java\game_datbom\system\fxgl.bundle
08:04:14.004 [FXGL Background Thread 1 ] DEBUG SystemBundleService  - Bundle FXGL: {}
08:04:14.004 [FXGL Background Thread 1 ] DEBUG UpdaterService       - Checking for updates
08:04:14.047 [FXGL Background Thread 4 ] DEBUG FXGLApplication      - Loading fonts
08:04:14.047 [FXGL Background Thread 4 ] DEBUG FXGLAssetLoaderServi - Loading from file system: /assets/ui/fonts/VarelaRound-Regular.ttf
08:04:14.047 [FXGL Background Thread 1 ] DEBUG FXGLApplication      - Loading default localization
08:04:14.050 [FXGL Background Thread 1 ] DEBUG FXGLAssetLoaderServi - Loading from file system: /assets/languages/english.lang
08:04:14.074 [FXGL Background Thread 1 ] INFO  FXGLApplication      - FXGL initialization took: 0.377 sec
08:04:14.084 [JavaFX Application Thread] DEBUG Input                - Registered new binding: action0 - F
08:04:14.084 [JavaFX Application Thread] DEBUG Input                - Registered new binding: Right - D
08:04:14.085 [JavaFX Application Thread] DEBUG Input                - Registered new binding: Left - A
08:04:14.085 [JavaFX Application Thread] DEBUG Input                - Registered new binding: Up - W
08:04:14.085 [JavaFX Application Thread] DEBUG Input                - Registered new binding: Down - S
08:04:14.085 [JavaFX Application Thread] DEBUG FXGLAssetLoaderServi - Loading from file system: /assets/textures/icon/icon.png
08:04:14.116 [FXGL Background Thread 4 ] DEBUG FXGLAssetLoaderServi - Loading from file system: /assets/ui/fonts/Abel-Regular.ttf
08:04:14.122 [FXGL Background Thread 4 ] DEBUG FXGLAssetLoaderServi - Loading from file system: /assets/ui/fonts/lucida_console.ttf
08:04:14.124 [JavaFX Application Thread] DEBUG FXGLAssetLoaderServi - Loading from file system: /assets/ui/cursors/fxgl_default.png
08:04:14.127 [JavaFX Application Thread] DEBUG Input                - Registered new binding: Screenshot - P
08:04:14.127 [JavaFX Application Thread] DEBUG Input                - Registered new binding: Dev Options - 1
08:04:14.128 [JavaFX Application Thread] DEBUG Input                - Registered new binding: Dev Console - 2
08:04:14.128 [JavaFX Application Thread] DEBUG Input                - Registered new binding: System info dump - CTRL+9
08:04:14.128 [JavaFX Application Thread] DEBUG Input                - Registered new binding: Restart - CTRL+R
08:04:14.129 [JavaFX Application Thread] DEBUG Input                - Registered new binding: Toggle Debug Camera - CTRL+C
08:04:14.131 [FXGL Background Thread 4 ] DEBUG FXGLAssetLoaderServi - Loading from file system: /assets/ui/fonts/Courier-Prime.ttf
08:04:14.132 [JavaFX Application Thread] DEBUG LoopRunner           - Starting loop
08:04:14.145 [JavaFX Application Thread] DEBUG GameApplicationServi - Starting new game
08:04:14.146 [JavaFX Application Thread] DEBUG Input                - Clearing active input actions
08:04:14.154 [JavaFX Application Thread] DEBUG GameApplicationServi - Removing overlay from StartupScene and adding to FXGLLoadingScene
08:04:14.159 [JavaFX Application Thread] DEBUG MainWindow           - StartupScene -> FXGLLoadingScene
08:04:14.159 [JavaFX Application Thread] DEBUG GameApplicationServi - Clearing previous game
08:04:14.159 [JavaFX Application Thread] DEBUG GameScene            - Clearing game scene
08:04:14.159 [JavaFX Application Thread] DEBUG GameWorld            - Clearing game world
08:04:14.159 [JavaFX Application Thread] DEBUG PhysicsWorld         - Clearing physics world
08:04:14.161 [JavaFX Application Thread] DEBUG FXGLApplication      - Registering font factories with UI factory
08:04:14.170 [FXGL Background Thread 4 ] DEBUG FXGLAssetLoaderServi - Loading from file system: /assets/textures/character/gold_player_up.png
08:04:14.173 [FXGL Background Thread 4 ] DEBUG FXGLAssetLoaderServi - Loading from file system: /assets/textures/character/gold_player_down.png
08:04:14.174 [FXGL Background Thread 4 ] DEBUG FXGLAssetLoaderServi - Loading from cache: /assets/textures/character/gold_player_up.png
08:04:14.174 [FXGL Background Thread 4 ] DEBUG FXGLAssetLoaderServi - Loading from cache: /assets/textures/character/gold_player_down.png
08:04:14.174 [FXGL Background Thread 4 ] DEBUG FXGLAssetLoaderServi - Loading from file system: /assets/textures/character/gold_player_left.png
08:04:14.176 [FXGL Background Thread 4 ] DEBUG FXGLAssetLoaderServi - Loading from cache: /assets/textures/character/gold_player_left.png
08:04:14.176 [FXGL Background Thread 4 ] DEBUG FXGLAssetLoaderServi - Loading from file system: /assets/textures/character/gold_player_right.png
08:04:14.178 [FXGL Background Thread 4 ] DEBUG FXGLAssetLoaderServi - Loading from cache: /assets/textures/character/gold_player_right.png
08:04:14.194 [FXGL Background Thread 4 ] DEBUG FXGLAssetLoaderServi - Loading from file system: /assets/textures/brick.png
08:04:14.196 [FXGL Background Thread 4 ] INFO  FXGLApplication      - Game initialization took: 0.035 sec
08:04:14.325 [JavaFX Application Thread] DEBUG Input                - Clearing active input actions
08:04:14.333 [JavaFX Application Thread] DEBUG GameApplicationServi - Removing overlay from FXGLLoadingScene and adding to GameScene
08:04:14.338 [JavaFX Application Thread] DEBUG MainWindow           - FXGLLoadingScene -> GameScene
08:04:16.224 [FXGL Background Thread 2 ] INFO  UpdaterService       - Your current version:  11.12
08:04:16.224 [FXGL Background Thread 2 ] INFO  UpdaterService       - Latest stable version: 17.2
08:04:16.423 [JavaFX Application Thread] DEBUG FXGLApplication      - Exiting FXGL
08:04:16.423 [JavaFX Application Thread] DEBUG LoopRunner           - Stopping loop
08:04:16.424 [JavaFX Application Thread] DEBUG SystemBundleService  - Saving FXGL system data
08:04:16.427 [JavaFX Application Thread] DEBUG FileSystemAccess     - Writing to: E:\space_java\game_datbom\system\fxgl.bundle
08:04:16.430 [JavaFX Application Thread] DEBUG Async                - Shutting down background threads
08:04:16.430 [JavaFX Application Thread] DEBUG MainWindow           - Closing main window
08:04:16.452 [JavaFX Application Thread] DEBUG Logger               - Closing Logger
