01:38:46.715 [main                     ] DEBUG Logger               - Configured Logger
01:38:46.735 [main                     ] DEBUG GameApplication      - Logging settings
Title: Bomberman
Version: 1.0
Width: 1280
Height: 720
Fullscreen: false
Intro: false
Profiling: false
Single step:false
App Mode: DEVELOPER
Menu Key: ESCAPE
Stage Style: DECORATED
Scene Factory: class hellofx.Main$1

01:38:46.841 [JavaFX Application Thread] DEBUG FXGLApplication      - Initializing FXGL
01:38:46.847 [JavaFX Application Thread] INFO  Engine               - FXGL-17.1 (24.03.2022 17.34) on WINDOWS (J:18.0.2.1 FX:18)
01:38:46.848 [JavaFX Application Thread] DEBUG Engine               - JRE Vendor Name: Oracle Corporation
01:38:46.848 [JavaFX Application Thread] DEBUG Engine               - Running on OS: Windows 11 version 10.0
01:38:46.848 [JavaFX Application Thread] DEBUG Engine               - Architecture: amd64
01:38:46.848 [JavaFX Application Thread] INFO  Engine               - Source code and latest versions at: https://github.com/AlmasB/FXGL
01:38:46.849 [JavaFX Application Thread] INFO  Engine               -       Ask questions and discuss at: https://github.com/AlmasB/FXGL/discussions
01:38:46.849 [JavaFX Application Thread] INFO  Engine               -              Join the FXGL chat at: https://gitter.im/AlmasB/FXGL
01:38:46.902 [JavaFX Application Thread] DEBUG PrimaryStageWindow   - Creating a JavaFX scene
01:38:46.947 [JavaFX Application Thread] DEBUG PrimaryStageWindow   - Target settings size: 1280.0 x 720.0
01:38:46.948 [JavaFX Application Thread] DEBUG PrimaryStageWindow   - Scaled scene size:    1280.0 x 720.0
01:38:46.948 [JavaFX Application Thread] DEBUG PrimaryStageWindow   - Scaled ratio: (1.0, 1.0)
01:38:46.949 [JavaFX Application Thread] DEBUG PrimaryStageWindow   - Set initial scene to FXGLStartupScene
01:38:46.956 [JavaFX Application Thread] DEBUG PrimaryStageWindow   - Opening main window
01:38:47.038 [JavaFX Application Thread] DEBUG PrimaryStageWindow   - Window border size: (16.0, 39.0)
01:38:47.039 [JavaFX Application Thread] DEBUG PrimaryStageWindow   - Scaled size: 1280.0 x 720.0
01:38:47.040 [JavaFX Application Thread] DEBUG PrimaryStageWindow   - Scaled ratio: (1.0, 1.0)
01:38:47.040 [JavaFX Application Thread] DEBUG PrimaryStageWindow   - Scene size: 1280.0 x 720.0
01:38:47.040 [JavaFX Application Thread] DEBUG PrimaryStageWindow   - Stage size: 1296.0 x 759.0
01:38:47.052 [FXGL Background Thread 1 ] DEBUG Engine               - Initializing environment variables
01:38:47.124 [FXGL Background Thread 1 ] DEBUG FXGLAssetLoaderServi - User app class for loading assets: class hellofx.Main
01:38:47.125 [FXGL Background Thread 1 ] DEBUG GameApplicationServi - Applying CSS: fxgl_dark.css
01:38:47.126 [FXGL Background Thread 1 ] DEBUG FXGLAssetLoaderServi - Loading from file system: jar:file:/C:/Users/chaum/.m2/repository/com/github/almasb/fxgl/17.1/fxgl-17.1.jar!/fxglassets/ui/css/fxgl_dark.css
01:38:47.177 [FXGL Background Thread 1 ] DEBUG GameApplicationServi - Initializing application scenes
01:38:47.212 [FXGL Background Thread 1 ] DEBUG GameWorld            - Game world initialized
01:38:47.260 [FXGL Background Thread 1 ] DEBUG PhysicsWorld         - Physics world initialized: appHeight=720, physics.ppm=50.0
01:38:47.260 [FXGL Background Thread 1 ] DEBUG PhysicsWorld         - Using strategy: BRUTE_FORCE
01:38:47.265 [FXGL Background Thread 1 ] DEBUG GameScene            - Game scene initialized: 1280x720
01:38:47.329 [FXGL Background Thread 1 ] DEBUG GameApplicationServi - Application scenes initialized
01:38:47.349 [FXGL Background Thread 1 ] DEBUG SystemBundleService  - Loading FXGL system data
01:38:47.354 [FXGL Background Thread 1 ] DEBUG FileSystemAccess     - Reading from: E:\space_java\Game\game_datbom\system\fxgl.bundle
01:38:47.361 [FXGL Background Thread 1 ] DEBUG SystemBundleService  - Bundle FXGL: {}
01:38:47.361 [FXGL Background Thread 1 ] DEBUG UpdaterService       - Checking for updates
01:38:47.389 [FXGL Background Thread 4 ] DEBUG FXGLApplication      - Loading fonts
01:38:47.390 [FXGL Background Thread 4 ] DEBUG FXGLAssetLoaderServi - Loading from file system: jar:file:/C:/Users/chaum/.m2/repository/com/github/almasb/fxgl/17.1/fxgl-17.1.jar!/fxglassets/ui/fonts/VarelaRound-Regular.ttf
01:38:47.390 [FXGL Background Thread 1 ] DEBUG FXGLApplication      - Loading default localization
01:38:47.390 [FXGL Background Thread 1 ] DEBUG FXGLAssetLoaderServi - Loading from file system: jar:file:/C:/Users/chaum/.m2/repository/com/github/almasb/fxgl/17.1/fxgl-17.1.jar!/fxglassets/languages/english.lang
01:38:47.411 [FXGL Background Thread 1 ] INFO  FXGLApplication      - FXGL initialization took: 0.359 sec
01:38:47.423 [JavaFX Application Thread] DEBUG Input                - Registered new binding: action0 - F
01:38:47.424 [JavaFX Application Thread] DEBUG Input                - Registered new binding: action1 - G
01:38:47.424 [JavaFX Application Thread] DEBUG Input                - Registered new binding: action2 - R
01:38:47.424 [JavaFX Application Thread] DEBUG Input                - Registered new binding: action3 - T
01:38:47.424 [JavaFX Application Thread] DEBUG Input                - Registered new binding: Right - D
01:38:47.425 [JavaFX Application Thread] DEBUG Input                - Registered new binding: Left - A
01:38:47.425 [JavaFX Application Thread] DEBUG Input                - Registered new binding: Up - W
01:38:47.425 [JavaFX Application Thread] DEBUG Input                - Registered new binding: Down - S
01:38:47.425 [JavaFX Application Thread] DEBUG Input                - Registered new binding: Place boom - Space
01:38:47.425 [JavaFX Application Thread] DEBUG FXGLAssetLoaderServi - Loading from file system: file:/E:/space_java/Game/game_datbom/target/classes/assets/textures/icon/icon.png
01:38:47.465 [FXGL Background Thread 4 ] DEBUG FXGLAssetLoaderServi - Loading from file system: jar:file:/C:/Users/chaum/.m2/repository/com/github/almasb/fxgl/17.1/fxgl-17.1.jar!/fxglassets/ui/fonts/Abel-Regular.ttf
01:38:47.469 [FXGL Background Thread 4 ] DEBUG FXGLAssetLoaderServi - Loading from file system: jar:file:/C:/Users/chaum/.m2/repository/com/github/almasb/fxgl/17.1/fxgl-17.1.jar!/fxglassets/ui/fonts/TerminalLandMono-Regular.otf
01:38:47.473 [FXGL Background Thread 4 ] DEBUG FXGLAssetLoaderServi - Loading from file system: jar:file:/C:/Users/chaum/.m2/repository/com/github/almasb/fxgl/17.1/fxgl-17.1.jar!/fxglassets/ui/fonts/Courier-Prime.ttf
01:38:47.484 [JavaFX Application Thread] DEBUG FXGLAssetLoaderServi - Loading from file system: file:/E:/space_java/Game/game_datbom/target/classes/assets/textures/cursor/cursor1.png
01:38:47.492 [JavaFX Application Thread] DEBUG Input                - Registered new binding: Screenshot - CTRL+8
01:38:47.493 [JavaFX Application Thread] DEBUG Input                - Registered new binding: Dev Options - 1
01:38:47.493 [JavaFX Application Thread] DEBUG Input                - Registered new binding: Dev Console - 2
01:38:47.493 [JavaFX Application Thread] DEBUG Input                - Registered new binding: System info dump - CTRL+9
01:38:47.494 [JavaFX Application Thread] DEBUG Input                - Registered new binding: Restart - CTRL+R
01:38:47.494 [JavaFX Application Thread] DEBUG Input                - Registered new binding: Toggle Debug Camera - CTRL+7
01:38:47.497 [JavaFX Application Thread] DEBUG LoopRunner           - Starting loop
01:38:47.512 [JavaFX Application Thread] DEBUG LoopRunner           - Initializing JavaFX AnimationTimerLoop
01:38:47.515 [JavaFX Application Thread] DEBUG Input                - Clearing active input actions
01:38:47.523 [JavaFX Application Thread] DEBUG GameApplicationServi - Removing overlay from FXGLStartupScene and adding to FXGLMainMenuDummyScene
01:38:47.527 [JavaFX Application Thread] DEBUG PrimaryStageWindow   - FXGLStartupScene -> FXGLMainMenuDummyScene
01:38:47.527 [JavaFX Application Thread] DEBUG PrimaryStageWindow   - Push state: MainMenu
01:38:47.528 [JavaFX Application Thread] DEBUG Input                - Clearing active input actions
01:38:47.531 [JavaFX Application Thread] DEBUG GameApplicationServi - Removing overlay from FXGLMainMenuDummyScene and adding to MainMenu
01:38:47.532 [JavaFX Application Thread] DEBUG PrimaryStageWindow   - FXGLMainMenuDummyScene -> MainMenu
01:38:47.533 [JavaFX Application Thread] DEBUG FXGLApplication      - Registering font factories with UI factory
01:38:47.941 [FXGL Background Thread 2 ] INFO  UpdaterService       - Your current version:  17.1
01:38:47.941 [FXGL Background Thread 2 ] INFO  UpdaterService       - Latest stable version: 17.2
01:38:48.839 [JavaFX Application Thread] DEBUG Menu                 - fireNewGame()
01:38:48.840 [JavaFX Application Thread] DEBUG GameApplicationServi - Starting new game
01:38:48.840 [JavaFX Application Thread] DEBUG PrimaryStageWindow   - Pop state: MainMenu
01:38:48.840 [JavaFX Application Thread] DEBUG Input                - Clearing active input actions
01:38:48.842 [JavaFX Application Thread] DEBUG GameApplicationServi - Removing overlay from MainMenu and adding to FXGLMainMenuDummyScene
01:38:48.844 [JavaFX Application Thread] DEBUG PrimaryStageWindow   - FXGLMainMenuDummyScene <- MainMenu
01:38:48.844 [JavaFX Application Thread] DEBUG Input                - Clearing active input actions
01:38:48.853 [JavaFX Application Thread] DEBUG GameApplicationServi - Removing overlay from FXGLMainMenuDummyScene and adding to FXGLLoadingScene
01:38:48.854 [JavaFX Application Thread] DEBUG PrimaryStageWindow   - FXGLMainMenuDummyScene -> FXGLLoadingScene
01:38:48.854 [JavaFX Application Thread] DEBUG GameApplicationServi - Clearing previous game
01:38:48.854 [JavaFX Application Thread] DEBUG GameScene            - Clearing game scene
01:38:48.854 [JavaFX Application Thread] DEBUG GameWorld            - Clearing game world
01:38:48.854 [JavaFX Application Thread] DEBUG PhysicsWorld         - Clearing physics world
01:38:48.856 [FXGL Background Thread 2 ] DEBUG FXGLApplication      - Initializing game
01:38:48.886 [FXGL Background Thread 2 ] DEBUG FXGLAssetLoaderServi - Loading from file system: file:/E:/space_java/Game/game_datbom/target/classes/assets/textures/mapTexture/grass.png
01:38:48.894 [FXGL Background Thread 2 ] DEBUG FXGLAssetLoaderServi - Loading from file system: file:/E:/space_java/Game/game_datbom/target/classes/assets/textures/mapTexture/wall2.png
01:38:48.950 [FXGL Background Thread 2 ] DEBUG FXGLAssetLoaderServi - Loading from file system: file:/E:/space_java/Game/game_datbom/target/classes/assets/textures/gameItem/powerup_bombs.png
01:38:48.954 [FXGL Background Thread 2 ] DEBUG FXGLAssetLoaderServi - Loading from file system: file:/E:/space_java/Game/game_datbom/target/classes/assets/textures/gameItem/powerup_flamepass.png
01:38:48.961 [FXGL Background Thread 2 ] DEBUG FXGLAssetLoaderServi - Loading from file system: file:/E:/space_java/Game/game_datbom/target/classes/assets/textures/gameItem/powerup_flames.png
01:38:48.966 [FXGL Background Thread 2 ] DEBUG FXGLAssetLoaderServi - Loading from file system: file:/E:/space_java/Game/game_datbom/target/classes/assets/textures/gameItem/powerup_speed.png
01:38:48.980 [FXGL Background Thread 2 ] DEBUG FXGLAssetLoaderServi - Loading from file system: file:/E:/space_java/Game/game_datbom/target/classes/assets/textures/enemy/balloon36.png
01:38:49.034 [FXGL Background Thread 2 ] DEBUG FXGLAssetLoaderServi - Loading from file system: file:/E:/space_java/Game/game_datbom/target/classes/assets/textures/mapTexture%5cbrick.png
01:38:49.036 [FXGL Background Thread 2 ] DEBUG FXGLAssetLoaderServi - Loading from file system: file:/E:/space_java/Game/game_datbom/target/classes/assets/textures/mapTexture%5cbrick_break.png
01:38:49.122 [FXGL Background Thread 2 ] DEBUG FXGLAssetLoaderServi - Loading from file system: file:/E:/space_java/Game/game_datbom/target/classes/assets/textures/mapTexture/portal.png
01:38:49.221 [FXGL Background Thread 2 ] DEBUG FXGLAssetLoaderServi - Loading from file system: file:/E:/space_java/Game/game_datbom/target/classes/assets/textures/character/gold_player_dead.png
01:38:49.222 [FXGL Background Thread 2 ] DEBUG FXGLAssetLoaderServi - Loading from file system: file:/E:/space_java/Game/game_datbom/target/classes/assets/textures/character/gold_player_down.png
01:38:49.223 [FXGL Background Thread 2 ] DEBUG FXGLAssetLoaderServi - Loading from file system: file:/E:/space_java/Game/game_datbom/target/classes/assets/textures/character/gold_player_up.png
01:38:49.225 [FXGL Background Thread 2 ] DEBUG FXGLAssetLoaderServi - Loading from file system: file:/E:/space_java/Game/game_datbom/target/classes/assets/textures/character/gold_player_left_temp.png
01:38:49.226 [FXGL Background Thread 2 ] DEBUG FXGLAssetLoaderServi - Loading from file system: file:/E:/space_java/Game/game_datbom/target/classes/assets/textures/character/gold_player_right_temp.png
01:38:49.234 [FXGL Background Thread 2 ] INFO  FXGLApplication      - Game initialization took: 0.378 sec
01:38:49.245 [JavaFX Application Thread] DEBUG Input                - Clearing active input actions
01:38:49.260 [JavaFX Application Thread] DEBUG GameApplicationServi - Removing overlay from FXGLLoadingScene and adding to GameScene
01:38:49.264 [JavaFX Application Thread] DEBUG PrimaryStageWindow   - FXGLLoadingScene -> GameScene
01:38:50.389 [FXGL Background Thread 3 ] DEBUG Engine               - Logging environment variables
01:38:50.389 [FXGL Background Thread 3 ] DEBUG Engine               - achievements: []
01:38:50.390 [FXGL Background Thread 3 ] DEBUG Engine               - actualHeight: 720.0
01:38:50.390 [FXGL Background Thread 3 ] DEBUG Engine               - actualHeightProperty: ReadOnlyDoubleProperty [value: 720.0]
01:38:50.390 [FXGL Background Thread 3 ] DEBUG Engine               - actualWidth: 1280.0
01:38:50.390 [FXGL Background Thread 3 ] DEBUG Engine               - actualWidthProperty: ReadOnlyDoubleProperty [value: 1280.0]
01:38:50.390 [FXGL Background Thread 3 ] DEBUG Engine               - appIcon: icon/icon.png
01:38:50.390 [FXGL Background Thread 3 ] DEBUG Engine               - applicationMode: DEVELOPER
01:38:50.390 [FXGL Background Thread 3 ] DEBUG Engine               - cSSList: [fxgl_dark.css]
01:38:50.390 [FXGL Background Thread 3 ] DEBUG Engine               - collisionDetectionStrategy: BRUTE_FORCE
01:38:50.390 [FXGL Background Thread 3 ] DEBUG Engine               - configClass: Optional.empty
01:38:50.390 [FXGL Background Thread 3 ] DEBUG Engine               - credits: []
01:38:50.392 [FXGL Background Thread 3 ] DEBUG Engine               - defaultCursor: CursorInfo(imageName=cursor/cursor1.png, hotspotX=0.0, hotspotY=0.0)
01:38:50.392 [FXGL Background Thread 3 ] DEBUG Engine               - devBBoxColorProperty: ObjectProperty [value: 0xff0000ff]
01:38:50.392 [FXGL Background Thread 3 ] DEBUG Engine               - devEnableDebugCameraProperty: BooleanProperty [value: false]
01:38:50.393 [FXGL Background Thread 3 ] DEBUG Engine               - devSensorColorProperty: ObjectProperty [value: 0xffff00ff]
01:38:50.393 [FXGL Background Thread 3 ] DEBUG Engine               - devShowBBoxProperty: BooleanProperty [value: false]
01:38:50.393 [FXGL Background Thread 3 ] DEBUG Engine               - devShowPositionProperty: BooleanProperty [value: false]
01:38:50.393 [FXGL Background Thread 3 ] DEBUG Engine               - enabledMenuItems: []
01:38:50.393 [FXGL Background Thread 3 ] DEBUG Engine               - engineServices: [class com.almasb.fxgl.app.services.FXGLAssetLoaderService, class com.almasb.fxgl.app.FXGLApplication$GameApplicationService, class com.almasb.fxgl.app.services.FXGLDialogService, class com.almasb.fxgl.app.services.IOTaskExecutorService, class com.almasb.fxgl.io.FileSystemService, class com.almasb.fxgl.localization.LocalizationService, class com.almasb.fxgl.app.services.SystemBundleService, class com.almasb.fxgl.profile.SaveLoadService, class com.almasb.fxgl.ui.FXGLUIFactoryServiceProvider, class com.almasb.fxgl.ui.FXGLDialogFactoryServiceProvider, class com.almasb.fxgl.audio.AudioPlayer, class com.almasb.fxgl.notification.impl.NotificationServiceProvider, class com.almasb.fxgl.achievement.AchievementService, class com.almasb.fxgl.cutscene.CutsceneService, class com.almasb.fxgl.minigames.MiniGameService, class com.almasb.fxgl.net.NetService, class com.almasb.fxgl.app.services.UpdaterService, class com.almasb.fxgl.dev.DevService]
01:38:50.393 [FXGL Background Thread 3 ] DEBUG Engine               - fontGame: Abel-Regular.ttf
01:38:50.393 [FXGL Background Thread 3 ] DEBUG Engine               - fontMono: TerminalLandMono-Regular.otf
01:38:50.394 [FXGL Background Thread 3 ] DEBUG Engine               - fontText: Courier-Prime.ttf
01:38:50.394 [FXGL Background Thread 3 ] DEBUG Engine               - fontUI: VarelaRound-Regular.ttf
01:38:50.394 [FXGL Background Thread 3 ] DEBUG Engine               - fullScreen: BooleanProperty [value: false]
01:38:50.394 [FXGL Background Thread 3 ] DEBUG Engine               - gameDifficulty: MEDIUM
01:38:50.394 [FXGL Background Thread 3 ] DEBUG Engine               - gameDifficultyProperty: ObjectProperty [value: MEDIUM]
01:38:50.394 [FXGL Background Thread 3 ] DEBUG Engine               - globalMusicVolume: 0.5
01:38:50.395 [FXGL Background Thread 3 ] DEBUG Engine               - globalMusicVolumeProperty: DoubleProperty [value: 0.5]
01:38:50.395 [FXGL Background Thread 3 ] DEBUG Engine               - globalSoundVolume: 0.5
01:38:50.395 [FXGL Background Thread 3 ] DEBUG Engine               - globalSoundVolumeProperty: DoubleProperty [value: 0.5]
01:38:50.395 [FXGL Background Thread 3 ] DEBUG Engine               - height: 720
01:38:50.395 [FXGL Background Thread 3 ] DEBUG Engine               - is3D: false
01:38:50.395 [FXGL Background Thread 3 ] DEBUG Engine               - isAndroid: false
01:38:50.395 [FXGL Background Thread 3 ] DEBUG Engine               - isBrowser: false
01:38:50.395 [FXGL Background Thread 3 ] DEBUG Engine               - isClickFeedbackEnabled: false
01:38:50.395 [FXGL Background Thread 3 ] DEBUG Engine               - isCloseConfirmation: false
01:38:50.396 [FXGL Background Thread 3 ] DEBUG Engine               - isDesktop: true
01:38:50.396 [FXGL Background Thread 3 ] DEBUG Engine               - isDeveloperMenuEnabled: true
01:38:50.396 [FXGL Background Thread 3 ] DEBUG Engine               - isEmbedded: false
01:38:50.396 [FXGL Background Thread 3 ] DEBUG Engine               - isEntityPreloadEnabled: true
01:38:50.396 [FXGL Background Thread 3 ] DEBUG Engine               - isExperimentalTiledLargeMap: false
01:38:50.396 [FXGL Background Thread 3 ] DEBUG Engine               - isFileSystemWriteAllowed: true
01:38:50.396 [FXGL Background Thread 3 ] DEBUG Engine               - isFullScreenAllowed: false
01:38:50.396 [FXGL Background Thread 3 ] DEBUG Engine               - isFullScreenFromStart: false
01:38:50.396 [FXGL Background Thread 3 ] DEBUG Engine               - isGameMenuEnabled: true
01:38:50.396 [FXGL Background Thread 3 ] DEBUG Engine               - isIOS: false
01:38:50.396 [FXGL Background Thread 3 ] DEBUG Engine               - isIntroEnabled: false
01:38:50.396 [FXGL Background Thread 3 ] DEBUG Engine               - isLinux: false
01:38:50.396 [FXGL Background Thread 3 ] DEBUG Engine               - isMac: false
01:38:50.396 [FXGL Background Thread 3 ] DEBUG Engine               - isMainMenuEnabled: true
01:38:50.397 [FXGL Background Thread 3 ] DEBUG Engine               - isManualResizeEnabled: false
01:38:50.397 [FXGL Background Thread 3 ] DEBUG Engine               - isMobile: false
01:38:50.397 [FXGL Background Thread 3 ] DEBUG Engine               - isNative: false
01:38:50.397 [FXGL Background Thread 3 ] DEBUG Engine               - isPauseMusicWhenMinimized: true
01:38:50.397 [FXGL Background Thread 3 ] DEBUG Engine               - isPreserveResizeRatio: false
01:38:50.397 [FXGL Background Thread 3 ] DEBUG Engine               - isProfilingEnabled: false
01:38:50.397 [FXGL Background Thread 3 ] DEBUG Engine               - isScaleAffectedOnResize: true
01:38:50.397 [FXGL Background Thread 3 ] DEBUG Engine               - isSingleStep: false
01:38:50.397 [FXGL Background Thread 3 ] DEBUG Engine               - isUserProfileEnabled: false
01:38:50.397 [FXGL Background Thread 3 ] DEBUG Engine               - isWindows: true
01:38:50.397 [FXGL Background Thread 3 ] DEBUG Engine               - language: ObjectProperty [value: ENGLISH]
01:38:50.397 [FXGL Background Thread 3 ] DEBUG Engine               - menuKey: ESCAPE
01:38:50.397 [FXGL Background Thread 3 ] DEBUG Engine               - mouseSensitivity: 0.2
01:38:50.397 [FXGL Background Thread 3 ] DEBUG Engine               - notificationViewClass: class com.almasb.fxgl.notification.view.XboxNotificationView
01:38:50.397 [FXGL Background Thread 3 ] DEBUG Engine               - pixelsPerMeter: 50.0
01:38:50.397 [FXGL Background Thread 3 ] DEBUG Engine               - platform: WINDOWS
01:38:50.397 [FXGL Background Thread 3 ] DEBUG Engine               - prefHeightProperty: ReadOnlyDoubleProperty [value: 720.0]
01:38:50.398 [FXGL Background Thread 3 ] DEBUG Engine               - prefWidthProperty: ReadOnlyDoubleProperty [value: 1280.0]
01:38:50.398 [FXGL Background Thread 3 ] DEBUG Engine               - profileDir: profiles/
01:38:50.398 [FXGL Background Thread 3 ] DEBUG Engine               - profileName: StringProperty [value: DEFAULT]
01:38:50.398 [FXGL Background Thread 3 ] DEBUG Engine               - randomSeed: -1
01:38:50.398 [FXGL Background Thread 3 ] DEBUG Engine               - runtimeInfo: RuntimeInfo(platform=WINDOWS, version=17.1, build=24.03.2022 17.34)
01:38:50.398 [FXGL Background Thread 3 ] DEBUG Engine               - saveFileExt: sav
01:38:50.398 [FXGL Background Thread 3 ] DEBUG Engine               - scaledHeightProp$fxgl: DoubleProperty [bound, value: 720.0]
01:38:50.398 [FXGL Background Thread 3 ] DEBUG Engine               - scaledWidthProp$fxgl: DoubleProperty [bound, value: 1280.0]
01:38:50.398 [FXGL Background Thread 3 ] DEBUG Engine               - sceneFactory: hellofx.Main$1@a9f8c6f
01:38:50.398 [FXGL Background Thread 3 ] DEBUG Engine               - secondsIn24h: 60
01:38:50.398 [FXGL Background Thread 3 ] DEBUG Engine               - soundMenuBack: menu/back.wav
01:38:50.399 [FXGL Background Thread 3 ] DEBUG Engine               - soundMenuPress: menu/press.wav
01:38:50.399 [FXGL Background Thread 3 ] DEBUG Engine               - soundMenuSelect: menu/select.wav
01:38:50.399 [FXGL Background Thread 3 ] DEBUG Engine               - soundNotification: core/notification.wav
01:38:50.399 [FXGL Background Thread 3 ] DEBUG Engine               - stageStyle: DECORATED
01:38:50.399 [FXGL Background Thread 3 ] DEBUG Engine               - supportedLanguages: [ENGLISH, FRENCH, GERMAN, HUNGARIAN, RUSSIAN]
01:38:50.399 [FXGL Background Thread 3 ] DEBUG Engine               - ticksPerSecond: -1
01:38:50.399 [FXGL Background Thread 3 ] DEBUG Engine               - title: Bomberman
01:38:50.399 [FXGL Background Thread 3 ] DEBUG Engine               - urlGithub: https://github.com/AlmasB/FXGL
01:38:50.399 [FXGL Background Thread 3 ] DEBUG Engine               - urlLeaderboard: http://fxgl-top.herokuapp.com/
01:38:50.399 [FXGL Background Thread 3 ] DEBUG Engine               - urlPOM: https://raw.githubusercontent.com/AlmasB/FXGL/release/README.md
01:38:50.399 [FXGL Background Thread 3 ] DEBUG Engine               - userAppClass: class hellofx.Main
01:38:50.399 [FXGL Background Thread 3 ] DEBUG Engine               - version: 1.0
01:38:50.399 [FXGL Background Thread 3 ] DEBUG Engine               - versionCheckDays: 7
01:38:50.399 [FXGL Background Thread 3 ] DEBUG Engine               - width: 1280
01:38:50.399 [FXGL Background Thread 3 ] DEBUG Engine               - Logging services
01:38:50.399 [FXGL Background Thread 3 ] DEBUG Engine               - class com.almasb.fxgl.app.services.FXGLAssetLoaderService
01:38:50.399 [FXGL Background Thread 3 ] DEBUG Engine               - class com.almasb.fxgl.app.FXGLApplication$GameApplicationService
01:38:50.400 [FXGL Background Thread 3 ] DEBUG Engine               - class com.almasb.fxgl.app.services.FXGLDialogService
01:38:50.400 [FXGL Background Thread 3 ] DEBUG Engine               - class com.almasb.fxgl.app.services.IOTaskExecutorService
01:38:50.400 [FXGL Background Thread 3 ] DEBUG Engine               - class com.almasb.fxgl.io.FileSystemService
01:38:50.400 [FXGL Background Thread 3 ] DEBUG Engine               - class com.almasb.fxgl.localization.LocalizationService
01:38:50.400 [FXGL Background Thread 3 ] DEBUG Engine               - class com.almasb.fxgl.app.services.SystemBundleService
01:38:50.400 [FXGL Background Thread 3 ] DEBUG Engine               - class com.almasb.fxgl.profile.SaveLoadService
01:38:50.400 [FXGL Background Thread 3 ] DEBUG Engine               - class com.almasb.fxgl.ui.FXGLUIFactoryServiceProvider
01:38:50.400 [FXGL Background Thread 3 ] DEBUG Engine               - class com.almasb.fxgl.ui.FXGLDialogFactoryServiceProvider
01:38:50.400 [FXGL Background Thread 3 ] DEBUG Engine               - class com.almasb.fxgl.audio.AudioPlayer
01:38:50.400 [FXGL Background Thread 3 ] DEBUG Engine               - class com.almasb.fxgl.notification.impl.NotificationServiceProvider
01:38:50.400 [FXGL Background Thread 3 ] DEBUG Engine               - class com.almasb.fxgl.achievement.AchievementService
01:38:50.400 [FXGL Background Thread 3 ] DEBUG Engine               - class com.almasb.fxgl.cutscene.CutsceneService
01:38:50.400 [FXGL Background Thread 3 ] DEBUG Engine               - class com.almasb.fxgl.minigames.MiniGameService
01:38:50.400 [FXGL Background Thread 3 ] DEBUG Engine               - class com.almasb.fxgl.net.NetService
01:38:50.400 [FXGL Background Thread 3 ] DEBUG Engine               - class com.almasb.fxgl.app.services.UpdaterService
01:38:50.400 [FXGL Background Thread 3 ] DEBUG Engine               - class com.almasb.fxgl.dev.DevService
01:39:45.482 [JavaFX Application Thread] DEBUG FXGLApplication      - Exiting FXGL
01:39:45.482 [JavaFX Application Thread] DEBUG LoopRunner           - Stopping loop
01:39:45.482 [JavaFX Application Thread] DEBUG SystemBundleService  - Saving FXGL system data
01:39:45.484 [JavaFX Application Thread] DEBUG FileSystemAccess     - Writing to: E:\space_java\Game\game_datbom\system\fxgl.bundle
01:39:45.486 [JavaFX Application Thread] DEBUG Async                - Shutting down background threads
01:39:45.486 [JavaFX Application Thread] DEBUG PrimaryStageWindow   - Closing main window
01:39:45.511 [JavaFX Application Thread] DEBUG Logger               - Closing Logger
