01:33:04.786 [main                     ] DEBUG Logger               - Configured Logger
01:33:04.805 [main                     ] DEBUG GameApplication      - Logging settings
Title: Bomberman
Version: 1.0
Width: 1280
Height: 720
Fullscreen: false
Intro: false
Profiling: false
Single step:false
App Mode: DEVELOPER
Menu Key: ESCAPE
Stage Style: DECORATED
Scene Factory: class hellofx.Main$1

01:33:04.914 [JavaFX Application Thread] DEBUG FXGLApplication      - Initializing FXGL
01:33:04.919 [JavaFX Application Thread] INFO  Engine               - FXGL-17.1 (24.03.2022 17.34) on WINDOWS (J:18.0.2.1 FX:18)
01:33:04.920 [JavaFX Application Thread] DEBUG Engine               - JRE Vendor Name: Oracle Corporation
01:33:04.920 [JavaFX Application Thread] DEBUG Engine               - Running on OS: Windows 11 version 10.0
01:33:04.920 [JavaFX Application Thread] DEBUG Engine               - Architecture: amd64
01:33:04.920 [JavaFX Application Thread] INFO  Engine               - Source code and latest versions at: https://github.com/AlmasB/FXGL
01:33:04.920 [JavaFX Application Thread] INFO  Engine               -       Ask questions and discuss at: https://github.com/AlmasB/FXGL/discussions
01:33:04.920 [JavaFX Application Thread] INFO  Engine               -              Join the FXGL chat at: https://gitter.im/AlmasB/FXGL
01:33:04.972 [JavaFX Application Thread] DEBUG PrimaryStageWindow   - Creating a JavaFX scene
01:33:05.021 [JavaFX Application Thread] DEBUG PrimaryStageWindow   - Target settings size: 1280.0 x 720.0
01:33:05.022 [JavaFX Application Thread] DEBUG PrimaryStageWindow   - Scaled scene size:    1280.0 x 720.0
01:33:05.022 [JavaFX Application Thread] DEBUG PrimaryStageWindow   - Scaled ratio: (1.0, 1.0)
01:33:05.023 [JavaFX Application Thread] DEBUG PrimaryStageWindow   - Set initial scene to FXGLStartupScene
01:33:05.031 [JavaFX Application Thread] DEBUG PrimaryStageWindow   - Opening main window
01:33:05.116 [JavaFX Application Thread] DEBUG PrimaryStageWindow   - Window border size: (16.0, 39.0)
01:33:05.116 [JavaFX Application Thread] DEBUG PrimaryStageWindow   - Scaled size: 1280.0 x 720.0
01:33:05.116 [JavaFX Application Thread] DEBUG PrimaryStageWindow   - Scaled ratio: (1.0, 1.0)
01:33:05.117 [JavaFX Application Thread] DEBUG PrimaryStageWindow   - Scene size: 1280.0 x 720.0
01:33:05.117 [JavaFX Application Thread] DEBUG PrimaryStageWindow   - Stage size: 1296.0 x 759.0
01:33:05.126 [FXGL Background Thread 1 ] DEBUG Engine               - Initializing environment variables
01:33:05.196 [FXGL Background Thread 1 ] DEBUG FXGLAssetLoaderServi - User app class for loading assets: class hellofx.Main
01:33:05.196 [FXGL Background Thread 1 ] DEBUG GameApplicationServi - Applying CSS: fxgl_dark.css
01:33:05.197 [FXGL Background Thread 1 ] DEBUG FXGLAssetLoaderServi - Loading from file system: jar:file:/C:/Users/chaum/.m2/repository/com/github/almasb/fxgl/17.1/fxgl-17.1.jar!/fxglassets/ui/css/fxgl_dark.css
01:33:05.241 [FXGL Background Thread 1 ] DEBUG GameApplicationServi - Initializing application scenes
01:33:05.284 [FXGL Background Thread 1 ] DEBUG GameWorld            - Game world initialized
01:33:05.342 [FXGL Background Thread 1 ] DEBUG PhysicsWorld         - Physics world initialized: appHeight=720, physics.ppm=50.0
01:33:05.342 [FXGL Background Thread 1 ] DEBUG PhysicsWorld         - Using strategy: BRUTE_FORCE
01:33:05.346 [FXGL Background Thread 1 ] DEBUG GameScene            - Game scene initialized: 1280x720
01:33:05.413 [FXGL Background Thread 1 ] DEBUG GameApplicationServi - Application scenes initialized
01:33:05.432 [FXGL Background Thread 1 ] DEBUG SystemBundleService  - Loading FXGL system data
01:33:05.442 [FXGL Background Thread 1 ] DEBUG FileSystemAccess     - Reading from: E:\space_java\Game\game_datbom\system\fxgl.bundle
01:33:05.450 [FXGL Background Thread 1 ] DEBUG SystemBundleService  - Bundle FXGL: {}
01:33:05.450 [FXGL Background Thread 1 ] DEBUG UpdaterService       - Checking for updates
01:33:05.479 [FXGL Background Thread 4 ] DEBUG FXGLApplication      - Loading fonts
01:33:05.480 [FXGL Background Thread 1 ] DEBUG FXGLApplication      - Loading default localization
01:33:05.480 [FXGL Background Thread 4 ] DEBUG FXGLAssetLoaderServi - Loading from file system: jar:file:/C:/Users/chaum/.m2/repository/com/github/almasb/fxgl/17.1/fxgl-17.1.jar!/fxglassets/ui/fonts/VarelaRound-Regular.ttf
01:33:05.480 [FXGL Background Thread 1 ] DEBUG FXGLAssetLoaderServi - Loading from file system: jar:file:/C:/Users/chaum/.m2/repository/com/github/almasb/fxgl/17.1/fxgl-17.1.jar!/fxglassets/languages/english.lang
01:33:05.497 [FXGL Background Thread 1 ] INFO  FXGLApplication      - FXGL initialization took: 0.372 sec
01:33:05.511 [JavaFX Application Thread] DEBUG Input                - Registered new binding: action0 - F
01:33:05.512 [JavaFX Application Thread] DEBUG Input                - Registered new binding: action1 - G
01:33:05.513 [JavaFX Application Thread] DEBUG Input                - Registered new binding: action2 - R
01:33:05.513 [JavaFX Application Thread] DEBUG Input                - Registered new binding: action3 - T
01:33:05.513 [JavaFX Application Thread] DEBUG Input                - Registered new binding: Right - D
01:33:05.513 [JavaFX Application Thread] DEBUG Input                - Registered new binding: Left - A
01:33:05.514 [JavaFX Application Thread] DEBUG Input                - Registered new binding: Up - W
01:33:05.514 [JavaFX Application Thread] DEBUG Input                - Registered new binding: Down - S
01:33:05.514 [JavaFX Application Thread] DEBUG Input                - Registered new binding: Place boom - Space
01:33:05.514 [JavaFX Application Thread] DEBUG FXGLAssetLoaderServi - Loading from file system: file:/E:/space_java/Game/game_datbom/target/classes/assets/textures/icon/icon.png
01:33:05.558 [FXGL Background Thread 4 ] DEBUG FXGLAssetLoaderServi - Loading from file system: jar:file:/C:/Users/chaum/.m2/repository/com/github/almasb/fxgl/17.1/fxgl-17.1.jar!/fxglassets/ui/fonts/Abel-Regular.ttf
01:33:05.563 [FXGL Background Thread 4 ] DEBUG FXGLAssetLoaderServi - Loading from file system: jar:file:/C:/Users/chaum/.m2/repository/com/github/almasb/fxgl/17.1/fxgl-17.1.jar!/fxglassets/ui/fonts/TerminalLandMono-Regular.otf
01:33:05.567 [FXGL Background Thread 4 ] DEBUG FXGLAssetLoaderServi - Loading from file system: jar:file:/C:/Users/chaum/.m2/repository/com/github/almasb/fxgl/17.1/fxgl-17.1.jar!/fxglassets/ui/fonts/Courier-Prime.ttf
01:33:05.579 [JavaFX Application Thread] DEBUG FXGLAssetLoaderServi - Loading from file system: file:/E:/space_java/Game/game_datbom/target/classes/assets/textures/cursor/cursor1.png
01:33:05.589 [JavaFX Application Thread] DEBUG Input                - Registered new binding: Screenshot - CTRL+8
01:33:05.589 [JavaFX Application Thread] DEBUG Input                - Registered new binding: Dev Options - 1
01:33:05.590 [JavaFX Application Thread] DEBUG Input                - Registered new binding: Dev Console - 2
01:33:05.590 [JavaFX Application Thread] DEBUG Input                - Registered new binding: System info dump - CTRL+9
01:33:05.591 [JavaFX Application Thread] DEBUG Input                - Registered new binding: Restart - CTRL+R
01:33:05.591 [JavaFX Application Thread] DEBUG Input                - Registered new binding: Toggle Debug Camera - CTRL+7
01:33:05.594 [JavaFX Application Thread] DEBUG LoopRunner           - Starting loop
01:33:05.610 [JavaFX Application Thread] DEBUG LoopRunner           - Initializing JavaFX AnimationTimerLoop
01:33:05.613 [JavaFX Application Thread] DEBUG Input                - Clearing active input actions
01:33:05.620 [JavaFX Application Thread] DEBUG GameApplicationServi - Removing overlay from FXGLStartupScene and adding to FXGLMainMenuDummyScene
01:33:05.623 [JavaFX Application Thread] DEBUG PrimaryStageWindow   - FXGLStartupScene -> FXGLMainMenuDummyScene
01:33:05.623 [JavaFX Application Thread] DEBUG PrimaryStageWindow   - Push state: MainMenu
01:33:05.623 [JavaFX Application Thread] DEBUG Input                - Clearing active input actions
01:33:05.627 [JavaFX Application Thread] DEBUG GameApplicationServi - Removing overlay from FXGLMainMenuDummyScene and adding to MainMenu
01:33:05.627 [JavaFX Application Thread] DEBUG PrimaryStageWindow   - FXGLMainMenuDummyScene -> MainMenu
01:33:05.628 [JavaFX Application Thread] DEBUG FXGLApplication      - Registering font factories with UI factory
01:33:06.059 [FXGL Background Thread 2 ] INFO  UpdaterService       - Your current version:  17.1
01:33:06.059 [FXGL Background Thread 2 ] INFO  UpdaterService       - Latest stable version: 17.2
01:33:07.051 [JavaFX Application Thread] DEBUG Menu                 - fireNewGame()
01:33:07.051 [JavaFX Application Thread] DEBUG GameApplicationServi - Starting new game
01:33:07.052 [JavaFX Application Thread] DEBUG PrimaryStageWindow   - Pop state: MainMenu
01:33:07.052 [JavaFX Application Thread] DEBUG Input                - Clearing active input actions
01:33:07.052 [JavaFX Application Thread] DEBUG GameApplicationServi - Removing overlay from MainMenu and adding to FXGLMainMenuDummyScene
01:33:07.054 [JavaFX Application Thread] DEBUG PrimaryStageWindow   - FXGLMainMenuDummyScene <- MainMenu
01:33:07.054 [JavaFX Application Thread] DEBUG Input                - Clearing active input actions
01:33:07.060 [JavaFX Application Thread] DEBUG GameApplicationServi - Removing overlay from FXGLMainMenuDummyScene and adding to FXGLLoadingScene
01:33:07.061 [JavaFX Application Thread] DEBUG PrimaryStageWindow   - FXGLMainMenuDummyScene -> FXGLLoadingScene
01:33:07.061 [JavaFX Application Thread] DEBUG GameApplicationServi - Clearing previous game
01:33:07.061 [JavaFX Application Thread] DEBUG GameScene            - Clearing game scene
01:33:07.061 [JavaFX Application Thread] DEBUG GameWorld            - Clearing game world
01:33:07.061 [JavaFX Application Thread] DEBUG PhysicsWorld         - Clearing physics world
01:33:07.064 [FXGL Background Thread 2 ] DEBUG FXGLApplication      - Initializing game
01:33:07.104 [FXGL Background Thread 2 ] DEBUG FXGLAssetLoaderServi - Loading from file system: file:/E:/space_java/Game/game_datbom/target/classes/assets/textures/mapTexture/grass.png
01:33:07.111 [FXGL Background Thread 2 ] DEBUG FXGLAssetLoaderServi - Loading from file system: file:/E:/space_java/Game/game_datbom/target/classes/assets/textures/mapTexture/wall2.png
01:33:07.172 [FXGL Background Thread 2 ] DEBUG FXGLAssetLoaderServi - Loading from file system: file:/E:/space_java/Game/game_datbom/target/classes/assets/textures/enemy/oneal40.png
01:33:07.200 [FXGL Background Thread 2 ] DEBUG FXGLAssetLoaderServi - Loading from file system: file:/E:/space_java/Game/game_datbom/target/classes/assets/textures/gameItem/powerup_bombs.png
01:33:07.203 [FXGL Background Thread 2 ] DEBUG FXGLAssetLoaderServi - Loading from file system: file:/E:/space_java/Game/game_datbom/target/classes/assets/textures/gameItem/powerup_flamepass.png
01:33:07.212 [FXGL Background Thread 2 ] DEBUG FXGLAssetLoaderServi - Loading from file system: file:/E:/space_java/Game/game_datbom/target/classes/assets/textures/gameItem/powerup_flames.png
01:33:07.216 [FXGL Background Thread 2 ] DEBUG FXGLAssetLoaderServi - Loading from file system: file:/E:/space_java/Game/game_datbom/target/classes/assets/textures/gameItem/powerup_speed.png
01:33:07.229 [FXGL Background Thread 2 ] DEBUG FXGLAssetLoaderServi - Loading from file system: file:/E:/space_java/Game/game_datbom/target/classes/assets/textures/enemy/balloon36.png
01:33:07.264 [FXGL Background Thread 2 ] DEBUG FXGLAssetLoaderServi - Loading from file system: file:/E:/space_java/Game/game_datbom/target/classes/assets/textures/mapTexture%5cbrick.png
01:33:07.265 [FXGL Background Thread 2 ] DEBUG FXGLAssetLoaderServi - Loading from file system: file:/E:/space_java/Game/game_datbom/target/classes/assets/textures/mapTexture%5cbrick_break.png
01:33:07.333 [FXGL Background Thread 2 ] DEBUG FXGLAssetLoaderServi - Loading from file system: file:/E:/space_java/Game/game_datbom/target/classes/assets/textures/mapTexture/portal.png
01:33:07.399 [FXGL Background Thread 2 ] DEBUG FXGLAssetLoaderServi - Loading from file system: file:/E:/space_java/Game/game_datbom/target/classes/assets/textures/character/gold_player_dead.png
01:33:07.401 [FXGL Background Thread 2 ] DEBUG FXGLAssetLoaderServi - Loading from file system: file:/E:/space_java/Game/game_datbom/target/classes/assets/textures/character/gold_player_down.png
01:33:07.402 [FXGL Background Thread 2 ] DEBUG FXGLAssetLoaderServi - Loading from file system: file:/E:/space_java/Game/game_datbom/target/classes/assets/textures/character/gold_player_up.png
01:33:07.404 [FXGL Background Thread 2 ] DEBUG FXGLAssetLoaderServi - Loading from file system: file:/E:/space_java/Game/game_datbom/target/classes/assets/textures/character/gold_player_left_temp.png
01:33:07.404 [FXGL Background Thread 2 ] DEBUG FXGLAssetLoaderServi - Loading from file system: file:/E:/space_java/Game/game_datbom/target/classes/assets/textures/character/gold_player_right_temp.png
01:33:07.414 [FXGL Background Thread 2 ] INFO  FXGLApplication      - Game initialization took: 0.349 sec
01:33:07.415 [JavaFX Application Thread] DEBUG Input                - Clearing active input actions
01:33:07.438 [JavaFX Application Thread] DEBUG GameApplicationServi - Removing overlay from FXGLLoadingScene and adding to GameScene
01:33:07.443 [JavaFX Application Thread] DEBUG PrimaryStageWindow   - FXGLLoadingScene -> GameScene
01:33:08.479 [FXGL Background Thread 3 ] DEBUG Engine               - Logging environment variables
01:33:08.479 [FXGL Background Thread 3 ] DEBUG Engine               - achievements: []
01:33:08.479 [FXGL Background Thread 3 ] DEBUG Engine               - actualHeight: 720.0
01:33:08.480 [FXGL Background Thread 3 ] DEBUG Engine               - actualHeightProperty: ReadOnlyDoubleProperty [value: 720.0]
01:33:08.480 [FXGL Background Thread 3 ] DEBUG Engine               - actualWidth: 1280.0
01:33:08.480 [FXGL Background Thread 3 ] DEBUG Engine               - actualWidthProperty: ReadOnlyDoubleProperty [value: 1280.0]
01:33:08.480 [FXGL Background Thread 3 ] DEBUG Engine               - appIcon: icon/icon.png
01:33:08.480 [FXGL Background Thread 3 ] DEBUG Engine               - applicationMode: DEVELOPER
01:33:08.480 [FXGL Background Thread 3 ] DEBUG Engine               - cSSList: [fxgl_dark.css]
01:33:08.480 [FXGL Background Thread 3 ] DEBUG Engine               - collisionDetectionStrategy: BRUTE_FORCE
01:33:08.480 [FXGL Background Thread 3 ] DEBUG Engine               - configClass: Optional.empty
01:33:08.480 [FXGL Background Thread 3 ] DEBUG Engine               - credits: []
01:33:08.482 [FXGL Background Thread 3 ] DEBUG Engine               - defaultCursor: CursorInfo(imageName=cursor/cursor1.png, hotspotX=0.0, hotspotY=0.0)
01:33:08.482 [FXGL Background Thread 3 ] DEBUG Engine               - devBBoxColorProperty: ObjectProperty [value: 0xff0000ff]
01:33:08.482 [FXGL Background Thread 3 ] DEBUG Engine               - devEnableDebugCameraProperty: BooleanProperty [value: false]
01:33:08.482 [FXGL Background Thread 3 ] DEBUG Engine               - devSensorColorProperty: ObjectProperty [value: 0xffff00ff]
01:33:08.482 [FXGL Background Thread 3 ] DEBUG Engine               - devShowBBoxProperty: BooleanProperty [value: false]
01:33:08.482 [FXGL Background Thread 3 ] DEBUG Engine               - devShowPositionProperty: BooleanProperty [value: false]
01:33:08.482 [FXGL Background Thread 3 ] DEBUG Engine               - enabledMenuItems: []
01:33:08.482 [FXGL Background Thread 3 ] DEBUG Engine               - engineServices: [class com.almasb.fxgl.app.services.FXGLAssetLoaderService, class com.almasb.fxgl.app.FXGLApplication$GameApplicationService, class com.almasb.fxgl.app.services.FXGLDialogService, class com.almasb.fxgl.app.services.IOTaskExecutorService, class com.almasb.fxgl.io.FileSystemService, class com.almasb.fxgl.localization.LocalizationService, class com.almasb.fxgl.app.services.SystemBundleService, class com.almasb.fxgl.profile.SaveLoadService, class com.almasb.fxgl.ui.FXGLUIFactoryServiceProvider, class com.almasb.fxgl.ui.FXGLDialogFactoryServiceProvider, class com.almasb.fxgl.audio.AudioPlayer, class com.almasb.fxgl.notification.impl.NotificationServiceProvider, class com.almasb.fxgl.achievement.AchievementService, class com.almasb.fxgl.cutscene.CutsceneService, class com.almasb.fxgl.minigames.MiniGameService, class com.almasb.fxgl.net.NetService, class com.almasb.fxgl.app.services.UpdaterService, class com.almasb.fxgl.dev.DevService]
01:33:08.483 [FXGL Background Thread 3 ] DEBUG Engine               - fontGame: Abel-Regular.ttf
01:33:08.483 [FXGL Background Thread 3 ] DEBUG Engine               - fontMono: TerminalLandMono-Regular.otf
01:33:08.483 [FXGL Background Thread 3 ] DEBUG Engine               - fontText: Courier-Prime.ttf
01:33:08.483 [FXGL Background Thread 3 ] DEBUG Engine               - fontUI: VarelaRound-Regular.ttf
01:33:08.483 [FXGL Background Thread 3 ] DEBUG Engine               - fullScreen: BooleanProperty [value: false]
01:33:08.483 [FXGL Background Thread 3 ] DEBUG Engine               - gameDifficulty: MEDIUM
01:33:08.483 [FXGL Background Thread 3 ] DEBUG Engine               - gameDifficultyProperty: ObjectProperty [value: MEDIUM]
01:33:08.483 [FXGL Background Thread 3 ] DEBUG Engine               - globalMusicVolume: 0.5
01:33:08.483 [FXGL Background Thread 3 ] DEBUG Engine               - globalMusicVolumeProperty: DoubleProperty [value: 0.5]
01:33:08.483 [FXGL Background Thread 3 ] DEBUG Engine               - globalSoundVolume: 0.5
01:33:08.483 [FXGL Background Thread 3 ] DEBUG Engine               - globalSoundVolumeProperty: DoubleProperty [value: 0.5]
01:33:08.483 [FXGL Background Thread 3 ] DEBUG Engine               - height: 720
01:33:08.483 [FXGL Background Thread 3 ] DEBUG Engine               - is3D: false
01:33:08.483 [FXGL Background Thread 3 ] DEBUG Engine               - isAndroid: false
01:33:08.483 [FXGL Background Thread 3 ] DEBUG Engine               - isBrowser: false
01:33:08.483 [FXGL Background Thread 3 ] DEBUG Engine               - isClickFeedbackEnabled: false
01:33:08.483 [FXGL Background Thread 3 ] DEBUG Engine               - isCloseConfirmation: false
01:33:08.484 [FXGL Background Thread 3 ] DEBUG Engine               - isDesktop: true
01:33:08.484 [FXGL Background Thread 3 ] DEBUG Engine               - isDeveloperMenuEnabled: true
01:33:08.484 [FXGL Background Thread 3 ] DEBUG Engine               - isEmbedded: false
01:33:08.484 [FXGL Background Thread 3 ] DEBUG Engine               - isEntityPreloadEnabled: true
01:33:08.484 [FXGL Background Thread 3 ] DEBUG Engine               - isExperimentalTiledLargeMap: false
01:33:08.484 [FXGL Background Thread 3 ] DEBUG Engine               - isFileSystemWriteAllowed: true
01:33:08.484 [FXGL Background Thread 3 ] DEBUG Engine               - isFullScreenAllowed: false
01:33:08.484 [FXGL Background Thread 3 ] DEBUG Engine               - isFullScreenFromStart: false
01:33:08.484 [FXGL Background Thread 3 ] DEBUG Engine               - isGameMenuEnabled: true
01:33:08.484 [FXGL Background Thread 3 ] DEBUG Engine               - isIOS: false
01:33:08.484 [FXGL Background Thread 3 ] DEBUG Engine               - isIntroEnabled: false
01:33:08.484 [FXGL Background Thread 3 ] DEBUG Engine               - isLinux: false
01:33:08.484 [FXGL Background Thread 3 ] DEBUG Engine               - isMac: false
01:33:08.484 [FXGL Background Thread 3 ] DEBUG Engine               - isMainMenuEnabled: true
01:33:08.484 [FXGL Background Thread 3 ] DEBUG Engine               - isManualResizeEnabled: false
01:33:08.484 [FXGL Background Thread 3 ] DEBUG Engine               - isMobile: false
01:33:08.484 [FXGL Background Thread 3 ] DEBUG Engine               - isNative: false
01:33:08.484 [FXGL Background Thread 3 ] DEBUG Engine               - isPauseMusicWhenMinimized: true
01:33:08.484 [FXGL Background Thread 3 ] DEBUG Engine               - isPreserveResizeRatio: false
01:33:08.484 [FXGL Background Thread 3 ] DEBUG Engine               - isProfilingEnabled: false
01:33:08.485 [FXGL Background Thread 3 ] DEBUG Engine               - isScaleAffectedOnResize: true
01:33:08.485 [FXGL Background Thread 3 ] DEBUG Engine               - isSingleStep: false
01:33:08.485 [FXGL Background Thread 3 ] DEBUG Engine               - isUserProfileEnabled: false
01:33:08.485 [FXGL Background Thread 3 ] DEBUG Engine               - isWindows: true
01:33:08.485 [FXGL Background Thread 3 ] DEBUG Engine               - language: ObjectProperty [value: ENGLISH]
01:33:08.485 [FXGL Background Thread 3 ] DEBUG Engine               - menuKey: ESCAPE
01:33:08.485 [FXGL Background Thread 3 ] DEBUG Engine               - mouseSensitivity: 0.2
01:33:08.485 [FXGL Background Thread 3 ] DEBUG Engine               - notificationViewClass: class com.almasb.fxgl.notification.view.XboxNotificationView
01:33:08.485 [FXGL Background Thread 3 ] DEBUG Engine               - pixelsPerMeter: 50.0
01:33:08.485 [FXGL Background Thread 3 ] DEBUG Engine               - platform: WINDOWS
01:33:08.485 [FXGL Background Thread 3 ] DEBUG Engine               - prefHeightProperty: ReadOnlyDoubleProperty [value: 720.0]
01:33:08.485 [FXGL Background Thread 3 ] DEBUG Engine               - prefWidthProperty: ReadOnlyDoubleProperty [value: 1280.0]
01:33:08.485 [FXGL Background Thread 3 ] DEBUG Engine               - profileDir: profiles/
01:33:08.485 [FXGL Background Thread 3 ] DEBUG Engine               - profileName: StringProperty [value: DEFAULT]
01:33:08.485 [FXGL Background Thread 3 ] DEBUG Engine               - randomSeed: -1
01:33:08.485 [FXGL Background Thread 3 ] DEBUG Engine               - runtimeInfo: RuntimeInfo(platform=WINDOWS, version=17.1, build=24.03.2022 17.34)
01:33:08.485 [FXGL Background Thread 3 ] DEBUG Engine               - saveFileExt: sav
01:33:08.486 [FXGL Background Thread 3 ] DEBUG Engine               - scaledHeightProp$fxgl: DoubleProperty [bound, value: 720.0]
01:33:08.486 [FXGL Background Thread 3 ] DEBUG Engine               - scaledWidthProp$fxgl: DoubleProperty [bound, value: 1280.0]
01:33:08.486 [FXGL Background Thread 3 ] DEBUG Engine               - sceneFactory: hellofx.Main$1@19dded99
01:33:08.486 [FXGL Background Thread 3 ] DEBUG Engine               - secondsIn24h: 60
01:33:08.486 [FXGL Background Thread 3 ] DEBUG Engine               - soundMenuBack: menu/back.wav
01:33:08.486 [FXGL Background Thread 3 ] DEBUG Engine               - soundMenuPress: menu/press.wav
01:33:08.486 [FXGL Background Thread 3 ] DEBUG Engine               - soundMenuSelect: menu/select.wav
01:33:08.486 [FXGL Background Thread 3 ] DEBUG Engine               - soundNotification: core/notification.wav
01:33:08.486 [FXGL Background Thread 3 ] DEBUG Engine               - stageStyle: DECORATED
01:33:08.486 [FXGL Background Thread 3 ] DEBUG Engine               - supportedLanguages: [ENGLISH, FRENCH, GERMAN, HUNGARIAN, RUSSIAN]
01:33:08.486 [FXGL Background Thread 3 ] DEBUG Engine               - ticksPerSecond: -1
01:33:08.486 [FXGL Background Thread 3 ] DEBUG Engine               - title: Bomberman
01:33:08.486 [FXGL Background Thread 3 ] DEBUG Engine               - urlGithub: https://github.com/AlmasB/FXGL
01:33:08.486 [FXGL Background Thread 3 ] DEBUG Engine               - urlLeaderboard: http://fxgl-top.herokuapp.com/
01:33:08.486 [FXGL Background Thread 3 ] DEBUG Engine               - urlPOM: https://raw.githubusercontent.com/AlmasB/FXGL/release/README.md
01:33:08.486 [FXGL Background Thread 3 ] DEBUG Engine               - userAppClass: class hellofx.Main
01:33:08.486 [FXGL Background Thread 3 ] DEBUG Engine               - version: 1.0
01:33:08.486 [FXGL Background Thread 3 ] DEBUG Engine               - versionCheckDays: 7
01:33:08.486 [FXGL Background Thread 3 ] DEBUG Engine               - width: 1280
01:33:08.486 [FXGL Background Thread 3 ] DEBUG Engine               - Logging services
01:33:08.486 [FXGL Background Thread 3 ] DEBUG Engine               - class com.almasb.fxgl.app.services.FXGLAssetLoaderService
01:33:08.487 [FXGL Background Thread 3 ] DEBUG Engine               - class com.almasb.fxgl.app.FXGLApplication$GameApplicationService
01:33:08.487 [FXGL Background Thread 3 ] DEBUG Engine               - class com.almasb.fxgl.app.services.FXGLDialogService
01:33:08.487 [FXGL Background Thread 3 ] DEBUG Engine               - class com.almasb.fxgl.app.services.IOTaskExecutorService
01:33:08.487 [FXGL Background Thread 3 ] DEBUG Engine               - class com.almasb.fxgl.io.FileSystemService
01:33:08.487 [FXGL Background Thread 3 ] DEBUG Engine               - class com.almasb.fxgl.localization.LocalizationService
01:33:08.487 [FXGL Background Thread 3 ] DEBUG Engine               - class com.almasb.fxgl.app.services.SystemBundleService
01:33:08.487 [FXGL Background Thread 3 ] DEBUG Engine               - class com.almasb.fxgl.profile.SaveLoadService
01:33:08.487 [FXGL Background Thread 3 ] DEBUG Engine               - class com.almasb.fxgl.ui.FXGLUIFactoryServiceProvider
01:33:08.487 [FXGL Background Thread 3 ] DEBUG Engine               - class com.almasb.fxgl.ui.FXGLDialogFactoryServiceProvider
01:33:08.487 [FXGL Background Thread 3 ] DEBUG Engine               - class com.almasb.fxgl.audio.AudioPlayer
01:33:08.487 [FXGL Background Thread 3 ] DEBUG Engine               - class com.almasb.fxgl.notification.impl.NotificationServiceProvider
01:33:08.487 [FXGL Background Thread 3 ] DEBUG Engine               - class com.almasb.fxgl.achievement.AchievementService
01:33:08.487 [FXGL Background Thread 3 ] DEBUG Engine               - class com.almasb.fxgl.cutscene.CutsceneService
01:33:08.487 [FXGL Background Thread 3 ] DEBUG Engine               - class com.almasb.fxgl.minigames.MiniGameService
01:33:08.487 [FXGL Background Thread 3 ] DEBUG Engine               - class com.almasb.fxgl.net.NetService
01:33:08.487 [FXGL Background Thread 3 ] DEBUG Engine               - class com.almasb.fxgl.app.services.UpdaterService
01:33:08.487 [FXGL Background Thread 3 ] DEBUG Engine               - class com.almasb.fxgl.dev.DevService
01:33:16.522 [JavaFX Application Thread] DEBUG Input                - Clearing active input actions
01:33:16.532 [JavaFX Application Thread] DEBUG GameApplicationServi - Removing overlay from GameScene and adding to FXGLMainMenuDummyScene
01:33:16.534 [JavaFX Application Thread] DEBUG PrimaryStageWindow   - GameScene -> FXGLMainMenuDummyScene
01:33:16.534 [JavaFX Application Thread] DEBUG PrimaryStageWindow   - Push state: MainMenu
01:33:16.534 [JavaFX Application Thread] DEBUG Input                - Clearing active input actions
01:33:16.534 [JavaFX Application Thread] DEBUG GameApplicationServi - Removing overlay from FXGLMainMenuDummyScene and adding to MainMenu
01:33:16.535 [JavaFX Application Thread] DEBUG PrimaryStageWindow   - FXGLMainMenuDummyScene -> MainMenu
01:33:18.180 [JavaFX Application Thread] DEBUG Menu                 - fireNewGame()
01:33:18.181 [JavaFX Application Thread] DEBUG GameApplicationServi - Starting new game
01:33:18.181 [JavaFX Application Thread] DEBUG PrimaryStageWindow   - Pop state: MainMenu
01:33:18.181 [JavaFX Application Thread] DEBUG Input                - Clearing active input actions
01:33:18.181 [JavaFX Application Thread] DEBUG GameApplicationServi - Removing overlay from MainMenu and adding to FXGLMainMenuDummyScene
01:33:18.182 [JavaFX Application Thread] DEBUG PrimaryStageWindow   - FXGLMainMenuDummyScene <- MainMenu
01:33:18.182 [JavaFX Application Thread] DEBUG Input                - Clearing active input actions
01:33:18.187 [JavaFX Application Thread] DEBUG GameApplicationServi - Removing overlay from FXGLMainMenuDummyScene and adding to FXGLLoadingScene
01:33:18.187 [JavaFX Application Thread] DEBUG PrimaryStageWindow   - FXGLMainMenuDummyScene -> FXGLLoadingScene
01:33:18.188 [JavaFX Application Thread] DEBUG GameApplicationServi - Clearing previous game
01:33:18.188 [JavaFX Application Thread] DEBUG GameScene            - Clearing game scene
01:33:18.188 [JavaFX Application Thread] DEBUG GameWorld            - Clearing game world
01:33:18.211 [JavaFX Application Thread] DEBUG PhysicsWorld         - Clearing physics world
01:33:18.211 [FXGL Background Thread 2 ] DEBUG FXGLApplication      - Initializing game
01:33:18.318 [FXGL Background Thread 2 ] INFO  FXGLApplication      - Game initialization took: 0.107 sec
01:33:18.327 [JavaFX Application Thread] DEBUG Input                - Clearing active input actions
01:33:18.334 [JavaFX Application Thread] DEBUG GameApplicationServi - Removing overlay from FXGLLoadingScene and adding to GameScene
01:33:18.335 [JavaFX Application Thread] DEBUG PrimaryStageWindow   - FXGLLoadingScene -> GameScene
01:34:07.573 [JavaFX Application Thread] DEBUG FXGLAssetLoaderServi - Loading from file system: file:/E:/space_java/Game/game_datbom/target/classes/assets/textures/character%5cbomb.png
01:34:07.580 [JavaFX Application Thread] DEBUG FXGLAssetLoaderServi - Loading from file system: file:/E:/space_java/Game/game_datbom/target/classes/assets/textures/flame%5cleft_flame.png
01:34:07.582 [JavaFX Application Thread] DEBUG FXGLAssetLoaderServi - Loading from file system: file:/E:/space_java/Game/game_datbom/target/classes/assets/textures/flame%5cup_flame.png
01:34:07.583 [JavaFX Application Thread] DEBUG FXGLAssetLoaderServi - Loading from file system: file:/E:/space_java/Game/game_datbom/target/classes/assets/textures/flame%5ccentral_flame.png
01:34:11.113 [JavaFX Application Thread] DEBUG Input                - Clearing active input actions
01:34:11.122 [JavaFX Application Thread] DEBUG GameApplicationServi - Removing overlay from GameScene and adding to FXGLMainMenuDummyScene
01:34:11.124 [JavaFX Application Thread] DEBUG PrimaryStageWindow   - GameScene -> FXGLMainMenuDummyScene
01:34:11.124 [JavaFX Application Thread] DEBUG PrimaryStageWindow   - Push state: MainMenu
01:34:11.125 [JavaFX Application Thread] DEBUG Input                - Clearing active input actions
01:34:11.125 [JavaFX Application Thread] DEBUG GameApplicationServi - Removing overlay from FXGLMainMenuDummyScene and adding to MainMenu
01:34:11.125 [JavaFX Application Thread] DEBUG PrimaryStageWindow   - FXGLMainMenuDummyScene -> MainMenu
01:34:15.013 [JavaFX Application Thread] DEBUG Menu                 - fireNewGame()
01:34:15.013 [JavaFX Application Thread] DEBUG GameApplicationServi - Starting new game
01:34:15.014 [JavaFX Application Thread] DEBUG PrimaryStageWindow   - Pop state: MainMenu
01:34:15.014 [JavaFX Application Thread] DEBUG Input                - Clearing active input actions
01:34:15.015 [JavaFX Application Thread] DEBUG GameApplicationServi - Removing overlay from MainMenu and adding to FXGLMainMenuDummyScene
01:34:15.017 [JavaFX Application Thread] DEBUG PrimaryStageWindow   - FXGLMainMenuDummyScene <- MainMenu
01:34:15.017 [JavaFX Application Thread] DEBUG Input                - Clearing active input actions
01:34:15.023 [JavaFX Application Thread] DEBUG GameApplicationServi - Removing overlay from FXGLMainMenuDummyScene and adding to FXGLLoadingScene
01:34:15.023 [JavaFX Application Thread] DEBUG PrimaryStageWindow   - FXGLMainMenuDummyScene -> FXGLLoadingScene
01:34:15.024 [JavaFX Application Thread] DEBUG GameApplicationServi - Clearing previous game
01:34:15.024 [JavaFX Application Thread] DEBUG GameScene            - Clearing game scene
01:34:15.024 [JavaFX Application Thread] DEBUG GameWorld            - Clearing game world
01:34:15.038 [JavaFX Application Thread] DEBUG PhysicsWorld         - Clearing physics world
01:34:15.038 [FXGL Background Thread 2 ] DEBUG FXGLApplication      - Initializing game
01:34:15.104 [FXGL Background Thread 2 ] INFO  FXGLApplication      - Game initialization took: 0.066 sec
01:34:15.113 [JavaFX Application Thread] DEBUG Input                - Clearing active input actions
01:34:15.121 [JavaFX Application Thread] DEBUG GameApplicationServi - Removing overlay from FXGLLoadingScene and adding to GameScene
01:34:15.122 [JavaFX Application Thread] DEBUG PrimaryStageWindow   - FXGLLoadingScene -> GameScene
01:34:31.786 [JavaFX Application Thread] DEBUG LoopRunner           - Stopping loop
01:34:31.788 [JavaFX Application Thread] FATAL FXGLApplication      - Uncaught Exception:
java.lang.ArrayIndexOutOfBoundsException: Index -1 out of bounds for length 32
	at hellofx.Enemy.EnemyRandom.setMap(EnemyRandom.java:74)
	at hellofx.Enemy.EnemyRandom.onUpdate(EnemyRandom.java:51)
	at com.almasb.fxgl.entity.Entity$ComponentMap.update(Entity.java:60)
	at com.almasb.fxgl.entity.Entity.update(Entity.java:248)
	at com.almasb.fxgl.entity.GameWorld.onUpdate(GameWorld.kt:177)
	at com.almasb.fxgl.app.scene.GameScene.step(GameScene.kt:224)
	at com.almasb.fxgl.app.scene.GameScene.onUpdate(GameScene.kt:220)
	at com.almasb.fxgl.scene.Scene.update(Scene.kt:105)
	at com.almasb.fxgl.app.MainWindow$update$1.invoke(MainWindow.kt:115)
	at com.almasb.fxgl.app.MainWindow$update$1.invoke(MainWindow.kt:115)
	at com.almasb.fxgl.core.fsm.StateMachine.runOnActiveStates(StateMachine.kt:69)
	at com.almasb.fxgl.app.MainWindow.update(MainWindow.kt:115)
	at com.almasb.fxgl.app.FXGLApplication$GameApplicationService.onUpdate(FXGLApplication.kt:426)
	at com.almasb.fxgl.app.Engine.loop(Engine.kt:134)
	at com.almasb.fxgl.app.Engine.access$loop(Engine.kt:24)
	at com.almasb.fxgl.app.Engine$loop$1.invoke(Engine.kt:28)
	at com.almasb.fxgl.app.Engine$loop$1.invoke(Engine.kt:28)
	at com.almasb.fxgl.app.LoopRunner.frame(LoopRunner.kt:103)
	at com.almasb.fxgl.app.LoopRunner.access$frame(LoopRunner.kt:23)
	at com.almasb.fxgl.app.LoopRunner$impl$2$1.onTick(LoopRunner.kt:57)
	at com.almasb.fxgl.app.AnimationTimerLoop$timer$1.handle(LoopRunner.kt:137)
	at javafx.animation.AnimationTimer$AnimationTimerReceiver.lambda$handle$0(AnimationTimer.java:58)
	at java.base/java.security.AccessController.doPrivileged(AccessController.java:399)
	at javafx.animation.AnimationTimer$AnimationTimerReceiver.handle(AnimationTimer.java:57)
	at com.sun.scenario.animation.AbstractPrimaryTimer.timePulseImpl(AbstractPrimaryTimer.java:356)
	at com.sun.scenario.animation.AbstractPrimaryTimer$MainLoop.run(AbstractPrimaryTimer.java:266)
	at com.sun.javafx.tk.quantum.QuantumToolkit.pulse(QuantumToolkit.java:571)
	at com.sun.javafx.tk.quantum.QuantumToolkit.pulse(QuantumToolkit.java:555)
	at com.sun.javafx.tk.quantum.QuantumToolkit.pulseFromQueue(QuantumToolkit.java:548)
	at com.sun.javafx.tk.quantum.QuantumToolkit.lambda$runToolkit$11(QuantumToolkit.java:352)
	at com.sun.glass.ui.InvokeLaterDispatcher$Future.run(InvokeLaterDispatcher.java:96)
	at com.sun.glass.ui.win.WinApplication._runLoop(Native Method)
	at com.sun.glass.ui.win.WinApplication.lambda$runLoop$3(WinApplication.java:184)
	at java.base/java.lang.Thread.run(Thread.java:833)

01:34:31.789 [JavaFX Application Thread] FATAL FXGLApplication      - Application will now exit
01:34:31.800 [JavaFX Application Thread] DEBUG PrimaryStageWindow   - Push state: ErrorSubScene
01:34:31.801 [JavaFX Application Thread] DEBUG Input                - Clearing active input actions
01:34:31.801 [JavaFX Application Thread] DEBUG GameApplicationServi - Removing overlay from GameScene and adding to ErrorSubScene
01:34:31.802 [JavaFX Application Thread] DEBUG PrimaryStageWindow   - GameScene -> ErrorSubScene
01:34:42.269 [JavaFX Application Thread] DEBUG FXGLApplication      - Exiting FXGL
01:34:42.269 [JavaFX Application Thread] DEBUG Async                - Shutting down background threads
01:34:42.269 [JavaFX Application Thread] DEBUG PrimaryStageWindow   - Closing main window
01:34:42.298 [JavaFX Application Thread] DEBUG Logger               - Closing Logger
