16:42:16.043 [main                     ] DEBUG Logger               - Configured Logger
16:42:16.057 [main                     ] DEBUG GameApplication      - Logging settings
Title: Bomberman
Version: 1.0
Width: 1280
Height: 720
Fullscreen: false
Intro: false
Profiling: false
Single step:false
App Mode: DEVELOPER
Menu Key: ESCAPE
Stage Style: DECORATED
Scene Factory: class hellofx.Main$1

16:42:16.164 [JavaFX Application Thread] DEBUG FXGLApplication      - Initializing FXGL
16:42:16.170 [JavaFX Application Thread] INFO  Engine               - FXGL-17.1 (24.03.2022 17.34) on WINDOWS (J:18.0.2.1 FX:18)
16:42:16.170 [JavaFX Application Thread] DEBUG Engine               - JRE Vendor Name: Oracle Corporation
16:42:16.170 [JavaFX Application Thread] DEBUG Engine               - Running on OS: Windows 11 version 10.0
16:42:16.171 [JavaFX Application Thread] DEBUG Engine               - Architecture: amd64
16:42:16.171 [JavaFX Application Thread] INFO  Engine               - Source code and latest versions at: https://github.com/AlmasB/FXGL
16:42:16.171 [JavaFX Application Thread] INFO  Engine               -       Ask questions and discuss at: https://github.com/AlmasB/FXGL/discussions
16:42:16.171 [JavaFX Application Thread] INFO  Engine               -              Join the FXGL chat at: https://gitter.im/AlmasB/FXGL
16:42:16.220 [JavaFX Application Thread] DEBUG PrimaryStageWindow   - Creating a JavaFX scene
16:42:16.266 [JavaFX Application Thread] DEBUG PrimaryStageWindow   - Target settings size: 1280.0 x 720.0
16:42:16.267 [JavaFX Application Thread] DEBUG PrimaryStageWindow   - Scaled scene size:    1280.0 x 720.0
16:42:16.267 [JavaFX Application Thread] DEBUG PrimaryStageWindow   - Scaled ratio: (1.0, 1.0)
16:42:16.268 [JavaFX Application Thread] DEBUG PrimaryStageWindow   - Set initial scene to FXGLStartupScene
16:42:16.278 [JavaFX Application Thread] DEBUG PrimaryStageWindow   - Opening main window
16:42:16.373 [JavaFX Application Thread] DEBUG PrimaryStageWindow   - Window border size: (16.0, 39.0)
16:42:16.373 [JavaFX Application Thread] DEBUG PrimaryStageWindow   - Scaled size: 1280.0 x 720.0
16:42:16.373 [JavaFX Application Thread] DEBUG PrimaryStageWindow   - Scaled ratio: (1.0, 1.0)
16:42:16.373 [JavaFX Application Thread] DEBUG PrimaryStageWindow   - Scene size: 1280.0 x 720.0
16:42:16.374 [JavaFX Application Thread] DEBUG PrimaryStageWindow   - Stage size: 1296.0 x 759.0
16:42:16.380 [FXGL Background Thread 1 ] DEBUG Engine               - Initializing environment variables
16:42:16.462 [FXGL Background Thread 1 ] DEBUG FXGLAssetLoaderServi - User app class for loading assets: class hellofx.Main
16:42:16.463 [FXGL Background Thread 1 ] DEBUG GameApplicationServi - Applying CSS: fxgl_dark.css
16:42:16.464 [FXGL Background Thread 1 ] DEBUG FXGLAssetLoaderServi - Loading from file system: jar:file:/C:/Users/chaum/.m2/repository/com/github/almasb/fxgl/17.1/fxgl-17.1.jar!/fxglassets/ui/css/fxgl_dark.css
16:42:16.519 [FXGL Background Thread 1 ] DEBUG GameApplicationServi - Initializing application scenes
16:42:16.563 [FXGL Background Thread 1 ] DEBUG GameWorld            - Game world initialized
16:42:16.615 [FXGL Background Thread 1 ] DEBUG PhysicsWorld         - Physics world initialized: appHeight=720, physics.ppm=50.0
16:42:16.615 [FXGL Background Thread 1 ] DEBUG PhysicsWorld         - Using strategy: BRUTE_FORCE
16:42:16.618 [FXGL Background Thread 1 ] DEBUG GameScene            - Game scene initialized: 1280x720
16:42:16.690 [FXGL Background Thread 1 ] DEBUG GameApplicationServi - Application scenes initialized
16:42:16.701 [FXGL Background Thread 1 ] DEBUG SystemBundleService  - Loading FXGL system data
16:42:16.705 [FXGL Background Thread 1 ] DEBUG FileSystemAccess     - Reading from: E:\space_java\Game\game_datbom\system\fxgl.bundle
16:42:16.714 [FXGL Background Thread 1 ] DEBUG SystemBundleService  - Bundle FXGL: {}
16:42:16.714 [FXGL Background Thread 1 ] DEBUG UpdaterService       - Checking for updates
16:42:16.746 [FXGL Background Thread 4 ] DEBUG FXGLApplication      - Loading fonts
16:42:16.747 [FXGL Background Thread 4 ] DEBUG FXGLAssetLoaderServi - Loading from file system: jar:file:/C:/Users/chaum/.m2/repository/com/github/almasb/fxgl/17.1/fxgl-17.1.jar!/fxglassets/ui/fonts/VarelaRound-Regular.ttf
16:42:16.747 [FXGL Background Thread 1 ] DEBUG FXGLApplication      - Loading default localization
16:42:16.748 [FXGL Background Thread 1 ] DEBUG FXGLAssetLoaderServi - Loading from file system: jar:file:/C:/Users/chaum/.m2/repository/com/github/almasb/fxgl/17.1/fxgl-17.1.jar!/fxglassets/languages/english.lang
16:42:16.770 [FXGL Background Thread 1 ] INFO  FXGLApplication      - FXGL initialization took: 0.389 sec
16:42:16.783 [JavaFX Application Thread] DEBUG Input                - Registered new binding: action0 - F
16:42:16.783 [JavaFX Application Thread] DEBUG Input                - Registered new binding: Right - D
16:42:16.784 [JavaFX Application Thread] DEBUG Input                - Registered new binding: Left - A
16:42:16.784 [JavaFX Application Thread] DEBUG Input                - Registered new binding: Up - W
16:42:16.785 [JavaFX Application Thread] DEBUG Input                - Registered new binding: Down - S
16:42:16.785 [JavaFX Application Thread] DEBUG Input                - Registered new binding: Place boom - Space
16:42:16.785 [JavaFX Application Thread] DEBUG FXGLAssetLoaderServi - Loading from file system: file:/E:/space_java/Game/game_datbom/target/classes/assets/textures/icon/icon.png
16:42:16.837 [FXGL Background Thread 4 ] DEBUG FXGLAssetLoaderServi - Loading from file system: jar:file:/C:/Users/chaum/.m2/repository/com/github/almasb/fxgl/17.1/fxgl-17.1.jar!/fxglassets/ui/fonts/Abel-Regular.ttf
16:42:16.842 [FXGL Background Thread 4 ] DEBUG FXGLAssetLoaderServi - Loading from file system: jar:file:/C:/Users/chaum/.m2/repository/com/github/almasb/fxgl/17.1/fxgl-17.1.jar!/fxglassets/ui/fonts/TerminalLandMono-Regular.otf
16:42:16.845 [FXGL Background Thread 4 ] DEBUG FXGLAssetLoaderServi - Loading from file system: jar:file:/C:/Users/chaum/.m2/repository/com/github/almasb/fxgl/17.1/fxgl-17.1.jar!/fxglassets/ui/fonts/Courier-Prime.ttf
16:42:16.852 [JavaFX Application Thread] DEBUG FXGLAssetLoaderServi - Loading from file system: file:/E:/space_java/Game/game_datbom/target/classes/assets/textures/cursor/cursor1.png
16:42:16.864 [JavaFX Application Thread] DEBUG Input                - Registered new binding: Screenshot - CTRL+8
16:42:16.864 [JavaFX Application Thread] DEBUG Input                - Registered new binding: Dev Options - 1
16:42:16.865 [JavaFX Application Thread] DEBUG Input                - Registered new binding: Dev Console - 2
16:42:16.865 [JavaFX Application Thread] DEBUG Input                - Registered new binding: System info dump - CTRL+9
16:42:16.865 [JavaFX Application Thread] DEBUG Input                - Registered new binding: Restart - CTRL+R
16:42:16.866 [JavaFX Application Thread] DEBUG Input                - Registered new binding: Toggle Debug Camera - CTRL+7
16:42:16.869 [JavaFX Application Thread] DEBUG LoopRunner           - Starting loop
16:42:16.887 [JavaFX Application Thread] DEBUG LoopRunner           - Initializing JavaFX AnimationTimerLoop
16:42:16.890 [JavaFX Application Thread] DEBUG Input                - Clearing active input actions
16:42:16.898 [JavaFX Application Thread] DEBUG GameApplicationServi - Removing overlay from FXGLStartupScene and adding to FXGLMainMenuDummyScene
16:42:16.904 [JavaFX Application Thread] DEBUG PrimaryStageWindow   - FXGLStartupScene -> FXGLMainMenuDummyScene
16:42:16.904 [JavaFX Application Thread] DEBUG PrimaryStageWindow   - Push state: MainMenu
16:42:16.904 [JavaFX Application Thread] DEBUG Input                - Clearing active input actions
16:42:16.907 [JavaFX Application Thread] DEBUG GameApplicationServi - Removing overlay from FXGLMainMenuDummyScene and adding to MainMenu
16:42:16.908 [JavaFX Application Thread] DEBUG PrimaryStageWindow   - FXGLMainMenuDummyScene -> MainMenu
16:42:16.908 [JavaFX Application Thread] DEBUG FXGLApplication      - Registering font factories with UI factory
16:42:17.355 [FXGL Background Thread 2 ] INFO  UpdaterService       - Your current version:  17.1
16:42:17.356 [FXGL Background Thread 2 ] INFO  UpdaterService       - Latest stable version: 17.2
16:42:18.845 [JavaFX Application Thread] DEBUG Menu                 - fireNewGame()
16:42:18.846 [JavaFX Application Thread] DEBUG GameApplicationServi - Starting new game
16:42:18.846 [JavaFX Application Thread] DEBUG PrimaryStageWindow   - Pop state: MainMenu
16:42:18.846 [JavaFX Application Thread] DEBUG Input                - Clearing active input actions
16:42:18.849 [JavaFX Application Thread] DEBUG GameApplicationServi - Removing overlay from MainMenu and adding to FXGLMainMenuDummyScene
16:42:18.854 [JavaFX Application Thread] DEBUG PrimaryStageWindow   - FXGLMainMenuDummyScene <- MainMenu
16:42:18.855 [JavaFX Application Thread] DEBUG Input                - Clearing active input actions
16:42:18.862 [JavaFX Application Thread] DEBUG GameApplicationServi - Removing overlay from FXGLMainMenuDummyScene and adding to FXGLLoadingScene
16:42:18.863 [JavaFX Application Thread] DEBUG PrimaryStageWindow   - FXGLMainMenuDummyScene -> FXGLLoadingScene
16:42:18.863 [JavaFX Application Thread] DEBUG GameApplicationServi - Clearing previous game
16:42:18.863 [JavaFX Application Thread] DEBUG GameScene            - Clearing game scene
16:42:18.863 [JavaFX Application Thread] DEBUG GameWorld            - Clearing game world
16:42:18.864 [JavaFX Application Thread] DEBUG PhysicsWorld         - Clearing physics world
16:42:18.866 [FXGL Background Thread 2 ] DEBUG FXGLApplication      - Initializing game
16:42:18.894 [FXGL Background Thread 2 ] DEBUG FXGLAssetLoaderServi - Loading from file system: file:/E:/space_java/Game/game_datbom/target/classes/assets/textures/mapTexture/grass.png
16:42:18.902 [FXGL Background Thread 2 ] DEBUG FXGLAssetLoaderServi - Loading from file system: file:/E:/space_java/Game/game_datbom/target/classes/assets/textures/mapTexture/wall.png
16:42:18.995 [FXGL Background Thread 2 ] DEBUG FXGLAssetLoaderServi - Loading from file system: file:/E:/space_java/Game/game_datbom/target/classes/assets/textures/mapTexture/brick.png
16:42:19.179 [FXGL Background Thread 2 ] DEBUG FXGLAssetLoaderServi - Loading from file system: file:/E:/space_java/Game/game_datbom/target/classes/assets/textures/character/gold_player_up.png
16:42:19.184 [FXGL Background Thread 2 ] DEBUG FXGLAssetLoaderServi - Loading from file system: file:/E:/space_java/Game/game_datbom/target/classes/assets/textures/character/gold_player_down.png
16:42:19.189 [FXGL Background Thread 2 ] DEBUG FXGLAssetLoaderServi - Loading from file system: file:/E:/space_java/Game/game_datbom/target/classes/assets/textures/character/gold_player_left.png
16:42:19.192 [FXGL Background Thread 2 ] DEBUG FXGLAssetLoaderServi - Loading from file system: file:/E:/space_java/Game/game_datbom/target/classes/assets/textures/character/gold_player_right.png
16:42:19.207 [FXGL Background Thread 2 ] WARN  Entity               - Entity already has component: com.almasb.fxgl.entity.components.CollidableComponent
16:42:19.209 [FXGL Background Thread 2 ] INFO  FXGLApplication      - Game initialization took: 0.344 sec
16:42:19.218 [JavaFX Application Thread] DEBUG Input                - Clearing active input actions
16:42:19.238 [JavaFX Application Thread] DEBUG GameApplicationServi - Removing overlay from FXGLLoadingScene and adding to GameScene
16:42:19.242 [JavaFX Application Thread] DEBUG PrimaryStageWindow   - FXGLLoadingScene -> GameScene
16:42:19.746 [FXGL Background Thread 3 ] DEBUG Engine               - Logging environment variables
16:42:19.747 [FXGL Background Thread 3 ] DEBUG Engine               - achievements: []
16:42:19.747 [FXGL Background Thread 3 ] DEBUG Engine               - actualHeight: 720.0
16:42:19.748 [FXGL Background Thread 3 ] DEBUG Engine               - actualHeightProperty: ReadOnlyDoubleProperty [value: 720.0]
16:42:19.748 [FXGL Background Thread 3 ] DEBUG Engine               - actualWidth: 1280.0
16:42:19.748 [FXGL Background Thread 3 ] DEBUG Engine               - actualWidthProperty: ReadOnlyDoubleProperty [value: 1280.0]
16:42:19.748 [FXGL Background Thread 3 ] DEBUG Engine               - appIcon: icon/icon.png
16:42:19.748 [FXGL Background Thread 3 ] DEBUG Engine               - applicationMode: DEVELOPER
16:42:19.749 [FXGL Background Thread 3 ] DEBUG Engine               - cSSList: [fxgl_dark.css]
16:42:19.749 [FXGL Background Thread 3 ] DEBUG Engine               - collisionDetectionStrategy: BRUTE_FORCE
16:42:19.750 [FXGL Background Thread 3 ] DEBUG Engine               - configClass: Optional.empty
16:42:19.750 [FXGL Background Thread 3 ] DEBUG Engine               - credits: []
16:42:19.752 [FXGL Background Thread 3 ] DEBUG Engine               - defaultCursor: CursorInfo(imageName=cursor/cursor1.png, hotspotX=0.0, hotspotY=0.0)
16:42:19.753 [FXGL Background Thread 3 ] DEBUG Engine               - devBBoxColorProperty: ObjectProperty [value: 0xff0000ff]
16:42:19.754 [FXGL Background Thread 3 ] DEBUG Engine               - devEnableDebugCameraProperty: BooleanProperty [value: false]
16:42:19.754 [FXGL Background Thread 3 ] DEBUG Engine               - devSensorColorProperty: ObjectProperty [value: 0xffff00ff]
16:42:19.754 [FXGL Background Thread 3 ] DEBUG Engine               - devShowBBoxProperty: BooleanProperty [value: false]
16:42:19.754 [FXGL Background Thread 3 ] DEBUG Engine               - devShowPositionProperty: BooleanProperty [value: false]
16:42:19.754 [FXGL Background Thread 3 ] DEBUG Engine               - enabledMenuItems: []
16:42:19.754 [FXGL Background Thread 3 ] DEBUG Engine               - engineServices: [class com.almasb.fxgl.app.services.FXGLAssetLoaderService, class com.almasb.fxgl.app.FXGLApplication$GameApplicationService, class com.almasb.fxgl.app.services.FXGLDialogService, class com.almasb.fxgl.app.services.IOTaskExecutorService, class com.almasb.fxgl.io.FileSystemService, class com.almasb.fxgl.localization.LocalizationService, class com.almasb.fxgl.app.services.SystemBundleService, class com.almasb.fxgl.profile.SaveLoadService, class com.almasb.fxgl.ui.FXGLUIFactoryServiceProvider, class com.almasb.fxgl.ui.FXGLDialogFactoryServiceProvider, class com.almasb.fxgl.audio.AudioPlayer, class com.almasb.fxgl.notification.impl.NotificationServiceProvider, class com.almasb.fxgl.achievement.AchievementService, class com.almasb.fxgl.cutscene.CutsceneService, class com.almasb.fxgl.minigames.MiniGameService, class com.almasb.fxgl.net.NetService, class com.almasb.fxgl.app.services.UpdaterService, class com.almasb.fxgl.dev.DevService]
16:42:19.755 [FXGL Background Thread 3 ] DEBUG Engine               - fontGame: Abel-Regular.ttf
16:42:19.755 [FXGL Background Thread 3 ] DEBUG Engine               - fontMono: TerminalLandMono-Regular.otf
16:42:19.755 [FXGL Background Thread 3 ] DEBUG Engine               - fontText: Courier-Prime.ttf
16:42:19.755 [FXGL Background Thread 3 ] DEBUG Engine               - fontUI: VarelaRound-Regular.ttf
16:42:19.755 [FXGL Background Thread 3 ] DEBUG Engine               - fullScreen: BooleanProperty [value: false]
16:42:19.756 [FXGL Background Thread 3 ] DEBUG Engine               - gameDifficulty: MEDIUM
16:42:19.756 [FXGL Background Thread 3 ] DEBUG Engine               - gameDifficultyProperty: ObjectProperty [value: MEDIUM]
16:42:19.756 [FXGL Background Thread 3 ] DEBUG Engine               - globalMusicVolume: 0.5
16:42:19.756 [FXGL Background Thread 3 ] DEBUG Engine               - globalMusicVolumeProperty: DoubleProperty [value: 0.5]
16:42:19.756 [FXGL Background Thread 3 ] DEBUG Engine               - globalSoundVolume: 0.5
16:42:19.756 [FXGL Background Thread 3 ] DEBUG Engine               - globalSoundVolumeProperty: DoubleProperty [value: 0.5]
16:42:19.757 [FXGL Background Thread 3 ] DEBUG Engine               - height: 720
16:42:19.757 [FXGL Background Thread 3 ] DEBUG Engine               - is3D: false
16:42:19.757 [FXGL Background Thread 3 ] DEBUG Engine               - isAndroid: false
16:42:19.757 [FXGL Background Thread 3 ] DEBUG Engine               - isBrowser: false
16:42:19.757 [FXGL Background Thread 3 ] DEBUG Engine               - isClickFeedbackEnabled: false
16:42:19.757 [FXGL Background Thread 3 ] DEBUG Engine               - isCloseConfirmation: false
16:42:19.757 [FXGL Background Thread 3 ] DEBUG Engine               - isDesktop: true
16:42:19.757 [FXGL Background Thread 3 ] DEBUG Engine               - isDeveloperMenuEnabled: true
16:42:19.757 [FXGL Background Thread 3 ] DEBUG Engine               - isEmbedded: false
16:42:19.757 [FXGL Background Thread 3 ] DEBUG Engine               - isEntityPreloadEnabled: true
16:42:19.758 [FXGL Background Thread 3 ] DEBUG Engine               - isExperimentalTiledLargeMap: false
16:42:19.758 [FXGL Background Thread 3 ] DEBUG Engine               - isFileSystemWriteAllowed: true
16:42:19.758 [FXGL Background Thread 3 ] DEBUG Engine               - isFullScreenAllowed: false
16:42:19.758 [FXGL Background Thread 3 ] DEBUG Engine               - isFullScreenFromStart: false
16:42:19.758 [FXGL Background Thread 3 ] DEBUG Engine               - isGameMenuEnabled: true
16:42:19.758 [FXGL Background Thread 3 ] DEBUG Engine               - isIOS: false
16:42:19.758 [FXGL Background Thread 3 ] DEBUG Engine               - isIntroEnabled: false
16:42:19.758 [FXGL Background Thread 3 ] DEBUG Engine               - isLinux: false
16:42:19.758 [FXGL Background Thread 3 ] DEBUG Engine               - isMac: false
16:42:19.758 [FXGL Background Thread 3 ] DEBUG Engine               - isMainMenuEnabled: true
16:42:19.759 [FXGL Background Thread 3 ] DEBUG Engine               - isManualResizeEnabled: false
16:42:19.759 [FXGL Background Thread 3 ] DEBUG Engine               - isMobile: false
16:42:19.759 [FXGL Background Thread 3 ] DEBUG Engine               - isNative: false
16:42:19.759 [FXGL Background Thread 3 ] DEBUG Engine               - isPauseMusicWhenMinimized: true
16:42:19.759 [FXGL Background Thread 3 ] DEBUG Engine               - isPreserveResizeRatio: false
16:42:19.759 [FXGL Background Thread 3 ] DEBUG Engine               - isProfilingEnabled: false
16:42:19.759 [FXGL Background Thread 3 ] DEBUG Engine               - isScaleAffectedOnResize: true
16:42:19.759 [FXGL Background Thread 3 ] DEBUG Engine               - isSingleStep: false
16:42:19.759 [FXGL Background Thread 3 ] DEBUG Engine               - isUserProfileEnabled: false
16:42:19.759 [FXGL Background Thread 3 ] DEBUG Engine               - isWindows: true
16:42:19.759 [FXGL Background Thread 3 ] DEBUG Engine               - language: ObjectProperty [value: ENGLISH]
16:42:19.760 [FXGL Background Thread 3 ] DEBUG Engine               - menuKey: ESCAPE
16:42:19.760 [FXGL Background Thread 3 ] DEBUG Engine               - mouseSensitivity: 0.2
16:42:19.760 [FXGL Background Thread 3 ] DEBUG Engine               - notificationViewClass: class com.almasb.fxgl.notification.view.XboxNotificationView
16:42:19.760 [FXGL Background Thread 3 ] DEBUG Engine               - pixelsPerMeter: 50.0
16:42:19.760 [FXGL Background Thread 3 ] DEBUG Engine               - platform: WINDOWS
16:42:19.761 [FXGL Background Thread 3 ] DEBUG Engine               - prefHeightProperty: ReadOnlyDoubleProperty [value: 720.0]
16:42:19.761 [FXGL Background Thread 3 ] DEBUG Engine               - prefWidthProperty: ReadOnlyDoubleProperty [value: 1280.0]
16:42:19.761 [FXGL Background Thread 3 ] DEBUG Engine               - profileDir: profiles/
16:42:19.761 [FXGL Background Thread 3 ] DEBUG Engine               - profileName: StringProperty [value: DEFAULT]
16:42:19.761 [FXGL Background Thread 3 ] DEBUG Engine               - randomSeed: -1
16:42:19.761 [FXGL Background Thread 3 ] DEBUG Engine               - runtimeInfo: RuntimeInfo(platform=WINDOWS, version=17.1, build=24.03.2022 17.34)
16:42:19.761 [FXGL Background Thread 3 ] DEBUG Engine               - saveFileExt: sav
16:42:19.761 [FXGL Background Thread 3 ] DEBUG Engine               - scaledHeightProp$fxgl: DoubleProperty [bound, value: 720.0]
16:42:19.761 [FXGL Background Thread 3 ] DEBUG Engine               - scaledWidthProp$fxgl: DoubleProperty [bound, value: 1280.0]
16:42:19.761 [FXGL Background Thread 3 ] DEBUG Engine               - sceneFactory: hellofx.Main$1@21eb8d5b
16:42:19.762 [FXGL Background Thread 3 ] DEBUG Engine               - secondsIn24h: 60
16:42:19.762 [FXGL Background Thread 3 ] DEBUG Engine               - soundMenuBack: menu/back.wav
16:42:19.762 [FXGL Background Thread 3 ] DEBUG Engine               - soundMenuPress: menu/press.wav
16:42:19.762 [FXGL Background Thread 3 ] DEBUG Engine               - soundMenuSelect: menu/select.wav
16:42:19.762 [FXGL Background Thread 3 ] DEBUG Engine               - soundNotification: core/notification.wav
16:42:19.762 [FXGL Background Thread 3 ] DEBUG Engine               - stageStyle: DECORATED
16:42:19.762 [FXGL Background Thread 3 ] DEBUG Engine               - supportedLanguages: [ENGLISH, FRENCH, GERMAN, HUNGARIAN, RUSSIAN]
16:42:19.762 [FXGL Background Thread 3 ] DEBUG Engine               - ticksPerSecond: -1
16:42:19.762 [FXGL Background Thread 3 ] DEBUG Engine               - title: Bomberman
16:42:19.762 [FXGL Background Thread 3 ] DEBUG Engine               - urlGithub: https://github.com/AlmasB/FXGL
16:42:19.762 [FXGL Background Thread 3 ] DEBUG Engine               - urlLeaderboard: http://fxgl-top.herokuapp.com/
16:42:19.762 [FXGL Background Thread 3 ] DEBUG Engine               - urlPOM: https://raw.githubusercontent.com/AlmasB/FXGL/release/README.md
16:42:19.762 [FXGL Background Thread 3 ] DEBUG Engine               - userAppClass: class hellofx.Main
16:42:19.763 [FXGL Background Thread 3 ] DEBUG Engine               - version: 1.0
16:42:19.763 [FXGL Background Thread 3 ] DEBUG Engine               - versionCheckDays: 7
16:42:19.763 [FXGL Background Thread 3 ] DEBUG Engine               - width: 1280
16:42:19.763 [FXGL Background Thread 3 ] DEBUG Engine               - Logging services
16:42:19.763 [FXGL Background Thread 3 ] DEBUG Engine               - class com.almasb.fxgl.app.services.FXGLAssetLoaderService
16:42:19.763 [FXGL Background Thread 3 ] DEBUG Engine               - class com.almasb.fxgl.app.FXGLApplication$GameApplicationService
16:42:19.763 [FXGL Background Thread 3 ] DEBUG Engine               - class com.almasb.fxgl.app.services.FXGLDialogService
16:42:19.763 [FXGL Background Thread 3 ] DEBUG Engine               - class com.almasb.fxgl.app.services.IOTaskExecutorService
16:42:19.763 [FXGL Background Thread 3 ] DEBUG Engine               - class com.almasb.fxgl.io.FileSystemService
16:42:19.763 [FXGL Background Thread 3 ] DEBUG Engine               - class com.almasb.fxgl.localization.LocalizationService
16:42:19.763 [FXGL Background Thread 3 ] DEBUG Engine               - class com.almasb.fxgl.app.services.SystemBundleService
16:42:19.763 [FXGL Background Thread 3 ] DEBUG Engine               - class com.almasb.fxgl.profile.SaveLoadService
16:42:19.763 [FXGL Background Thread 3 ] DEBUG Engine               - class com.almasb.fxgl.ui.FXGLUIFactoryServiceProvider
16:42:19.764 [FXGL Background Thread 3 ] DEBUG Engine               - class com.almasb.fxgl.ui.FXGLDialogFactoryServiceProvider
16:42:19.764 [FXGL Background Thread 3 ] DEBUG Engine               - class com.almasb.fxgl.audio.AudioPlayer
16:42:19.764 [FXGL Background Thread 3 ] DEBUG Engine               - class com.almasb.fxgl.notification.impl.NotificationServiceProvider
16:42:19.764 [FXGL Background Thread 3 ] DEBUG Engine               - class com.almasb.fxgl.achievement.AchievementService
16:42:19.764 [FXGL Background Thread 3 ] DEBUG Engine               - class com.almasb.fxgl.cutscene.CutsceneService
16:42:19.764 [FXGL Background Thread 3 ] DEBUG Engine               - class com.almasb.fxgl.minigames.MiniGameService
16:42:19.764 [FXGL Background Thread 3 ] DEBUG Engine               - class com.almasb.fxgl.net.NetService
16:42:19.764 [FXGL Background Thread 3 ] DEBUG Engine               - class com.almasb.fxgl.app.services.UpdaterService
16:42:19.764 [FXGL Background Thread 3 ] DEBUG Engine               - class com.almasb.fxgl.dev.DevService
16:42:20.345 [JavaFX Application Thread] DEBUG FXGLAssetLoaderServi - Loading from file system: file:/E:/space_java/Game/game_datbom/target/classes/assets/textures/character%5cbomb.png
16:42:20.350 [JavaFX Application Thread] DEBUG FXGLAssetLoaderServi - Loading from file system: file:/E:/space_java/Game/game_datbom/target/classes/assets/textures/flame%5cleft_flame.png
16:42:20.352 [JavaFX Application Thread] DEBUG FXGLAssetLoaderServi - Loading from file system: file:/E:/space_java/Game/game_datbom/target/classes/assets/textures/flame%5cup_flame.png
16:42:20.355 [JavaFX Application Thread] DEBUG FXGLAssetLoaderServi - Loading from file system: file:/E:/space_java/Game/game_datbom/target/classes/assets/textures/flame%5ccentral_flame.png
16:42:58.677 [JavaFX Application Thread] DEBUG LoopRunner           - Stopping loop
16:42:58.680 [JavaFX Application Thread] FATAL FXGLApplication      - Uncaught Exception:
java.lang.IllegalArgumentException: Component AnimationComponent not found!
	at com.almasb.fxgl.entity.Entity.getComponent(Entity.java:366)
	at hellofx.Main$5.onActionBegin(Main.java:173)
	at com.almasb.fxgl.input.UserAction.begin$fxgl_core(UserAction.kt:37)
	at com.almasb.fxgl.input.Input.handlePressed(Input.kt:350)
	at com.almasb.fxgl.input.Input.onKeyEvent(Input.kt:291)
	at com.almasb.fxgl.app.PrimaryStageWindow$1$1.invoke(MainWindow.kt:308)
	at com.almasb.fxgl.app.PrimaryStageWindow$1$1.invoke(MainWindow.kt:308)
	at com.almasb.fxgl.core.fsm.StateMachine.runOnActiveStates(StateMachine.kt:69)
	at com.almasb.fxgl.app.PrimaryStageWindow$1.invoke(MainWindow.kt:308)
	at com.almasb.fxgl.app.PrimaryStageWindow$1.invoke(MainWindow.kt:306)
	at com.almasb.fxgl.app.MainWindow.addKeyHandler$lambda-1(MainWindow.kt:221)
	at com.sun.javafx.event.CompositeEventHandler$NormalEventHandlerRecord.handleBubblingEvent(CompositeEventHandler.java:247)
	at com.sun.javafx.event.CompositeEventHandler.dispatchBubblingEvent(CompositeEventHandler.java:80)
	at com.sun.javafx.event.EventHandlerManager.dispatchBubblingEvent(EventHandlerManager.java:234)
	at com.sun.javafx.event.EventHandlerManager.dispatchBubblingEvent(EventHandlerManager.java:191)
	at com.sun.javafx.event.CompositeEventDispatcher.dispatchBubblingEvent(CompositeEventDispatcher.java:59)
	at com.sun.javafx.event.BasicEventDispatcher.dispatchEvent(BasicEventDispatcher.java:58)
	at com.sun.javafx.event.EventDispatchChainImpl.dispatchEvent(EventDispatchChainImpl.java:114)
	at com.sun.javafx.event.BasicEventDispatcher.dispatchEvent(BasicEventDispatcher.java:56)
	at com.sun.javafx.event.EventDispatchChainImpl.dispatchEvent(EventDispatchChainImpl.java:114)
	at com.sun.javafx.event.EventUtil.fireEventImpl(EventUtil.java:74)
	at com.sun.javafx.event.EventUtil.fireEvent(EventUtil.java:54)
	at javafx.event.Event.fireEvent(Event.java:198)
	at javafx.scene.Scene$KeyHandler.process(Scene.java:4089)
	at javafx.scene.Scene.processKeyEvent(Scene.java:2146)
	at javafx.scene.Scene$ScenePeerListener.keyEvent(Scene.java:2614)
	at com.sun.javafx.tk.quantum.GlassViewEventHandler$KeyEventNotification.run(GlassViewEventHandler.java:218)
	at com.sun.javafx.tk.quantum.GlassViewEventHandler$KeyEventNotification.run(GlassViewEventHandler.java:150)
	at java.base/java.security.AccessController.doPrivileged(AccessController.java:399)
	at com.sun.javafx.tk.quantum.GlassViewEventHandler.lambda$handleKeyEvent$1(GlassViewEventHandler.java:250)
	at com.sun.javafx.tk.quantum.QuantumToolkit.runWithoutRenderLock(QuantumToolkit.java:424)
	at com.sun.javafx.tk.quantum.GlassViewEventHandler.handleKeyEvent(GlassViewEventHandler.java:249)
	at com.sun.glass.ui.View.handleKeyEvent(View.java:542)
	at com.sun.glass.ui.View.notifyKey(View.java:966)
	at com.sun.glass.ui.win.WinApplication._runLoop(Native Method)
	at com.sun.glass.ui.win.WinApplication.lambda$runLoop$3(WinApplication.java:184)
	at java.base/java.lang.Thread.run(Thread.java:833)

16:42:58.680 [JavaFX Application Thread] FATAL FXGLApplication      - Application will now exit
16:42:58.698 [JavaFX Application Thread] DEBUG PrimaryStageWindow   - Push state: ErrorSubScene
16:42:58.698 [JavaFX Application Thread] DEBUG Input                - Clearing active input actions
16:43:01.845 [JavaFX Application Thread] DEBUG FXGLApplication      - Exiting FXGL
16:43:01.846 [JavaFX Application Thread] DEBUG Async                - Shutting down background threads
16:43:01.846 [JavaFX Application Thread] DEBUG PrimaryStageWindow   - Closing main window
16:43:01.870 [JavaFX Application Thread] DEBUG Logger               - Closing Logger
