07:31:36.361 [main                     ] DEBUG Logger               - Configured Logger
07:31:36.378 [main                     ] DEBUG GameApplication      - Logging settings
Title: Bomberman
Version: 1.0
Width: 1280
Height: 720
Fullscreen: false
Intro: false
Profiling: false
Single step:false
App Mode: DEVELOPER
Menu Key: ESCAPE
Stage Style: DECORATED
Scene Factory: class hellofx.Main$1

07:31:36.482 [JavaFX Application Thread] DEBUG FXGLApplication      - Initializing FXGL
07:31:36.488 [JavaFX Application Thread] INFO  Engine               - FXGL-17.1 (24.03.2022 17.34) on WINDOWS (J:18.0.2.1 FX:18)
07:31:36.488 [JavaFX Application Thread] DEBUG Engine               - JRE Vendor Name: Oracle Corporation
07:31:36.489 [JavaFX Application Thread] DEBUG Engine               - Running on OS: Windows 11 version 10.0
07:31:36.489 [JavaFX Application Thread] DEBUG Engine               - Architecture: amd64
07:31:36.489 [JavaFX Application Thread] INFO  Engine               - Source code and latest versions at: https://github.com/AlmasB/FXGL
07:31:36.489 [JavaFX Application Thread] INFO  Engine               -       Ask questions and discuss at: https://github.com/AlmasB/FXGL/discussions
07:31:36.489 [JavaFX Application Thread] INFO  Engine               -              Join the FXGL chat at: https://gitter.im/AlmasB/FXGL
07:31:36.541 [JavaFX Application Thread] DEBUG PrimaryStageWindow   - Creating a JavaFX scene
07:31:36.587 [JavaFX Application Thread] DEBUG PrimaryStageWindow   - Target settings size: 1280.0 x 720.0
07:31:36.588 [JavaFX Application Thread] DEBUG PrimaryStageWindow   - Scaled scene size:    1280.0 x 720.0
07:31:36.588 [JavaFX Application Thread] DEBUG PrimaryStageWindow   - Scaled ratio: (1.0, 1.0)
07:31:36.589 [JavaFX Application Thread] DEBUG PrimaryStageWindow   - Set initial scene to FXGLStartupScene
07:31:36.597 [JavaFX Application Thread] DEBUG PrimaryStageWindow   - Opening main window
07:31:36.678 [JavaFX Application Thread] DEBUG PrimaryStageWindow   - Window border size: (16.0, 39.0)
07:31:36.680 [JavaFX Application Thread] DEBUG PrimaryStageWindow   - Scaled size: 1280.0 x 720.0
07:31:36.680 [JavaFX Application Thread] DEBUG PrimaryStageWindow   - Scaled ratio: (1.0, 1.0)
07:31:36.681 [JavaFX Application Thread] DEBUG PrimaryStageWindow   - Scene size: 1280.0 x 720.0
07:31:36.681 [JavaFX Application Thread] DEBUG PrimaryStageWindow   - Stage size: 1296.0 x 759.0
07:31:36.690 [FXGL Background Thread 1 ] DEBUG Engine               - Initializing environment variables
07:31:36.758 [FXGL Background Thread 1 ] DEBUG FXGLAssetLoaderServi - User app class for loading assets: class hellofx.Main
07:31:36.759 [FXGL Background Thread 1 ] DEBUG GameApplicationServi - Applying CSS: fxgl_dark.css
07:31:36.759 [FXGL Background Thread 1 ] DEBUG FXGLAssetLoaderServi - Loading from file system: jar:file:/C:/Users/chaum/.m2/repository/com/github/almasb/fxgl/17.1/fxgl-17.1.jar!/fxglassets/ui/css/fxgl_dark.css
07:31:36.802 [FXGL Background Thread 1 ] DEBUG GameApplicationServi - Initializing application scenes
07:31:36.847 [FXGL Background Thread 1 ] DEBUG GameWorld            - Game world initialized
07:31:36.899 [FXGL Background Thread 1 ] DEBUG PhysicsWorld         - Physics world initialized: appHeight=720, physics.ppm=50.0
07:31:36.899 [FXGL Background Thread 1 ] DEBUG PhysicsWorld         - Using strategy: BRUTE_FORCE
07:31:36.903 [FXGL Background Thread 1 ] DEBUG GameScene            - Game scene initialized: 1280x720
07:31:36.970 [FXGL Background Thread 1 ] DEBUG GameApplicationServi - Application scenes initialized
07:31:36.991 [FXGL Background Thread 1 ] DEBUG SystemBundleService  - Loading FXGL system data
07:31:36.998 [FXGL Background Thread 1 ] DEBUG FileSystemAccess     - Reading from: E:\space_java\Game\game_datbom\system\fxgl.bundle
07:31:37.009 [FXGL Background Thread 1 ] DEBUG SystemBundleService  - Bundle FXGL: {}
07:31:37.009 [FXGL Background Thread 1 ] DEBUG UpdaterService       - Checking for updates
07:31:37.042 [FXGL Background Thread 4 ] DEBUG FXGLApplication      - Loading fonts
07:31:37.042 [FXGL Background Thread 4 ] DEBUG FXGLAssetLoaderServi - Loading from file system: jar:file:/C:/Users/chaum/.m2/repository/com/github/almasb/fxgl/17.1/fxgl-17.1.jar!/fxglassets/ui/fonts/VarelaRound-Regular.ttf
07:31:37.043 [FXGL Background Thread 1 ] DEBUG FXGLAssetLoaderServi - Loading from file system: jar:file:/C:/Users/chaum/.m2/repository/com/github/almasb/fxgl/17.1/fxgl-17.1.jar!/fxglassets/languages/english.lang
07:31:37.064 [FXGL Background Thread 1 ] INFO  FXGLApplication      - FXGL initialization took: 0.374 sec
07:31:37.074 [JavaFX Application Thread] DEBUG Input                - Registered new binding: action0 - F
07:31:37.074 [JavaFX Application Thread] DEBUG Input                - Registered new binding: Right - D
07:31:37.075 [JavaFX Application Thread] DEBUG Input                - Registered new binding: Left - A
07:31:37.075 [JavaFX Application Thread] DEBUG Input                - Registered new binding: Up - W
07:31:37.075 [JavaFX Application Thread] DEBUG Input                - Registered new binding: Down - S
07:31:37.075 [JavaFX Application Thread] DEBUG Input                - Registered new binding: Place boom - Space
07:31:37.075 [JavaFX Application Thread] DEBUG FXGLAssetLoaderServi - Loading from file system: file:/E:/space_java/Game/game_datbom/target/classes/assets/textures/icon/icon.png
07:31:37.121 [FXGL Background Thread 4 ] DEBUG FXGLAssetLoaderServi - Loading from file system: jar:file:/C:/Users/chaum/.m2/repository/com/github/almasb/fxgl/17.1/fxgl-17.1.jar!/fxglassets/ui/fonts/Abel-Regular.ttf
07:31:37.126 [FXGL Background Thread 4 ] DEBUG FXGLAssetLoaderServi - Loading from file system: jar:file:/C:/Users/chaum/.m2/repository/com/github/almasb/fxgl/17.1/fxgl-17.1.jar!/fxglassets/ui/fonts/TerminalLandMono-Regular.otf
07:31:37.129 [FXGL Background Thread 4 ] DEBUG FXGLAssetLoaderServi - Loading from file system: jar:file:/C:/Users/chaum/.m2/repository/com/github/almasb/fxgl/17.1/fxgl-17.1.jar!/fxglassets/ui/fonts/Courier-Prime.ttf
07:31:37.171 [JavaFX Application Thread] DEBUG FXGLAssetLoaderServi - Loading from file system: file:/E:/space_java/Game/game_datbom/target/classes/assets/textures/cursor/cursor1.png
07:31:37.181 [JavaFX Application Thread] DEBUG Input                - Registered new binding: Screenshot - CTRL+8
07:31:37.181 [JavaFX Application Thread] DEBUG Input                - Registered new binding: Dev Options - 1
07:31:37.181 [JavaFX Application Thread] DEBUG Input                - Registered new binding: Dev Console - 2
07:31:37.182 [JavaFX Application Thread] DEBUG Input                - Registered new binding: System info dump - CTRL+9
07:31:37.182 [JavaFX Application Thread] DEBUG Input                - Registered new binding: Restart - CTRL+R
07:31:37.183 [JavaFX Application Thread] DEBUG Input                - Registered new binding: Toggle Debug Camera - CTRL+7
07:31:37.185 [JavaFX Application Thread] DEBUG LoopRunner           - Starting loop
07:31:37.201 [JavaFX Application Thread] DEBUG LoopRunner           - Initializing JavaFX AnimationTimerLoop
07:31:37.203 [JavaFX Application Thread] DEBUG Input                - Clearing active input actions
07:31:37.210 [JavaFX Application Thread] DEBUG GameApplicationServi - Removing overlay from FXGLStartupScene and adding to FXGLMainMenuDummyScene
07:31:37.214 [JavaFX Application Thread] DEBUG PrimaryStageWindow   - FXGLStartupScene -> FXGLMainMenuDummyScene
07:31:37.214 [JavaFX Application Thread] DEBUG PrimaryStageWindow   - Push state: MainMenu
07:31:37.215 [JavaFX Application Thread] DEBUG Input                - Clearing active input actions
07:31:37.218 [JavaFX Application Thread] DEBUG GameApplicationServi - Removing overlay from FXGLMainMenuDummyScene and adding to MainMenu
07:31:37.219 [JavaFX Application Thread] DEBUG PrimaryStageWindow   - FXGLMainMenuDummyScene -> MainMenu
07:31:37.219 [JavaFX Application Thread] DEBUG FXGLApplication      - Registering font factories with UI factory
07:31:37.754 [FXGL Background Thread 2 ] INFO  UpdaterService       - Your current version:  17.1
07:31:37.755 [FXGL Background Thread 2 ] INFO  UpdaterService       - Latest stable version: 17.2
07:31:40.009 [JavaFX Application Thread] DEBUG Menu                 - fireNewGame()
07:31:40.010 [JavaFX Application Thread] DEBUG GameApplicationServi - Starting new game
07:31:40.011 [JavaFX Application Thread] DEBUG PrimaryStageWindow   - Pop state: MainMenu
07:31:40.011 [JavaFX Application Thread] DEBUG Input                - Clearing active input actions
07:31:40.013 [JavaFX Application Thread] DEBUG GameApplicationServi - Removing overlay from MainMenu and adding to FXGLMainMenuDummyScene
07:31:40.019 [JavaFX Application Thread] DEBUG PrimaryStageWindow   - FXGLMainMenuDummyScene <- MainMenu
07:31:40.020 [JavaFX Application Thread] DEBUG Input                - Clearing active input actions
07:31:40.028 [JavaFX Application Thread] DEBUG GameApplicationServi - Removing overlay from FXGLMainMenuDummyScene and adding to FXGLLoadingScene
07:31:40.028 [JavaFX Application Thread] DEBUG PrimaryStageWindow   - FXGLMainMenuDummyScene -> FXGLLoadingScene
07:31:40.028 [JavaFX Application Thread] DEBUG GameApplicationServi - Clearing previous game
07:31:40.028 [JavaFX Application Thread] DEBUG GameScene            - Clearing game scene
07:31:40.028 [JavaFX Application Thread] DEBUG GameWorld            - Clearing game world
07:31:40.029 [JavaFX Application Thread] DEBUG PhysicsWorld         - Clearing physics world
07:31:40.031 [FXGL Background Thread 2 ] DEBUG FXGLApplication      - Initializing game
07:31:40.040 [FXGL Background Thread 3 ] DEBUG Engine               - Logging environment variables
07:31:40.040 [FXGL Background Thread 3 ] DEBUG Engine               - achievements: []
07:31:40.040 [FXGL Background Thread 3 ] DEBUG Engine               - actualHeight: 720.0
07:31:40.041 [FXGL Background Thread 3 ] DEBUG Engine               - actualHeightProperty: ReadOnlyDoubleProperty [value: 720.0]
07:31:40.041 [FXGL Background Thread 3 ] DEBUG Engine               - actualWidth: 1280.0
07:31:40.041 [FXGL Background Thread 3 ] DEBUG Engine               - actualWidthProperty: ReadOnlyDoubleProperty [value: 1280.0]
07:31:40.041 [FXGL Background Thread 3 ] DEBUG Engine               - appIcon: icon/icon.png
07:31:40.041 [FXGL Background Thread 3 ] DEBUG Engine               - applicationMode: DEVELOPER
07:31:40.041 [FXGL Background Thread 3 ] DEBUG Engine               - cSSList: [fxgl_dark.css]
07:31:40.041 [FXGL Background Thread 3 ] DEBUG Engine               - collisionDetectionStrategy: BRUTE_FORCE
07:31:40.041 [FXGL Background Thread 3 ] DEBUG Engine               - configClass: Optional.empty
07:31:40.042 [FXGL Background Thread 3 ] DEBUG Engine               - credits: []
07:31:40.043 [FXGL Background Thread 3 ] DEBUG Engine               - defaultCursor: CursorInfo(imageName=cursor/cursor1.png, hotspotX=0.0, hotspotY=0.0)
07:31:40.044 [FXGL Background Thread 3 ] DEBUG Engine               - devBBoxColorProperty: ObjectProperty [value: 0xff0000ff]
07:31:40.044 [FXGL Background Thread 3 ] DEBUG Engine               - devEnableDebugCameraProperty: BooleanProperty [value: false]
07:31:40.044 [FXGL Background Thread 3 ] DEBUG Engine               - devSensorColorProperty: ObjectProperty [value: 0xffff00ff]
07:31:40.044 [FXGL Background Thread 3 ] DEBUG Engine               - devShowBBoxProperty: BooleanProperty [value: false]
07:31:40.044 [FXGL Background Thread 3 ] DEBUG Engine               - devShowPositionProperty: BooleanProperty [value: false]
07:31:40.044 [FXGL Background Thread 3 ] DEBUG Engine               - enabledMenuItems: []
07:31:40.045 [FXGL Background Thread 3 ] DEBUG Engine               - engineServices: [class com.almasb.fxgl.app.services.FXGLAssetLoaderService, class com.almasb.fxgl.app.FXGLApplication$GameApplicationService, class com.almasb.fxgl.app.services.FXGLDialogService, class com.almasb.fxgl.app.services.IOTaskExecutorService, class com.almasb.fxgl.io.FileSystemService, class com.almasb.fxgl.localization.LocalizationService, class com.almasb.fxgl.app.services.SystemBundleService, class com.almasb.fxgl.profile.SaveLoadService, class com.almasb.fxgl.ui.FXGLUIFactoryServiceProvider, class com.almasb.fxgl.ui.FXGLDialogFactoryServiceProvider, class com.almasb.fxgl.audio.AudioPlayer, class com.almasb.fxgl.notification.impl.NotificationServiceProvider, class com.almasb.fxgl.achievement.AchievementService, class com.almasb.fxgl.cutscene.CutsceneService, class com.almasb.fxgl.minigames.MiniGameService, class com.almasb.fxgl.net.NetService, class com.almasb.fxgl.app.services.UpdaterService, class com.almasb.fxgl.dev.DevService]
07:31:40.045 [FXGL Background Thread 3 ] DEBUG Engine               - fontGame: Abel-Regular.ttf
07:31:40.045 [FXGL Background Thread 3 ] DEBUG Engine               - fontMono: TerminalLandMono-Regular.otf
07:31:40.045 [FXGL Background Thread 3 ] DEBUG Engine               - fontText: Courier-Prime.ttf
07:31:40.045 [FXGL Background Thread 3 ] DEBUG Engine               - fontUI: VarelaRound-Regular.ttf
07:31:40.045 [FXGL Background Thread 3 ] DEBUG Engine               - fullScreen: BooleanProperty [value: false]
07:31:40.045 [FXGL Background Thread 3 ] DEBUG Engine               - gameDifficulty: MEDIUM
07:31:40.045 [FXGL Background Thread 3 ] DEBUG Engine               - gameDifficultyProperty: ObjectProperty [value: MEDIUM]
07:31:40.046 [FXGL Background Thread 3 ] DEBUG Engine               - globalMusicVolume: 0.5
07:31:40.046 [FXGL Background Thread 3 ] DEBUG Engine               - globalMusicVolumeProperty: DoubleProperty [value: 0.5]
07:31:40.046 [FXGL Background Thread 3 ] DEBUG Engine               - globalSoundVolume: 0.5
07:31:40.046 [FXGL Background Thread 3 ] DEBUG Engine               - globalSoundVolumeProperty: DoubleProperty [value: 0.5]
07:31:40.046 [FXGL Background Thread 3 ] DEBUG Engine               - height: 720
07:31:40.046 [FXGL Background Thread 3 ] DEBUG Engine               - is3D: false
07:31:40.046 [FXGL Background Thread 3 ] DEBUG Engine               - isAndroid: false
07:31:40.046 [FXGL Background Thread 3 ] DEBUG Engine               - isBrowser: false
07:31:40.047 [FXGL Background Thread 3 ] DEBUG Engine               - isClickFeedbackEnabled: false
07:31:40.047 [FXGL Background Thread 3 ] DEBUG Engine               - isCloseConfirmation: false
07:31:40.047 [FXGL Background Thread 3 ] DEBUG Engine               - isDesktop: true
07:31:40.047 [FXGL Background Thread 3 ] DEBUG Engine               - isDeveloperMenuEnabled: true
07:31:40.047 [FXGL Background Thread 3 ] DEBUG Engine               - isEmbedded: false
07:31:40.047 [FXGL Background Thread 3 ] DEBUG Engine               - isEntityPreloadEnabled: true
07:31:40.047 [FXGL Background Thread 3 ] DEBUG Engine               - isExperimentalTiledLargeMap: false
07:31:40.047 [FXGL Background Thread 3 ] DEBUG Engine               - isFileSystemWriteAllowed: true
07:31:40.047 [FXGL Background Thread 3 ] DEBUG Engine               - isFullScreenAllowed: false
07:31:40.047 [FXGL Background Thread 3 ] DEBUG Engine               - isFullScreenFromStart: false
07:31:40.048 [FXGL Background Thread 3 ] DEBUG Engine               - isGameMenuEnabled: true
07:31:40.048 [FXGL Background Thread 3 ] DEBUG Engine               - isIOS: false
07:31:40.048 [FXGL Background Thread 3 ] DEBUG Engine               - isIntroEnabled: false
07:31:40.048 [FXGL Background Thread 3 ] DEBUG Engine               - isLinux: false
07:31:40.048 [FXGL Background Thread 3 ] DEBUG Engine               - isMac: false
07:31:40.048 [FXGL Background Thread 3 ] DEBUG Engine               - isMainMenuEnabled: true
07:31:40.048 [FXGL Background Thread 3 ] DEBUG Engine               - isManualResizeEnabled: false
07:31:40.048 [FXGL Background Thread 3 ] DEBUG Engine               - isMobile: false
07:31:40.048 [FXGL Background Thread 3 ] DEBUG Engine               - isNative: false
07:31:40.048 [FXGL Background Thread 3 ] DEBUG Engine               - isPauseMusicWhenMinimized: true
07:31:40.048 [FXGL Background Thread 3 ] DEBUG Engine               - isPreserveResizeRatio: false
07:31:40.048 [FXGL Background Thread 3 ] DEBUG Engine               - isProfilingEnabled: false
07:31:40.049 [FXGL Background Thread 3 ] DEBUG Engine               - isScaleAffectedOnResize: true
07:31:40.049 [FXGL Background Thread 3 ] DEBUG Engine               - isSingleStep: false
07:31:40.049 [FXGL Background Thread 3 ] DEBUG Engine               - isUserProfileEnabled: false
07:31:40.049 [FXGL Background Thread 3 ] DEBUG Engine               - isWindows: true
07:31:40.049 [FXGL Background Thread 3 ] DEBUG Engine               - language: ObjectProperty [value: ENGLISH]
07:31:40.049 [FXGL Background Thread 3 ] DEBUG Engine               - menuKey: ESCAPE
07:31:40.049 [FXGL Background Thread 3 ] DEBUG Engine               - mouseSensitivity: 0.2
07:31:40.049 [FXGL Background Thread 3 ] DEBUG Engine               - notificationViewClass: class com.almasb.fxgl.notification.view.XboxNotificationView
07:31:40.049 [FXGL Background Thread 3 ] DEBUG Engine               - pixelsPerMeter: 50.0
07:31:40.049 [FXGL Background Thread 3 ] DEBUG Engine               - platform: WINDOWS
07:31:40.049 [FXGL Background Thread 3 ] DEBUG Engine               - prefHeightProperty: ReadOnlyDoubleProperty [value: 720.0]
07:31:40.050 [FXGL Background Thread 3 ] DEBUG Engine               - prefWidthProperty: ReadOnlyDoubleProperty [value: 1280.0]
07:31:40.050 [FXGL Background Thread 3 ] DEBUG Engine               - profileDir: profiles/
07:31:40.050 [FXGL Background Thread 3 ] DEBUG Engine               - profileName: StringProperty [value: DEFAULT]
07:31:40.050 [FXGL Background Thread 3 ] DEBUG Engine               - randomSeed: -1
07:31:40.050 [FXGL Background Thread 3 ] DEBUG Engine               - runtimeInfo: RuntimeInfo(platform=WINDOWS, version=17.1, build=24.03.2022 17.34)
07:31:40.050 [FXGL Background Thread 3 ] DEBUG Engine               - saveFileExt: sav
07:31:40.051 [FXGL Background Thread 3 ] DEBUG Engine               - scaledHeightProp$fxgl: DoubleProperty [bound, value: 720.0]
07:31:40.051 [FXGL Background Thread 3 ] DEBUG Engine               - scaledWidthProp$fxgl: DoubleProperty [bound, value: 1280.0]
07:31:40.051 [FXGL Background Thread 3 ] DEBUG Engine               - sceneFactory: hellofx.Main$1@7f249611
07:31:40.051 [FXGL Background Thread 3 ] DEBUG Engine               - secondsIn24h: 60
07:31:40.051 [FXGL Background Thread 3 ] DEBUG Engine               - soundMenuBack: menu/back.wav
07:31:40.051 [FXGL Background Thread 3 ] DEBUG Engine               - soundMenuPress: menu/press.wav
07:31:40.051 [FXGL Background Thread 3 ] DEBUG Engine               - soundMenuSelect: menu/select.wav
07:31:40.051 [FXGL Background Thread 3 ] DEBUG Engine               - soundNotification: core/notification.wav
07:31:40.051 [FXGL Background Thread 3 ] DEBUG Engine               - stageStyle: DECORATED
07:31:40.051 [FXGL Background Thread 3 ] DEBUG Engine               - supportedLanguages: [ENGLISH, FRENCH, GERMAN, HUNGARIAN, RUSSIAN]
07:31:40.051 [FXGL Background Thread 3 ] DEBUG Engine               - ticksPerSecond: -1
07:31:40.051 [FXGL Background Thread 3 ] DEBUG Engine               - title: Bomberman
07:31:40.052 [FXGL Background Thread 3 ] DEBUG Engine               - urlGithub: https://github.com/AlmasB/FXGL
07:31:40.052 [FXGL Background Thread 3 ] DEBUG Engine               - urlLeaderboard: http://fxgl-top.herokuapp.com/
07:31:40.052 [FXGL Background Thread 3 ] DEBUG Engine               - urlPOM: https://raw.githubusercontent.com/AlmasB/FXGL/release/README.md
07:31:40.052 [FXGL Background Thread 3 ] DEBUG Engine               - userAppClass: class hellofx.Main
07:31:40.052 [FXGL Background Thread 3 ] DEBUG Engine               - version: 1.0
07:31:40.052 [FXGL Background Thread 3 ] DEBUG Engine               - versionCheckDays: 7
07:31:40.052 [FXGL Background Thread 3 ] DEBUG Engine               - width: 1280
07:31:40.052 [FXGL Background Thread 3 ] DEBUG Engine               - Logging services
07:31:40.052 [FXGL Background Thread 3 ] DEBUG Engine               - class com.almasb.fxgl.app.services.FXGLAssetLoaderService
07:31:40.052 [FXGL Background Thread 3 ] DEBUG Engine               - class com.almasb.fxgl.app.FXGLApplication$GameApplicationService
07:31:40.052 [FXGL Background Thread 3 ] DEBUG Engine               - class com.almasb.fxgl.app.services.FXGLDialogService
07:31:40.052 [FXGL Background Thread 3 ] DEBUG Engine               - class com.almasb.fxgl.app.services.IOTaskExecutorService
07:31:40.053 [FXGL Background Thread 3 ] DEBUG Engine               - class com.almasb.fxgl.io.FileSystemService
07:31:40.053 [FXGL Background Thread 3 ] DEBUG Engine               - class com.almasb.fxgl.localization.LocalizationService
07:31:40.053 [FXGL Background Thread 3 ] DEBUG Engine               - class com.almasb.fxgl.app.services.SystemBundleService
07:31:40.053 [FXGL Background Thread 3 ] DEBUG Engine               - class com.almasb.fxgl.profile.SaveLoadService
07:31:40.053 [FXGL Background Thread 3 ] DEBUG Engine               - class com.almasb.fxgl.ui.FXGLUIFactoryServiceProvider
07:31:40.053 [FXGL Background Thread 3 ] DEBUG Engine               - class com.almasb.fxgl.ui.FXGLDialogFactoryServiceProvider
07:31:40.053 [FXGL Background Thread 3 ] DEBUG Engine               - class com.almasb.fxgl.audio.AudioPlayer
07:31:40.053 [FXGL Background Thread 3 ] DEBUG Engine               - class com.almasb.fxgl.notification.impl.NotificationServiceProvider
07:31:40.053 [FXGL Background Thread 3 ] DEBUG Engine               - class com.almasb.fxgl.achievement.AchievementService
07:31:40.053 [FXGL Background Thread 3 ] DEBUG Engine               - class com.almasb.fxgl.cutscene.CutsceneService
07:31:40.053 [FXGL Background Thread 3 ] DEBUG Engine               - class com.almasb.fxgl.minigames.MiniGameService
07:31:40.053 [FXGL Background Thread 3 ] DEBUG Engine               - class com.almasb.fxgl.net.NetService
07:31:40.054 [FXGL Background Thread 3 ] DEBUG Engine               - class com.almasb.fxgl.app.services.UpdaterService
07:31:40.054 [FXGL Background Thread 3 ] DEBUG Engine               - class com.almasb.fxgl.dev.DevService
07:31:40.058 [FXGL Background Thread 2 ] DEBUG FXGLAssetLoaderServi - Loading from file system: file:/E:/space_java/Game/game_datbom/target/classes/assets/textures/mapTexture/grass.png
07:31:40.065 [FXGL Background Thread 2 ] DEBUG FXGLAssetLoaderServi - Loading from file system: file:/E:/space_java/Game/game_datbom/target/classes/assets/textures/mapTexture/wall.png
07:31:40.156 [FXGL Background Thread 2 ] DEBUG FXGLAssetLoaderServi - Loading from file system: file:/E:/space_java/Game/game_datbom/target/classes/assets/textures/mapTexture%5cbrick.png
07:31:40.159 [FXGL Background Thread 2 ] DEBUG FXGLAssetLoaderServi - Loading from file system: file:/E:/space_java/Game/game_datbom/target/classes/assets/textures/mapTexture%5cbrick_break.png
07:31:40.316 [FXGL Background Thread 2 ] DEBUG FXGLAssetLoaderServi - Loading from file system: file:/E:/space_java/Game/game_datbom/target/classes/assets/textures/character/gold_player_up.png
07:31:40.318 [FXGL Background Thread 2 ] DEBUG FXGLAssetLoaderServi - Loading from file system: file:/E:/space_java/Game/game_datbom/target/classes/assets/textures/character/gold_player_down.png
07:31:40.319 [FXGL Background Thread 2 ] DEBUG FXGLAssetLoaderServi - Loading from file system: file:/E:/space_java/Game/game_datbom/target/classes/assets/textures/character/gold_player_left.png
07:31:40.321 [FXGL Background Thread 2 ] DEBUG FXGLAssetLoaderServi - Loading from file system: file:/E:/space_java/Game/game_datbom/target/classes/assets/textures/character/gold_player_right.png
07:31:40.323 [FXGL Background Thread 2 ] WARN  Entity               - Entity already has component: com.almasb.fxgl.entity.components.CollidableComponent
07:31:40.325 [FXGL Background Thread 2 ] INFO  FXGLApplication      - Game initialization took: 0.295 sec
07:31:40.331 [JavaFX Application Thread] DEBUG Input                - Clearing active input actions
07:31:40.348 [JavaFX Application Thread] DEBUG GameApplicationServi - Removing overlay from FXGLLoadingScene and adding to GameScene
07:31:40.351 [JavaFX Application Thread] DEBUG PrimaryStageWindow   - FXGLLoadingScene -> GameScene
07:31:42.274 [JavaFX Application Thread] DEBUG FXGLAssetLoaderServi - Loading from file system: file:/E:/space_java/Game/game_datbom/target/classes/assets/sounds/drop.wav
07:31:45.703 [JavaFX Application Thread] DEBUG FXGLAssetLoaderServi - Loading from file system: file:/E:/space_java/Game/game_datbom/target/classes/assets/textures/character%5cbomb.png
07:31:45.706 [JavaFX Application Thread] DEBUG FXGLAssetLoaderServi - Loading from file system: file:/E:/space_java/Game/game_datbom/target/classes/assets/textures/flame%5cleft_flame.png
07:31:45.707 [JavaFX Application Thread] DEBUG FXGLAssetLoaderServi - Loading from file system: file:/E:/space_java/Game/game_datbom/target/classes/assets/textures/flame%5cup_flame.png
07:31:45.709 [JavaFX Application Thread] DEBUG FXGLAssetLoaderServi - Loading from file system: file:/E:/space_java/Game/game_datbom/target/classes/assets/textures/flame%5ccentral_flame.png
07:31:47.388 [JavaFX Application Thread] DEBUG Input                - Clearing active input actions
07:31:47.396 [JavaFX Application Thread] DEBUG GameApplicationServi - Removing overlay from GameScene and adding to FXGLMainMenuDummyScene
07:31:47.399 [JavaFX Application Thread] DEBUG PrimaryStageWindow   - GameScene -> FXGLMainMenuDummyScene
07:31:47.399 [JavaFX Application Thread] DEBUG PrimaryStageWindow   - Push state: MainMenu
07:31:47.399 [JavaFX Application Thread] DEBUG Input                - Clearing active input actions
07:31:47.399 [JavaFX Application Thread] DEBUG GameApplicationServi - Removing overlay from FXGLMainMenuDummyScene and adding to MainMenu
07:31:47.399 [JavaFX Application Thread] DEBUG PrimaryStageWindow   - FXGLMainMenuDummyScene -> MainMenu
07:31:49.861 [JavaFX Application Thread] DEBUG Menu                 - fireNewGame()
07:31:49.861 [JavaFX Application Thread] DEBUG GameApplicationServi - Starting new game
07:31:49.861 [JavaFX Application Thread] DEBUG PrimaryStageWindow   - Pop state: MainMenu
07:31:49.862 [JavaFX Application Thread] DEBUG Input                - Clearing active input actions
07:31:49.863 [JavaFX Application Thread] DEBUG GameApplicationServi - Removing overlay from MainMenu and adding to FXGLMainMenuDummyScene
07:31:49.865 [JavaFX Application Thread] DEBUG PrimaryStageWindow   - FXGLMainMenuDummyScene <- MainMenu
07:31:49.865 [JavaFX Application Thread] DEBUG Input                - Clearing active input actions
07:31:49.870 [JavaFX Application Thread] DEBUG GameApplicationServi - Removing overlay from FXGLMainMenuDummyScene and adding to FXGLLoadingScene
07:31:49.871 [JavaFX Application Thread] DEBUG PrimaryStageWindow   - FXGLMainMenuDummyScene -> FXGLLoadingScene
07:31:49.871 [JavaFX Application Thread] DEBUG GameApplicationServi - Clearing previous game
07:31:49.871 [JavaFX Application Thread] DEBUG GameScene            - Clearing game scene
07:31:49.871 [JavaFX Application Thread] DEBUG GameWorld            - Clearing game world
07:31:49.899 [JavaFX Application Thread] DEBUG PhysicsWorld         - Clearing physics world
07:31:49.899 [FXGL Background Thread 2 ] DEBUG FXGLApplication      - Initializing game
07:31:49.990 [FXGL Background Thread 2 ] WARN  Entity               - Entity already has component: com.almasb.fxgl.entity.components.CollidableComponent
07:31:49.990 [FXGL Background Thread 2 ] INFO  FXGLApplication      - Game initialization took: 0.091 sec
07:31:49.991 [JavaFX Application Thread] DEBUG Input                - Clearing active input actions
07:31:50.002 [JavaFX Application Thread] DEBUG GameApplicationServi - Removing overlay from FXGLLoadingScene and adding to GameScene
07:31:50.004 [JavaFX Application Thread] DEBUG PrimaryStageWindow   - FXGLLoadingScene -> GameScene
07:31:58.744 [JavaFX Application Thread] DEBUG FXGLApplication      - Exiting FXGL
07:31:58.744 [JavaFX Application Thread] DEBUG LoopRunner           - Stopping loop
07:31:58.744 [JavaFX Application Thread] DEBUG SystemBundleService  - Saving FXGL system data
07:31:58.748 [JavaFX Application Thread] DEBUG FileSystemAccess     - Writing to: E:\space_java\Game\game_datbom\system\fxgl.bundle
07:31:58.753 [JavaFX Application Thread] DEBUG Async                - Shutting down background threads
07:31:58.754 [JavaFX Application Thread] DEBUG PrimaryStageWindow   - Closing main window
07:31:58.789 [JavaFX Application Thread] DEBUG Logger               - Closing Logger
