10:42:31.254 [main                     ] DEBUG Logger               - Configured Logger
10:42:31.273 [main                     ] DEBUG GameApplication      - Logging settings
Title: Bomberman
Version: 1.0
Width: 1280
Height: 720
Fullscreen: false
Intro: false
Profiling: false
Single step:false
App Mode: DEVELOPER
Menu Key: ESCAPE
Stage Style: DECORATED
Scene Factory: class hellofx.Main$1

10:42:31.381 [JavaFX Application Thread] DEBUG FXGLApplication      - Initializing FXGL
10:42:31.387 [JavaFX Application Thread] INFO  Engine               - FXGL-17.1 (24.03.2022 17.34) on WINDOWS (J:18.0.2.1 FX:18)
10:42:31.387 [JavaFX Application Thread] DEBUG Engine               - JRE Vendor Name: Oracle Corporation
10:42:31.388 [JavaFX Application Thread] DEBUG Engine               - Running on OS: Windows 11 version 10.0
10:42:31.388 [JavaFX Application Thread] DEBUG Engine               - Architecture: amd64
10:42:31.388 [JavaFX Application Thread] INFO  Engine               - Source code and latest versions at: https://github.com/AlmasB/FXGL
10:42:31.388 [JavaFX Application Thread] INFO  Engine               -       Ask questions and discuss at: https://github.com/AlmasB/FXGL/discussions
10:42:31.389 [JavaFX Application Thread] INFO  Engine               -              Join the FXGL chat at: https://gitter.im/AlmasB/FXGL
10:42:31.440 [JavaFX Application Thread] DEBUG PrimaryStageWindow   - Creating a JavaFX scene
10:42:31.490 [JavaFX Application Thread] DEBUG PrimaryStageWindow   - Target settings size: 1280.0 x 720.0
10:42:31.491 [JavaFX Application Thread] DEBUG PrimaryStageWindow   - Scaled scene size:    1280.0 x 720.0
10:42:31.491 [JavaFX Application Thread] DEBUG PrimaryStageWindow   - Scaled ratio: (1.0, 1.0)
10:42:31.492 [JavaFX Application Thread] DEBUG PrimaryStageWindow   - Set initial scene to FXGLStartupScene
10:42:31.499 [JavaFX Application Thread] DEBUG PrimaryStageWindow   - Opening main window
10:42:31.588 [JavaFX Application Thread] DEBUG PrimaryStageWindow   - Window border size: (16.0, 39.0)
10:42:31.589 [JavaFX Application Thread] DEBUG PrimaryStageWindow   - Scaled size: 1280.0 x 720.0
10:42:31.589 [JavaFX Application Thread] DEBUG PrimaryStageWindow   - Scaled ratio: (1.0, 1.0)
10:42:31.589 [JavaFX Application Thread] DEBUG PrimaryStageWindow   - Scene size: 1280.0 x 720.0
10:42:31.590 [JavaFX Application Thread] DEBUG PrimaryStageWindow   - Stage size: 1296.0 x 759.0
10:42:31.599 [FXGL Background Thread 1 ] DEBUG Engine               - Initializing environment variables
10:42:31.671 [FXGL Background Thread 1 ] DEBUG FXGLAssetLoaderServi - User app class for loading assets: class hellofx.Main
10:42:31.671 [FXGL Background Thread 1 ] DEBUG GameApplicationServi - Applying CSS: fxgl_dark.css
10:42:31.672 [FXGL Background Thread 1 ] DEBUG FXGLAssetLoaderServi - Loading from file system: jar:file:/C:/Users/chaum/.m2/repository/com/github/almasb/fxgl/17.1/fxgl-17.1.jar!/fxglassets/ui/css/fxgl_dark.css
10:42:31.720 [FXGL Background Thread 1 ] DEBUG GameApplicationServi - Initializing application scenes
10:42:31.762 [FXGL Background Thread 1 ] DEBUG GameWorld            - Game world initialized
10:42:31.810 [FXGL Background Thread 1 ] DEBUG PhysicsWorld         - Physics world initialized: appHeight=720, physics.ppm=50.0
10:42:31.810 [FXGL Background Thread 1 ] DEBUG PhysicsWorld         - Using strategy: BRUTE_FORCE
10:42:31.815 [FXGL Background Thread 1 ] DEBUG GameScene            - Game scene initialized: 1280x720
10:42:31.881 [FXGL Background Thread 1 ] DEBUG GameApplicationServi - Application scenes initialized
10:42:31.901 [FXGL Background Thread 1 ] DEBUG SystemBundleService  - Loading FXGL system data
10:42:31.908 [FXGL Background Thread 1 ] DEBUG FileSystemAccess     - Reading from: E:\space_java\Game\game_datbom\system\fxgl.bundle
10:42:31.917 [FXGL Background Thread 1 ] DEBUG SystemBundleService  - Bundle FXGL: {}
10:42:31.917 [FXGL Background Thread 1 ] DEBUG UpdaterService       - Checking for updates
10:42:31.944 [FXGL Background Thread 4 ] DEBUG FXGLApplication      - Loading fonts
10:42:31.944 [FXGL Background Thread 1 ] DEBUG FXGLApplication      - Loading default localization
10:42:31.945 [FXGL Background Thread 4 ] DEBUG FXGLAssetLoaderServi - Loading from file system: jar:file:/C:/Users/chaum/.m2/repository/com/github/almasb/fxgl/17.1/fxgl-17.1.jar!/fxglassets/ui/fonts/VarelaRound-Regular.ttf
10:42:31.945 [FXGL Background Thread 1 ] DEBUG FXGLAssetLoaderServi - Loading from file system: jar:file:/C:/Users/chaum/.m2/repository/com/github/almasb/fxgl/17.1/fxgl-17.1.jar!/fxglassets/languages/english.lang
10:42:31.966 [FXGL Background Thread 1 ] INFO  FXGLApplication      - FXGL initialization took: 0.366 sec
10:42:31.978 [JavaFX Application Thread] DEBUG Input                - Registered new binding: action0 - F
10:42:31.979 [JavaFX Application Thread] DEBUG Input                - Registered new binding: action1 - G
10:42:31.979 [JavaFX Application Thread] DEBUG Input                - Registered new binding: action2 - R
10:42:31.980 [JavaFX Application Thread] DEBUG Input                - Registered new binding: action3 - T
10:42:31.980 [JavaFX Application Thread] DEBUG Input                - Registered new binding: Right - D
10:42:31.981 [JavaFX Application Thread] DEBUG Input                - Registered new binding: Left - A
10:42:31.981 [JavaFX Application Thread] DEBUG Input                - Registered new binding: Up - W
10:42:31.981 [JavaFX Application Thread] DEBUG Input                - Registered new binding: Down - S
10:42:31.981 [JavaFX Application Thread] DEBUG Input                - Registered new binding: Place boom - Space
10:42:31.982 [JavaFX Application Thread] DEBUG FXGLAssetLoaderServi - Loading from file system: file:/E:/space_java/Game/game_datbom/target/classes/assets/textures/icon/icon.png
10:42:32.023 [FXGL Background Thread 4 ] DEBUG FXGLAssetLoaderServi - Loading from file system: jar:file:/C:/Users/chaum/.m2/repository/com/github/almasb/fxgl/17.1/fxgl-17.1.jar!/fxglassets/ui/fonts/Abel-Regular.ttf
10:42:32.026 [FXGL Background Thread 4 ] DEBUG FXGLAssetLoaderServi - Loading from file system: jar:file:/C:/Users/chaum/.m2/repository/com/github/almasb/fxgl/17.1/fxgl-17.1.jar!/fxglassets/ui/fonts/TerminalLandMono-Regular.otf
10:42:32.030 [FXGL Background Thread 4 ] DEBUG FXGLAssetLoaderServi - Loading from file system: jar:file:/C:/Users/chaum/.m2/repository/com/github/almasb/fxgl/17.1/fxgl-17.1.jar!/fxglassets/ui/fonts/Courier-Prime.ttf
10:42:32.043 [JavaFX Application Thread] DEBUG FXGLAssetLoaderServi - Loading from file system: file:/E:/space_java/Game/game_datbom/target/classes/assets/textures/cursor/cursor1.png
10:42:32.053 [JavaFX Application Thread] DEBUG Input                - Registered new binding: Screenshot - CTRL+8
10:42:32.054 [JavaFX Application Thread] DEBUG Input                - Registered new binding: Dev Options - 1
10:42:32.054 [JavaFX Application Thread] DEBUG Input                - Registered new binding: Dev Console - 2
10:42:32.055 [JavaFX Application Thread] DEBUG Input                - Registered new binding: System info dump - CTRL+9
10:42:32.055 [JavaFX Application Thread] DEBUG Input                - Registered new binding: Restart - CTRL+R
10:42:32.056 [JavaFX Application Thread] DEBUG Input                - Registered new binding: Toggle Debug Camera - CTRL+7
10:42:32.060 [JavaFX Application Thread] DEBUG LoopRunner           - Starting loop
10:42:32.076 [JavaFX Application Thread] DEBUG LoopRunner           - Initializing JavaFX AnimationTimerLoop
10:42:32.079 [JavaFX Application Thread] DEBUG Input                - Clearing active input actions
10:42:32.084 [JavaFX Application Thread] DEBUG GameApplicationServi - Removing overlay from FXGLStartupScene and adding to FXGLMainMenuDummyScene
10:42:32.088 [JavaFX Application Thread] DEBUG PrimaryStageWindow   - FXGLStartupScene -> FXGLMainMenuDummyScene
10:42:32.088 [JavaFX Application Thread] DEBUG PrimaryStageWindow   - Push state: MainMenu
10:42:32.088 [JavaFX Application Thread] DEBUG Input                - Clearing active input actions
10:42:32.091 [JavaFX Application Thread] DEBUG GameApplicationServi - Removing overlay from FXGLMainMenuDummyScene and adding to MainMenu
10:42:32.092 [JavaFX Application Thread] DEBUG PrimaryStageWindow   - FXGLMainMenuDummyScene -> MainMenu
10:42:32.099 [JavaFX Application Thread] DEBUG FXGLApplication      - Registering font factories with UI factory
10:42:33.119 [JavaFX Application Thread] DEBUG Menu                 - fireNewGame()
10:42:33.119 [JavaFX Application Thread] DEBUG GameApplicationServi - Starting new game
10:42:33.120 [JavaFX Application Thread] DEBUG PrimaryStageWindow   - Pop state: MainMenu
10:42:33.120 [JavaFX Application Thread] DEBUG Input                - Clearing active input actions
10:42:33.123 [JavaFX Application Thread] DEBUG GameApplicationServi - Removing overlay from MainMenu and adding to FXGLMainMenuDummyScene
10:42:33.127 [JavaFX Application Thread] DEBUG PrimaryStageWindow   - FXGLMainMenuDummyScene <- MainMenu
10:42:33.128 [JavaFX Application Thread] DEBUG Input                - Clearing active input actions
10:42:33.135 [JavaFX Application Thread] DEBUG GameApplicationServi - Removing overlay from FXGLMainMenuDummyScene and adding to FXGLLoadingScene
10:42:33.136 [JavaFX Application Thread] DEBUG PrimaryStageWindow   - FXGLMainMenuDummyScene -> FXGLLoadingScene
10:42:33.136 [JavaFX Application Thread] DEBUG GameApplicationServi - Clearing previous game
10:42:33.136 [JavaFX Application Thread] DEBUG GameScene            - Clearing game scene
10:42:33.137 [JavaFX Application Thread] DEBUG GameWorld            - Clearing game world
10:42:33.138 [JavaFX Application Thread] DEBUG PhysicsWorld         - Clearing physics world
10:42:33.141 [FXGL Background Thread 4 ] DEBUG FXGLApplication      - Initializing game
10:42:33.172 [FXGL Background Thread 4 ] DEBUG FXGLAssetLoaderServi - Loading from file system: file:/E:/space_java/Game/game_datbom/target/classes/assets/textures/mapTexture/grass.png
10:42:33.180 [FXGL Background Thread 4 ] DEBUG FXGLAssetLoaderServi - Loading from file system: file:/E:/space_java/Game/game_datbom/target/classes/assets/textures/mapTexture/wall2.png
10:42:33.249 [FXGL Background Thread 4 ] DEBUG FXGLAssetLoaderServi - Loading from file system: file:/E:/space_java/Game/game_datbom/target/classes/assets/textures/mapTexture%5cbrick.png
10:42:33.251 [FXGL Background Thread 4 ] DEBUG FXGLAssetLoaderServi - Loading from file system: file:/E:/space_java/Game/game_datbom/target/classes/assets/textures/mapTexture%5cbrick_break.png
10:42:33.310 [FXGL Background Thread 4 ] DEBUG FXGLAssetLoaderServi - Loading from file system: file:/E:/space_java/Game/game_datbom/target/classes/assets/textures/gameItem/powerup_bombs.png
10:42:33.312 [FXGL Background Thread 4 ] DEBUG FXGLAssetLoaderServi - Loading from file system: file:/E:/space_java/Game/game_datbom/target/classes/assets/textures/gameItem/powerup_flamepass.png
10:42:33.335 [FXGL Background Thread 4 ] DEBUG FXGLAssetLoaderServi - Loading from file system: file:/E:/space_java/Game/game_datbom/target/classes/assets/textures/enemy/balloon36.png
10:42:33.356 [FXGL Background Thread 4 ] DEBUG FXGLAssetLoaderServi - Loading from file system: file:/E:/space_java/Game/game_datbom/target/classes/assets/textures/gameItem/powerup_speed.png
10:42:33.367 [FXGL Background Thread 4 ] DEBUG FXGLAssetLoaderServi - Loading from file system: file:/E:/space_java/Game/game_datbom/target/classes/assets/textures/gameItem/powerup_flames.png
10:42:33.411 [FXGL Background Thread 4 ] DEBUG FXGLAssetLoaderServi - Loading from file system: file:/E:/space_java/Game/game_datbom/target/classes/assets/textures/mapTexture/portal.png
10:42:33.495 [FXGL Background Thread 4 ] DEBUG FXGLAssetLoaderServi - Loading from file system: file:/E:/space_java/Game/game_datbom/target/classes/assets/textures/enemy/oneal40.png
10:42:33.518 [FXGL Background Thread 4 ] DEBUG FXGLAssetLoaderServi - Loading from file system: file:/E:/space_java/Game/game_datbom/target/classes/assets/textures/character/gold_player_dead.png
10:42:33.520 [FXGL Background Thread 4 ] DEBUG FXGLAssetLoaderServi - Loading from file system: file:/E:/space_java/Game/game_datbom/target/classes/assets/textures/character/gold_player_down.png
10:42:33.522 [FXGL Background Thread 2 ] INFO  UpdaterService       - Your current version:  17.1
10:42:33.522 [FXGL Background Thread 4 ] DEBUG FXGLAssetLoaderServi - Loading from file system: file:/E:/space_java/Game/game_datbom/target/classes/assets/textures/character/gold_player_up.png
10:42:33.522 [FXGL Background Thread 2 ] INFO  UpdaterService       - Latest stable version: 17.2
10:42:33.525 [FXGL Background Thread 4 ] DEBUG FXGLAssetLoaderServi - Loading from file system: file:/E:/space_java/Game/game_datbom/target/classes/assets/textures/character/gold_player_left_temp.png
10:42:33.527 [FXGL Background Thread 4 ] DEBUG FXGLAssetLoaderServi - Loading from file system: file:/E:/space_java/Game/game_datbom/target/classes/assets/textures/character/gold_player_right_temp.png
10:42:33.531 [FXGL Background Thread 4 ] INFO  FXGLApplication      - Game initialization took: 0.389 sec
10:42:33.532 [JavaFX Application Thread] DEBUG Input                - Clearing active input actions
10:42:33.546 [JavaFX Application Thread] DEBUG GameApplicationServi - Removing overlay from FXGLLoadingScene and adding to GameScene
10:42:33.548 [JavaFX Application Thread] DEBUG PrimaryStageWindow   - FXGLLoadingScene -> GameScene
10:42:34.943 [FXGL Background Thread 3 ] DEBUG Engine               - Logging environment variables
10:42:34.944 [FXGL Background Thread 3 ] DEBUG Engine               - achievements: []
10:42:34.944 [FXGL Background Thread 3 ] DEBUG Engine               - actualHeight: 720.0
10:42:34.944 [FXGL Background Thread 3 ] DEBUG Engine               - actualHeightProperty: ReadOnlyDoubleProperty [value: 720.0]
10:42:34.945 [FXGL Background Thread 3 ] DEBUG Engine               - actualWidth: 1280.0
10:42:34.945 [FXGL Background Thread 3 ] DEBUG Engine               - actualWidthProperty: ReadOnlyDoubleProperty [value: 1280.0]
10:42:34.945 [FXGL Background Thread 3 ] DEBUG Engine               - appIcon: icon/icon.png
10:42:34.945 [FXGL Background Thread 3 ] DEBUG Engine               - applicationMode: DEVELOPER
10:42:34.945 [FXGL Background Thread 3 ] DEBUG Engine               - cSSList: [fxgl_dark.css]
10:42:34.945 [FXGL Background Thread 3 ] DEBUG Engine               - collisionDetectionStrategy: BRUTE_FORCE
10:42:34.946 [FXGL Background Thread 3 ] DEBUG Engine               - configClass: Optional.empty
10:42:34.946 [FXGL Background Thread 3 ] DEBUG Engine               - credits: []
10:42:34.947 [FXGL Background Thread 3 ] DEBUG Engine               - defaultCursor: CursorInfo(imageName=cursor/cursor1.png, hotspotX=0.0, hotspotY=0.0)
10:42:34.948 [FXGL Background Thread 3 ] DEBUG Engine               - devBBoxColorProperty: ObjectProperty [value: 0xff0000ff]
10:42:34.948 [FXGL Background Thread 3 ] DEBUG Engine               - devEnableDebugCameraProperty: BooleanProperty [value: false]
10:42:34.948 [FXGL Background Thread 3 ] DEBUG Engine               - devSensorColorProperty: ObjectProperty [value: 0xffff00ff]
10:42:34.948 [FXGL Background Thread 3 ] DEBUG Engine               - devShowBBoxProperty: BooleanProperty [value: false]
10:42:34.948 [FXGL Background Thread 3 ] DEBUG Engine               - devShowPositionProperty: BooleanProperty [value: false]
10:42:34.949 [FXGL Background Thread 3 ] DEBUG Engine               - enabledMenuItems: []
10:42:34.949 [FXGL Background Thread 3 ] DEBUG Engine               - engineServices: [class com.almasb.fxgl.app.services.FXGLAssetLoaderService, class com.almasb.fxgl.app.FXGLApplication$GameApplicationService, class com.almasb.fxgl.app.services.FXGLDialogService, class com.almasb.fxgl.app.services.IOTaskExecutorService, class com.almasb.fxgl.io.FileSystemService, class com.almasb.fxgl.localization.LocalizationService, class com.almasb.fxgl.app.services.SystemBundleService, class com.almasb.fxgl.profile.SaveLoadService, class com.almasb.fxgl.ui.FXGLUIFactoryServiceProvider, class com.almasb.fxgl.ui.FXGLDialogFactoryServiceProvider, class com.almasb.fxgl.audio.AudioPlayer, class com.almasb.fxgl.notification.impl.NotificationServiceProvider, class com.almasb.fxgl.achievement.AchievementService, class com.almasb.fxgl.cutscene.CutsceneService, class com.almasb.fxgl.minigames.MiniGameService, class com.almasb.fxgl.net.NetService, class com.almasb.fxgl.app.services.UpdaterService, class com.almasb.fxgl.dev.DevService]
10:42:34.949 [FXGL Background Thread 3 ] DEBUG Engine               - fontGame: Abel-Regular.ttf
10:42:34.949 [FXGL Background Thread 3 ] DEBUG Engine               - fontMono: TerminalLandMono-Regular.otf
10:42:34.949 [FXGL Background Thread 3 ] DEBUG Engine               - fontText: Courier-Prime.ttf
10:42:34.949 [FXGL Background Thread 3 ] DEBUG Engine               - fontUI: VarelaRound-Regular.ttf
10:42:34.950 [FXGL Background Thread 3 ] DEBUG Engine               - fullScreen: BooleanProperty [value: false]
10:42:34.950 [FXGL Background Thread 3 ] DEBUG Engine               - gameDifficulty: MEDIUM
10:42:34.950 [FXGL Background Thread 3 ] DEBUG Engine               - gameDifficultyProperty: ObjectProperty [value: MEDIUM]
10:42:34.950 [FXGL Background Thread 3 ] DEBUG Engine               - globalMusicVolume: 0.5
10:42:34.950 [FXGL Background Thread 3 ] DEBUG Engine               - globalMusicVolumeProperty: DoubleProperty [value: 0.5]
10:42:34.950 [FXGL Background Thread 3 ] DEBUG Engine               - globalSoundVolume: 0.5
10:42:34.950 [FXGL Background Thread 3 ] DEBUG Engine               - globalSoundVolumeProperty: DoubleProperty [value: 0.5]
10:42:34.950 [FXGL Background Thread 3 ] DEBUG Engine               - height: 720
10:42:34.950 [FXGL Background Thread 3 ] DEBUG Engine               - is3D: false
10:42:34.950 [FXGL Background Thread 3 ] DEBUG Engine               - isAndroid: false
10:42:34.950 [FXGL Background Thread 3 ] DEBUG Engine               - isBrowser: false
10:42:34.950 [FXGL Background Thread 3 ] DEBUG Engine               - isClickFeedbackEnabled: false
10:42:34.950 [FXGL Background Thread 3 ] DEBUG Engine               - isCloseConfirmation: false
10:42:34.950 [FXGL Background Thread 3 ] DEBUG Engine               - isDesktop: true
10:42:34.950 [FXGL Background Thread 3 ] DEBUG Engine               - isDeveloperMenuEnabled: true
10:42:34.950 [FXGL Background Thread 3 ] DEBUG Engine               - isEmbedded: false
10:42:34.950 [FXGL Background Thread 3 ] DEBUG Engine               - isEntityPreloadEnabled: true
10:42:34.951 [FXGL Background Thread 3 ] DEBUG Engine               - isExperimentalTiledLargeMap: false
10:42:34.951 [FXGL Background Thread 3 ] DEBUG Engine               - isFileSystemWriteAllowed: true
10:42:34.951 [FXGL Background Thread 3 ] DEBUG Engine               - isFullScreenAllowed: false
10:42:34.951 [FXGL Background Thread 3 ] DEBUG Engine               - isFullScreenFromStart: false
10:42:34.951 [FXGL Background Thread 3 ] DEBUG Engine               - isGameMenuEnabled: true
10:42:34.951 [FXGL Background Thread 3 ] DEBUG Engine               - isIOS: false
10:42:34.951 [FXGL Background Thread 3 ] DEBUG Engine               - isIntroEnabled: false
10:42:34.951 [FXGL Background Thread 3 ] DEBUG Engine               - isLinux: false
10:42:34.951 [FXGL Background Thread 3 ] DEBUG Engine               - isMac: false
10:42:34.951 [FXGL Background Thread 3 ] DEBUG Engine               - isMainMenuEnabled: true
10:42:34.951 [FXGL Background Thread 3 ] DEBUG Engine               - isManualResizeEnabled: false
10:42:34.952 [FXGL Background Thread 3 ] DEBUG Engine               - isMobile: false
10:42:34.952 [FXGL Background Thread 3 ] DEBUG Engine               - isNative: false
10:42:34.952 [FXGL Background Thread 3 ] DEBUG Engine               - isPauseMusicWhenMinimized: true
10:42:34.952 [FXGL Background Thread 3 ] DEBUG Engine               - isPreserveResizeRatio: false
10:42:34.952 [FXGL Background Thread 3 ] DEBUG Engine               - isProfilingEnabled: false
10:42:34.952 [FXGL Background Thread 3 ] DEBUG Engine               - isScaleAffectedOnResize: true
10:42:34.952 [FXGL Background Thread 3 ] DEBUG Engine               - isSingleStep: false
10:42:34.952 [FXGL Background Thread 3 ] DEBUG Engine               - isUserProfileEnabled: false
10:42:34.952 [FXGL Background Thread 3 ] DEBUG Engine               - isWindows: true
10:42:34.952 [FXGL Background Thread 3 ] DEBUG Engine               - language: ObjectProperty [value: ENGLISH]
10:42:34.952 [FXGL Background Thread 3 ] DEBUG Engine               - menuKey: ESCAPE
10:42:34.952 [FXGL Background Thread 3 ] DEBUG Engine               - mouseSensitivity: 0.2
10:42:34.952 [FXGL Background Thread 3 ] DEBUG Engine               - notificationViewClass: class com.almasb.fxgl.notification.view.XboxNotificationView
10:42:34.953 [FXGL Background Thread 3 ] DEBUG Engine               - pixelsPerMeter: 50.0
10:42:34.953 [FXGL Background Thread 3 ] DEBUG Engine               - platform: WINDOWS
10:42:34.953 [FXGL Background Thread 3 ] DEBUG Engine               - prefHeightProperty: ReadOnlyDoubleProperty [value: 720.0]
10:42:34.953 [FXGL Background Thread 3 ] DEBUG Engine               - prefWidthProperty: ReadOnlyDoubleProperty [value: 1280.0]
10:42:34.953 [FXGL Background Thread 3 ] DEBUG Engine               - profileDir: profiles/
10:42:34.953 [FXGL Background Thread 3 ] DEBUG Engine               - profileName: StringProperty [value: DEFAULT]
10:42:34.953 [FXGL Background Thread 3 ] DEBUG Engine               - randomSeed: -1
10:42:34.953 [FXGL Background Thread 3 ] DEBUG Engine               - runtimeInfo: RuntimeInfo(platform=WINDOWS, version=17.1, build=24.03.2022 17.34)
10:42:34.953 [FXGL Background Thread 3 ] DEBUG Engine               - saveFileExt: sav
10:42:34.953 [FXGL Background Thread 3 ] DEBUG Engine               - scaledHeightProp$fxgl: DoubleProperty [bound, value: 720.0]
10:42:34.953 [FXGL Background Thread 3 ] DEBUG Engine               - scaledWidthProp$fxgl: DoubleProperty [bound, value: 1280.0]
10:42:34.954 [FXGL Background Thread 3 ] DEBUG Engine               - sceneFactory: hellofx.Main$1@64356104
10:42:34.954 [FXGL Background Thread 3 ] DEBUG Engine               - secondsIn24h: 60
10:42:34.954 [FXGL Background Thread 3 ] DEBUG Engine               - soundMenuBack: menu/back.wav
10:42:34.954 [FXGL Background Thread 3 ] DEBUG Engine               - soundMenuPress: menu/press.wav
10:42:34.954 [FXGL Background Thread 3 ] DEBUG Engine               - soundMenuSelect: menu/select.wav
10:42:34.954 [FXGL Background Thread 3 ] DEBUG Engine               - soundNotification: core/notification.wav
10:42:34.954 [FXGL Background Thread 3 ] DEBUG Engine               - stageStyle: DECORATED
10:42:34.954 [FXGL Background Thread 3 ] DEBUG Engine               - supportedLanguages: [ENGLISH, FRENCH, GERMAN, HUNGARIAN, RUSSIAN]
10:42:34.954 [FXGL Background Thread 3 ] DEBUG Engine               - ticksPerSecond: -1
10:42:34.954 [FXGL Background Thread 3 ] DEBUG Engine               - title: Bomberman
10:42:34.954 [FXGL Background Thread 3 ] DEBUG Engine               - urlGithub: https://github.com/AlmasB/FXGL
10:42:34.954 [FXGL Background Thread 3 ] DEBUG Engine               - urlLeaderboard: http://fxgl-top.herokuapp.com/
10:42:34.954 [FXGL Background Thread 3 ] DEBUG Engine               - urlPOM: https://raw.githubusercontent.com/AlmasB/FXGL/release/README.md
10:42:34.954 [FXGL Background Thread 3 ] DEBUG Engine               - userAppClass: class hellofx.Main
10:42:34.954 [FXGL Background Thread 3 ] DEBUG Engine               - version: 1.0
10:42:34.955 [FXGL Background Thread 3 ] DEBUG Engine               - versionCheckDays: 7
10:42:34.955 [FXGL Background Thread 3 ] DEBUG Engine               - width: 1280
10:42:34.955 [FXGL Background Thread 3 ] DEBUG Engine               - Logging services
10:42:34.956 [FXGL Background Thread 3 ] DEBUG Engine               - class com.almasb.fxgl.app.services.FXGLAssetLoaderService
10:42:34.956 [FXGL Background Thread 3 ] DEBUG Engine               - class com.almasb.fxgl.app.FXGLApplication$GameApplicationService
10:42:34.956 [FXGL Background Thread 3 ] DEBUG Engine               - class com.almasb.fxgl.app.services.FXGLDialogService
10:42:34.956 [FXGL Background Thread 3 ] DEBUG Engine               - class com.almasb.fxgl.app.services.IOTaskExecutorService
10:42:34.956 [FXGL Background Thread 3 ] DEBUG Engine               - class com.almasb.fxgl.io.FileSystemService
10:42:34.956 [FXGL Background Thread 3 ] DEBUG Engine               - class com.almasb.fxgl.localization.LocalizationService
10:42:34.956 [FXGL Background Thread 3 ] DEBUG Engine               - class com.almasb.fxgl.app.services.SystemBundleService
10:42:34.956 [FXGL Background Thread 3 ] DEBUG Engine               - class com.almasb.fxgl.profile.SaveLoadService
10:42:34.956 [FXGL Background Thread 3 ] DEBUG Engine               - class com.almasb.fxgl.ui.FXGLUIFactoryServiceProvider
10:42:34.956 [FXGL Background Thread 3 ] DEBUG Engine               - class com.almasb.fxgl.ui.FXGLDialogFactoryServiceProvider
10:42:34.957 [FXGL Background Thread 3 ] DEBUG Engine               - class com.almasb.fxgl.audio.AudioPlayer
10:42:34.957 [FXGL Background Thread 3 ] DEBUG Engine               - class com.almasb.fxgl.notification.impl.NotificationServiceProvider
10:42:34.957 [FXGL Background Thread 3 ] DEBUG Engine               - class com.almasb.fxgl.achievement.AchievementService
10:42:34.957 [FXGL Background Thread 3 ] DEBUG Engine               - class com.almasb.fxgl.cutscene.CutsceneService
10:42:34.957 [FXGL Background Thread 3 ] DEBUG Engine               - class com.almasb.fxgl.minigames.MiniGameService
10:42:34.957 [FXGL Background Thread 3 ] DEBUG Engine               - class com.almasb.fxgl.net.NetService
10:42:34.957 [FXGL Background Thread 3 ] DEBUG Engine               - class com.almasb.fxgl.app.services.UpdaterService
10:42:34.957 [FXGL Background Thread 3 ] DEBUG Engine               - class com.almasb.fxgl.dev.DevService
10:42:41.677 [JavaFX Application Thread] DEBUG FXGLAssetLoaderServi - Loading from file system: file:/E:/space_java/Game/game_datbom/target/classes/assets/textures/character%5cbomb.png
10:42:41.680 [JavaFX Application Thread] DEBUG FXGLAssetLoaderServi - Loading from file system: file:/E:/space_java/Game/game_datbom/target/classes/assets/textures/flame%5cleft_flame.png
10:42:41.681 [JavaFX Application Thread] DEBUG FXGLAssetLoaderServi - Loading from file system: file:/E:/space_java/Game/game_datbom/target/classes/assets/textures/flame%5cup_flame.png
10:42:41.682 [JavaFX Application Thread] DEBUG FXGLAssetLoaderServi - Loading from file system: file:/E:/space_java/Game/game_datbom/target/classes/assets/textures/flame%5ccentral_flame.png
10:42:55.308 [JavaFX Application Thread] DEBUG PrimaryStageWindow   - Push state: GameMenu
10:42:55.308 [JavaFX Application Thread] DEBUG Input                - Clearing active input actions
10:42:55.309 [JavaFX Application Thread] DEBUG GameApplicationServi - Removing overlay from GameScene and adding to GameMenu
10:42:55.311 [JavaFX Application Thread] DEBUG PrimaryStageWindow   - GameScene -> GameMenu
10:42:56.395 [JavaFX Application Thread] DEBUG Menu                 - fireExitToMainMenu()
10:42:56.406 [JavaFX Application Thread] DEBUG PrimaryStageWindow   - Push state: DialogSubScene
10:42:56.406 [JavaFX Application Thread] DEBUG Input                - Clearing active input actions
10:42:56.407 [JavaFX Application Thread] DEBUG GameApplicationServi - Removing overlay from GameMenu and adding to DialogSubScene
10:42:56.408 [JavaFX Application Thread] DEBUG PrimaryStageWindow   - GameMenu -> DialogSubScene
10:42:57.543 [JavaFX Application Thread] DEBUG PrimaryStageWindow   - Pop state: DialogSubScene
10:42:57.543 [JavaFX Application Thread] DEBUG Input                - Clearing active input actions
10:42:57.544 [JavaFX Application Thread] DEBUG GameApplicationServi - Removing overlay from DialogSubScene and adding to GameMenu
10:42:57.546 [JavaFX Application Thread] DEBUG PrimaryStageWindow   - GameMenu <- DialogSubScene
10:42:57.546 [JavaFX Application Thread] DEBUG PrimaryStageWindow   - Pop state: GameMenu
10:42:57.546 [JavaFX Application Thread] DEBUG Input                - Clearing active input actions
10:42:57.546 [JavaFX Application Thread] DEBUG GameApplicationServi - Removing overlay from GameMenu and adding to GameScene
10:42:57.547 [JavaFX Application Thread] DEBUG PrimaryStageWindow   - GameScene <- GameMenu
10:42:57.547 [JavaFX Application Thread] DEBUG Input                - Clearing active input actions
10:42:57.556 [JavaFX Application Thread] DEBUG GameApplicationServi - Removing overlay from GameScene and adding to FXGLMainMenuDummyScene
10:42:57.560 [JavaFX Application Thread] DEBUG PrimaryStageWindow   - GameScene -> FXGLMainMenuDummyScene
10:42:57.560 [JavaFX Application Thread] DEBUG PrimaryStageWindow   - Push state: MainMenu
10:42:57.560 [JavaFX Application Thread] DEBUG Input                - Clearing active input actions
10:42:57.561 [JavaFX Application Thread] DEBUG GameApplicationServi - Removing overlay from FXGLMainMenuDummyScene and adding to MainMenu
10:42:57.561 [JavaFX Application Thread] DEBUG PrimaryStageWindow   - FXGLMainMenuDummyScene -> MainMenu
10:43:00.729 [JavaFX Application Thread] DEBUG Menu                 - fireNewGame()
10:43:00.729 [JavaFX Application Thread] DEBUG GameApplicationServi - Starting new game
10:43:00.730 [JavaFX Application Thread] DEBUG PrimaryStageWindow   - Pop state: MainMenu
10:43:00.730 [JavaFX Application Thread] DEBUG Input                - Clearing active input actions
10:43:00.730 [JavaFX Application Thread] DEBUG GameApplicationServi - Removing overlay from MainMenu and adding to FXGLMainMenuDummyScene
10:43:00.732 [JavaFX Application Thread] DEBUG PrimaryStageWindow   - FXGLMainMenuDummyScene <- MainMenu
10:43:00.732 [JavaFX Application Thread] DEBUG Input                - Clearing active input actions
10:43:00.739 [JavaFX Application Thread] DEBUG GameApplicationServi - Removing overlay from FXGLMainMenuDummyScene and adding to FXGLLoadingScene
10:43:00.740 [JavaFX Application Thread] DEBUG PrimaryStageWindow   - FXGLMainMenuDummyScene -> FXGLLoadingScene
10:43:00.740 [JavaFX Application Thread] DEBUG GameApplicationServi - Clearing previous game
10:43:00.740 [JavaFX Application Thread] DEBUG GameScene            - Clearing game scene
10:43:00.740 [JavaFX Application Thread] DEBUG GameWorld            - Clearing game world
10:43:00.767 [JavaFX Application Thread] DEBUG PhysicsWorld         - Clearing physics world
10:43:00.768 [FXGL Background Thread 4 ] DEBUG FXGLApplication      - Initializing game
10:43:00.871 [FXGL Background Thread 4 ] INFO  FXGLApplication      - Game initialization took: 0.103 sec
10:43:00.875 [JavaFX Application Thread] DEBUG Input                - Clearing active input actions
10:43:00.882 [JavaFX Application Thread] DEBUG GameApplicationServi - Removing overlay from FXGLLoadingScene and adding to GameScene
10:43:00.883 [JavaFX Application Thread] DEBUG PrimaryStageWindow   - FXGLLoadingScene -> GameScene
10:43:28.332 [JavaFX Application Thread] DEBUG Input                - Clearing active input actions
10:43:28.336 [JavaFX Application Thread] DEBUG GameApplicationServi - Removing overlay from GameScene and adding to FXGLMainMenuDummyScene
10:43:28.337 [JavaFX Application Thread] DEBUG PrimaryStageWindow   - GameScene -> FXGLMainMenuDummyScene
10:43:28.338 [JavaFX Application Thread] DEBUG PrimaryStageWindow   - Push state: MainMenu
10:43:28.338 [JavaFX Application Thread] DEBUG Input                - Clearing active input actions
10:43:28.338 [JavaFX Application Thread] DEBUG GameApplicationServi - Removing overlay from FXGLMainMenuDummyScene and adding to MainMenu
10:43:28.338 [JavaFX Application Thread] DEBUG PrimaryStageWindow   - FXGLMainMenuDummyScene -> MainMenu
10:43:29.009 [JavaFX Application Thread] DEBUG Menu                 - fireNewGame()
10:43:29.009 [JavaFX Application Thread] DEBUG GameApplicationServi - Starting new game
10:43:29.010 [JavaFX Application Thread] DEBUG PrimaryStageWindow   - Pop state: MainMenu
10:43:29.010 [JavaFX Application Thread] DEBUG Input                - Clearing active input actions
10:43:29.011 [JavaFX Application Thread] DEBUG GameApplicationServi - Removing overlay from MainMenu and adding to FXGLMainMenuDummyScene
10:43:29.012 [JavaFX Application Thread] DEBUG PrimaryStageWindow   - FXGLMainMenuDummyScene <- MainMenu
10:43:29.012 [JavaFX Application Thread] DEBUG Input                - Clearing active input actions
10:43:29.019 [JavaFX Application Thread] DEBUG GameApplicationServi - Removing overlay from FXGLMainMenuDummyScene and adding to FXGLLoadingScene
10:43:29.019 [JavaFX Application Thread] DEBUG PrimaryStageWindow   - FXGLMainMenuDummyScene -> FXGLLoadingScene
10:43:29.019 [JavaFX Application Thread] DEBUG GameApplicationServi - Clearing previous game
10:43:29.019 [JavaFX Application Thread] DEBUG GameScene            - Clearing game scene
10:43:29.019 [JavaFX Application Thread] DEBUG GameWorld            - Clearing game world
10:43:29.035 [JavaFX Application Thread] DEBUG PhysicsWorld         - Clearing physics world
10:43:29.036 [FXGL Background Thread 4 ] DEBUG FXGLApplication      - Initializing game
10:43:29.122 [FXGL Background Thread 4 ] INFO  FXGLApplication      - Game initialization took: 0.085 sec
10:43:29.127 [JavaFX Application Thread] DEBUG Input                - Clearing active input actions
10:43:29.134 [JavaFX Application Thread] DEBUG GameApplicationServi - Removing overlay from FXGLLoadingScene and adding to GameScene
10:43:29.135 [JavaFX Application Thread] DEBUG PrimaryStageWindow   - FXGLLoadingScene -> GameScene
10:44:06.052 [JavaFX Application Thread] DEBUG PrimaryStageWindow   - Push state: GameMenu
10:44:06.053 [JavaFX Application Thread] DEBUG Input                - Clearing active input actions
10:44:06.053 [JavaFX Application Thread] DEBUG GameApplicationServi - Removing overlay from GameScene and adding to GameMenu
10:44:06.054 [JavaFX Application Thread] DEBUG PrimaryStageWindow   - GameScene -> GameMenu
10:44:07.040 [JavaFX Application Thread] DEBUG Menu                 - fireExitToMainMenu()
10:44:07.041 [JavaFX Application Thread] DEBUG PrimaryStageWindow   - Push state: DialogSubScene
10:44:07.041 [JavaFX Application Thread] DEBUG Input                - Clearing active input actions
10:44:07.042 [JavaFX Application Thread] DEBUG GameApplicationServi - Removing overlay from GameMenu and adding to DialogSubScene
10:44:07.043 [JavaFX Application Thread] DEBUG PrimaryStageWindow   - GameMenu -> DialogSubScene
10:44:07.831 [JavaFX Application Thread] DEBUG PrimaryStageWindow   - Pop state: DialogSubScene
10:44:07.831 [JavaFX Application Thread] DEBUG Input                - Clearing active input actions
10:44:07.832 [JavaFX Application Thread] DEBUG GameApplicationServi - Removing overlay from DialogSubScene and adding to GameMenu
10:44:07.833 [JavaFX Application Thread] DEBUG PrimaryStageWindow   - GameMenu <- DialogSubScene
10:44:07.833 [JavaFX Application Thread] DEBUG PrimaryStageWindow   - Pop state: GameMenu
10:44:07.833 [JavaFX Application Thread] DEBUG Input                - Clearing active input actions
10:44:07.833 [JavaFX Application Thread] DEBUG GameApplicationServi - Removing overlay from GameMenu and adding to GameScene
10:44:07.833 [JavaFX Application Thread] DEBUG PrimaryStageWindow   - GameScene <- GameMenu
10:44:07.833 [JavaFX Application Thread] DEBUG Input                - Clearing active input actions
10:44:07.839 [JavaFX Application Thread] DEBUG GameApplicationServi - Removing overlay from GameScene and adding to FXGLMainMenuDummyScene
10:44:07.842 [JavaFX Application Thread] DEBUG PrimaryStageWindow   - GameScene -> FXGLMainMenuDummyScene
10:44:07.842 [JavaFX Application Thread] DEBUG PrimaryStageWindow   - Push state: MainMenu
10:44:07.842 [JavaFX Application Thread] DEBUG Input                - Clearing active input actions
10:44:07.842 [JavaFX Application Thread] DEBUG GameApplicationServi - Removing overlay from FXGLMainMenuDummyScene and adding to MainMenu
10:44:07.843 [JavaFX Application Thread] DEBUG PrimaryStageWindow   - FXGLMainMenuDummyScene -> MainMenu
10:44:09.409 [JavaFX Application Thread] DEBUG Menu                 - fireNewGame()
10:44:09.409 [JavaFX Application Thread] DEBUG GameApplicationServi - Starting new game
10:44:09.410 [JavaFX Application Thread] DEBUG PrimaryStageWindow   - Pop state: MainMenu
10:44:09.410 [JavaFX Application Thread] DEBUG Input                - Clearing active input actions
10:44:09.410 [JavaFX Application Thread] DEBUG GameApplicationServi - Removing overlay from MainMenu and adding to FXGLMainMenuDummyScene
10:44:09.412 [JavaFX Application Thread] DEBUG PrimaryStageWindow   - FXGLMainMenuDummyScene <- MainMenu
10:44:09.412 [JavaFX Application Thread] DEBUG Input                - Clearing active input actions
10:44:09.418 [JavaFX Application Thread] DEBUG GameApplicationServi - Removing overlay from FXGLMainMenuDummyScene and adding to FXGLLoadingScene
10:44:09.418 [JavaFX Application Thread] DEBUG PrimaryStageWindow   - FXGLMainMenuDummyScene -> FXGLLoadingScene
10:44:09.418 [JavaFX Application Thread] DEBUG GameApplicationServi - Clearing previous game
10:44:09.418 [JavaFX Application Thread] DEBUG GameScene            - Clearing game scene
10:44:09.418 [JavaFX Application Thread] DEBUG GameWorld            - Clearing game world
10:44:09.431 [JavaFX Application Thread] DEBUG PhysicsWorld         - Clearing physics world
10:44:09.432 [FXGL Background Thread 4 ] DEBUG FXGLApplication      - Initializing game
10:44:09.498 [FXGL Background Thread 4 ] INFO  FXGLApplication      - Game initialization took: 0.066 sec
10:44:09.500 [JavaFX Application Thread] DEBUG Input                - Clearing active input actions
10:44:09.505 [JavaFX Application Thread] DEBUG GameApplicationServi - Removing overlay from FXGLLoadingScene and adding to GameScene
10:44:09.507 [JavaFX Application Thread] DEBUG PrimaryStageWindow   - FXGLLoadingScene -> GameScene
10:44:11.130 [JavaFX Application Thread] DEBUG PrimaryStageWindow   - Push state: GameMenu
10:44:11.130 [JavaFX Application Thread] DEBUG Input                - Clearing active input actions
10:44:11.131 [JavaFX Application Thread] DEBUG GameApplicationServi - Removing overlay from GameScene and adding to GameMenu
10:44:11.131 [JavaFX Application Thread] DEBUG PrimaryStageWindow   - GameScene -> GameMenu
10:44:11.669 [JavaFX Application Thread] DEBUG PrimaryStageWindow   - Pop state: GameMenu
10:44:11.670 [JavaFX Application Thread] DEBUG Input                - Clearing active input actions
10:44:11.670 [JavaFX Application Thread] DEBUG GameApplicationServi - Removing overlay from GameMenu and adding to GameScene
10:44:11.671 [JavaFX Application Thread] DEBUG PrimaryStageWindow   - GameScene <- GameMenu
10:44:17.916 [JavaFX Application Thread] WARN  GameWorld            - Attempted to remove entity which is not active
10:44:33.436 [JavaFX Application Thread] DEBUG Input                - Clearing active input actions
10:44:33.441 [JavaFX Application Thread] DEBUG GameApplicationServi - Removing overlay from GameScene and adding to FXGLMainMenuDummyScene
10:44:33.442 [JavaFX Application Thread] DEBUG PrimaryStageWindow   - GameScene -> FXGLMainMenuDummyScene
10:44:33.443 [JavaFX Application Thread] DEBUG PrimaryStageWindow   - Push state: MainMenu
10:44:33.443 [JavaFX Application Thread] DEBUG Input                - Clearing active input actions
10:44:33.443 [JavaFX Application Thread] DEBUG GameApplicationServi - Removing overlay from FXGLMainMenuDummyScene and adding to MainMenu
10:44:33.443 [JavaFX Application Thread] DEBUG PrimaryStageWindow   - FXGLMainMenuDummyScene -> MainMenu
10:44:34.917 [JavaFX Application Thread] DEBUG Menu                 - fireNewGame()
10:44:34.917 [JavaFX Application Thread] DEBUG GameApplicationServi - Starting new game
10:44:34.917 [JavaFX Application Thread] DEBUG PrimaryStageWindow   - Pop state: MainMenu
10:44:34.917 [JavaFX Application Thread] DEBUG Input                - Clearing active input actions
10:44:34.918 [JavaFX Application Thread] DEBUG GameApplicationServi - Removing overlay from MainMenu and adding to FXGLMainMenuDummyScene
10:44:34.918 [JavaFX Application Thread] DEBUG PrimaryStageWindow   - FXGLMainMenuDummyScene <- MainMenu
10:44:34.919 [JavaFX Application Thread] DEBUG Input                - Clearing active input actions
10:44:34.922 [JavaFX Application Thread] DEBUG GameApplicationServi - Removing overlay from FXGLMainMenuDummyScene and adding to FXGLLoadingScene
10:44:34.923 [JavaFX Application Thread] DEBUG PrimaryStageWindow   - FXGLMainMenuDummyScene -> FXGLLoadingScene
10:44:34.923 [JavaFX Application Thread] DEBUG GameApplicationServi - Clearing previous game
10:44:34.923 [JavaFX Application Thread] DEBUG GameScene            - Clearing game scene
10:44:34.923 [JavaFX Application Thread] DEBUG GameWorld            - Clearing game world
10:44:34.936 [JavaFX Application Thread] DEBUG PhysicsWorld         - Clearing physics world
10:44:34.937 [FXGL Background Thread 4 ] DEBUG FXGLApplication      - Initializing game
10:44:34.997 [FXGL Background Thread 4 ] INFO  FXGLApplication      - Game initialization took: 0.060 sec
10:44:34.999 [JavaFX Application Thread] DEBUG Input                - Clearing active input actions
10:44:35.004 [JavaFX Application Thread] DEBUG GameApplicationServi - Removing overlay from FXGLLoadingScene and adding to GameScene
10:44:35.005 [JavaFX Application Thread] DEBUG PrimaryStageWindow   - FXGLLoadingScene -> GameScene
10:45:12.379 [JavaFX Application Thread] DEBUG FXGLApplication      - Exiting FXGL
10:45:12.380 [JavaFX Application Thread] DEBUG LoopRunner           - Stopping loop
10:45:12.380 [JavaFX Application Thread] DEBUG SystemBundleService  - Saving FXGL system data
10:45:12.382 [JavaFX Application Thread] DEBUG FileSystemAccess     - Writing to: E:\space_java\Game\game_datbom\system\fxgl.bundle
10:45:12.386 [JavaFX Application Thread] DEBUG Async                - Shutting down background threads
10:45:12.386 [JavaFX Application Thread] DEBUG PrimaryStageWindow   - Closing main window
10:45:12.433 [JavaFX Application Thread] DEBUG Logger               - Closing Logger
