01:26:58.602 [main                     ] DEBUG Logger               - Configured Logger
01:26:58.621 [main                     ] DEBUG GameApplication      - Logging settings
Title: Bomberman
Version: 1.0
Width: 1280
Height: 720
Fullscreen: false
Intro: false
Profiling: false
Single step:false
App Mode: DEVELOPER
Menu Key: ESCAPE
Stage Style: DECORATED
Scene Factory: class hellofx.Main$1

01:26:58.725 [JavaFX Application Thread] DEBUG FXGLApplication      - Initializing FXGL
01:26:58.732 [JavaFX Application Thread] INFO  Engine               - FXGL-17.1 (24.03.2022 17.34) on WINDOWS (J:18.0.2.1 FX:18)
01:26:58.733 [JavaFX Application Thread] DEBUG Engine               - JRE Vendor Name: Oracle Corporation
01:26:58.733 [JavaFX Application Thread] DEBUG Engine               - Running on OS: Windows 11 version 10.0
01:26:58.733 [JavaFX Application Thread] DEBUG Engine               - Architecture: amd64
01:26:58.733 [JavaFX Application Thread] INFO  Engine               - Source code and latest versions at: https://github.com/AlmasB/FXGL
01:26:58.733 [JavaFX Application Thread] INFO  Engine               -       Ask questions and discuss at: https://github.com/AlmasB/FXGL/discussions
01:26:58.733 [JavaFX Application Thread] INFO  Engine               -              Join the FXGL chat at: https://gitter.im/AlmasB/FXGL
01:26:58.779 [JavaFX Application Thread] DEBUG PrimaryStageWindow   - Creating a JavaFX scene
01:26:58.824 [JavaFX Application Thread] DEBUG PrimaryStageWindow   - Target settings size: 1280.0 x 720.0
01:26:58.824 [JavaFX Application Thread] DEBUG PrimaryStageWindow   - Scaled scene size:    1280.0 x 720.0
01:26:58.825 [JavaFX Application Thread] DEBUG PrimaryStageWindow   - Scaled ratio: (1.0, 1.0)
01:26:58.826 [JavaFX Application Thread] DEBUG PrimaryStageWindow   - Set initial scene to FXGLStartupScene
01:26:58.834 [JavaFX Application Thread] DEBUG PrimaryStageWindow   - Opening main window
01:26:58.910 [JavaFX Application Thread] DEBUG PrimaryStageWindow   - Window border size: (16.0, 39.0)
01:26:58.911 [JavaFX Application Thread] DEBUG PrimaryStageWindow   - Scaled size: 1280.0 x 720.0
01:26:58.912 [JavaFX Application Thread] DEBUG PrimaryStageWindow   - Scaled ratio: (1.0, 1.0)
01:26:58.912 [JavaFX Application Thread] DEBUG PrimaryStageWindow   - Scene size: 1280.0 x 720.0
01:26:58.912 [JavaFX Application Thread] DEBUG PrimaryStageWindow   - Stage size: 1296.0 x 759.0
01:26:58.921 [FXGL Background Thread 1 ] DEBUG Engine               - Initializing environment variables
01:26:58.991 [FXGL Background Thread 1 ] DEBUG FXGLAssetLoaderServi - User app class for loading assets: class hellofx.Main
01:26:58.992 [FXGL Background Thread 1 ] DEBUG GameApplicationServi - Applying CSS: fxgl_dark.css
01:26:58.993 [FXGL Background Thread 1 ] DEBUG FXGLAssetLoaderServi - Loading from file system: jar:file:/C:/Users/chaum/.m2/repository/com/github/almasb/fxgl/17.1/fxgl-17.1.jar!/fxglassets/ui/css/fxgl_dark.css
01:26:59.042 [FXGL Background Thread 1 ] DEBUG GameApplicationServi - Initializing application scenes
01:26:59.085 [FXGL Background Thread 1 ] DEBUG GameWorld            - Game world initialized
01:26:59.131 [FXGL Background Thread 1 ] DEBUG PhysicsWorld         - Physics world initialized: appHeight=720, physics.ppm=50.0
01:26:59.131 [FXGL Background Thread 1 ] DEBUG PhysicsWorld         - Using strategy: BRUTE_FORCE
01:26:59.136 [FXGL Background Thread 1 ] DEBUG GameScene            - Game scene initialized: 1280x720
01:26:59.199 [FXGL Background Thread 1 ] DEBUG GameApplicationServi - Application scenes initialized
01:26:59.217 [FXGL Background Thread 1 ] DEBUG SystemBundleService  - Loading FXGL system data
01:26:59.224 [FXGL Background Thread 1 ] DEBUG FileSystemAccess     - Reading from: E:\space_java\Game\game_datbom\system\fxgl.bundle
01:26:59.233 [FXGL Background Thread 1 ] DEBUG SystemBundleService  - Bundle FXGL: {}
01:26:59.233 [FXGL Background Thread 1 ] DEBUG UpdaterService       - Checking for updates
01:26:59.264 [FXGL Background Thread 4 ] DEBUG FXGLApplication      - Loading fonts
01:26:59.264 [FXGL Background Thread 1 ] DEBUG FXGLApplication      - Loading default localization
01:26:59.265 [FXGL Background Thread 4 ] DEBUG FXGLAssetLoaderServi - Loading from file system: jar:file:/C:/Users/chaum/.m2/repository/com/github/almasb/fxgl/17.1/fxgl-17.1.jar!/fxglassets/ui/fonts/VarelaRound-Regular.ttf
01:26:59.265 [FXGL Background Thread 1 ] DEBUG FXGLAssetLoaderServi - Loading from file system: jar:file:/C:/Users/chaum/.m2/repository/com/github/almasb/fxgl/17.1/fxgl-17.1.jar!/fxglassets/languages/english.lang
01:26:59.286 [FXGL Background Thread 1 ] INFO  FXGLApplication      - FXGL initialization took: 0.366 sec
01:26:59.294 [JavaFX Application Thread] DEBUG Input                - Registered new binding: action0 - F
01:26:59.295 [JavaFX Application Thread] DEBUG Input                - Registered new binding: action1 - G
01:26:59.296 [JavaFX Application Thread] DEBUG Input                - Registered new binding: action2 - R
01:26:59.296 [JavaFX Application Thread] DEBUG Input                - Registered new binding: action3 - T
01:26:59.296 [JavaFX Application Thread] DEBUG Input                - Registered new binding: Right - D
01:26:59.296 [JavaFX Application Thread] DEBUG Input                - Registered new binding: Left - A
01:26:59.297 [JavaFX Application Thread] DEBUG Input                - Registered new binding: Up - W
01:26:59.297 [JavaFX Application Thread] DEBUG Input                - Registered new binding: Down - S
01:26:59.297 [JavaFX Application Thread] DEBUG Input                - Registered new binding: Place boom - Space
01:26:59.297 [JavaFX Application Thread] DEBUG FXGLAssetLoaderServi - Loading from file system: file:/E:/space_java/Game/game_datbom/target/classes/assets/textures/icon/icon.png
01:26:59.336 [FXGL Background Thread 4 ] DEBUG FXGLAssetLoaderServi - Loading from file system: jar:file:/C:/Users/chaum/.m2/repository/com/github/almasb/fxgl/17.1/fxgl-17.1.jar!/fxglassets/ui/fonts/Abel-Regular.ttf
01:26:59.342 [FXGL Background Thread 4 ] DEBUG FXGLAssetLoaderServi - Loading from file system: jar:file:/C:/Users/chaum/.m2/repository/com/github/almasb/fxgl/17.1/fxgl-17.1.jar!/fxglassets/ui/fonts/TerminalLandMono-Regular.otf
01:26:59.347 [FXGL Background Thread 4 ] DEBUG FXGLAssetLoaderServi - Loading from file system: jar:file:/C:/Users/chaum/.m2/repository/com/github/almasb/fxgl/17.1/fxgl-17.1.jar!/fxglassets/ui/fonts/Courier-Prime.ttf
01:26:59.361 [JavaFX Application Thread] DEBUG FXGLAssetLoaderServi - Loading from file system: file:/E:/space_java/Game/game_datbom/target/classes/assets/textures/cursor/cursor1.png
01:26:59.372 [JavaFX Application Thread] DEBUG Input                - Registered new binding: Screenshot - CTRL+8
01:26:59.372 [JavaFX Application Thread] DEBUG Input                - Registered new binding: Dev Options - 1
01:26:59.373 [JavaFX Application Thread] DEBUG Input                - Registered new binding: Dev Console - 2
01:26:59.373 [JavaFX Application Thread] DEBUG Input                - Registered new binding: System info dump - CTRL+9
01:26:59.374 [JavaFX Application Thread] DEBUG Input                - Registered new binding: Restart - CTRL+R
01:26:59.375 [JavaFX Application Thread] DEBUG Input                - Registered new binding: Toggle Debug Camera - CTRL+7
01:26:59.377 [JavaFX Application Thread] DEBUG LoopRunner           - Starting loop
01:26:59.393 [JavaFX Application Thread] DEBUG LoopRunner           - Initializing JavaFX AnimationTimerLoop
01:26:59.395 [JavaFX Application Thread] DEBUG Input                - Clearing active input actions
01:26:59.400 [JavaFX Application Thread] DEBUG GameApplicationServi - Removing overlay from FXGLStartupScene and adding to FXGLMainMenuDummyScene
01:26:59.404 [JavaFX Application Thread] DEBUG PrimaryStageWindow   - FXGLStartupScene -> FXGLMainMenuDummyScene
01:26:59.405 [JavaFX Application Thread] DEBUG PrimaryStageWindow   - Push state: MainMenu
01:26:59.405 [JavaFX Application Thread] DEBUG Input                - Clearing active input actions
01:26:59.409 [JavaFX Application Thread] DEBUG GameApplicationServi - Removing overlay from FXGLMainMenuDummyScene and adding to MainMenu
01:26:59.410 [JavaFX Application Thread] DEBUG PrimaryStageWindow   - FXGLMainMenuDummyScene -> MainMenu
01:26:59.419 [JavaFX Application Thread] DEBUG FXGLApplication      - Registering font factories with UI factory
01:26:59.838 [FXGL Background Thread 2 ] INFO  UpdaterService       - Your current version:  17.1
01:26:59.839 [FXGL Background Thread 2 ] INFO  UpdaterService       - Latest stable version: 17.2
01:27:01.804 [JavaFX Application Thread] DEBUG Menu                 - fireNewGame()
01:27:01.804 [JavaFX Application Thread] DEBUG GameApplicationServi - Starting new game
01:27:01.805 [JavaFX Application Thread] DEBUG PrimaryStageWindow   - Pop state: MainMenu
01:27:01.805 [JavaFX Application Thread] DEBUG Input                - Clearing active input actions
01:27:01.805 [JavaFX Application Thread] DEBUG GameApplicationServi - Removing overlay from MainMenu and adding to FXGLMainMenuDummyScene
01:27:01.808 [JavaFX Application Thread] DEBUG PrimaryStageWindow   - FXGLMainMenuDummyScene <- MainMenu
01:27:01.809 [JavaFX Application Thread] DEBUG Input                - Clearing active input actions
01:27:01.815 [JavaFX Application Thread] DEBUG GameApplicationServi - Removing overlay from FXGLMainMenuDummyScene and adding to FXGLLoadingScene
01:27:01.816 [JavaFX Application Thread] DEBUG PrimaryStageWindow   - FXGLMainMenuDummyScene -> FXGLLoadingScene
01:27:01.816 [JavaFX Application Thread] DEBUG GameApplicationServi - Clearing previous game
01:27:01.816 [JavaFX Application Thread] DEBUG GameScene            - Clearing game scene
01:27:01.816 [JavaFX Application Thread] DEBUG GameWorld            - Clearing game world
01:27:01.816 [JavaFX Application Thread] DEBUG PhysicsWorld         - Clearing physics world
01:27:01.818 [FXGL Background Thread 2 ] DEBUG FXGLApplication      - Initializing game
01:27:01.845 [FXGL Background Thread 2 ] DEBUG FXGLAssetLoaderServi - Loading from file system: file:/E:/space_java/Game/game_datbom/target/classes/assets/textures/mapTexture/grass.png
01:27:01.852 [FXGL Background Thread 2 ] DEBUG FXGLAssetLoaderServi - Loading from file system: file:/E:/space_java/Game/game_datbom/target/classes/assets/textures/mapTexture/wall2.png
01:27:01.911 [FXGL Background Thread 2 ] DEBUG FXGLAssetLoaderServi - Loading from file system: file:/E:/space_java/Game/game_datbom/target/classes/assets/textures/enemy/oneal40.png
01:27:01.937 [FXGL Background Thread 2 ] DEBUG FXGLAssetLoaderServi - Loading from file system: file:/E:/space_java/Game/game_datbom/target/classes/assets/textures/gameItem/powerup_bombs.png
01:27:01.942 [FXGL Background Thread 2 ] DEBUG FXGLAssetLoaderServi - Loading from file system: file:/E:/space_java/Game/game_datbom/target/classes/assets/textures/gameItem/powerup_flamepass.png
01:27:01.949 [FXGL Background Thread 2 ] DEBUG FXGLAssetLoaderServi - Loading from file system: file:/E:/space_java/Game/game_datbom/target/classes/assets/textures/gameItem/powerup_flames.png
01:27:01.954 [FXGL Background Thread 2 ] DEBUG FXGLAssetLoaderServi - Loading from file system: file:/E:/space_java/Game/game_datbom/target/classes/assets/textures/gameItem/powerup_speed.png
01:27:01.964 [FXGL Background Thread 2 ] DEBUG FXGLAssetLoaderServi - Loading from file system: file:/E:/space_java/Game/game_datbom/target/classes/assets/textures/enemy/balloon36.png
01:27:02.000 [FXGL Background Thread 2 ] DEBUG FXGLAssetLoaderServi - Loading from file system: file:/E:/space_java/Game/game_datbom/target/classes/assets/textures/mapTexture%5cbrick.png
01:27:02.001 [FXGL Background Thread 2 ] DEBUG FXGLAssetLoaderServi - Loading from file system: file:/E:/space_java/Game/game_datbom/target/classes/assets/textures/mapTexture%5cbrick_break.png
01:27:02.072 [FXGL Background Thread 2 ] DEBUG FXGLAssetLoaderServi - Loading from file system: file:/E:/space_java/Game/game_datbom/target/classes/assets/textures/mapTexture/portal.png
01:27:02.161 [FXGL Background Thread 2 ] DEBUG FXGLAssetLoaderServi - Loading from file system: file:/E:/space_java/Game/game_datbom/target/classes/assets/textures/character/gold_player_dead.png
01:27:02.163 [FXGL Background Thread 2 ] DEBUG FXGLAssetLoaderServi - Loading from file system: file:/E:/space_java/Game/game_datbom/target/classes/assets/textures/character/gold_player_down.png
01:27:02.164 [FXGL Background Thread 2 ] DEBUG FXGLAssetLoaderServi - Loading from file system: file:/E:/space_java/Game/game_datbom/target/classes/assets/textures/character/gold_player_up.png
01:27:02.165 [FXGL Background Thread 2 ] DEBUG FXGLAssetLoaderServi - Loading from file system: file:/E:/space_java/Game/game_datbom/target/classes/assets/textures/character/gold_player_left_temp.png
01:27:02.166 [FXGL Background Thread 2 ] DEBUG FXGLAssetLoaderServi - Loading from file system: file:/E:/space_java/Game/game_datbom/target/classes/assets/textures/character/gold_player_right_temp.png
01:27:02.174 [FXGL Background Thread 2 ] INFO  FXGLApplication      - Game initialization took: 0.356 sec
01:27:02.189 [JavaFX Application Thread] DEBUG Input                - Clearing active input actions
01:27:02.208 [JavaFX Application Thread] DEBUG GameApplicationServi - Removing overlay from FXGLLoadingScene and adding to GameScene
01:27:02.211 [JavaFX Application Thread] DEBUG PrimaryStageWindow   - FXGLLoadingScene -> GameScene
01:27:02.263 [FXGL Background Thread 3 ] DEBUG Engine               - Logging environment variables
01:27:02.263 [FXGL Background Thread 3 ] DEBUG Engine               - achievements: []
01:27:02.264 [FXGL Background Thread 3 ] DEBUG Engine               - actualHeight: 720.0
01:27:02.264 [FXGL Background Thread 3 ] DEBUG Engine               - actualHeightProperty: ReadOnlyDoubleProperty [value: 720.0]
01:27:02.264 [FXGL Background Thread 3 ] DEBUG Engine               - actualWidth: 1280.0
01:27:02.264 [FXGL Background Thread 3 ] DEBUG Engine               - actualWidthProperty: ReadOnlyDoubleProperty [value: 1280.0]
01:27:02.264 [FXGL Background Thread 3 ] DEBUG Engine               - appIcon: icon/icon.png
01:27:02.264 [FXGL Background Thread 3 ] DEBUG Engine               - applicationMode: DEVELOPER
01:27:02.264 [FXGL Background Thread 3 ] DEBUG Engine               - cSSList: [fxgl_dark.css]
01:27:02.264 [FXGL Background Thread 3 ] DEBUG Engine               - collisionDetectionStrategy: BRUTE_FORCE
01:27:02.264 [FXGL Background Thread 3 ] DEBUG Engine               - configClass: Optional.empty
01:27:02.265 [FXGL Background Thread 3 ] DEBUG Engine               - credits: []
01:27:02.266 [FXGL Background Thread 3 ] DEBUG Engine               - defaultCursor: CursorInfo(imageName=cursor/cursor1.png, hotspotX=0.0, hotspotY=0.0)
01:27:02.266 [FXGL Background Thread 3 ] DEBUG Engine               - devBBoxColorProperty: ObjectProperty [value: 0xff0000ff]
01:27:02.266 [FXGL Background Thread 3 ] DEBUG Engine               - devEnableDebugCameraProperty: BooleanProperty [value: false]
01:27:02.266 [FXGL Background Thread 3 ] DEBUG Engine               - devSensorColorProperty: ObjectProperty [value: 0xffff00ff]
01:27:02.267 [FXGL Background Thread 3 ] DEBUG Engine               - devShowBBoxProperty: BooleanProperty [value: false]
01:27:02.267 [FXGL Background Thread 3 ] DEBUG Engine               - devShowPositionProperty: BooleanProperty [value: false]
01:27:02.267 [FXGL Background Thread 3 ] DEBUG Engine               - enabledMenuItems: []
01:27:02.267 [FXGL Background Thread 3 ] DEBUG Engine               - engineServices: [class com.almasb.fxgl.app.services.FXGLAssetLoaderService, class com.almasb.fxgl.app.FXGLApplication$GameApplicationService, class com.almasb.fxgl.app.services.FXGLDialogService, class com.almasb.fxgl.app.services.IOTaskExecutorService, class com.almasb.fxgl.io.FileSystemService, class com.almasb.fxgl.localization.LocalizationService, class com.almasb.fxgl.app.services.SystemBundleService, class com.almasb.fxgl.profile.SaveLoadService, class com.almasb.fxgl.ui.FXGLUIFactoryServiceProvider, class com.almasb.fxgl.ui.FXGLDialogFactoryServiceProvider, class com.almasb.fxgl.audio.AudioPlayer, class com.almasb.fxgl.notification.impl.NotificationServiceProvider, class com.almasb.fxgl.achievement.AchievementService, class com.almasb.fxgl.cutscene.CutsceneService, class com.almasb.fxgl.minigames.MiniGameService, class com.almasb.fxgl.net.NetService, class com.almasb.fxgl.app.services.UpdaterService, class com.almasb.fxgl.dev.DevService]
01:27:02.267 [FXGL Background Thread 3 ] DEBUG Engine               - fontGame: Abel-Regular.ttf
01:27:02.267 [FXGL Background Thread 3 ] DEBUG Engine               - fontMono: TerminalLandMono-Regular.otf
01:27:02.267 [FXGL Background Thread 3 ] DEBUG Engine               - fontText: Courier-Prime.ttf
01:27:02.267 [FXGL Background Thread 3 ] DEBUG Engine               - fontUI: VarelaRound-Regular.ttf
01:27:02.268 [FXGL Background Thread 3 ] DEBUG Engine               - fullScreen: BooleanProperty [value: false]
01:27:02.268 [FXGL Background Thread 3 ] DEBUG Engine               - gameDifficulty: MEDIUM
01:27:02.268 [FXGL Background Thread 3 ] DEBUG Engine               - gameDifficultyProperty: ObjectProperty [value: MEDIUM]
01:27:02.268 [FXGL Background Thread 3 ] DEBUG Engine               - globalMusicVolume: 0.5
01:27:02.268 [FXGL Background Thread 3 ] DEBUG Engine               - globalMusicVolumeProperty: DoubleProperty [value: 0.5]
01:27:02.268 [FXGL Background Thread 3 ] DEBUG Engine               - globalSoundVolume: 0.5
01:27:02.268 [FXGL Background Thread 3 ] DEBUG Engine               - globalSoundVolumeProperty: DoubleProperty [value: 0.5]
01:27:02.268 [FXGL Background Thread 3 ] DEBUG Engine               - height: 720
01:27:02.268 [FXGL Background Thread 3 ] DEBUG Engine               - is3D: false
01:27:02.268 [FXGL Background Thread 3 ] DEBUG Engine               - isAndroid: false
01:27:02.269 [FXGL Background Thread 3 ] DEBUG Engine               - isBrowser: false
01:27:02.269 [FXGL Background Thread 3 ] DEBUG Engine               - isClickFeedbackEnabled: false
01:27:02.269 [FXGL Background Thread 3 ] DEBUG Engine               - isCloseConfirmation: false
01:27:02.269 [FXGL Background Thread 3 ] DEBUG Engine               - isDesktop: true
01:27:02.269 [FXGL Background Thread 3 ] DEBUG Engine               - isDeveloperMenuEnabled: true
01:27:02.269 [FXGL Background Thread 3 ] DEBUG Engine               - isEmbedded: false
01:27:02.269 [FXGL Background Thread 3 ] DEBUG Engine               - isEntityPreloadEnabled: true
01:27:02.269 [FXGL Background Thread 3 ] DEBUG Engine               - isExperimentalTiledLargeMap: false
01:27:02.269 [FXGL Background Thread 3 ] DEBUG Engine               - isFileSystemWriteAllowed: true
01:27:02.269 [FXGL Background Thread 3 ] DEBUG Engine               - isFullScreenAllowed: false
01:27:02.269 [FXGL Background Thread 3 ] DEBUG Engine               - isFullScreenFromStart: false
01:27:02.269 [FXGL Background Thread 3 ] DEBUG Engine               - isGameMenuEnabled: true
01:27:02.269 [FXGL Background Thread 3 ] DEBUG Engine               - isIOS: false
01:27:02.270 [FXGL Background Thread 3 ] DEBUG Engine               - isIntroEnabled: false
01:27:02.270 [FXGL Background Thread 3 ] DEBUG Engine               - isLinux: false
01:27:02.270 [FXGL Background Thread 3 ] DEBUG Engine               - isMac: false
01:27:02.270 [FXGL Background Thread 3 ] DEBUG Engine               - isMainMenuEnabled: true
01:27:02.270 [FXGL Background Thread 3 ] DEBUG Engine               - isManualResizeEnabled: false
01:27:02.270 [FXGL Background Thread 3 ] DEBUG Engine               - isMobile: false
01:27:02.270 [FXGL Background Thread 3 ] DEBUG Engine               - isNative: false
01:27:02.270 [FXGL Background Thread 3 ] DEBUG Engine               - isPauseMusicWhenMinimized: true
01:27:02.270 [FXGL Background Thread 3 ] DEBUG Engine               - isPreserveResizeRatio: false
01:27:02.271 [FXGL Background Thread 3 ] DEBUG Engine               - isProfilingEnabled: false
01:27:02.271 [FXGL Background Thread 3 ] DEBUG Engine               - isScaleAffectedOnResize: true
01:27:02.271 [FXGL Background Thread 3 ] DEBUG Engine               - isSingleStep: false
01:27:02.271 [FXGL Background Thread 3 ] DEBUG Engine               - isUserProfileEnabled: false
01:27:02.271 [FXGL Background Thread 3 ] DEBUG Engine               - isWindows: true
01:27:02.271 [FXGL Background Thread 3 ] DEBUG Engine               - language: ObjectProperty [value: ENGLISH]
01:27:02.271 [FXGL Background Thread 3 ] DEBUG Engine               - menuKey: ESCAPE
01:27:02.271 [FXGL Background Thread 3 ] DEBUG Engine               - mouseSensitivity: 0.2
01:27:02.271 [FXGL Background Thread 3 ] DEBUG Engine               - notificationViewClass: class com.almasb.fxgl.notification.view.XboxNotificationView
01:27:02.271 [FXGL Background Thread 3 ] DEBUG Engine               - pixelsPerMeter: 50.0
01:27:02.271 [FXGL Background Thread 3 ] DEBUG Engine               - platform: WINDOWS
01:27:02.272 [FXGL Background Thread 3 ] DEBUG Engine               - prefHeightProperty: ReadOnlyDoubleProperty [value: 720.0]
01:27:02.272 [FXGL Background Thread 3 ] DEBUG Engine               - prefWidthProperty: ReadOnlyDoubleProperty [value: 1280.0]
01:27:02.272 [FXGL Background Thread 3 ] DEBUG Engine               - profileDir: profiles/
01:27:02.272 [FXGL Background Thread 3 ] DEBUG Engine               - profileName: StringProperty [value: DEFAULT]
01:27:02.272 [FXGL Background Thread 3 ] DEBUG Engine               - randomSeed: -1
01:27:02.272 [FXGL Background Thread 3 ] DEBUG Engine               - runtimeInfo: RuntimeInfo(platform=WINDOWS, version=17.1, build=24.03.2022 17.34)
01:27:02.272 [FXGL Background Thread 3 ] DEBUG Engine               - saveFileExt: sav
01:27:02.273 [FXGL Background Thread 3 ] DEBUG Engine               - scaledHeightProp$fxgl: DoubleProperty [bound, value: 720.0]
01:27:02.273 [FXGL Background Thread 3 ] DEBUG Engine               - scaledWidthProp$fxgl: DoubleProperty [bound, value: 1280.0]
01:27:02.273 [FXGL Background Thread 3 ] DEBUG Engine               - sceneFactory: hellofx.Main$1@3aecdeb6
01:27:02.273 [FXGL Background Thread 3 ] DEBUG Engine               - secondsIn24h: 60
01:27:02.273 [FXGL Background Thread 3 ] DEBUG Engine               - soundMenuBack: menu/back.wav
01:27:02.273 [FXGL Background Thread 3 ] DEBUG Engine               - soundMenuPress: menu/press.wav
01:27:02.273 [FXGL Background Thread 3 ] DEBUG Engine               - soundMenuSelect: menu/select.wav
01:27:02.273 [FXGL Background Thread 3 ] DEBUG Engine               - soundNotification: core/notification.wav
01:27:02.273 [FXGL Background Thread 3 ] DEBUG Engine               - stageStyle: DECORATED
01:27:02.273 [FXGL Background Thread 3 ] DEBUG Engine               - supportedLanguages: [ENGLISH, FRENCH, GERMAN, HUNGARIAN, RUSSIAN]
01:27:02.273 [FXGL Background Thread 3 ] DEBUG Engine               - ticksPerSecond: -1
01:27:02.273 [FXGL Background Thread 3 ] DEBUG Engine               - title: Bomberman
01:27:02.273 [FXGL Background Thread 3 ] DEBUG Engine               - urlGithub: https://github.com/AlmasB/FXGL
01:27:02.274 [FXGL Background Thread 3 ] DEBUG Engine               - urlLeaderboard: http://fxgl-top.herokuapp.com/
01:27:02.274 [FXGL Background Thread 3 ] DEBUG Engine               - urlPOM: https://raw.githubusercontent.com/AlmasB/FXGL/release/README.md
01:27:02.274 [FXGL Background Thread 3 ] DEBUG Engine               - userAppClass: class hellofx.Main
01:27:02.274 [FXGL Background Thread 3 ] DEBUG Engine               - version: 1.0
01:27:02.274 [FXGL Background Thread 3 ] DEBUG Engine               - versionCheckDays: 7
01:27:02.274 [FXGL Background Thread 3 ] DEBUG Engine               - width: 1280
01:27:02.274 [FXGL Background Thread 3 ] DEBUG Engine               - Logging services
01:27:02.274 [FXGL Background Thread 3 ] DEBUG Engine               - class com.almasb.fxgl.app.services.FXGLAssetLoaderService
01:27:02.274 [FXGL Background Thread 3 ] DEBUG Engine               - class com.almasb.fxgl.app.FXGLApplication$GameApplicationService
01:27:02.274 [FXGL Background Thread 3 ] DEBUG Engine               - class com.almasb.fxgl.app.services.FXGLDialogService
01:27:02.274 [FXGL Background Thread 3 ] DEBUG Engine               - class com.almasb.fxgl.app.services.IOTaskExecutorService
01:27:02.274 [FXGL Background Thread 3 ] DEBUG Engine               - class com.almasb.fxgl.io.FileSystemService
01:27:02.274 [FXGL Background Thread 3 ] DEBUG Engine               - class com.almasb.fxgl.localization.LocalizationService
01:27:02.275 [FXGL Background Thread 3 ] DEBUG Engine               - class com.almasb.fxgl.app.services.SystemBundleService
01:27:02.275 [FXGL Background Thread 3 ] DEBUG Engine               - class com.almasb.fxgl.profile.SaveLoadService
01:27:02.275 [FXGL Background Thread 3 ] DEBUG Engine               - class com.almasb.fxgl.ui.FXGLUIFactoryServiceProvider
01:27:02.275 [FXGL Background Thread 3 ] DEBUG Engine               - class com.almasb.fxgl.ui.FXGLDialogFactoryServiceProvider
01:27:02.275 [FXGL Background Thread 3 ] DEBUG Engine               - class com.almasb.fxgl.audio.AudioPlayer
01:27:02.275 [FXGL Background Thread 3 ] DEBUG Engine               - class com.almasb.fxgl.notification.impl.NotificationServiceProvider
01:27:02.275 [FXGL Background Thread 3 ] DEBUG Engine               - class com.almasb.fxgl.achievement.AchievementService
01:27:02.275 [FXGL Background Thread 3 ] DEBUG Engine               - class com.almasb.fxgl.cutscene.CutsceneService
01:27:02.275 [FXGL Background Thread 3 ] DEBUG Engine               - class com.almasb.fxgl.minigames.MiniGameService
01:27:02.275 [FXGL Background Thread 3 ] DEBUG Engine               - class com.almasb.fxgl.net.NetService
01:27:02.275 [FXGL Background Thread 3 ] DEBUG Engine               - class com.almasb.fxgl.app.services.UpdaterService
01:27:02.275 [FXGL Background Thread 3 ] DEBUG Engine               - class com.almasb.fxgl.dev.DevService
01:27:11.244 [JavaFX Application Thread] DEBUG Input                - Clearing active input actions
01:27:11.255 [JavaFX Application Thread] DEBUG GameApplicationServi - Removing overlay from GameScene and adding to FXGLMainMenuDummyScene
01:27:11.257 [JavaFX Application Thread] DEBUG PrimaryStageWindow   - GameScene -> FXGLMainMenuDummyScene
01:27:11.257 [JavaFX Application Thread] DEBUG PrimaryStageWindow   - Push state: MainMenu
01:27:11.257 [JavaFX Application Thread] DEBUG Input                - Clearing active input actions
01:27:11.257 [JavaFX Application Thread] DEBUG GameApplicationServi - Removing overlay from FXGLMainMenuDummyScene and adding to MainMenu
01:27:11.257 [JavaFX Application Thread] DEBUG PrimaryStageWindow   - FXGLMainMenuDummyScene -> MainMenu
01:27:14.687 [JavaFX Application Thread] DEBUG FXGLApplication      - Exiting FXGL
01:27:14.687 [JavaFX Application Thread] DEBUG LoopRunner           - Stopping loop
01:27:14.687 [JavaFX Application Thread] DEBUG SystemBundleService  - Saving FXGL system data
01:27:14.689 [JavaFX Application Thread] DEBUG FileSystemAccess     - Writing to: E:\space_java\Game\game_datbom\system\fxgl.bundle
01:27:14.691 [JavaFX Application Thread] DEBUG Async                - Shutting down background threads
01:27:14.692 [JavaFX Application Thread] DEBUG PrimaryStageWindow   - Closing main window
01:27:14.716 [JavaFX Application Thread] DEBUG Logger               - Closing Logger
