00:06:27.851 [main                     ] DEBUG Logger               - Configured Logger
00:06:27.867 [main                     ] DEBUG GameApplication      - Logging settings
Title: Bomberman
Version: 1.0
Width: 1280
Height: 720
Fullscreen: false
Intro: false
Profiling: false
Single step:false
App Mode: DEVELOPER
Menu Key: ESCAPE
Stage Style: DECORATED
Scene Factory: class hellofx.Main$1

00:06:27.995 [JavaFX Application Thread] DEBUG FXGLApplication      - Initializing FXGL
00:06:28.002 [JavaFX Application Thread] INFO  Engine               - FXGL-17.1 (24.03.2022 17.34) on WINDOWS (J:18.0.2.1 FX:18)
00:06:28.002 [JavaFX Application Thread] DEBUG Engine               - JRE Vendor Name: Oracle Corporation
00:06:28.002 [JavaFX Application Thread] DEBUG Engine               - Running on OS: Windows 11 version 10.0
00:06:28.003 [JavaFX Application Thread] DEBUG Engine               - Architecture: amd64
00:06:28.003 [JavaFX Application Thread] INFO  Engine               - Source code and latest versions at: https://github.com/AlmasB/FXGL
00:06:28.003 [JavaFX Application Thread] INFO  Engine               -       Ask questions and discuss at: https://github.com/AlmasB/FXGL/discussions
00:06:28.003 [JavaFX Application Thread] INFO  Engine               -              Join the FXGL chat at: https://gitter.im/AlmasB/FXGL
00:06:28.066 [JavaFX Application Thread] DEBUG PrimaryStageWindow   - Creating a JavaFX scene
00:06:28.124 [JavaFX Application Thread] DEBUG PrimaryStageWindow   - Target settings size: 1280.0 x 720.0
00:06:28.125 [JavaFX Application Thread] DEBUG PrimaryStageWindow   - Scaled scene size:    1280.0 x 720.0
00:06:28.125 [JavaFX Application Thread] DEBUG PrimaryStageWindow   - Scaled ratio: (1.0, 1.0)
00:06:28.126 [JavaFX Application Thread] DEBUG PrimaryStageWindow   - Set initial scene to FXGLStartupScene
00:06:28.138 [JavaFX Application Thread] DEBUG PrimaryStageWindow   - Opening main window
00:06:28.251 [JavaFX Application Thread] DEBUG PrimaryStageWindow   - Window border size: (16.0, 39.0)
00:06:28.252 [JavaFX Application Thread] DEBUG PrimaryStageWindow   - Scaled size: 1280.0 x 720.0
00:06:28.252 [JavaFX Application Thread] DEBUG PrimaryStageWindow   - Scaled ratio: (1.0, 1.0)
00:06:28.252 [JavaFX Application Thread] DEBUG PrimaryStageWindow   - Scene size: 1280.0 x 720.0
00:06:28.253 [JavaFX Application Thread] DEBUG PrimaryStageWindow   - Stage size: 1296.0 x 759.0
00:06:28.264 [FXGL Background Thread 1 ] DEBUG Engine               - Initializing environment variables
00:06:28.337 [FXGL Background Thread 1 ] DEBUG FXGLAssetLoaderServi - User app class for loading assets: class hellofx.Main
00:06:28.337 [FXGL Background Thread 1 ] DEBUG GameApplicationServi - Applying CSS: fxgl_dark.css
00:06:28.339 [FXGL Background Thread 1 ] DEBUG FXGLAssetLoaderServi - Loading from file system: jar:file:/C:/Users/chaum/.m2/repository/com/github/almasb/fxgl/17.1/fxgl-17.1.jar!/fxglassets/ui/css/fxgl_dark.css
00:06:28.380 [FXGL Background Thread 1 ] DEBUG GameApplicationServi - Initializing application scenes
00:06:28.430 [FXGL Background Thread 1 ] DEBUG GameWorld            - Game world initialized
00:06:28.480 [FXGL Background Thread 1 ] DEBUG PhysicsWorld         - Physics world initialized: appHeight=720, physics.ppm=50.0
00:06:28.480 [FXGL Background Thread 1 ] DEBUG PhysicsWorld         - Using strategy: BRUTE_FORCE
00:06:28.483 [FXGL Background Thread 1 ] DEBUG GameScene            - Game scene initialized: 1280x720
00:06:28.564 [FXGL Background Thread 1 ] DEBUG GameApplicationServi - Application scenes initialized
00:06:28.584 [FXGL Background Thread 1 ] DEBUG SystemBundleService  - Loading FXGL system data
00:06:28.592 [FXGL Background Thread 1 ] DEBUG FileSystemAccess     - Reading from: E:\space_java\Game\game_datbom\system\fxgl.bundle
00:06:28.614 [FXGL Background Thread 1 ] DEBUG SystemBundleService  - Bundle FXGL: {}
00:06:28.614 [FXGL Background Thread 1 ] DEBUG UpdaterService       - Checking for updates
00:06:28.651 [FXGL Background Thread 4 ] DEBUG FXGLApplication      - Loading fonts
00:06:28.652 [FXGL Background Thread 4 ] DEBUG FXGLAssetLoaderServi - Loading from file system: jar:file:/C:/Users/chaum/.m2/repository/com/github/almasb/fxgl/17.1/fxgl-17.1.jar!/fxglassets/ui/fonts/VarelaRound-Regular.ttf
00:06:28.652 [FXGL Background Thread 1 ] DEBUG FXGLApplication      - Loading default localization
00:06:28.653 [FXGL Background Thread 1 ] DEBUG FXGLAssetLoaderServi - Loading from file system: jar:file:/C:/Users/chaum/.m2/repository/com/github/almasb/fxgl/17.1/fxgl-17.1.jar!/fxglassets/languages/english.lang
00:06:28.675 [FXGL Background Thread 1 ] INFO  FXGLApplication      - FXGL initialization took: 0.411 sec
00:06:28.690 [JavaFX Application Thread] DEBUG Input                - Registered new binding: action0 - F
00:06:28.691 [JavaFX Application Thread] DEBUG Input                - Registered new binding: action1 - G
00:06:28.691 [JavaFX Application Thread] DEBUG Input                - Registered new binding: action2 - R
00:06:28.692 [JavaFX Application Thread] DEBUG Input                - Registered new binding: action3 - T
00:06:28.692 [JavaFX Application Thread] DEBUG Input                - Registered new binding: Right - D
00:06:28.692 [JavaFX Application Thread] DEBUG Input                - Registered new binding: Left - A
00:06:28.692 [JavaFX Application Thread] DEBUG Input                - Registered new binding: Up - W
00:06:28.692 [JavaFX Application Thread] DEBUG Input                - Registered new binding: Down - S
00:06:28.693 [JavaFX Application Thread] DEBUG Input                - Registered new binding: Place boom - Space
00:06:28.693 [JavaFX Application Thread] DEBUG FXGLAssetLoaderServi - Loading from file system: file:/E:/space_java/Game/game_datbom/target/classes/assets/textures/icon/icon.png
00:06:28.742 [FXGL Background Thread 4 ] DEBUG FXGLAssetLoaderServi - Loading from file system: jar:file:/C:/Users/chaum/.m2/repository/com/github/almasb/fxgl/17.1/fxgl-17.1.jar!/fxglassets/ui/fonts/Abel-Regular.ttf
00:06:28.759 [JavaFX Application Thread] DEBUG FXGLAssetLoaderServi - Loading from file system: file:/E:/space_java/Game/game_datbom/target/classes/assets/textures/cursor/cursor1.png
00:06:28.761 [FXGL Background Thread 4 ] DEBUG FXGLAssetLoaderServi - Loading from file system: jar:file:/C:/Users/chaum/.m2/repository/com/github/almasb/fxgl/17.1/fxgl-17.1.jar!/fxglassets/ui/fonts/TerminalLandMono-Regular.otf
00:06:28.765 [FXGL Background Thread 4 ] DEBUG FXGLAssetLoaderServi - Loading from file system: jar:file:/C:/Users/chaum/.m2/repository/com/github/almasb/fxgl/17.1/fxgl-17.1.jar!/fxglassets/ui/fonts/Courier-Prime.ttf
00:06:28.771 [JavaFX Application Thread] DEBUG Input                - Registered new binding: Screenshot - CTRL+8
00:06:28.772 [JavaFX Application Thread] DEBUG Input                - Registered new binding: Dev Options - 1
00:06:28.772 [JavaFX Application Thread] DEBUG Input                - Registered new binding: Dev Console - 2
00:06:28.773 [JavaFX Application Thread] DEBUG Input                - Registered new binding: System info dump - CTRL+9
00:06:28.774 [JavaFX Application Thread] DEBUG Input                - Registered new binding: Restart - CTRL+R
00:06:28.775 [JavaFX Application Thread] DEBUG Input                - Registered new binding: Toggle Debug Camera - CTRL+7
00:06:28.777 [JavaFX Application Thread] DEBUG LoopRunner           - Starting loop
00:06:28.801 [JavaFX Application Thread] DEBUG LoopRunner           - Initializing JavaFX AnimationTimerLoop
00:06:28.805 [JavaFX Application Thread] DEBUG Input                - Clearing active input actions
00:06:28.813 [JavaFX Application Thread] DEBUG GameApplicationServi - Removing overlay from FXGLStartupScene and adding to FXGLMainMenuDummyScene
00:06:28.820 [JavaFX Application Thread] DEBUG PrimaryStageWindow   - FXGLStartupScene -> FXGLMainMenuDummyScene
00:06:28.820 [JavaFX Application Thread] DEBUG PrimaryStageWindow   - Push state: MainMenu
00:06:28.820 [JavaFX Application Thread] DEBUG Input                - Clearing active input actions
00:06:28.825 [JavaFX Application Thread] DEBUG GameApplicationServi - Removing overlay from FXGLMainMenuDummyScene and adding to MainMenu
00:06:28.825 [JavaFX Application Thread] DEBUG PrimaryStageWindow   - FXGLMainMenuDummyScene -> MainMenu
00:06:28.827 [JavaFX Application Thread] DEBUG FXGLApplication      - Registering font factories with UI factory
00:06:29.909 [FXGL Background Thread 2 ] INFO  UpdaterService       - Your current version:  17.1
00:06:29.909 [FXGL Background Thread 2 ] INFO  UpdaterService       - Latest stable version: 17.2
00:06:31.081 [JavaFX Application Thread] DEBUG Menu                 - fireNewGame()
00:06:31.081 [JavaFX Application Thread] DEBUG GameApplicationServi - Starting new game
00:06:31.082 [JavaFX Application Thread] DEBUG PrimaryStageWindow   - Pop state: MainMenu
00:06:31.082 [JavaFX Application Thread] DEBUG Input                - Clearing active input actions
00:06:31.084 [JavaFX Application Thread] DEBUG GameApplicationServi - Removing overlay from MainMenu and adding to FXGLMainMenuDummyScene
00:06:31.089 [JavaFX Application Thread] DEBUG PrimaryStageWindow   - FXGLMainMenuDummyScene <- MainMenu
00:06:31.090 [JavaFX Application Thread] DEBUG Input                - Clearing active input actions
00:06:31.100 [JavaFX Application Thread] DEBUG GameApplicationServi - Removing overlay from FXGLMainMenuDummyScene and adding to FXGLLoadingScene
00:06:31.101 [JavaFX Application Thread] DEBUG PrimaryStageWindow   - FXGLMainMenuDummyScene -> FXGLLoadingScene
00:06:31.101 [JavaFX Application Thread] DEBUG GameApplicationServi - Clearing previous game
00:06:31.101 [JavaFX Application Thread] DEBUG GameScene            - Clearing game scene
00:06:31.101 [JavaFX Application Thread] DEBUG GameWorld            - Clearing game world
00:06:31.101 [JavaFX Application Thread] DEBUG PhysicsWorld         - Clearing physics world
00:06:31.103 [FXGL Background Thread 2 ] DEBUG FXGLApplication      - Initializing game
00:06:31.146 [FXGL Background Thread 2 ] DEBUG FXGLAssetLoaderServi - Loading from file system: file:/E:/space_java/Game/game_datbom/target/classes/assets/textures/mapTexture/grass.png
00:06:31.156 [FXGL Background Thread 2 ] DEBUG FXGLAssetLoaderServi - Loading from file system: file:/E:/space_java/Game/game_datbom/target/classes/assets/textures/mapTexture/wall2.png
00:06:31.217 [FXGL Background Thread 2 ] DEBUG FXGLAssetLoaderServi - Loading from file system: file:/E:/space_java/Game/game_datbom/target/classes/assets/textures/enemy/oneal40.png
00:06:31.256 [FXGL Background Thread 2 ] DEBUG FXGLAssetLoaderServi - Loading from file system: file:/E:/space_java/Game/game_datbom/target/classes/assets/textures/gameItem/powerup_bombs.png
00:06:31.262 [FXGL Background Thread 2 ] DEBUG FXGLAssetLoaderServi - Loading from file system: file:/E:/space_java/Game/game_datbom/target/classes/assets/textures/gameItem/powerup_flamepass.png
00:06:31.268 [FXGL Background Thread 2 ] DEBUG FXGLAssetLoaderServi - Loading from file system: file:/E:/space_java/Game/game_datbom/target/classes/assets/textures/gameItem/powerup_flames.png
00:06:31.273 [FXGL Background Thread 2 ] DEBUG FXGLAssetLoaderServi - Loading from file system: file:/E:/space_java/Game/game_datbom/target/classes/assets/textures/gameItem/powerup_speed.png
00:06:31.285 [FXGL Background Thread 2 ] DEBUG FXGLAssetLoaderServi - Loading from file system: file:/E:/space_java/Game/game_datbom/target/classes/assets/textures/enemy/balloon36.png
00:06:31.320 [FXGL Background Thread 2 ] DEBUG FXGLAssetLoaderServi - Loading from file system: file:/E:/space_java/Game/game_datbom/target/classes/assets/textures/mapTexture%5cbrick.png
00:06:31.322 [FXGL Background Thread 2 ] DEBUG FXGLAssetLoaderServi - Loading from file system: file:/E:/space_java/Game/game_datbom/target/classes/assets/textures/mapTexture%5cbrick_break.png
00:06:31.386 [FXGL Background Thread 2 ] DEBUG FXGLAssetLoaderServi - Loading from file system: file:/E:/space_java/Game/game_datbom/target/classes/assets/textures/mapTexture/portal.png
00:06:31.502 [FXGL Background Thread 2 ] DEBUG FXGLAssetLoaderServi - Loading from file system: file:/E:/space_java/Game/game_datbom/target/classes/assets/textures/character/gold_player_dead.png
00:06:31.506 [FXGL Background Thread 2 ] DEBUG FXGLAssetLoaderServi - Loading from file system: file:/E:/space_java/Game/game_datbom/target/classes/assets/textures/character/gold_player_down.png
00:06:31.509 [FXGL Background Thread 2 ] DEBUG FXGLAssetLoaderServi - Loading from file system: file:/E:/space_java/Game/game_datbom/target/classes/assets/textures/character/gold_player_up.png
00:06:31.512 [FXGL Background Thread 2 ] DEBUG FXGLAssetLoaderServi - Loading from file system: file:/E:/space_java/Game/game_datbom/target/classes/assets/textures/character/gold_player_left_temp.png
00:06:31.516 [FXGL Background Thread 2 ] DEBUG FXGLAssetLoaderServi - Loading from file system: file:/E:/space_java/Game/game_datbom/target/classes/assets/textures/character/gold_player_right_temp.png
00:06:31.526 [FXGL Background Thread 2 ] INFO  FXGLApplication      - Game initialization took: 0.421 sec
00:06:31.528 [JavaFX Application Thread] DEBUG Input                - Clearing active input actions
00:06:31.550 [JavaFX Application Thread] DEBUG GameApplicationServi - Removing overlay from FXGLLoadingScene and adding to GameScene
00:06:31.553 [JavaFX Application Thread] DEBUG PrimaryStageWindow   - FXGLLoadingScene -> GameScene
00:06:31.651 [FXGL Background Thread 3 ] DEBUG Engine               - Logging environment variables
00:06:31.651 [FXGL Background Thread 3 ] DEBUG Engine               - achievements: []
00:06:31.652 [FXGL Background Thread 3 ] DEBUG Engine               - actualHeight: 720.0
00:06:31.652 [FXGL Background Thread 3 ] DEBUG Engine               - actualHeightProperty: ReadOnlyDoubleProperty [value: 720.0]
00:06:31.652 [FXGL Background Thread 3 ] DEBUG Engine               - actualWidth: 1280.0
00:06:31.652 [FXGL Background Thread 3 ] DEBUG Engine               - actualWidthProperty: ReadOnlyDoubleProperty [value: 1280.0]
00:06:31.652 [FXGL Background Thread 3 ] DEBUG Engine               - appIcon: icon/icon.png
00:06:31.652 [FXGL Background Thread 3 ] DEBUG Engine               - applicationMode: DEVELOPER
00:06:31.653 [FXGL Background Thread 3 ] DEBUG Engine               - cSSList: [fxgl_dark.css]
00:06:31.653 [FXGL Background Thread 3 ] DEBUG Engine               - collisionDetectionStrategy: BRUTE_FORCE
00:06:31.653 [FXGL Background Thread 3 ] DEBUG Engine               - configClass: Optional.empty
00:06:31.653 [FXGL Background Thread 3 ] DEBUG Engine               - credits: []
00:06:31.655 [FXGL Background Thread 3 ] DEBUG Engine               - defaultCursor: CursorInfo(imageName=cursor/cursor1.png, hotspotX=0.0, hotspotY=0.0)
00:06:31.655 [FXGL Background Thread 3 ] DEBUG Engine               - devBBoxColorProperty: ObjectProperty [value: 0xff0000ff]
00:06:31.655 [FXGL Background Thread 3 ] DEBUG Engine               - devEnableDebugCameraProperty: BooleanProperty [value: false]
00:06:31.655 [FXGL Background Thread 3 ] DEBUG Engine               - devSensorColorProperty: ObjectProperty [value: 0xffff00ff]
00:06:31.655 [FXGL Background Thread 3 ] DEBUG Engine               - devShowBBoxProperty: BooleanProperty [value: false]
00:06:31.656 [FXGL Background Thread 3 ] DEBUG Engine               - devShowPositionProperty: BooleanProperty [value: false]
00:06:31.656 [FXGL Background Thread 3 ] DEBUG Engine               - enabledMenuItems: []
00:06:31.656 [FXGL Background Thread 3 ] DEBUG Engine               - engineServices: [class com.almasb.fxgl.app.services.FXGLAssetLoaderService, class com.almasb.fxgl.app.FXGLApplication$GameApplicationService, class com.almasb.fxgl.app.services.FXGLDialogService, class com.almasb.fxgl.app.services.IOTaskExecutorService, class com.almasb.fxgl.io.FileSystemService, class com.almasb.fxgl.localization.LocalizationService, class com.almasb.fxgl.app.services.SystemBundleService, class com.almasb.fxgl.profile.SaveLoadService, class com.almasb.fxgl.ui.FXGLUIFactoryServiceProvider, class com.almasb.fxgl.ui.FXGLDialogFactoryServiceProvider, class com.almasb.fxgl.audio.AudioPlayer, class com.almasb.fxgl.notification.impl.NotificationServiceProvider, class com.almasb.fxgl.achievement.AchievementService, class com.almasb.fxgl.cutscene.CutsceneService, class com.almasb.fxgl.minigames.MiniGameService, class com.almasb.fxgl.net.NetService, class com.almasb.fxgl.app.services.UpdaterService, class com.almasb.fxgl.dev.DevService]
00:06:31.656 [FXGL Background Thread 3 ] DEBUG Engine               - fontGame: Abel-Regular.ttf
00:06:31.656 [FXGL Background Thread 3 ] DEBUG Engine               - fontMono: TerminalLandMono-Regular.otf
00:06:31.656 [FXGL Background Thread 3 ] DEBUG Engine               - fontText: Courier-Prime.ttf
00:06:31.656 [FXGL Background Thread 3 ] DEBUG Engine               - fontUI: VarelaRound-Regular.ttf
00:06:31.656 [FXGL Background Thread 3 ] DEBUG Engine               - fullScreen: BooleanProperty [value: false]
00:06:31.656 [FXGL Background Thread 3 ] DEBUG Engine               - gameDifficulty: MEDIUM
00:06:31.656 [FXGL Background Thread 3 ] DEBUG Engine               - gameDifficultyProperty: ObjectProperty [value: MEDIUM]
00:06:31.656 [FXGL Background Thread 3 ] DEBUG Engine               - globalMusicVolume: 0.5
00:06:31.656 [FXGL Background Thread 3 ] DEBUG Engine               - globalMusicVolumeProperty: DoubleProperty [value: 0.5]
00:06:31.657 [FXGL Background Thread 3 ] DEBUG Engine               - globalSoundVolume: 0.5
00:06:31.657 [FXGL Background Thread 3 ] DEBUG Engine               - globalSoundVolumeProperty: DoubleProperty [value: 0.5]
00:06:31.657 [FXGL Background Thread 3 ] DEBUG Engine               - height: 720
00:06:31.657 [FXGL Background Thread 3 ] DEBUG Engine               - is3D: false
00:06:31.657 [FXGL Background Thread 3 ] DEBUG Engine               - isAndroid: false
00:06:31.657 [FXGL Background Thread 3 ] DEBUG Engine               - isBrowser: false
00:06:31.657 [FXGL Background Thread 3 ] DEBUG Engine               - isClickFeedbackEnabled: false
00:06:31.657 [FXGL Background Thread 3 ] DEBUG Engine               - isCloseConfirmation: false
00:06:31.657 [FXGL Background Thread 3 ] DEBUG Engine               - isDesktop: true
00:06:31.657 [FXGL Background Thread 3 ] DEBUG Engine               - isDeveloperMenuEnabled: true
00:06:31.657 [FXGL Background Thread 3 ] DEBUG Engine               - isEmbedded: false
00:06:31.658 [FXGL Background Thread 3 ] DEBUG Engine               - isEntityPreloadEnabled: true
00:06:31.658 [FXGL Background Thread 3 ] DEBUG Engine               - isExperimentalTiledLargeMap: false
00:06:31.658 [FXGL Background Thread 3 ] DEBUG Engine               - isFileSystemWriteAllowed: true
00:06:31.658 [FXGL Background Thread 3 ] DEBUG Engine               - isFullScreenAllowed: false
00:06:31.658 [FXGL Background Thread 3 ] DEBUG Engine               - isFullScreenFromStart: false
00:06:31.658 [FXGL Background Thread 3 ] DEBUG Engine               - isGameMenuEnabled: true
00:06:31.658 [FXGL Background Thread 3 ] DEBUG Engine               - isIOS: false
00:06:31.658 [FXGL Background Thread 3 ] DEBUG Engine               - isIntroEnabled: false
00:06:31.658 [FXGL Background Thread 3 ] DEBUG Engine               - isLinux: false
00:06:31.658 [FXGL Background Thread 3 ] DEBUG Engine               - isMac: false
00:06:31.658 [FXGL Background Thread 3 ] DEBUG Engine               - isMainMenuEnabled: true
00:06:31.658 [FXGL Background Thread 3 ] DEBUG Engine               - isManualResizeEnabled: false
00:06:31.658 [FXGL Background Thread 3 ] DEBUG Engine               - isMobile: false
00:06:31.658 [FXGL Background Thread 3 ] DEBUG Engine               - isNative: false
00:06:31.658 [FXGL Background Thread 3 ] DEBUG Engine               - isPauseMusicWhenMinimized: true
00:06:31.658 [FXGL Background Thread 3 ] DEBUG Engine               - isPreserveResizeRatio: false
00:06:31.658 [FXGL Background Thread 3 ] DEBUG Engine               - isProfilingEnabled: false
00:06:31.658 [FXGL Background Thread 3 ] DEBUG Engine               - isScaleAffectedOnResize: true
00:06:31.658 [FXGL Background Thread 3 ] DEBUG Engine               - isSingleStep: false
00:06:31.660 [FXGL Background Thread 3 ] DEBUG Engine               - isUserProfileEnabled: false
00:06:31.660 [FXGL Background Thread 3 ] DEBUG Engine               - isWindows: true
00:06:31.660 [FXGL Background Thread 3 ] DEBUG Engine               - language: ObjectProperty [value: ENGLISH]
00:06:31.660 [FXGL Background Thread 3 ] DEBUG Engine               - menuKey: ESCAPE
00:06:31.660 [FXGL Background Thread 3 ] DEBUG Engine               - mouseSensitivity: 0.2
00:06:31.660 [FXGL Background Thread 3 ] DEBUG Engine               - notificationViewClass: class com.almasb.fxgl.notification.view.XboxNotificationView
00:06:31.660 [FXGL Background Thread 3 ] DEBUG Engine               - pixelsPerMeter: 50.0
00:06:31.660 [FXGL Background Thread 3 ] DEBUG Engine               - platform: WINDOWS
00:06:31.660 [FXGL Background Thread 3 ] DEBUG Engine               - prefHeightProperty: ReadOnlyDoubleProperty [value: 720.0]
00:06:31.660 [FXGL Background Thread 3 ] DEBUG Engine               - prefWidthProperty: ReadOnlyDoubleProperty [value: 1280.0]
00:06:31.661 [FXGL Background Thread 3 ] DEBUG Engine               - profileDir: profiles/
00:06:31.661 [FXGL Background Thread 3 ] DEBUG Engine               - profileName: StringProperty [value: DEFAULT]
00:06:31.661 [FXGL Background Thread 3 ] DEBUG Engine               - randomSeed: -1
00:06:31.661 [FXGL Background Thread 3 ] DEBUG Engine               - runtimeInfo: RuntimeInfo(platform=WINDOWS, version=17.1, build=24.03.2022 17.34)
00:06:31.661 [FXGL Background Thread 3 ] DEBUG Engine               - saveFileExt: sav
00:06:31.661 [FXGL Background Thread 3 ] DEBUG Engine               - scaledHeightProp$fxgl: DoubleProperty [bound, value: 720.0]
00:06:31.662 [FXGL Background Thread 3 ] DEBUG Engine               - scaledWidthProp$fxgl: DoubleProperty [bound, value: 1280.0]
00:06:31.662 [FXGL Background Thread 3 ] DEBUG Engine               - sceneFactory: hellofx.Main$1@14535d74
00:06:31.662 [FXGL Background Thread 3 ] DEBUG Engine               - secondsIn24h: 60
00:06:31.662 [FXGL Background Thread 3 ] DEBUG Engine               - soundMenuBack: menu/back.wav
00:06:31.662 [FXGL Background Thread 3 ] DEBUG Engine               - soundMenuPress: menu/press.wav
00:06:31.662 [FXGL Background Thread 3 ] DEBUG Engine               - soundMenuSelect: menu/select.wav
00:06:31.662 [FXGL Background Thread 3 ] DEBUG Engine               - soundNotification: core/notification.wav
00:06:31.662 [FXGL Background Thread 3 ] DEBUG Engine               - stageStyle: DECORATED
00:06:31.662 [FXGL Background Thread 3 ] DEBUG Engine               - supportedLanguages: [ENGLISH, FRENCH, GERMAN, HUNGARIAN, RUSSIAN]
00:06:31.662 [FXGL Background Thread 3 ] DEBUG Engine               - ticksPerSecond: -1
00:06:31.662 [FXGL Background Thread 3 ] DEBUG Engine               - title: Bomberman
00:06:31.663 [FXGL Background Thread 3 ] DEBUG Engine               - urlGithub: https://github.com/AlmasB/FXGL
00:06:31.663 [FXGL Background Thread 3 ] DEBUG Engine               - urlLeaderboard: http://fxgl-top.herokuapp.com/
00:06:31.663 [FXGL Background Thread 3 ] DEBUG Engine               - urlPOM: https://raw.githubusercontent.com/AlmasB/FXGL/release/README.md
00:06:31.663 [FXGL Background Thread 3 ] DEBUG Engine               - userAppClass: class hellofx.Main
00:06:31.663 [FXGL Background Thread 3 ] DEBUG Engine               - version: 1.0
00:06:31.663 [FXGL Background Thread 3 ] DEBUG Engine               - versionCheckDays: 7
00:06:31.663 [FXGL Background Thread 3 ] DEBUG Engine               - width: 1280
00:06:31.663 [FXGL Background Thread 3 ] DEBUG Engine               - Logging services
00:06:31.663 [FXGL Background Thread 3 ] DEBUG Engine               - class com.almasb.fxgl.app.services.FXGLAssetLoaderService
00:06:31.663 [FXGL Background Thread 3 ] DEBUG Engine               - class com.almasb.fxgl.app.FXGLApplication$GameApplicationService
00:06:31.663 [FXGL Background Thread 3 ] DEBUG Engine               - class com.almasb.fxgl.app.services.FXGLDialogService
00:06:31.663 [FXGL Background Thread 3 ] DEBUG Engine               - class com.almasb.fxgl.app.services.IOTaskExecutorService
00:06:31.663 [FXGL Background Thread 3 ] DEBUG Engine               - class com.almasb.fxgl.io.FileSystemService
00:06:31.663 [FXGL Background Thread 3 ] DEBUG Engine               - class com.almasb.fxgl.localization.LocalizationService
00:06:31.663 [FXGL Background Thread 3 ] DEBUG Engine               - class com.almasb.fxgl.app.services.SystemBundleService
00:06:31.664 [FXGL Background Thread 3 ] DEBUG Engine               - class com.almasb.fxgl.profile.SaveLoadService
00:06:31.664 [FXGL Background Thread 3 ] DEBUG Engine               - class com.almasb.fxgl.ui.FXGLUIFactoryServiceProvider
00:06:31.664 [FXGL Background Thread 3 ] DEBUG Engine               - class com.almasb.fxgl.ui.FXGLDialogFactoryServiceProvider
00:06:31.664 [FXGL Background Thread 3 ] DEBUG Engine               - class com.almasb.fxgl.audio.AudioPlayer
00:06:31.664 [FXGL Background Thread 3 ] DEBUG Engine               - class com.almasb.fxgl.notification.impl.NotificationServiceProvider
00:06:31.664 [FXGL Background Thread 3 ] DEBUG Engine               - class com.almasb.fxgl.achievement.AchievementService
00:06:31.664 [FXGL Background Thread 3 ] DEBUG Engine               - class com.almasb.fxgl.cutscene.CutsceneService
00:06:31.664 [FXGL Background Thread 3 ] DEBUG Engine               - class com.almasb.fxgl.minigames.MiniGameService
00:06:31.664 [FXGL Background Thread 3 ] DEBUG Engine               - class com.almasb.fxgl.net.NetService
00:06:31.664 [FXGL Background Thread 3 ] DEBUG Engine               - class com.almasb.fxgl.app.services.UpdaterService
00:06:31.664 [FXGL Background Thread 3 ] DEBUG Engine               - class com.almasb.fxgl.dev.DevService
00:06:59.136 [JavaFX Application Thread] DEBUG Input                - Clearing active input actions
00:06:59.154 [JavaFX Application Thread] DEBUG GameApplicationServi - Removing overlay from GameScene and adding to FXGLMainMenuDummyScene
00:06:59.159 [JavaFX Application Thread] DEBUG PrimaryStageWindow   - GameScene -> FXGLMainMenuDummyScene
00:06:59.159 [JavaFX Application Thread] DEBUG PrimaryStageWindow   - Push state: MainMenu
00:06:59.160 [JavaFX Application Thread] DEBUG Input                - Clearing active input actions
00:06:59.160 [JavaFX Application Thread] DEBUG GameApplicationServi - Removing overlay from FXGLMainMenuDummyScene and adding to MainMenu
00:06:59.161 [JavaFX Application Thread] DEBUG PrimaryStageWindow   - FXGLMainMenuDummyScene -> MainMenu
00:07:42.372 [JavaFX Application Thread] DEBUG FXGLApplication      - Exiting FXGL
00:07:42.372 [JavaFX Application Thread] DEBUG LoopRunner           - Stopping loop
00:07:42.372 [JavaFX Application Thread] DEBUG SystemBundleService  - Saving FXGL system data
00:07:42.378 [JavaFX Application Thread] DEBUG FileSystemAccess     - Writing to: E:\space_java\Game\game_datbom\system\fxgl.bundle
00:07:42.383 [JavaFX Application Thread] DEBUG Async                - Shutting down background threads
00:07:42.384 [JavaFX Application Thread] DEBUG PrimaryStageWindow   - Closing main window
00:07:42.424 [JavaFX Application Thread] DEBUG Logger               - Closing Logger
