03:43:51.975 [main                     ] DEBUG Logger               - Configured Logger
03:43:51.992 [main                     ] DEBUG GameApplication      - Logging settings
Title: Bomberman
Version: 1.0
Width: 1280
Height: 800
Fullscreen: false
Intro: false
Profiling: false
Single step:false
App Mode: DEVELOPER
Menu Key: ESCAPE
Stage Style: DECORATED
Scene Factory: class hellofx.Main$1

03:43:52.102 [JavaFX Application Thread] DEBUG FXGLApplication      - Initializing FXGL
03:43:52.108 [JavaFX Application Thread] INFO  Engine               - FXGL-17.1 (24.03.2022 17.34) on WINDOWS (J:18.0.2.1 FX:18)
03:43:52.109 [JavaFX Application Thread] DEBUG Engine               - JRE Vendor Name: Oracle Corporation
03:43:52.109 [JavaFX Application Thread] DEBUG Engine               - Running on OS: Windows 11 version 10.0
03:43:52.109 [JavaFX Application Thread] DEBUG Engine               - Architecture: amd64
03:43:52.109 [JavaFX Application Thread] INFO  Engine               - Source code and latest versions at: https://github.com/AlmasB/FXGL
03:43:52.109 [JavaFX Application Thread] INFO  Engine               -       Ask questions and discuss at: https://github.com/AlmasB/FXGL/discussions
03:43:52.109 [JavaFX Application Thread] INFO  Engine               -              Join the FXGL chat at: https://gitter.im/AlmasB/FXGL
03:43:52.159 [JavaFX Application Thread] DEBUG PrimaryStageWindow   - Creating a JavaFX scene
03:43:52.205 [JavaFX Application Thread] DEBUG PrimaryStageWindow   - Target settings size: 1280.0 x 800.0
03:43:52.205 [JavaFX Application Thread] DEBUG PrimaryStageWindow   - Scaled scene size:    1280.0 x 800.0
03:43:52.206 [JavaFX Application Thread] DEBUG PrimaryStageWindow   - Scaled ratio: (1.0, 1.0)
03:43:52.207 [JavaFX Application Thread] DEBUG PrimaryStageWindow   - Set initial scene to FXGLStartupScene
03:43:52.213 [JavaFX Application Thread] DEBUG PrimaryStageWindow   - Opening main window
03:43:52.306 [JavaFX Application Thread] DEBUG PrimaryStageWindow   - Window border size: (16.0, 39.0)
03:43:52.306 [JavaFX Application Thread] DEBUG PrimaryStageWindow   - Scaled size: 1280.0 x 800.0
03:43:52.307 [JavaFX Application Thread] DEBUG PrimaryStageWindow   - Scaled ratio: (1.0, 1.0)
03:43:52.307 [JavaFX Application Thread] DEBUG PrimaryStageWindow   - Scene size: 1280.0 x 800.0
03:43:52.307 [JavaFX Application Thread] DEBUG PrimaryStageWindow   - Stage size: 1296.0 x 839.0
03:43:52.316 [FXGL Background Thread 1 ] DEBUG Engine               - Initializing environment variables
03:43:52.384 [FXGL Background Thread 1 ] DEBUG FXGLAssetLoaderServi - User app class for loading assets: class hellofx.Main
03:43:52.385 [FXGL Background Thread 1 ] DEBUG GameApplicationServi - Applying CSS: fxgl_dark.css
03:43:52.385 [FXGL Background Thread 1 ] DEBUG FXGLAssetLoaderServi - Loading from file system: jar:file:/C:/Users/chaum/.m2/repository/com/github/almasb/fxgl/17.1/fxgl-17.1.jar!/fxglassets/ui/css/fxgl_dark.css
03:43:52.441 [FXGL Background Thread 1 ] DEBUG GameApplicationServi - Initializing application scenes
03:43:52.481 [FXGL Background Thread 1 ] DEBUG GameWorld            - Game world initialized
03:43:52.526 [FXGL Background Thread 1 ] DEBUG PhysicsWorld         - Physics world initialized: appHeight=800, physics.ppm=50.0
03:43:52.526 [FXGL Background Thread 1 ] DEBUG PhysicsWorld         - Using strategy: BRUTE_FORCE
03:43:52.530 [FXGL Background Thread 1 ] DEBUG GameScene            - Game scene initialized: 1280x800
03:43:52.612 [FXGL Background Thread 1 ] DEBUG GameApplicationServi - Application scenes initialized
03:43:52.641 [FXGL Background Thread 1 ] DEBUG SystemBundleService  - Loading FXGL system data
03:43:52.646 [FXGL Background Thread 1 ] DEBUG FileSystemAccess     - Reading from: E:\space_java\Game\game_datbom\system\fxgl.bundle
03:43:52.655 [FXGL Background Thread 1 ] DEBUG SystemBundleService  - Bundle FXGL: {}
03:43:52.655 [FXGL Background Thread 1 ] DEBUG UpdaterService       - Checking for updates
03:43:52.681 [FXGL Background Thread 4 ] DEBUG FXGLApplication      - Loading fonts
03:43:52.682 [FXGL Background Thread 4 ] DEBUG FXGLAssetLoaderServi - Loading from file system: jar:file:/C:/Users/chaum/.m2/repository/com/github/almasb/fxgl/17.1/fxgl-17.1.jar!/fxglassets/ui/fonts/VarelaRound-Regular.ttf
03:43:52.682 [FXGL Background Thread 1 ] DEBUG FXGLApplication      - Loading default localization
03:43:52.683 [FXGL Background Thread 1 ] DEBUG FXGLAssetLoaderServi - Loading from file system: jar:file:/C:/Users/chaum/.m2/repository/com/github/almasb/fxgl/17.1/fxgl-17.1.jar!/fxglassets/languages/english.lang
03:43:52.704 [FXGL Background Thread 1 ] INFO  FXGLApplication      - FXGL initialization took: 0.388 sec
03:43:52.716 [JavaFX Application Thread] DEBUG Input                - Registered new binding: action0 - F
03:43:52.717 [JavaFX Application Thread] DEBUG Input                - Registered new binding: action1 - G
03:43:52.717 [JavaFX Application Thread] DEBUG Input                - Registered new binding: action2 - R
03:43:52.718 [JavaFX Application Thread] DEBUG Input                - Registered new binding: action3 - T
03:43:52.718 [JavaFX Application Thread] DEBUG Input                - Registered new binding: Right - D
03:43:52.718 [JavaFX Application Thread] DEBUG Input                - Registered new binding: Left - A
03:43:52.718 [JavaFX Application Thread] DEBUG Input                - Registered new binding: Up - W
03:43:52.718 [JavaFX Application Thread] DEBUG Input                - Registered new binding: Down - S
03:43:52.719 [JavaFX Application Thread] DEBUG Input                - Registered new binding: Place boom - Space
03:43:52.719 [JavaFX Application Thread] DEBUG FXGLAssetLoaderServi - Loading from file system: file:/E:/space_java/Game/game_datbom/target/classes/assets/textures/icon/icon.png
03:43:52.751 [FXGL Background Thread 4 ] DEBUG FXGLAssetLoaderServi - Loading from file system: jar:file:/C:/Users/chaum/.m2/repository/com/github/almasb/fxgl/17.1/fxgl-17.1.jar!/fxglassets/ui/fonts/Abel-Regular.ttf
03:43:52.762 [FXGL Background Thread 4 ] DEBUG FXGLAssetLoaderServi - Loading from file system: jar:file:/C:/Users/chaum/.m2/repository/com/github/almasb/fxgl/17.1/fxgl-17.1.jar!/fxglassets/ui/fonts/TerminalLandMono-Regular.otf
03:43:52.766 [FXGL Background Thread 4 ] DEBUG FXGLAssetLoaderServi - Loading from file system: jar:file:/C:/Users/chaum/.m2/repository/com/github/almasb/fxgl/17.1/fxgl-17.1.jar!/fxglassets/ui/fonts/Courier-Prime.ttf
03:43:52.776 [JavaFX Application Thread] DEBUG FXGLAssetLoaderServi - Loading from file system: file:/E:/space_java/Game/game_datbom/target/classes/assets/textures/cursor/cursor1.png
03:43:52.786 [JavaFX Application Thread] DEBUG Input                - Registered new binding: Screenshot - CTRL+8
03:43:52.787 [JavaFX Application Thread] DEBUG Input                - Registered new binding: Dev Options - 1
03:43:52.787 [JavaFX Application Thread] DEBUG Input                - Registered new binding: Dev Console - 2
03:43:52.788 [JavaFX Application Thread] DEBUG Input                - Registered new binding: System info dump - CTRL+9
03:43:52.788 [JavaFX Application Thread] DEBUG Input                - Registered new binding: Restart - CTRL+R
03:43:52.789 [JavaFX Application Thread] DEBUG Input                - Registered new binding: Toggle Debug Camera - CTRL+7
03:43:52.791 [JavaFX Application Thread] DEBUG LoopRunner           - Starting loop
03:43:52.804 [JavaFX Application Thread] DEBUG LoopRunner           - Initializing JavaFX AnimationTimerLoop
03:43:52.806 [JavaFX Application Thread] DEBUG Input                - Clearing active input actions
03:43:52.812 [JavaFX Application Thread] DEBUG GameApplicationServi - Removing overlay from FXGLStartupScene and adding to FXGLMainMenuDummyScene
03:43:52.816 [JavaFX Application Thread] DEBUG PrimaryStageWindow   - FXGLStartupScene -> FXGLMainMenuDummyScene
03:43:52.816 [JavaFX Application Thread] DEBUG PrimaryStageWindow   - Push state: MainMenu
03:43:52.817 [JavaFX Application Thread] DEBUG Input                - Clearing active input actions
03:43:52.820 [JavaFX Application Thread] DEBUG GameApplicationServi - Removing overlay from FXGLMainMenuDummyScene and adding to MainMenu
03:43:52.820 [JavaFX Application Thread] DEBUG PrimaryStageWindow   - FXGLMainMenuDummyScene -> MainMenu
03:43:52.830 [JavaFX Application Thread] DEBUG FXGLApplication      - Registering font factories with UI factory
03:43:53.593 [FXGL Background Thread 2 ] INFO  UpdaterService       - Your current version:  17.1
03:43:53.593 [FXGL Background Thread 2 ] INFO  UpdaterService       - Latest stable version: 17.2
03:43:53.870 [JavaFX Application Thread] DEBUG Menu                 - fireNewGame()
03:43:53.870 [JavaFX Application Thread] DEBUG GameApplicationServi - Starting new game
03:43:53.871 [JavaFX Application Thread] DEBUG PrimaryStageWindow   - Pop state: MainMenu
03:43:53.871 [JavaFX Application Thread] DEBUG Input                - Clearing active input actions
03:43:53.872 [JavaFX Application Thread] DEBUG GameApplicationServi - Removing overlay from MainMenu and adding to FXGLMainMenuDummyScene
03:43:53.874 [JavaFX Application Thread] DEBUG PrimaryStageWindow   - FXGLMainMenuDummyScene <- MainMenu
03:43:53.875 [JavaFX Application Thread] DEBUG Input                - Clearing active input actions
03:43:53.881 [JavaFX Application Thread] DEBUG GameApplicationServi - Removing overlay from FXGLMainMenuDummyScene and adding to FXGLLoadingScene
03:43:53.882 [JavaFX Application Thread] DEBUG PrimaryStageWindow   - FXGLMainMenuDummyScene -> FXGLLoadingScene
03:43:53.882 [JavaFX Application Thread] DEBUG GameApplicationServi - Clearing previous game
03:43:53.882 [JavaFX Application Thread] DEBUG GameScene            - Clearing game scene
03:43:53.882 [JavaFX Application Thread] DEBUG GameWorld            - Clearing game world
03:43:53.883 [JavaFX Application Thread] DEBUG PhysicsWorld         - Clearing physics world
03:43:53.885 [FXGL Background Thread 2 ] DEBUG FXGLApplication      - Initializing game
03:43:53.914 [FXGL Background Thread 2 ] DEBUG FXGLAssetLoaderServi - Loading from file system: file:/E:/space_java/Game/game_datbom/target/classes/assets/textures/mapTexture/grass.png
03:43:53.931 [FXGL Background Thread 2 ] DEBUG FXGLAssetLoaderServi - Loading from file system: file:/E:/space_java/Game/game_datbom/target/classes/assets/textures/mapTexture/wall2.png
03:43:54.173 [FXGL Background Thread 2 ] DEBUG FXGLAssetLoaderServi - Loading from file system: file:/E:/space_java/Game/game_datbom/target/classes/assets/textures/enemy/balloon36.png
03:43:54.204 [FXGL Background Thread 2 ] DEBUG FXGLAssetLoaderServi - Loading from file system: file:/E:/space_java/Game/game_datbom/target/classes/assets/textures/character/gold_player_dead.png
03:43:54.206 [FXGL Background Thread 2 ] DEBUG FXGLAssetLoaderServi - Loading from file system: file:/E:/space_java/Game/game_datbom/target/classes/assets/textures/character/gold_player_down.png
03:43:54.209 [FXGL Background Thread 2 ] DEBUG FXGLAssetLoaderServi - Loading from file system: file:/E:/space_java/Game/game_datbom/target/classes/assets/textures/character/gold_player_up.png
03:43:54.210 [FXGL Background Thread 2 ] DEBUG FXGLAssetLoaderServi - Loading from file system: file:/E:/space_java/Game/game_datbom/target/classes/assets/textures/character/gold_player_left_temp.png
03:43:54.212 [FXGL Background Thread 2 ] DEBUG FXGLAssetLoaderServi - Loading from file system: file:/E:/space_java/Game/game_datbom/target/classes/assets/textures/character/gold_player_right_temp.png
03:43:54.219 [FXGL Background Thread 2 ] INFO  FXGLApplication      - Game initialization took: 0.334 sec
03:43:54.236 [JavaFX Application Thread] DEBUG Input                - Clearing active input actions
03:43:54.250 [JavaFX Application Thread] DEBUG GameApplicationServi - Removing overlay from FXGLLoadingScene and adding to GameScene
03:43:54.255 [JavaFX Application Thread] DEBUG PrimaryStageWindow   - FXGLLoadingScene -> GameScene
03:43:55.680 [FXGL Background Thread 3 ] DEBUG Engine               - Logging environment variables
03:43:55.681 [FXGL Background Thread 3 ] DEBUG Engine               - achievements: []
03:43:55.681 [FXGL Background Thread 3 ] DEBUG Engine               - actualHeight: 800.0
03:43:55.681 [FXGL Background Thread 3 ] DEBUG Engine               - actualHeightProperty: ReadOnlyDoubleProperty [value: 800.0]
03:43:55.682 [FXGL Background Thread 3 ] DEBUG Engine               - actualWidth: 1280.0
03:43:55.682 [FXGL Background Thread 3 ] DEBUG Engine               - actualWidthProperty: ReadOnlyDoubleProperty [value: 1280.0]
03:43:55.682 [FXGL Background Thread 3 ] DEBUG Engine               - appIcon: icon/icon.png
03:43:55.682 [FXGL Background Thread 3 ] DEBUG Engine               - applicationMode: DEVELOPER
03:43:55.682 [FXGL Background Thread 3 ] DEBUG Engine               - cSSList: [fxgl_dark.css]
03:43:55.682 [FXGL Background Thread 3 ] DEBUG Engine               - collisionDetectionStrategy: BRUTE_FORCE
03:43:55.682 [FXGL Background Thread 3 ] DEBUG Engine               - configClass: Optional.empty
03:43:55.683 [FXGL Background Thread 3 ] DEBUG Engine               - credits: []
03:43:55.685 [FXGL Background Thread 3 ] DEBUG Engine               - defaultCursor: CursorInfo(imageName=cursor/cursor1.png, hotspotX=0.0, hotspotY=0.0)
03:43:55.686 [FXGL Background Thread 3 ] DEBUG Engine               - devBBoxColorProperty: ObjectProperty [value: 0xff0000ff]
03:43:55.686 [FXGL Background Thread 3 ] DEBUG Engine               - devEnableDebugCameraProperty: BooleanProperty [value: false]
03:43:55.687 [FXGL Background Thread 3 ] DEBUG Engine               - devSensorColorProperty: ObjectProperty [value: 0xffff00ff]
03:43:55.687 [FXGL Background Thread 3 ] DEBUG Engine               - devShowBBoxProperty: BooleanProperty [value: false]
03:43:55.687 [FXGL Background Thread 3 ] DEBUG Engine               - devShowPositionProperty: BooleanProperty [value: false]
03:43:55.688 [FXGL Background Thread 3 ] DEBUG Engine               - enabledMenuItems: []
03:43:55.688 [FXGL Background Thread 3 ] DEBUG Engine               - engineServices: [class com.almasb.fxgl.app.services.FXGLAssetLoaderService, class com.almasb.fxgl.app.FXGLApplication$GameApplicationService, class com.almasb.fxgl.app.services.FXGLDialogService, class com.almasb.fxgl.app.services.IOTaskExecutorService, class com.almasb.fxgl.io.FileSystemService, class com.almasb.fxgl.localization.LocalizationService, class com.almasb.fxgl.app.services.SystemBundleService, class com.almasb.fxgl.profile.SaveLoadService, class com.almasb.fxgl.ui.FXGLUIFactoryServiceProvider, class com.almasb.fxgl.ui.FXGLDialogFactoryServiceProvider, class com.almasb.fxgl.audio.AudioPlayer, class com.almasb.fxgl.notification.impl.NotificationServiceProvider, class com.almasb.fxgl.achievement.AchievementService, class com.almasb.fxgl.cutscene.CutsceneService, class com.almasb.fxgl.minigames.MiniGameService, class com.almasb.fxgl.net.NetService, class com.almasb.fxgl.app.services.UpdaterService, class com.almasb.fxgl.dev.DevService]
03:43:55.688 [FXGL Background Thread 3 ] DEBUG Engine               - fontGame: Abel-Regular.ttf
03:43:55.688 [FXGL Background Thread 3 ] DEBUG Engine               - fontMono: TerminalLandMono-Regular.otf
03:43:55.688 [FXGL Background Thread 3 ] DEBUG Engine               - fontText: Courier-Prime.ttf
03:43:55.688 [FXGL Background Thread 3 ] DEBUG Engine               - fontUI: VarelaRound-Regular.ttf
03:43:55.688 [FXGL Background Thread 3 ] DEBUG Engine               - fullScreen: BooleanProperty [value: false]
03:43:55.688 [FXGL Background Thread 3 ] DEBUG Engine               - gameDifficulty: MEDIUM
03:43:55.688 [FXGL Background Thread 3 ] DEBUG Engine               - gameDifficultyProperty: ObjectProperty [value: MEDIUM]
03:43:55.688 [FXGL Background Thread 3 ] DEBUG Engine               - globalMusicVolume: 0.5
03:43:55.688 [FXGL Background Thread 3 ] DEBUG Engine               - globalMusicVolumeProperty: DoubleProperty [value: 0.5]
03:43:55.688 [FXGL Background Thread 3 ] DEBUG Engine               - globalSoundVolume: 0.5
03:43:55.688 [FXGL Background Thread 3 ] DEBUG Engine               - globalSoundVolumeProperty: DoubleProperty [value: 0.5]
03:43:55.688 [FXGL Background Thread 3 ] DEBUG Engine               - height: 800
03:43:55.688 [FXGL Background Thread 3 ] DEBUG Engine               - is3D: false
03:43:55.689 [FXGL Background Thread 3 ] DEBUG Engine               - isAndroid: false
03:43:55.689 [FXGL Background Thread 3 ] DEBUG Engine               - isBrowser: false
03:43:55.689 [FXGL Background Thread 3 ] DEBUG Engine               - isClickFeedbackEnabled: false
03:43:55.689 [FXGL Background Thread 3 ] DEBUG Engine               - isCloseConfirmation: false
03:43:55.689 [FXGL Background Thread 3 ] DEBUG Engine               - isDesktop: true
03:43:55.689 [FXGL Background Thread 3 ] DEBUG Engine               - isDeveloperMenuEnabled: true
03:43:55.689 [FXGL Background Thread 3 ] DEBUG Engine               - isEmbedded: false
03:43:55.689 [FXGL Background Thread 3 ] DEBUG Engine               - isEntityPreloadEnabled: true
03:43:55.689 [FXGL Background Thread 3 ] DEBUG Engine               - isExperimentalTiledLargeMap: false
03:43:55.689 [FXGL Background Thread 3 ] DEBUG Engine               - isFileSystemWriteAllowed: true
03:43:55.689 [FXGL Background Thread 3 ] DEBUG Engine               - isFullScreenAllowed: false
03:43:55.689 [FXGL Background Thread 3 ] DEBUG Engine               - isFullScreenFromStart: false
03:43:55.689 [FXGL Background Thread 3 ] DEBUG Engine               - isGameMenuEnabled: true
03:43:55.689 [FXGL Background Thread 3 ] DEBUG Engine               - isIOS: false
03:43:55.689 [FXGL Background Thread 3 ] DEBUG Engine               - isIntroEnabled: false
03:43:55.689 [FXGL Background Thread 3 ] DEBUG Engine               - isLinux: false
03:43:55.690 [FXGL Background Thread 3 ] DEBUG Engine               - isMac: false
03:43:55.690 [FXGL Background Thread 3 ] DEBUG Engine               - isMainMenuEnabled: true
03:43:55.690 [FXGL Background Thread 3 ] DEBUG Engine               - isManualResizeEnabled: false
03:43:55.690 [FXGL Background Thread 3 ] DEBUG Engine               - isMobile: false
03:43:55.690 [FXGL Background Thread 3 ] DEBUG Engine               - isNative: false
03:43:55.690 [FXGL Background Thread 3 ] DEBUG Engine               - isPauseMusicWhenMinimized: true
03:43:55.690 [FXGL Background Thread 3 ] DEBUG Engine               - isPreserveResizeRatio: false
03:43:55.690 [FXGL Background Thread 3 ] DEBUG Engine               - isProfilingEnabled: false
03:43:55.690 [FXGL Background Thread 3 ] DEBUG Engine               - isScaleAffectedOnResize: true
03:43:55.690 [FXGL Background Thread 3 ] DEBUG Engine               - isSingleStep: false
03:43:55.690 [FXGL Background Thread 3 ] DEBUG Engine               - isUserProfileEnabled: false
03:43:55.690 [FXGL Background Thread 3 ] DEBUG Engine               - isWindows: true
03:43:55.690 [FXGL Background Thread 3 ] DEBUG Engine               - language: ObjectProperty [value: ENGLISH]
03:43:55.690 [FXGL Background Thread 3 ] DEBUG Engine               - menuKey: ESCAPE
03:43:55.690 [FXGL Background Thread 3 ] DEBUG Engine               - mouseSensitivity: 0.2
03:43:55.690 [FXGL Background Thread 3 ] DEBUG Engine               - notificationViewClass: class com.almasb.fxgl.notification.view.XboxNotificationView
03:43:55.690 [FXGL Background Thread 3 ] DEBUG Engine               - pixelsPerMeter: 50.0
03:43:55.691 [FXGL Background Thread 3 ] DEBUG Engine               - platform: WINDOWS
03:43:55.691 [FXGL Background Thread 3 ] DEBUG Engine               - prefHeightProperty: ReadOnlyDoubleProperty [value: 800.0]
03:43:55.691 [FXGL Background Thread 3 ] DEBUG Engine               - prefWidthProperty: ReadOnlyDoubleProperty [value: 1280.0]
03:43:55.691 [FXGL Background Thread 3 ] DEBUG Engine               - profileDir: profiles/
03:43:55.692 [FXGL Background Thread 3 ] DEBUG Engine               - profileName: StringProperty [value: DEFAULT]
03:43:55.692 [FXGL Background Thread 3 ] DEBUG Engine               - randomSeed: -1
03:43:55.692 [FXGL Background Thread 3 ] DEBUG Engine               - runtimeInfo: RuntimeInfo(platform=WINDOWS, version=17.1, build=24.03.2022 17.34)
03:43:55.692 [FXGL Background Thread 3 ] DEBUG Engine               - saveFileExt: sav
03:43:55.692 [FXGL Background Thread 3 ] DEBUG Engine               - scaledHeightProp$fxgl: DoubleProperty [bound, value: 800.0]
03:43:55.692 [FXGL Background Thread 3 ] DEBUG Engine               - scaledWidthProp$fxgl: DoubleProperty [bound, value: 1280.0]
03:43:55.692 [FXGL Background Thread 3 ] DEBUG Engine               - sceneFactory: hellofx.Main$1@c04fab4
03:43:55.692 [FXGL Background Thread 3 ] DEBUG Engine               - secondsIn24h: 60
03:43:55.692 [FXGL Background Thread 3 ] DEBUG Engine               - soundMenuBack: menu/back.wav
03:43:55.692 [FXGL Background Thread 3 ] DEBUG Engine               - soundMenuPress: menu/press.wav
03:43:55.692 [FXGL Background Thread 3 ] DEBUG Engine               - soundMenuSelect: menu/select.wav
03:43:55.692 [FXGL Background Thread 3 ] DEBUG Engine               - soundNotification: core/notification.wav
03:43:55.692 [FXGL Background Thread 3 ] DEBUG Engine               - stageStyle: DECORATED
03:43:55.693 [FXGL Background Thread 3 ] DEBUG Engine               - supportedLanguages: [ENGLISH, FRENCH, GERMAN, HUNGARIAN, RUSSIAN]
03:43:55.693 [FXGL Background Thread 3 ] DEBUG Engine               - ticksPerSecond: -1
03:43:55.693 [FXGL Background Thread 3 ] DEBUG Engine               - title: Bomberman
03:43:55.693 [FXGL Background Thread 3 ] DEBUG Engine               - urlGithub: https://github.com/AlmasB/FXGL
03:43:55.693 [FXGL Background Thread 3 ] DEBUG Engine               - urlLeaderboard: http://fxgl-top.herokuapp.com/
03:43:55.693 [FXGL Background Thread 3 ] DEBUG Engine               - urlPOM: https://raw.githubusercontent.com/AlmasB/FXGL/release/README.md
03:43:55.693 [FXGL Background Thread 3 ] DEBUG Engine               - userAppClass: class hellofx.Main
03:43:55.693 [FXGL Background Thread 3 ] DEBUG Engine               - version: 1.0
03:43:55.693 [FXGL Background Thread 3 ] DEBUG Engine               - versionCheckDays: 7
03:43:55.694 [FXGL Background Thread 3 ] DEBUG Engine               - width: 1280
03:43:55.694 [FXGL Background Thread 3 ] DEBUG Engine               - Logging services
03:43:55.694 [FXGL Background Thread 3 ] DEBUG Engine               - class com.almasb.fxgl.app.services.FXGLAssetLoaderService
03:43:55.694 [FXGL Background Thread 3 ] DEBUG Engine               - class com.almasb.fxgl.app.FXGLApplication$GameApplicationService
03:43:55.694 [FXGL Background Thread 3 ] DEBUG Engine               - class com.almasb.fxgl.app.services.FXGLDialogService
03:43:55.694 [FXGL Background Thread 3 ] DEBUG Engine               - class com.almasb.fxgl.app.services.IOTaskExecutorService
03:43:55.694 [FXGL Background Thread 3 ] DEBUG Engine               - class com.almasb.fxgl.io.FileSystemService
03:43:55.694 [FXGL Background Thread 3 ] DEBUG Engine               - class com.almasb.fxgl.localization.LocalizationService
03:43:55.694 [FXGL Background Thread 3 ] DEBUG Engine               - class com.almasb.fxgl.app.services.SystemBundleService
03:43:55.694 [FXGL Background Thread 3 ] DEBUG Engine               - class com.almasb.fxgl.profile.SaveLoadService
03:43:55.694 [FXGL Background Thread 3 ] DEBUG Engine               - class com.almasb.fxgl.ui.FXGLUIFactoryServiceProvider
03:43:55.694 [FXGL Background Thread 3 ] DEBUG Engine               - class com.almasb.fxgl.ui.FXGLDialogFactoryServiceProvider
03:43:55.694 [FXGL Background Thread 3 ] DEBUG Engine               - class com.almasb.fxgl.audio.AudioPlayer
03:43:55.694 [FXGL Background Thread 3 ] DEBUG Engine               - class com.almasb.fxgl.notification.impl.NotificationServiceProvider
03:43:55.694 [FXGL Background Thread 3 ] DEBUG Engine               - class com.almasb.fxgl.achievement.AchievementService
03:43:55.694 [FXGL Background Thread 3 ] DEBUG Engine               - class com.almasb.fxgl.cutscene.CutsceneService
03:43:55.694 [FXGL Background Thread 3 ] DEBUG Engine               - class com.almasb.fxgl.minigames.MiniGameService
03:43:55.694 [FXGL Background Thread 3 ] DEBUG Engine               - class com.almasb.fxgl.net.NetService
03:43:55.694 [FXGL Background Thread 3 ] DEBUG Engine               - class com.almasb.fxgl.app.services.UpdaterService
03:43:55.694 [FXGL Background Thread 3 ] DEBUG Engine               - class com.almasb.fxgl.dev.DevService
03:44:37.549 [JavaFX Application Thread] DEBUG FXGLApplication      - Exiting FXGL
03:44:37.549 [JavaFX Application Thread] DEBUG LoopRunner           - Stopping loop
03:44:37.549 [JavaFX Application Thread] DEBUG SystemBundleService  - Saving FXGL system data
03:44:37.551 [JavaFX Application Thread] DEBUG FileSystemAccess     - Writing to: E:\space_java\Game\game_datbom\system\fxgl.bundle
03:44:37.554 [JavaFX Application Thread] DEBUG Async                - Shutting down background threads
03:44:37.554 [JavaFX Application Thread] DEBUG PrimaryStageWindow   - Closing main window
03:44:37.579 [JavaFX Application Thread] DEBUG Logger               - Closing Logger
