17:18:07.705 [main                     ] DEBUG Logger               - Configured Logger
17:18:07.724 [main                     ] DEBUG GameApplication      - Logging settings
Title: Bomberman
Version: 1.0
Width: 1280
Height: 720
Fullscreen: false
Intro: false
Profiling: false
Single step:false
App Mode: DEVELOPER
Menu Key: ESCAPE
Stage Style: DECORATED
Scene Factory: class hellofx.Main$1

17:18:07.828 [JavaFX Application Thread] DEBUG FXGLApplication      - Initializing FXGL
17:18:07.834 [JavaFX Application Thread] INFO  Engine               - FXGL-17.1 (24.03.2022 17.34) on WINDOWS (J:18.0.2.1 FX:18)
17:18:07.835 [JavaFX Application Thread] DEBUG Engine               - JRE Vendor Name: Oracle Corporation
17:18:07.835 [JavaFX Application Thread] DEBUG Engine               - Running on OS: Windows 11 version 10.0
17:18:07.835 [JavaFX Application Thread] DEBUG Engine               - Architecture: amd64
17:18:07.835 [JavaFX Application Thread] INFO  Engine               - Source code and latest versions at: https://github.com/AlmasB/FXGL
17:18:07.836 [JavaFX Application Thread] INFO  Engine               -       Ask questions and discuss at: https://github.com/AlmasB/FXGL/discussions
17:18:07.836 [JavaFX Application Thread] INFO  Engine               -              Join the FXGL chat at: https://gitter.im/AlmasB/FXGL
17:18:07.885 [JavaFX Application Thread] DEBUG PrimaryStageWindow   - Creating a JavaFX scene
17:18:07.928 [JavaFX Application Thread] DEBUG PrimaryStageWindow   - Target settings size: 1280.0 x 720.0
17:18:07.929 [JavaFX Application Thread] DEBUG PrimaryStageWindow   - Scaled scene size:    1280.0 x 720.0
17:18:07.929 [JavaFX Application Thread] DEBUG PrimaryStageWindow   - Scaled ratio: (1.0, 1.0)
17:18:07.931 [JavaFX Application Thread] DEBUG PrimaryStageWindow   - Set initial scene to FXGLStartupScene
17:18:07.938 [JavaFX Application Thread] DEBUG PrimaryStageWindow   - Opening main window
17:18:08.028 [JavaFX Application Thread] DEBUG PrimaryStageWindow   - Window border size: (16.0, 39.0)
17:18:08.028 [JavaFX Application Thread] DEBUG PrimaryStageWindow   - Scaled size: 1280.0 x 720.0
17:18:08.029 [JavaFX Application Thread] DEBUG PrimaryStageWindow   - Scaled ratio: (1.0, 1.0)
17:18:08.029 [JavaFX Application Thread] DEBUG PrimaryStageWindow   - Scene size: 1280.0 x 720.0
17:18:08.029 [JavaFX Application Thread] DEBUG PrimaryStageWindow   - Stage size: 1296.0 x 759.0
17:18:08.040 [FXGL Background Thread 1 ] DEBUG Engine               - Initializing environment variables
17:18:08.108 [FXGL Background Thread 1 ] DEBUG FXGLAssetLoaderServi - User app class for loading assets: class hellofx.Main
17:18:08.108 [FXGL Background Thread 1 ] DEBUG GameApplicationServi - Applying CSS: fxgl_dark.css
17:18:08.109 [FXGL Background Thread 1 ] DEBUG FXGLAssetLoaderServi - Loading from file system: jar:file:/C:/Users/chaum/.m2/repository/com/github/almasb/fxgl/17.1/fxgl-17.1.jar!/fxglassets/ui/css/fxgl_dark.css
17:18:08.153 [FXGL Background Thread 1 ] DEBUG GameApplicationServi - Initializing application scenes
17:18:08.194 [FXGL Background Thread 1 ] DEBUG GameWorld            - Game world initialized
17:18:08.248 [FXGL Background Thread 1 ] DEBUG PhysicsWorld         - Physics world initialized: appHeight=720, physics.ppm=50.0
17:18:08.249 [FXGL Background Thread 1 ] DEBUG PhysicsWorld         - Using strategy: BRUTE_FORCE
17:18:08.254 [FXGL Background Thread 1 ] DEBUG GameScene            - Game scene initialized: 1280x720
17:18:08.329 [FXGL Background Thread 1 ] DEBUG GameApplicationServi - Application scenes initialized
17:18:08.346 [FXGL Background Thread 1 ] DEBUG SystemBundleService  - Loading FXGL system data
17:18:08.351 [FXGL Background Thread 1 ] DEBUG FileSystemAccess     - Reading from: E:\space_java\Game\game_datbom\system\fxgl.bundle
17:18:08.358 [FXGL Background Thread 1 ] DEBUG SystemBundleService  - Bundle FXGL: {}
17:18:08.358 [FXGL Background Thread 1 ] DEBUG UpdaterService       - Checking for updates
17:18:08.385 [FXGL Background Thread 4 ] DEBUG FXGLApplication      - Loading fonts
17:18:08.385 [FXGL Background Thread 4 ] DEBUG FXGLAssetLoaderServi - Loading from file system: jar:file:/C:/Users/chaum/.m2/repository/com/github/almasb/fxgl/17.1/fxgl-17.1.jar!/fxglassets/ui/fonts/VarelaRound-Regular.ttf
17:18:08.385 [FXGL Background Thread 1 ] DEBUG FXGLApplication      - Loading default localization
17:18:08.386 [FXGL Background Thread 1 ] DEBUG FXGLAssetLoaderServi - Loading from file system: jar:file:/C:/Users/chaum/.m2/repository/com/github/almasb/fxgl/17.1/fxgl-17.1.jar!/fxglassets/languages/english.lang
17:18:08.404 [FXGL Background Thread 1 ] INFO  FXGLApplication      - FXGL initialization took: 0.365 sec
17:18:08.412 [JavaFX Application Thread] DEBUG Input                - Registered new binding: action0 - F
17:18:08.413 [JavaFX Application Thread] DEBUG Input                - Registered new binding: action1 - G
17:18:08.413 [JavaFX Application Thread] DEBUG Input                - Registered new binding: action2 - R
17:18:08.413 [JavaFX Application Thread] DEBUG Input                - Registered new binding: action3 - T
17:18:08.414 [JavaFX Application Thread] DEBUG Input                - Registered new binding: Right - D
17:18:08.414 [JavaFX Application Thread] DEBUG Input                - Registered new binding: Left - A
17:18:08.414 [JavaFX Application Thread] DEBUG Input                - Registered new binding: Up - W
17:18:08.414 [JavaFX Application Thread] DEBUG Input                - Registered new binding: Down - S
17:18:08.414 [JavaFX Application Thread] DEBUG Input                - Registered new binding: Place boom - Space
17:18:08.414 [JavaFX Application Thread] DEBUG FXGLAssetLoaderServi - Loading from file system: file:/E:/space_java/Game/game_datbom/target/classes/assets/textures/icon/icon.png
17:18:08.446 [FXGL Background Thread 4 ] DEBUG FXGLAssetLoaderServi - Loading from file system: jar:file:/C:/Users/chaum/.m2/repository/com/github/almasb/fxgl/17.1/fxgl-17.1.jar!/fxglassets/ui/fonts/Abel-Regular.ttf
17:18:08.450 [FXGL Background Thread 4 ] DEBUG FXGLAssetLoaderServi - Loading from file system: jar:file:/C:/Users/chaum/.m2/repository/com/github/almasb/fxgl/17.1/fxgl-17.1.jar!/fxglassets/ui/fonts/TerminalLandMono-Regular.otf
17:18:08.462 [FXGL Background Thread 4 ] DEBUG FXGLAssetLoaderServi - Loading from file system: jar:file:/C:/Users/chaum/.m2/repository/com/github/almasb/fxgl/17.1/fxgl-17.1.jar!/fxglassets/ui/fonts/Courier-Prime.ttf
17:18:08.464 [JavaFX Application Thread] DEBUG FXGLAssetLoaderServi - Loading from file system: file:/E:/space_java/Game/game_datbom/target/classes/assets/textures/cursor/cursor1.png
17:18:08.476 [JavaFX Application Thread] DEBUG Input                - Registered new binding: Screenshot - CTRL+8
17:18:08.477 [JavaFX Application Thread] DEBUG Input                - Registered new binding: Dev Options - 1
17:18:08.477 [JavaFX Application Thread] DEBUG Input                - Registered new binding: Dev Console - 2
17:18:08.477 [JavaFX Application Thread] DEBUG Input                - Registered new binding: System info dump - CTRL+9
17:18:08.477 [JavaFX Application Thread] DEBUG Input                - Registered new binding: Restart - CTRL+R
17:18:08.478 [JavaFX Application Thread] DEBUG Input                - Registered new binding: Toggle Debug Camera - CTRL+7
17:18:08.481 [JavaFX Application Thread] DEBUG LoopRunner           - Starting loop
17:18:08.494 [JavaFX Application Thread] DEBUG LoopRunner           - Initializing JavaFX AnimationTimerLoop
17:18:08.496 [JavaFX Application Thread] DEBUG Input                - Clearing active input actions
17:18:08.501 [JavaFX Application Thread] DEBUG GameApplicationServi - Removing overlay from FXGLStartupScene and adding to FXGLMainMenuDummyScene
17:18:08.504 [JavaFX Application Thread] DEBUG PrimaryStageWindow   - FXGLStartupScene -> FXGLMainMenuDummyScene
17:18:08.504 [JavaFX Application Thread] DEBUG PrimaryStageWindow   - Push state: MainMenu
17:18:08.504 [JavaFX Application Thread] DEBUG Input                - Clearing active input actions
17:18:08.508 [JavaFX Application Thread] DEBUG GameApplicationServi - Removing overlay from FXGLMainMenuDummyScene and adding to MainMenu
17:18:08.508 [JavaFX Application Thread] DEBUG PrimaryStageWindow   - FXGLMainMenuDummyScene -> MainMenu
17:18:08.508 [JavaFX Application Thread] DEBUG FXGLApplication      - Registering font factories with UI factory
17:18:09.038 [FXGL Background Thread 2 ] INFO  UpdaterService       - Your current version:  17.1
17:18:09.038 [FXGL Background Thread 2 ] INFO  UpdaterService       - Latest stable version: 17.2
17:18:10.310 [JavaFX Application Thread] DEBUG Menu                 - fireNewGame()
17:18:10.311 [JavaFX Application Thread] DEBUG GameApplicationServi - Starting new game
17:18:10.311 [JavaFX Application Thread] DEBUG PrimaryStageWindow   - Pop state: MainMenu
17:18:10.311 [JavaFX Application Thread] DEBUG Input                - Clearing active input actions
17:18:10.312 [JavaFX Application Thread] DEBUG GameApplicationServi - Removing overlay from MainMenu and adding to FXGLMainMenuDummyScene
17:18:10.315 [JavaFX Application Thread] DEBUG PrimaryStageWindow   - FXGLMainMenuDummyScene <- MainMenu
17:18:10.315 [JavaFX Application Thread] DEBUG Input                - Clearing active input actions
17:18:10.325 [JavaFX Application Thread] DEBUG GameApplicationServi - Removing overlay from FXGLMainMenuDummyScene and adding to FXGLLoadingScene
17:18:10.326 [JavaFX Application Thread] DEBUG PrimaryStageWindow   - FXGLMainMenuDummyScene -> FXGLLoadingScene
17:18:10.326 [JavaFX Application Thread] DEBUG GameApplicationServi - Clearing previous game
17:18:10.326 [JavaFX Application Thread] DEBUG GameScene            - Clearing game scene
17:18:10.327 [JavaFX Application Thread] DEBUG GameWorld            - Clearing game world
17:18:10.327 [JavaFX Application Thread] DEBUG PhysicsWorld         - Clearing physics world
17:18:10.327 [FXGL Background Thread 2 ] DEBUG FXGLApplication      - Initializing game
17:18:10.361 [FXGL Background Thread 2 ] DEBUG FXGLAssetLoaderServi - Loading from file system: file:/E:/space_java/Game/game_datbom/target/classes/assets/textures/mapTexture/grass.png
17:18:10.371 [FXGL Background Thread 2 ] DEBUG FXGLAssetLoaderServi - Loading from file system: file:/E:/space_java/Game/game_datbom/target/classes/assets/textures/mapTexture/wall2.png
17:18:10.416 [FXGL Background Thread 2 ] DEBUG FXGLAssetLoaderServi - Loading from file system: file:/E:/space_java/Game/game_datbom/target/classes/assets/textures/gameItem/powerup_bombs.png
17:18:10.424 [FXGL Background Thread 2 ] DEBUG FXGLAssetLoaderServi - Loading from file system: file:/E:/space_java/Game/game_datbom/target/classes/assets/textures/gameItem/powerup_flamepass.png
17:18:10.431 [FXGL Background Thread 2 ] DEBUG FXGLAssetLoaderServi - Loading from file system: file:/E:/space_java/Game/game_datbom/target/classes/assets/textures/gameItem/powerup_flames.png
17:18:10.436 [FXGL Background Thread 2 ] DEBUG FXGLAssetLoaderServi - Loading from file system: file:/E:/space_java/Game/game_datbom/target/classes/assets/textures/gameItem/powerup_speed.png
17:18:10.449 [FXGL Background Thread 2 ] DEBUG FXGLAssetLoaderServi - Loading from file system: file:/E:/space_java/Game/game_datbom/target/classes/assets/textures/enemy/balloon36.png
17:18:10.497 [FXGL Background Thread 2 ] DEBUG FXGLAssetLoaderServi - Loading from file system: file:/E:/space_java/Game/game_datbom/target/classes/assets/textures/mapTexture%5cbrick.png
17:18:10.498 [FXGL Background Thread 2 ] DEBUG FXGLAssetLoaderServi - Loading from file system: file:/E:/space_java/Game/game_datbom/target/classes/assets/textures/mapTexture%5cbrick_break.png
17:18:10.574 [FXGL Background Thread 2 ] DEBUG FXGLAssetLoaderServi - Loading from file system: file:/E:/space_java/Game/game_datbom/target/classes/assets/textures/mapTexture/portal.png
17:18:10.670 [FXGL Background Thread 2 ] DEBUG FXGLAssetLoaderServi - Loading from file system: file:/E:/space_java/Game/game_datbom/target/classes/assets/textures/character/gold_player_dead.png
17:18:10.674 [FXGL Background Thread 2 ] DEBUG FXGLAssetLoaderServi - Loading from file system: file:/E:/space_java/Game/game_datbom/target/classes/assets/textures/character/gold_player_down.png
17:18:10.676 [FXGL Background Thread 2 ] DEBUG FXGLAssetLoaderServi - Loading from file system: file:/E:/space_java/Game/game_datbom/target/classes/assets/textures/character/gold_player_up.png
17:18:10.677 [FXGL Background Thread 2 ] DEBUG FXGLAssetLoaderServi - Loading from file system: file:/E:/space_java/Game/game_datbom/target/classes/assets/textures/character/gold_player_left_temp.png
17:18:10.679 [FXGL Background Thread 2 ] DEBUG FXGLAssetLoaderServi - Loading from file system: file:/E:/space_java/Game/game_datbom/target/classes/assets/textures/character/gold_player_right_temp.png
17:18:10.684 [FXGL Background Thread 2 ] INFO  FXGLApplication      - Game initialization took: 0.356 sec
17:18:10.688 [JavaFX Application Thread] DEBUG Input                - Clearing active input actions
17:18:10.706 [JavaFX Application Thread] DEBUG GameApplicationServi - Removing overlay from FXGLLoadingScene and adding to GameScene
17:18:10.708 [JavaFX Application Thread] DEBUG PrimaryStageWindow   - FXGLLoadingScene -> GameScene
17:18:11.385 [FXGL Background Thread 3 ] DEBUG Engine               - Logging environment variables
17:18:11.387 [FXGL Background Thread 3 ] DEBUG Engine               - achievements: []
17:18:11.387 [FXGL Background Thread 3 ] DEBUG Engine               - actualHeight: 720.0
17:18:11.388 [FXGL Background Thread 3 ] DEBUG Engine               - actualHeightProperty: ReadOnlyDoubleProperty [value: 720.0]
17:18:11.388 [FXGL Background Thread 3 ] DEBUG Engine               - actualWidth: 1280.0
17:18:11.388 [FXGL Background Thread 3 ] DEBUG Engine               - actualWidthProperty: ReadOnlyDoubleProperty [value: 1280.0]
17:18:11.388 [FXGL Background Thread 3 ] DEBUG Engine               - appIcon: icon/icon.png
17:18:11.389 [FXGL Background Thread 3 ] DEBUG Engine               - applicationMode: DEVELOPER
17:18:11.389 [FXGL Background Thread 3 ] DEBUG Engine               - cSSList: [fxgl_dark.css]
17:18:11.389 [FXGL Background Thread 3 ] DEBUG Engine               - collisionDetectionStrategy: BRUTE_FORCE
17:18:11.389 [FXGL Background Thread 3 ] DEBUG Engine               - configClass: Optional.empty
17:18:11.389 [FXGL Background Thread 3 ] DEBUG Engine               - credits: []
17:18:11.392 [FXGL Background Thread 3 ] DEBUG Engine               - defaultCursor: CursorInfo(imageName=cursor/cursor1.png, hotspotX=0.0, hotspotY=0.0)
17:18:11.393 [FXGL Background Thread 3 ] DEBUG Engine               - devBBoxColorProperty: ObjectProperty [value: 0xff0000ff]
17:18:11.393 [FXGL Background Thread 3 ] DEBUG Engine               - devEnableDebugCameraProperty: BooleanProperty [value: false]
17:18:11.393 [FXGL Background Thread 3 ] DEBUG Engine               - devSensorColorProperty: ObjectProperty [value: 0xffff00ff]
17:18:11.394 [FXGL Background Thread 3 ] DEBUG Engine               - devShowBBoxProperty: BooleanProperty [value: false]
17:18:11.394 [FXGL Background Thread 3 ] DEBUG Engine               - devShowPositionProperty: BooleanProperty [value: false]
17:18:11.394 [FXGL Background Thread 3 ] DEBUG Engine               - enabledMenuItems: []
17:18:11.394 [FXGL Background Thread 3 ] DEBUG Engine               - engineServices: [class com.almasb.fxgl.app.services.FXGLAssetLoaderService, class com.almasb.fxgl.app.FXGLApplication$GameApplicationService, class com.almasb.fxgl.app.services.FXGLDialogService, class com.almasb.fxgl.app.services.IOTaskExecutorService, class com.almasb.fxgl.io.FileSystemService, class com.almasb.fxgl.localization.LocalizationService, class com.almasb.fxgl.app.services.SystemBundleService, class com.almasb.fxgl.profile.SaveLoadService, class com.almasb.fxgl.ui.FXGLUIFactoryServiceProvider, class com.almasb.fxgl.ui.FXGLDialogFactoryServiceProvider, class com.almasb.fxgl.audio.AudioPlayer, class com.almasb.fxgl.notification.impl.NotificationServiceProvider, class com.almasb.fxgl.achievement.AchievementService, class com.almasb.fxgl.cutscene.CutsceneService, class com.almasb.fxgl.minigames.MiniGameService, class com.almasb.fxgl.net.NetService, class com.almasb.fxgl.app.services.UpdaterService, class com.almasb.fxgl.dev.DevService]
17:18:11.395 [FXGL Background Thread 3 ] DEBUG Engine               - fontGame: Abel-Regular.ttf
17:18:11.395 [FXGL Background Thread 3 ] DEBUG Engine               - fontMono: TerminalLandMono-Regular.otf
17:18:11.395 [FXGL Background Thread 3 ] DEBUG Engine               - fontText: Courier-Prime.ttf
17:18:11.395 [FXGL Background Thread 3 ] DEBUG Engine               - fontUI: VarelaRound-Regular.ttf
17:18:11.395 [FXGL Background Thread 3 ] DEBUG Engine               - fullScreen: BooleanProperty [value: false]
17:18:11.395 [FXGL Background Thread 3 ] DEBUG Engine               - gameDifficulty: MEDIUM
17:18:11.396 [FXGL Background Thread 3 ] DEBUG Engine               - gameDifficultyProperty: ObjectProperty [value: MEDIUM]
17:18:11.396 [FXGL Background Thread 3 ] DEBUG Engine               - globalMusicVolume: 0.5
17:18:11.396 [FXGL Background Thread 3 ] DEBUG Engine               - globalMusicVolumeProperty: DoubleProperty [value: 0.5]
17:18:11.396 [FXGL Background Thread 3 ] DEBUG Engine               - globalSoundVolume: 0.5
17:18:11.396 [FXGL Background Thread 3 ] DEBUG Engine               - globalSoundVolumeProperty: DoubleProperty [value: 0.5]
17:18:11.396 [FXGL Background Thread 3 ] DEBUG Engine               - height: 720
17:18:11.397 [FXGL Background Thread 3 ] DEBUG Engine               - is3D: false
17:18:11.397 [FXGL Background Thread 3 ] DEBUG Engine               - isAndroid: false
17:18:11.397 [FXGL Background Thread 3 ] DEBUG Engine               - isBrowser: false
17:18:11.397 [FXGL Background Thread 3 ] DEBUG Engine               - isClickFeedbackEnabled: false
17:18:11.398 [FXGL Background Thread 3 ] DEBUG Engine               - isCloseConfirmation: false
17:18:11.398 [FXGL Background Thread 3 ] DEBUG Engine               - isDesktop: true
17:18:11.398 [FXGL Background Thread 3 ] DEBUG Engine               - isDeveloperMenuEnabled: true
17:18:11.398 [FXGL Background Thread 3 ] DEBUG Engine               - isEmbedded: false
17:18:11.398 [FXGL Background Thread 3 ] DEBUG Engine               - isEntityPreloadEnabled: true
17:18:11.398 [FXGL Background Thread 3 ] DEBUG Engine               - isExperimentalTiledLargeMap: false
17:18:11.399 [FXGL Background Thread 3 ] DEBUG Engine               - isFileSystemWriteAllowed: true
17:18:11.399 [FXGL Background Thread 3 ] DEBUG Engine               - isFullScreenAllowed: false
17:18:11.399 [FXGL Background Thread 3 ] DEBUG Engine               - isFullScreenFromStart: false
17:18:11.399 [FXGL Background Thread 3 ] DEBUG Engine               - isGameMenuEnabled: true
17:18:11.399 [FXGL Background Thread 3 ] DEBUG Engine               - isIOS: false
17:18:11.400 [FXGL Background Thread 3 ] DEBUG Engine               - isIntroEnabled: false
17:18:11.400 [FXGL Background Thread 3 ] DEBUG Engine               - isLinux: false
17:18:11.400 [FXGL Background Thread 3 ] DEBUG Engine               - isMac: false
17:18:11.400 [FXGL Background Thread 3 ] DEBUG Engine               - isMainMenuEnabled: true
17:18:11.400 [FXGL Background Thread 3 ] DEBUG Engine               - isManualResizeEnabled: false
17:18:11.401 [FXGL Background Thread 3 ] DEBUG Engine               - isMobile: false
17:18:11.401 [FXGL Background Thread 3 ] DEBUG Engine               - isNative: false
17:18:11.401 [FXGL Background Thread 3 ] DEBUG Engine               - isPauseMusicWhenMinimized: true
17:18:11.401 [FXGL Background Thread 3 ] DEBUG Engine               - isPreserveResizeRatio: false
17:18:11.401 [FXGL Background Thread 3 ] DEBUG Engine               - isProfilingEnabled: false
17:18:11.402 [FXGL Background Thread 3 ] DEBUG Engine               - isScaleAffectedOnResize: true
17:18:11.402 [FXGL Background Thread 3 ] DEBUG Engine               - isSingleStep: false
17:18:11.402 [FXGL Background Thread 3 ] DEBUG Engine               - isUserProfileEnabled: false
17:18:11.403 [FXGL Background Thread 3 ] DEBUG Engine               - isWindows: true
17:18:11.403 [FXGL Background Thread 3 ] DEBUG Engine               - language: ObjectProperty [value: ENGLISH]
17:18:11.403 [FXGL Background Thread 3 ] DEBUG Engine               - menuKey: ESCAPE
17:18:11.404 [FXGL Background Thread 3 ] DEBUG Engine               - mouseSensitivity: 0.2
17:18:11.404 [FXGL Background Thread 3 ] DEBUG Engine               - notificationViewClass: class com.almasb.fxgl.notification.view.XboxNotificationView
17:18:11.404 [FXGL Background Thread 3 ] DEBUG Engine               - pixelsPerMeter: 50.0
17:18:11.405 [FXGL Background Thread 3 ] DEBUG Engine               - platform: WINDOWS
17:18:11.405 [FXGL Background Thread 3 ] DEBUG Engine               - prefHeightProperty: ReadOnlyDoubleProperty [value: 720.0]
17:18:11.405 [FXGL Background Thread 3 ] DEBUG Engine               - prefWidthProperty: ReadOnlyDoubleProperty [value: 1280.0]
17:18:11.405 [FXGL Background Thread 3 ] DEBUG Engine               - profileDir: profiles/
17:18:11.406 [FXGL Background Thread 3 ] DEBUG Engine               - profileName: StringProperty [value: DEFAULT]
17:18:11.406 [FXGL Background Thread 3 ] DEBUG Engine               - randomSeed: -1
17:18:11.407 [FXGL Background Thread 3 ] DEBUG Engine               - runtimeInfo: RuntimeInfo(platform=WINDOWS, version=17.1, build=24.03.2022 17.34)
17:18:11.407 [FXGL Background Thread 3 ] DEBUG Engine               - saveFileExt: sav
17:18:11.407 [FXGL Background Thread 3 ] DEBUG Engine               - scaledHeightProp$fxgl: DoubleProperty [bound, value: 720.0]
17:18:11.407 [FXGL Background Thread 3 ] DEBUG Engine               - scaledWidthProp$fxgl: DoubleProperty [bound, value: 1280.0]
17:18:11.408 [FXGL Background Thread 3 ] DEBUG Engine               - sceneFactory: hellofx.Main$1@10b287c3
17:18:11.408 [FXGL Background Thread 3 ] DEBUG Engine               - secondsIn24h: 60
17:18:11.408 [FXGL Background Thread 3 ] DEBUG Engine               - soundMenuBack: menu/back.wav
17:18:11.408 [FXGL Background Thread 3 ] DEBUG Engine               - soundMenuPress: menu/press.wav
17:18:11.408 [FXGL Background Thread 3 ] DEBUG Engine               - soundMenuSelect: menu/select.wav
17:18:11.409 [FXGL Background Thread 3 ] DEBUG Engine               - soundNotification: core/notification.wav
17:18:11.409 [FXGL Background Thread 3 ] DEBUG Engine               - stageStyle: DECORATED
17:18:11.409 [FXGL Background Thread 3 ] DEBUG Engine               - supportedLanguages: [ENGLISH, FRENCH, GERMAN, HUNGARIAN, RUSSIAN]
17:18:11.409 [FXGL Background Thread 3 ] DEBUG Engine               - ticksPerSecond: -1
17:18:11.409 [FXGL Background Thread 3 ] DEBUG Engine               - title: Bomberman
17:18:11.409 [FXGL Background Thread 3 ] DEBUG Engine               - urlGithub: https://github.com/AlmasB/FXGL
17:18:11.410 [FXGL Background Thread 3 ] DEBUG Engine               - urlLeaderboard: http://fxgl-top.herokuapp.com/
17:18:11.410 [FXGL Background Thread 3 ] DEBUG Engine               - urlPOM: https://raw.githubusercontent.com/AlmasB/FXGL/release/README.md
17:18:11.410 [FXGL Background Thread 3 ] DEBUG Engine               - userAppClass: class hellofx.Main
17:18:11.410 [FXGL Background Thread 3 ] DEBUG Engine               - version: 1.0
17:18:11.410 [FXGL Background Thread 3 ] DEBUG Engine               - versionCheckDays: 7
17:18:11.410 [FXGL Background Thread 3 ] DEBUG Engine               - width: 1280
17:18:11.411 [FXGL Background Thread 3 ] DEBUG Engine               - Logging services
17:18:11.411 [FXGL Background Thread 3 ] DEBUG Engine               - class com.almasb.fxgl.app.services.FXGLAssetLoaderService
17:18:11.411 [FXGL Background Thread 3 ] DEBUG Engine               - class com.almasb.fxgl.app.FXGLApplication$GameApplicationService
17:18:11.411 [FXGL Background Thread 3 ] DEBUG Engine               - class com.almasb.fxgl.app.services.FXGLDialogService
17:18:11.411 [FXGL Background Thread 3 ] DEBUG Engine               - class com.almasb.fxgl.app.services.IOTaskExecutorService
17:18:11.411 [FXGL Background Thread 3 ] DEBUG Engine               - class com.almasb.fxgl.io.FileSystemService
17:18:11.412 [FXGL Background Thread 3 ] DEBUG Engine               - class com.almasb.fxgl.localization.LocalizationService
17:18:11.412 [FXGL Background Thread 3 ] DEBUG Engine               - class com.almasb.fxgl.app.services.SystemBundleService
17:18:11.412 [FXGL Background Thread 3 ] DEBUG Engine               - class com.almasb.fxgl.profile.SaveLoadService
17:18:11.412 [FXGL Background Thread 3 ] DEBUG Engine               - class com.almasb.fxgl.ui.FXGLUIFactoryServiceProvider
17:18:11.412 [FXGL Background Thread 3 ] DEBUG Engine               - class com.almasb.fxgl.ui.FXGLDialogFactoryServiceProvider
17:18:11.412 [FXGL Background Thread 3 ] DEBUG Engine               - class com.almasb.fxgl.audio.AudioPlayer
17:18:11.412 [FXGL Background Thread 3 ] DEBUG Engine               - class com.almasb.fxgl.notification.impl.NotificationServiceProvider
17:18:11.412 [FXGL Background Thread 3 ] DEBUG Engine               - class com.almasb.fxgl.achievement.AchievementService
17:18:11.413 [FXGL Background Thread 3 ] DEBUG Engine               - class com.almasb.fxgl.cutscene.CutsceneService
17:18:11.413 [FXGL Background Thread 3 ] DEBUG Engine               - class com.almasb.fxgl.minigames.MiniGameService
17:18:11.413 [FXGL Background Thread 3 ] DEBUG Engine               - class com.almasb.fxgl.net.NetService
17:18:11.413 [FXGL Background Thread 3 ] DEBUG Engine               - class com.almasb.fxgl.app.services.UpdaterService
17:18:11.413 [FXGL Background Thread 3 ] DEBUG Engine               - class com.almasb.fxgl.dev.DevService
17:18:38.729 [JavaFX Application Thread] DEBUG FXGLApplication      - Exiting FXGL
17:18:38.730 [JavaFX Application Thread] DEBUG LoopRunner           - Stopping loop
17:18:38.730 [JavaFX Application Thread] DEBUG SystemBundleService  - Saving FXGL system data
17:18:38.733 [JavaFX Application Thread] DEBUG FileSystemAccess     - Writing to: E:\space_java\Game\game_datbom\system\fxgl.bundle
17:18:38.739 [JavaFX Application Thread] DEBUG Async                - Shutting down background threads
17:18:38.739 [JavaFX Application Thread] DEBUG PrimaryStageWindow   - Closing main window
17:18:38.772 [JavaFX Application Thread] DEBUG Logger               - Closing Logger
