01:28:14.122 [main                     ] DEBUG Logger               - Configured Logger
01:28:14.141 [main                     ] DEBUG GameApplication      - Logging settings
Title: Bomberman
Version: 1.0
Width: 1280
Height: 720
Fullscreen: false
Intro: false
Profiling: false
Single step:false
App Mode: DEVELOPER
Menu Key: ESCAPE
Stage Style: DECORATED
Scene Factory: class hellofx.Main$1

01:28:14.246 [JavaFX Application Thread] DEBUG FXGLApplication      - Initializing FXGL
01:28:14.252 [JavaFX Application Thread] INFO  Engine               - FXGL-17.1 (24.03.2022 17.34) on WINDOWS (J:18.0.2.1 FX:18)
01:28:14.252 [JavaFX Application Thread] DEBUG Engine               - JRE Vendor Name: Oracle Corporation
01:28:14.252 [JavaFX Application Thread] DEBUG Engine               - Running on OS: Windows 11 version 10.0
01:28:14.252 [JavaFX Application Thread] DEBUG Engine               - Architecture: amd64
01:28:14.252 [JavaFX Application Thread] INFO  Engine               - Source code and latest versions at: https://github.com/AlmasB/FXGL
01:28:14.252 [JavaFX Application Thread] INFO  Engine               -       Ask questions and discuss at: https://github.com/AlmasB/FXGL/discussions
01:28:14.252 [JavaFX Application Thread] INFO  Engine               -              Join the FXGL chat at: https://gitter.im/AlmasB/FXGL
01:28:14.299 [JavaFX Application Thread] DEBUG PrimaryStageWindow   - Creating a JavaFX scene
01:28:14.343 [JavaFX Application Thread] DEBUG PrimaryStageWindow   - Target settings size: 1280.0 x 720.0
01:28:14.344 [JavaFX Application Thread] DEBUG PrimaryStageWindow   - Scaled scene size:    1280.0 x 720.0
01:28:14.344 [JavaFX Application Thread] DEBUG PrimaryStageWindow   - Scaled ratio: (1.0, 1.0)
01:28:14.345 [JavaFX Application Thread] DEBUG PrimaryStageWindow   - Set initial scene to FXGLStartupScene
01:28:14.351 [JavaFX Application Thread] DEBUG PrimaryStageWindow   - Opening main window
01:28:14.435 [JavaFX Application Thread] DEBUG PrimaryStageWindow   - Window border size: (16.0, 39.0)
01:28:14.435 [JavaFX Application Thread] DEBUG PrimaryStageWindow   - Scaled size: 1280.0 x 720.0
01:28:14.436 [JavaFX Application Thread] DEBUG PrimaryStageWindow   - Scaled ratio: (1.0, 1.0)
01:28:14.436 [JavaFX Application Thread] DEBUG PrimaryStageWindow   - Scene size: 1280.0 x 720.0
01:28:14.436 [JavaFX Application Thread] DEBUG PrimaryStageWindow   - Stage size: 1296.0 x 759.0
01:28:14.446 [FXGL Background Thread 1 ] DEBUG Engine               - Initializing environment variables
01:28:14.515 [FXGL Background Thread 1 ] DEBUG FXGLAssetLoaderServi - User app class for loading assets: class hellofx.Main
01:28:14.516 [FXGL Background Thread 1 ] DEBUG GameApplicationServi - Applying CSS: fxgl_dark.css
01:28:14.516 [FXGL Background Thread 1 ] DEBUG FXGLAssetLoaderServi - Loading from file system: jar:file:/C:/Users/chaum/.m2/repository/com/github/almasb/fxgl/17.1/fxgl-17.1.jar!/fxglassets/ui/css/fxgl_dark.css
01:28:14.559 [FXGL Background Thread 1 ] DEBUG GameApplicationServi - Initializing application scenes
01:28:14.600 [FXGL Background Thread 1 ] DEBUG GameWorld            - Game world initialized
01:28:14.651 [FXGL Background Thread 1 ] DEBUG PhysicsWorld         - Physics world initialized: appHeight=720, physics.ppm=50.0
01:28:14.651 [FXGL Background Thread 1 ] DEBUG PhysicsWorld         - Using strategy: BRUTE_FORCE
01:28:14.655 [FXGL Background Thread 1 ] DEBUG GameScene            - Game scene initialized: 1280x720
01:28:14.732 [FXGL Background Thread 1 ] DEBUG GameApplicationServi - Application scenes initialized
01:28:14.752 [FXGL Background Thread 1 ] DEBUG SystemBundleService  - Loading FXGL system data
01:28:14.758 [FXGL Background Thread 1 ] DEBUG FileSystemAccess     - Reading from: E:\space_java\Game\game_datbom\system\fxgl.bundle
01:28:14.768 [FXGL Background Thread 1 ] DEBUG SystemBundleService  - Bundle FXGL: {}
01:28:14.768 [FXGL Background Thread 1 ] DEBUG UpdaterService       - Checking for updates
01:28:14.803 [FXGL Background Thread 4 ] DEBUG FXGLApplication      - Loading fonts
01:28:14.804 [FXGL Background Thread 4 ] DEBUG FXGLAssetLoaderServi - Loading from file system: jar:file:/C:/Users/chaum/.m2/repository/com/github/almasb/fxgl/17.1/fxgl-17.1.jar!/fxglassets/ui/fonts/VarelaRound-Regular.ttf
01:28:14.804 [FXGL Background Thread 1 ] DEBUG FXGLApplication      - Loading default localization
01:28:14.805 [FXGL Background Thread 1 ] DEBUG FXGLAssetLoaderServi - Loading from file system: jar:file:/C:/Users/chaum/.m2/repository/com/github/almasb/fxgl/17.1/fxgl-17.1.jar!/fxglassets/languages/english.lang
01:28:14.829 [FXGL Background Thread 1 ] INFO  FXGLApplication      - FXGL initialization took: 0.382 sec
01:28:14.838 [JavaFX Application Thread] DEBUG Input                - Registered new binding: action0 - F
01:28:14.838 [JavaFX Application Thread] DEBUG Input                - Registered new binding: action1 - G
01:28:14.839 [JavaFX Application Thread] DEBUG Input                - Registered new binding: action2 - R
01:28:14.839 [JavaFX Application Thread] DEBUG Input                - Registered new binding: action3 - T
01:28:14.839 [JavaFX Application Thread] DEBUG Input                - Registered new binding: Right - D
01:28:14.839 [JavaFX Application Thread] DEBUG Input                - Registered new binding: Left - A
01:28:14.840 [JavaFX Application Thread] DEBUG Input                - Registered new binding: Up - W
01:28:14.840 [JavaFX Application Thread] DEBUG Input                - Registered new binding: Down - S
01:28:14.840 [JavaFX Application Thread] DEBUG Input                - Registered new binding: Place boom - Space
01:28:14.840 [JavaFX Application Thread] DEBUG FXGLAssetLoaderServi - Loading from file system: file:/E:/space_java/Game/game_datbom/target/classes/assets/textures/icon/icon.png
01:28:14.879 [FXGL Background Thread 4 ] DEBUG FXGLAssetLoaderServi - Loading from file system: jar:file:/C:/Users/chaum/.m2/repository/com/github/almasb/fxgl/17.1/fxgl-17.1.jar!/fxglassets/ui/fonts/Abel-Regular.ttf
01:28:14.883 [FXGL Background Thread 4 ] DEBUG FXGLAssetLoaderServi - Loading from file system: jar:file:/C:/Users/chaum/.m2/repository/com/github/almasb/fxgl/17.1/fxgl-17.1.jar!/fxglassets/ui/fonts/TerminalLandMono-Regular.otf
01:28:14.887 [FXGL Background Thread 4 ] DEBUG FXGLAssetLoaderServi - Loading from file system: jar:file:/C:/Users/chaum/.m2/repository/com/github/almasb/fxgl/17.1/fxgl-17.1.jar!/fxglassets/ui/fonts/Courier-Prime.ttf
01:28:14.893 [JavaFX Application Thread] DEBUG FXGLAssetLoaderServi - Loading from file system: file:/E:/space_java/Game/game_datbom/target/classes/assets/textures/cursor/cursor1.png
01:28:14.901 [JavaFX Application Thread] DEBUG Input                - Registered new binding: Screenshot - CTRL+8
01:28:14.902 [JavaFX Application Thread] DEBUG Input                - Registered new binding: Dev Options - 1
01:28:14.902 [JavaFX Application Thread] DEBUG Input                - Registered new binding: Dev Console - 2
01:28:14.903 [JavaFX Application Thread] DEBUG Input                - Registered new binding: System info dump - CTRL+9
01:28:14.903 [JavaFX Application Thread] DEBUG Input                - Registered new binding: Restart - CTRL+R
01:28:14.904 [JavaFX Application Thread] DEBUG Input                - Registered new binding: Toggle Debug Camera - CTRL+7
01:28:14.907 [JavaFX Application Thread] DEBUG LoopRunner           - Starting loop
01:28:14.920 [JavaFX Application Thread] DEBUG LoopRunner           - Initializing JavaFX AnimationTimerLoop
01:28:14.922 [JavaFX Application Thread] DEBUG Input                - Clearing active input actions
01:28:14.927 [JavaFX Application Thread] DEBUG GameApplicationServi - Removing overlay from FXGLStartupScene and adding to FXGLMainMenuDummyScene
01:28:14.931 [JavaFX Application Thread] DEBUG PrimaryStageWindow   - FXGLStartupScene -> FXGLMainMenuDummyScene
01:28:14.931 [JavaFX Application Thread] DEBUG PrimaryStageWindow   - Push state: MainMenu
01:28:14.932 [JavaFX Application Thread] DEBUG Input                - Clearing active input actions
01:28:14.934 [JavaFX Application Thread] DEBUG GameApplicationServi - Removing overlay from FXGLMainMenuDummyScene and adding to MainMenu
01:28:14.935 [JavaFX Application Thread] DEBUG PrimaryStageWindow   - FXGLMainMenuDummyScene -> MainMenu
01:28:14.935 [JavaFX Application Thread] DEBUG FXGLApplication      - Registering font factories with UI factory
01:28:15.352 [FXGL Background Thread 2 ] INFO  UpdaterService       - Your current version:  17.1
01:28:15.353 [FXGL Background Thread 2 ] INFO  UpdaterService       - Latest stable version: 17.2
01:28:16.132 [JavaFX Application Thread] DEBUG Menu                 - fireNewGame()
01:28:16.133 [JavaFX Application Thread] DEBUG GameApplicationServi - Starting new game
01:28:16.133 [JavaFX Application Thread] DEBUG PrimaryStageWindow   - Pop state: MainMenu
01:28:16.133 [JavaFX Application Thread] DEBUG Input                - Clearing active input actions
01:28:16.134 [JavaFX Application Thread] DEBUG GameApplicationServi - Removing overlay from MainMenu and adding to FXGLMainMenuDummyScene
01:28:16.136 [JavaFX Application Thread] DEBUG PrimaryStageWindow   - FXGLMainMenuDummyScene <- MainMenu
01:28:16.137 [JavaFX Application Thread] DEBUG Input                - Clearing active input actions
01:28:16.147 [JavaFX Application Thread] DEBUG GameApplicationServi - Removing overlay from FXGLMainMenuDummyScene and adding to FXGLLoadingScene
01:28:16.148 [JavaFX Application Thread] DEBUG PrimaryStageWindow   - FXGLMainMenuDummyScene -> FXGLLoadingScene
01:28:16.148 [JavaFX Application Thread] DEBUG GameApplicationServi - Clearing previous game
01:28:16.148 [JavaFX Application Thread] DEBUG GameScene            - Clearing game scene
01:28:16.148 [JavaFX Application Thread] DEBUG GameWorld            - Clearing game world
01:28:16.148 [JavaFX Application Thread] DEBUG PhysicsWorld         - Clearing physics world
01:28:16.150 [FXGL Background Thread 2 ] DEBUG FXGLApplication      - Initializing game
01:28:16.181 [FXGL Background Thread 2 ] DEBUG FXGLAssetLoaderServi - Loading from file system: file:/E:/space_java/Game/game_datbom/target/classes/assets/textures/mapTexture/grass.png
01:28:16.188 [FXGL Background Thread 2 ] DEBUG FXGLAssetLoaderServi - Loading from file system: file:/E:/space_java/Game/game_datbom/target/classes/assets/textures/mapTexture/wall2.png
01:28:16.238 [FXGL Background Thread 2 ] DEBUG FXGLAssetLoaderServi - Loading from file system: file:/E:/space_java/Game/game_datbom/target/classes/assets/textures/enemy/oneal40.png
01:28:16.267 [FXGL Background Thread 2 ] DEBUG FXGLAssetLoaderServi - Loading from file system: file:/E:/space_java/Game/game_datbom/target/classes/assets/textures/gameItem/powerup_bombs.png
01:28:16.271 [FXGL Background Thread 2 ] DEBUG FXGLAssetLoaderServi - Loading from file system: file:/E:/space_java/Game/game_datbom/target/classes/assets/textures/gameItem/powerup_flamepass.png
01:28:16.280 [FXGL Background Thread 2 ] DEBUG FXGLAssetLoaderServi - Loading from file system: file:/E:/space_java/Game/game_datbom/target/classes/assets/textures/gameItem/powerup_flames.png
01:28:16.284 [FXGL Background Thread 2 ] DEBUG FXGLAssetLoaderServi - Loading from file system: file:/E:/space_java/Game/game_datbom/target/classes/assets/textures/gameItem/powerup_speed.png
01:28:16.297 [FXGL Background Thread 2 ] DEBUG FXGLAssetLoaderServi - Loading from file system: file:/E:/space_java/Game/game_datbom/target/classes/assets/textures/enemy/balloon36.png
01:28:16.335 [FXGL Background Thread 2 ] DEBUG FXGLAssetLoaderServi - Loading from file system: file:/E:/space_java/Game/game_datbom/target/classes/assets/textures/mapTexture%5cbrick.png
01:28:16.336 [FXGL Background Thread 2 ] DEBUG FXGLAssetLoaderServi - Loading from file system: file:/E:/space_java/Game/game_datbom/target/classes/assets/textures/mapTexture%5cbrick_break.png
01:28:16.410 [FXGL Background Thread 2 ] DEBUG FXGLAssetLoaderServi - Loading from file system: file:/E:/space_java/Game/game_datbom/target/classes/assets/textures/mapTexture/portal.png
01:28:16.536 [FXGL Background Thread 2 ] DEBUG FXGLAssetLoaderServi - Loading from file system: file:/E:/space_java/Game/game_datbom/target/classes/assets/textures/character/gold_player_dead.png
01:28:16.538 [FXGL Background Thread 2 ] DEBUG FXGLAssetLoaderServi - Loading from file system: file:/E:/space_java/Game/game_datbom/target/classes/assets/textures/character/gold_player_down.png
01:28:16.540 [FXGL Background Thread 2 ] DEBUG FXGLAssetLoaderServi - Loading from file system: file:/E:/space_java/Game/game_datbom/target/classes/assets/textures/character/gold_player_up.png
01:28:16.544 [FXGL Background Thread 2 ] DEBUG FXGLAssetLoaderServi - Loading from file system: file:/E:/space_java/Game/game_datbom/target/classes/assets/textures/character/gold_player_left_temp.png
01:28:16.546 [FXGL Background Thread 2 ] DEBUG FXGLAssetLoaderServi - Loading from file system: file:/E:/space_java/Game/game_datbom/target/classes/assets/textures/character/gold_player_right_temp.png
01:28:16.557 [FXGL Background Thread 2 ] INFO  FXGLApplication      - Game initialization took: 0.408 sec
01:28:16.561 [JavaFX Application Thread] DEBUG Input                - Clearing active input actions
01:28:16.579 [JavaFX Application Thread] DEBUG GameApplicationServi - Removing overlay from FXGLLoadingScene and adding to GameScene
01:28:16.581 [JavaFX Application Thread] DEBUG PrimaryStageWindow   - FXGLLoadingScene -> GameScene
01:28:17.328 [JavaFX Application Thread] DEBUG PrimaryStageWindow   - Push state: GameMenu
01:28:17.329 [JavaFX Application Thread] DEBUG Input                - Clearing active input actions
01:28:17.329 [JavaFX Application Thread] DEBUG GameApplicationServi - Removing overlay from GameScene and adding to GameMenu
01:28:17.330 [JavaFX Application Thread] DEBUG PrimaryStageWindow   - GameScene -> GameMenu
01:28:17.803 [FXGL Background Thread 3 ] DEBUG Engine               - Logging environment variables
01:28:17.804 [FXGL Background Thread 3 ] DEBUG Engine               - achievements: []
01:28:17.805 [FXGL Background Thread 3 ] DEBUG Engine               - actualHeight: 720.0
01:28:17.805 [FXGL Background Thread 3 ] DEBUG Engine               - actualHeightProperty: ReadOnlyDoubleProperty [value: 720.0]
01:28:17.805 [FXGL Background Thread 3 ] DEBUG Engine               - actualWidth: 1280.0
01:28:17.806 [FXGL Background Thread 3 ] DEBUG Engine               - actualWidthProperty: ReadOnlyDoubleProperty [value: 1280.0]
01:28:17.806 [FXGL Background Thread 3 ] DEBUG Engine               - appIcon: icon/icon.png
01:28:17.806 [FXGL Background Thread 3 ] DEBUG Engine               - applicationMode: DEVELOPER
01:28:17.806 [FXGL Background Thread 3 ] DEBUG Engine               - cSSList: [fxgl_dark.css]
01:28:17.807 [FXGL Background Thread 3 ] DEBUG Engine               - collisionDetectionStrategy: BRUTE_FORCE
01:28:17.807 [FXGL Background Thread 3 ] DEBUG Engine               - configClass: Optional.empty
01:28:17.807 [FXGL Background Thread 3 ] DEBUG Engine               - credits: []
01:28:17.809 [FXGL Background Thread 3 ] DEBUG Engine               - defaultCursor: CursorInfo(imageName=cursor/cursor1.png, hotspotX=0.0, hotspotY=0.0)
01:28:17.810 [FXGL Background Thread 3 ] DEBUG Engine               - devBBoxColorProperty: ObjectProperty [value: 0xff0000ff]
01:28:17.810 [FXGL Background Thread 3 ] DEBUG Engine               - devEnableDebugCameraProperty: BooleanProperty [value: false]
01:28:17.811 [FXGL Background Thread 3 ] DEBUG Engine               - devSensorColorProperty: ObjectProperty [value: 0xffff00ff]
01:28:17.811 [FXGL Background Thread 3 ] DEBUG Engine               - devShowBBoxProperty: BooleanProperty [value: false]
01:28:17.811 [FXGL Background Thread 3 ] DEBUG Engine               - devShowPositionProperty: BooleanProperty [value: false]
01:28:17.811 [FXGL Background Thread 3 ] DEBUG Engine               - enabledMenuItems: []
01:28:17.811 [FXGL Background Thread 3 ] DEBUG Engine               - engineServices: [class com.almasb.fxgl.app.services.FXGLAssetLoaderService, class com.almasb.fxgl.app.FXGLApplication$GameApplicationService, class com.almasb.fxgl.app.services.FXGLDialogService, class com.almasb.fxgl.app.services.IOTaskExecutorService, class com.almasb.fxgl.io.FileSystemService, class com.almasb.fxgl.localization.LocalizationService, class com.almasb.fxgl.app.services.SystemBundleService, class com.almasb.fxgl.profile.SaveLoadService, class com.almasb.fxgl.ui.FXGLUIFactoryServiceProvider, class com.almasb.fxgl.ui.FXGLDialogFactoryServiceProvider, class com.almasb.fxgl.audio.AudioPlayer, class com.almasb.fxgl.notification.impl.NotificationServiceProvider, class com.almasb.fxgl.achievement.AchievementService, class com.almasb.fxgl.cutscene.CutsceneService, class com.almasb.fxgl.minigames.MiniGameService, class com.almasb.fxgl.net.NetService, class com.almasb.fxgl.app.services.UpdaterService, class com.almasb.fxgl.dev.DevService]
01:28:17.812 [FXGL Background Thread 3 ] DEBUG Engine               - fontGame: Abel-Regular.ttf
01:28:17.812 [FXGL Background Thread 3 ] DEBUG Engine               - fontMono: TerminalLandMono-Regular.otf
01:28:17.812 [FXGL Background Thread 3 ] DEBUG Engine               - fontText: Courier-Prime.ttf
01:28:17.812 [FXGL Background Thread 3 ] DEBUG Engine               - fontUI: VarelaRound-Regular.ttf
01:28:17.812 [FXGL Background Thread 3 ] DEBUG Engine               - fullScreen: BooleanProperty [value: false]
01:28:17.812 [FXGL Background Thread 3 ] DEBUG Engine               - gameDifficulty: MEDIUM
01:28:17.813 [FXGL Background Thread 3 ] DEBUG Engine               - gameDifficultyProperty: ObjectProperty [value: MEDIUM]
01:28:17.813 [FXGL Background Thread 3 ] DEBUG Engine               - globalMusicVolume: 0.5
01:28:17.813 [FXGL Background Thread 3 ] DEBUG Engine               - globalMusicVolumeProperty: DoubleProperty [value: 0.5]
01:28:17.813 [FXGL Background Thread 3 ] DEBUG Engine               - globalSoundVolume: 0.5
01:28:17.814 [FXGL Background Thread 3 ] DEBUG Engine               - globalSoundVolumeProperty: DoubleProperty [value: 0.5]
01:28:17.814 [FXGL Background Thread 3 ] DEBUG Engine               - height: 720
01:28:17.814 [FXGL Background Thread 3 ] DEBUG Engine               - is3D: false
01:28:17.814 [FXGL Background Thread 3 ] DEBUG Engine               - isAndroid: false
01:28:17.814 [FXGL Background Thread 3 ] DEBUG Engine               - isBrowser: false
01:28:17.814 [FXGL Background Thread 3 ] DEBUG Engine               - isClickFeedbackEnabled: false
01:28:17.814 [FXGL Background Thread 3 ] DEBUG Engine               - isCloseConfirmation: false
01:28:17.815 [FXGL Background Thread 3 ] DEBUG Engine               - isDesktop: true
01:28:17.815 [FXGL Background Thread 3 ] DEBUG Engine               - isDeveloperMenuEnabled: true
01:28:17.815 [FXGL Background Thread 3 ] DEBUG Engine               - isEmbedded: false
01:28:17.815 [FXGL Background Thread 3 ] DEBUG Engine               - isEntityPreloadEnabled: true
01:28:17.815 [FXGL Background Thread 3 ] DEBUG Engine               - isExperimentalTiledLargeMap: false
01:28:17.815 [FXGL Background Thread 3 ] DEBUG Engine               - isFileSystemWriteAllowed: true
01:28:17.815 [FXGL Background Thread 3 ] DEBUG Engine               - isFullScreenAllowed: false
01:28:17.816 [FXGL Background Thread 3 ] DEBUG Engine               - isFullScreenFromStart: false
01:28:17.816 [FXGL Background Thread 3 ] DEBUG Engine               - isGameMenuEnabled: true
01:28:17.816 [FXGL Background Thread 3 ] DEBUG Engine               - isIOS: false
01:28:17.816 [FXGL Background Thread 3 ] DEBUG Engine               - isIntroEnabled: false
01:28:17.816 [FXGL Background Thread 3 ] DEBUG Engine               - isLinux: false
01:28:17.816 [FXGL Background Thread 3 ] DEBUG Engine               - isMac: false
01:28:17.817 [FXGL Background Thread 3 ] DEBUG Engine               - isMainMenuEnabled: true
01:28:17.817 [FXGL Background Thread 3 ] DEBUG Engine               - isManualResizeEnabled: false
01:28:17.817 [FXGL Background Thread 3 ] DEBUG Engine               - isMobile: false
01:28:17.817 [FXGL Background Thread 3 ] DEBUG Engine               - isNative: false
01:28:17.817 [FXGL Background Thread 3 ] DEBUG Engine               - isPauseMusicWhenMinimized: true
01:28:17.817 [FXGL Background Thread 3 ] DEBUG Engine               - isPreserveResizeRatio: false
01:28:17.817 [FXGL Background Thread 3 ] DEBUG Engine               - isProfilingEnabled: false
01:28:17.818 [FXGL Background Thread 3 ] DEBUG Engine               - isScaleAffectedOnResize: true
01:28:17.818 [FXGL Background Thread 3 ] DEBUG Engine               - isSingleStep: false
01:28:17.818 [FXGL Background Thread 3 ] DEBUG Engine               - isUserProfileEnabled: false
01:28:17.818 [FXGL Background Thread 3 ] DEBUG Engine               - isWindows: true
01:28:17.818 [FXGL Background Thread 3 ] DEBUG Engine               - language: ObjectProperty [value: ENGLISH]
01:28:17.818 [FXGL Background Thread 3 ] DEBUG Engine               - menuKey: ESCAPE
01:28:17.818 [FXGL Background Thread 3 ] DEBUG Engine               - mouseSensitivity: 0.2
01:28:17.819 [FXGL Background Thread 3 ] DEBUG Engine               - notificationViewClass: class com.almasb.fxgl.notification.view.XboxNotificationView
01:28:17.819 [FXGL Background Thread 3 ] DEBUG Engine               - pixelsPerMeter: 50.0
01:28:17.819 [FXGL Background Thread 3 ] DEBUG Engine               - platform: WINDOWS
01:28:17.819 [FXGL Background Thread 3 ] DEBUG Engine               - prefHeightProperty: ReadOnlyDoubleProperty [value: 720.0]
01:28:17.819 [FXGL Background Thread 3 ] DEBUG Engine               - prefWidthProperty: ReadOnlyDoubleProperty [value: 1280.0]
01:28:17.819 [FXGL Background Thread 3 ] DEBUG Engine               - profileDir: profiles/
01:28:17.819 [FXGL Background Thread 3 ] DEBUG Engine               - profileName: StringProperty [value: DEFAULT]
01:28:17.819 [FXGL Background Thread 3 ] DEBUG Engine               - randomSeed: -1
01:28:17.820 [FXGL Background Thread 3 ] DEBUG Engine               - runtimeInfo: RuntimeInfo(platform=WINDOWS, version=17.1, build=24.03.2022 17.34)
01:28:17.820 [FXGL Background Thread 3 ] DEBUG Engine               - saveFileExt: sav
01:28:17.820 [FXGL Background Thread 3 ] DEBUG Engine               - scaledHeightProp$fxgl: DoubleProperty [bound, value: 720.0]
01:28:17.820 [FXGL Background Thread 3 ] DEBUG Engine               - scaledWidthProp$fxgl: DoubleProperty [bound, value: 1280.0]
01:28:17.820 [FXGL Background Thread 3 ] DEBUG Engine               - sceneFactory: hellofx.Main$1@61d07ad9
01:28:17.821 [FXGL Background Thread 3 ] DEBUG Engine               - secondsIn24h: 60
01:28:17.821 [FXGL Background Thread 3 ] DEBUG Engine               - soundMenuBack: menu/back.wav
01:28:17.821 [FXGL Background Thread 3 ] DEBUG Engine               - soundMenuPress: menu/press.wav
01:28:17.821 [FXGL Background Thread 3 ] DEBUG Engine               - soundMenuSelect: menu/select.wav
01:28:17.821 [FXGL Background Thread 3 ] DEBUG Engine               - soundNotification: core/notification.wav
01:28:17.821 [FXGL Background Thread 3 ] DEBUG Engine               - stageStyle: DECORATED
01:28:17.821 [FXGL Background Thread 3 ] DEBUG Engine               - supportedLanguages: [ENGLISH, FRENCH, GERMAN, HUNGARIAN, RUSSIAN]
01:28:17.821 [FXGL Background Thread 3 ] DEBUG Engine               - ticksPerSecond: -1
01:28:17.821 [FXGL Background Thread 3 ] DEBUG Engine               - title: Bomberman
01:28:17.821 [FXGL Background Thread 3 ] DEBUG Engine               - urlGithub: https://github.com/AlmasB/FXGL
01:28:17.821 [FXGL Background Thread 3 ] DEBUG Engine               - urlLeaderboard: http://fxgl-top.herokuapp.com/
01:28:17.822 [FXGL Background Thread 3 ] DEBUG Engine               - urlPOM: https://raw.githubusercontent.com/AlmasB/FXGL/release/README.md
01:28:17.822 [FXGL Background Thread 3 ] DEBUG Engine               - userAppClass: class hellofx.Main
01:28:17.822 [FXGL Background Thread 3 ] DEBUG Engine               - version: 1.0
01:28:17.822 [FXGL Background Thread 3 ] DEBUG Engine               - versionCheckDays: 7
01:28:17.822 [FXGL Background Thread 3 ] DEBUG Engine               - width: 1280
01:28:17.822 [FXGL Background Thread 3 ] DEBUG Engine               - Logging services
01:28:17.822 [FXGL Background Thread 3 ] DEBUG Engine               - class com.almasb.fxgl.app.services.FXGLAssetLoaderService
01:28:17.822 [FXGL Background Thread 3 ] DEBUG Engine               - class com.almasb.fxgl.app.FXGLApplication$GameApplicationService
01:28:17.822 [FXGL Background Thread 3 ] DEBUG Engine               - class com.almasb.fxgl.app.services.FXGLDialogService
01:28:17.823 [FXGL Background Thread 3 ] DEBUG Engine               - class com.almasb.fxgl.app.services.IOTaskExecutorService
01:28:17.823 [FXGL Background Thread 3 ] DEBUG Engine               - class com.almasb.fxgl.io.FileSystemService
01:28:17.823 [FXGL Background Thread 3 ] DEBUG Engine               - class com.almasb.fxgl.localization.LocalizationService
01:28:17.823 [FXGL Background Thread 3 ] DEBUG Engine               - class com.almasb.fxgl.app.services.SystemBundleService
01:28:17.823 [FXGL Background Thread 3 ] DEBUG Engine               - class com.almasb.fxgl.profile.SaveLoadService
01:28:17.823 [FXGL Background Thread 3 ] DEBUG Engine               - class com.almasb.fxgl.ui.FXGLUIFactoryServiceProvider
01:28:17.823 [FXGL Background Thread 3 ] DEBUG Engine               - class com.almasb.fxgl.ui.FXGLDialogFactoryServiceProvider
01:28:17.823 [FXGL Background Thread 3 ] DEBUG Engine               - class com.almasb.fxgl.audio.AudioPlayer
01:28:17.823 [FXGL Background Thread 3 ] DEBUG Engine               - class com.almasb.fxgl.notification.impl.NotificationServiceProvider
01:28:17.823 [FXGL Background Thread 3 ] DEBUG Engine               - class com.almasb.fxgl.achievement.AchievementService
01:28:17.823 [FXGL Background Thread 3 ] DEBUG Engine               - class com.almasb.fxgl.cutscene.CutsceneService
01:28:17.823 [FXGL Background Thread 3 ] DEBUG Engine               - class com.almasb.fxgl.minigames.MiniGameService
01:28:17.823 [FXGL Background Thread 3 ] DEBUG Engine               - class com.almasb.fxgl.net.NetService
01:28:17.823 [FXGL Background Thread 3 ] DEBUG Engine               - class com.almasb.fxgl.app.services.UpdaterService
01:28:17.824 [FXGL Background Thread 3 ] DEBUG Engine               - class com.almasb.fxgl.dev.DevService
01:28:28.955 [JavaFX Application Thread] DEBUG Menu                 - fireResume()
01:28:28.955 [JavaFX Application Thread] DEBUG PrimaryStageWindow   - Pop state: GameMenu
01:28:28.955 [JavaFX Application Thread] DEBUG Input                - Clearing active input actions
01:28:28.956 [JavaFX Application Thread] DEBUG GameApplicationServi - Removing overlay from GameMenu and adding to GameScene
01:28:28.961 [JavaFX Application Thread] DEBUG PrimaryStageWindow   - GameScene <- GameMenu
01:28:29.828 [JavaFX Application Thread] DEBUG PrimaryStageWindow   - Push state: GameMenu
01:28:29.828 [JavaFX Application Thread] DEBUG Input                - Clearing active input actions
01:28:29.828 [JavaFX Application Thread] DEBUG GameApplicationServi - Removing overlay from GameScene and adding to GameMenu
01:28:29.829 [JavaFX Application Thread] DEBUG PrimaryStageWindow   - GameScene -> GameMenu
01:28:32.411 [JavaFX Application Thread] DEBUG PrimaryStageWindow   - Pop state: GameMenu
01:28:32.412 [JavaFX Application Thread] DEBUG Input                - Clearing active input actions
01:28:32.413 [JavaFX Application Thread] DEBUG GameApplicationServi - Removing overlay from GameMenu and adding to GameScene
01:28:32.414 [JavaFX Application Thread] DEBUG PrimaryStageWindow   - GameScene <- GameMenu
01:28:33.385 [JavaFX Application Thread] DEBUG PrimaryStageWindow   - Push state: GameMenu
01:28:33.386 [JavaFX Application Thread] DEBUG Input                - Clearing active input actions
01:28:33.386 [JavaFX Application Thread] DEBUG GameApplicationServi - Removing overlay from GameScene and adding to GameMenu
01:28:33.387 [JavaFX Application Thread] DEBUG PrimaryStageWindow   - GameScene -> GameMenu
01:28:37.229 [JavaFX Application Thread] DEBUG PrimaryStageWindow   - Pop state: GameMenu
01:28:37.229 [JavaFX Application Thread] DEBUG Input                - Clearing active input actions
01:28:37.230 [JavaFX Application Thread] DEBUG GameApplicationServi - Removing overlay from GameMenu and adding to GameScene
01:28:37.231 [JavaFX Application Thread] DEBUG PrimaryStageWindow   - GameScene <- GameMenu
01:28:38.095 [JavaFX Application Thread] DEBUG PrimaryStageWindow   - Push state: GameMenu
01:28:38.095 [JavaFX Application Thread] DEBUG Input                - Clearing active input actions
01:28:38.096 [JavaFX Application Thread] DEBUG GameApplicationServi - Removing overlay from GameScene and adding to GameMenu
01:28:38.097 [JavaFX Application Thread] DEBUG PrimaryStageWindow   - GameScene -> GameMenu
01:28:43.477 [JavaFX Application Thread] DEBUG PrimaryStageWindow   - Pop state: GameMenu
01:28:43.478 [JavaFX Application Thread] DEBUG Input                - Clearing active input actions
01:28:43.478 [JavaFX Application Thread] DEBUG GameApplicationServi - Removing overlay from GameMenu and adding to GameScene
01:28:43.479 [JavaFX Application Thread] DEBUG PrimaryStageWindow   - GameScene <- GameMenu
01:28:45.227 [JavaFX Application Thread] DEBUG PrimaryStageWindow   - Push state: GameMenu
01:28:45.228 [JavaFX Application Thread] DEBUG Input                - Clearing active input actions
01:28:45.228 [JavaFX Application Thread] DEBUG GameApplicationServi - Removing overlay from GameScene and adding to GameMenu
01:28:45.228 [JavaFX Application Thread] DEBUG PrimaryStageWindow   - GameScene -> GameMenu
01:28:48.928 [JavaFX Application Thread] DEBUG PrimaryStageWindow   - Pop state: GameMenu
01:28:48.928 [JavaFX Application Thread] DEBUG Input                - Clearing active input actions
01:28:48.928 [JavaFX Application Thread] DEBUG GameApplicationServi - Removing overlay from GameMenu and adding to GameScene
01:28:48.929 [JavaFX Application Thread] DEBUG PrimaryStageWindow   - GameScene <- GameMenu
01:28:51.128 [JavaFX Application Thread] DEBUG PrimaryStageWindow   - Push state: GameMenu
01:28:51.129 [JavaFX Application Thread] DEBUG Input                - Clearing active input actions
01:28:51.129 [JavaFX Application Thread] DEBUG GameApplicationServi - Removing overlay from GameScene and adding to GameMenu
01:28:51.130 [JavaFX Application Thread] DEBUG PrimaryStageWindow   - GameScene -> GameMenu
01:28:54.542 [JavaFX Application Thread] DEBUG PrimaryStageWindow   - Pop state: GameMenu
01:28:54.542 [JavaFX Application Thread] DEBUG Input                - Clearing active input actions
01:28:54.543 [JavaFX Application Thread] DEBUG GameApplicationServi - Removing overlay from GameMenu and adding to GameScene
01:28:54.543 [JavaFX Application Thread] DEBUG PrimaryStageWindow   - GameScene <- GameMenu
01:28:55.162 [JavaFX Application Thread] DEBUG PrimaryStageWindow   - Push state: GameMenu
01:28:55.162 [JavaFX Application Thread] DEBUG Input                - Clearing active input actions
01:28:55.163 [JavaFX Application Thread] DEBUG GameApplicationServi - Removing overlay from GameScene and adding to GameMenu
01:28:55.163 [JavaFX Application Thread] DEBUG PrimaryStageWindow   - GameScene -> GameMenu
01:28:57.116 [JavaFX Application Thread] DEBUG PrimaryStageWindow   - Pop state: GameMenu
01:28:57.116 [JavaFX Application Thread] DEBUG Input                - Clearing active input actions
01:28:57.116 [JavaFX Application Thread] DEBUG GameApplicationServi - Removing overlay from GameMenu and adding to GameScene
01:28:57.117 [JavaFX Application Thread] DEBUG PrimaryStageWindow   - GameScene <- GameMenu
01:28:57.676 [JavaFX Application Thread] DEBUG PrimaryStageWindow   - Push state: GameMenu
01:28:57.676 [JavaFX Application Thread] DEBUG Input                - Clearing active input actions
01:28:57.676 [JavaFX Application Thread] DEBUG GameApplicationServi - Removing overlay from GameScene and adding to GameMenu
01:28:57.678 [JavaFX Application Thread] DEBUG PrimaryStageWindow   - GameScene -> GameMenu
01:29:01.716 [JavaFX Application Thread] DEBUG PrimaryStageWindow   - Pop state: GameMenu
01:29:01.716 [JavaFX Application Thread] DEBUG Input                - Clearing active input actions
01:29:01.716 [JavaFX Application Thread] DEBUG GameApplicationServi - Removing overlay from GameMenu and adding to GameScene
01:29:01.717 [JavaFX Application Thread] DEBUG PrimaryStageWindow   - GameScene <- GameMenu
01:29:02.083 [JavaFX Application Thread] DEBUG PrimaryStageWindow   - Push state: GameMenu
01:29:02.084 [JavaFX Application Thread] DEBUG Input                - Clearing active input actions
01:29:02.084 [JavaFX Application Thread] DEBUG GameApplicationServi - Removing overlay from GameScene and adding to GameMenu
01:29:02.085 [JavaFX Application Thread] DEBUG PrimaryStageWindow   - GameScene -> GameMenu
01:29:12.639 [JavaFX Application Thread] DEBUG PrimaryStageWindow   - Pop state: GameMenu
01:29:12.639 [JavaFX Application Thread] DEBUG Input                - Clearing active input actions
01:29:12.640 [JavaFX Application Thread] DEBUG GameApplicationServi - Removing overlay from GameMenu and adding to GameScene
01:29:12.641 [JavaFX Application Thread] DEBUG PrimaryStageWindow   - GameScene <- GameMenu
01:29:12.653 [JavaFX Application Thread] DEBUG Input                - Clearing active input actions
01:29:12.666 [JavaFX Application Thread] DEBUG GameApplicationServi - Removing overlay from GameScene and adding to FXGLMainMenuDummyScene
01:29:12.666 [JavaFX Application Thread] DEBUG PrimaryStageWindow   - GameScene -> FXGLMainMenuDummyScene
01:29:12.666 [JavaFX Application Thread] DEBUG PrimaryStageWindow   - Push state: MainMenu
01:29:12.667 [JavaFX Application Thread] DEBUG Input                - Clearing active input actions
01:29:12.667 [JavaFX Application Thread] DEBUG GameApplicationServi - Removing overlay from FXGLMainMenuDummyScene and adding to MainMenu
01:29:12.672 [JavaFX Application Thread] DEBUG PrimaryStageWindow   - FXGLMainMenuDummyScene -> MainMenu
01:29:17.215 [JavaFX Application Thread] DEBUG Menu                 - fireNewGame()
01:29:17.215 [JavaFX Application Thread] DEBUG GameApplicationServi - Starting new game
01:29:17.215 [JavaFX Application Thread] DEBUG PrimaryStageWindow   - Pop state: MainMenu
01:29:17.215 [JavaFX Application Thread] DEBUG Input                - Clearing active input actions
01:29:17.215 [JavaFX Application Thread] DEBUG GameApplicationServi - Removing overlay from MainMenu and adding to FXGLMainMenuDummyScene
01:29:17.217 [JavaFX Application Thread] DEBUG PrimaryStageWindow   - FXGLMainMenuDummyScene <- MainMenu
01:29:17.217 [JavaFX Application Thread] DEBUG Input                - Clearing active input actions
01:29:17.221 [JavaFX Application Thread] DEBUG GameApplicationServi - Removing overlay from FXGLMainMenuDummyScene and adding to FXGLLoadingScene
01:29:17.221 [JavaFX Application Thread] DEBUG PrimaryStageWindow   - FXGLMainMenuDummyScene -> FXGLLoadingScene
01:29:17.221 [JavaFX Application Thread] DEBUG GameApplicationServi - Clearing previous game
01:29:17.221 [JavaFX Application Thread] DEBUG GameScene            - Clearing game scene
01:29:17.221 [JavaFX Application Thread] DEBUG GameWorld            - Clearing game world
01:29:17.245 [JavaFX Application Thread] DEBUG PhysicsWorld         - Clearing physics world
01:29:17.246 [FXGL Background Thread 5 ] DEBUG FXGLApplication      - Initializing game
01:29:17.358 [FXGL Background Thread 5 ] INFO  FXGLApplication      - Game initialization took: 0.112 sec
01:29:17.363 [JavaFX Application Thread] DEBUG Input                - Clearing active input actions
01:29:17.371 [JavaFX Application Thread] DEBUG GameApplicationServi - Removing overlay from FXGLLoadingScene and adding to GameScene
01:29:17.373 [JavaFX Application Thread] DEBUG PrimaryStageWindow   - FXGLLoadingScene -> GameScene
01:29:22.646 [JavaFX Application Thread] DEBUG PrimaryStageWindow   - Push state: GameMenu
01:29:22.647 [JavaFX Application Thread] DEBUG Input                - Clearing active input actions
01:29:22.647 [JavaFX Application Thread] DEBUG GameApplicationServi - Removing overlay from GameScene and adding to GameMenu
01:29:22.654 [JavaFX Application Thread] DEBUG PrimaryStageWindow   - GameScene -> GameMenu
01:29:35.296 [JavaFX Application Thread] DEBUG FXGLApplication      - Exiting FXGL
01:29:35.296 [JavaFX Application Thread] DEBUG LoopRunner           - Stopping loop
01:29:35.297 [JavaFX Application Thread] DEBUG SystemBundleService  - Saving FXGL system data
01:29:35.298 [JavaFX Application Thread] DEBUG FileSystemAccess     - Writing to: E:\space_java\Game\game_datbom\system\fxgl.bundle
01:29:35.301 [JavaFX Application Thread] DEBUG Async                - Shutting down background threads
01:29:35.301 [JavaFX Application Thread] DEBUG PrimaryStageWindow   - Closing main window
01:29:35.309 [JavaFX Application Thread] DEBUG Logger               - Closing Logger
