17:44:11.950 [main                     ] DEBUG Logger               - Configured Logger
17:44:11.964 [main                     ] DEBUG GameApplication      - Logging settings
Title: Bomberman
Version: 1.0
Width: 1280
Height: 720
Fullscreen: false
Intro: false
Profiling: false
Single step:false
App Mode: DEVELOPER
Menu Key: ESCAPE
Stage Style: DECORATED
Scene Factory: class hellofx.Main$1

17:44:12.065 [JavaFX Application Thread] DEBUG FXGLApplication      - Initializing FXGL
17:44:12.071 [JavaFX Application Thread] INFO  Engine               - FXGL-17.1 (24.03.2022 17.34) on WINDOWS (J:18.0.2.1 FX:18)
17:44:12.071 [JavaFX Application Thread] DEBUG Engine               - JRE Vendor Name: Oracle Corporation
17:44:12.072 [JavaFX Application Thread] DEBUG Engine               - Running on OS: Windows 11 version 10.0
17:44:12.072 [JavaFX Application Thread] DEBUG Engine               - Architecture: amd64
17:44:12.072 [JavaFX Application Thread] INFO  Engine               - Source code and latest versions at: https://github.com/AlmasB/FXGL
17:44:12.072 [JavaFX Application Thread] INFO  Engine               -       Ask questions and discuss at: https://github.com/AlmasB/FXGL/discussions
17:44:12.072 [JavaFX Application Thread] INFO  Engine               -              Join the FXGL chat at: https://gitter.im/AlmasB/FXGL
17:44:12.121 [JavaFX Application Thread] DEBUG PrimaryStageWindow   - Creating a JavaFX scene
17:44:12.164 [JavaFX Application Thread] DEBUG PrimaryStageWindow   - Target settings size: 1280.0 x 720.0
17:44:12.165 [JavaFX Application Thread] DEBUG PrimaryStageWindow   - Scaled scene size:    1280.0 x 720.0
17:44:12.165 [JavaFX Application Thread] DEBUG PrimaryStageWindow   - Scaled ratio: (1.0, 1.0)
17:44:12.166 [JavaFX Application Thread] DEBUG PrimaryStageWindow   - Set initial scene to FXGLStartupScene
17:44:12.174 [JavaFX Application Thread] DEBUG PrimaryStageWindow   - Opening main window
17:44:12.256 [JavaFX Application Thread] DEBUG PrimaryStageWindow   - Window border size: (16.0, 39.0)
17:44:12.256 [JavaFX Application Thread] DEBUG PrimaryStageWindow   - Scaled size: 1280.0 x 720.0
17:44:12.257 [JavaFX Application Thread] DEBUG PrimaryStageWindow   - Scaled ratio: (1.0, 1.0)
17:44:12.258 [JavaFX Application Thread] DEBUG PrimaryStageWindow   - Scene size: 1280.0 x 720.0
17:44:12.258 [JavaFX Application Thread] DEBUG PrimaryStageWindow   - Stage size: 1296.0 x 759.0
17:44:12.266 [FXGL Background Thread 1 ] DEBUG Engine               - Initializing environment variables
17:44:12.337 [FXGL Background Thread 1 ] DEBUG FXGLAssetLoaderServi - User app class for loading assets: class hellofx.Main
17:44:12.337 [FXGL Background Thread 1 ] DEBUG GameApplicationServi - Applying CSS: fxgl_dark.css
17:44:12.339 [FXGL Background Thread 1 ] DEBUG FXGLAssetLoaderServi - Loading from file system: jar:file:/C:/Users/chaum/.m2/repository/com/github/almasb/fxgl/17.1/fxgl-17.1.jar!/fxglassets/ui/css/fxgl_dark.css
17:44:12.384 [FXGL Background Thread 1 ] DEBUG GameApplicationServi - Initializing application scenes
17:44:12.423 [FXGL Background Thread 1 ] DEBUG GameWorld            - Game world initialized
17:44:12.468 [FXGL Background Thread 1 ] DEBUG PhysicsWorld         - Physics world initialized: appHeight=720, physics.ppm=50.0
17:44:12.468 [FXGL Background Thread 1 ] DEBUG PhysicsWorld         - Using strategy: BRUTE_FORCE
17:44:12.472 [FXGL Background Thread 1 ] DEBUG GameScene            - Game scene initialized: 1280x720
17:44:12.540 [FXGL Background Thread 1 ] DEBUG GameApplicationServi - Application scenes initialized
17:44:12.559 [FXGL Background Thread 1 ] DEBUG SystemBundleService  - Loading FXGL system data
17:44:12.564 [FXGL Background Thread 1 ] DEBUG FileSystemAccess     - Reading from: E:\space_java\Game\game_datbom\system\fxgl.bundle
17:44:12.580 [FXGL Background Thread 1 ] DEBUG SystemBundleService  - Bundle FXGL: {}
17:44:12.580 [FXGL Background Thread 1 ] DEBUG UpdaterService       - Checking for updates
17:44:12.619 [FXGL Background Thread 4 ] DEBUG FXGLApplication      - Loading fonts
17:44:12.619 [FXGL Background Thread 1 ] DEBUG FXGLApplication      - Loading default localization
17:44:12.619 [FXGL Background Thread 4 ] DEBUG FXGLAssetLoaderServi - Loading from file system: jar:file:/C:/Users/chaum/.m2/repository/com/github/almasb/fxgl/17.1/fxgl-17.1.jar!/fxglassets/ui/fonts/VarelaRound-Regular.ttf
17:44:12.620 [FXGL Background Thread 1 ] DEBUG FXGLAssetLoaderServi - Loading from file system: jar:file:/C:/Users/chaum/.m2/repository/com/github/almasb/fxgl/17.1/fxgl-17.1.jar!/fxglassets/languages/english.lang
17:44:12.645 [FXGL Background Thread 1 ] INFO  FXGLApplication      - FXGL initialization took: 0.378 sec
17:44:12.658 [JavaFX Application Thread] DEBUG Input                - Registered new binding: action0 - F
17:44:12.659 [JavaFX Application Thread] DEBUG Input                - Registered new binding: action1 - G
17:44:12.659 [JavaFX Application Thread] DEBUG Input                - Registered new binding: action2 - R
17:44:12.659 [JavaFX Application Thread] DEBUG Input                - Registered new binding: action3 - T
17:44:12.660 [JavaFX Application Thread] DEBUG Input                - Registered new binding: Right - D
17:44:12.660 [JavaFX Application Thread] DEBUG Input                - Registered new binding: Left - A
17:44:12.660 [JavaFX Application Thread] DEBUG Input                - Registered new binding: Up - W
17:44:12.660 [JavaFX Application Thread] DEBUG Input                - Registered new binding: Down - S
17:44:12.660 [JavaFX Application Thread] DEBUG Input                - Registered new binding: Place boom - Space
17:44:12.660 [JavaFX Application Thread] DEBUG FXGLAssetLoaderServi - Loading from file system: file:/E:/space_java/Game/game_datbom/target/classes/assets/textures/icon/icon.png
17:44:12.709 [FXGL Background Thread 4 ] DEBUG FXGLAssetLoaderServi - Loading from file system: jar:file:/C:/Users/chaum/.m2/repository/com/github/almasb/fxgl/17.1/fxgl-17.1.jar!/fxglassets/ui/fonts/Abel-Regular.ttf
17:44:12.714 [FXGL Background Thread 4 ] DEBUG FXGLAssetLoaderServi - Loading from file system: jar:file:/C:/Users/chaum/.m2/repository/com/github/almasb/fxgl/17.1/fxgl-17.1.jar!/fxglassets/ui/fonts/TerminalLandMono-Regular.otf
17:44:12.718 [FXGL Background Thread 4 ] DEBUG FXGLAssetLoaderServi - Loading from file system: jar:file:/C:/Users/chaum/.m2/repository/com/github/almasb/fxgl/17.1/fxgl-17.1.jar!/fxglassets/ui/fonts/Courier-Prime.ttf
17:44:12.735 [JavaFX Application Thread] DEBUG FXGLAssetLoaderServi - Loading from file system: file:/E:/space_java/Game/game_datbom/target/classes/assets/textures/cursor/cursor1.png
17:44:12.746 [JavaFX Application Thread] DEBUG Input                - Registered new binding: Screenshot - CTRL+8
17:44:12.746 [JavaFX Application Thread] DEBUG Input                - Registered new binding: Dev Options - 1
17:44:12.747 [JavaFX Application Thread] DEBUG Input                - Registered new binding: Dev Console - 2
17:44:12.747 [JavaFX Application Thread] DEBUG Input                - Registered new binding: System info dump - CTRL+9
17:44:12.748 [JavaFX Application Thread] DEBUG Input                - Registered new binding: Restart - CTRL+R
17:44:12.749 [JavaFX Application Thread] DEBUG Input                - Registered new binding: Toggle Debug Camera - CTRL+7
17:44:12.752 [JavaFX Application Thread] DEBUG LoopRunner           - Starting loop
17:44:12.767 [JavaFX Application Thread] DEBUG LoopRunner           - Initializing JavaFX AnimationTimerLoop
17:44:12.770 [JavaFX Application Thread] DEBUG Input                - Clearing active input actions
17:44:12.775 [JavaFX Application Thread] DEBUG GameApplicationServi - Removing overlay from FXGLStartupScene and adding to FXGLMainMenuDummyScene
17:44:12.779 [JavaFX Application Thread] DEBUG PrimaryStageWindow   - FXGLStartupScene -> FXGLMainMenuDummyScene
17:44:12.779 [JavaFX Application Thread] DEBUG PrimaryStageWindow   - Push state: MainMenu
17:44:12.779 [JavaFX Application Thread] DEBUG Input                - Clearing active input actions
17:44:12.782 [JavaFX Application Thread] DEBUG GameApplicationServi - Removing overlay from FXGLMainMenuDummyScene and adding to MainMenu
17:44:12.783 [JavaFX Application Thread] DEBUG PrimaryStageWindow   - FXGLMainMenuDummyScene -> MainMenu
17:44:12.792 [JavaFX Application Thread] DEBUG FXGLApplication      - Registering font factories with UI factory
17:44:13.192 [FXGL Background Thread 2 ] INFO  UpdaterService       - Your current version:  17.1
17:44:13.193 [FXGL Background Thread 2 ] INFO  UpdaterService       - Latest stable version: 17.2
17:44:13.927 [JavaFX Application Thread] DEBUG Menu                 - fireNewGame()
17:44:13.928 [JavaFX Application Thread] DEBUG GameApplicationServi - Starting new game
17:44:13.928 [JavaFX Application Thread] DEBUG PrimaryStageWindow   - Pop state: MainMenu
17:44:13.928 [JavaFX Application Thread] DEBUG Input                - Clearing active input actions
17:44:13.929 [JavaFX Application Thread] DEBUG GameApplicationServi - Removing overlay from MainMenu and adding to FXGLMainMenuDummyScene
17:44:13.931 [JavaFX Application Thread] DEBUG PrimaryStageWindow   - FXGLMainMenuDummyScene <- MainMenu
17:44:13.932 [JavaFX Application Thread] DEBUG Input                - Clearing active input actions
17:44:13.937 [JavaFX Application Thread] DEBUG GameApplicationServi - Removing overlay from FXGLMainMenuDummyScene and adding to FXGLLoadingScene
17:44:13.938 [JavaFX Application Thread] DEBUG PrimaryStageWindow   - FXGLMainMenuDummyScene -> FXGLLoadingScene
17:44:13.938 [JavaFX Application Thread] DEBUG GameApplicationServi - Clearing previous game
17:44:13.938 [JavaFX Application Thread] DEBUG GameScene            - Clearing game scene
17:44:13.939 [JavaFX Application Thread] DEBUG GameWorld            - Clearing game world
17:44:13.939 [JavaFX Application Thread] DEBUG PhysicsWorld         - Clearing physics world
17:44:13.941 [FXGL Background Thread 2 ] DEBUG FXGLApplication      - Initializing game
17:44:13.972 [FXGL Background Thread 2 ] DEBUG FXGLAssetLoaderServi - Loading from file system: file:/E:/space_java/Game/game_datbom/target/classes/assets/textures/mapTexture/grass.png
17:44:13.980 [FXGL Background Thread 2 ] DEBUG FXGLAssetLoaderServi - Loading from file system: file:/E:/space_java/Game/game_datbom/target/classes/assets/textures/mapTexture/wall2.png
17:44:14.036 [FXGL Background Thread 2 ] DEBUG FXGLAssetLoaderServi - Loading from file system: file:/E:/space_java/Game/game_datbom/target/classes/assets/textures/mapTexture%5cbrick.png
17:44:14.039 [FXGL Background Thread 2 ] DEBUG FXGLAssetLoaderServi - Loading from file system: file:/E:/space_java/Game/game_datbom/target/classes/assets/textures/mapTexture%5cbrick_break.png
17:44:14.101 [FXGL Background Thread 2 ] DEBUG FXGLAssetLoaderServi - Loading from file system: file:/E:/space_java/Game/game_datbom/target/classes/assets/textures/gameItem/powerup_bombs.png
17:44:14.103 [FXGL Background Thread 2 ] DEBUG FXGLAssetLoaderServi - Loading from file system: file:/E:/space_java/Game/game_datbom/target/classes/assets/textures/gameItem/powerup_flamepass.png
17:44:14.125 [FXGL Background Thread 2 ] DEBUG FXGLAssetLoaderServi - Loading from file system: file:/E:/space_java/Game/game_datbom/target/classes/assets/textures/enemy/balloon36.png
17:44:14.147 [FXGL Background Thread 2 ] DEBUG FXGLAssetLoaderServi - Loading from file system: file:/E:/space_java/Game/game_datbom/target/classes/assets/textures/gameItem/powerup_speed.png
17:44:14.161 [FXGL Background Thread 2 ] DEBUG FXGLAssetLoaderServi - Loading from file system: file:/E:/space_java/Game/game_datbom/target/classes/assets/textures/gameItem/powerup_flames.png
17:44:14.207 [FXGL Background Thread 2 ] DEBUG FXGLAssetLoaderServi - Loading from file system: file:/E:/space_java/Game/game_datbom/target/classes/assets/textures/mapTexture/portal.png
17:44:14.318 [FXGL Background Thread 2 ] DEBUG FXGLAssetLoaderServi - Loading from file system: file:/E:/space_java/Game/game_datbom/target/classes/assets/textures/character/gold_player_dead.png
17:44:14.319 [FXGL Background Thread 2 ] DEBUG FXGLAssetLoaderServi - Loading from file system: file:/E:/space_java/Game/game_datbom/target/classes/assets/textures/character/gold_player_down.png
17:44:14.320 [FXGL Background Thread 2 ] DEBUG FXGLAssetLoaderServi - Loading from file system: file:/E:/space_java/Game/game_datbom/target/classes/assets/textures/character/gold_player_up.png
17:44:14.321 [FXGL Background Thread 2 ] DEBUG FXGLAssetLoaderServi - Loading from file system: file:/E:/space_java/Game/game_datbom/target/classes/assets/textures/character/gold_player_left_temp.png
17:44:14.322 [FXGL Background Thread 2 ] DEBUG FXGLAssetLoaderServi - Loading from file system: file:/E:/space_java/Game/game_datbom/target/classes/assets/textures/character/gold_player_right_temp.png
17:44:14.325 [FXGL Background Thread 2 ] INFO  FXGLApplication      - Game initialization took: 0.384 sec
17:44:14.325 [JavaFX Application Thread] DEBUG Input                - Clearing active input actions
17:44:14.344 [JavaFX Application Thread] DEBUG GameApplicationServi - Removing overlay from FXGLLoadingScene and adding to GameScene
17:44:14.348 [JavaFX Application Thread] DEBUG PrimaryStageWindow   - FXGLLoadingScene -> GameScene
17:44:15.617 [FXGL Background Thread 3 ] DEBUG Engine               - Logging environment variables
17:44:15.618 [FXGL Background Thread 3 ] DEBUG Engine               - achievements: []
17:44:15.618 [FXGL Background Thread 3 ] DEBUG Engine               - actualHeight: 720.0
17:44:15.618 [FXGL Background Thread 3 ] DEBUG Engine               - actualHeightProperty: ReadOnlyDoubleProperty [value: 720.0]
17:44:15.618 [FXGL Background Thread 3 ] DEBUG Engine               - actualWidth: 1280.0
17:44:15.618 [FXGL Background Thread 3 ] DEBUG Engine               - actualWidthProperty: ReadOnlyDoubleProperty [value: 1280.0]
17:44:15.618 [FXGL Background Thread 3 ] DEBUG Engine               - appIcon: icon/icon.png
17:44:15.618 [FXGL Background Thread 3 ] DEBUG Engine               - applicationMode: DEVELOPER
17:44:15.618 [FXGL Background Thread 3 ] DEBUG Engine               - cSSList: [fxgl_dark.css]
17:44:15.618 [FXGL Background Thread 3 ] DEBUG Engine               - collisionDetectionStrategy: BRUTE_FORCE
17:44:15.618 [FXGL Background Thread 3 ] DEBUG Engine               - configClass: Optional.empty
17:44:15.619 [FXGL Background Thread 3 ] DEBUG Engine               - credits: []
17:44:15.620 [FXGL Background Thread 3 ] DEBUG Engine               - defaultCursor: CursorInfo(imageName=cursor/cursor1.png, hotspotX=0.0, hotspotY=0.0)
17:44:15.621 [FXGL Background Thread 3 ] DEBUG Engine               - devBBoxColorProperty: ObjectProperty [value: 0xff0000ff]
17:44:15.621 [FXGL Background Thread 3 ] DEBUG Engine               - devEnableDebugCameraProperty: BooleanProperty [value: false]
17:44:15.621 [FXGL Background Thread 3 ] DEBUG Engine               - devSensorColorProperty: ObjectProperty [value: 0xffff00ff]
17:44:15.621 [FXGL Background Thread 3 ] DEBUG Engine               - devShowBBoxProperty: BooleanProperty [value: false]
17:44:15.621 [FXGL Background Thread 3 ] DEBUG Engine               - devShowPositionProperty: BooleanProperty [value: false]
17:44:15.621 [FXGL Background Thread 3 ] DEBUG Engine               - enabledMenuItems: []
17:44:15.621 [FXGL Background Thread 3 ] DEBUG Engine               - engineServices: [class com.almasb.fxgl.app.services.FXGLAssetLoaderService, class com.almasb.fxgl.app.FXGLApplication$GameApplicationService, class com.almasb.fxgl.app.services.FXGLDialogService, class com.almasb.fxgl.app.services.IOTaskExecutorService, class com.almasb.fxgl.io.FileSystemService, class com.almasb.fxgl.localization.LocalizationService, class com.almasb.fxgl.app.services.SystemBundleService, class com.almasb.fxgl.profile.SaveLoadService, class com.almasb.fxgl.ui.FXGLUIFactoryServiceProvider, class com.almasb.fxgl.ui.FXGLDialogFactoryServiceProvider, class com.almasb.fxgl.audio.AudioPlayer, class com.almasb.fxgl.notification.impl.NotificationServiceProvider, class com.almasb.fxgl.achievement.AchievementService, class com.almasb.fxgl.cutscene.CutsceneService, class com.almasb.fxgl.minigames.MiniGameService, class com.almasb.fxgl.net.NetService, class com.almasb.fxgl.app.services.UpdaterService, class com.almasb.fxgl.dev.DevService]
17:44:15.621 [FXGL Background Thread 3 ] DEBUG Engine               - fontGame: Abel-Regular.ttf
17:44:15.621 [FXGL Background Thread 3 ] DEBUG Engine               - fontMono: TerminalLandMono-Regular.otf
17:44:15.622 [FXGL Background Thread 3 ] DEBUG Engine               - fontText: Courier-Prime.ttf
17:44:15.622 [FXGL Background Thread 3 ] DEBUG Engine               - fontUI: VarelaRound-Regular.ttf
17:44:15.622 [FXGL Background Thread 3 ] DEBUG Engine               - fullScreen: BooleanProperty [value: false]
17:44:15.622 [FXGL Background Thread 3 ] DEBUG Engine               - gameDifficulty: MEDIUM
17:44:15.622 [FXGL Background Thread 3 ] DEBUG Engine               - gameDifficultyProperty: ObjectProperty [value: MEDIUM]
17:44:15.622 [FXGL Background Thread 3 ] DEBUG Engine               - globalMusicVolume: 0.5
17:44:15.622 [FXGL Background Thread 3 ] DEBUG Engine               - globalMusicVolumeProperty: DoubleProperty [value: 0.5]
17:44:15.622 [FXGL Background Thread 3 ] DEBUG Engine               - globalSoundVolume: 0.5
17:44:15.622 [FXGL Background Thread 3 ] DEBUG Engine               - globalSoundVolumeProperty: DoubleProperty [value: 0.5]
17:44:15.622 [FXGL Background Thread 3 ] DEBUG Engine               - height: 720
17:44:15.623 [FXGL Background Thread 3 ] DEBUG Engine               - is3D: false
17:44:15.623 [FXGL Background Thread 3 ] DEBUG Engine               - isAndroid: false
17:44:15.623 [FXGL Background Thread 3 ] DEBUG Engine               - isBrowser: false
17:44:15.623 [FXGL Background Thread 3 ] DEBUG Engine               - isClickFeedbackEnabled: false
17:44:15.623 [FXGL Background Thread 3 ] DEBUG Engine               - isCloseConfirmation: false
17:44:15.623 [FXGL Background Thread 3 ] DEBUG Engine               - isDesktop: true
17:44:15.623 [FXGL Background Thread 3 ] DEBUG Engine               - isDeveloperMenuEnabled: true
17:44:15.623 [FXGL Background Thread 3 ] DEBUG Engine               - isEmbedded: false
17:44:15.623 [FXGL Background Thread 3 ] DEBUG Engine               - isEntityPreloadEnabled: true
17:44:15.623 [FXGL Background Thread 3 ] DEBUG Engine               - isExperimentalTiledLargeMap: false
17:44:15.623 [FXGL Background Thread 3 ] DEBUG Engine               - isFileSystemWriteAllowed: true
17:44:15.623 [FXGL Background Thread 3 ] DEBUG Engine               - isFullScreenAllowed: false
17:44:15.623 [FXGL Background Thread 3 ] DEBUG Engine               - isFullScreenFromStart: false
17:44:15.623 [FXGL Background Thread 3 ] DEBUG Engine               - isGameMenuEnabled: true
17:44:15.623 [FXGL Background Thread 3 ] DEBUG Engine               - isIOS: false
17:44:15.623 [FXGL Background Thread 3 ] DEBUG Engine               - isIntroEnabled: false
17:44:15.623 [FXGL Background Thread 3 ] DEBUG Engine               - isLinux: false
17:44:15.624 [FXGL Background Thread 3 ] DEBUG Engine               - isMac: false
17:44:15.624 [FXGL Background Thread 3 ] DEBUG Engine               - isMainMenuEnabled: true
17:44:15.624 [FXGL Background Thread 3 ] DEBUG Engine               - isManualResizeEnabled: false
17:44:15.624 [FXGL Background Thread 3 ] DEBUG Engine               - isMobile: false
17:44:15.624 [FXGL Background Thread 3 ] DEBUG Engine               - isNative: false
17:44:15.624 [FXGL Background Thread 3 ] DEBUG Engine               - isPauseMusicWhenMinimized: true
17:44:15.624 [FXGL Background Thread 3 ] DEBUG Engine               - isPreserveResizeRatio: false
17:44:15.624 [FXGL Background Thread 3 ] DEBUG Engine               - isProfilingEnabled: false
17:44:15.624 [FXGL Background Thread 3 ] DEBUG Engine               - isScaleAffectedOnResize: true
17:44:15.624 [FXGL Background Thread 3 ] DEBUG Engine               - isSingleStep: false
17:44:15.624 [FXGL Background Thread 3 ] DEBUG Engine               - isUserProfileEnabled: false
17:44:15.624 [FXGL Background Thread 3 ] DEBUG Engine               - isWindows: true
17:44:15.624 [FXGL Background Thread 3 ] DEBUG Engine               - language: ObjectProperty [value: ENGLISH]
17:44:15.624 [FXGL Background Thread 3 ] DEBUG Engine               - menuKey: ESCAPE
17:44:15.624 [FXGL Background Thread 3 ] DEBUG Engine               - mouseSensitivity: 0.2
17:44:15.624 [FXGL Background Thread 3 ] DEBUG Engine               - notificationViewClass: class com.almasb.fxgl.notification.view.XboxNotificationView
17:44:15.625 [FXGL Background Thread 3 ] DEBUG Engine               - pixelsPerMeter: 50.0
17:44:15.625 [FXGL Background Thread 3 ] DEBUG Engine               - platform: WINDOWS
17:44:15.625 [FXGL Background Thread 3 ] DEBUG Engine               - prefHeightProperty: ReadOnlyDoubleProperty [value: 720.0]
17:44:15.625 [FXGL Background Thread 3 ] DEBUG Engine               - prefWidthProperty: ReadOnlyDoubleProperty [value: 1280.0]
17:44:15.625 [FXGL Background Thread 3 ] DEBUG Engine               - profileDir: profiles/
17:44:15.625 [FXGL Background Thread 3 ] DEBUG Engine               - profileName: StringProperty [value: DEFAULT]
17:44:15.625 [FXGL Background Thread 3 ] DEBUG Engine               - randomSeed: -1
17:44:15.625 [FXGL Background Thread 3 ] DEBUG Engine               - runtimeInfo: RuntimeInfo(platform=WINDOWS, version=17.1, build=24.03.2022 17.34)
17:44:15.626 [FXGL Background Thread 3 ] DEBUG Engine               - saveFileExt: sav
17:44:15.626 [FXGL Background Thread 3 ] DEBUG Engine               - scaledHeightProp$fxgl: DoubleProperty [bound, value: 720.0]
17:44:15.626 [FXGL Background Thread 3 ] DEBUG Engine               - scaledWidthProp$fxgl: DoubleProperty [bound, value: 1280.0]
17:44:15.626 [FXGL Background Thread 3 ] DEBUG Engine               - sceneFactory: hellofx.Main$1@ae70559
17:44:15.626 [FXGL Background Thread 3 ] DEBUG Engine               - secondsIn24h: 60
17:44:15.626 [FXGL Background Thread 3 ] DEBUG Engine               - soundMenuBack: menu/back.wav
17:44:15.626 [FXGL Background Thread 3 ] DEBUG Engine               - soundMenuPress: menu/press.wav
17:44:15.626 [FXGL Background Thread 3 ] DEBUG Engine               - soundMenuSelect: menu/select.wav
17:44:15.626 [FXGL Background Thread 3 ] DEBUG Engine               - soundNotification: core/notification.wav
17:44:15.626 [FXGL Background Thread 3 ] DEBUG Engine               - stageStyle: DECORATED
17:44:15.626 [FXGL Background Thread 3 ] DEBUG Engine               - supportedLanguages: [ENGLISH, FRENCH, GERMAN, HUNGARIAN, RUSSIAN]
17:44:15.627 [FXGL Background Thread 3 ] DEBUG Engine               - ticksPerSecond: -1
17:44:15.627 [FXGL Background Thread 3 ] DEBUG Engine               - title: Bomberman
17:44:15.627 [FXGL Background Thread 3 ] DEBUG Engine               - urlGithub: https://github.com/AlmasB/FXGL
17:44:15.627 [FXGL Background Thread 3 ] DEBUG Engine               - urlLeaderboard: http://fxgl-top.herokuapp.com/
17:44:15.627 [FXGL Background Thread 3 ] DEBUG Engine               - urlPOM: https://raw.githubusercontent.com/AlmasB/FXGL/release/README.md
17:44:15.627 [FXGL Background Thread 3 ] DEBUG Engine               - userAppClass: class hellofx.Main
17:44:15.627 [FXGL Background Thread 3 ] DEBUG Engine               - version: 1.0
17:44:15.627 [FXGL Background Thread 3 ] DEBUG Engine               - versionCheckDays: 7
17:44:15.627 [FXGL Background Thread 3 ] DEBUG Engine               - width: 1280
17:44:15.627 [FXGL Background Thread 3 ] DEBUG Engine               - Logging services
17:44:15.627 [FXGL Background Thread 3 ] DEBUG Engine               - class com.almasb.fxgl.app.services.FXGLAssetLoaderService
17:44:15.627 [FXGL Background Thread 3 ] DEBUG Engine               - class com.almasb.fxgl.app.FXGLApplication$GameApplicationService
17:44:15.627 [FXGL Background Thread 3 ] DEBUG Engine               - class com.almasb.fxgl.app.services.FXGLDialogService
17:44:15.628 [FXGL Background Thread 3 ] DEBUG Engine               - class com.almasb.fxgl.app.services.IOTaskExecutorService
17:44:15.628 [FXGL Background Thread 3 ] DEBUG Engine               - class com.almasb.fxgl.io.FileSystemService
17:44:15.628 [FXGL Background Thread 3 ] DEBUG Engine               - class com.almasb.fxgl.localization.LocalizationService
17:44:15.628 [FXGL Background Thread 3 ] DEBUG Engine               - class com.almasb.fxgl.app.services.SystemBundleService
17:44:15.628 [FXGL Background Thread 3 ] DEBUG Engine               - class com.almasb.fxgl.profile.SaveLoadService
17:44:15.628 [FXGL Background Thread 3 ] DEBUG Engine               - class com.almasb.fxgl.ui.FXGLUIFactoryServiceProvider
17:44:15.628 [FXGL Background Thread 3 ] DEBUG Engine               - class com.almasb.fxgl.ui.FXGLDialogFactoryServiceProvider
17:44:15.628 [FXGL Background Thread 3 ] DEBUG Engine               - class com.almasb.fxgl.audio.AudioPlayer
17:44:15.628 [FXGL Background Thread 3 ] DEBUG Engine               - class com.almasb.fxgl.notification.impl.NotificationServiceProvider
17:44:15.628 [FXGL Background Thread 3 ] DEBUG Engine               - class com.almasb.fxgl.achievement.AchievementService
17:44:15.628 [FXGL Background Thread 3 ] DEBUG Engine               - class com.almasb.fxgl.cutscene.CutsceneService
17:44:15.628 [FXGL Background Thread 3 ] DEBUG Engine               - class com.almasb.fxgl.minigames.MiniGameService
17:44:15.628 [FXGL Background Thread 3 ] DEBUG Engine               - class com.almasb.fxgl.net.NetService
17:44:15.628 [FXGL Background Thread 3 ] DEBUG Engine               - class com.almasb.fxgl.app.services.UpdaterService
17:44:15.628 [FXGL Background Thread 3 ] DEBUG Engine               - class com.almasb.fxgl.dev.DevService
17:44:18.702 [JavaFX Application Thread] DEBUG FXGLApplication      - Exiting FXGL
17:44:18.702 [JavaFX Application Thread] DEBUG LoopRunner           - Stopping loop
17:44:18.702 [JavaFX Application Thread] DEBUG SystemBundleService  - Saving FXGL system data
17:44:18.704 [JavaFX Application Thread] DEBUG FileSystemAccess     - Writing to: E:\space_java\Game\game_datbom\system\fxgl.bundle
17:44:18.706 [JavaFX Application Thread] DEBUG Async                - Shutting down background threads
17:44:18.707 [JavaFX Application Thread] DEBUG PrimaryStageWindow   - Closing main window
17:44:18.738 [JavaFX Application Thread] DEBUG Logger               - Closing Logger
