10:48:57.301 [main                     ] DEBUG Logger               - Configured Logger
10:48:57.319 [main                     ] DEBUG GameApplication      - Logging settings
Title: Bomberman
Version: 1.0
Width: 1280
Height: 720
Fullscreen: false
Intro: false
Profiling: false
Single step:false
App Mode: DEVELOPER
Menu Key: ESCAPE
Stage Style: DECORATED
Scene Factory: class hellofx.Main$1

10:48:57.427 [JavaFX Application Thread] DEBUG FXGLApplication      - Initializing FXGL
10:48:57.433 [JavaFX Application Thread] INFO  Engine               - FXGL-17.1 (24.03.2022 17.34) on WINDOWS (J:18.0.2.1 FX:18)
10:48:57.433 [JavaFX Application Thread] DEBUG Engine               - JRE Vendor Name: Oracle Corporation
10:48:57.433 [JavaFX Application Thread] DEBUG Engine               - Running on OS: Windows 11 version 10.0
10:48:57.434 [JavaFX Application Thread] DEBUG Engine               - Architecture: amd64
10:48:57.434 [JavaFX Application Thread] INFO  Engine               - Source code and latest versions at: https://github.com/AlmasB/FXGL
10:48:57.434 [JavaFX Application Thread] INFO  Engine               -       Ask questions and discuss at: https://github.com/AlmasB/FXGL/discussions
10:48:57.434 [JavaFX Application Thread] INFO  Engine               -              Join the FXGL chat at: https://gitter.im/AlmasB/FXGL
10:48:57.485 [JavaFX Application Thread] DEBUG PrimaryStageWindow   - Creating a JavaFX scene
10:48:57.528 [JavaFX Application Thread] DEBUG PrimaryStageWindow   - Target settings size: 1280.0 x 720.0
10:48:57.529 [JavaFX Application Thread] DEBUG PrimaryStageWindow   - Scaled scene size:    1280.0 x 720.0
10:48:57.529 [JavaFX Application Thread] DEBUG PrimaryStageWindow   - Scaled ratio: (1.0, 1.0)
10:48:57.530 [JavaFX Application Thread] DEBUG PrimaryStageWindow   - Set initial scene to FXGLStartupScene
10:48:57.539 [JavaFX Application Thread] DEBUG PrimaryStageWindow   - Opening main window
10:48:57.631 [JavaFX Application Thread] DEBUG PrimaryStageWindow   - Window border size: (16.0, 39.0)
10:48:57.631 [JavaFX Application Thread] DEBUG PrimaryStageWindow   - Scaled size: 1280.0 x 720.0
10:48:57.632 [JavaFX Application Thread] DEBUG PrimaryStageWindow   - Scaled ratio: (1.0, 1.0)
10:48:57.632 [JavaFX Application Thread] DEBUG PrimaryStageWindow   - Scene size: 1280.0 x 720.0
10:48:57.633 [JavaFX Application Thread] DEBUG PrimaryStageWindow   - Stage size: 1296.0 x 759.0
10:48:57.640 [FXGL Background Thread 1 ] DEBUG Engine               - Initializing environment variables
10:48:57.712 [FXGL Background Thread 1 ] DEBUG FXGLAssetLoaderServi - User app class for loading assets: class hellofx.Main
10:48:57.712 [FXGL Background Thread 1 ] DEBUG GameApplicationServi - Applying CSS: fxgl_dark.css
10:48:57.713 [FXGL Background Thread 1 ] DEBUG FXGLAssetLoaderServi - Loading from file system: jar:file:/C:/Users/chaum/.m2/repository/com/github/almasb/fxgl/17.1/fxgl-17.1.jar!/fxglassets/ui/css/fxgl_dark.css
10:48:57.757 [FXGL Background Thread 1 ] DEBUG GameApplicationServi - Initializing application scenes
10:48:57.802 [FXGL Background Thread 1 ] DEBUG GameWorld            - Game world initialized
10:48:57.853 [FXGL Background Thread 1 ] DEBUG PhysicsWorld         - Physics world initialized: appHeight=720, physics.ppm=50.0
10:48:57.853 [FXGL Background Thread 1 ] DEBUG PhysicsWorld         - Using strategy: BRUTE_FORCE
10:48:57.857 [FXGL Background Thread 1 ] DEBUG GameScene            - Game scene initialized: 1280x720
10:48:57.930 [FXGL Background Thread 1 ] DEBUG GameApplicationServi - Application scenes initialized
10:48:57.954 [FXGL Background Thread 1 ] DEBUG SystemBundleService  - Loading FXGL system data
10:48:57.962 [FXGL Background Thread 1 ] DEBUG FileSystemAccess     - Reading from: E:\space_java\Game\game_datbom\system\fxgl.bundle
10:48:57.970 [FXGL Background Thread 1 ] DEBUG SystemBundleService  - Bundle FXGL: {}
10:48:57.970 [FXGL Background Thread 1 ] DEBUG UpdaterService       - Checking for updates
10:48:58.005 [FXGL Background Thread 1 ] DEBUG FXGLApplication      - Loading default localization
10:48:58.006 [FXGL Background Thread 1 ] DEBUG FXGLAssetLoaderServi - Loading from file system: jar:file:/C:/Users/chaum/.m2/repository/com/github/almasb/fxgl/17.1/fxgl-17.1.jar!/fxglassets/languages/english.lang
10:48:58.008 [FXGL Background Thread 4 ] DEBUG FXGLApplication      - Loading fonts
10:48:58.008 [FXGL Background Thread 4 ] DEBUG FXGLAssetLoaderServi - Loading from file system: jar:file:/C:/Users/chaum/.m2/repository/com/github/almasb/fxgl/17.1/fxgl-17.1.jar!/fxglassets/ui/fonts/VarelaRound-Regular.ttf
10:48:58.025 [FXGL Background Thread 1 ] INFO  FXGLApplication      - FXGL initialization took: 0.385 sec
10:48:58.037 [JavaFX Application Thread] DEBUG Input                - Registered new binding: action0 - F
10:48:58.037 [JavaFX Application Thread] DEBUG Input                - Registered new binding: action1 - G
10:48:58.038 [JavaFX Application Thread] DEBUG Input                - Registered new binding: action2 - R
10:48:58.038 [JavaFX Application Thread] DEBUG Input                - Registered new binding: action3 - T
10:48:58.038 [JavaFX Application Thread] DEBUG Input                - Registered new binding: Right - D
10:48:58.039 [JavaFX Application Thread] DEBUG Input                - Registered new binding: Left - A
10:48:58.039 [JavaFX Application Thread] DEBUG Input                - Registered new binding: Up - W
10:48:58.039 [JavaFX Application Thread] DEBUG Input                - Registered new binding: Down - S
10:48:58.039 [JavaFX Application Thread] DEBUG Input                - Registered new binding: Place boom - Space
10:48:58.039 [JavaFX Application Thread] DEBUG FXGLAssetLoaderServi - Loading from file system: file:/E:/space_java/Game/game_datbom/target/classes/assets/textures/icon/icon.png
10:48:58.105 [JavaFX Application Thread] DEBUG FXGLAssetLoaderServi - Loading from file system: file:/E:/space_java/Game/game_datbom/target/classes/assets/textures/cursor/cursor1.png
10:48:58.117 [JavaFX Application Thread] DEBUG Input                - Registered new binding: Screenshot - CTRL+8
10:48:58.118 [JavaFX Application Thread] DEBUG Input                - Registered new binding: Dev Options - 1
10:48:58.118 [JavaFX Application Thread] DEBUG Input                - Registered new binding: Dev Console - 2
10:48:58.119 [JavaFX Application Thread] DEBUG Input                - Registered new binding: System info dump - CTRL+9
10:48:58.119 [JavaFX Application Thread] DEBUG Input                - Registered new binding: Restart - CTRL+R
10:48:58.119 [JavaFX Application Thread] DEBUG Input                - Registered new binding: Toggle Debug Camera - CTRL+7
10:48:58.124 [JavaFX Application Thread] DEBUG LoopRunner           - Starting loop
10:48:58.144 [FXGL Background Thread 4 ] DEBUG FXGLAssetLoaderServi - Loading from file system: jar:file:/C:/Users/chaum/.m2/repository/com/github/almasb/fxgl/17.1/fxgl-17.1.jar!/fxglassets/ui/fonts/Abel-Regular.ttf
10:48:58.148 [JavaFX Application Thread] DEBUG LoopRunner           - Initializing JavaFX AnimationTimerLoop
10:48:58.151 [JavaFX Application Thread] DEBUG Input                - Clearing active input actions
10:48:58.152 [FXGL Background Thread 4 ] DEBUG FXGLAssetLoaderServi - Loading from file system: jar:file:/C:/Users/chaum/.m2/repository/com/github/almasb/fxgl/17.1/fxgl-17.1.jar!/fxglassets/ui/fonts/TerminalLandMono-Regular.otf
10:48:58.157 [FXGL Background Thread 4 ] DEBUG FXGLAssetLoaderServi - Loading from file system: jar:file:/C:/Users/chaum/.m2/repository/com/github/almasb/fxgl/17.1/fxgl-17.1.jar!/fxglassets/ui/fonts/Courier-Prime.ttf
10:48:58.159 [JavaFX Application Thread] DEBUG GameApplicationServi - Removing overlay from FXGLStartupScene and adding to FXGLMainMenuDummyScene
10:48:58.163 [JavaFX Application Thread] DEBUG PrimaryStageWindow   - FXGLStartupScene -> FXGLMainMenuDummyScene
10:48:58.163 [JavaFX Application Thread] DEBUG PrimaryStageWindow   - Push state: MainMenu
10:48:58.163 [JavaFX Application Thread] DEBUG Input                - Clearing active input actions
10:48:58.168 [JavaFX Application Thread] DEBUG GameApplicationServi - Removing overlay from FXGLMainMenuDummyScene and adding to MainMenu
10:48:58.170 [JavaFX Application Thread] DEBUG PrimaryStageWindow   - FXGLMainMenuDummyScene -> MainMenu
10:48:58.401 [JavaFX Application Thread] DEBUG FXGLApplication      - Registering font factories with UI factory
10:48:59.875 [FXGL Background Thread 2 ] INFO  UpdaterService       - Your current version:  17.1
10:48:59.875 [FXGL Background Thread 2 ] INFO  UpdaterService       - Latest stable version: 17.2
10:48:59.924 [JavaFX Application Thread] DEBUG Menu                 - fireNewGame()
10:48:59.924 [JavaFX Application Thread] DEBUG GameApplicationServi - Starting new game
10:48:59.925 [JavaFX Application Thread] DEBUG PrimaryStageWindow   - Pop state: MainMenu
10:48:59.925 [JavaFX Application Thread] DEBUG Input                - Clearing active input actions
10:48:59.926 [JavaFX Application Thread] DEBUG GameApplicationServi - Removing overlay from MainMenu and adding to FXGLMainMenuDummyScene
10:48:59.930 [JavaFX Application Thread] DEBUG PrimaryStageWindow   - FXGLMainMenuDummyScene <- MainMenu
10:48:59.930 [JavaFX Application Thread] DEBUG Input                - Clearing active input actions
10:48:59.937 [JavaFX Application Thread] DEBUG GameApplicationServi - Removing overlay from FXGLMainMenuDummyScene and adding to FXGLLoadingScene
10:48:59.937 [JavaFX Application Thread] DEBUG PrimaryStageWindow   - FXGLMainMenuDummyScene -> FXGLLoadingScene
10:48:59.937 [JavaFX Application Thread] DEBUG GameApplicationServi - Clearing previous game
10:48:59.937 [JavaFX Application Thread] DEBUG GameScene            - Clearing game scene
10:48:59.937 [JavaFX Application Thread] DEBUG GameWorld            - Clearing game world
10:48:59.937 [JavaFX Application Thread] DEBUG PhysicsWorld         - Clearing physics world
10:48:59.940 [FXGL Background Thread 2 ] DEBUG FXGLApplication      - Initializing game
10:48:59.969 [FXGL Background Thread 2 ] DEBUG FXGLAssetLoaderServi - Loading from file system: file:/E:/space_java/Game/game_datbom/target/classes/assets/textures/mapTexture/grass.png
10:48:59.977 [FXGL Background Thread 2 ] DEBUG FXGLAssetLoaderServi - Loading from file system: file:/E:/space_java/Game/game_datbom/target/classes/assets/textures/mapTexture/wall2.png
10:49:00.038 [FXGL Background Thread 2 ] DEBUG FXGLAssetLoaderServi - Loading from file system: file:/E:/space_java/Game/game_datbom/target/classes/assets/textures/mapTexture%5cbrick.png
10:49:00.042 [FXGL Background Thread 2 ] DEBUG FXGLAssetLoaderServi - Loading from file system: file:/E:/space_java/Game/game_datbom/target/classes/assets/textures/mapTexture%5cbrick_break.png
10:49:00.099 [FXGL Background Thread 2 ] DEBUG FXGLAssetLoaderServi - Loading from file system: file:/E:/space_java/Game/game_datbom/target/classes/assets/textures/gameItem/powerup_bombs.png
10:49:00.103 [FXGL Background Thread 2 ] DEBUG FXGLAssetLoaderServi - Loading from file system: file:/E:/space_java/Game/game_datbom/target/classes/assets/textures/gameItem/powerup_flamepass.png
10:49:00.126 [FXGL Background Thread 2 ] DEBUG FXGLAssetLoaderServi - Loading from file system: file:/E:/space_java/Game/game_datbom/target/classes/assets/textures/enemy/balloon36.png
10:49:00.149 [FXGL Background Thread 2 ] DEBUG FXGLAssetLoaderServi - Loading from file system: file:/E:/space_java/Game/game_datbom/target/classes/assets/textures/gameItem/powerup_speed.png
10:49:00.159 [FXGL Background Thread 2 ] DEBUG FXGLAssetLoaderServi - Loading from file system: file:/E:/space_java/Game/game_datbom/target/classes/assets/textures/gameItem/powerup_flames.png
10:49:00.291 [FXGL Background Thread 2 ] DEBUG FXGLAssetLoaderServi - Loading from file system: file:/E:/space_java/Game/game_datbom/target/classes/assets/textures/enemy/oneal40.png
10:49:00.298 [FXGL Background Thread 2 ] DEBUG FXGLAssetLoaderServi - Loading from file system: file:/E:/space_java/Game/game_datbom/target/classes/assets/textures/mapTexture/portal.png
10:49:00.317 [FXGL Background Thread 2 ] DEBUG FXGLAssetLoaderServi - Loading from file system: file:/E:/space_java/Game/game_datbom/target/classes/assets/textures/character/gold_player_dead.png
10:49:00.318 [FXGL Background Thread 2 ] DEBUG FXGLAssetLoaderServi - Loading from file system: file:/E:/space_java/Game/game_datbom/target/classes/assets/textures/character/gold_player_down.png
10:49:00.319 [FXGL Background Thread 2 ] DEBUG FXGLAssetLoaderServi - Loading from file system: file:/E:/space_java/Game/game_datbom/target/classes/assets/textures/character/gold_player_up.png
10:49:00.321 [FXGL Background Thread 2 ] DEBUG FXGLAssetLoaderServi - Loading from file system: file:/E:/space_java/Game/game_datbom/target/classes/assets/textures/character/gold_player_left_temp.png
10:49:00.322 [FXGL Background Thread 2 ] DEBUG FXGLAssetLoaderServi - Loading from file system: file:/E:/space_java/Game/game_datbom/target/classes/assets/textures/character/gold_player_right_temp.png
10:49:00.325 [FXGL Background Thread 2 ] INFO  FXGLApplication      - Game initialization took: 0.384 sec
10:49:00.330 [JavaFX Application Thread] DEBUG Input                - Clearing active input actions
10:49:00.350 [JavaFX Application Thread] DEBUG GameApplicationServi - Removing overlay from FXGLLoadingScene and adding to GameScene
10:49:00.354 [JavaFX Application Thread] DEBUG PrimaryStageWindow   - FXGLLoadingScene -> GameScene
10:49:01.003 [FXGL Background Thread 3 ] DEBUG Engine               - Logging environment variables
10:49:01.004 [FXGL Background Thread 3 ] DEBUG Engine               - achievements: []
10:49:01.004 [FXGL Background Thread 3 ] DEBUG Engine               - actualHeight: 720.0
10:49:01.004 [FXGL Background Thread 3 ] DEBUG Engine               - actualHeightProperty: ReadOnlyDoubleProperty [value: 720.0]
10:49:01.004 [FXGL Background Thread 3 ] DEBUG Engine               - actualWidth: 1280.0
10:49:01.004 [FXGL Background Thread 3 ] DEBUG Engine               - actualWidthProperty: ReadOnlyDoubleProperty [value: 1280.0]
10:49:01.004 [FXGL Background Thread 3 ] DEBUG Engine               - appIcon: icon/icon.png
10:49:01.005 [FXGL Background Thread 3 ] DEBUG Engine               - applicationMode: DEVELOPER
10:49:01.005 [FXGL Background Thread 3 ] DEBUG Engine               - cSSList: [fxgl_dark.css]
10:49:01.005 [FXGL Background Thread 3 ] DEBUG Engine               - collisionDetectionStrategy: BRUTE_FORCE
10:49:01.005 [FXGL Background Thread 3 ] DEBUG Engine               - configClass: Optional.empty
10:49:01.005 [FXGL Background Thread 3 ] DEBUG Engine               - credits: []
10:49:01.006 [FXGL Background Thread 3 ] DEBUG Engine               - defaultCursor: CursorInfo(imageName=cursor/cursor1.png, hotspotX=0.0, hotspotY=0.0)
10:49:01.007 [FXGL Background Thread 3 ] DEBUG Engine               - devBBoxColorProperty: ObjectProperty [value: 0xff0000ff]
10:49:01.007 [FXGL Background Thread 3 ] DEBUG Engine               - devEnableDebugCameraProperty: BooleanProperty [value: false]
10:49:01.007 [FXGL Background Thread 3 ] DEBUG Engine               - devSensorColorProperty: ObjectProperty [value: 0xffff00ff]
10:49:01.007 [FXGL Background Thread 3 ] DEBUG Engine               - devShowBBoxProperty: BooleanProperty [value: false]
10:49:01.007 [FXGL Background Thread 3 ] DEBUG Engine               - devShowPositionProperty: BooleanProperty [value: false]
10:49:01.007 [FXGL Background Thread 3 ] DEBUG Engine               - enabledMenuItems: []
10:49:01.007 [FXGL Background Thread 3 ] DEBUG Engine               - engineServices: [class com.almasb.fxgl.app.services.FXGLAssetLoaderService, class com.almasb.fxgl.app.FXGLApplication$GameApplicationService, class com.almasb.fxgl.app.services.FXGLDialogService, class com.almasb.fxgl.app.services.IOTaskExecutorService, class com.almasb.fxgl.io.FileSystemService, class com.almasb.fxgl.localization.LocalizationService, class com.almasb.fxgl.app.services.SystemBundleService, class com.almasb.fxgl.profile.SaveLoadService, class com.almasb.fxgl.ui.FXGLUIFactoryServiceProvider, class com.almasb.fxgl.ui.FXGLDialogFactoryServiceProvider, class com.almasb.fxgl.audio.AudioPlayer, class com.almasb.fxgl.notification.impl.NotificationServiceProvider, class com.almasb.fxgl.achievement.AchievementService, class com.almasb.fxgl.cutscene.CutsceneService, class com.almasb.fxgl.minigames.MiniGameService, class com.almasb.fxgl.net.NetService, class com.almasb.fxgl.app.services.UpdaterService, class com.almasb.fxgl.dev.DevService]
10:49:01.007 [FXGL Background Thread 3 ] DEBUG Engine               - fontGame: Abel-Regular.ttf
10:49:01.007 [FXGL Background Thread 3 ] DEBUG Engine               - fontMono: TerminalLandMono-Regular.otf
10:49:01.007 [FXGL Background Thread 3 ] DEBUG Engine               - fontText: Courier-Prime.ttf
10:49:01.008 [FXGL Background Thread 3 ] DEBUG Engine               - fontUI: VarelaRound-Regular.ttf
10:49:01.008 [FXGL Background Thread 3 ] DEBUG Engine               - fullScreen: BooleanProperty [value: false]
10:49:01.008 [FXGL Background Thread 3 ] DEBUG Engine               - gameDifficulty: MEDIUM
10:49:01.008 [FXGL Background Thread 3 ] DEBUG Engine               - gameDifficultyProperty: ObjectProperty [value: MEDIUM]
10:49:01.008 [FXGL Background Thread 3 ] DEBUG Engine               - globalMusicVolume: 0.5
10:49:01.008 [FXGL Background Thread 3 ] DEBUG Engine               - globalMusicVolumeProperty: DoubleProperty [value: 0.5]
10:49:01.008 [FXGL Background Thread 3 ] DEBUG Engine               - globalSoundVolume: 0.5
10:49:01.008 [FXGL Background Thread 3 ] DEBUG Engine               - globalSoundVolumeProperty: DoubleProperty [value: 0.5]
10:49:01.008 [FXGL Background Thread 3 ] DEBUG Engine               - height: 720
10:49:01.008 [FXGL Background Thread 3 ] DEBUG Engine               - is3D: false
10:49:01.008 [FXGL Background Thread 3 ] DEBUG Engine               - isAndroid: false
10:49:01.009 [FXGL Background Thread 3 ] DEBUG Engine               - isBrowser: false
10:49:01.009 [FXGL Background Thread 3 ] DEBUG Engine               - isClickFeedbackEnabled: false
10:49:01.009 [FXGL Background Thread 3 ] DEBUG Engine               - isCloseConfirmation: false
10:49:01.009 [FXGL Background Thread 3 ] DEBUG Engine               - isDesktop: true
10:49:01.009 [FXGL Background Thread 3 ] DEBUG Engine               - isDeveloperMenuEnabled: true
10:49:01.009 [FXGL Background Thread 3 ] DEBUG Engine               - isEmbedded: false
10:49:01.009 [FXGL Background Thread 3 ] DEBUG Engine               - isEntityPreloadEnabled: true
10:49:01.009 [FXGL Background Thread 3 ] DEBUG Engine               - isExperimentalTiledLargeMap: false
10:49:01.009 [FXGL Background Thread 3 ] DEBUG Engine               - isFileSystemWriteAllowed: true
10:49:01.009 [FXGL Background Thread 3 ] DEBUG Engine               - isFullScreenAllowed: false
10:49:01.009 [FXGL Background Thread 3 ] DEBUG Engine               - isFullScreenFromStart: false
10:49:01.009 [FXGL Background Thread 3 ] DEBUG Engine               - isGameMenuEnabled: true
10:49:01.010 [FXGL Background Thread 3 ] DEBUG Engine               - isIOS: false
10:49:01.010 [FXGL Background Thread 3 ] DEBUG Engine               - isIntroEnabled: false
10:49:01.010 [FXGL Background Thread 3 ] DEBUG Engine               - isLinux: false
10:49:01.010 [FXGL Background Thread 3 ] DEBUG Engine               - isMac: false
10:49:01.010 [FXGL Background Thread 3 ] DEBUG Engine               - isMainMenuEnabled: true
10:49:01.010 [FXGL Background Thread 3 ] DEBUG Engine               - isManualResizeEnabled: false
10:49:01.010 [FXGL Background Thread 3 ] DEBUG Engine               - isMobile: false
10:49:01.010 [FXGL Background Thread 3 ] DEBUG Engine               - isNative: false
10:49:01.010 [FXGL Background Thread 3 ] DEBUG Engine               - isPauseMusicWhenMinimized: true
10:49:01.010 [FXGL Background Thread 3 ] DEBUG Engine               - isPreserveResizeRatio: false
10:49:01.011 [FXGL Background Thread 3 ] DEBUG Engine               - isProfilingEnabled: false
10:49:01.011 [FXGL Background Thread 3 ] DEBUG Engine               - isScaleAffectedOnResize: true
10:49:01.011 [FXGL Background Thread 3 ] DEBUG Engine               - isSingleStep: false
10:49:01.011 [FXGL Background Thread 3 ] DEBUG Engine               - isUserProfileEnabled: false
10:49:01.011 [FXGL Background Thread 3 ] DEBUG Engine               - isWindows: true
10:49:01.011 [FXGL Background Thread 3 ] DEBUG Engine               - language: ObjectProperty [value: ENGLISH]
10:49:01.011 [FXGL Background Thread 3 ] DEBUG Engine               - menuKey: ESCAPE
10:49:01.012 [FXGL Background Thread 3 ] DEBUG Engine               - mouseSensitivity: 0.2
10:49:01.012 [FXGL Background Thread 3 ] DEBUG Engine               - notificationViewClass: class com.almasb.fxgl.notification.view.XboxNotificationView
10:49:01.012 [FXGL Background Thread 3 ] DEBUG Engine               - pixelsPerMeter: 50.0
10:49:01.012 [FXGL Background Thread 3 ] DEBUG Engine               - platform: WINDOWS
10:49:01.012 [FXGL Background Thread 3 ] DEBUG Engine               - prefHeightProperty: ReadOnlyDoubleProperty [value: 720.0]
10:49:01.012 [FXGL Background Thread 3 ] DEBUG Engine               - prefWidthProperty: ReadOnlyDoubleProperty [value: 1280.0]
10:49:01.012 [FXGL Background Thread 3 ] DEBUG Engine               - profileDir: profiles/
10:49:01.012 [FXGL Background Thread 3 ] DEBUG Engine               - profileName: StringProperty [value: DEFAULT]
10:49:01.012 [FXGL Background Thread 3 ] DEBUG Engine               - randomSeed: -1
10:49:01.013 [FXGL Background Thread 3 ] DEBUG Engine               - runtimeInfo: RuntimeInfo(platform=WINDOWS, version=17.1, build=24.03.2022 17.34)
10:49:01.013 [FXGL Background Thread 3 ] DEBUG Engine               - saveFileExt: sav
10:49:01.013 [FXGL Background Thread 3 ] DEBUG Engine               - scaledHeightProp$fxgl: DoubleProperty [bound, value: 720.0]
10:49:01.013 [FXGL Background Thread 3 ] DEBUG Engine               - scaledWidthProp$fxgl: DoubleProperty [bound, value: 1280.0]
10:49:01.013 [FXGL Background Thread 3 ] DEBUG Engine               - sceneFactory: hellofx.Main$1@60dedbf9
10:49:01.013 [FXGL Background Thread 3 ] DEBUG Engine               - secondsIn24h: 60
10:49:01.013 [FXGL Background Thread 3 ] DEBUG Engine               - soundMenuBack: menu/back.wav
10:49:01.013 [FXGL Background Thread 3 ] DEBUG Engine               - soundMenuPress: menu/press.wav
10:49:01.014 [FXGL Background Thread 3 ] DEBUG Engine               - soundMenuSelect: menu/select.wav
10:49:01.014 [FXGL Background Thread 3 ] DEBUG Engine               - soundNotification: core/notification.wav
10:49:01.014 [FXGL Background Thread 3 ] DEBUG Engine               - stageStyle: DECORATED
10:49:01.014 [FXGL Background Thread 3 ] DEBUG Engine               - supportedLanguages: [ENGLISH, FRENCH, GERMAN, HUNGARIAN, RUSSIAN]
10:49:01.014 [FXGL Background Thread 3 ] DEBUG Engine               - ticksPerSecond: -1
10:49:01.014 [FXGL Background Thread 3 ] DEBUG Engine               - title: Bomberman
10:49:01.014 [FXGL Background Thread 3 ] DEBUG Engine               - urlGithub: https://github.com/AlmasB/FXGL
10:49:01.014 [FXGL Background Thread 3 ] DEBUG Engine               - urlLeaderboard: http://fxgl-top.herokuapp.com/
10:49:01.014 [FXGL Background Thread 3 ] DEBUG Engine               - urlPOM: https://raw.githubusercontent.com/AlmasB/FXGL/release/README.md
10:49:01.014 [FXGL Background Thread 3 ] DEBUG Engine               - userAppClass: class hellofx.Main
10:49:01.014 [FXGL Background Thread 3 ] DEBUG Engine               - version: 1.0
10:49:01.014 [FXGL Background Thread 3 ] DEBUG Engine               - versionCheckDays: 7
10:49:01.015 [FXGL Background Thread 3 ] DEBUG Engine               - width: 1280
10:49:01.015 [FXGL Background Thread 3 ] DEBUG Engine               - Logging services
10:49:01.015 [FXGL Background Thread 3 ] DEBUG Engine               - class com.almasb.fxgl.app.services.FXGLAssetLoaderService
10:49:01.015 [FXGL Background Thread 3 ] DEBUG Engine               - class com.almasb.fxgl.app.FXGLApplication$GameApplicationService
10:49:01.015 [FXGL Background Thread 3 ] DEBUG Engine               - class com.almasb.fxgl.app.services.FXGLDialogService
10:49:01.015 [FXGL Background Thread 3 ] DEBUG Engine               - class com.almasb.fxgl.app.services.IOTaskExecutorService
10:49:01.015 [FXGL Background Thread 3 ] DEBUG Engine               - class com.almasb.fxgl.io.FileSystemService
10:49:01.015 [FXGL Background Thread 3 ] DEBUG Engine               - class com.almasb.fxgl.localization.LocalizationService
10:49:01.015 [FXGL Background Thread 3 ] DEBUG Engine               - class com.almasb.fxgl.app.services.SystemBundleService
10:49:01.015 [FXGL Background Thread 3 ] DEBUG Engine               - class com.almasb.fxgl.profile.SaveLoadService
10:49:01.015 [FXGL Background Thread 3 ] DEBUG Engine               - class com.almasb.fxgl.ui.FXGLUIFactoryServiceProvider
10:49:01.015 [FXGL Background Thread 3 ] DEBUG Engine               - class com.almasb.fxgl.ui.FXGLDialogFactoryServiceProvider
10:49:01.015 [FXGL Background Thread 3 ] DEBUG Engine               - class com.almasb.fxgl.audio.AudioPlayer
10:49:01.016 [FXGL Background Thread 3 ] DEBUG Engine               - class com.almasb.fxgl.notification.impl.NotificationServiceProvider
10:49:01.016 [FXGL Background Thread 3 ] DEBUG Engine               - class com.almasb.fxgl.achievement.AchievementService
10:49:01.016 [FXGL Background Thread 3 ] DEBUG Engine               - class com.almasb.fxgl.cutscene.CutsceneService
10:49:01.016 [FXGL Background Thread 3 ] DEBUG Engine               - class com.almasb.fxgl.minigames.MiniGameService
10:49:01.016 [FXGL Background Thread 3 ] DEBUG Engine               - class com.almasb.fxgl.net.NetService
10:49:01.016 [FXGL Background Thread 3 ] DEBUG Engine               - class com.almasb.fxgl.app.services.UpdaterService
10:49:01.016 [FXGL Background Thread 3 ] DEBUG Engine               - class com.almasb.fxgl.dev.DevService
10:49:16.502 [JavaFX Application Thread] DEBUG FXGLAssetLoaderServi - Loading from file system: file:/E:/space_java/Game/game_datbom/target/classes/assets/textures/character%5cbomb.png
10:49:16.507 [JavaFX Application Thread] DEBUG FXGLAssetLoaderServi - Loading from file system: file:/E:/space_java/Game/game_datbom/target/classes/assets/textures/flame%5cleft_flame.png
10:49:16.510 [JavaFX Application Thread] DEBUG FXGLAssetLoaderServi - Loading from file system: file:/E:/space_java/Game/game_datbom/target/classes/assets/textures/flame%5cup_flame.png
10:49:16.512 [JavaFX Application Thread] DEBUG FXGLAssetLoaderServi - Loading from file system: file:/E:/space_java/Game/game_datbom/target/classes/assets/textures/flame%5ccentral_flame.png
10:49:25.736 [JavaFX Application Thread] DEBUG PrimaryStageWindow   - Push state: GameMenu
10:49:25.737 [JavaFX Application Thread] DEBUG Input                - Clearing active input actions
10:49:25.737 [JavaFX Application Thread] DEBUG GameApplicationServi - Removing overlay from GameScene and adding to GameMenu
10:49:25.739 [JavaFX Application Thread] DEBUG PrimaryStageWindow   - GameScene -> GameMenu
10:49:31.289 [JavaFX Application Thread] DEBUG Menu                 - fireResume()
10:49:31.290 [JavaFX Application Thread] DEBUG PrimaryStageWindow   - Pop state: GameMenu
10:49:31.290 [JavaFX Application Thread] DEBUG Input                - Clearing active input actions
10:49:31.291 [JavaFX Application Thread] DEBUG GameApplicationServi - Removing overlay from GameMenu and adding to GameScene
10:49:31.293 [JavaFX Application Thread] DEBUG PrimaryStageWindow   - GameScene <- GameMenu
10:49:41.417 [JavaFX Application Thread] DEBUG Input                - Clearing active input actions
10:49:41.425 [JavaFX Application Thread] DEBUG GameApplicationServi - Removing overlay from GameScene and adding to FXGLMainMenuDummyScene
10:49:41.428 [JavaFX Application Thread] DEBUG PrimaryStageWindow   - GameScene -> FXGLMainMenuDummyScene
10:49:41.428 [JavaFX Application Thread] DEBUG PrimaryStageWindow   - Push state: MainMenu
10:49:41.429 [JavaFX Application Thread] DEBUG Input                - Clearing active input actions
10:49:41.429 [JavaFX Application Thread] DEBUG GameApplicationServi - Removing overlay from FXGLMainMenuDummyScene and adding to MainMenu
10:49:41.430 [JavaFX Application Thread] DEBUG PrimaryStageWindow   - FXGLMainMenuDummyScene -> MainMenu
10:49:43.131 [JavaFX Application Thread] DEBUG Menu                 - fireNewGame()
10:49:43.131 [JavaFX Application Thread] DEBUG GameApplicationServi - Starting new game
10:49:43.131 [JavaFX Application Thread] DEBUG PrimaryStageWindow   - Pop state: MainMenu
10:49:43.131 [JavaFX Application Thread] DEBUG Input                - Clearing active input actions
10:49:43.132 [JavaFX Application Thread] DEBUG GameApplicationServi - Removing overlay from MainMenu and adding to FXGLMainMenuDummyScene
10:49:43.134 [JavaFX Application Thread] DEBUG PrimaryStageWindow   - FXGLMainMenuDummyScene <- MainMenu
10:49:43.134 [JavaFX Application Thread] DEBUG Input                - Clearing active input actions
10:49:43.143 [JavaFX Application Thread] DEBUG GameApplicationServi - Removing overlay from FXGLMainMenuDummyScene and adding to FXGLLoadingScene
10:49:43.144 [JavaFX Application Thread] DEBUG PrimaryStageWindow   - FXGLMainMenuDummyScene -> FXGLLoadingScene
10:49:43.144 [JavaFX Application Thread] DEBUG GameApplicationServi - Clearing previous game
10:49:43.144 [JavaFX Application Thread] DEBUG GameScene            - Clearing game scene
10:49:43.144 [JavaFX Application Thread] DEBUG GameWorld            - Clearing game world
10:49:43.171 [JavaFX Application Thread] DEBUG PhysicsWorld         - Clearing physics world
10:49:43.171 [FXGL Background Thread 2 ] DEBUG FXGLApplication      - Initializing game
10:49:43.268 [FXGL Background Thread 2 ] INFO  FXGLApplication      - Game initialization took: 0.097 sec
10:49:43.269 [JavaFX Application Thread] DEBUG Input                - Clearing active input actions
10:49:43.279 [JavaFX Application Thread] DEBUG GameApplicationServi - Removing overlay from FXGLLoadingScene and adding to GameScene
10:49:43.282 [JavaFX Application Thread] DEBUG PrimaryStageWindow   - FXGLLoadingScene -> GameScene
10:49:52.424 [JavaFX Application Thread] DEBUG PrimaryStageWindow   - Push state: GameMenu
10:49:52.424 [JavaFX Application Thread] DEBUG Input                - Clearing active input actions
10:49:52.425 [JavaFX Application Thread] DEBUG GameApplicationServi - Removing overlay from GameScene and adding to GameMenu
10:49:52.426 [JavaFX Application Thread] DEBUG PrimaryStageWindow   - GameScene -> GameMenu
10:50:30.780 [JavaFX Application Thread] DEBUG Menu                 - fireResume()
10:50:30.781 [JavaFX Application Thread] DEBUG PrimaryStageWindow   - Pop state: GameMenu
10:50:30.781 [JavaFX Application Thread] DEBUG Input                - Clearing active input actions
10:50:30.782 [JavaFX Application Thread] DEBUG GameApplicationServi - Removing overlay from GameMenu and adding to GameScene
10:50:30.783 [JavaFX Application Thread] DEBUG PrimaryStageWindow   - GameScene <- GameMenu
10:50:47.272 [JavaFX Application Thread] DEBUG PrimaryStageWindow   - Push state: GameMenu
10:50:47.272 [JavaFX Application Thread] DEBUG Input                - Clearing active input actions
10:50:47.272 [JavaFX Application Thread] DEBUG GameApplicationServi - Removing overlay from GameScene and adding to GameMenu
10:50:47.273 [JavaFX Application Thread] DEBUG PrimaryStageWindow   - GameScene -> GameMenu
10:50:52.484 [JavaFX Application Thread] DEBUG PrimaryStageWindow   - Pop state: GameMenu
10:50:52.484 [JavaFX Application Thread] DEBUG Input                - Clearing active input actions
10:50:52.485 [JavaFX Application Thread] DEBUG GameApplicationServi - Removing overlay from GameMenu and adding to GameScene
10:50:52.486 [JavaFX Application Thread] DEBUG PrimaryStageWindow   - GameScene <- GameMenu
10:51:16.711 [JavaFX Application Thread] DEBUG PrimaryStageWindow   - Push state: GameMenu
10:51:16.712 [JavaFX Application Thread] DEBUG Input                - Clearing active input actions
10:51:16.712 [JavaFX Application Thread] DEBUG GameApplicationServi - Removing overlay from GameScene and adding to GameMenu
10:51:16.713 [JavaFX Application Thread] DEBUG PrimaryStageWindow   - GameScene -> GameMenu
10:51:17.678 [JavaFX Application Thread] DEBUG Menu                 - fireExitToMainMenu()
10:51:17.691 [JavaFX Application Thread] DEBUG PrimaryStageWindow   - Push state: DialogSubScene
10:51:17.691 [JavaFX Application Thread] DEBUG Input                - Clearing active input actions
10:51:17.692 [JavaFX Application Thread] DEBUG GameApplicationServi - Removing overlay from GameMenu and adding to DialogSubScene
10:51:17.694 [JavaFX Application Thread] DEBUG PrimaryStageWindow   - GameMenu -> DialogSubScene
10:51:19.008 [JavaFX Application Thread] DEBUG PrimaryStageWindow   - Pop state: DialogSubScene
10:51:19.009 [JavaFX Application Thread] DEBUG Input                - Clearing active input actions
10:51:19.010 [JavaFX Application Thread] DEBUG GameApplicationServi - Removing overlay from DialogSubScene and adding to GameMenu
10:51:19.011 [JavaFX Application Thread] DEBUG PrimaryStageWindow   - GameMenu <- DialogSubScene
10:51:19.011 [JavaFX Application Thread] DEBUG PrimaryStageWindow   - Pop state: GameMenu
10:51:19.011 [JavaFX Application Thread] DEBUG Input                - Clearing active input actions
10:51:19.012 [JavaFX Application Thread] DEBUG GameApplicationServi - Removing overlay from GameMenu and adding to GameScene
10:51:19.012 [JavaFX Application Thread] DEBUG PrimaryStageWindow   - GameScene <- GameMenu
10:51:19.013 [JavaFX Application Thread] DEBUG Input                - Clearing active input actions
10:51:19.022 [JavaFX Application Thread] DEBUG GameApplicationServi - Removing overlay from GameScene and adding to FXGLMainMenuDummyScene
10:51:19.028 [JavaFX Application Thread] DEBUG PrimaryStageWindow   - GameScene -> FXGLMainMenuDummyScene
10:51:19.028 [JavaFX Application Thread] DEBUG PrimaryStageWindow   - Push state: MainMenu
10:51:19.028 [JavaFX Application Thread] DEBUG Input                - Clearing active input actions
10:51:19.028 [JavaFX Application Thread] DEBUG GameApplicationServi - Removing overlay from FXGLMainMenuDummyScene and adding to MainMenu
10:51:19.028 [JavaFX Application Thread] DEBUG PrimaryStageWindow   - FXGLMainMenuDummyScene -> MainMenu
10:51:20.113 [JavaFX Application Thread] DEBUG Menu                 - fireNewGame()
10:51:20.113 [JavaFX Application Thread] DEBUG GameApplicationServi - Starting new game
10:51:20.114 [JavaFX Application Thread] DEBUG PrimaryStageWindow   - Pop state: MainMenu
10:51:20.114 [JavaFX Application Thread] DEBUG Input                - Clearing active input actions
10:51:20.114 [JavaFX Application Thread] DEBUG GameApplicationServi - Removing overlay from MainMenu and adding to FXGLMainMenuDummyScene
10:51:20.115 [JavaFX Application Thread] DEBUG PrimaryStageWindow   - FXGLMainMenuDummyScene <- MainMenu
10:51:20.115 [JavaFX Application Thread] DEBUG Input                - Clearing active input actions
10:51:20.123 [JavaFX Application Thread] DEBUG GameApplicationServi - Removing overlay from FXGLMainMenuDummyScene and adding to FXGLLoadingScene
10:51:20.123 [JavaFX Application Thread] DEBUG PrimaryStageWindow   - FXGLMainMenuDummyScene -> FXGLLoadingScene
10:51:20.123 [JavaFX Application Thread] DEBUG GameApplicationServi - Clearing previous game
10:51:20.123 [JavaFX Application Thread] DEBUG GameScene            - Clearing game scene
10:51:20.123 [JavaFX Application Thread] DEBUG GameWorld            - Clearing game world
10:51:20.135 [JavaFX Application Thread] DEBUG PhysicsWorld         - Clearing physics world
10:51:20.136 [FXGL Background Thread 5 ] DEBUG FXGLApplication      - Initializing game
10:51:20.202 [FXGL Background Thread 5 ] INFO  FXGLApplication      - Game initialization took: 0.066 sec
10:51:20.204 [JavaFX Application Thread] DEBUG Input                - Clearing active input actions
10:51:20.210 [JavaFX Application Thread] DEBUG GameApplicationServi - Removing overlay from FXGLLoadingScene and adding to GameScene
10:51:20.211 [JavaFX Application Thread] DEBUG PrimaryStageWindow   - FXGLLoadingScene -> GameScene
10:51:36.442 [JavaFX Application Thread] DEBUG Input                - Clearing active input actions
10:51:36.445 [JavaFX Application Thread] DEBUG GameApplicationServi - Removing overlay from GameScene and adding to FXGLMainMenuDummyScene
10:51:36.446 [JavaFX Application Thread] DEBUG PrimaryStageWindow   - GameScene -> FXGLMainMenuDummyScene
10:51:36.447 [JavaFX Application Thread] DEBUG PrimaryStageWindow   - Push state: MainMenu
10:51:36.447 [JavaFX Application Thread] DEBUG Input                - Clearing active input actions
10:51:36.447 [JavaFX Application Thread] DEBUG GameApplicationServi - Removing overlay from FXGLMainMenuDummyScene and adding to MainMenu
10:51:36.447 [JavaFX Application Thread] DEBUG PrimaryStageWindow   - FXGLMainMenuDummyScene -> MainMenu
10:51:38.282 [JavaFX Application Thread] DEBUG FXGLApplication      - Exiting FXGL
10:51:38.282 [JavaFX Application Thread] DEBUG LoopRunner           - Stopping loop
10:51:38.282 [JavaFX Application Thread] DEBUG SystemBundleService  - Saving FXGL system data
10:51:38.285 [JavaFX Application Thread] DEBUG FileSystemAccess     - Writing to: E:\space_java\Game\game_datbom\system\fxgl.bundle
10:51:38.290 [JavaFX Application Thread] DEBUG Async                - Shutting down background threads
10:51:38.291 [JavaFX Application Thread] DEBUG PrimaryStageWindow   - Closing main window
10:51:38.322 [JavaFX Application Thread] DEBUG Logger               - Closing Logger
