17:40:09.025 [main                     ] DEBUG Logger               - Configured Logger
17:40:09.044 [main                     ] DEBUG GameApplication      - Logging settings
Title: Bomberman
Version: 1.0
Width: 1280
Height: 720
Fullscreen: false
Intro: false
Profiling: false
Single step:false
App Mode: DEVELOPER
Menu Key: ESCAPE
Stage Style: DECORATED
Scene Factory: class hellofx.Main$1

17:40:09.146 [JavaFX Application Thread] DEBUG FXGLApplication      - Initializing FXGL
17:40:09.152 [JavaFX Application Thread] INFO  Engine               - FXGL-17.1 (24.03.2022 17.34) on WINDOWS (J:18.0.2.1 FX:18)
17:40:09.153 [JavaFX Application Thread] DEBUG Engine               - JRE Vendor Name: Oracle Corporation
17:40:09.153 [JavaFX Application Thread] DEBUG Engine               - Running on OS: Windows 11 version 10.0
17:40:09.153 [JavaFX Application Thread] DEBUG Engine               - Architecture: amd64
17:40:09.154 [JavaFX Application Thread] INFO  Engine               - Source code and latest versions at: https://github.com/AlmasB/FXGL
17:40:09.154 [JavaFX Application Thread] INFO  Engine               -       Ask questions and discuss at: https://github.com/AlmasB/FXGL/discussions
17:40:09.154 [JavaFX Application Thread] INFO  Engine               -              Join the FXGL chat at: https://gitter.im/AlmasB/FXGL
17:40:09.200 [JavaFX Application Thread] DEBUG PrimaryStageWindow   - Creating a JavaFX scene
17:40:09.245 [JavaFX Application Thread] DEBUG PrimaryStageWindow   - Target settings size: 1280.0 x 720.0
17:40:09.246 [JavaFX Application Thread] DEBUG PrimaryStageWindow   - Scaled scene size:    1280.0 x 720.0
17:40:09.246 [JavaFX Application Thread] DEBUG PrimaryStageWindow   - Scaled ratio: (1.0, 1.0)
17:40:09.248 [JavaFX Application Thread] DEBUG PrimaryStageWindow   - Set initial scene to FXGLStartupScene
17:40:09.255 [JavaFX Application Thread] DEBUG PrimaryStageWindow   - Opening main window
17:40:09.349 [JavaFX Application Thread] DEBUG PrimaryStageWindow   - Window border size: (16.0, 39.0)
17:40:09.350 [JavaFX Application Thread] DEBUG PrimaryStageWindow   - Scaled size: 1280.0 x 720.0
17:40:09.350 [JavaFX Application Thread] DEBUG PrimaryStageWindow   - Scaled ratio: (1.0, 1.0)
17:40:09.350 [JavaFX Application Thread] DEBUG PrimaryStageWindow   - Scene size: 1280.0 x 720.0
17:40:09.350 [JavaFX Application Thread] DEBUG PrimaryStageWindow   - Stage size: 1296.0 x 759.0
17:40:09.358 [FXGL Background Thread 1 ] DEBUG Engine               - Initializing environment variables
17:40:09.427 [FXGL Background Thread 1 ] DEBUG FXGLAssetLoaderServi - User app class for loading assets: class hellofx.Main
17:40:09.427 [FXGL Background Thread 1 ] DEBUG GameApplicationServi - Applying CSS: fxgl_dark.css
17:40:09.428 [FXGL Background Thread 1 ] DEBUG FXGLAssetLoaderServi - Loading from file system: jar:file:/C:/Users/chaum/.m2/repository/com/github/almasb/fxgl/17.1/fxgl-17.1.jar!/fxglassets/ui/css/fxgl_dark.css
17:40:09.473 [FXGL Background Thread 1 ] DEBUG GameApplicationServi - Initializing application scenes
17:40:09.513 [FXGL Background Thread 1 ] DEBUG GameWorld            - Game world initialized
17:40:09.564 [FXGL Background Thread 1 ] DEBUG PhysicsWorld         - Physics world initialized: appHeight=720, physics.ppm=50.0
17:40:09.564 [FXGL Background Thread 1 ] DEBUG PhysicsWorld         - Using strategy: BRUTE_FORCE
17:40:09.568 [FXGL Background Thread 1 ] DEBUG GameScene            - Game scene initialized: 1280x720
17:40:09.628 [FXGL Background Thread 1 ] DEBUG GameApplicationServi - Application scenes initialized
17:40:09.650 [FXGL Background Thread 1 ] DEBUG SystemBundleService  - Loading FXGL system data
17:40:09.659 [FXGL Background Thread 1 ] DEBUG FileSystemAccess     - Reading from: E:\space_java\Game\game_datbom\system\fxgl.bundle
17:40:09.671 [FXGL Background Thread 1 ] DEBUG SystemBundleService  - Bundle FXGL: {}
17:40:09.672 [FXGL Background Thread 1 ] DEBUG UpdaterService       - Checking for updates
17:40:09.711 [FXGL Background Thread 4 ] DEBUG FXGLApplication      - Loading fonts
17:40:09.712 [FXGL Background Thread 1 ] DEBUG FXGLApplication      - Loading default localization
17:40:09.712 [FXGL Background Thread 4 ] DEBUG FXGLAssetLoaderServi - Loading from file system: jar:file:/C:/Users/chaum/.m2/repository/com/github/almasb/fxgl/17.1/fxgl-17.1.jar!/fxglassets/ui/fonts/VarelaRound-Regular.ttf
17:40:09.713 [FXGL Background Thread 1 ] DEBUG FXGLAssetLoaderServi - Loading from file system: jar:file:/C:/Users/chaum/.m2/repository/com/github/almasb/fxgl/17.1/fxgl-17.1.jar!/fxglassets/languages/english.lang
17:40:09.729 [FXGL Background Thread 1 ] INFO  FXGLApplication      - FXGL initialization took: 0.370 sec
17:40:09.741 [JavaFX Application Thread] DEBUG Input                - Registered new binding: action0 - F
17:40:09.742 [JavaFX Application Thread] DEBUG Input                - Registered new binding: action1 - G
17:40:09.742 [JavaFX Application Thread] DEBUG Input                - Registered new binding: action2 - R
17:40:09.743 [JavaFX Application Thread] DEBUG Input                - Registered new binding: action3 - T
17:40:09.743 [JavaFX Application Thread] DEBUG Input                - Registered new binding: Right - D
17:40:09.743 [JavaFX Application Thread] DEBUG Input                - Registered new binding: Left - A
17:40:09.743 [JavaFX Application Thread] DEBUG Input                - Registered new binding: Up - W
17:40:09.743 [JavaFX Application Thread] DEBUG Input                - Registered new binding: Down - S
17:40:09.744 [JavaFX Application Thread] DEBUG Input                - Registered new binding: Place boom - Space
17:40:09.744 [JavaFX Application Thread] DEBUG FXGLAssetLoaderServi - Loading from file system: file:/E:/space_java/Game/game_datbom/target/classes/assets/textures/icon/icon.png
17:40:09.779 [FXGL Background Thread 4 ] DEBUG FXGLAssetLoaderServi - Loading from file system: jar:file:/C:/Users/chaum/.m2/repository/com/github/almasb/fxgl/17.1/fxgl-17.1.jar!/fxglassets/ui/fonts/Abel-Regular.ttf
17:40:09.784 [FXGL Background Thread 4 ] DEBUG FXGLAssetLoaderServi - Loading from file system: jar:file:/C:/Users/chaum/.m2/repository/com/github/almasb/fxgl/17.1/fxgl-17.1.jar!/fxglassets/ui/fonts/TerminalLandMono-Regular.otf
17:40:09.788 [FXGL Background Thread 4 ] DEBUG FXGLAssetLoaderServi - Loading from file system: jar:file:/C:/Users/chaum/.m2/repository/com/github/almasb/fxgl/17.1/fxgl-17.1.jar!/fxglassets/ui/fonts/Courier-Prime.ttf
17:40:09.811 [JavaFX Application Thread] DEBUG FXGLAssetLoaderServi - Loading from file system: file:/E:/space_java/Game/game_datbom/target/classes/assets/textures/cursor/cursor1.png
17:40:09.820 [JavaFX Application Thread] DEBUG Input                - Registered new binding: Screenshot - CTRL+8
17:40:09.820 [JavaFX Application Thread] DEBUG Input                - Registered new binding: Dev Options - 1
17:40:09.821 [JavaFX Application Thread] DEBUG Input                - Registered new binding: Dev Console - 2
17:40:09.821 [JavaFX Application Thread] DEBUG Input                - Registered new binding: System info dump - CTRL+9
17:40:09.822 [JavaFX Application Thread] DEBUG Input                - Registered new binding: Restart - CTRL+R
17:40:09.822 [JavaFX Application Thread] DEBUG Input                - Registered new binding: Toggle Debug Camera - CTRL+7
17:40:09.825 [JavaFX Application Thread] DEBUG LoopRunner           - Starting loop
17:40:09.837 [JavaFX Application Thread] DEBUG LoopRunner           - Initializing JavaFX AnimationTimerLoop
17:40:09.841 [JavaFX Application Thread] DEBUG Input                - Clearing active input actions
17:40:09.848 [JavaFX Application Thread] DEBUG GameApplicationServi - Removing overlay from FXGLStartupScene and adding to FXGLMainMenuDummyScene
17:40:09.851 [JavaFX Application Thread] DEBUG PrimaryStageWindow   - FXGLStartupScene -> FXGLMainMenuDummyScene
17:40:09.851 [JavaFX Application Thread] DEBUG PrimaryStageWindow   - Push state: MainMenu
17:40:09.851 [JavaFX Application Thread] DEBUG Input                - Clearing active input actions
17:40:09.854 [JavaFX Application Thread] DEBUG GameApplicationServi - Removing overlay from FXGLMainMenuDummyScene and adding to MainMenu
17:40:09.855 [JavaFX Application Thread] DEBUG PrimaryStageWindow   - FXGLMainMenuDummyScene -> MainMenu
17:40:09.855 [JavaFX Application Thread] DEBUG FXGLApplication      - Registering font factories with UI factory
17:40:11.309 [FXGL Background Thread 2 ] INFO  UpdaterService       - Your current version:  17.1
17:40:11.310 [FXGL Background Thread 2 ] INFO  UpdaterService       - Latest stable version: 17.2
17:40:12.710 [FXGL Background Thread 3 ] DEBUG Engine               - Logging environment variables
17:40:12.710 [FXGL Background Thread 3 ] DEBUG Engine               - achievements: []
17:40:12.711 [FXGL Background Thread 3 ] DEBUG Engine               - actualHeight: 720.0
17:40:12.711 [FXGL Background Thread 3 ] DEBUG Engine               - actualHeightProperty: ReadOnlyDoubleProperty [value: 720.0]
17:40:12.711 [FXGL Background Thread 3 ] DEBUG Engine               - actualWidth: 1280.0
17:40:12.711 [FXGL Background Thread 3 ] DEBUG Engine               - actualWidthProperty: ReadOnlyDoubleProperty [value: 1280.0]
17:40:12.711 [FXGL Background Thread 3 ] DEBUG Engine               - appIcon: icon/icon.png
17:40:12.711 [FXGL Background Thread 3 ] DEBUG Engine               - applicationMode: DEVELOPER
17:40:12.711 [FXGL Background Thread 3 ] DEBUG Engine               - cSSList: [fxgl_dark.css]
17:40:12.711 [FXGL Background Thread 3 ] DEBUG Engine               - collisionDetectionStrategy: BRUTE_FORCE
17:40:12.712 [FXGL Background Thread 3 ] DEBUG Engine               - configClass: Optional.empty
17:40:12.712 [FXGL Background Thread 3 ] DEBUG Engine               - credits: []
17:40:12.713 [FXGL Background Thread 3 ] DEBUG Engine               - defaultCursor: CursorInfo(imageName=cursor/cursor1.png, hotspotX=0.0, hotspotY=0.0)
17:40:12.713 [FXGL Background Thread 3 ] DEBUG Engine               - devBBoxColorProperty: ObjectProperty [value: 0xff0000ff]
17:40:12.713 [FXGL Background Thread 3 ] DEBUG Engine               - devEnableDebugCameraProperty: BooleanProperty [value: false]
17:40:12.714 [FXGL Background Thread 3 ] DEBUG Engine               - devSensorColorProperty: ObjectProperty [value: 0xffff00ff]
17:40:12.714 [FXGL Background Thread 3 ] DEBUG Engine               - devShowBBoxProperty: BooleanProperty [value: false]
17:40:12.714 [FXGL Background Thread 3 ] DEBUG Engine               - devShowPositionProperty: BooleanProperty [value: false]
17:40:12.714 [FXGL Background Thread 3 ] DEBUG Engine               - enabledMenuItems: []
17:40:12.714 [FXGL Background Thread 3 ] DEBUG Engine               - engineServices: [class com.almasb.fxgl.app.services.FXGLAssetLoaderService, class com.almasb.fxgl.app.FXGLApplication$GameApplicationService, class com.almasb.fxgl.app.services.FXGLDialogService, class com.almasb.fxgl.app.services.IOTaskExecutorService, class com.almasb.fxgl.io.FileSystemService, class com.almasb.fxgl.localization.LocalizationService, class com.almasb.fxgl.app.services.SystemBundleService, class com.almasb.fxgl.profile.SaveLoadService, class com.almasb.fxgl.ui.FXGLUIFactoryServiceProvider, class com.almasb.fxgl.ui.FXGLDialogFactoryServiceProvider, class com.almasb.fxgl.audio.AudioPlayer, class com.almasb.fxgl.notification.impl.NotificationServiceProvider, class com.almasb.fxgl.achievement.AchievementService, class com.almasb.fxgl.cutscene.CutsceneService, class com.almasb.fxgl.minigames.MiniGameService, class com.almasb.fxgl.net.NetService, class com.almasb.fxgl.app.services.UpdaterService, class com.almasb.fxgl.dev.DevService]
17:40:12.714 [FXGL Background Thread 3 ] DEBUG Engine               - fontGame: Abel-Regular.ttf
17:40:12.714 [FXGL Background Thread 3 ] DEBUG Engine               - fontMono: TerminalLandMono-Regular.otf
17:40:12.714 [FXGL Background Thread 3 ] DEBUG Engine               - fontText: Courier-Prime.ttf
17:40:12.714 [FXGL Background Thread 3 ] DEBUG Engine               - fontUI: VarelaRound-Regular.ttf
17:40:12.715 [FXGL Background Thread 3 ] DEBUG Engine               - fullScreen: BooleanProperty [value: false]
17:40:12.715 [FXGL Background Thread 3 ] DEBUG Engine               - gameDifficulty: MEDIUM
17:40:12.715 [FXGL Background Thread 3 ] DEBUG Engine               - gameDifficultyProperty: ObjectProperty [value: MEDIUM]
17:40:12.715 [FXGL Background Thread 3 ] DEBUG Engine               - globalMusicVolume: 0.5
17:40:12.715 [FXGL Background Thread 3 ] DEBUG Engine               - globalMusicVolumeProperty: DoubleProperty [value: 0.5]
17:40:12.715 [FXGL Background Thread 3 ] DEBUG Engine               - globalSoundVolume: 0.5
17:40:12.715 [FXGL Background Thread 3 ] DEBUG Engine               - globalSoundVolumeProperty: DoubleProperty [value: 0.5]
17:40:12.715 [FXGL Background Thread 3 ] DEBUG Engine               - height: 720
17:40:12.715 [FXGL Background Thread 3 ] DEBUG Engine               - is3D: false
17:40:12.715 [FXGL Background Thread 3 ] DEBUG Engine               - isAndroid: false
17:40:12.716 [FXGL Background Thread 3 ] DEBUG Engine               - isBrowser: false
17:40:12.716 [FXGL Background Thread 3 ] DEBUG Engine               - isClickFeedbackEnabled: false
17:40:12.716 [FXGL Background Thread 3 ] DEBUG Engine               - isCloseConfirmation: false
17:40:12.716 [FXGL Background Thread 3 ] DEBUG Engine               - isDesktop: true
17:40:12.716 [FXGL Background Thread 3 ] DEBUG Engine               - isDeveloperMenuEnabled: true
17:40:12.716 [FXGL Background Thread 3 ] DEBUG Engine               - isEmbedded: false
17:40:12.716 [FXGL Background Thread 3 ] DEBUG Engine               - isEntityPreloadEnabled: true
17:40:12.716 [FXGL Background Thread 3 ] DEBUG Engine               - isExperimentalTiledLargeMap: false
17:40:12.716 [FXGL Background Thread 3 ] DEBUG Engine               - isFileSystemWriteAllowed: true
17:40:12.716 [FXGL Background Thread 3 ] DEBUG Engine               - isFullScreenAllowed: false
17:40:12.716 [FXGL Background Thread 3 ] DEBUG Engine               - isFullScreenFromStart: false
17:40:12.716 [FXGL Background Thread 3 ] DEBUG Engine               - isGameMenuEnabled: true
17:40:12.717 [FXGL Background Thread 3 ] DEBUG Engine               - isIOS: false
17:40:12.717 [FXGL Background Thread 3 ] DEBUG Engine               - isIntroEnabled: false
17:40:12.717 [FXGL Background Thread 3 ] DEBUG Engine               - isLinux: false
17:40:12.717 [FXGL Background Thread 3 ] DEBUG Engine               - isMac: false
17:40:12.717 [FXGL Background Thread 3 ] DEBUG Engine               - isMainMenuEnabled: true
17:40:12.717 [FXGL Background Thread 3 ] DEBUG Engine               - isManualResizeEnabled: false
17:40:12.717 [FXGL Background Thread 3 ] DEBUG Engine               - isMobile: false
17:40:12.717 [FXGL Background Thread 3 ] DEBUG Engine               - isNative: false
17:40:12.717 [FXGL Background Thread 3 ] DEBUG Engine               - isPauseMusicWhenMinimized: true
17:40:12.717 [FXGL Background Thread 3 ] DEBUG Engine               - isPreserveResizeRatio: false
17:40:12.718 [FXGL Background Thread 3 ] DEBUG Engine               - isProfilingEnabled: false
17:40:12.718 [FXGL Background Thread 3 ] DEBUG Engine               - isScaleAffectedOnResize: true
17:40:12.718 [FXGL Background Thread 3 ] DEBUG Engine               - isSingleStep: false
17:40:12.718 [FXGL Background Thread 3 ] DEBUG Engine               - isUserProfileEnabled: false
17:40:12.718 [FXGL Background Thread 3 ] DEBUG Engine               - isWindows: true
17:40:12.718 [FXGL Background Thread 3 ] DEBUG Engine               - language: ObjectProperty [value: ENGLISH]
17:40:12.718 [FXGL Background Thread 3 ] DEBUG Engine               - menuKey: ESCAPE
17:40:12.718 [FXGL Background Thread 3 ] DEBUG Engine               - mouseSensitivity: 0.2
17:40:12.718 [FXGL Background Thread 3 ] DEBUG Engine               - notificationViewClass: class com.almasb.fxgl.notification.view.XboxNotificationView
17:40:12.718 [FXGL Background Thread 3 ] DEBUG Engine               - pixelsPerMeter: 50.0
17:40:12.718 [FXGL Background Thread 3 ] DEBUG Engine               - platform: WINDOWS
17:40:12.718 [FXGL Background Thread 3 ] DEBUG Engine               - prefHeightProperty: ReadOnlyDoubleProperty [value: 720.0]
17:40:12.718 [FXGL Background Thread 3 ] DEBUG Engine               - prefWidthProperty: ReadOnlyDoubleProperty [value: 1280.0]
17:40:12.718 [FXGL Background Thread 3 ] DEBUG Engine               - profileDir: profiles/
17:40:12.719 [FXGL Background Thread 3 ] DEBUG Engine               - profileName: StringProperty [value: DEFAULT]
17:40:12.719 [FXGL Background Thread 3 ] DEBUG Engine               - randomSeed: -1
17:40:12.719 [FXGL Background Thread 3 ] DEBUG Engine               - runtimeInfo: RuntimeInfo(platform=WINDOWS, version=17.1, build=24.03.2022 17.34)
17:40:12.719 [FXGL Background Thread 3 ] DEBUG Engine               - saveFileExt: sav
17:40:12.719 [FXGL Background Thread 3 ] DEBUG Engine               - scaledHeightProp$fxgl: DoubleProperty [bound, value: 720.0]
17:40:12.719 [FXGL Background Thread 3 ] DEBUG Engine               - scaledWidthProp$fxgl: DoubleProperty [bound, value: 1280.0]
17:40:12.719 [FXGL Background Thread 3 ] DEBUG Engine               - sceneFactory: hellofx.Main$1@4d99f8b8
17:40:12.719 [FXGL Background Thread 3 ] DEBUG Engine               - secondsIn24h: 60
17:40:12.719 [FXGL Background Thread 3 ] DEBUG Engine               - soundMenuBack: menu/back.wav
17:40:12.719 [FXGL Background Thread 3 ] DEBUG Engine               - soundMenuPress: menu/press.wav
17:40:12.720 [FXGL Background Thread 3 ] DEBUG Engine               - soundMenuSelect: menu/select.wav
17:40:12.720 [FXGL Background Thread 3 ] DEBUG Engine               - soundNotification: core/notification.wav
17:40:12.720 [FXGL Background Thread 3 ] DEBUG Engine               - stageStyle: DECORATED
17:40:12.720 [FXGL Background Thread 3 ] DEBUG Engine               - supportedLanguages: [ENGLISH, FRENCH, GERMAN, HUNGARIAN, RUSSIAN]
17:40:12.720 [FXGL Background Thread 3 ] DEBUG Engine               - ticksPerSecond: -1
17:40:12.720 [FXGL Background Thread 3 ] DEBUG Engine               - title: Bomberman
17:40:12.720 [FXGL Background Thread 3 ] DEBUG Engine               - urlGithub: https://github.com/AlmasB/FXGL
17:40:12.720 [FXGL Background Thread 3 ] DEBUG Engine               - urlLeaderboard: http://fxgl-top.herokuapp.com/
17:40:12.720 [FXGL Background Thread 3 ] DEBUG Engine               - urlPOM: https://raw.githubusercontent.com/AlmasB/FXGL/release/README.md
17:40:12.720 [FXGL Background Thread 3 ] DEBUG Engine               - userAppClass: class hellofx.Main
17:40:12.720 [FXGL Background Thread 3 ] DEBUG Engine               - version: 1.0
17:40:12.720 [FXGL Background Thread 3 ] DEBUG Engine               - versionCheckDays: 7
17:40:12.721 [FXGL Background Thread 3 ] DEBUG Engine               - width: 1280
17:40:12.721 [FXGL Background Thread 3 ] DEBUG Engine               - Logging services
17:40:12.721 [FXGL Background Thread 3 ] DEBUG Engine               - class com.almasb.fxgl.app.services.FXGLAssetLoaderService
17:40:12.721 [FXGL Background Thread 3 ] DEBUG Engine               - class com.almasb.fxgl.app.FXGLApplication$GameApplicationService
17:40:12.721 [FXGL Background Thread 3 ] DEBUG Engine               - class com.almasb.fxgl.app.services.FXGLDialogService
17:40:12.721 [FXGL Background Thread 3 ] DEBUG Engine               - class com.almasb.fxgl.app.services.IOTaskExecutorService
17:40:12.721 [FXGL Background Thread 3 ] DEBUG Engine               - class com.almasb.fxgl.io.FileSystemService
17:40:12.721 [FXGL Background Thread 3 ] DEBUG Engine               - class com.almasb.fxgl.localization.LocalizationService
17:40:12.721 [FXGL Background Thread 3 ] DEBUG Engine               - class com.almasb.fxgl.app.services.SystemBundleService
17:40:12.721 [FXGL Background Thread 3 ] DEBUG Engine               - class com.almasb.fxgl.profile.SaveLoadService
17:40:12.721 [FXGL Background Thread 3 ] DEBUG Engine               - class com.almasb.fxgl.ui.FXGLUIFactoryServiceProvider
17:40:12.722 [FXGL Background Thread 3 ] DEBUG Engine               - class com.almasb.fxgl.ui.FXGLDialogFactoryServiceProvider
17:40:12.722 [FXGL Background Thread 3 ] DEBUG Engine               - class com.almasb.fxgl.audio.AudioPlayer
17:40:12.722 [FXGL Background Thread 3 ] DEBUG Engine               - class com.almasb.fxgl.notification.impl.NotificationServiceProvider
17:40:12.722 [FXGL Background Thread 3 ] DEBUG Engine               - class com.almasb.fxgl.achievement.AchievementService
17:40:12.722 [FXGL Background Thread 3 ] DEBUG Engine               - class com.almasb.fxgl.cutscene.CutsceneService
17:40:12.722 [FXGL Background Thread 3 ] DEBUG Engine               - class com.almasb.fxgl.minigames.MiniGameService
17:40:12.722 [FXGL Background Thread 3 ] DEBUG Engine               - class com.almasb.fxgl.net.NetService
17:40:12.722 [FXGL Background Thread 3 ] DEBUG Engine               - class com.almasb.fxgl.app.services.UpdaterService
17:40:12.722 [FXGL Background Thread 3 ] DEBUG Engine               - class com.almasb.fxgl.dev.DevService
17:40:12.912 [JavaFX Application Thread] DEBUG Menu                 - fireNewGame()
17:40:12.912 [JavaFX Application Thread] DEBUG GameApplicationServi - Starting new game
17:40:12.912 [JavaFX Application Thread] DEBUG PrimaryStageWindow   - Pop state: MainMenu
17:40:12.913 [JavaFX Application Thread] DEBUG Input                - Clearing active input actions
17:40:12.914 [JavaFX Application Thread] DEBUG GameApplicationServi - Removing overlay from MainMenu and adding to FXGLMainMenuDummyScene
17:40:12.918 [JavaFX Application Thread] DEBUG PrimaryStageWindow   - FXGLMainMenuDummyScene <- MainMenu
17:40:12.918 [JavaFX Application Thread] DEBUG Input                - Clearing active input actions
17:40:12.925 [JavaFX Application Thread] DEBUG GameApplicationServi - Removing overlay from FXGLMainMenuDummyScene and adding to FXGLLoadingScene
17:40:12.925 [JavaFX Application Thread] DEBUG PrimaryStageWindow   - FXGLMainMenuDummyScene -> FXGLLoadingScene
17:40:12.926 [JavaFX Application Thread] DEBUG GameApplicationServi - Clearing previous game
17:40:12.926 [JavaFX Application Thread] DEBUG GameScene            - Clearing game scene
17:40:12.926 [JavaFX Application Thread] DEBUG GameWorld            - Clearing game world
17:40:12.926 [JavaFX Application Thread] DEBUG PhysicsWorld         - Clearing physics world
17:40:12.929 [FXGL Background Thread 2 ] DEBUG FXGLApplication      - Initializing game
17:40:12.959 [FXGL Background Thread 2 ] DEBUG FXGLAssetLoaderServi - Loading from file system: file:/E:/space_java/Game/game_datbom/target/classes/assets/textures/mapTexture/grass.png
17:40:12.967 [FXGL Background Thread 2 ] DEBUG FXGLAssetLoaderServi - Loading from file system: file:/E:/space_java/Game/game_datbom/target/classes/assets/textures/mapTexture/wall2.png
17:40:13.017 [FXGL Background Thread 2 ] DEBUG FXGLAssetLoaderServi - Loading from file system: file:/E:/space_java/Game/game_datbom/target/classes/assets/textures/gameItem/powerup_bombs.png
17:40:13.021 [FXGL Background Thread 2 ] DEBUG FXGLAssetLoaderServi - Loading from file system: file:/E:/space_java/Game/game_datbom/target/classes/assets/textures/gameItem/powerup_flamepass.png
17:40:13.027 [FXGL Background Thread 2 ] DEBUG FXGLAssetLoaderServi - Loading from file system: file:/E:/space_java/Game/game_datbom/target/classes/assets/textures/gameItem/powerup_flames.png
17:40:13.032 [FXGL Background Thread 2 ] DEBUG FXGLAssetLoaderServi - Loading from file system: file:/E:/space_java/Game/game_datbom/target/classes/assets/textures/gameItem/powerup_speed.png
17:40:13.044 [FXGL Background Thread 2 ] DEBUG FXGLAssetLoaderServi - Loading from file system: file:/E:/space_java/Game/game_datbom/target/classes/assets/textures/enemy/balloon36.png
17:40:13.102 [FXGL Background Thread 2 ] DEBUG FXGLAssetLoaderServi - Loading from file system: file:/E:/space_java/Game/game_datbom/target/classes/assets/textures/mapTexture%5cbrick.png
17:40:13.103 [FXGL Background Thread 2 ] DEBUG FXGLAssetLoaderServi - Loading from file system: file:/E:/space_java/Game/game_datbom/target/classes/assets/textures/mapTexture%5cbrick_break.png
17:40:13.191 [FXGL Background Thread 2 ] DEBUG FXGLAssetLoaderServi - Loading from file system: file:/E:/space_java/Game/game_datbom/target/classes/assets/textures/mapTexture/portal.png
17:40:13.267 [FXGL Background Thread 2 ] DEBUG FXGLAssetLoaderServi - Loading from file system: file:/E:/space_java/Game/game_datbom/target/classes/assets/textures/character/gold_player_dead.png
17:40:13.268 [FXGL Background Thread 2 ] DEBUG FXGLAssetLoaderServi - Loading from file system: file:/E:/space_java/Game/game_datbom/target/classes/assets/textures/character/gold_player_down.png
17:40:13.269 [FXGL Background Thread 2 ] DEBUG FXGLAssetLoaderServi - Loading from file system: file:/E:/space_java/Game/game_datbom/target/classes/assets/textures/character/gold_player_up.png
17:40:13.270 [FXGL Background Thread 2 ] DEBUG FXGLAssetLoaderServi - Loading from file system: file:/E:/space_java/Game/game_datbom/target/classes/assets/textures/character/gold_player_left_temp.png
17:40:13.271 [FXGL Background Thread 2 ] DEBUG FXGLAssetLoaderServi - Loading from file system: file:/E:/space_java/Game/game_datbom/target/classes/assets/textures/character/gold_player_right_temp.png
17:40:13.274 [FXGL Background Thread 2 ] INFO  FXGLApplication      - Game initialization took: 0.345 sec
17:40:13.280 [JavaFX Application Thread] DEBUG Input                - Clearing active input actions
17:40:13.296 [JavaFX Application Thread] DEBUG GameApplicationServi - Removing overlay from FXGLLoadingScene and adding to GameScene
17:40:13.299 [JavaFX Application Thread] DEBUG PrimaryStageWindow   - FXGLLoadingScene -> GameScene
17:40:26.881 [JavaFX Application Thread] DEBUG Input                - Clearing active input actions
17:40:26.890 [JavaFX Application Thread] DEBUG GameApplicationServi - Removing overlay from GameScene and adding to FXGLMainMenuDummyScene
17:40:26.892 [JavaFX Application Thread] DEBUG PrimaryStageWindow   - GameScene -> FXGLMainMenuDummyScene
17:40:26.892 [JavaFX Application Thread] DEBUG PrimaryStageWindow   - Push state: MainMenu
17:40:26.892 [JavaFX Application Thread] DEBUG Input                - Clearing active input actions
17:40:26.893 [JavaFX Application Thread] DEBUG GameApplicationServi - Removing overlay from FXGLMainMenuDummyScene and adding to MainMenu
17:40:26.893 [JavaFX Application Thread] DEBUG PrimaryStageWindow   - FXGLMainMenuDummyScene -> MainMenu
17:40:28.044 [JavaFX Application Thread] DEBUG Menu                 - fireNewGame()
17:40:28.044 [JavaFX Application Thread] DEBUG GameApplicationServi - Starting new game
17:40:28.044 [JavaFX Application Thread] DEBUG PrimaryStageWindow   - Pop state: MainMenu
17:40:28.044 [JavaFX Application Thread] DEBUG Input                - Clearing active input actions
17:40:28.045 [JavaFX Application Thread] DEBUG GameApplicationServi - Removing overlay from MainMenu and adding to FXGLMainMenuDummyScene
17:40:28.047 [JavaFX Application Thread] DEBUG PrimaryStageWindow   - FXGLMainMenuDummyScene <- MainMenu
17:40:28.047 [JavaFX Application Thread] DEBUG Input                - Clearing active input actions
17:40:28.058 [JavaFX Application Thread] DEBUG GameApplicationServi - Removing overlay from FXGLMainMenuDummyScene and adding to FXGLLoadingScene
17:40:28.060 [JavaFX Application Thread] DEBUG PrimaryStageWindow   - FXGLMainMenuDummyScene -> FXGLLoadingScene
17:40:28.060 [JavaFX Application Thread] DEBUG GameApplicationServi - Clearing previous game
17:40:28.060 [JavaFX Application Thread] DEBUG GameScene            - Clearing game scene
17:40:28.060 [JavaFX Application Thread] DEBUG GameWorld            - Clearing game world
17:40:28.088 [JavaFX Application Thread] DEBUG PhysicsWorld         - Clearing physics world
17:40:28.090 [FXGL Background Thread 2 ] DEBUG FXGLApplication      - Initializing game
17:40:28.190 [FXGL Background Thread 2 ] INFO  FXGLApplication      - Game initialization took: 0.100 sec
17:40:28.191 [JavaFX Application Thread] DEBUG Input                - Clearing active input actions
17:40:28.201 [JavaFX Application Thread] DEBUG GameApplicationServi - Removing overlay from FXGLLoadingScene and adding to GameScene
17:40:28.202 [JavaFX Application Thread] DEBUG PrimaryStageWindow   - FXGLLoadingScene -> GameScene
17:40:32.781 [JavaFX Application Thread] DEBUG FXGLAssetLoaderServi - Loading from file system: file:/E:/space_java/Game/game_datbom/target/classes/assets/textures/character%5cbomb.png
17:40:32.783 [JavaFX Application Thread] DEBUG FXGLAssetLoaderServi - Loading from file system: file:/E:/space_java/Game/game_datbom/target/classes/assets/textures/flame%5cleft_flame.png
17:40:32.784 [JavaFX Application Thread] DEBUG FXGLAssetLoaderServi - Loading from file system: file:/E:/space_java/Game/game_datbom/target/classes/assets/textures/flame%5cup_flame.png
17:40:32.785 [JavaFX Application Thread] DEBUG FXGLAssetLoaderServi - Loading from file system: file:/E:/space_java/Game/game_datbom/target/classes/assets/textures/flame%5ccentral_flame.png
17:40:40.000 [JavaFX Application Thread] DEBUG Input                - Clearing active input actions
17:40:40.005 [JavaFX Application Thread] DEBUG GameApplicationServi - Removing overlay from GameScene and adding to FXGLMainMenuDummyScene
17:40:40.006 [JavaFX Application Thread] DEBUG PrimaryStageWindow   - GameScene -> FXGLMainMenuDummyScene
17:40:40.006 [JavaFX Application Thread] DEBUG PrimaryStageWindow   - Push state: MainMenu
17:40:40.006 [JavaFX Application Thread] DEBUG Input                - Clearing active input actions
17:40:40.007 [JavaFX Application Thread] DEBUG GameApplicationServi - Removing overlay from FXGLMainMenuDummyScene and adding to MainMenu
17:40:40.007 [JavaFX Application Thread] DEBUG PrimaryStageWindow   - FXGLMainMenuDummyScene -> MainMenu
17:40:41.125 [JavaFX Application Thread] DEBUG Menu                 - fireNewGame()
17:40:41.126 [JavaFX Application Thread] DEBUG GameApplicationServi - Starting new game
17:40:41.126 [JavaFX Application Thread] DEBUG PrimaryStageWindow   - Pop state: MainMenu
17:40:41.126 [JavaFX Application Thread] DEBUG Input                - Clearing active input actions
17:40:41.127 [JavaFX Application Thread] DEBUG GameApplicationServi - Removing overlay from MainMenu and adding to FXGLMainMenuDummyScene
17:40:41.129 [JavaFX Application Thread] DEBUG PrimaryStageWindow   - FXGLMainMenuDummyScene <- MainMenu
17:40:41.129 [JavaFX Application Thread] DEBUG Input                - Clearing active input actions
17:40:41.138 [JavaFX Application Thread] DEBUG GameApplicationServi - Removing overlay from FXGLMainMenuDummyScene and adding to FXGLLoadingScene
17:40:41.139 [JavaFX Application Thread] DEBUG PrimaryStageWindow   - FXGLMainMenuDummyScene -> FXGLLoadingScene
17:40:41.139 [JavaFX Application Thread] DEBUG GameApplicationServi - Clearing previous game
17:40:41.139 [JavaFX Application Thread] DEBUG GameScene            - Clearing game scene
17:40:41.139 [JavaFX Application Thread] DEBUG GameWorld            - Clearing game world
17:40:41.153 [JavaFX Application Thread] DEBUG PhysicsWorld         - Clearing physics world
17:40:41.153 [FXGL Background Thread 2 ] DEBUG FXGLApplication      - Initializing game
17:40:41.218 [FXGL Background Thread 2 ] INFO  FXGLApplication      - Game initialization took: 0.065 sec
17:40:41.229 [JavaFX Application Thread] DEBUG Input                - Clearing active input actions
17:40:41.237 [JavaFX Application Thread] DEBUG GameApplicationServi - Removing overlay from FXGLLoadingScene and adding to GameScene
17:40:41.238 [JavaFX Application Thread] DEBUG PrimaryStageWindow   - FXGLLoadingScene -> GameScene
17:40:46.000 [JavaFX Application Thread] WARN  GameWorld            - Attempted to remove entity which is not active
17:40:46.514 [JavaFX Application Thread] DEBUG Input                - Clearing active input actions
17:40:46.521 [JavaFX Application Thread] DEBUG GameApplicationServi - Removing overlay from GameScene and adding to FXGLMainMenuDummyScene
17:40:46.522 [JavaFX Application Thread] DEBUG PrimaryStageWindow   - GameScene -> FXGLMainMenuDummyScene
17:40:46.522 [JavaFX Application Thread] DEBUG PrimaryStageWindow   - Push state: MainMenu
17:40:46.522 [JavaFX Application Thread] DEBUG Input                - Clearing active input actions
17:40:46.523 [JavaFX Application Thread] DEBUG GameApplicationServi - Removing overlay from FXGLMainMenuDummyScene and adding to MainMenu
17:40:46.523 [JavaFX Application Thread] DEBUG PrimaryStageWindow   - FXGLMainMenuDummyScene -> MainMenu
17:40:46.523 [JavaFX Application Thread] DEBUG PrimaryStageWindow   - Pop state: MainMenu
17:40:46.523 [JavaFX Application Thread] DEBUG Input                - Clearing active input actions
17:40:46.523 [JavaFX Application Thread] DEBUG GameApplicationServi - Removing overlay from MainMenu and adding to FXGLMainMenuDummyScene
17:40:46.525 [JavaFX Application Thread] DEBUG PrimaryStageWindow   - FXGLMainMenuDummyScene <- MainMenu
17:40:46.526 [JavaFX Application Thread] WARN  PrimaryStageWindow   - Cannot set to FXGLMainMenuDummyScene. Probably because subscenes are present.
17:40:46.526 [JavaFX Application Thread] DEBUG PrimaryStageWindow   - Push state: MainMenu
17:40:46.526 [JavaFX Application Thread] DEBUG Input                - Clearing active input actions
17:40:46.526 [JavaFX Application Thread] DEBUG GameApplicationServi - Removing overlay from FXGLMainMenuDummyScene and adding to MainMenu
17:40:46.526 [JavaFX Application Thread] DEBUG PrimaryStageWindow   - FXGLMainMenuDummyScene -> MainMenu
17:40:47.555 [JavaFX Application Thread] DEBUG Menu                 - fireNewGame()
17:40:47.556 [JavaFX Application Thread] DEBUG GameApplicationServi - Starting new game
17:40:47.556 [JavaFX Application Thread] DEBUG PrimaryStageWindow   - Pop state: MainMenu
17:40:47.556 [JavaFX Application Thread] DEBUG Input                - Clearing active input actions
17:40:47.557 [JavaFX Application Thread] DEBUG GameApplicationServi - Removing overlay from MainMenu and adding to FXGLMainMenuDummyScene
17:40:47.559 [JavaFX Application Thread] DEBUG PrimaryStageWindow   - FXGLMainMenuDummyScene <- MainMenu
17:40:47.559 [JavaFX Application Thread] DEBUG Input                - Clearing active input actions
17:40:47.565 [JavaFX Application Thread] DEBUG GameApplicationServi - Removing overlay from FXGLMainMenuDummyScene and adding to FXGLLoadingScene
17:40:47.565 [JavaFX Application Thread] DEBUG PrimaryStageWindow   - FXGLMainMenuDummyScene -> FXGLLoadingScene
17:40:47.566 [JavaFX Application Thread] DEBUG GameApplicationServi - Clearing previous game
17:40:47.566 [JavaFX Application Thread] DEBUG GameScene            - Clearing game scene
17:40:47.566 [JavaFX Application Thread] DEBUG GameWorld            - Clearing game world
17:40:47.583 [JavaFX Application Thread] DEBUG PhysicsWorld         - Clearing physics world
17:40:47.583 [FXGL Background Thread 2 ] DEBUG FXGLApplication      - Initializing game
17:40:47.658 [FXGL Background Thread 2 ] INFO  FXGLApplication      - Game initialization took: 0.076 sec
17:40:47.663 [JavaFX Application Thread] DEBUG Input                - Clearing active input actions
17:40:47.668 [JavaFX Application Thread] DEBUG GameApplicationServi - Removing overlay from FXGLLoadingScene and adding to GameScene
17:40:47.669 [JavaFX Application Thread] DEBUG PrimaryStageWindow   - FXGLLoadingScene -> GameScene
17:41:02.784 [JavaFX Application Thread] DEBUG Input                - Clearing active input actions
17:41:02.788 [JavaFX Application Thread] DEBUG GameApplicationServi - Removing overlay from GameScene and adding to FXGLMainMenuDummyScene
17:41:02.789 [JavaFX Application Thread] DEBUG PrimaryStageWindow   - GameScene -> FXGLMainMenuDummyScene
17:41:02.789 [JavaFX Application Thread] DEBUG PrimaryStageWindow   - Push state: MainMenu
17:41:02.789 [JavaFX Application Thread] DEBUG Input                - Clearing active input actions
17:41:02.789 [JavaFX Application Thread] DEBUG GameApplicationServi - Removing overlay from FXGLMainMenuDummyScene and adding to MainMenu
17:41:02.789 [JavaFX Application Thread] DEBUG PrimaryStageWindow   - FXGLMainMenuDummyScene -> MainMenu
17:41:03.824 [JavaFX Application Thread] DEBUG Menu                 - fireNewGame()
17:41:03.825 [JavaFX Application Thread] DEBUG GameApplicationServi - Starting new game
17:41:03.825 [JavaFX Application Thread] DEBUG PrimaryStageWindow   - Pop state: MainMenu
17:41:03.825 [JavaFX Application Thread] DEBUG Input                - Clearing active input actions
17:41:03.825 [JavaFX Application Thread] DEBUG GameApplicationServi - Removing overlay from MainMenu and adding to FXGLMainMenuDummyScene
17:41:03.827 [JavaFX Application Thread] DEBUG PrimaryStageWindow   - FXGLMainMenuDummyScene <- MainMenu
17:41:03.828 [JavaFX Application Thread] DEBUG Input                - Clearing active input actions
17:41:03.834 [JavaFX Application Thread] DEBUG GameApplicationServi - Removing overlay from FXGLMainMenuDummyScene and adding to FXGLLoadingScene
17:41:03.834 [JavaFX Application Thread] DEBUG PrimaryStageWindow   - FXGLMainMenuDummyScene -> FXGLLoadingScene
17:41:03.834 [JavaFX Application Thread] DEBUG GameApplicationServi - Clearing previous game
17:41:03.834 [JavaFX Application Thread] DEBUG GameScene            - Clearing game scene
17:41:03.834 [JavaFX Application Thread] DEBUG GameWorld            - Clearing game world
17:41:03.846 [JavaFX Application Thread] DEBUG PhysicsWorld         - Clearing physics world
17:41:03.847 [FXGL Background Thread 2 ] DEBUG FXGLApplication      - Initializing game
17:41:03.908 [FXGL Background Thread 2 ] INFO  FXGLApplication      - Game initialization took: 0.062 sec
17:41:03.914 [JavaFX Application Thread] DEBUG Input                - Clearing active input actions
17:41:03.920 [JavaFX Application Thread] DEBUG GameApplicationServi - Removing overlay from FXGLLoadingScene and adding to GameScene
17:41:03.922 [JavaFX Application Thread] DEBUG PrimaryStageWindow   - FXGLLoadingScene -> GameScene
17:42:42.468 [JavaFX Application Thread] DEBUG FXGLApplication      - Exiting FXGL
17:42:42.468 [JavaFX Application Thread] DEBUG LoopRunner           - Stopping loop
17:42:42.469 [JavaFX Application Thread] DEBUG SystemBundleService  - Saving FXGL system data
17:42:42.473 [JavaFX Application Thread] DEBUG FileSystemAccess     - Writing to: E:\space_java\Game\game_datbom\system\fxgl.bundle
17:42:42.479 [JavaFX Application Thread] DEBUG Async                - Shutting down background threads
17:42:42.479 [JavaFX Application Thread] DEBUG PrimaryStageWindow   - Closing main window
17:42:42.512 [JavaFX Application Thread] DEBUG Logger               - Closing Logger
