17:06:39.933 [main                     ] DEBUG Logger               - Configured Logger
17:06:39.953 [main                     ] DEBUG GameApplication      - Logging settings
Title: Bomberman
Version: 1.0
Width: 1280
Height: 720
Fullscreen: false
Intro: false
Profiling: false
Single step:false
App Mode: DEVELOPER
Menu Key: ESCAPE
Stage Style: DECORATED
Scene Factory: class hellofx.Main$1

17:06:40.064 [JavaFX Application Thread] DEBUG FXGLApplication      - Initializing FXGL
17:06:40.071 [JavaFX Application Thread] INFO  Engine               - FXGL-17.1 (24.03.2022 17.34) on WINDOWS (J:18.0.2.1 FX:18)
17:06:40.071 [JavaFX Application Thread] DEBUG Engine               - JRE Vendor Name: Oracle Corporation
17:06:40.072 [JavaFX Application Thread] DEBUG Engine               - Running on OS: Windows 11 version 10.0
17:06:40.072 [JavaFX Application Thread] DEBUG Engine               - Architecture: amd64
17:06:40.072 [JavaFX Application Thread] INFO  Engine               - Source code and latest versions at: https://github.com/AlmasB/FXGL
17:06:40.072 [JavaFX Application Thread] INFO  Engine               -       Ask questions and discuss at: https://github.com/AlmasB/FXGL/discussions
17:06:40.072 [JavaFX Application Thread] INFO  Engine               -              Join the FXGL chat at: https://gitter.im/AlmasB/FXGL
17:06:40.123 [JavaFX Application Thread] DEBUG PrimaryStageWindow   - Creating a JavaFX scene
17:06:40.168 [JavaFX Application Thread] DEBUG PrimaryStageWindow   - Target settings size: 1280.0 x 720.0
17:06:40.169 [JavaFX Application Thread] DEBUG PrimaryStageWindow   - Scaled scene size:    1280.0 x 720.0
17:06:40.169 [JavaFX Application Thread] DEBUG PrimaryStageWindow   - Scaled ratio: (1.0, 1.0)
17:06:40.170 [JavaFX Application Thread] DEBUG PrimaryStageWindow   - Set initial scene to FXGLStartupScene
17:06:40.178 [JavaFX Application Thread] DEBUG PrimaryStageWindow   - Opening main window
17:06:40.272 [JavaFX Application Thread] DEBUG PrimaryStageWindow   - Window border size: (16.0, 39.0)
17:06:40.272 [JavaFX Application Thread] DEBUG PrimaryStageWindow   - Scaled size: 1280.0 x 720.0
17:06:40.273 [JavaFX Application Thread] DEBUG PrimaryStageWindow   - Scaled ratio: (1.0, 1.0)
17:06:40.273 [JavaFX Application Thread] DEBUG PrimaryStageWindow   - Scene size: 1280.0 x 720.0
17:06:40.273 [JavaFX Application Thread] DEBUG PrimaryStageWindow   - Stage size: 1296.0 x 759.0
17:06:40.281 [FXGL Background Thread 1 ] DEBUG Engine               - Initializing environment variables
17:06:40.352 [FXGL Background Thread 1 ] DEBUG FXGLAssetLoaderServi - User app class for loading assets: class hellofx.Main
17:06:40.353 [FXGL Background Thread 1 ] DEBUG GameApplicationServi - Applying CSS: fxgl_dark.css
17:06:40.354 [FXGL Background Thread 1 ] DEBUG FXGLAssetLoaderServi - Loading from file system: jar:file:/C:/Users/chaum/.m2/repository/com/github/almasb/fxgl/17.1/fxgl-17.1.jar!/fxglassets/ui/css/fxgl_dark.css
17:06:40.406 [FXGL Background Thread 1 ] DEBUG GameApplicationServi - Initializing application scenes
17:06:40.450 [FXGL Background Thread 1 ] DEBUG GameWorld            - Game world initialized
17:06:40.504 [FXGL Background Thread 1 ] DEBUG PhysicsWorld         - Physics world initialized: appHeight=720, physics.ppm=50.0
17:06:40.505 [FXGL Background Thread 1 ] DEBUG PhysicsWorld         - Using strategy: BRUTE_FORCE
17:06:40.508 [FXGL Background Thread 1 ] DEBUG GameScene            - Game scene initialized: 1280x720
17:06:40.577 [FXGL Background Thread 1 ] DEBUG GameApplicationServi - Application scenes initialized
17:06:40.597 [FXGL Background Thread 1 ] DEBUG SystemBundleService  - Loading FXGL system data
17:06:40.601 [FXGL Background Thread 1 ] DEBUG FileSystemAccess     - Reading from: E:\space_java\Game\game_datbom\system\fxgl.bundle
17:06:40.609 [FXGL Background Thread 1 ] DEBUG SystemBundleService  - Bundle FXGL: {}
17:06:40.609 [FXGL Background Thread 1 ] DEBUG UpdaterService       - Checking for updates
17:06:40.642 [FXGL Background Thread 4 ] DEBUG FXGLApplication      - Loading fonts
17:06:40.643 [FXGL Background Thread 1 ] DEBUG FXGLApplication      - Loading default localization
17:06:40.643 [FXGL Background Thread 4 ] DEBUG FXGLAssetLoaderServi - Loading from file system: jar:file:/C:/Users/chaum/.m2/repository/com/github/almasb/fxgl/17.1/fxgl-17.1.jar!/fxglassets/ui/fonts/VarelaRound-Regular.ttf
17:06:40.643 [FXGL Background Thread 1 ] DEBUG FXGLAssetLoaderServi - Loading from file system: jar:file:/C:/Users/chaum/.m2/repository/com/github/almasb/fxgl/17.1/fxgl-17.1.jar!/fxglassets/languages/english.lang
17:06:40.661 [FXGL Background Thread 1 ] INFO  FXGLApplication      - FXGL initialization took: 0.381 sec
17:06:40.671 [JavaFX Application Thread] DEBUG Input                - Registered new binding: action0 - F
17:06:40.672 [JavaFX Application Thread] DEBUG Input                - Registered new binding: action1 - G
17:06:40.672 [JavaFX Application Thread] DEBUG Input                - Registered new binding: action2 - R
17:06:40.673 [JavaFX Application Thread] DEBUG Input                - Registered new binding: action3 - T
17:06:40.673 [JavaFX Application Thread] DEBUG Input                - Registered new binding: Right - D
17:06:40.673 [JavaFX Application Thread] DEBUG Input                - Registered new binding: Left - A
17:06:40.673 [JavaFX Application Thread] DEBUG Input                - Registered new binding: Up - W
17:06:40.673 [JavaFX Application Thread] DEBUG Input                - Registered new binding: Down - S
17:06:40.674 [JavaFX Application Thread] DEBUG Input                - Registered new binding: Place boom - Space
17:06:40.674 [JavaFX Application Thread] DEBUG FXGLAssetLoaderServi - Loading from file system: file:/E:/space_java/Game/game_datbom/target/classes/assets/textures/icon/icon.png
17:06:40.717 [FXGL Background Thread 4 ] DEBUG FXGLAssetLoaderServi - Loading from file system: jar:file:/C:/Users/chaum/.m2/repository/com/github/almasb/fxgl/17.1/fxgl-17.1.jar!/fxglassets/ui/fonts/Abel-Regular.ttf
17:06:40.721 [FXGL Background Thread 4 ] DEBUG FXGLAssetLoaderServi - Loading from file system: jar:file:/C:/Users/chaum/.m2/repository/com/github/almasb/fxgl/17.1/fxgl-17.1.jar!/fxglassets/ui/fonts/TerminalLandMono-Regular.otf
17:06:40.725 [FXGL Background Thread 4 ] DEBUG FXGLAssetLoaderServi - Loading from file system: jar:file:/C:/Users/chaum/.m2/repository/com/github/almasb/fxgl/17.1/fxgl-17.1.jar!/fxglassets/ui/fonts/Courier-Prime.ttf
17:06:40.743 [JavaFX Application Thread] DEBUG FXGLAssetLoaderServi - Loading from file system: file:/E:/space_java/Game/game_datbom/target/classes/assets/textures/cursor/cursor1.png
17:06:40.753 [JavaFX Application Thread] DEBUG Input                - Registered new binding: Screenshot - CTRL+8
17:06:40.754 [JavaFX Application Thread] DEBUG Input                - Registered new binding: Dev Options - 1
17:06:40.754 [JavaFX Application Thread] DEBUG Input                - Registered new binding: Dev Console - 2
17:06:40.754 [JavaFX Application Thread] DEBUG Input                - Registered new binding: System info dump - CTRL+9
17:06:40.755 [JavaFX Application Thread] DEBUG Input                - Registered new binding: Restart - CTRL+R
17:06:40.755 [JavaFX Application Thread] DEBUG Input                - Registered new binding: Toggle Debug Camera - CTRL+7
17:06:40.758 [JavaFX Application Thread] DEBUG LoopRunner           - Starting loop
17:06:40.775 [JavaFX Application Thread] DEBUG LoopRunner           - Initializing JavaFX AnimationTimerLoop
17:06:40.778 [JavaFX Application Thread] DEBUG Input                - Clearing active input actions
17:06:40.785 [JavaFX Application Thread] DEBUG GameApplicationServi - Removing overlay from FXGLStartupScene and adding to FXGLMainMenuDummyScene
17:06:40.789 [JavaFX Application Thread] DEBUG PrimaryStageWindow   - FXGLStartupScene -> FXGLMainMenuDummyScene
17:06:40.790 [JavaFX Application Thread] DEBUG PrimaryStageWindow   - Push state: MainMenu
17:06:40.790 [JavaFX Application Thread] DEBUG Input                - Clearing active input actions
17:06:40.794 [JavaFX Application Thread] DEBUG GameApplicationServi - Removing overlay from FXGLMainMenuDummyScene and adding to MainMenu
17:06:40.795 [JavaFX Application Thread] DEBUG PrimaryStageWindow   - FXGLMainMenuDummyScene -> MainMenu
17:06:40.796 [JavaFX Application Thread] DEBUG FXGLApplication      - Registering font factories with UI factory
17:06:41.211 [FXGL Background Thread 2 ] INFO  UpdaterService       - Your current version:  17.1
17:06:41.211 [FXGL Background Thread 2 ] INFO  UpdaterService       - Latest stable version: 17.2
17:06:42.041 [JavaFX Application Thread] DEBUG Menu                 - fireNewGame()
17:06:42.042 [JavaFX Application Thread] DEBUG GameApplicationServi - Starting new game
17:06:42.042 [JavaFX Application Thread] DEBUG PrimaryStageWindow   - Pop state: MainMenu
17:06:42.042 [JavaFX Application Thread] DEBUG Input                - Clearing active input actions
17:06:42.043 [JavaFX Application Thread] DEBUG GameApplicationServi - Removing overlay from MainMenu and adding to FXGLMainMenuDummyScene
17:06:42.046 [JavaFX Application Thread] DEBUG PrimaryStageWindow   - FXGLMainMenuDummyScene <- MainMenu
17:06:42.046 [JavaFX Application Thread] DEBUG Input                - Clearing active input actions
17:06:42.054 [JavaFX Application Thread] DEBUG GameApplicationServi - Removing overlay from FXGLMainMenuDummyScene and adding to FXGLLoadingScene
17:06:42.054 [JavaFX Application Thread] DEBUG PrimaryStageWindow   - FXGLMainMenuDummyScene -> FXGLLoadingScene
17:06:42.055 [JavaFX Application Thread] DEBUG GameApplicationServi - Clearing previous game
17:06:42.055 [JavaFX Application Thread] DEBUG GameScene            - Clearing game scene
17:06:42.055 [JavaFX Application Thread] DEBUG GameWorld            - Clearing game world
17:06:42.055 [JavaFX Application Thread] DEBUG PhysicsWorld         - Clearing physics world
17:06:42.057 [FXGL Background Thread 2 ] DEBUG FXGLApplication      - Initializing game
17:06:42.090 [FXGL Background Thread 2 ] DEBUG FXGLAssetLoaderServi - Loading from file system: file:/E:/space_java/Game/game_datbom/target/classes/assets/textures/mapTexture/grass.png
17:06:42.097 [FXGL Background Thread 2 ] DEBUG FXGLAssetLoaderServi - Loading from file system: file:/E:/space_java/Game/game_datbom/target/classes/assets/textures/mapTexture/wall2.png
17:06:42.153 [FXGL Background Thread 2 ] DEBUG FXGLAssetLoaderServi - Loading from file system: file:/E:/space_java/Game/game_datbom/target/classes/assets/textures/gameItem/powerup_bombs.png
17:06:42.157 [FXGL Background Thread 2 ] DEBUG FXGLAssetLoaderServi - Loading from file system: file:/E:/space_java/Game/game_datbom/target/classes/assets/textures/gameItem/powerup_flamepass.png
17:06:42.168 [FXGL Background Thread 2 ] DEBUG FXGLAssetLoaderServi - Loading from file system: file:/E:/space_java/Game/game_datbom/target/classes/assets/textures/gameItem/powerup_flames.png
17:06:42.172 [FXGL Background Thread 2 ] DEBUG FXGLAssetLoaderServi - Loading from file system: file:/E:/space_java/Game/game_datbom/target/classes/assets/textures/gameItem/powerup_speed.png
17:06:42.217 [FXGL Background Thread 2 ] DEBUG FXGLAssetLoaderServi - Loading from file system: file:/E:/space_java/Game/game_datbom/target/classes/assets/textures/mapTexture%5cbrick.png
17:06:42.219 [FXGL Background Thread 2 ] DEBUG FXGLAssetLoaderServi - Loading from file system: file:/E:/space_java/Game/game_datbom/target/classes/assets/textures/mapTexture%5cbrick_break.png
17:06:42.302 [FXGL Background Thread 2 ] DEBUG FXGLAssetLoaderServi - Loading from file system: file:/E:/space_java/Game/game_datbom/target/classes/assets/textures/mapTexture/portal.png
17:06:42.382 [FXGL Background Thread 2 ] DEBUG FXGLAssetLoaderServi - Loading from file system: file:/E:/space_java/Game/game_datbom/target/classes/assets/textures/character/gold_player_dead.png
17:06:42.385 [FXGL Background Thread 2 ] DEBUG FXGLAssetLoaderServi - Loading from file system: file:/E:/space_java/Game/game_datbom/target/classes/assets/textures/character/gold_player_down.png
17:06:42.387 [FXGL Background Thread 2 ] DEBUG FXGLAssetLoaderServi - Loading from file system: file:/E:/space_java/Game/game_datbom/target/classes/assets/textures/character/gold_player_up.png
17:06:42.389 [FXGL Background Thread 2 ] DEBUG FXGLAssetLoaderServi - Loading from file system: file:/E:/space_java/Game/game_datbom/target/classes/assets/textures/character/gold_player_left_temp.png
17:06:42.391 [FXGL Background Thread 2 ] DEBUG FXGLAssetLoaderServi - Loading from file system: file:/E:/space_java/Game/game_datbom/target/classes/assets/textures/character/gold_player_right_temp.png
17:06:42.394 [FXGL Background Thread 2 ] INFO  FXGLApplication      - Game initialization took: 0.337 sec
17:06:42.398 [JavaFX Application Thread] DEBUG Input                - Clearing active input actions
17:06:42.410 [JavaFX Application Thread] DEBUG GameApplicationServi - Removing overlay from FXGLLoadingScene and adding to GameScene
17:06:42.414 [JavaFX Application Thread] DEBUG PrimaryStageWindow   - FXGLLoadingScene -> GameScene
17:06:43.640 [FXGL Background Thread 3 ] DEBUG Engine               - Logging environment variables
17:06:43.641 [FXGL Background Thread 3 ] DEBUG Engine               - achievements: []
17:06:43.641 [FXGL Background Thread 3 ] DEBUG Engine               - actualHeight: 720.0
17:06:43.642 [FXGL Background Thread 3 ] DEBUG Engine               - actualHeightProperty: ReadOnlyDoubleProperty [value: 720.0]
17:06:43.642 [FXGL Background Thread 3 ] DEBUG Engine               - actualWidth: 1280.0
17:06:43.642 [FXGL Background Thread 3 ] DEBUG Engine               - actualWidthProperty: ReadOnlyDoubleProperty [value: 1280.0]
17:06:43.642 [FXGL Background Thread 3 ] DEBUG Engine               - appIcon: icon/icon.png
17:06:43.642 [FXGL Background Thread 3 ] DEBUG Engine               - applicationMode: DEVELOPER
17:06:43.643 [FXGL Background Thread 3 ] DEBUG Engine               - cSSList: [fxgl_dark.css]
17:06:43.643 [FXGL Background Thread 3 ] DEBUG Engine               - collisionDetectionStrategy: BRUTE_FORCE
17:06:43.643 [FXGL Background Thread 3 ] DEBUG Engine               - configClass: Optional.empty
17:06:43.643 [FXGL Background Thread 3 ] DEBUG Engine               - credits: []
17:06:43.645 [FXGL Background Thread 3 ] DEBUG Engine               - defaultCursor: CursorInfo(imageName=cursor/cursor1.png, hotspotX=0.0, hotspotY=0.0)
17:06:43.646 [FXGL Background Thread 3 ] DEBUG Engine               - devBBoxColorProperty: ObjectProperty [value: 0xff0000ff]
17:06:43.647 [FXGL Background Thread 3 ] DEBUG Engine               - devEnableDebugCameraProperty: BooleanProperty [value: false]
17:06:43.647 [FXGL Background Thread 3 ] DEBUG Engine               - devSensorColorProperty: ObjectProperty [value: 0xffff00ff]
17:06:43.648 [FXGL Background Thread 3 ] DEBUG Engine               - devShowBBoxProperty: BooleanProperty [value: false]
17:06:43.648 [FXGL Background Thread 3 ] DEBUG Engine               - devShowPositionProperty: BooleanProperty [value: false]
17:06:43.648 [FXGL Background Thread 3 ] DEBUG Engine               - enabledMenuItems: []
17:06:43.648 [FXGL Background Thread 3 ] DEBUG Engine               - engineServices: [class com.almasb.fxgl.app.services.FXGLAssetLoaderService, class com.almasb.fxgl.app.FXGLApplication$GameApplicationService, class com.almasb.fxgl.app.services.FXGLDialogService, class com.almasb.fxgl.app.services.IOTaskExecutorService, class com.almasb.fxgl.io.FileSystemService, class com.almasb.fxgl.localization.LocalizationService, class com.almasb.fxgl.app.services.SystemBundleService, class com.almasb.fxgl.profile.SaveLoadService, class com.almasb.fxgl.ui.FXGLUIFactoryServiceProvider, class com.almasb.fxgl.ui.FXGLDialogFactoryServiceProvider, class com.almasb.fxgl.audio.AudioPlayer, class com.almasb.fxgl.notification.impl.NotificationServiceProvider, class com.almasb.fxgl.achievement.AchievementService, class com.almasb.fxgl.cutscene.CutsceneService, class com.almasb.fxgl.minigames.MiniGameService, class com.almasb.fxgl.net.NetService, class com.almasb.fxgl.app.services.UpdaterService, class com.almasb.fxgl.dev.DevService]
17:06:43.648 [FXGL Background Thread 3 ] DEBUG Engine               - fontGame: Abel-Regular.ttf
17:06:43.648 [FXGL Background Thread 3 ] DEBUG Engine               - fontMono: TerminalLandMono-Regular.otf
17:06:43.648 [FXGL Background Thread 3 ] DEBUG Engine               - fontText: Courier-Prime.ttf
17:06:43.648 [FXGL Background Thread 3 ] DEBUG Engine               - fontUI: VarelaRound-Regular.ttf
17:06:43.648 [FXGL Background Thread 3 ] DEBUG Engine               - fullScreen: BooleanProperty [value: false]
17:06:43.649 [FXGL Background Thread 3 ] DEBUG Engine               - gameDifficulty: MEDIUM
17:06:43.649 [FXGL Background Thread 3 ] DEBUG Engine               - gameDifficultyProperty: ObjectProperty [value: MEDIUM]
17:06:43.649 [FXGL Background Thread 3 ] DEBUG Engine               - globalMusicVolume: 0.5
17:06:43.649 [FXGL Background Thread 3 ] DEBUG Engine               - globalMusicVolumeProperty: DoubleProperty [value: 0.5]
17:06:43.649 [FXGL Background Thread 3 ] DEBUG Engine               - globalSoundVolume: 0.5
17:06:43.649 [FXGL Background Thread 3 ] DEBUG Engine               - globalSoundVolumeProperty: DoubleProperty [value: 0.5]
17:06:43.649 [FXGL Background Thread 3 ] DEBUG Engine               - height: 720
17:06:43.649 [FXGL Background Thread 3 ] DEBUG Engine               - is3D: false
17:06:43.649 [FXGL Background Thread 3 ] DEBUG Engine               - isAndroid: false
17:06:43.649 [FXGL Background Thread 3 ] DEBUG Engine               - isBrowser: false
17:06:43.649 [FXGL Background Thread 3 ] DEBUG Engine               - isClickFeedbackEnabled: false
17:06:43.649 [FXGL Background Thread 3 ] DEBUG Engine               - isCloseConfirmation: false
17:06:43.650 [FXGL Background Thread 3 ] DEBUG Engine               - isDesktop: true
17:06:43.650 [FXGL Background Thread 3 ] DEBUG Engine               - isDeveloperMenuEnabled: true
17:06:43.650 [FXGL Background Thread 3 ] DEBUG Engine               - isEmbedded: false
17:06:43.650 [FXGL Background Thread 3 ] DEBUG Engine               - isEntityPreloadEnabled: true
17:06:43.650 [FXGL Background Thread 3 ] DEBUG Engine               - isExperimentalTiledLargeMap: false
17:06:43.650 [FXGL Background Thread 3 ] DEBUG Engine               - isFileSystemWriteAllowed: true
17:06:43.650 [FXGL Background Thread 3 ] DEBUG Engine               - isFullScreenAllowed: false
17:06:43.650 [FXGL Background Thread 3 ] DEBUG Engine               - isFullScreenFromStart: false
17:06:43.650 [FXGL Background Thread 3 ] DEBUG Engine               - isGameMenuEnabled: true
17:06:43.650 [FXGL Background Thread 3 ] DEBUG Engine               - isIOS: false
17:06:43.650 [FXGL Background Thread 3 ] DEBUG Engine               - isIntroEnabled: false
17:06:43.650 [FXGL Background Thread 3 ] DEBUG Engine               - isLinux: false
17:06:43.650 [FXGL Background Thread 3 ] DEBUG Engine               - isMac: false
17:06:43.651 [FXGL Background Thread 3 ] DEBUG Engine               - isMainMenuEnabled: true
17:06:43.651 [FXGL Background Thread 3 ] DEBUG Engine               - isManualResizeEnabled: false
17:06:43.651 [FXGL Background Thread 3 ] DEBUG Engine               - isMobile: false
17:06:43.651 [FXGL Background Thread 3 ] DEBUG Engine               - isNative: false
17:06:43.651 [FXGL Background Thread 3 ] DEBUG Engine               - isPauseMusicWhenMinimized: true
17:06:43.651 [FXGL Background Thread 3 ] DEBUG Engine               - isPreserveResizeRatio: false
17:06:43.651 [FXGL Background Thread 3 ] DEBUG Engine               - isProfilingEnabled: false
17:06:43.651 [FXGL Background Thread 3 ] DEBUG Engine               - isScaleAffectedOnResize: true
17:06:43.651 [FXGL Background Thread 3 ] DEBUG Engine               - isSingleStep: false
17:06:43.651 [FXGL Background Thread 3 ] DEBUG Engine               - isUserProfileEnabled: false
17:06:43.651 [FXGL Background Thread 3 ] DEBUG Engine               - isWindows: true
17:06:43.651 [FXGL Background Thread 3 ] DEBUG Engine               - language: ObjectProperty [value: ENGLISH]
17:06:43.651 [FXGL Background Thread 3 ] DEBUG Engine               - menuKey: ESCAPE
17:06:43.651 [FXGL Background Thread 3 ] DEBUG Engine               - mouseSensitivity: 0.2
17:06:43.652 [FXGL Background Thread 3 ] DEBUG Engine               - notificationViewClass: class com.almasb.fxgl.notification.view.XboxNotificationView
17:06:43.652 [FXGL Background Thread 3 ] DEBUG Engine               - pixelsPerMeter: 50.0
17:06:43.652 [FXGL Background Thread 3 ] DEBUG Engine               - platform: WINDOWS
17:06:43.652 [FXGL Background Thread 3 ] DEBUG Engine               - prefHeightProperty: ReadOnlyDoubleProperty [value: 720.0]
17:06:43.652 [FXGL Background Thread 3 ] DEBUG Engine               - prefWidthProperty: ReadOnlyDoubleProperty [value: 1280.0]
17:06:43.652 [FXGL Background Thread 3 ] DEBUG Engine               - profileDir: profiles/
17:06:43.652 [FXGL Background Thread 3 ] DEBUG Engine               - profileName: StringProperty [value: DEFAULT]
17:06:43.652 [FXGL Background Thread 3 ] DEBUG Engine               - randomSeed: -1
17:06:43.652 [FXGL Background Thread 3 ] DEBUG Engine               - runtimeInfo: RuntimeInfo(platform=WINDOWS, version=17.1, build=24.03.2022 17.34)
17:06:43.652 [FXGL Background Thread 3 ] DEBUG Engine               - saveFileExt: sav
17:06:43.652 [FXGL Background Thread 3 ] DEBUG Engine               - scaledHeightProp$fxgl: DoubleProperty [bound, value: 720.0]
17:06:43.652 [FXGL Background Thread 3 ] DEBUG Engine               - scaledWidthProp$fxgl: DoubleProperty [bound, value: 1280.0]
17:06:43.652 [FXGL Background Thread 3 ] DEBUG Engine               - sceneFactory: hellofx.Main$1@1700fe05
17:06:43.652 [FXGL Background Thread 3 ] DEBUG Engine               - secondsIn24h: 60
17:06:43.652 [FXGL Background Thread 3 ] DEBUG Engine               - soundMenuBack: menu/back.wav
17:06:43.654 [FXGL Background Thread 3 ] DEBUG Engine               - soundMenuPress: menu/press.wav
17:06:43.654 [FXGL Background Thread 3 ] DEBUG Engine               - soundMenuSelect: menu/select.wav
17:06:43.654 [FXGL Background Thread 3 ] DEBUG Engine               - soundNotification: core/notification.wav
17:06:43.654 [FXGL Background Thread 3 ] DEBUG Engine               - stageStyle: DECORATED
17:06:43.654 [FXGL Background Thread 3 ] DEBUG Engine               - supportedLanguages: [ENGLISH, FRENCH, GERMAN, HUNGARIAN, RUSSIAN]
17:06:43.654 [FXGL Background Thread 3 ] DEBUG Engine               - ticksPerSecond: -1
17:06:43.654 [FXGL Background Thread 3 ] DEBUG Engine               - title: Bomberman
17:06:43.654 [FXGL Background Thread 3 ] DEBUG Engine               - urlGithub: https://github.com/AlmasB/FXGL
17:06:43.654 [FXGL Background Thread 3 ] DEBUG Engine               - urlLeaderboard: http://fxgl-top.herokuapp.com/
17:06:43.654 [FXGL Background Thread 3 ] DEBUG Engine               - urlPOM: https://raw.githubusercontent.com/AlmasB/FXGL/release/README.md
17:06:43.654 [FXGL Background Thread 3 ] DEBUG Engine               - userAppClass: class hellofx.Main
17:06:43.654 [FXGL Background Thread 3 ] DEBUG Engine               - version: 1.0
17:06:43.654 [FXGL Background Thread 3 ] DEBUG Engine               - versionCheckDays: 7
17:06:43.654 [FXGL Background Thread 3 ] DEBUG Engine               - width: 1280
17:06:43.654 [FXGL Background Thread 3 ] DEBUG Engine               - Logging services
17:06:43.654 [FXGL Background Thread 3 ] DEBUG Engine               - class com.almasb.fxgl.app.services.FXGLAssetLoaderService
17:06:43.654 [FXGL Background Thread 3 ] DEBUG Engine               - class com.almasb.fxgl.app.FXGLApplication$GameApplicationService
17:06:43.654 [FXGL Background Thread 3 ] DEBUG Engine               - class com.almasb.fxgl.app.services.FXGLDialogService
17:06:43.654 [FXGL Background Thread 3 ] DEBUG Engine               - class com.almasb.fxgl.app.services.IOTaskExecutorService
17:06:43.654 [FXGL Background Thread 3 ] DEBUG Engine               - class com.almasb.fxgl.io.FileSystemService
17:06:43.654 [FXGL Background Thread 3 ] DEBUG Engine               - class com.almasb.fxgl.localization.LocalizationService
17:06:43.654 [FXGL Background Thread 3 ] DEBUG Engine               - class com.almasb.fxgl.app.services.SystemBundleService
17:06:43.654 [FXGL Background Thread 3 ] DEBUG Engine               - class com.almasb.fxgl.profile.SaveLoadService
17:06:43.654 [FXGL Background Thread 3 ] DEBUG Engine               - class com.almasb.fxgl.ui.FXGLUIFactoryServiceProvider
17:06:43.654 [FXGL Background Thread 3 ] DEBUG Engine               - class com.almasb.fxgl.ui.FXGLDialogFactoryServiceProvider
17:06:43.654 [FXGL Background Thread 3 ] DEBUG Engine               - class com.almasb.fxgl.audio.AudioPlayer
17:06:43.654 [FXGL Background Thread 3 ] DEBUG Engine               - class com.almasb.fxgl.notification.impl.NotificationServiceProvider
17:06:43.654 [FXGL Background Thread 3 ] DEBUG Engine               - class com.almasb.fxgl.achievement.AchievementService
17:06:43.654 [FXGL Background Thread 3 ] DEBUG Engine               - class com.almasb.fxgl.cutscene.CutsceneService
17:06:43.654 [FXGL Background Thread 3 ] DEBUG Engine               - class com.almasb.fxgl.minigames.MiniGameService
17:06:43.654 [FXGL Background Thread 3 ] DEBUG Engine               - class com.almasb.fxgl.net.NetService
17:06:43.654 [FXGL Background Thread 3 ] DEBUG Engine               - class com.almasb.fxgl.app.services.UpdaterService
17:06:43.654 [FXGL Background Thread 3 ] DEBUG Engine               - class com.almasb.fxgl.dev.DevService
17:06:44.785 [JavaFX Application Thread] DEBUG FXGLAssetLoaderServi - Loading from file system: file:/E:/space_java/Game/game_datbom/target/classes/assets/textures/character%5cbomb.png
17:06:44.790 [JavaFX Application Thread] DEBUG FXGLAssetLoaderServi - Loading from file system: file:/E:/space_java/Game/game_datbom/target/classes/assets/textures/flame%5cleft_flame.png
17:06:44.791 [JavaFX Application Thread] DEBUG FXGLAssetLoaderServi - Loading from file system: file:/E:/space_java/Game/game_datbom/target/classes/assets/textures/flame%5cup_flame.png
17:06:44.792 [JavaFX Application Thread] DEBUG FXGLAssetLoaderServi - Loading from file system: file:/E:/space_java/Game/game_datbom/target/classes/assets/textures/flame%5ccentral_flame.png
17:07:09.526 [JavaFX Application Thread] DEBUG Input                - Clearing active input actions
17:07:09.541 [JavaFX Application Thread] DEBUG GameApplicationServi - Removing overlay from GameScene and adding to FXGLMainMenuDummyScene
17:07:09.544 [JavaFX Application Thread] DEBUG PrimaryStageWindow   - GameScene -> FXGLMainMenuDummyScene
17:07:09.544 [JavaFX Application Thread] DEBUG PrimaryStageWindow   - Push state: MainMenu
17:07:09.544 [JavaFX Application Thread] DEBUG Input                - Clearing active input actions
17:07:09.544 [JavaFX Application Thread] DEBUG GameApplicationServi - Removing overlay from FXGLMainMenuDummyScene and adding to MainMenu
17:07:09.544 [JavaFX Application Thread] DEBUG PrimaryStageWindow   - FXGLMainMenuDummyScene -> MainMenu
17:07:10.587 [JavaFX Application Thread] DEBUG Menu                 - fireNewGame()
17:07:10.587 [JavaFX Application Thread] DEBUG GameApplicationServi - Starting new game
17:07:10.587 [JavaFX Application Thread] DEBUG PrimaryStageWindow   - Pop state: MainMenu
17:07:10.587 [JavaFX Application Thread] DEBUG Input                - Clearing active input actions
17:07:10.588 [JavaFX Application Thread] DEBUG GameApplicationServi - Removing overlay from MainMenu and adding to FXGLMainMenuDummyScene
17:07:10.589 [JavaFX Application Thread] DEBUG PrimaryStageWindow   - FXGLMainMenuDummyScene <- MainMenu
17:07:10.590 [JavaFX Application Thread] DEBUG Input                - Clearing active input actions
17:07:10.599 [JavaFX Application Thread] DEBUG GameApplicationServi - Removing overlay from FXGLMainMenuDummyScene and adding to FXGLLoadingScene
17:07:10.600 [JavaFX Application Thread] DEBUG PrimaryStageWindow   - FXGLMainMenuDummyScene -> FXGLLoadingScene
17:07:10.600 [JavaFX Application Thread] DEBUG GameApplicationServi - Clearing previous game
17:07:10.600 [JavaFX Application Thread] DEBUG GameScene            - Clearing game scene
17:07:10.600 [JavaFX Application Thread] DEBUG GameWorld            - Clearing game world
17:07:10.623 [JavaFX Application Thread] DEBUG PhysicsWorld         - Clearing physics world
17:07:10.624 [FXGL Background Thread 2 ] DEBUG FXGLApplication      - Initializing game
17:07:10.729 [FXGL Background Thread 2 ] INFO  FXGLApplication      - Game initialization took: 0.104 sec
17:07:10.733 [JavaFX Application Thread] DEBUG Input                - Clearing active input actions
17:07:10.740 [JavaFX Application Thread] DEBUG GameApplicationServi - Removing overlay from FXGLLoadingScene and adding to GameScene
17:07:10.742 [JavaFX Application Thread] DEBUG PrimaryStageWindow   - FXGLLoadingScene -> GameScene
17:08:08.202 [JavaFX Application Thread] DEBUG FXGLApplication      - Exiting FXGL
17:08:08.202 [JavaFX Application Thread] DEBUG LoopRunner           - Stopping loop
17:08:08.202 [JavaFX Application Thread] DEBUG SystemBundleService  - Saving FXGL system data
17:08:08.205 [JavaFX Application Thread] DEBUG FileSystemAccess     - Writing to: E:\space_java\Game\game_datbom\system\fxgl.bundle
17:08:08.210 [JavaFX Application Thread] DEBUG Async                - Shutting down background threads
17:08:08.211 [JavaFX Application Thread] DEBUG PrimaryStageWindow   - Closing main window
17:08:08.242 [JavaFX Application Thread] DEBUG Logger               - Closing Logger
