21:58:15.627 [main                     ] DEBUG Logger               - Configured Logger
21:58:15.641 [main                     ] DEBUG GameApplication      - Logging settings
Title: Bomberman
Version: 1.0
Width: 1280
Height: 720
Fullscreen: false
Intro: false
Profiling: false
Single step:false
App Mode: DEVELOPER
Menu Key: ESCAPE
Stage Style: DECORATED
Scene Factory: class hellofx.Main$1

21:58:15.729 [JavaFX Application Thread] DEBUG FXGLApplication      - Initializing FXGL
21:58:15.733 [JavaFX Application Thread] INFO  Engine               - FXGL-17.1 (24.03.2022 17.34) on WINDOWS (J:18.0.2.1 FX:18)
21:58:15.734 [JavaFX Application Thread] DEBUG Engine               - JRE Vendor Name: Oracle Corporation
21:58:15.734 [JavaFX Application Thread] DEBUG Engine               - Running on OS: Windows 11 version 10.0
21:58:15.734 [JavaFX Application Thread] DEBUG Engine               - Architecture: amd64
21:58:15.734 [JavaFX Application Thread] INFO  Engine               - Source code and latest versions at: https://github.com/AlmasB/FXGL
21:58:15.734 [JavaFX Application Thread] INFO  Engine               -       Ask questions and discuss at: https://github.com/AlmasB/FXGL/discussions
21:58:15.734 [JavaFX Application Thread] INFO  Engine               -              Join the FXGL chat at: https://gitter.im/AlmasB/FXGL
21:58:15.783 [JavaFX Application Thread] DEBUG PrimaryStageWindow   - Creating a JavaFX scene
21:58:15.825 [JavaFX Application Thread] DEBUG PrimaryStageWindow   - Target settings size: 1280.0 x 720.0
21:58:15.825 [JavaFX Application Thread] DEBUG PrimaryStageWindow   - Scaled scene size:    1280.0 x 720.0
21:58:15.825 [JavaFX Application Thread] DEBUG PrimaryStageWindow   - Scaled ratio: (1.0, 1.0)
21:58:15.826 [JavaFX Application Thread] DEBUG PrimaryStageWindow   - Set initial scene to FXGLStartupScene
21:58:15.834 [JavaFX Application Thread] DEBUG PrimaryStageWindow   - Opening main window
21:58:15.908 [JavaFX Application Thread] DEBUG PrimaryStageWindow   - Window border size: (16.0, 39.0)
21:58:15.909 [JavaFX Application Thread] DEBUG PrimaryStageWindow   - Scaled size: 1280.0 x 720.0
21:58:15.909 [JavaFX Application Thread] DEBUG PrimaryStageWindow   - Scaled ratio: (1.0, 1.0)
21:58:15.909 [JavaFX Application Thread] DEBUG PrimaryStageWindow   - Scene size: 1280.0 x 720.0
21:58:15.910 [JavaFX Application Thread] DEBUG PrimaryStageWindow   - Stage size: 1296.0 x 759.0
21:58:15.922 [FXGL Background Thread 1 ] DEBUG Engine               - Initializing environment variables
21:58:15.976 [FXGL Background Thread 1 ] DEBUG FXGLAssetLoaderServi - User app class for loading assets: class hellofx.Main
21:58:15.977 [FXGL Background Thread 1 ] DEBUG GameApplicationServi - Applying CSS: fxgl_dark.css
21:58:15.978 [FXGL Background Thread 1 ] DEBUG FXGLAssetLoaderServi - Loading from file system: jar:file:/C:/Users/chaum/.m2/repository/com/github/almasb/fxgl/17.1/fxgl-17.1.jar!/fxglassets/ui/css/fxgl_dark.css
21:58:16.025 [FXGL Background Thread 1 ] DEBUG GameApplicationServi - Initializing application scenes
21:58:16.083 [FXGL Background Thread 1 ] DEBUG GameWorld            - Game world initialized
21:58:16.135 [FXGL Background Thread 1 ] DEBUG PhysicsWorld         - Physics world initialized: appHeight=720, physics.ppm=50.0
21:58:16.135 [FXGL Background Thread 1 ] DEBUG PhysicsWorld         - Using strategy: BRUTE_FORCE
21:58:16.139 [FXGL Background Thread 1 ] DEBUG GameScene            - Game scene initialized: 1280x720
21:58:16.222 [FXGL Background Thread 1 ] DEBUG GameApplicationServi - Application scenes initialized
21:58:16.239 [FXGL Background Thread 1 ] DEBUG SystemBundleService  - Loading FXGL system data
21:58:16.244 [FXGL Background Thread 1 ] DEBUG FileSystemAccess     - Reading from: E:\space_java\Game\game_datbom\system\fxgl.bundle
21:58:16.253 [FXGL Background Thread 1 ] DEBUG SystemBundleService  - Bundle FXGL: {}
21:58:16.253 [FXGL Background Thread 1 ] DEBUG UpdaterService       - Checking for updates
21:58:16.287 [FXGL Background Thread 4 ] DEBUG FXGLApplication      - Loading fonts
21:58:16.288 [FXGL Background Thread 1 ] DEBUG FXGLApplication      - Loading default localization
21:58:16.288 [FXGL Background Thread 4 ] DEBUG FXGLAssetLoaderServi - Loading from file system: jar:file:/C:/Users/chaum/.m2/repository/com/github/almasb/fxgl/17.1/fxgl-17.1.jar!/fxglassets/ui/fonts/VarelaRound-Regular.ttf
21:58:16.289 [FXGL Background Thread 1 ] DEBUG FXGLAssetLoaderServi - Loading from file system: jar:file:/C:/Users/chaum/.m2/repository/com/github/almasb/fxgl/17.1/fxgl-17.1.jar!/fxglassets/languages/english.lang
21:58:16.307 [FXGL Background Thread 1 ] INFO  FXGLApplication      - FXGL initialization took: 0.385 sec
21:58:16.320 [JavaFX Application Thread] DEBUG Input                - Registered new binding: action0 - F
21:58:16.321 [JavaFX Application Thread] DEBUG Input                - Registered new binding: Right - D
21:58:16.321 [JavaFX Application Thread] DEBUG Input                - Registered new binding: Left - A
21:58:16.321 [JavaFX Application Thread] DEBUG Input                - Registered new binding: Up - W
21:58:16.321 [JavaFX Application Thread] DEBUG Input                - Registered new binding: Down - S
21:58:16.321 [JavaFX Application Thread] DEBUG Input                - Registered new binding: Place boom - Space
21:58:16.321 [JavaFX Application Thread] DEBUG FXGLAssetLoaderServi - Loading from file system: file:/E:/space_java/Game/game_datbom/target/classes/assets/textures/icon/icon.png
21:58:16.374 [FXGL Background Thread 4 ] DEBUG FXGLAssetLoaderServi - Loading from file system: jar:file:/C:/Users/chaum/.m2/repository/com/github/almasb/fxgl/17.1/fxgl-17.1.jar!/fxglassets/ui/fonts/Abel-Regular.ttf
21:58:16.374 [JavaFX Application Thread] DEBUG FXGLAssetLoaderServi - Loading from file system: file:/E:/space_java/Game/game_datbom/target/classes/assets/textures/cursor/cursor1.png
21:58:16.378 [FXGL Background Thread 4 ] DEBUG FXGLAssetLoaderServi - Loading from file system: jar:file:/C:/Users/chaum/.m2/repository/com/github/almasb/fxgl/17.1/fxgl-17.1.jar!/fxglassets/ui/fonts/TerminalLandMono-Regular.otf
21:58:16.383 [FXGL Background Thread 4 ] DEBUG FXGLAssetLoaderServi - Loading from file system: jar:file:/C:/Users/chaum/.m2/repository/com/github/almasb/fxgl/17.1/fxgl-17.1.jar!/fxglassets/ui/fonts/Courier-Prime.ttf
21:58:16.384 [JavaFX Application Thread] DEBUG Input                - Registered new binding: Screenshot - CTRL+8
21:58:16.384 [JavaFX Application Thread] DEBUG Input                - Registered new binding: Dev Options - 1
21:58:16.385 [JavaFX Application Thread] DEBUG Input                - Registered new binding: Dev Console - 2
21:58:16.385 [JavaFX Application Thread] DEBUG Input                - Registered new binding: System info dump - CTRL+9
21:58:16.386 [JavaFX Application Thread] DEBUG Input                - Registered new binding: Restart - CTRL+R
21:58:16.386 [JavaFX Application Thread] DEBUG Input                - Registered new binding: Toggle Debug Camera - CTRL+7
21:58:16.390 [JavaFX Application Thread] DEBUG LoopRunner           - Starting loop
21:58:16.408 [JavaFX Application Thread] DEBUG LoopRunner           - Initializing JavaFX AnimationTimerLoop
21:58:16.409 [JavaFX Application Thread] DEBUG Input                - Clearing active input actions
21:58:16.419 [JavaFX Application Thread] DEBUG GameApplicationServi - Removing overlay from FXGLStartupScene and adding to FXGLMainMenuDummyScene
21:58:16.422 [JavaFX Application Thread] DEBUG PrimaryStageWindow   - FXGLStartupScene -> FXGLMainMenuDummyScene
21:58:16.423 [JavaFX Application Thread] DEBUG PrimaryStageWindow   - Push state: MainMenu
21:58:16.423 [JavaFX Application Thread] DEBUG Input                - Clearing active input actions
21:58:16.426 [JavaFX Application Thread] DEBUG GameApplicationServi - Removing overlay from FXGLMainMenuDummyScene and adding to MainMenu
21:58:16.427 [JavaFX Application Thread] DEBUG PrimaryStageWindow   - FXGLMainMenuDummyScene -> MainMenu
21:58:16.427 [JavaFX Application Thread] DEBUG FXGLApplication      - Registering font factories with UI factory
21:58:16.865 [FXGL Background Thread 2 ] INFO  UpdaterService       - Your current version:  17.1
21:58:16.866 [FXGL Background Thread 2 ] INFO  UpdaterService       - Latest stable version: 17.2
21:58:19.284 [FXGL Background Thread 3 ] DEBUG Engine               - Logging environment variables
21:58:19.285 [FXGL Background Thread 3 ] DEBUG Engine               - achievements: []
21:58:19.285 [FXGL Background Thread 3 ] DEBUG Engine               - actualHeight: 720.0
21:58:19.285 [FXGL Background Thread 3 ] DEBUG Engine               - actualHeightProperty: ReadOnlyDoubleProperty [value: 720.0]
21:58:19.285 [FXGL Background Thread 3 ] DEBUG Engine               - actualWidth: 1280.0
21:58:19.285 [FXGL Background Thread 3 ] DEBUG Engine               - actualWidthProperty: ReadOnlyDoubleProperty [value: 1280.0]
21:58:19.286 [FXGL Background Thread 3 ] DEBUG Engine               - appIcon: icon/icon.png
21:58:19.286 [FXGL Background Thread 3 ] DEBUG Engine               - applicationMode: DEVELOPER
21:58:19.286 [FXGL Background Thread 3 ] DEBUG Engine               - cSSList: [fxgl_dark.css]
21:58:19.286 [FXGL Background Thread 3 ] DEBUG Engine               - collisionDetectionStrategy: BRUTE_FORCE
21:58:19.286 [FXGL Background Thread 3 ] DEBUG Engine               - configClass: Optional.empty
21:58:19.286 [FXGL Background Thread 3 ] DEBUG Engine               - credits: []
21:58:19.288 [FXGL Background Thread 3 ] DEBUG Engine               - defaultCursor: CursorInfo(imageName=cursor/cursor1.png, hotspotX=0.0, hotspotY=0.0)
21:58:19.288 [FXGL Background Thread 3 ] DEBUG Engine               - devBBoxColorProperty: ObjectProperty [value: 0xff0000ff]
21:58:19.288 [FXGL Background Thread 3 ] DEBUG Engine               - devEnableDebugCameraProperty: BooleanProperty [value: false]
21:58:19.288 [FXGL Background Thread 3 ] DEBUG Engine               - devSensorColorProperty: ObjectProperty [value: 0xffff00ff]
21:58:19.288 [FXGL Background Thread 3 ] DEBUG Engine               - devShowBBoxProperty: BooleanProperty [value: false]
21:58:19.288 [FXGL Background Thread 3 ] DEBUG Engine               - devShowPositionProperty: BooleanProperty [value: false]
21:58:19.288 [FXGL Background Thread 3 ] DEBUG Engine               - enabledMenuItems: []
21:58:19.288 [FXGL Background Thread 3 ] DEBUG Engine               - engineServices: [class com.almasb.fxgl.app.services.FXGLAssetLoaderService, class com.almasb.fxgl.app.FXGLApplication$GameApplicationService, class com.almasb.fxgl.app.services.FXGLDialogService, class com.almasb.fxgl.app.services.IOTaskExecutorService, class com.almasb.fxgl.io.FileSystemService, class com.almasb.fxgl.localization.LocalizationService, class com.almasb.fxgl.app.services.SystemBundleService, class com.almasb.fxgl.profile.SaveLoadService, class com.almasb.fxgl.ui.FXGLUIFactoryServiceProvider, class com.almasb.fxgl.ui.FXGLDialogFactoryServiceProvider, class com.almasb.fxgl.audio.AudioPlayer, class com.almasb.fxgl.notification.impl.NotificationServiceProvider, class com.almasb.fxgl.achievement.AchievementService, class com.almasb.fxgl.cutscene.CutsceneService, class com.almasb.fxgl.minigames.MiniGameService, class com.almasb.fxgl.net.NetService, class com.almasb.fxgl.app.services.UpdaterService, class com.almasb.fxgl.dev.DevService]
21:58:19.288 [FXGL Background Thread 3 ] DEBUG Engine               - fontGame: Abel-Regular.ttf
21:58:19.288 [FXGL Background Thread 3 ] DEBUG Engine               - fontMono: TerminalLandMono-Regular.otf
21:58:19.289 [FXGL Background Thread 3 ] DEBUG Engine               - fontText: Courier-Prime.ttf
21:58:19.289 [FXGL Background Thread 3 ] DEBUG Engine               - fontUI: VarelaRound-Regular.ttf
21:58:19.289 [FXGL Background Thread 3 ] DEBUG Engine               - fullScreen: BooleanProperty [value: false]
21:58:19.289 [FXGL Background Thread 3 ] DEBUG Engine               - gameDifficulty: MEDIUM
21:58:19.289 [FXGL Background Thread 3 ] DEBUG Engine               - gameDifficultyProperty: ObjectProperty [value: MEDIUM]
21:58:19.289 [FXGL Background Thread 3 ] DEBUG Engine               - globalMusicVolume: 0.5
21:58:19.289 [FXGL Background Thread 3 ] DEBUG Engine               - globalMusicVolumeProperty: DoubleProperty [value: 0.5]
21:58:19.289 [FXGL Background Thread 3 ] DEBUG Engine               - globalSoundVolume: 0.5
21:58:19.289 [FXGL Background Thread 3 ] DEBUG Engine               - globalSoundVolumeProperty: DoubleProperty [value: 0.5]
21:58:19.289 [FXGL Background Thread 3 ] DEBUG Engine               - height: 720
21:58:19.289 [FXGL Background Thread 3 ] DEBUG Engine               - is3D: false
21:58:19.289 [FXGL Background Thread 3 ] DEBUG Engine               - isAndroid: false
21:58:19.289 [FXGL Background Thread 3 ] DEBUG Engine               - isBrowser: false
21:58:19.289 [FXGL Background Thread 3 ] DEBUG Engine               - isClickFeedbackEnabled: false
21:58:19.290 [FXGL Background Thread 3 ] DEBUG Engine               - isCloseConfirmation: false
21:58:19.290 [FXGL Background Thread 3 ] DEBUG Engine               - isDesktop: true
21:58:19.290 [FXGL Background Thread 3 ] DEBUG Engine               - isDeveloperMenuEnabled: true
21:58:19.290 [FXGL Background Thread 3 ] DEBUG Engine               - isEmbedded: false
21:58:19.290 [FXGL Background Thread 3 ] DEBUG Engine               - isEntityPreloadEnabled: true
21:58:19.290 [FXGL Background Thread 3 ] DEBUG Engine               - isExperimentalTiledLargeMap: false
21:58:19.290 [FXGL Background Thread 3 ] DEBUG Engine               - isFileSystemWriteAllowed: true
21:58:19.290 [FXGL Background Thread 3 ] DEBUG Engine               - isFullScreenAllowed: false
21:58:19.290 [FXGL Background Thread 3 ] DEBUG Engine               - isFullScreenFromStart: false
21:58:19.290 [FXGL Background Thread 3 ] DEBUG Engine               - isGameMenuEnabled: true
21:58:19.290 [FXGL Background Thread 3 ] DEBUG Engine               - isIOS: false
21:58:19.290 [FXGL Background Thread 3 ] DEBUG Engine               - isIntroEnabled: false
21:58:19.290 [FXGL Background Thread 3 ] DEBUG Engine               - isLinux: false
21:58:19.290 [FXGL Background Thread 3 ] DEBUG Engine               - isMac: false
21:58:19.290 [FXGL Background Thread 3 ] DEBUG Engine               - isMainMenuEnabled: true
21:58:19.290 [FXGL Background Thread 3 ] DEBUG Engine               - isManualResizeEnabled: false
21:58:19.290 [FXGL Background Thread 3 ] DEBUG Engine               - isMobile: false
21:58:19.291 [FXGL Background Thread 3 ] DEBUG Engine               - isNative: false
21:58:19.291 [FXGL Background Thread 3 ] DEBUG Engine               - isPauseMusicWhenMinimized: true
21:58:19.291 [FXGL Background Thread 3 ] DEBUG Engine               - isPreserveResizeRatio: false
21:58:19.291 [FXGL Background Thread 3 ] DEBUG Engine               - isProfilingEnabled: false
21:58:19.291 [FXGL Background Thread 3 ] DEBUG Engine               - isScaleAffectedOnResize: true
21:58:19.291 [FXGL Background Thread 3 ] DEBUG Engine               - isSingleStep: false
21:58:19.291 [FXGL Background Thread 3 ] DEBUG Engine               - isUserProfileEnabled: false
21:58:19.291 [FXGL Background Thread 3 ] DEBUG Engine               - isWindows: true
21:58:19.291 [FXGL Background Thread 3 ] DEBUG Engine               - language: ObjectProperty [value: ENGLISH]
21:58:19.291 [FXGL Background Thread 3 ] DEBUG Engine               - menuKey: ESCAPE
21:58:19.291 [FXGL Background Thread 3 ] DEBUG Engine               - mouseSensitivity: 0.2
21:58:19.291 [FXGL Background Thread 3 ] DEBUG Engine               - notificationViewClass: class com.almasb.fxgl.notification.view.XboxNotificationView
21:58:19.291 [FXGL Background Thread 3 ] DEBUG Engine               - pixelsPerMeter: 50.0
21:58:19.291 [FXGL Background Thread 3 ] DEBUG Engine               - platform: WINDOWS
21:58:19.291 [FXGL Background Thread 3 ] DEBUG Engine               - prefHeightProperty: ReadOnlyDoubleProperty [value: 720.0]
21:58:19.291 [FXGL Background Thread 3 ] DEBUG Engine               - prefWidthProperty: ReadOnlyDoubleProperty [value: 1280.0]
21:58:19.291 [FXGL Background Thread 3 ] DEBUG Engine               - profileDir: profiles/
21:58:19.292 [FXGL Background Thread 3 ] DEBUG Engine               - profileName: StringProperty [value: DEFAULT]
21:58:19.292 [FXGL Background Thread 3 ] DEBUG Engine               - randomSeed: -1
21:58:19.292 [FXGL Background Thread 3 ] DEBUG Engine               - runtimeInfo: RuntimeInfo(platform=WINDOWS, version=17.1, build=24.03.2022 17.34)
21:58:19.292 [FXGL Background Thread 3 ] DEBUG Engine               - saveFileExt: sav
21:58:19.292 [FXGL Background Thread 3 ] DEBUG Engine               - scaledHeightProp$fxgl: DoubleProperty [bound, value: 720.0]
21:58:19.292 [FXGL Background Thread 3 ] DEBUG Engine               - scaledWidthProp$fxgl: DoubleProperty [bound, value: 1280.0]
21:58:19.292 [FXGL Background Thread 3 ] DEBUG Engine               - sceneFactory: hellofx.Main$1@168d9068
21:58:19.292 [FXGL Background Thread 3 ] DEBUG Engine               - secondsIn24h: 60
21:58:19.292 [FXGL Background Thread 3 ] DEBUG Engine               - soundMenuBack: menu/back.wav
21:58:19.292 [FXGL Background Thread 3 ] DEBUG Engine               - soundMenuPress: menu/press.wav
21:58:19.293 [FXGL Background Thread 3 ] DEBUG Engine               - soundMenuSelect: menu/select.wav
21:58:19.293 [FXGL Background Thread 3 ] DEBUG Engine               - soundNotification: core/notification.wav
21:58:19.293 [FXGL Background Thread 3 ] DEBUG Engine               - stageStyle: DECORATED
21:58:19.293 [FXGL Background Thread 3 ] DEBUG Engine               - supportedLanguages: [ENGLISH, FRENCH, GERMAN, HUNGARIAN, RUSSIAN]
21:58:19.293 [FXGL Background Thread 3 ] DEBUG Engine               - ticksPerSecond: -1
21:58:19.293 [FXGL Background Thread 3 ] DEBUG Engine               - title: Bomberman
21:58:19.293 [FXGL Background Thread 3 ] DEBUG Engine               - urlGithub: https://github.com/AlmasB/FXGL
21:58:19.293 [FXGL Background Thread 3 ] DEBUG Engine               - urlLeaderboard: http://fxgl-top.herokuapp.com/
21:58:19.293 [FXGL Background Thread 3 ] DEBUG Engine               - urlPOM: https://raw.githubusercontent.com/AlmasB/FXGL/release/README.md
21:58:19.293 [FXGL Background Thread 3 ] DEBUG Engine               - userAppClass: class hellofx.Main
21:58:19.293 [FXGL Background Thread 3 ] DEBUG Engine               - version: 1.0
21:58:19.293 [FXGL Background Thread 3 ] DEBUG Engine               - versionCheckDays: 7
21:58:19.293 [FXGL Background Thread 3 ] DEBUG Engine               - width: 1280
21:58:19.293 [FXGL Background Thread 3 ] DEBUG Engine               - Logging services
21:58:19.293 [FXGL Background Thread 3 ] DEBUG Engine               - class com.almasb.fxgl.app.services.FXGLAssetLoaderService
21:58:19.293 [FXGL Background Thread 3 ] DEBUG Engine               - class com.almasb.fxgl.app.FXGLApplication$GameApplicationService
21:58:19.293 [FXGL Background Thread 3 ] DEBUG Engine               - class com.almasb.fxgl.app.services.FXGLDialogService
21:58:19.293 [FXGL Background Thread 3 ] DEBUG Engine               - class com.almasb.fxgl.app.services.IOTaskExecutorService
21:58:19.294 [FXGL Background Thread 3 ] DEBUG Engine               - class com.almasb.fxgl.io.FileSystemService
21:58:19.294 [FXGL Background Thread 3 ] DEBUG Engine               - class com.almasb.fxgl.localization.LocalizationService
21:58:19.294 [FXGL Background Thread 3 ] DEBUG Engine               - class com.almasb.fxgl.app.services.SystemBundleService
21:58:19.294 [FXGL Background Thread 3 ] DEBUG Engine               - class com.almasb.fxgl.profile.SaveLoadService
21:58:19.295 [FXGL Background Thread 3 ] DEBUG Engine               - class com.almasb.fxgl.ui.FXGLUIFactoryServiceProvider
21:58:19.295 [FXGL Background Thread 3 ] DEBUG Engine               - class com.almasb.fxgl.ui.FXGLDialogFactoryServiceProvider
21:58:19.295 [FXGL Background Thread 3 ] DEBUG Engine               - class com.almasb.fxgl.audio.AudioPlayer
21:58:19.295 [FXGL Background Thread 3 ] DEBUG Engine               - class com.almasb.fxgl.notification.impl.NotificationServiceProvider
21:58:19.295 [FXGL Background Thread 3 ] DEBUG Engine               - class com.almasb.fxgl.achievement.AchievementService
21:58:19.295 [FXGL Background Thread 3 ] DEBUG Engine               - class com.almasb.fxgl.cutscene.CutsceneService
21:58:19.295 [FXGL Background Thread 3 ] DEBUG Engine               - class com.almasb.fxgl.minigames.MiniGameService
21:58:19.295 [FXGL Background Thread 3 ] DEBUG Engine               - class com.almasb.fxgl.net.NetService
21:58:19.295 [FXGL Background Thread 3 ] DEBUG Engine               - class com.almasb.fxgl.app.services.UpdaterService
21:58:19.295 [FXGL Background Thread 3 ] DEBUG Engine               - class com.almasb.fxgl.dev.DevService
22:00:16.720 [JavaFX Application Thread] DEBUG Menu                 - fireNewGame()
22:00:16.720 [JavaFX Application Thread] DEBUG GameApplicationServi - Starting new game
22:00:16.721 [JavaFX Application Thread] DEBUG PrimaryStageWindow   - Pop state: MainMenu
22:00:16.721 [JavaFX Application Thread] DEBUG Input                - Clearing active input actions
22:00:16.722 [JavaFX Application Thread] DEBUG GameApplicationServi - Removing overlay from MainMenu and adding to FXGLMainMenuDummyScene
22:00:16.724 [JavaFX Application Thread] DEBUG PrimaryStageWindow   - FXGLMainMenuDummyScene <- MainMenu
22:00:16.724 [JavaFX Application Thread] DEBUG Input                - Clearing active input actions
22:00:16.730 [JavaFX Application Thread] DEBUG GameApplicationServi - Removing overlay from FXGLMainMenuDummyScene and adding to FXGLLoadingScene
22:00:16.731 [JavaFX Application Thread] DEBUG PrimaryStageWindow   - FXGLMainMenuDummyScene -> FXGLLoadingScene
22:00:16.731 [JavaFX Application Thread] DEBUG GameApplicationServi - Clearing previous game
22:00:16.731 [JavaFX Application Thread] DEBUG GameScene            - Clearing game scene
22:00:16.731 [JavaFX Application Thread] DEBUG GameWorld            - Clearing game world
22:00:16.731 [JavaFX Application Thread] DEBUG PhysicsWorld         - Clearing physics world
22:00:16.735 [FXGL Background Thread 5 ] DEBUG FXGLApplication      - Initializing game
22:00:16.756 [FXGL Background Thread 5 ] DEBUG FXGLAssetLoaderServi - Loading from file system: file:/E:/space_java/Game/game_datbom/target/classes/assets/textures/mapTexture/grass.png
22:00:16.762 [FXGL Background Thread 5 ] DEBUG FXGLAssetLoaderServi - Loading from file system: file:/E:/space_java/Game/game_datbom/target/classes/assets/textures/mapTexture/wall.png
22:00:16.841 [FXGL Background Thread 5 ] DEBUG FXGLAssetLoaderServi - Loading from file system: file:/E:/space_java/Game/game_datbom/target/classes/assets/textures/gameItem/powerup_speed.png
22:00:16.841 [FXGL Background Thread 5 ] DEBUG FXGLAssetLoaderServi - Loading from file system: file:/E:/space_java/Game/game_datbom/target/classes/assets/textures/gameItem/powerup_flames.png
22:00:16.861 [FXGL Background Thread 5 ] DEBUG FXGLAssetLoaderServi - Loading from file system: file:/E:/space_java/Game/game_datbom/target/classes/assets/textures/mapTexture%5cbrick.png
22:00:16.873 [FXGL Background Thread 5 ] DEBUG FXGLAssetLoaderServi - Loading from file system: file:/E:/space_java/Game/game_datbom/target/classes/assets/textures/mapTexture%5cbrick_break.png
22:00:16.917 [FXGL Background Thread 5 ] DEBUG FXGLAssetLoaderServi - Loading from file system: file:/E:/space_java/Game/game_datbom/target/classes/assets/textures/mapTexture/portal.png
22:00:16.973 [FXGL Background Thread 5 ] DEBUG FXGLAssetLoaderServi - Loading from file system: file:/E:/space_java/Game/game_datbom/target/classes/assets/textures/character/gold_player_dead.png
22:00:16.973 [FXGL Background Thread 5 ] DEBUG FXGLAssetLoaderServi - Loading from file system: file:/E:/space_java/Game/game_datbom/target/classes/assets/textures/character/gold_player_down.png
22:00:16.973 [FXGL Background Thread 5 ] DEBUG FXGLAssetLoaderServi - Loading from file system: file:/E:/space_java/Game/game_datbom/target/classes/assets/textures/character/gold_player_up.png
22:00:16.973 [FXGL Background Thread 5 ] DEBUG FXGLAssetLoaderServi - Loading from file system: file:/E:/space_java/Game/game_datbom/target/classes/assets/textures/character/gold_player_left_temp.png
22:00:16.973 [FXGL Background Thread 5 ] DEBUG FXGLAssetLoaderServi - Loading from file system: file:/E:/space_java/Game/game_datbom/target/classes/assets/textures/character/gold_player_right_temp.png
22:00:16.973 [FXGL Background Thread 5 ] WARN  Entity               - Entity already has component: com.almasb.fxgl.entity.components.CollidableComponent
22:00:16.981 [FXGL Background Thread 5 ] INFO  FXGLApplication      - Game initialization took: 0.247 sec
22:00:16.983 [JavaFX Application Thread] DEBUG Input                - Clearing active input actions
22:00:16.991 [JavaFX Application Thread] DEBUG GameApplicationServi - Removing overlay from FXGLLoadingScene and adding to GameScene
22:00:16.991 [JavaFX Application Thread] DEBUG PrimaryStageWindow   - FXGLLoadingScene -> GameScene
22:00:24.025 [JavaFX Application Thread] DEBUG FXGLAssetLoaderServi - Loading from file system: file:/E:/space_java/Game/game_datbom/target/classes/assets/textures/character%5cbomb.png
22:00:24.030 [JavaFX Application Thread] DEBUG FXGLAssetLoaderServi - Loading from file system: file:/E:/space_java/Game/game_datbom/target/classes/assets/textures/flame%5cleft_flame.png
22:00:24.031 [JavaFX Application Thread] DEBUG FXGLAssetLoaderServi - Loading from file system: file:/E:/space_java/Game/game_datbom/target/classes/assets/textures/flame%5cup_flame.png
22:00:24.033 [JavaFX Application Thread] DEBUG FXGLAssetLoaderServi - Loading from file system: file:/E:/space_java/Game/game_datbom/target/classes/assets/textures/flame%5ccentral_flame.png
22:00:31.796 [JavaFX Application Thread] DEBUG FXGLApplication      - Exiting FXGL
22:00:31.797 [JavaFX Application Thread] DEBUG LoopRunner           - Stopping loop
22:00:31.797 [JavaFX Application Thread] DEBUG SystemBundleService  - Saving FXGL system data
22:00:31.801 [JavaFX Application Thread] DEBUG FileSystemAccess     - Writing to: E:\space_java\Game\game_datbom\system\fxgl.bundle
22:00:31.804 [JavaFX Application Thread] DEBUG Async                - Shutting down background threads
22:00:31.804 [JavaFX Application Thread] DEBUG PrimaryStageWindow   - Closing main window
22:00:31.832 [JavaFX Application Thread] DEBUG Logger               - Closing Logger
