03:06:44.810 [main                     ] DEBUG Logger               - Configured Logger
03:06:44.824 [main                     ] DEBUG GameApplication      - Logging settings
Title: Bomberman
Version: 1.0
Width: 1280
Height: 800
Fullscreen: false
Intro: false
Profiling: false
Single step:false
App Mode: DEVELOPER
Menu Key: ESCAPE
Stage Style: DECORATED
Scene Factory: class hellofx.Main$1

03:06:44.906 [JavaFX Application Thread] DEBUG FXGLApplication      - Initializing FXGL
03:06:44.911 [JavaFX Application Thread] INFO  Engine               - FXGL-17.1 (24.03.2022 17.34) on WINDOWS (J:18.0.2.1 FX:18)
03:06:44.911 [JavaFX Application Thread] DEBUG Engine               - JRE Vendor Name: Oracle Corporation
03:06:44.911 [JavaFX Application Thread] DEBUG Engine               - Running on OS: Windows 11 version 10.0
03:06:44.911 [JavaFX Application Thread] DEBUG Engine               - Architecture: amd64
03:06:44.911 [JavaFX Application Thread] INFO  Engine               - Source code and latest versions at: https://github.com/AlmasB/FXGL
03:06:44.912 [JavaFX Application Thread] INFO  Engine               -       Ask questions and discuss at: https://github.com/AlmasB/FXGL/discussions
03:06:44.912 [JavaFX Application Thread] INFO  Engine               -              Join the FXGL chat at: https://gitter.im/AlmasB/FXGL
03:06:44.951 [JavaFX Application Thread] DEBUG PrimaryStageWindow   - Creating a JavaFX scene
03:06:44.990 [JavaFX Application Thread] DEBUG PrimaryStageWindow   - Target settings size: 1280.0 x 800.0
03:06:44.990 [JavaFX Application Thread] DEBUG PrimaryStageWindow   - Scaled scene size:    1280.0 x 800.0
03:06:44.990 [JavaFX Application Thread] DEBUG PrimaryStageWindow   - Scaled ratio: (1.0, 1.0)
03:06:44.991 [JavaFX Application Thread] DEBUG PrimaryStageWindow   - Set initial scene to FXGLStartupScene
03:06:44.998 [JavaFX Application Thread] DEBUG PrimaryStageWindow   - Opening main window
03:06:45.068 [JavaFX Application Thread] DEBUG PrimaryStageWindow   - Window border size: (16.0, 39.0)
03:06:45.068 [JavaFX Application Thread] DEBUG PrimaryStageWindow   - Scaled size: 1280.0 x 800.0
03:06:45.069 [JavaFX Application Thread] DEBUG PrimaryStageWindow   - Scaled ratio: (1.0, 1.0)
03:06:45.069 [JavaFX Application Thread] DEBUG PrimaryStageWindow   - Scene size: 1280.0 x 800.0
03:06:45.070 [JavaFX Application Thread] DEBUG PrimaryStageWindow   - Stage size: 1296.0 x 839.0
03:06:45.080 [FXGL Background Thread 1 ] DEBUG Engine               - Initializing environment variables
03:06:45.135 [FXGL Background Thread 1 ] DEBUG FXGLAssetLoaderServi - User app class for loading assets: class hellofx.Main
03:06:45.136 [FXGL Background Thread 1 ] DEBUG GameApplicationServi - Applying CSS: fxgl_dark.css
03:06:45.136 [FXGL Background Thread 1 ] DEBUG FXGLAssetLoaderServi - Loading from file system: jar:file:/C:/Users/chaum/.m2/repository/com/github/almasb/fxgl/17.1/fxgl-17.1.jar!/fxglassets/ui/css/fxgl_dark.css
03:06:45.170 [FXGL Background Thread 1 ] DEBUG GameApplicationServi - Initializing application scenes
03:06:45.206 [FXGL Background Thread 1 ] DEBUG GameWorld            - Game world initialized
03:06:45.245 [FXGL Background Thread 1 ] DEBUG PhysicsWorld         - Physics world initialized: appHeight=800, physics.ppm=50.0
03:06:45.245 [FXGL Background Thread 1 ] DEBUG PhysicsWorld         - Using strategy: BRUTE_FORCE
03:06:45.248 [FXGL Background Thread 1 ] DEBUG GameScene            - Game scene initialized: 1280x800
03:06:45.303 [FXGL Background Thread 1 ] DEBUG GameApplicationServi - Application scenes initialized
03:06:45.312 [FXGL Background Thread 1 ] DEBUG SystemBundleService  - Loading FXGL system data
03:06:45.316 [FXGL Background Thread 1 ] DEBUG FileSystemAccess     - Reading from: E:\space_java\Game\game_datbom\system\fxgl.bundle
03:06:45.322 [FXGL Background Thread 1 ] DEBUG SystemBundleService  - Bundle FXGL: {}
03:06:45.322 [FXGL Background Thread 1 ] DEBUG UpdaterService       - Checking for updates
03:06:45.353 [FXGL Background Thread 4 ] DEBUG FXGLApplication      - Loading fonts
03:06:45.354 [FXGL Background Thread 1 ] DEBUG FXGLApplication      - Loading default localization
03:06:45.354 [FXGL Background Thread 4 ] DEBUG FXGLAssetLoaderServi - Loading from file system: jar:file:/C:/Users/chaum/.m2/repository/com/github/almasb/fxgl/17.1/fxgl-17.1.jar!/fxglassets/ui/fonts/VarelaRound-Regular.ttf
03:06:45.355 [FXGL Background Thread 1 ] DEBUG FXGLAssetLoaderServi - Loading from file system: jar:file:/C:/Users/chaum/.m2/repository/com/github/almasb/fxgl/17.1/fxgl-17.1.jar!/fxglassets/languages/english.lang
03:06:45.378 [FXGL Background Thread 1 ] INFO  FXGLApplication      - FXGL initialization took: 0.298 sec
03:06:45.393 [JavaFX Application Thread] DEBUG Input                - Registered new binding: action0 - F
03:06:45.394 [JavaFX Application Thread] DEBUG Input                - Registered new binding: action1 - G
03:06:45.395 [JavaFX Application Thread] DEBUG Input                - Registered new binding: action2 - R
03:06:45.396 [JavaFX Application Thread] DEBUG Input                - Registered new binding: action3 - T
03:06:45.396 [JavaFX Application Thread] DEBUG Input                - Registered new binding: Right - D
03:06:45.396 [JavaFX Application Thread] DEBUG Input                - Registered new binding: Left - A
03:06:45.396 [JavaFX Application Thread] DEBUG Input                - Registered new binding: Up - W
03:06:45.396 [JavaFX Application Thread] DEBUG Input                - Registered new binding: Down - S
03:06:45.397 [JavaFX Application Thread] DEBUG Input                - Registered new binding: Place boom - Space
03:06:45.397 [JavaFX Application Thread] DEBUG FXGLAssetLoaderServi - Loading from file system: file:/E:/space_java/Game/game_datbom/target/classes/assets/textures/icon/icon.png
03:06:45.444 [FXGL Background Thread 4 ] DEBUG FXGLAssetLoaderServi - Loading from file system: jar:file:/C:/Users/chaum/.m2/repository/com/github/almasb/fxgl/17.1/fxgl-17.1.jar!/fxglassets/ui/fonts/Abel-Regular.ttf
03:06:45.448 [FXGL Background Thread 4 ] DEBUG FXGLAssetLoaderServi - Loading from file system: jar:file:/C:/Users/chaum/.m2/repository/com/github/almasb/fxgl/17.1/fxgl-17.1.jar!/fxglassets/ui/fonts/TerminalLandMono-Regular.otf
03:06:45.452 [FXGL Background Thread 4 ] DEBUG FXGLAssetLoaderServi - Loading from file system: jar:file:/C:/Users/chaum/.m2/repository/com/github/almasb/fxgl/17.1/fxgl-17.1.jar!/fxglassets/ui/fonts/Courier-Prime.ttf
03:06:45.453 [JavaFX Application Thread] DEBUG FXGLAssetLoaderServi - Loading from file system: file:/E:/space_java/Game/game_datbom/target/classes/assets/textures/cursor/cursor1.png
03:06:45.463 [JavaFX Application Thread] DEBUG Input                - Registered new binding: Screenshot - CTRL+8
03:06:45.464 [JavaFX Application Thread] DEBUG Input                - Registered new binding: Dev Options - 1
03:06:45.464 [JavaFX Application Thread] DEBUG Input                - Registered new binding: Dev Console - 2
03:06:45.464 [JavaFX Application Thread] DEBUG Input                - Registered new binding: System info dump - CTRL+9
03:06:45.465 [JavaFX Application Thread] DEBUG Input                - Registered new binding: Restart - CTRL+R
03:06:45.465 [JavaFX Application Thread] DEBUG Input                - Registered new binding: Toggle Debug Camera - CTRL+7
03:06:45.468 [JavaFX Application Thread] DEBUG LoopRunner           - Starting loop
03:06:45.482 [JavaFX Application Thread] DEBUG LoopRunner           - Initializing JavaFX AnimationTimerLoop
03:06:45.484 [JavaFX Application Thread] DEBUG Input                - Clearing active input actions
03:06:45.489 [JavaFX Application Thread] DEBUG GameApplicationServi - Removing overlay from FXGLStartupScene and adding to FXGLMainMenuDummyScene
03:06:45.492 [JavaFX Application Thread] DEBUG PrimaryStageWindow   - FXGLStartupScene -> FXGLMainMenuDummyScene
03:06:45.492 [JavaFX Application Thread] DEBUG PrimaryStageWindow   - Push state: MainMenu
03:06:45.492 [JavaFX Application Thread] DEBUG Input                - Clearing active input actions
03:06:45.495 [JavaFX Application Thread] DEBUG GameApplicationServi - Removing overlay from FXGLMainMenuDummyScene and adding to MainMenu
03:06:45.495 [JavaFX Application Thread] DEBUG PrimaryStageWindow   - FXGLMainMenuDummyScene -> MainMenu
03:06:45.495 [JavaFX Application Thread] DEBUG FXGLApplication      - Registering font factories with UI factory
03:06:46.141 [FXGL Background Thread 2 ] INFO  UpdaterService       - Your current version:  17.1
03:06:46.142 [FXGL Background Thread 2 ] INFO  UpdaterService       - Latest stable version: 17.2
03:06:46.751 [JavaFX Application Thread] DEBUG Menu                 - fireNewGame()
03:06:46.752 [JavaFX Application Thread] DEBUG GameApplicationServi - Starting new game
03:06:46.752 [JavaFX Application Thread] DEBUG PrimaryStageWindow   - Pop state: MainMenu
03:06:46.752 [JavaFX Application Thread] DEBUG Input                - Clearing active input actions
03:06:46.753 [JavaFX Application Thread] DEBUG GameApplicationServi - Removing overlay from MainMenu and adding to FXGLMainMenuDummyScene
03:06:46.756 [JavaFX Application Thread] DEBUG PrimaryStageWindow   - FXGLMainMenuDummyScene <- MainMenu
03:06:46.756 [JavaFX Application Thread] DEBUG Input                - Clearing active input actions
03:06:46.761 [JavaFX Application Thread] DEBUG GameApplicationServi - Removing overlay from FXGLMainMenuDummyScene and adding to FXGLLoadingScene
03:06:46.762 [JavaFX Application Thread] DEBUG PrimaryStageWindow   - FXGLMainMenuDummyScene -> FXGLLoadingScene
03:06:46.762 [JavaFX Application Thread] DEBUG GameApplicationServi - Clearing previous game
03:06:46.762 [JavaFX Application Thread] DEBUG GameScene            - Clearing game scene
03:06:46.762 [JavaFX Application Thread] DEBUG GameWorld            - Clearing game world
03:06:46.762 [JavaFX Application Thread] DEBUG PhysicsWorld         - Clearing physics world
03:06:46.765 [FXGL Background Thread 2 ] DEBUG FXGLApplication      - Initializing game
03:06:46.792 [FXGL Background Thread 2 ] DEBUG FXGLAssetLoaderServi - Loading from file system: file:/E:/space_java/Game/game_datbom/target/classes/assets/textures/mapTexture/grass.png
03:06:46.801 [FXGL Background Thread 2 ] DEBUG FXGLAssetLoaderServi - Loading from file system: file:/E:/space_java/Game/game_datbom/target/classes/assets/textures/mapTexture/wall2.png
03:06:47.005 [FXGL Background Thread 2 ] DEBUG FXGLAssetLoaderServi - Loading from file system: file:/E:/space_java/Game/game_datbom/target/classes/assets/textures/enemy/balloon36.png
03:06:47.034 [FXGL Background Thread 2 ] DEBUG FXGLAssetLoaderServi - Loading from file system: file:/E:/space_java/Game/game_datbom/target/classes/assets/textures/character/gold_player_dead.png
03:06:47.038 [FXGL Background Thread 2 ] DEBUG FXGLAssetLoaderServi - Loading from file system: file:/E:/space_java/Game/game_datbom/target/classes/assets/textures/character/gold_player_down.png
03:06:47.040 [FXGL Background Thread 2 ] DEBUG FXGLAssetLoaderServi - Loading from file system: file:/E:/space_java/Game/game_datbom/target/classes/assets/textures/character/gold_player_up.png
03:06:47.041 [FXGL Background Thread 2 ] DEBUG FXGLAssetLoaderServi - Loading from file system: file:/E:/space_java/Game/game_datbom/target/classes/assets/textures/character/gold_player_left_temp.png
03:06:47.042 [FXGL Background Thread 2 ] DEBUG FXGLAssetLoaderServi - Loading from file system: file:/E:/space_java/Game/game_datbom/target/classes/assets/textures/character/gold_player_right_temp.png
03:06:47.047 [FXGL Background Thread 2 ] INFO  FXGLApplication      - Game initialization took: 0.283 sec
03:06:47.048 [JavaFX Application Thread] DEBUG Input                - Clearing active input actions
03:06:47.059 [JavaFX Application Thread] DEBUG GameApplicationServi - Removing overlay from FXGLLoadingScene and adding to GameScene
03:06:47.065 [JavaFX Application Thread] DEBUG PrimaryStageWindow   - FXGLLoadingScene -> GameScene
03:06:48.351 [FXGL Background Thread 3 ] DEBUG Engine               - Logging environment variables
03:06:48.351 [FXGL Background Thread 3 ] DEBUG Engine               - achievements: []
03:06:48.352 [FXGL Background Thread 3 ] DEBUG Engine               - actualHeight: 800.0
03:06:48.352 [FXGL Background Thread 3 ] DEBUG Engine               - actualHeightProperty: ReadOnlyDoubleProperty [value: 800.0]
03:06:48.352 [FXGL Background Thread 3 ] DEBUG Engine               - actualWidth: 1280.0
03:06:48.352 [FXGL Background Thread 3 ] DEBUG Engine               - actualWidthProperty: ReadOnlyDoubleProperty [value: 1280.0]
03:06:48.352 [FXGL Background Thread 3 ] DEBUG Engine               - appIcon: icon/icon.png
03:06:48.352 [FXGL Background Thread 3 ] DEBUG Engine               - applicationMode: DEVELOPER
03:06:48.352 [FXGL Background Thread 3 ] DEBUG Engine               - cSSList: [fxgl_dark.css]
03:06:48.352 [FXGL Background Thread 3 ] DEBUG Engine               - collisionDetectionStrategy: BRUTE_FORCE
03:06:48.353 [FXGL Background Thread 3 ] DEBUG Engine               - configClass: Optional.empty
03:06:48.353 [FXGL Background Thread 3 ] DEBUG Engine               - credits: []
03:06:48.354 [FXGL Background Thread 3 ] DEBUG Engine               - defaultCursor: CursorInfo(imageName=cursor/cursor1.png, hotspotX=0.0, hotspotY=0.0)
03:06:48.354 [FXGL Background Thread 3 ] DEBUG Engine               - devBBoxColorProperty: ObjectProperty [value: 0xff0000ff]
03:06:48.355 [FXGL Background Thread 3 ] DEBUG Engine               - devEnableDebugCameraProperty: BooleanProperty [value: false]
03:06:48.355 [FXGL Background Thread 3 ] DEBUG Engine               - devSensorColorProperty: ObjectProperty [value: 0xffff00ff]
03:06:48.355 [FXGL Background Thread 3 ] DEBUG Engine               - devShowBBoxProperty: BooleanProperty [value: false]
03:06:48.355 [FXGL Background Thread 3 ] DEBUG Engine               - devShowPositionProperty: BooleanProperty [value: false]
03:06:48.355 [FXGL Background Thread 3 ] DEBUG Engine               - enabledMenuItems: []
03:06:48.355 [FXGL Background Thread 3 ] DEBUG Engine               - engineServices: [class com.almasb.fxgl.app.services.FXGLAssetLoaderService, class com.almasb.fxgl.app.FXGLApplication$GameApplicationService, class com.almasb.fxgl.app.services.FXGLDialogService, class com.almasb.fxgl.app.services.IOTaskExecutorService, class com.almasb.fxgl.io.FileSystemService, class com.almasb.fxgl.localization.LocalizationService, class com.almasb.fxgl.app.services.SystemBundleService, class com.almasb.fxgl.profile.SaveLoadService, class com.almasb.fxgl.ui.FXGLUIFactoryServiceProvider, class com.almasb.fxgl.ui.FXGLDialogFactoryServiceProvider, class com.almasb.fxgl.audio.AudioPlayer, class com.almasb.fxgl.notification.impl.NotificationServiceProvider, class com.almasb.fxgl.achievement.AchievementService, class com.almasb.fxgl.cutscene.CutsceneService, class com.almasb.fxgl.minigames.MiniGameService, class com.almasb.fxgl.net.NetService, class com.almasb.fxgl.app.services.UpdaterService, class com.almasb.fxgl.dev.DevService]
03:06:48.355 [FXGL Background Thread 3 ] DEBUG Engine               - fontGame: Abel-Regular.ttf
03:06:48.355 [FXGL Background Thread 3 ] DEBUG Engine               - fontMono: TerminalLandMono-Regular.otf
03:06:48.356 [FXGL Background Thread 3 ] DEBUG Engine               - fontText: Courier-Prime.ttf
03:06:48.356 [FXGL Background Thread 3 ] DEBUG Engine               - fontUI: VarelaRound-Regular.ttf
03:06:48.356 [FXGL Background Thread 3 ] DEBUG Engine               - fullScreen: BooleanProperty [value: false]
03:06:48.356 [FXGL Background Thread 3 ] DEBUG Engine               - gameDifficulty: MEDIUM
03:06:48.356 [FXGL Background Thread 3 ] DEBUG Engine               - gameDifficultyProperty: ObjectProperty [value: MEDIUM]
03:06:48.356 [FXGL Background Thread 3 ] DEBUG Engine               - globalMusicVolume: 0.5
03:06:48.356 [FXGL Background Thread 3 ] DEBUG Engine               - globalMusicVolumeProperty: DoubleProperty [value: 0.5]
03:06:48.356 [FXGL Background Thread 3 ] DEBUG Engine               - globalSoundVolume: 0.5
03:06:48.357 [FXGL Background Thread 3 ] DEBUG Engine               - globalSoundVolumeProperty: DoubleProperty [value: 0.5]
03:06:48.357 [FXGL Background Thread 3 ] DEBUG Engine               - height: 800
03:06:48.357 [FXGL Background Thread 3 ] DEBUG Engine               - is3D: false
03:06:48.357 [FXGL Background Thread 3 ] DEBUG Engine               - isAndroid: false
03:06:48.357 [FXGL Background Thread 3 ] DEBUG Engine               - isBrowser: false
03:06:48.357 [FXGL Background Thread 3 ] DEBUG Engine               - isClickFeedbackEnabled: false
03:06:48.357 [FXGL Background Thread 3 ] DEBUG Engine               - isCloseConfirmation: false
03:06:48.357 [FXGL Background Thread 3 ] DEBUG Engine               - isDesktop: true
03:06:48.357 [FXGL Background Thread 3 ] DEBUG Engine               - isDeveloperMenuEnabled: true
03:06:48.357 [FXGL Background Thread 3 ] DEBUG Engine               - isEmbedded: false
03:06:48.357 [FXGL Background Thread 3 ] DEBUG Engine               - isEntityPreloadEnabled: true
03:06:48.357 [FXGL Background Thread 3 ] DEBUG Engine               - isExperimentalTiledLargeMap: false
03:06:48.357 [FXGL Background Thread 3 ] DEBUG Engine               - isFileSystemWriteAllowed: true
03:06:48.358 [FXGL Background Thread 3 ] DEBUG Engine               - isFullScreenAllowed: false
03:06:48.358 [FXGL Background Thread 3 ] DEBUG Engine               - isFullScreenFromStart: false
03:06:48.358 [FXGL Background Thread 3 ] DEBUG Engine               - isGameMenuEnabled: true
03:06:48.358 [FXGL Background Thread 3 ] DEBUG Engine               - isIOS: false
03:06:48.358 [FXGL Background Thread 3 ] DEBUG Engine               - isIntroEnabled: false
03:06:48.358 [FXGL Background Thread 3 ] DEBUG Engine               - isLinux: false
03:06:48.358 [FXGL Background Thread 3 ] DEBUG Engine               - isMac: false
03:06:48.358 [FXGL Background Thread 3 ] DEBUG Engine               - isMainMenuEnabled: true
03:06:48.358 [FXGL Background Thread 3 ] DEBUG Engine               - isManualResizeEnabled: false
03:06:48.358 [FXGL Background Thread 3 ] DEBUG Engine               - isMobile: false
03:06:48.358 [FXGL Background Thread 3 ] DEBUG Engine               - isNative: false
03:06:48.358 [FXGL Background Thread 3 ] DEBUG Engine               - isPauseMusicWhenMinimized: true
03:06:48.358 [FXGL Background Thread 3 ] DEBUG Engine               - isPreserveResizeRatio: false
03:06:48.358 [FXGL Background Thread 3 ] DEBUG Engine               - isProfilingEnabled: false
03:06:48.358 [FXGL Background Thread 3 ] DEBUG Engine               - isScaleAffectedOnResize: true
03:06:48.359 [FXGL Background Thread 3 ] DEBUG Engine               - isSingleStep: false
03:06:48.359 [FXGL Background Thread 3 ] DEBUG Engine               - isUserProfileEnabled: false
03:06:48.359 [FXGL Background Thread 3 ] DEBUG Engine               - isWindows: true
03:06:48.359 [FXGL Background Thread 3 ] DEBUG Engine               - language: ObjectProperty [value: ENGLISH]
03:06:48.359 [FXGL Background Thread 3 ] DEBUG Engine               - menuKey: ESCAPE
03:06:48.359 [FXGL Background Thread 3 ] DEBUG Engine               - mouseSensitivity: 0.2
03:06:48.359 [FXGL Background Thread 3 ] DEBUG Engine               - notificationViewClass: class com.almasb.fxgl.notification.view.XboxNotificationView
03:06:48.359 [FXGL Background Thread 3 ] DEBUG Engine               - pixelsPerMeter: 50.0
03:06:48.359 [FXGL Background Thread 3 ] DEBUG Engine               - platform: WINDOWS
03:06:48.359 [FXGL Background Thread 3 ] DEBUG Engine               - prefHeightProperty: ReadOnlyDoubleProperty [value: 800.0]
03:06:48.359 [FXGL Background Thread 3 ] DEBUG Engine               - prefWidthProperty: ReadOnlyDoubleProperty [value: 1280.0]
03:06:48.359 [FXGL Background Thread 3 ] DEBUG Engine               - profileDir: profiles/
03:06:48.360 [FXGL Background Thread 3 ] DEBUG Engine               - profileName: StringProperty [value: DEFAULT]
03:06:48.360 [FXGL Background Thread 3 ] DEBUG Engine               - randomSeed: -1
03:06:48.361 [FXGL Background Thread 3 ] DEBUG Engine               - runtimeInfo: RuntimeInfo(platform=WINDOWS, version=17.1, build=24.03.2022 17.34)
03:06:48.362 [FXGL Background Thread 3 ] DEBUG Engine               - saveFileExt: sav
03:06:48.362 [FXGL Background Thread 3 ] DEBUG Engine               - scaledHeightProp$fxgl: DoubleProperty [bound, value: 800.0]
03:06:48.362 [FXGL Background Thread 3 ] DEBUG Engine               - scaledWidthProp$fxgl: DoubleProperty [bound, value: 1280.0]
03:06:48.362 [FXGL Background Thread 3 ] DEBUG Engine               - sceneFactory: hellofx.Main$1@62818a8e
03:06:48.362 [FXGL Background Thread 3 ] DEBUG Engine               - secondsIn24h: 60
03:06:48.362 [FXGL Background Thread 3 ] DEBUG Engine               - soundMenuBack: menu/back.wav
03:06:48.362 [FXGL Background Thread 3 ] DEBUG Engine               - soundMenuPress: menu/press.wav
03:06:48.362 [FXGL Background Thread 3 ] DEBUG Engine               - soundMenuSelect: menu/select.wav
03:06:48.362 [FXGL Background Thread 3 ] DEBUG Engine               - soundNotification: core/notification.wav
03:06:48.362 [FXGL Background Thread 3 ] DEBUG Engine               - stageStyle: DECORATED
03:06:48.362 [FXGL Background Thread 3 ] DEBUG Engine               - supportedLanguages: [ENGLISH, FRENCH, GERMAN, HUNGARIAN, RUSSIAN]
03:06:48.363 [FXGL Background Thread 3 ] DEBUG Engine               - ticksPerSecond: -1
03:06:48.363 [FXGL Background Thread 3 ] DEBUG Engine               - title: Bomberman
03:06:48.363 [FXGL Background Thread 3 ] DEBUG Engine               - urlGithub: https://github.com/AlmasB/FXGL
03:06:48.363 [FXGL Background Thread 3 ] DEBUG Engine               - urlLeaderboard: http://fxgl-top.herokuapp.com/
03:06:48.363 [FXGL Background Thread 3 ] DEBUG Engine               - urlPOM: https://raw.githubusercontent.com/AlmasB/FXGL/release/README.md
03:06:48.363 [FXGL Background Thread 3 ] DEBUG Engine               - userAppClass: class hellofx.Main
03:06:48.363 [FXGL Background Thread 3 ] DEBUG Engine               - version: 1.0
03:06:48.363 [FXGL Background Thread 3 ] DEBUG Engine               - versionCheckDays: 7
03:06:48.363 [FXGL Background Thread 3 ] DEBUG Engine               - width: 1280
03:06:48.363 [FXGL Background Thread 3 ] DEBUG Engine               - Logging services
03:06:48.363 [FXGL Background Thread 3 ] DEBUG Engine               - class com.almasb.fxgl.app.services.FXGLAssetLoaderService
03:06:48.363 [FXGL Background Thread 3 ] DEBUG Engine               - class com.almasb.fxgl.app.FXGLApplication$GameApplicationService
03:06:48.363 [FXGL Background Thread 3 ] DEBUG Engine               - class com.almasb.fxgl.app.services.FXGLDialogService
03:06:48.363 [FXGL Background Thread 3 ] DEBUG Engine               - class com.almasb.fxgl.app.services.IOTaskExecutorService
03:06:48.363 [FXGL Background Thread 3 ] DEBUG Engine               - class com.almasb.fxgl.io.FileSystemService
03:06:48.363 [FXGL Background Thread 3 ] DEBUG Engine               - class com.almasb.fxgl.localization.LocalizationService
03:06:48.363 [FXGL Background Thread 3 ] DEBUG Engine               - class com.almasb.fxgl.app.services.SystemBundleService
03:06:48.363 [FXGL Background Thread 3 ] DEBUG Engine               - class com.almasb.fxgl.profile.SaveLoadService
03:06:48.363 [FXGL Background Thread 3 ] DEBUG Engine               - class com.almasb.fxgl.ui.FXGLUIFactoryServiceProvider
03:06:48.363 [FXGL Background Thread 3 ] DEBUG Engine               - class com.almasb.fxgl.ui.FXGLDialogFactoryServiceProvider
03:06:48.363 [FXGL Background Thread 3 ] DEBUG Engine               - class com.almasb.fxgl.audio.AudioPlayer
03:06:48.363 [FXGL Background Thread 3 ] DEBUG Engine               - class com.almasb.fxgl.notification.impl.NotificationServiceProvider
03:06:48.363 [FXGL Background Thread 3 ] DEBUG Engine               - class com.almasb.fxgl.achievement.AchievementService
03:06:48.363 [FXGL Background Thread 3 ] DEBUG Engine               - class com.almasb.fxgl.cutscene.CutsceneService
03:06:48.363 [FXGL Background Thread 3 ] DEBUG Engine               - class com.almasb.fxgl.minigames.MiniGameService
03:06:48.363 [FXGL Background Thread 3 ] DEBUG Engine               - class com.almasb.fxgl.net.NetService
03:06:48.363 [FXGL Background Thread 3 ] DEBUG Engine               - class com.almasb.fxgl.app.services.UpdaterService
03:06:48.363 [FXGL Background Thread 3 ] DEBUG Engine               - class com.almasb.fxgl.dev.DevService
03:07:18.469 [JavaFX Application Thread] DEBUG LoopRunner           - Stopping loop
03:07:18.471 [JavaFX Application Thread] FATAL FXGLApplication      - Uncaught Exception:
java.lang.ArrayIndexOutOfBoundsException: Index 32 out of bounds for length 32
	at hellofx.Map.MyMap.canGoThisWay(MyMap.java:200)
	at hellofx.Enemy.Enemy8.setMap(Enemy8.java:130)
	at hellofx.Enemy.EnemyRandom.move(EnemyRandom.java:73)
	at hellofx.Enemy.Enemy8.move(Enemy8.java:51)
	at hellofx.Enemy.Enemy8.onUpdate(Enemy8.java:31)
	at com.almasb.fxgl.entity.Entity$ComponentMap.update(Entity.java:60)
	at com.almasb.fxgl.entity.Entity.update(Entity.java:248)
	at com.almasb.fxgl.entity.GameWorld.onUpdate(GameWorld.kt:177)
	at com.almasb.fxgl.app.scene.GameScene.step(GameScene.kt:224)
	at com.almasb.fxgl.app.scene.GameScene.onUpdate(GameScene.kt:220)
	at com.almasb.fxgl.scene.Scene.update(Scene.kt:105)
	at com.almasb.fxgl.app.MainWindow$update$1.invoke(MainWindow.kt:115)
	at com.almasb.fxgl.app.MainWindow$update$1.invoke(MainWindow.kt:115)
	at com.almasb.fxgl.core.fsm.StateMachine.runOnActiveStates(StateMachine.kt:69)
	at com.almasb.fxgl.app.MainWindow.update(MainWindow.kt:115)
	at com.almasb.fxgl.app.FXGLApplication$GameApplicationService.onUpdate(FXGLApplication.kt:426)
	at com.almasb.fxgl.app.Engine.loop(Engine.kt:134)
	at com.almasb.fxgl.app.Engine.access$loop(Engine.kt:24)
	at com.almasb.fxgl.app.Engine$loop$1.invoke(Engine.kt:28)
	at com.almasb.fxgl.app.Engine$loop$1.invoke(Engine.kt:28)
	at com.almasb.fxgl.app.LoopRunner.frame(LoopRunner.kt:103)
	at com.almasb.fxgl.app.LoopRunner.access$frame(LoopRunner.kt:23)
	at com.almasb.fxgl.app.LoopRunner$impl$2$1.onTick(LoopRunner.kt:57)
	at com.almasb.fxgl.app.AnimationTimerLoop$timer$1.handle(LoopRunner.kt:137)
	at javafx.animation.AnimationTimer$AnimationTimerReceiver.lambda$handle$0(AnimationTimer.java:58)
	at java.base/java.security.AccessController.doPrivileged(AccessController.java:399)
	at javafx.animation.AnimationTimer$AnimationTimerReceiver.handle(AnimationTimer.java:57)
	at com.sun.scenario.animation.AbstractPrimaryTimer.timePulseImpl(AbstractPrimaryTimer.java:356)
	at com.sun.scenario.animation.AbstractPrimaryTimer$MainLoop.run(AbstractPrimaryTimer.java:266)
	at com.sun.javafx.tk.quantum.QuantumToolkit.pulse(QuantumToolkit.java:571)
	at com.sun.javafx.tk.quantum.QuantumToolkit.pulse(QuantumToolkit.java:555)
	at com.sun.javafx.tk.quantum.QuantumToolkit.pulseFromQueue(QuantumToolkit.java:548)
	at com.sun.javafx.tk.quantum.QuantumToolkit.lambda$runToolkit$11(QuantumToolkit.java:352)
	at com.sun.glass.ui.InvokeLaterDispatcher$Future.run(InvokeLaterDispatcher.java:96)
	at com.sun.glass.ui.win.WinApplication._runLoop(Native Method)
	at com.sun.glass.ui.win.WinApplication.lambda$runLoop$3(WinApplication.java:184)
	at java.base/java.lang.Thread.run(Thread.java:833)

03:07:18.471 [JavaFX Application Thread] FATAL FXGLApplication      - Application will now exit
03:07:18.478 [JavaFX Application Thread] DEBUG PrimaryStageWindow   - Push state: ErrorSubScene
03:07:18.478 [JavaFX Application Thread] DEBUG Input                - Clearing active input actions
03:07:18.479 [JavaFX Application Thread] DEBUG GameApplicationServi - Removing overlay from GameScene and adding to ErrorSubScene
03:07:18.480 [JavaFX Application Thread] DEBUG PrimaryStageWindow   - GameScene -> ErrorSubScene
03:07:23.128 [JavaFX Application Thread] DEBUG FXGLApplication      - Exiting FXGL
03:07:23.128 [JavaFX Application Thread] DEBUG Async                - Shutting down background threads
03:07:23.129 [JavaFX Application Thread] DEBUG PrimaryStageWindow   - Closing main window
03:07:23.152 [JavaFX Application Thread] DEBUG Logger               - Closing Logger
