08:24:35.713 [main                     ] DEBUG Logger               - Configured Logger
08:24:35.715 [main                     ] DEBUG GameApplication      - Logging settings
Title: Basic Game App
Version: 1.0
Width: 1216
Height: 768
Fullscreen: false
Intro: false
Profiling: false
Single step:false
App Mode: DEVELOPER
Menu Key: ESCAPE
Stage Style: DECORATED
Scene Factory: class com.almasb.fxgl.app.scene.SceneFactory

08:24:36.090 [JavaFX Application Thread] DEBUG FXGLApplication      - Initializing FXGL
08:24:36.093 [JavaFX Application Thread] INFO  Engine               - FXGL-11.12 (11.12.2020 08.51) on WINDOWS (J:18.0.2.1 FX:15)
08:24:36.093 [JavaFX Application Thread] DEBUG Engine               - JRE Vendor Name: Oracle Corporation
08:24:36.093 [JavaFX Application Thread] DEBUG Engine               - Running on OS: Windows 11 version 10.0
08:24:36.093 [JavaFX Application Thread] DEBUG Engine               - Architecture: amd64
08:24:36.093 [JavaFX Application Thread] INFO  Engine               - Source code and latest versions at: https://github.com/AlmasB/FXGL
08:24:36.094 [JavaFX Application Thread] INFO  Engine               -              Join the FXGL chat at: https://gitter.im/AlmasB/FXGL
08:24:36.198 [JavaFX Application Thread] DEBUG MainWindow           - Creating a JavaFX scene
08:24:36.249 [JavaFX Application Thread] DEBUG MainWindow           - Target settings size: 1216.0 x 768.0
08:24:36.249 [JavaFX Application Thread] DEBUG MainWindow           - Scaled scene size:    1216.0 x 768.0
08:24:36.249 [JavaFX Application Thread] DEBUG MainWindow           - Scaled ratio: (1.0, 1.0)
08:24:36.250 [JavaFX Application Thread] DEBUG MainWindow           - Set initial scene to StartupScene
08:24:36.257 [JavaFX Application Thread] DEBUG MainWindow           - Opening main window
08:24:36.343 [JavaFX Application Thread] DEBUG MainWindow           - Window border size: (16.0, 39.0)
08:24:36.343 [JavaFX Application Thread] DEBUG MainWindow           - Scaled size: 1216.0 x 768.0
08:24:36.343 [JavaFX Application Thread] DEBUG MainWindow           - Scaled ratio: (1.0, 1.0)
08:24:36.344 [JavaFX Application Thread] DEBUG MainWindow           - Scene size: 1216.0 x 768.0
08:24:36.344 [JavaFX Application Thread] DEBUG MainWindow           - Stage size: 1232.0 x 807.0
08:24:36.354 [FXGL Background Thread 1 ] DEBUG Engine               - Initializing environment variables
08:24:36.417 [FXGL Background Thread 1 ] DEBUG GameApplicationServi - Applying CSS: fxgl_dark.css
08:24:36.417 [FXGL Background Thread 1 ] DEBUG FXGLAssetLoaderServi - Loading from file system: /assets/ui/css/fxgl_dark.css
08:24:36.463 [FXGL Background Thread 1 ] DEBUG GameApplicationServi - Initializing application scenes
08:24:36.500 [FXGL Background Thread 1 ] DEBUG GameWorld            - Game world initialized
08:24:36.555 [FXGL Background Thread 1 ] DEBUG PhysicsWorld         - Physics world initialized: appHeight=768, physics.ppm=50.0
08:24:36.557 [FXGL Background Thread 1 ] DEBUG GameScene            - Game scene initialized: 1216x768
08:24:36.582 [FXGL Background Thread 1 ] DEBUG FXGLAssetLoaderServi - Loading from file system: /assets/textures/particles/trace_horizontal.png
08:24:36.637 [FXGL Background Thread 1 ] DEBUG FXGL.DefaultMenu     - createMenuBodyGameMenu()
08:24:36.653 [FXGL Background Thread 1 ] DEBUG FXGL.DefaultMenu     - createOptionsMenu()
08:24:36.659 [FXGL Background Thread 1 ] DEBUG FXGLAssetLoaderServi - Loading from file system: /assets/textures/particles/smoke.png
08:24:36.718 [FXGL Background Thread 1 ] DEBUG GameApplicationServi - Application scenes initialized
08:24:36.728 [FXGL Background Thread 1 ] DEBUG SystemBundleService  - Loading FXGL system data
08:24:36.734 [FXGL Background Thread 1 ] DEBUG FileSystemAccess     - Reading from: E:\space_java\game_datbom\system\fxgl.bundle
08:24:36.746 [FXGL Background Thread 1 ] DEBUG SystemBundleService  - Bundle FXGL: {}
08:24:36.746 [FXGL Background Thread 1 ] DEBUG UpdaterService       - Checking for updates
08:24:36.773 [FXGL Background Thread 4 ] DEBUG FXGLApplication      - Loading fonts
08:24:36.773 [FXGL Background Thread 4 ] DEBUG FXGLAssetLoaderServi - Loading from file system: /assets/ui/fonts/VarelaRound-Regular.ttf
08:24:36.773 [FXGL Background Thread 1 ] DEBUG FXGLApplication      - Loading default localization
08:24:36.773 [FXGL Background Thread 1 ] DEBUG FXGLAssetLoaderServi - Loading from file system: /assets/languages/english.lang
08:24:36.792 [FXGL Background Thread 1 ] INFO  FXGLApplication      - FXGL initialization took: 0.439 sec
08:24:36.802 [JavaFX Application Thread] DEBUG Input                - Registered new binding: action0 - F
08:24:36.802 [JavaFX Application Thread] DEBUG Input                - Registered new binding: Right - D
08:24:36.803 [JavaFX Application Thread] DEBUG Input                - Registered new binding: Left - A
08:24:36.803 [JavaFX Application Thread] DEBUG Input                - Registered new binding: Up - W
08:24:36.803 [JavaFX Application Thread] DEBUG Input                - Registered new binding: Down - S
08:24:36.803 [JavaFX Application Thread] DEBUG FXGLAssetLoaderServi - Loading from file system: /assets/textures/icon/icon.png
08:24:36.838 [FXGL Background Thread 4 ] DEBUG FXGLAssetLoaderServi - Loading from file system: /assets/ui/fonts/Abel-Regular.ttf
08:24:36.840 [JavaFX Application Thread] DEBUG FXGLAssetLoaderServi - Loading from file system: /assets/ui/cursors/fxgl_default.png
08:24:36.845 [JavaFX Application Thread] DEBUG Input                - Registered new binding: Screenshot - P
08:24:36.845 [JavaFX Application Thread] DEBUG Input                - Registered new binding: Dev Options - 1
08:24:36.845 [FXGL Background Thread 4 ] DEBUG FXGLAssetLoaderServi - Loading from file system: /assets/ui/fonts/lucida_console.ttf
08:24:36.845 [JavaFX Application Thread] DEBUG Input                - Registered new binding: Dev Console - 2
08:24:36.845 [JavaFX Application Thread] DEBUG Input                - Registered new binding: System info dump - CTRL+9
08:24:36.847 [JavaFX Application Thread] DEBUG Input                - Registered new binding: Restart - CTRL+R
08:24:36.847 [JavaFX Application Thread] DEBUG Input                - Registered new binding: Toggle Debug Camera - CTRL+C
08:24:36.851 [JavaFX Application Thread] DEBUG LoopRunner           - Starting loop
08:24:36.851 [FXGL Background Thread 4 ] DEBUG FXGLAssetLoaderServi - Loading from file system: /assets/ui/fonts/Courier-Prime.ttf
08:24:36.864 [JavaFX Application Thread] DEBUG GameApplicationServi - Starting new game
08:24:36.865 [JavaFX Application Thread] DEBUG Input                - Clearing active input actions
08:24:36.874 [JavaFX Application Thread] DEBUG GameApplicationServi - Removing overlay from StartupScene and adding to FXGLLoadingScene
08:24:36.877 [JavaFX Application Thread] DEBUG MainWindow           - StartupScene -> FXGLLoadingScene
08:24:36.877 [JavaFX Application Thread] DEBUG GameApplicationServi - Clearing previous game
08:24:36.877 [JavaFX Application Thread] DEBUG GameScene            - Clearing game scene
08:24:36.877 [JavaFX Application Thread] DEBUG GameWorld            - Clearing game world
08:24:36.877 [JavaFX Application Thread] DEBUG PhysicsWorld         - Clearing physics world
08:24:36.878 [FXGL Background Thread 4 ] DEBUG FXGLApplication      - Initializing game
08:24:36.881 [JavaFX Application Thread] DEBUG FXGLApplication      - Registering font factories with UI factory
08:24:36.887 [FXGL Background Thread 4 ] DEBUG FXGLAssetLoaderServi - Loading from file system: /assets/textures/character/gold_player_up.png
08:24:36.892 [FXGL Background Thread 4 ] DEBUG FXGLAssetLoaderServi - Loading from file system: /assets/textures/character/gold_player_down.png
08:24:36.893 [FXGL Background Thread 4 ] DEBUG FXGLAssetLoaderServi - Loading from cache: /assets/textures/character/gold_player_up.png
08:24:36.894 [FXGL Background Thread 4 ] DEBUG FXGLAssetLoaderServi - Loading from cache: /assets/textures/character/gold_player_down.png
08:24:36.894 [FXGL Background Thread 4 ] DEBUG FXGLAssetLoaderServi - Loading from file system: /assets/textures/character/gold_player_left.png
08:24:36.895 [FXGL Background Thread 4 ] DEBUG FXGLAssetLoaderServi - Loading from cache: /assets/textures/character/gold_player_left.png
08:24:36.895 [FXGL Background Thread 4 ] DEBUG FXGLAssetLoaderServi - Loading from file system: /assets/textures/character/gold_player_right.png
08:24:36.899 [FXGL Background Thread 4 ] DEBUG FXGLAssetLoaderServi - Loading from cache: /assets/textures/character/gold_player_right.png
08:24:36.916 [FXGL Background Thread 4 ] DEBUG FXGLAssetLoaderServi - Loading from file system: /assets/textures/brick.png
08:24:36.917 [FXGL Background Thread 4 ] WARN  FXGLAssetLoaderServi - Failed to load texture brick.png Error: java.lang.IllegalArgumentException: Asset "/assets/textures/brick.png" was not found!
08:24:37.363 [FXGL Background Thread 4 ] INFO  FXGLApplication      - Game initialization took: 0.484 sec
08:24:37.367 [JavaFX Application Thread] DEBUG Input                - Clearing active input actions
08:24:37.377 [JavaFX Application Thread] DEBUG GameApplicationServi - Removing overlay from FXGLLoadingScene and adding to GameScene
08:24:37.382 [JavaFX Application Thread] DEBUG MainWindow           - FXGLLoadingScene -> GameScene
08:24:39.364 [FXGL Background Thread 2 ] INFO  UpdaterService       - Your current version:  11.12
08:24:39.365 [FXGL Background Thread 2 ] INFO  UpdaterService       - Latest stable version: 17.2
08:24:39.772 [FXGL Background Thread 3 ] DEBUG Engine               - Logging environment variables
08:24:39.772 [FXGL Background Thread 3 ] DEBUG Engine               - achievements: []
08:24:39.772 [FXGL Background Thread 3 ] DEBUG Engine               - actualHeight: 768.0
08:24:39.773 [FXGL Background Thread 3 ] DEBUG Engine               - actualHeightProperty: ReadOnlyDoubleProperty [value: 768.0]
08:24:39.773 [FXGL Background Thread 3 ] DEBUG Engine               - actualWidth: 1216.0
08:24:39.773 [FXGL Background Thread 3 ] DEBUG Engine               - actualWidthProperty: ReadOnlyDoubleProperty [value: 1216.0]
08:24:39.773 [FXGL Background Thread 3 ] DEBUG Engine               - appIcon: icon/icon.png
08:24:39.773 [FXGL Background Thread 3 ] DEBUG Engine               - applicationMode: DEVELOPER
08:24:39.773 [FXGL Background Thread 3 ] DEBUG Engine               - cSSList: [fxgl_dark.css]
08:24:39.773 [FXGL Background Thread 3 ] DEBUG Engine               - configClass: Optional.empty
08:24:39.773 [FXGL Background Thread 3 ] DEBUG Engine               - credits: []
08:24:39.774 [FXGL Background Thread 3 ] DEBUG Engine               - devBBoxColorProperty: ObjectProperty [value: 0xff0000ff]
08:24:39.774 [FXGL Background Thread 3 ] DEBUG Engine               - devEnableDebugCameraProperty: BooleanProperty [value: false]
08:24:39.775 [FXGL Background Thread 3 ] DEBUG Engine               - devSensorColorProperty: ObjectProperty [value: 0xffff00ff]
08:24:39.775 [FXGL Background Thread 3 ] DEBUG Engine               - devShowBBoxProperty: BooleanProperty [value: false]
08:24:39.775 [FXGL Background Thread 3 ] DEBUG Engine               - devShowPositionProperty: BooleanProperty [value: false]
08:24:39.776 [FXGL Background Thread 3 ] DEBUG Engine               - enabledMenuItems: []
08:24:39.776 [FXGL Background Thread 3 ] DEBUG Engine               - engineServices: [class com.almasb.fxgl.app.FXGLApplication$GameApplicationService, class com.almasb.fxgl.app.services.FXGLDialogService, class com.almasb.fxgl.app.services.IOTaskExecutorService, class com.almasb.fxgl.event.EventBusService, class com.almasb.fxgl.io.FileSystemService, class com.almasb.fxgl.localization.LocalizationService, class com.almasb.fxgl.app.services.FXGLAssetLoaderService, class com.almasb.fxgl.app.services.SystemBundleService, class com.almasb.fxgl.profile.SaveLoadService, class com.almasb.fxgl.ui.FXGLUIFactoryServiceProvider, class com.almasb.fxgl.ui.FXGLDialogFactoryServiceProvider, class com.almasb.fxgl.audio.AudioPlayer, class com.almasb.fxgl.notification.impl.NotificationServiceProvider, class com.almasb.fxgl.achievement.AchievementService, class com.almasb.fxgl.cutscene.CutsceneService, class com.almasb.fxgl.minigames.MiniGameService, class com.almasb.fxgl.net.NetService, class com.almasb.fxgl.app.services.UpdaterService, class com.almasb.fxgl.dev.DevService]
08:24:39.776 [FXGL Background Thread 3 ] DEBUG Engine               - fontGame: Abel-Regular.ttf
08:24:39.776 [FXGL Background Thread 3 ] DEBUG Engine               - fontMono: lucida_console.ttf
08:24:39.776 [FXGL Background Thread 3 ] DEBUG Engine               - fontText: Courier-Prime.ttf
08:24:39.777 [FXGL Background Thread 3 ] DEBUG Engine               - fontUI: VarelaRound-Regular.ttf
08:24:39.777 [FXGL Background Thread 3 ] DEBUG Engine               - fullScreen: BooleanProperty [value: false]
08:24:39.777 [FXGL Background Thread 3 ] DEBUG Engine               - gameDifficulty: MEDIUM
08:24:39.777 [FXGL Background Thread 3 ] DEBUG Engine               - gameDifficultyProperty: ObjectProperty [value: MEDIUM]
08:24:39.777 [FXGL Background Thread 3 ] DEBUG Engine               - globalMusicVolume: 0.5
08:24:39.778 [FXGL Background Thread 3 ] DEBUG Engine               - globalMusicVolumeProperty: DoubleProperty [value: 0.5]
08:24:39.778 [FXGL Background Thread 3 ] DEBUG Engine               - globalSoundVolume: 0.5
08:24:39.778 [FXGL Background Thread 3 ] DEBUG Engine               - globalSoundVolumeProperty: DoubleProperty [value: 0.5]
08:24:39.778 [FXGL Background Thread 3 ] DEBUG Engine               - height: 768
08:24:39.778 [FXGL Background Thread 3 ] DEBUG Engine               - isAndroid: false
08:24:39.778 [FXGL Background Thread 3 ] DEBUG Engine               - isBrowser: false
08:24:39.778 [FXGL Background Thread 3 ] DEBUG Engine               - isClickFeedbackEnabled: false
08:24:39.779 [FXGL Background Thread 3 ] DEBUG Engine               - isCloseConfirmation: false
08:24:39.779 [FXGL Background Thread 3 ] DEBUG Engine               - isDesktop: true
08:24:39.779 [FXGL Background Thread 3 ] DEBUG Engine               - isDeveloperMenuEnabled: true
08:24:39.779 [FXGL Background Thread 3 ] DEBUG Engine               - isEntityPreloadEnabled: true
08:24:39.779 [FXGL Background Thread 3 ] DEBUG Engine               - isExperimental3D: false
08:24:39.779 [FXGL Background Thread 3 ] DEBUG Engine               - isExperimentalNative: false
08:24:39.779 [FXGL Background Thread 3 ] DEBUG Engine               - isExperimentalTiledLargeMap: false
08:24:39.779 [FXGL Background Thread 3 ] DEBUG Engine               - isFileSystemWriteAllowed: true
08:24:39.780 [FXGL Background Thread 3 ] DEBUG Engine               - isFullScreenAllowed: false
08:24:39.780 [FXGL Background Thread 3 ] DEBUG Engine               - isFullScreenFromStart: false
08:24:39.780 [FXGL Background Thread 3 ] DEBUG Engine               - isGameMenuEnabled: true
08:24:39.780 [FXGL Background Thread 3 ] DEBUG Engine               - isIOS: false
08:24:39.780 [FXGL Background Thread 3 ] DEBUG Engine               - isIntroEnabled: false
08:24:39.780 [FXGL Background Thread 3 ] DEBUG Engine               - isLinux: false
08:24:39.780 [FXGL Background Thread 3 ] DEBUG Engine               - isMac: false
08:24:39.781 [FXGL Background Thread 3 ] DEBUG Engine               - isMainMenuEnabled: false
08:24:39.781 [FXGL Background Thread 3 ] DEBUG Engine               - isManualResizeEnabled: false
08:24:39.781 [FXGL Background Thread 3 ] DEBUG Engine               - isMobile: false
08:24:39.781 [FXGL Background Thread 3 ] DEBUG Engine               - isPreserveResizeRatio: false
08:24:39.781 [FXGL Background Thread 3 ] DEBUG Engine               - isProfilingEnabled: false
08:24:39.781 [FXGL Background Thread 3 ] DEBUG Engine               - isScaleAffectedOnResize: true
08:24:39.781 [FXGL Background Thread 3 ] DEBUG Engine               - isSingleStep: false
08:24:39.781 [FXGL Background Thread 3 ] DEBUG Engine               - isUserProfileEnabled: false
08:24:39.781 [FXGL Background Thread 3 ] DEBUG Engine               - isWindows: true
08:24:39.782 [FXGL Background Thread 3 ] DEBUG Engine               - language: ObjectProperty [value: ENGLISH]
08:24:39.782 [FXGL Background Thread 3 ] DEBUG Engine               - menuKey: ESCAPE
08:24:39.782 [FXGL Background Thread 3 ] DEBUG Engine               - notificationViewClass: class com.almasb.fxgl.notification.view.XboxNotificationView
08:24:39.782 [FXGL Background Thread 3 ] DEBUG Engine               - pixelsPerMeter: 50.0
08:24:39.782 [FXGL Background Thread 3 ] DEBUG Engine               - platform: WINDOWS
08:24:39.782 [FXGL Background Thread 3 ] DEBUG Engine               - prefHeightProperty: ReadOnlyDoubleProperty [value: 768.0]
08:24:39.782 [FXGL Background Thread 3 ] DEBUG Engine               - prefWidthProperty: ReadOnlyDoubleProperty [value: 1216.0]
08:24:39.782 [FXGL Background Thread 3 ] DEBUG Engine               - profileDir: profiles/
08:24:39.782 [FXGL Background Thread 3 ] DEBUG Engine               - profileName: StringProperty [value: DEFAULT]
08:24:39.782 [FXGL Background Thread 3 ] DEBUG Engine               - randomSeed: -1
08:24:39.783 [FXGL Background Thread 3 ] DEBUG Engine               - runtimeInfo: RuntimeInfo(platform=WINDOWS, version=11.12, build=11.12.2020 08.51)
08:24:39.783 [FXGL Background Thread 3 ] DEBUG Engine               - saveFileExt: sav
08:24:39.783 [FXGL Background Thread 3 ] DEBUG Engine               - scaledHeightProp$fxgl: DoubleProperty [bound, value: 768.0]
08:24:39.783 [FXGL Background Thread 3 ] DEBUG Engine               - scaledWidthProp$fxgl: DoubleProperty [bound, value: 1216.0]
08:24:39.783 [FXGL Background Thread 3 ] DEBUG Engine               - sceneFactory: com.almasb.fxgl.app.scene.SceneFactory@61a46726
08:24:39.783 [FXGL Background Thread 3 ] DEBUG Engine               - secondsIn24h: 60
08:24:39.783 [FXGL Background Thread 3 ] DEBUG Engine               - soundMenuBack: menu/back.wav
08:24:39.783 [FXGL Background Thread 3 ] DEBUG Engine               - soundMenuPress: menu/press.wav
08:24:39.783 [FXGL Background Thread 3 ] DEBUG Engine               - soundMenuSelect: menu/select.wav
08:24:39.783 [FXGL Background Thread 3 ] DEBUG Engine               - soundNotification: core/notification.wav
08:24:39.783 [FXGL Background Thread 3 ] DEBUG Engine               - stageStyle: DECORATED
08:24:39.784 [FXGL Background Thread 3 ] DEBUG Engine               - supportedLanguages: [ENGLISH, FRENCH, GERMAN, HUNGARIAN, RUSSIAN]
08:24:39.784 [FXGL Background Thread 3 ] DEBUG Engine               - title: Basic Game App
08:24:39.784 [FXGL Background Thread 3 ] DEBUG Engine               - urlGithub: https://github.com/AlmasB/FXGL
08:24:39.784 [FXGL Background Thread 3 ] DEBUG Engine               - urlLeaderboard: http://fxgl-top.herokuapp.com/
08:24:39.784 [FXGL Background Thread 3 ] DEBUG Engine               - urlPOM: https://raw.githubusercontent.com/AlmasB/FXGL/master/README.md
08:24:39.784 [FXGL Background Thread 3 ] DEBUG Engine               - version: 1.0
08:24:39.784 [FXGL Background Thread 3 ] DEBUG Engine               - versionCheckDays: 7
08:24:39.784 [FXGL Background Thread 3 ] DEBUG Engine               - width: 1216
08:24:39.784 [FXGL Background Thread 3 ] DEBUG Engine               - Logging services
08:24:39.784 [FXGL Background Thread 3 ] DEBUG Engine               - class com.almasb.fxgl.app.FXGLApplication$GameApplicationService
08:24:39.784 [FXGL Background Thread 3 ] DEBUG Engine               - class com.almasb.fxgl.app.services.FXGLDialogService
08:24:39.784 [FXGL Background Thread 3 ] DEBUG Engine               - class com.almasb.fxgl.app.services.IOTaskExecutorService
08:24:39.784 [FXGL Background Thread 3 ] DEBUG Engine               - class com.almasb.fxgl.event.EventBusService
08:24:39.784 [FXGL Background Thread 3 ] DEBUG Engine               - class com.almasb.fxgl.io.FileSystemService
08:24:39.785 [FXGL Background Thread 3 ] DEBUG Engine               - class com.almasb.fxgl.localization.LocalizationService
08:24:39.785 [FXGL Background Thread 3 ] DEBUG Engine               - class com.almasb.fxgl.app.services.FXGLAssetLoaderService
08:24:39.785 [FXGL Background Thread 3 ] DEBUG Engine               - class com.almasb.fxgl.app.services.SystemBundleService
08:24:39.785 [FXGL Background Thread 3 ] DEBUG Engine               - class com.almasb.fxgl.profile.SaveLoadService
08:24:39.785 [FXGL Background Thread 3 ] DEBUG Engine               - class com.almasb.fxgl.ui.FXGLUIFactoryServiceProvider
08:24:39.785 [FXGL Background Thread 3 ] DEBUG Engine               - class com.almasb.fxgl.ui.FXGLDialogFactoryServiceProvider
08:24:39.785 [FXGL Background Thread 3 ] DEBUG Engine               - class com.almasb.fxgl.audio.AudioPlayer
08:24:39.785 [FXGL Background Thread 3 ] DEBUG Engine               - class com.almasb.fxgl.notification.impl.NotificationServiceProvider
08:24:39.785 [FXGL Background Thread 3 ] DEBUG Engine               - class com.almasb.fxgl.achievement.AchievementService
08:24:39.785 [FXGL Background Thread 3 ] DEBUG Engine               - class com.almasb.fxgl.cutscene.CutsceneService
08:24:39.785 [FXGL Background Thread 3 ] DEBUG Engine               - class com.almasb.fxgl.minigames.MiniGameService
08:24:39.785 [FXGL Background Thread 3 ] DEBUG Engine               - class com.almasb.fxgl.net.NetService
08:24:39.785 [FXGL Background Thread 3 ] DEBUG Engine               - class com.almasb.fxgl.app.services.UpdaterService
08:24:39.785 [FXGL Background Thread 3 ] DEBUG Engine               - class com.almasb.fxgl.dev.DevService
08:25:13.357 [JavaFX Application Thread] DEBUG FXGLApplication      - Exiting FXGL
08:25:13.358 [JavaFX Application Thread] DEBUG LoopRunner           - Stopping loop
08:25:13.358 [JavaFX Application Thread] DEBUG SystemBundleService  - Saving FXGL system data
08:25:13.361 [JavaFX Application Thread] DEBUG FileSystemAccess     - Writing to: E:\space_java\game_datbom\system\fxgl.bundle
08:25:13.366 [JavaFX Application Thread] DEBUG Async                - Shutting down background threads
08:25:13.367 [JavaFX Application Thread] DEBUG MainWindow           - Closing main window
08:25:13.403 [JavaFX Application Thread] DEBUG Logger               - Closing Logger
