12:03:54.170 [main                     ] DEBUG Logger               - Configured Logger
12:03:54.187 [main                     ] DEBUG GameApplication      - Logging settings
Title: Bomberman
Version: 1.0
Width: 1280
Height: 720
Fullscreen: false
Intro: false
Profiling: false
Single step:false
App Mode: DEVELOPER
Menu Key: ESCAPE
Stage Style: DECORATED
Scene Factory: class hellofx.Main$1

12:03:54.297 [JavaFX Application Thread] DEBUG FXGLApplication      - Initializing FXGL
12:03:54.303 [JavaFX Application Thread] INFO  Engine               - FXGL-17.1 (24.03.2022 17.34) on WINDOWS (J:18.0.2.1 FX:18)
12:03:54.303 [JavaFX Application Thread] DEBUG Engine               - JRE Vendor Name: Oracle Corporation
12:03:54.304 [JavaFX Application Thread] DEBUG Engine               - Running on OS: Windows 11 version 10.0
12:03:54.304 [JavaFX Application Thread] DEBUG Engine               - Architecture: amd64
12:03:54.304 [JavaFX Application Thread] INFO  Engine               - Source code and latest versions at: https://github.com/AlmasB/FXGL
12:03:54.304 [JavaFX Application Thread] INFO  Engine               -       Ask questions and discuss at: https://github.com/AlmasB/FXGL/discussions
12:03:54.304 [JavaFX Application Thread] INFO  Engine               -              Join the FXGL chat at: https://gitter.im/AlmasB/FXGL
12:03:54.360 [JavaFX Application Thread] DEBUG PrimaryStageWindow   - Creating a JavaFX scene
12:03:54.404 [JavaFX Application Thread] DEBUG PrimaryStageWindow   - Target settings size: 1280.0 x 720.0
12:03:54.405 [JavaFX Application Thread] DEBUG PrimaryStageWindow   - Scaled scene size:    1280.0 x 720.0
12:03:54.405 [JavaFX Application Thread] DEBUG PrimaryStageWindow   - Scaled ratio: (1.0, 1.0)
12:03:54.406 [JavaFX Application Thread] DEBUG PrimaryStageWindow   - Set initial scene to FXGLStartupScene
12:03:54.412 [JavaFX Application Thread] DEBUG PrimaryStageWindow   - Opening main window
12:03:54.505 [JavaFX Application Thread] DEBUG PrimaryStageWindow   - Window border size: (16.0, 39.0)
12:03:54.506 [JavaFX Application Thread] DEBUG PrimaryStageWindow   - Scaled size: 1280.0 x 720.0
12:03:54.506 [JavaFX Application Thread] DEBUG PrimaryStageWindow   - Scaled ratio: (1.0, 1.0)
12:03:54.506 [JavaFX Application Thread] DEBUG PrimaryStageWindow   - Scene size: 1280.0 x 720.0
12:03:54.507 [JavaFX Application Thread] DEBUG PrimaryStageWindow   - Stage size: 1296.0 x 759.0
12:03:54.519 [FXGL Background Thread 1 ] DEBUG Engine               - Initializing environment variables
12:03:54.588 [FXGL Background Thread 1 ] DEBUG FXGLAssetLoaderServi - User app class for loading assets: class hellofx.Main
12:03:54.588 [FXGL Background Thread 1 ] DEBUG GameApplicationServi - Applying CSS: fxgl_dark.css
12:03:54.589 [FXGL Background Thread 1 ] DEBUG FXGLAssetLoaderServi - Loading from file system: jar:file:/C:/Users/chaum/.m2/repository/com/github/almasb/fxgl/17.1/fxgl-17.1.jar!/fxglassets/ui/css/fxgl_dark.css
12:03:54.642 [FXGL Background Thread 1 ] DEBUG GameApplicationServi - Initializing application scenes
12:03:54.680 [FXGL Background Thread 1 ] DEBUG GameWorld            - Game world initialized
12:03:54.730 [FXGL Background Thread 1 ] DEBUG PhysicsWorld         - Physics world initialized: appHeight=720, physics.ppm=50.0
12:03:54.730 [FXGL Background Thread 1 ] DEBUG PhysicsWorld         - Using strategy: BRUTE_FORCE
12:03:54.734 [FXGL Background Thread 1 ] DEBUG GameScene            - Game scene initialized: 1280x720
12:03:54.806 [FXGL Background Thread 1 ] DEBUG GameApplicationServi - Application scenes initialized
12:03:54.824 [FXGL Background Thread 1 ] DEBUG SystemBundleService  - Loading FXGL system data
12:03:54.830 [FXGL Background Thread 1 ] DEBUG FileSystemAccess     - Reading from: E:\space_java\Game\game_datbom\system\fxgl.bundle
12:03:54.842 [FXGL Background Thread 1 ] DEBUG SystemBundleService  - Bundle FXGL: {}
12:03:54.842 [FXGL Background Thread 1 ] DEBUG UpdaterService       - Checking for updates
12:03:54.874 [FXGL Background Thread 4 ] DEBUG FXGLApplication      - Loading fonts
12:03:54.875 [FXGL Background Thread 1 ] DEBUG FXGLApplication      - Loading default localization
12:03:54.875 [FXGL Background Thread 4 ] DEBUG FXGLAssetLoaderServi - Loading from file system: jar:file:/C:/Users/chaum/.m2/repository/com/github/almasb/fxgl/17.1/fxgl-17.1.jar!/fxglassets/ui/fonts/VarelaRound-Regular.ttf
12:03:54.875 [FXGL Background Thread 1 ] DEBUG FXGLAssetLoaderServi - Loading from file system: jar:file:/C:/Users/chaum/.m2/repository/com/github/almasb/fxgl/17.1/fxgl-17.1.jar!/fxglassets/languages/english.lang
12:03:54.897 [FXGL Background Thread 1 ] INFO  FXGLApplication      - FXGL initialization took: 0.378 sec
12:03:54.909 [JavaFX Application Thread] DEBUG Input                - Registered new binding: action0 - F
12:03:54.909 [JavaFX Application Thread] DEBUG Input                - Registered new binding: Right - D
12:03:54.910 [JavaFX Application Thread] DEBUG Input                - Registered new binding: Left - A
12:03:54.910 [JavaFX Application Thread] DEBUG Input                - Registered new binding: Up - W
12:03:54.910 [JavaFX Application Thread] DEBUG Input                - Registered new binding: Down - S
12:03:54.910 [JavaFX Application Thread] DEBUG Input                - Registered new binding: Place boom - Space
12:03:54.910 [JavaFX Application Thread] DEBUG FXGLAssetLoaderServi - Loading from file system: file:/E:/space_java/Game/game_datbom/target/classes/assets/textures/icon/icon.png
12:03:54.953 [FXGL Background Thread 4 ] DEBUG FXGLAssetLoaderServi - Loading from file system: jar:file:/C:/Users/chaum/.m2/repository/com/github/almasb/fxgl/17.1/fxgl-17.1.jar!/fxglassets/ui/fonts/Abel-Regular.ttf
12:03:54.957 [FXGL Background Thread 4 ] DEBUG FXGLAssetLoaderServi - Loading from file system: jar:file:/C:/Users/chaum/.m2/repository/com/github/almasb/fxgl/17.1/fxgl-17.1.jar!/fxglassets/ui/fonts/TerminalLandMono-Regular.otf
12:03:54.961 [FXGL Background Thread 4 ] DEBUG FXGLAssetLoaderServi - Loading from file system: jar:file:/C:/Users/chaum/.m2/repository/com/github/almasb/fxgl/17.1/fxgl-17.1.jar!/fxglassets/ui/fonts/Courier-Prime.ttf
12:03:54.969 [JavaFX Application Thread] DEBUG FXGLAssetLoaderServi - Loading from file system: file:/E:/space_java/Game/game_datbom/target/classes/assets/textures/cursor/cursor1.png
12:03:54.980 [JavaFX Application Thread] DEBUG Input                - Registered new binding: Screenshot - CTRL+8
12:03:54.980 [JavaFX Application Thread] DEBUG Input                - Registered new binding: Dev Options - 1
12:03:54.981 [JavaFX Application Thread] DEBUG Input                - Registered new binding: Dev Console - 2
12:03:54.982 [JavaFX Application Thread] DEBUG Input                - Registered new binding: System info dump - CTRL+9
12:03:54.982 [JavaFX Application Thread] DEBUG Input                - Registered new binding: Restart - CTRL+R
12:03:54.983 [JavaFX Application Thread] DEBUG Input                - Registered new binding: Toggle Debug Camera - CTRL+7
12:03:54.985 [JavaFX Application Thread] DEBUG LoopRunner           - Starting loop
12:03:55.001 [JavaFX Application Thread] DEBUG LoopRunner           - Initializing JavaFX AnimationTimerLoop
12:03:55.004 [JavaFX Application Thread] DEBUG Input                - Clearing active input actions
12:03:55.012 [JavaFX Application Thread] DEBUG GameApplicationServi - Removing overlay from FXGLStartupScene and adding to FXGLMainMenuDummyScene
12:03:55.016 [JavaFX Application Thread] DEBUG PrimaryStageWindow   - FXGLStartupScene -> FXGLMainMenuDummyScene
12:03:55.016 [JavaFX Application Thread] DEBUG PrimaryStageWindow   - Push state: MainMenu
12:03:55.016 [JavaFX Application Thread] DEBUG Input                - Clearing active input actions
12:03:55.019 [JavaFX Application Thread] DEBUG GameApplicationServi - Removing overlay from FXGLMainMenuDummyScene and adding to MainMenu
12:03:55.020 [JavaFX Application Thread] DEBUG PrimaryStageWindow   - FXGLMainMenuDummyScene -> MainMenu
12:03:55.020 [JavaFX Application Thread] DEBUG FXGLApplication      - Registering font factories with UI factory
12:03:55.897 [FXGL Background Thread 2 ] INFO  UpdaterService       - Your current version:  17.1
12:03:55.898 [FXGL Background Thread 2 ] INFO  UpdaterService       - Latest stable version: 17.2
12:03:56.486 [JavaFX Application Thread] DEBUG Menu                 - fireNewGame()
12:03:56.487 [JavaFX Application Thread] DEBUG GameApplicationServi - Starting new game
12:03:56.487 [JavaFX Application Thread] DEBUG PrimaryStageWindow   - Pop state: MainMenu
12:03:56.487 [JavaFX Application Thread] DEBUG Input                - Clearing active input actions
12:03:56.488 [JavaFX Application Thread] DEBUG GameApplicationServi - Removing overlay from MainMenu and adding to FXGLMainMenuDummyScene
12:03:56.489 [JavaFX Application Thread] DEBUG PrimaryStageWindow   - FXGLMainMenuDummyScene <- MainMenu
12:03:56.490 [JavaFX Application Thread] DEBUG Input                - Clearing active input actions
12:03:56.495 [JavaFX Application Thread] DEBUG GameApplicationServi - Removing overlay from FXGLMainMenuDummyScene and adding to FXGLLoadingScene
12:03:56.496 [JavaFX Application Thread] DEBUG PrimaryStageWindow   - FXGLMainMenuDummyScene -> FXGLLoadingScene
12:03:56.496 [JavaFX Application Thread] DEBUG GameApplicationServi - Clearing previous game
12:03:56.496 [JavaFX Application Thread] DEBUG GameScene            - Clearing game scene
12:03:56.496 [JavaFX Application Thread] DEBUG GameWorld            - Clearing game world
12:03:56.496 [JavaFX Application Thread] DEBUG PhysicsWorld         - Clearing physics world
12:03:56.500 [FXGL Background Thread 2 ] DEBUG FXGLApplication      - Initializing game
12:03:56.535 [FXGL Background Thread 2 ] DEBUG FXGLAssetLoaderServi - Loading from file system: file:/E:/space_java/Game/game_datbom/target/classes/assets/textures/mapTexture/grass.png
12:03:56.544 [FXGL Background Thread 2 ] DEBUG FXGLAssetLoaderServi - Loading from file system: file:/E:/space_java/Game/game_datbom/target/classes/assets/textures/mapTexture/wall.png
12:03:56.647 [FXGL Background Thread 2 ] DEBUG FXGLAssetLoaderServi - Loading from file system: file:/E:/space_java/Game/game_datbom/target/classes/assets/textures/gameItem/powerup_speed.png
12:03:56.654 [FXGL Background Thread 2 ] DEBUG FXGLAssetLoaderServi - Loading from file system: file:/E:/space_java/Game/game_datbom/target/classes/assets/textures/gameItem/powerup_flames.png
12:03:56.685 [FXGL Background Thread 2 ] DEBUG FXGLAssetLoaderServi - Loading from file system: file:/E:/space_java/Game/game_datbom/target/classes/assets/textures/mapTexture%5cbrick.png
12:03:56.688 [FXGL Background Thread 2 ] DEBUG FXGLAssetLoaderServi - Loading from file system: file:/E:/space_java/Game/game_datbom/target/classes/assets/textures/mapTexture%5cbrick_break.png
12:03:56.791 [FXGL Background Thread 2 ] DEBUG FXGLAssetLoaderServi - Loading from file system: file:/E:/space_java/Game/game_datbom/target/classes/assets/textures/mapTexture/portal.png
12:03:56.939 [FXGL Background Thread 2 ] DEBUG FXGLAssetLoaderServi - Loading from file system: file:/E:/space_java/Game/game_datbom/target/classes/assets/textures/character/gold_player_dead.png
12:03:56.942 [FXGL Background Thread 2 ] DEBUG FXGLAssetLoaderServi - Loading from file system: file:/E:/space_java/Game/game_datbom/target/classes/assets/textures/character/gold_player_down.png
12:03:56.948 [FXGL Background Thread 2 ] DEBUG FXGLAssetLoaderServi - Loading from file system: file:/E:/space_java/Game/game_datbom/target/classes/assets/textures/character/gold_player_up.png
12:03:56.950 [FXGL Background Thread 2 ] DEBUG FXGLAssetLoaderServi - Loading from file system: file:/E:/space_java/Game/game_datbom/target/classes/assets/textures/character/gold_player_left_temp.png
12:03:56.951 [FXGL Background Thread 2 ] DEBUG FXGLAssetLoaderServi - Loading from file system: file:/E:/space_java/Game/game_datbom/target/classes/assets/textures/character/gold_player_right_temp.png
12:03:56.953 [FXGL Background Thread 2 ] WARN  Entity               - Entity already has component: com.almasb.fxgl.entity.components.CollidableComponent
12:03:56.959 [FXGL Background Thread 2 ] INFO  FXGLApplication      - Game initialization took: 0.459 sec
12:03:56.960 [JavaFX Application Thread] DEBUG Input                - Clearing active input actions
12:03:56.980 [JavaFX Application Thread] DEBUG GameApplicationServi - Removing overlay from FXGLLoadingScene and adding to GameScene
12:03:56.984 [JavaFX Application Thread] DEBUG PrimaryStageWindow   - FXGLLoadingScene -> GameScene
12:03:57.873 [FXGL Background Thread 3 ] DEBUG Engine               - Logging environment variables
12:03:57.873 [FXGL Background Thread 3 ] DEBUG Engine               - achievements: []
12:03:57.873 [FXGL Background Thread 3 ] DEBUG Engine               - actualHeight: 720.0
12:03:57.874 [FXGL Background Thread 3 ] DEBUG Engine               - actualHeightProperty: ReadOnlyDoubleProperty [value: 720.0]
12:03:57.874 [FXGL Background Thread 3 ] DEBUG Engine               - actualWidth: 1280.0
12:03:57.874 [FXGL Background Thread 3 ] DEBUG Engine               - actualWidthProperty: ReadOnlyDoubleProperty [value: 1280.0]
12:03:57.874 [FXGL Background Thread 3 ] DEBUG Engine               - appIcon: icon/icon.png
12:03:57.874 [FXGL Background Thread 3 ] DEBUG Engine               - applicationMode: DEVELOPER
12:03:57.874 [FXGL Background Thread 3 ] DEBUG Engine               - cSSList: [fxgl_dark.css]
12:03:57.874 [FXGL Background Thread 3 ] DEBUG Engine               - collisionDetectionStrategy: BRUTE_FORCE
12:03:57.874 [FXGL Background Thread 3 ] DEBUG Engine               - configClass: Optional.empty
12:03:57.874 [FXGL Background Thread 3 ] DEBUG Engine               - credits: []
12:03:57.882 [FXGL Background Thread 3 ] DEBUG Engine               - defaultCursor: CursorInfo(imageName=cursor/cursor1.png, hotspotX=0.0, hotspotY=0.0)
12:03:57.883 [FXGL Background Thread 3 ] DEBUG Engine               - devBBoxColorProperty: ObjectProperty [value: 0xff0000ff]
12:03:57.883 [FXGL Background Thread 3 ] DEBUG Engine               - devEnableDebugCameraProperty: BooleanProperty [value: false]
12:03:57.883 [FXGL Background Thread 3 ] DEBUG Engine               - devSensorColorProperty: ObjectProperty [value: 0xffff00ff]
12:03:57.883 [FXGL Background Thread 3 ] DEBUG Engine               - devShowBBoxProperty: BooleanProperty [value: false]
12:03:57.883 [FXGL Background Thread 3 ] DEBUG Engine               - devShowPositionProperty: BooleanProperty [value: false]
12:03:57.883 [FXGL Background Thread 3 ] DEBUG Engine               - enabledMenuItems: []
12:03:57.883 [FXGL Background Thread 3 ] DEBUG Engine               - engineServices: [class com.almasb.fxgl.app.services.FXGLAssetLoaderService, class com.almasb.fxgl.app.FXGLApplication$GameApplicationService, class com.almasb.fxgl.app.services.FXGLDialogService, class com.almasb.fxgl.app.services.IOTaskExecutorService, class com.almasb.fxgl.io.FileSystemService, class com.almasb.fxgl.localization.LocalizationService, class com.almasb.fxgl.app.services.SystemBundleService, class com.almasb.fxgl.profile.SaveLoadService, class com.almasb.fxgl.ui.FXGLUIFactoryServiceProvider, class com.almasb.fxgl.ui.FXGLDialogFactoryServiceProvider, class com.almasb.fxgl.audio.AudioPlayer, class com.almasb.fxgl.notification.impl.NotificationServiceProvider, class com.almasb.fxgl.achievement.AchievementService, class com.almasb.fxgl.cutscene.CutsceneService, class com.almasb.fxgl.minigames.MiniGameService, class com.almasb.fxgl.net.NetService, class com.almasb.fxgl.app.services.UpdaterService, class com.almasb.fxgl.dev.DevService]
12:03:57.883 [FXGL Background Thread 3 ] DEBUG Engine               - fontGame: Abel-Regular.ttf
12:03:57.884 [FXGL Background Thread 3 ] DEBUG Engine               - fontMono: TerminalLandMono-Regular.otf
12:03:57.884 [FXGL Background Thread 3 ] DEBUG Engine               - fontText: Courier-Prime.ttf
12:03:57.884 [FXGL Background Thread 3 ] DEBUG Engine               - fontUI: VarelaRound-Regular.ttf
12:03:57.884 [FXGL Background Thread 3 ] DEBUG Engine               - fullScreen: BooleanProperty [value: false]
12:03:57.884 [FXGL Background Thread 3 ] DEBUG Engine               - gameDifficulty: MEDIUM
12:03:57.884 [FXGL Background Thread 3 ] DEBUG Engine               - gameDifficultyProperty: ObjectProperty [value: MEDIUM]
12:03:57.884 [FXGL Background Thread 3 ] DEBUG Engine               - globalMusicVolume: 0.5
12:03:57.884 [FXGL Background Thread 3 ] DEBUG Engine               - globalMusicVolumeProperty: DoubleProperty [value: 0.5]
12:03:57.884 [FXGL Background Thread 3 ] DEBUG Engine               - globalSoundVolume: 0.5
12:03:57.884 [FXGL Background Thread 3 ] DEBUG Engine               - globalSoundVolumeProperty: DoubleProperty [value: 0.5]
12:03:57.884 [FXGL Background Thread 3 ] DEBUG Engine               - height: 720
12:03:57.885 [FXGL Background Thread 3 ] DEBUG Engine               - is3D: false
12:03:57.885 [FXGL Background Thread 3 ] DEBUG Engine               - isAndroid: false
12:03:57.885 [FXGL Background Thread 3 ] DEBUG Engine               - isBrowser: false
12:03:57.885 [FXGL Background Thread 3 ] DEBUG Engine               - isClickFeedbackEnabled: false
12:03:57.885 [FXGL Background Thread 3 ] DEBUG Engine               - isCloseConfirmation: false
12:03:57.885 [FXGL Background Thread 3 ] DEBUG Engine               - isDesktop: true
12:03:57.885 [FXGL Background Thread 3 ] DEBUG Engine               - isDeveloperMenuEnabled: true
12:03:57.885 [FXGL Background Thread 3 ] DEBUG Engine               - isEmbedded: false
12:03:57.885 [FXGL Background Thread 3 ] DEBUG Engine               - isEntityPreloadEnabled: true
12:03:57.885 [FXGL Background Thread 3 ] DEBUG Engine               - isExperimentalTiledLargeMap: false
12:03:57.885 [FXGL Background Thread 3 ] DEBUG Engine               - isFileSystemWriteAllowed: true
12:03:57.885 [FXGL Background Thread 3 ] DEBUG Engine               - isFullScreenAllowed: false
12:03:57.885 [FXGL Background Thread 3 ] DEBUG Engine               - isFullScreenFromStart: false
12:03:57.885 [FXGL Background Thread 3 ] DEBUG Engine               - isGameMenuEnabled: true
12:03:57.885 [FXGL Background Thread 3 ] DEBUG Engine               - isIOS: false
12:03:57.885 [FXGL Background Thread 3 ] DEBUG Engine               - isIntroEnabled: false
12:03:57.885 [FXGL Background Thread 3 ] DEBUG Engine               - isLinux: false
12:03:57.885 [FXGL Background Thread 3 ] DEBUG Engine               - isMac: false
12:03:57.886 [FXGL Background Thread 3 ] DEBUG Engine               - isMainMenuEnabled: true
12:03:57.886 [FXGL Background Thread 3 ] DEBUG Engine               - isManualResizeEnabled: false
12:03:57.886 [FXGL Background Thread 3 ] DEBUG Engine               - isMobile: false
12:03:57.886 [FXGL Background Thread 3 ] DEBUG Engine               - isNative: false
12:03:57.886 [FXGL Background Thread 3 ] DEBUG Engine               - isPauseMusicWhenMinimized: true
12:03:57.886 [FXGL Background Thread 3 ] DEBUG Engine               - isPreserveResizeRatio: false
12:03:57.886 [FXGL Background Thread 3 ] DEBUG Engine               - isProfilingEnabled: false
12:03:57.886 [FXGL Background Thread 3 ] DEBUG Engine               - isScaleAffectedOnResize: true
12:03:57.886 [FXGL Background Thread 3 ] DEBUG Engine               - isSingleStep: false
12:03:57.886 [FXGL Background Thread 3 ] DEBUG Engine               - isUserProfileEnabled: false
12:03:57.886 [FXGL Background Thread 3 ] DEBUG Engine               - isWindows: true
12:03:57.886 [FXGL Background Thread 3 ] DEBUG Engine               - language: ObjectProperty [value: ENGLISH]
12:03:57.886 [FXGL Background Thread 3 ] DEBUG Engine               - menuKey: ESCAPE
12:03:57.886 [FXGL Background Thread 3 ] DEBUG Engine               - mouseSensitivity: 0.2
12:03:57.887 [FXGL Background Thread 3 ] DEBUG Engine               - notificationViewClass: class com.almasb.fxgl.notification.view.XboxNotificationView
12:03:57.887 [FXGL Background Thread 3 ] DEBUG Engine               - pixelsPerMeter: 50.0
12:03:57.887 [FXGL Background Thread 3 ] DEBUG Engine               - platform: WINDOWS
12:03:57.887 [FXGL Background Thread 3 ] DEBUG Engine               - prefHeightProperty: ReadOnlyDoubleProperty [value: 720.0]
12:03:57.887 [FXGL Background Thread 3 ] DEBUG Engine               - prefWidthProperty: ReadOnlyDoubleProperty [value: 1280.0]
12:03:57.887 [FXGL Background Thread 3 ] DEBUG Engine               - profileDir: profiles/
12:03:57.887 [FXGL Background Thread 3 ] DEBUG Engine               - profileName: StringProperty [value: DEFAULT]
12:03:57.887 [FXGL Background Thread 3 ] DEBUG Engine               - randomSeed: -1
12:03:57.887 [FXGL Background Thread 3 ] DEBUG Engine               - runtimeInfo: RuntimeInfo(platform=WINDOWS, version=17.1, build=24.03.2022 17.34)
12:03:57.888 [FXGL Background Thread 3 ] DEBUG Engine               - saveFileExt: sav
12:03:57.888 [FXGL Background Thread 3 ] DEBUG Engine               - scaledHeightProp$fxgl: DoubleProperty [bound, value: 720.0]
12:03:57.888 [FXGL Background Thread 3 ] DEBUG Engine               - scaledWidthProp$fxgl: DoubleProperty [bound, value: 1280.0]
12:03:57.888 [FXGL Background Thread 3 ] DEBUG Engine               - sceneFactory: hellofx.Main$1@2ee21e0b
12:03:57.888 [FXGL Background Thread 3 ] DEBUG Engine               - secondsIn24h: 60
12:03:57.888 [FXGL Background Thread 3 ] DEBUG Engine               - soundMenuBack: menu/back.wav
12:03:57.888 [FXGL Background Thread 3 ] DEBUG Engine               - soundMenuPress: menu/press.wav
12:03:57.888 [FXGL Background Thread 3 ] DEBUG Engine               - soundMenuSelect: menu/select.wav
12:03:57.888 [FXGL Background Thread 3 ] DEBUG Engine               - soundNotification: core/notification.wav
12:03:57.888 [FXGL Background Thread 3 ] DEBUG Engine               - stageStyle: DECORATED
12:03:57.888 [FXGL Background Thread 3 ] DEBUG Engine               - supportedLanguages: [ENGLISH, FRENCH, GERMAN, HUNGARIAN, RUSSIAN]
12:03:57.888 [FXGL Background Thread 3 ] DEBUG Engine               - ticksPerSecond: -1
12:03:57.888 [FXGL Background Thread 3 ] DEBUG Engine               - title: Bomberman
12:03:57.888 [FXGL Background Thread 3 ] DEBUG Engine               - urlGithub: https://github.com/AlmasB/FXGL
12:03:57.888 [FXGL Background Thread 3 ] DEBUG Engine               - urlLeaderboard: http://fxgl-top.herokuapp.com/
12:03:57.888 [FXGL Background Thread 3 ] DEBUG Engine               - urlPOM: https://raw.githubusercontent.com/AlmasB/FXGL/release/README.md
12:03:57.888 [FXGL Background Thread 3 ] DEBUG Engine               - userAppClass: class hellofx.Main
12:03:57.889 [FXGL Background Thread 3 ] DEBUG Engine               - version: 1.0
12:03:57.889 [FXGL Background Thread 3 ] DEBUG Engine               - versionCheckDays: 7
12:03:57.889 [FXGL Background Thread 3 ] DEBUG Engine               - width: 1280
12:03:57.889 [FXGL Background Thread 3 ] DEBUG Engine               - Logging services
12:03:57.889 [FXGL Background Thread 3 ] DEBUG Engine               - class com.almasb.fxgl.app.services.FXGLAssetLoaderService
12:03:57.889 [FXGL Background Thread 3 ] DEBUG Engine               - class com.almasb.fxgl.app.FXGLApplication$GameApplicationService
12:03:57.889 [FXGL Background Thread 3 ] DEBUG Engine               - class com.almasb.fxgl.app.services.FXGLDialogService
12:03:57.889 [FXGL Background Thread 3 ] DEBUG Engine               - class com.almasb.fxgl.app.services.IOTaskExecutorService
12:03:57.889 [FXGL Background Thread 3 ] DEBUG Engine               - class com.almasb.fxgl.io.FileSystemService
12:03:57.889 [FXGL Background Thread 3 ] DEBUG Engine               - class com.almasb.fxgl.localization.LocalizationService
12:03:57.889 [FXGL Background Thread 3 ] DEBUG Engine               - class com.almasb.fxgl.app.services.SystemBundleService
12:03:57.889 [FXGL Background Thread 3 ] DEBUG Engine               - class com.almasb.fxgl.profile.SaveLoadService
12:03:57.889 [FXGL Background Thread 3 ] DEBUG Engine               - class com.almasb.fxgl.ui.FXGLUIFactoryServiceProvider
12:03:57.889 [FXGL Background Thread 3 ] DEBUG Engine               - class com.almasb.fxgl.ui.FXGLDialogFactoryServiceProvider
12:03:57.889 [FXGL Background Thread 3 ] DEBUG Engine               - class com.almasb.fxgl.audio.AudioPlayer
12:03:57.889 [FXGL Background Thread 3 ] DEBUG Engine               - class com.almasb.fxgl.notification.impl.NotificationServiceProvider
12:03:57.889 [FXGL Background Thread 3 ] DEBUG Engine               - class com.almasb.fxgl.achievement.AchievementService
12:03:57.889 [FXGL Background Thread 3 ] DEBUG Engine               - class com.almasb.fxgl.cutscene.CutsceneService
12:03:57.889 [FXGL Background Thread 3 ] DEBUG Engine               - class com.almasb.fxgl.minigames.MiniGameService
12:03:57.889 [FXGL Background Thread 3 ] DEBUG Engine               - class com.almasb.fxgl.net.NetService
12:03:57.889 [FXGL Background Thread 3 ] DEBUG Engine               - class com.almasb.fxgl.app.services.UpdaterService
12:03:57.890 [FXGL Background Thread 3 ] DEBUG Engine               - class com.almasb.fxgl.dev.DevService
12:04:04.194 [JavaFX Application Thread] DEBUG FXGLAssetLoaderServi - Loading from file system: file:/E:/space_java/Game/game_datbom/target/classes/assets/textures/character%5cbomb.png
12:04:04.198 [JavaFX Application Thread] DEBUG FXGLAssetLoaderServi - Loading from file system: file:/E:/space_java/Game/game_datbom/target/classes/assets/textures/flame%5cleft_flame.png
12:04:04.200 [JavaFX Application Thread] DEBUG FXGLAssetLoaderServi - Loading from file system: file:/E:/space_java/Game/game_datbom/target/classes/assets/textures/flame%5cup_flame.png
12:04:04.202 [JavaFX Application Thread] DEBUG FXGLAssetLoaderServi - Loading from file system: file:/E:/space_java/Game/game_datbom/target/classes/assets/textures/flame%5ccentral_flame.png
12:04:14.624 [JavaFX Application Thread] DEBUG Input                - Clearing active input actions
12:04:14.635 [JavaFX Application Thread] DEBUG GameApplicationServi - Removing overlay from GameScene and adding to FXGLMainMenuDummyScene
12:04:14.638 [JavaFX Application Thread] DEBUG PrimaryStageWindow   - GameScene -> FXGLMainMenuDummyScene
12:04:14.638 [JavaFX Application Thread] DEBUG PrimaryStageWindow   - Push state: MainMenu
12:04:14.639 [JavaFX Application Thread] DEBUG Input                - Clearing active input actions
12:04:14.639 [JavaFX Application Thread] DEBUG GameApplicationServi - Removing overlay from FXGLMainMenuDummyScene and adding to MainMenu
12:04:14.639 [JavaFX Application Thread] DEBUG PrimaryStageWindow   - FXGLMainMenuDummyScene -> MainMenu
12:04:14.973 [JavaFX Application Thread] DEBUG FXGLApplication      - Exiting FXGL
12:04:14.974 [JavaFX Application Thread] DEBUG LoopRunner           - Stopping loop
12:04:14.974 [JavaFX Application Thread] DEBUG SystemBundleService  - Saving FXGL system data
12:04:14.976 [JavaFX Application Thread] DEBUG FileSystemAccess     - Writing to: E:\space_java\Game\game_datbom\system\fxgl.bundle
12:04:14.980 [JavaFX Application Thread] DEBUG Async                - Shutting down background threads
12:04:14.980 [JavaFX Application Thread] DEBUG PrimaryStageWindow   - Closing main window
12:04:15.006 [JavaFX Application Thread] DEBUG Logger               - Closing Logger
