22:47:31.000 [main                     ] DEBUG Logger               - Configured Logger
22:47:31.017 [main                     ] DEBUG GameApplication      - Logging settings
Title: Bomberman
Version: 1.0
Width: 1280
Height: 720
Fullscreen: false
Intro: false
Profiling: false
Single step:false
App Mode: DEVELOPER
Menu Key: ESCAPE
Stage Style: DECORATED
Scene Factory: class hellofx.Main$1

22:47:31.125 [JavaFX Application Thread] DEBUG FXGLApplication      - Initializing FXGL
22:47:31.130 [JavaFX Application Thread] INFO  Engine               - FXGL-17.1 (24.03.2022 17.34) on WINDOWS (J:18.0.2.1 FX:18)
22:47:31.131 [JavaFX Application Thread] DEBUG Engine               - JRE Vendor Name: Oracle Corporation
22:47:31.131 [JavaFX Application Thread] DEBUG Engine               - Running on OS: Windows 11 version 10.0
22:47:31.131 [JavaFX Application Thread] DEBUG Engine               - Architecture: amd64
22:47:31.131 [JavaFX Application Thread] INFO  Engine               - Source code and latest versions at: https://github.com/AlmasB/FXGL
22:47:31.131 [JavaFX Application Thread] INFO  Engine               -       Ask questions and discuss at: https://github.com/AlmasB/FXGL/discussions
22:47:31.131 [JavaFX Application Thread] INFO  Engine               -              Join the FXGL chat at: https://gitter.im/AlmasB/FXGL
22:47:31.181 [JavaFX Application Thread] DEBUG PrimaryStageWindow   - Creating a JavaFX scene
22:47:31.226 [JavaFX Application Thread] DEBUG PrimaryStageWindow   - Target settings size: 1280.0 x 720.0
22:47:31.227 [JavaFX Application Thread] DEBUG PrimaryStageWindow   - Scaled scene size:    1280.0 x 720.0
22:47:31.227 [JavaFX Application Thread] DEBUG PrimaryStageWindow   - Scaled ratio: (1.0, 1.0)
22:47:31.229 [JavaFX Application Thread] DEBUG PrimaryStageWindow   - Set initial scene to FXGLStartupScene
22:47:31.238 [JavaFX Application Thread] DEBUG PrimaryStageWindow   - Opening main window
22:47:31.326 [JavaFX Application Thread] DEBUG PrimaryStageWindow   - Window border size: (16.0, 39.0)
22:47:31.326 [JavaFX Application Thread] DEBUG PrimaryStageWindow   - Scaled size: 1280.0 x 720.0
22:47:31.327 [JavaFX Application Thread] DEBUG PrimaryStageWindow   - Scaled ratio: (1.0, 1.0)
22:47:31.327 [JavaFX Application Thread] DEBUG PrimaryStageWindow   - Scene size: 1280.0 x 720.0
22:47:31.327 [JavaFX Application Thread] DEBUG PrimaryStageWindow   - Stage size: 1296.0 x 759.0
22:47:31.339 [FXGL Background Thread 1 ] DEBUG Engine               - Initializing environment variables
22:47:31.410 [FXGL Background Thread 1 ] DEBUG FXGLAssetLoaderServi - User app class for loading assets: class hellofx.Main
22:47:31.411 [FXGL Background Thread 1 ] DEBUG GameApplicationServi - Applying CSS: fxgl_dark.css
22:47:31.411 [FXGL Background Thread 1 ] DEBUG FXGLAssetLoaderServi - Loading from file system: jar:file:/C:/Users/chaum/.m2/repository/com/github/almasb/fxgl/17.1/fxgl-17.1.jar!/fxglassets/ui/css/fxgl_dark.css
22:47:31.457 [FXGL Background Thread 1 ] DEBUG GameApplicationServi - Initializing application scenes
22:47:31.495 [FXGL Background Thread 1 ] DEBUG GameWorld            - Game world initialized
22:47:31.550 [FXGL Background Thread 1 ] DEBUG PhysicsWorld         - Physics world initialized: appHeight=720, physics.ppm=50.0
22:47:31.551 [FXGL Background Thread 1 ] DEBUG PhysicsWorld         - Using strategy: BRUTE_FORCE
22:47:31.555 [FXGL Background Thread 1 ] DEBUG GameScene            - Game scene initialized: 1280x720
22:47:31.624 [FXGL Background Thread 1 ] DEBUG GameApplicationServi - Application scenes initialized
22:47:31.643 [FXGL Background Thread 1 ] DEBUG SystemBundleService  - Loading FXGL system data
22:47:31.648 [FXGL Background Thread 1 ] DEBUG FileSystemAccess     - Reading from: E:\space_java\Game\game_datbom\system\fxgl.bundle
22:47:31.657 [FXGL Background Thread 1 ] DEBUG SystemBundleService  - Bundle FXGL: {}
22:47:31.657 [FXGL Background Thread 1 ] DEBUG UpdaterService       - Checking for updates
22:47:31.688 [FXGL Background Thread 4 ] DEBUG FXGLApplication      - Loading fonts
22:47:31.688 [FXGL Background Thread 4 ] DEBUG FXGLAssetLoaderServi - Loading from file system: jar:file:/C:/Users/chaum/.m2/repository/com/github/almasb/fxgl/17.1/fxgl-17.1.jar!/fxglassets/ui/fonts/VarelaRound-Regular.ttf
22:47:31.688 [FXGL Background Thread 1 ] DEBUG FXGLApplication      - Loading default localization
22:47:31.689 [FXGL Background Thread 1 ] DEBUG FXGLAssetLoaderServi - Loading from file system: jar:file:/C:/Users/chaum/.m2/repository/com/github/almasb/fxgl/17.1/fxgl-17.1.jar!/fxglassets/languages/english.lang
22:47:31.707 [FXGL Background Thread 1 ] INFO  FXGLApplication      - FXGL initialization took: 0.368 sec
22:47:31.718 [JavaFX Application Thread] DEBUG Input                - Registered new binding: action0 - F
22:47:31.719 [JavaFX Application Thread] DEBUG Input                - Registered new binding: action1 - G
22:47:31.719 [JavaFX Application Thread] DEBUG Input                - Registered new binding: action2 - R
22:47:31.720 [JavaFX Application Thread] DEBUG Input                - Registered new binding: action3 - T
22:47:31.720 [JavaFX Application Thread] DEBUG Input                - Registered new binding: Right - D
22:47:31.720 [JavaFX Application Thread] DEBUG Input                - Registered new binding: Left - A
22:47:31.720 [JavaFX Application Thread] DEBUG Input                - Registered new binding: Up - W
22:47:31.721 [JavaFX Application Thread] DEBUG Input                - Registered new binding: Down - S
22:47:31.721 [JavaFX Application Thread] DEBUG Input                - Registered new binding: Place boom - Space
22:47:31.721 [JavaFX Application Thread] DEBUG FXGLAssetLoaderServi - Loading from file system: file:/E:/space_java/Game/game_datbom/target/classes/assets/textures/icon/icon.png
22:47:31.754 [FXGL Background Thread 4 ] DEBUG FXGLAssetLoaderServi - Loading from file system: jar:file:/C:/Users/chaum/.m2/repository/com/github/almasb/fxgl/17.1/fxgl-17.1.jar!/fxglassets/ui/fonts/Abel-Regular.ttf
22:47:31.766 [FXGL Background Thread 4 ] DEBUG FXGLAssetLoaderServi - Loading from file system: jar:file:/C:/Users/chaum/.m2/repository/com/github/almasb/fxgl/17.1/fxgl-17.1.jar!/fxglassets/ui/fonts/TerminalLandMono-Regular.otf
22:47:31.770 [FXGL Background Thread 4 ] DEBUG FXGLAssetLoaderServi - Loading from file system: jar:file:/C:/Users/chaum/.m2/repository/com/github/almasb/fxgl/17.1/fxgl-17.1.jar!/fxglassets/ui/fonts/Courier-Prime.ttf
22:47:31.808 [JavaFX Application Thread] DEBUG FXGLAssetLoaderServi - Loading from file system: file:/E:/space_java/Game/game_datbom/target/classes/assets/textures/cursor/cursor1.png
22:47:31.818 [JavaFX Application Thread] DEBUG Input                - Registered new binding: Screenshot - CTRL+8
22:47:31.818 [JavaFX Application Thread] DEBUG Input                - Registered new binding: Dev Options - 1
22:47:31.819 [JavaFX Application Thread] DEBUG Input                - Registered new binding: Dev Console - 2
22:47:31.819 [JavaFX Application Thread] DEBUG Input                - Registered new binding: System info dump - CTRL+9
22:47:31.820 [JavaFX Application Thread] DEBUG Input                - Registered new binding: Restart - CTRL+R
22:47:31.820 [JavaFX Application Thread] DEBUG Input                - Registered new binding: Toggle Debug Camera - CTRL+7
22:47:31.824 [JavaFX Application Thread] DEBUG LoopRunner           - Starting loop
22:47:31.838 [JavaFX Application Thread] DEBUG LoopRunner           - Initializing JavaFX AnimationTimerLoop
22:47:31.841 [JavaFX Application Thread] DEBUG Input                - Clearing active input actions
22:47:31.848 [JavaFX Application Thread] DEBUG GameApplicationServi - Removing overlay from FXGLStartupScene and adding to FXGLMainMenuDummyScene
22:47:31.852 [JavaFX Application Thread] DEBUG PrimaryStageWindow   - FXGLStartupScene -> FXGLMainMenuDummyScene
22:47:31.853 [JavaFX Application Thread] DEBUG PrimaryStageWindow   - Push state: MainMenu
22:47:31.853 [JavaFX Application Thread] DEBUG Input                - Clearing active input actions
22:47:31.857 [JavaFX Application Thread] DEBUG GameApplicationServi - Removing overlay from FXGLMainMenuDummyScene and adding to MainMenu
22:47:31.857 [JavaFX Application Thread] DEBUG PrimaryStageWindow   - FXGLMainMenuDummyScene -> MainMenu
22:47:31.858 [JavaFX Application Thread] DEBUG FXGLApplication      - Registering font factories with UI factory
22:47:32.242 [FXGL Background Thread 2 ] INFO  UpdaterService       - Your current version:  17.1
22:47:32.242 [FXGL Background Thread 2 ] INFO  UpdaterService       - Latest stable version: 17.2
22:47:33.069 [JavaFX Application Thread] DEBUG Menu                 - fireNewGame()
22:47:33.070 [JavaFX Application Thread] DEBUG GameApplicationServi - Starting new game
22:47:33.070 [JavaFX Application Thread] DEBUG PrimaryStageWindow   - Pop state: MainMenu
22:47:33.070 [JavaFX Application Thread] DEBUG Input                - Clearing active input actions
22:47:33.072 [JavaFX Application Thread] DEBUG GameApplicationServi - Removing overlay from MainMenu and adding to FXGLMainMenuDummyScene
22:47:33.075 [JavaFX Application Thread] DEBUG PrimaryStageWindow   - FXGLMainMenuDummyScene <- MainMenu
22:47:33.076 [JavaFX Application Thread] DEBUG Input                - Clearing active input actions
22:47:33.087 [JavaFX Application Thread] DEBUG GameApplicationServi - Removing overlay from FXGLMainMenuDummyScene and adding to FXGLLoadingScene
22:47:33.088 [JavaFX Application Thread] DEBUG PrimaryStageWindow   - FXGLMainMenuDummyScene -> FXGLLoadingScene
22:47:33.088 [JavaFX Application Thread] DEBUG GameApplicationServi - Clearing previous game
22:47:33.088 [JavaFX Application Thread] DEBUG GameScene            - Clearing game scene
22:47:33.088 [JavaFX Application Thread] DEBUG GameWorld            - Clearing game world
22:47:33.088 [JavaFX Application Thread] DEBUG PhysicsWorld         - Clearing physics world
22:47:33.090 [FXGL Background Thread 2 ] DEBUG FXGLApplication      - Initializing game
22:47:33.128 [FXGL Background Thread 2 ] DEBUG FXGLAssetLoaderServi - Loading from file system: file:/E:/space_java/Game/game_datbom/target/classes/assets/textures/mapTexture/grass.png
22:47:33.135 [FXGL Background Thread 2 ] DEBUG FXGLAssetLoaderServi - Loading from file system: file:/E:/space_java/Game/game_datbom/target/classes/assets/textures/mapTexture/wall2.png
22:47:33.188 [FXGL Background Thread 2 ] DEBUG FXGLAssetLoaderServi - Loading from file system: file:/E:/space_java/Game/game_datbom/target/classes/assets/textures/mapTexture%5cbrick.png
22:47:33.190 [FXGL Background Thread 2 ] DEBUG FXGLAssetLoaderServi - Loading from file system: file:/E:/space_java/Game/game_datbom/target/classes/assets/textures/mapTexture%5cbrick_break.png
22:47:33.238 [FXGL Background Thread 2 ] DEBUG FXGLAssetLoaderServi - Loading from file system: file:/E:/space_java/Game/game_datbom/target/classes/assets/textures/gameItem/powerup_bombs.png
22:47:33.240 [FXGL Background Thread 2 ] DEBUG FXGLAssetLoaderServi - Loading from file system: file:/E:/space_java/Game/game_datbom/target/classes/assets/textures/gameItem/powerup_flamepass.png
22:47:33.268 [FXGL Background Thread 2 ] DEBUG FXGLAssetLoaderServi - Loading from file system: file:/E:/space_java/Game/game_datbom/target/classes/assets/textures/enemy/balloon36.png
22:47:33.289 [FXGL Background Thread 2 ] DEBUG FXGLAssetLoaderServi - Loading from file system: file:/E:/space_java/Game/game_datbom/target/classes/assets/textures/gameItem/powerup_speed.png
22:47:33.305 [FXGL Background Thread 2 ] DEBUG FXGLAssetLoaderServi - Loading from file system: file:/E:/space_java/Game/game_datbom/target/classes/assets/textures/gameItem/powerup_flames.png
22:47:33.353 [FXGL Background Thread 2 ] DEBUG FXGLAssetLoaderServi - Loading from file system: file:/E:/space_java/Game/game_datbom/target/classes/assets/textures/mapTexture/portal.png
22:47:33.443 [FXGL Background Thread 2 ] DEBUG FXGLAssetLoaderServi - Loading from file system: file:/E:/space_java/Game/game_datbom/target/classes/assets/textures/character/gold_player_dead.png
22:47:33.444 [FXGL Background Thread 2 ] DEBUG FXGLAssetLoaderServi - Loading from file system: file:/E:/space_java/Game/game_datbom/target/classes/assets/textures/character/gold_player_down.png
22:47:33.445 [FXGL Background Thread 2 ] DEBUG FXGLAssetLoaderServi - Loading from file system: file:/E:/space_java/Game/game_datbom/target/classes/assets/textures/character/gold_player_up.png
22:47:33.446 [FXGL Background Thread 2 ] DEBUG FXGLAssetLoaderServi - Loading from file system: file:/E:/space_java/Game/game_datbom/target/classes/assets/textures/character/gold_player_left_temp.png
22:47:33.446 [FXGL Background Thread 2 ] DEBUG FXGLAssetLoaderServi - Loading from file system: file:/E:/space_java/Game/game_datbom/target/classes/assets/textures/character/gold_player_right_temp.png
22:47:33.451 [FXGL Background Thread 2 ] INFO  FXGLApplication      - Game initialization took: 0.361 sec
22:47:33.452 [JavaFX Application Thread] DEBUG Input                - Clearing active input actions
22:47:33.466 [JavaFX Application Thread] DEBUG GameApplicationServi - Removing overlay from FXGLLoadingScene and adding to GameScene
22:47:33.469 [JavaFX Application Thread] DEBUG PrimaryStageWindow   - FXGLLoadingScene -> GameScene
22:47:34.688 [FXGL Background Thread 3 ] DEBUG Engine               - Logging environment variables
22:47:34.688 [FXGL Background Thread 3 ] DEBUG Engine               - achievements: []
22:47:34.689 [FXGL Background Thread 3 ] DEBUG Engine               - actualHeight: 720.0
22:47:34.689 [FXGL Background Thread 3 ] DEBUG Engine               - actualHeightProperty: ReadOnlyDoubleProperty [value: 720.0]
22:47:34.689 [FXGL Background Thread 3 ] DEBUG Engine               - actualWidth: 1280.0
22:47:34.689 [FXGL Background Thread 3 ] DEBUG Engine               - actualWidthProperty: ReadOnlyDoubleProperty [value: 1280.0]
22:47:34.689 [FXGL Background Thread 3 ] DEBUG Engine               - appIcon: icon/icon.png
22:47:34.689 [FXGL Background Thread 3 ] DEBUG Engine               - applicationMode: DEVELOPER
22:47:34.689 [FXGL Background Thread 3 ] DEBUG Engine               - cSSList: [fxgl_dark.css]
22:47:34.689 [FXGL Background Thread 3 ] DEBUG Engine               - collisionDetectionStrategy: BRUTE_FORCE
22:47:34.689 [FXGL Background Thread 3 ] DEBUG Engine               - configClass: Optional.empty
22:47:34.689 [FXGL Background Thread 3 ] DEBUG Engine               - credits: []
22:47:34.691 [FXGL Background Thread 3 ] DEBUG Engine               - defaultCursor: CursorInfo(imageName=cursor/cursor1.png, hotspotX=0.0, hotspotY=0.0)
22:47:34.691 [FXGL Background Thread 3 ] DEBUG Engine               - devBBoxColorProperty: ObjectProperty [value: 0xff0000ff]
22:47:34.691 [FXGL Background Thread 3 ] DEBUG Engine               - devEnableDebugCameraProperty: BooleanProperty [value: false]
22:47:34.691 [FXGL Background Thread 3 ] DEBUG Engine               - devSensorColorProperty: ObjectProperty [value: 0xffff00ff]
22:47:34.691 [FXGL Background Thread 3 ] DEBUG Engine               - devShowBBoxProperty: BooleanProperty [value: false]
22:47:34.691 [FXGL Background Thread 3 ] DEBUG Engine               - devShowPositionProperty: BooleanProperty [value: false]
22:47:34.691 [FXGL Background Thread 3 ] DEBUG Engine               - enabledMenuItems: []
22:47:34.692 [FXGL Background Thread 3 ] DEBUG Engine               - engineServices: [class com.almasb.fxgl.app.services.FXGLAssetLoaderService, class com.almasb.fxgl.app.FXGLApplication$GameApplicationService, class com.almasb.fxgl.app.services.FXGLDialogService, class com.almasb.fxgl.app.services.IOTaskExecutorService, class com.almasb.fxgl.io.FileSystemService, class com.almasb.fxgl.localization.LocalizationService, class com.almasb.fxgl.app.services.SystemBundleService, class com.almasb.fxgl.profile.SaveLoadService, class com.almasb.fxgl.ui.FXGLUIFactoryServiceProvider, class com.almasb.fxgl.ui.FXGLDialogFactoryServiceProvider, class com.almasb.fxgl.audio.AudioPlayer, class com.almasb.fxgl.notification.impl.NotificationServiceProvider, class com.almasb.fxgl.achievement.AchievementService, class com.almasb.fxgl.cutscene.CutsceneService, class com.almasb.fxgl.minigames.MiniGameService, class com.almasb.fxgl.net.NetService, class com.almasb.fxgl.app.services.UpdaterService, class com.almasb.fxgl.dev.DevService]
22:47:34.692 [FXGL Background Thread 3 ] DEBUG Engine               - fontGame: Abel-Regular.ttf
22:47:34.692 [FXGL Background Thread 3 ] DEBUG Engine               - fontMono: TerminalLandMono-Regular.otf
22:47:34.692 [FXGL Background Thread 3 ] DEBUG Engine               - fontText: Courier-Prime.ttf
22:47:34.692 [FXGL Background Thread 3 ] DEBUG Engine               - fontUI: VarelaRound-Regular.ttf
22:47:34.692 [FXGL Background Thread 3 ] DEBUG Engine               - fullScreen: BooleanProperty [value: false]
22:47:34.692 [FXGL Background Thread 3 ] DEBUG Engine               - gameDifficulty: MEDIUM
22:47:34.692 [FXGL Background Thread 3 ] DEBUG Engine               - gameDifficultyProperty: ObjectProperty [value: MEDIUM]
22:47:34.692 [FXGL Background Thread 3 ] DEBUG Engine               - globalMusicVolume: 0.5
22:47:34.692 [FXGL Background Thread 3 ] DEBUG Engine               - globalMusicVolumeProperty: DoubleProperty [value: 0.5]
22:47:34.692 [FXGL Background Thread 3 ] DEBUG Engine               - globalSoundVolume: 0.5
22:47:34.692 [FXGL Background Thread 3 ] DEBUG Engine               - globalSoundVolumeProperty: DoubleProperty [value: 0.5]
22:47:34.693 [FXGL Background Thread 3 ] DEBUG Engine               - height: 720
22:47:34.693 [FXGL Background Thread 3 ] DEBUG Engine               - is3D: false
22:47:34.693 [FXGL Background Thread 3 ] DEBUG Engine               - isAndroid: false
22:47:34.693 [FXGL Background Thread 3 ] DEBUG Engine               - isBrowser: false
22:47:34.693 [FXGL Background Thread 3 ] DEBUG Engine               - isClickFeedbackEnabled: false
22:47:34.693 [FXGL Background Thread 3 ] DEBUG Engine               - isCloseConfirmation: false
22:47:34.693 [FXGL Background Thread 3 ] DEBUG Engine               - isDesktop: true
22:47:34.693 [FXGL Background Thread 3 ] DEBUG Engine               - isDeveloperMenuEnabled: true
22:47:34.693 [FXGL Background Thread 3 ] DEBUG Engine               - isEmbedded: false
22:47:34.693 [FXGL Background Thread 3 ] DEBUG Engine               - isEntityPreloadEnabled: true
22:47:34.693 [FXGL Background Thread 3 ] DEBUG Engine               - isExperimentalTiledLargeMap: false
22:47:34.693 [FXGL Background Thread 3 ] DEBUG Engine               - isFileSystemWriteAllowed: true
22:47:34.693 [FXGL Background Thread 3 ] DEBUG Engine               - isFullScreenAllowed: false
22:47:34.694 [FXGL Background Thread 3 ] DEBUG Engine               - isFullScreenFromStart: false
22:47:34.694 [FXGL Background Thread 3 ] DEBUG Engine               - isGameMenuEnabled: true
22:47:34.694 [FXGL Background Thread 3 ] DEBUG Engine               - isIOS: false
22:47:34.694 [FXGL Background Thread 3 ] DEBUG Engine               - isIntroEnabled: false
22:47:34.694 [FXGL Background Thread 3 ] DEBUG Engine               - isLinux: false
22:47:34.694 [FXGL Background Thread 3 ] DEBUG Engine               - isMac: false
22:47:34.694 [FXGL Background Thread 3 ] DEBUG Engine               - isMainMenuEnabled: true
22:47:34.694 [FXGL Background Thread 3 ] DEBUG Engine               - isManualResizeEnabled: false
22:47:34.694 [FXGL Background Thread 3 ] DEBUG Engine               - isMobile: false
22:47:34.694 [FXGL Background Thread 3 ] DEBUG Engine               - isNative: false
22:47:34.694 [FXGL Background Thread 3 ] DEBUG Engine               - isPauseMusicWhenMinimized: true
22:47:34.694 [FXGL Background Thread 3 ] DEBUG Engine               - isPreserveResizeRatio: false
22:47:34.694 [FXGL Background Thread 3 ] DEBUG Engine               - isProfilingEnabled: false
22:47:34.694 [FXGL Background Thread 3 ] DEBUG Engine               - isScaleAffectedOnResize: true
22:47:34.694 [FXGL Background Thread 3 ] DEBUG Engine               - isSingleStep: false
22:47:34.694 [FXGL Background Thread 3 ] DEBUG Engine               - isUserProfileEnabled: false
22:47:34.695 [FXGL Background Thread 3 ] DEBUG Engine               - isWindows: true
22:47:34.695 [FXGL Background Thread 3 ] DEBUG Engine               - language: ObjectProperty [value: ENGLISH]
22:47:34.695 [FXGL Background Thread 3 ] DEBUG Engine               - menuKey: ESCAPE
22:47:34.695 [FXGL Background Thread 3 ] DEBUG Engine               - mouseSensitivity: 0.2
22:47:34.695 [FXGL Background Thread 3 ] DEBUG Engine               - notificationViewClass: class com.almasb.fxgl.notification.view.XboxNotificationView
22:47:34.695 [FXGL Background Thread 3 ] DEBUG Engine               - pixelsPerMeter: 50.0
22:47:34.695 [FXGL Background Thread 3 ] DEBUG Engine               - platform: WINDOWS
22:47:34.695 [FXGL Background Thread 3 ] DEBUG Engine               - prefHeightProperty: ReadOnlyDoubleProperty [value: 720.0]
22:47:34.695 [FXGL Background Thread 3 ] DEBUG Engine               - prefWidthProperty: ReadOnlyDoubleProperty [value: 1280.0]
22:47:34.695 [FXGL Background Thread 3 ] DEBUG Engine               - profileDir: profiles/
22:47:34.695 [FXGL Background Thread 3 ] DEBUG Engine               - profileName: StringProperty [value: DEFAULT]
22:47:34.695 [FXGL Background Thread 3 ] DEBUG Engine               - randomSeed: -1
22:47:34.695 [FXGL Background Thread 3 ] DEBUG Engine               - runtimeInfo: RuntimeInfo(platform=WINDOWS, version=17.1, build=24.03.2022 17.34)
22:47:34.696 [FXGL Background Thread 3 ] DEBUG Engine               - saveFileExt: sav
22:47:34.696 [FXGL Background Thread 3 ] DEBUG Engine               - scaledHeightProp$fxgl: DoubleProperty [bound, value: 720.0]
22:47:34.696 [FXGL Background Thread 3 ] DEBUG Engine               - scaledWidthProp$fxgl: DoubleProperty [bound, value: 1280.0]
22:47:34.696 [FXGL Background Thread 3 ] DEBUG Engine               - sceneFactory: hellofx.Main$1@4f01a4b1
22:47:34.696 [FXGL Background Thread 3 ] DEBUG Engine               - secondsIn24h: 60
22:47:34.696 [FXGL Background Thread 3 ] DEBUG Engine               - soundMenuBack: menu/back.wav
22:47:34.696 [FXGL Background Thread 3 ] DEBUG Engine               - soundMenuPress: menu/press.wav
22:47:34.696 [FXGL Background Thread 3 ] DEBUG Engine               - soundMenuSelect: menu/select.wav
22:47:34.696 [FXGL Background Thread 3 ] DEBUG Engine               - soundNotification: core/notification.wav
22:47:34.696 [FXGL Background Thread 3 ] DEBUG Engine               - stageStyle: DECORATED
22:47:34.696 [FXGL Background Thread 3 ] DEBUG Engine               - supportedLanguages: [ENGLISH, FRENCH, GERMAN, HUNGARIAN, RUSSIAN]
22:47:34.696 [FXGL Background Thread 3 ] DEBUG Engine               - ticksPerSecond: -1
22:47:34.696 [FXGL Background Thread 3 ] DEBUG Engine               - title: Bomberman
22:47:34.697 [FXGL Background Thread 3 ] DEBUG Engine               - urlGithub: https://github.com/AlmasB/FXGL
22:47:34.697 [FXGL Background Thread 3 ] DEBUG Engine               - urlLeaderboard: http://fxgl-top.herokuapp.com/
22:47:34.697 [FXGL Background Thread 3 ] DEBUG Engine               - urlPOM: https://raw.githubusercontent.com/AlmasB/FXGL/release/README.md
22:47:34.697 [FXGL Background Thread 3 ] DEBUG Engine               - userAppClass: class hellofx.Main
22:47:34.697 [FXGL Background Thread 3 ] DEBUG Engine               - version: 1.0
22:47:34.697 [FXGL Background Thread 3 ] DEBUG Engine               - versionCheckDays: 7
22:47:34.698 [FXGL Background Thread 3 ] DEBUG Engine               - width: 1280
22:47:34.698 [FXGL Background Thread 3 ] DEBUG Engine               - Logging services
22:47:34.698 [FXGL Background Thread 3 ] DEBUG Engine               - class com.almasb.fxgl.app.services.FXGLAssetLoaderService
22:47:34.698 [FXGL Background Thread 3 ] DEBUG Engine               - class com.almasb.fxgl.app.FXGLApplication$GameApplicationService
22:47:34.698 [FXGL Background Thread 3 ] DEBUG Engine               - class com.almasb.fxgl.app.services.FXGLDialogService
22:47:34.699 [FXGL Background Thread 3 ] DEBUG Engine               - class com.almasb.fxgl.app.services.IOTaskExecutorService
22:47:34.699 [FXGL Background Thread 3 ] DEBUG Engine               - class com.almasb.fxgl.io.FileSystemService
22:47:34.699 [FXGL Background Thread 3 ] DEBUG Engine               - class com.almasb.fxgl.localization.LocalizationService
22:47:34.699 [FXGL Background Thread 3 ] DEBUG Engine               - class com.almasb.fxgl.app.services.SystemBundleService
22:47:34.699 [FXGL Background Thread 3 ] DEBUG Engine               - class com.almasb.fxgl.profile.SaveLoadService
22:47:34.699 [FXGL Background Thread 3 ] DEBUG Engine               - class com.almasb.fxgl.ui.FXGLUIFactoryServiceProvider
22:47:34.700 [FXGL Background Thread 3 ] DEBUG Engine               - class com.almasb.fxgl.ui.FXGLDialogFactoryServiceProvider
22:47:34.700 [FXGL Background Thread 3 ] DEBUG Engine               - class com.almasb.fxgl.audio.AudioPlayer
22:47:34.700 [FXGL Background Thread 3 ] DEBUG Engine               - class com.almasb.fxgl.notification.impl.NotificationServiceProvider
22:47:34.700 [FXGL Background Thread 3 ] DEBUG Engine               - class com.almasb.fxgl.achievement.AchievementService
22:47:34.700 [FXGL Background Thread 3 ] DEBUG Engine               - class com.almasb.fxgl.cutscene.CutsceneService
22:47:34.701 [FXGL Background Thread 3 ] DEBUG Engine               - class com.almasb.fxgl.minigames.MiniGameService
22:47:34.701 [FXGL Background Thread 3 ] DEBUG Engine               - class com.almasb.fxgl.net.NetService
22:47:34.701 [FXGL Background Thread 3 ] DEBUG Engine               - class com.almasb.fxgl.app.services.UpdaterService
22:47:34.701 [FXGL Background Thread 3 ] DEBUG Engine               - class com.almasb.fxgl.dev.DevService
22:47:37.519 [JavaFX Application Thread] DEBUG FXGLAssetLoaderServi - Loading from file system: file:/E:/space_java/Game/game_datbom/target/classes/assets/textures/character%5cbomb.png
22:47:37.521 [JavaFX Application Thread] DEBUG FXGLAssetLoaderServi - Loading from file system: file:/E:/space_java/Game/game_datbom/target/classes/assets/textures/flame%5cleft_flame.png
22:47:37.522 [JavaFX Application Thread] DEBUG FXGLAssetLoaderServi - Loading from file system: file:/E:/space_java/Game/game_datbom/target/classes/assets/textures/flame%5cup_flame.png
22:47:37.522 [JavaFX Application Thread] DEBUG FXGLAssetLoaderServi - Loading from file system: file:/E:/space_java/Game/game_datbom/target/classes/assets/textures/flame%5ccentral_flame.png
22:47:46.284 [JavaFX Application Thread] DEBUG Input                - Clearing active input actions
22:47:46.292 [JavaFX Application Thread] DEBUG GameApplicationServi - Removing overlay from GameScene and adding to FXGLMainMenuDummyScene
22:47:46.294 [JavaFX Application Thread] DEBUG PrimaryStageWindow   - GameScene -> FXGLMainMenuDummyScene
22:47:46.294 [JavaFX Application Thread] DEBUG PrimaryStageWindow   - Push state: MainMenu
22:47:46.294 [JavaFX Application Thread] DEBUG Input                - Clearing active input actions
22:47:46.294 [JavaFX Application Thread] DEBUG GameApplicationServi - Removing overlay from FXGLMainMenuDummyScene and adding to MainMenu
22:47:46.295 [JavaFX Application Thread] DEBUG PrimaryStageWindow   - FXGLMainMenuDummyScene -> MainMenu
22:47:47.131 [JavaFX Application Thread] DEBUG Menu                 - fireNewGame()
22:47:47.131 [JavaFX Application Thread] DEBUG GameApplicationServi - Starting new game
22:47:47.132 [JavaFX Application Thread] DEBUG PrimaryStageWindow   - Pop state: MainMenu
22:47:47.132 [JavaFX Application Thread] DEBUG Input                - Clearing active input actions
22:47:47.133 [JavaFX Application Thread] DEBUG GameApplicationServi - Removing overlay from MainMenu and adding to FXGLMainMenuDummyScene
22:47:47.135 [JavaFX Application Thread] DEBUG PrimaryStageWindow   - FXGLMainMenuDummyScene <- MainMenu
22:47:47.135 [JavaFX Application Thread] DEBUG Input                - Clearing active input actions
22:47:47.144 [JavaFX Application Thread] DEBUG GameApplicationServi - Removing overlay from FXGLMainMenuDummyScene and adding to FXGLLoadingScene
22:47:47.144 [JavaFX Application Thread] DEBUG PrimaryStageWindow   - FXGLMainMenuDummyScene -> FXGLLoadingScene
22:47:47.144 [JavaFX Application Thread] DEBUG GameApplicationServi - Clearing previous game
22:47:47.144 [JavaFX Application Thread] DEBUG GameScene            - Clearing game scene
22:47:47.144 [JavaFX Application Thread] DEBUG GameWorld            - Clearing game world
22:47:47.170 [JavaFX Application Thread] DEBUG PhysicsWorld         - Clearing physics world
22:47:47.171 [FXGL Background Thread 2 ] DEBUG FXGLApplication      - Initializing game
22:47:47.289 [FXGL Background Thread 2 ] INFO  FXGLApplication      - Game initialization took: 0.118 sec
22:47:47.290 [JavaFX Application Thread] DEBUG Input                - Clearing active input actions
22:47:47.296 [JavaFX Application Thread] DEBUG GameApplicationServi - Removing overlay from FXGLLoadingScene and adding to GameScene
22:47:47.298 [JavaFX Application Thread] DEBUG PrimaryStageWindow   - FXGLLoadingScene -> GameScene
22:47:51.453 [JavaFX Application Thread] DEBUG Input                - Clearing active input actions
22:47:51.460 [JavaFX Application Thread] DEBUG GameApplicationServi - Removing overlay from GameScene and adding to FXGLMainMenuDummyScene
22:47:51.462 [JavaFX Application Thread] DEBUG PrimaryStageWindow   - GameScene -> FXGLMainMenuDummyScene
22:47:51.462 [JavaFX Application Thread] DEBUG PrimaryStageWindow   - Push state: MainMenu
22:47:51.462 [JavaFX Application Thread] DEBUG Input                - Clearing active input actions
22:47:51.462 [JavaFX Application Thread] DEBUG GameApplicationServi - Removing overlay from FXGLMainMenuDummyScene and adding to MainMenu
22:47:51.462 [JavaFX Application Thread] DEBUG PrimaryStageWindow   - FXGLMainMenuDummyScene -> MainMenu
22:47:52.310 [JavaFX Application Thread] DEBUG Menu                 - fireNewGame()
22:47:52.311 [JavaFX Application Thread] DEBUG GameApplicationServi - Starting new game
22:47:52.311 [JavaFX Application Thread] DEBUG PrimaryStageWindow   - Pop state: MainMenu
22:47:52.311 [JavaFX Application Thread] DEBUG Input                - Clearing active input actions
22:47:52.312 [JavaFX Application Thread] DEBUG GameApplicationServi - Removing overlay from MainMenu and adding to FXGLMainMenuDummyScene
22:47:52.312 [JavaFX Application Thread] DEBUG PrimaryStageWindow   - FXGLMainMenuDummyScene <- MainMenu
22:47:52.312 [JavaFX Application Thread] DEBUG Input                - Clearing active input actions
22:47:52.319 [JavaFX Application Thread] DEBUG GameApplicationServi - Removing overlay from FXGLMainMenuDummyScene and adding to FXGLLoadingScene
22:47:52.319 [JavaFX Application Thread] DEBUG PrimaryStageWindow   - FXGLMainMenuDummyScene -> FXGLLoadingScene
22:47:52.319 [JavaFX Application Thread] DEBUG GameApplicationServi - Clearing previous game
22:47:52.320 [JavaFX Application Thread] DEBUG GameScene            - Clearing game scene
22:47:52.320 [JavaFX Application Thread] DEBUG GameWorld            - Clearing game world
22:47:52.336 [JavaFX Application Thread] DEBUG PhysicsWorld         - Clearing physics world
22:47:52.337 [FXGL Background Thread 2 ] DEBUG FXGLApplication      - Initializing game
22:47:52.404 [FXGL Background Thread 2 ] INFO  FXGLApplication      - Game initialization took: 0.067 sec
22:47:52.405 [JavaFX Application Thread] DEBUG Input                - Clearing active input actions
22:47:52.411 [JavaFX Application Thread] DEBUG GameApplicationServi - Removing overlay from FXGLLoadingScene and adding to GameScene
22:47:52.412 [JavaFX Application Thread] DEBUG PrimaryStageWindow   - FXGLLoadingScene -> GameScene
22:48:27.676 [JavaFX Application Thread] DEBUG Input                - Clearing active input actions
22:48:27.681 [JavaFX Application Thread] DEBUG GameApplicationServi - Removing overlay from GameScene and adding to FXGLMainMenuDummyScene
22:48:27.684 [JavaFX Application Thread] DEBUG PrimaryStageWindow   - GameScene -> FXGLMainMenuDummyScene
22:48:27.684 [JavaFX Application Thread] DEBUG PrimaryStageWindow   - Push state: MainMenu
22:48:27.684 [JavaFX Application Thread] DEBUG Input                - Clearing active input actions
22:48:27.685 [JavaFX Application Thread] DEBUG GameApplicationServi - Removing overlay from FXGLMainMenuDummyScene and adding to MainMenu
22:48:27.686 [JavaFX Application Thread] DEBUG PrimaryStageWindow   - FXGLMainMenuDummyScene -> MainMenu
22:48:38.974 [JavaFX Application Thread] DEBUG FXGLApplication      - Exiting FXGL
22:48:38.974 [JavaFX Application Thread] DEBUG LoopRunner           - Stopping loop
22:48:38.974 [JavaFX Application Thread] DEBUG SystemBundleService  - Saving FXGL system data
22:48:38.976 [JavaFX Application Thread] DEBUG FileSystemAccess     - Writing to: E:\space_java\Game\game_datbom\system\fxgl.bundle
22:48:38.977 [JavaFX Application Thread] DEBUG Async                - Shutting down background threads
22:48:38.978 [JavaFX Application Thread] DEBUG PrimaryStageWindow   - Closing main window
22:48:39.014 [JavaFX Application Thread] DEBUG Logger               - Closing Logger
