08:15:37.026 [main                     ] DEBUG Logger               - Configured Logger
08:15:37.028 [main                     ] DEBUG GameApplication      - Logging settings
Title: Basic Game App
Version: 1.0
Width: 1280
Height: 960
Fullscreen: false
Intro: false
Profiling: false
Single step:false
App Mode: DEVELOPER
Menu Key: ESCAPE
Stage Style: DECORATED
Scene Factory: class com.almasb.fxgl.app.scene.SceneFactory

08:15:37.386 [JavaFX Application Thread] DEBUG FXGLApplication      - Initializing FXGL
08:15:37.388 [JavaFX Application Thread] INFO  Engine               - FXGL-11.12 (11.12.2020 08.51) on WINDOWS (J:18.0.2.1 FX:15)
08:15:37.388 [JavaFX Application Thread] DEBUG Engine               - JRE Vendor Name: Oracle Corporation
08:15:37.389 [JavaFX Application Thread] DEBUG Engine               - Running on OS: Windows 11 version 10.0
08:15:37.389 [JavaFX Application Thread] DEBUG Engine               - Architecture: amd64
08:15:37.389 [JavaFX Application Thread] INFO  Engine               - Source code and latest versions at: https://github.com/AlmasB/FXGL
08:15:37.389 [JavaFX Application Thread] INFO  Engine               -              Join the FXGL chat at: https://gitter.im/AlmasB/FXGL
08:15:37.498 [JavaFX Application Thread] DEBUG MainWindow           - Creating a JavaFX scene
08:15:37.557 [JavaFX Application Thread] DEBUG MainWindow           - Target settings size: 1280.0 x 960.0
08:15:37.557 [JavaFX Application Thread] DEBUG MainWindow           - Scaled scene size:    1280.0 x 960.0
08:15:37.557 [JavaFX Application Thread] DEBUG MainWindow           - Scaled ratio: (1.0, 1.0)
08:15:37.558 [JavaFX Application Thread] DEBUG MainWindow           - Set initial scene to StartupScene
08:15:37.565 [JavaFX Application Thread] DEBUG MainWindow           - Opening main window
08:15:37.666 [JavaFX Application Thread] DEBUG MainWindow           - Window border size: (16.0, 39.0)
08:15:37.666 [JavaFX Application Thread] DEBUG MainWindow           - Scaled size: 1280.0 x 960.0
08:15:37.666 [JavaFX Application Thread] DEBUG MainWindow           - Scaled ratio: (1.0, 1.0)
08:15:37.666 [JavaFX Application Thread] DEBUG MainWindow           - Scene size: 1280.0 x 960.0
08:15:37.667 [JavaFX Application Thread] DEBUG MainWindow           - Stage size: 1296.0 x 999.0
08:15:37.677 [FXGL Background Thread 1 ] DEBUG Engine               - Initializing environment variables
08:15:37.740 [FXGL Background Thread 1 ] DEBUG GameApplicationServi - Applying CSS: fxgl_dark.css
08:15:37.741 [FXGL Background Thread 1 ] DEBUG FXGLAssetLoaderServi - Loading from file system: /assets/ui/css/fxgl_dark.css
08:15:37.797 [FXGL Background Thread 1 ] DEBUG GameApplicationServi - Initializing application scenes
08:15:37.842 [FXGL Background Thread 1 ] DEBUG GameWorld            - Game world initialized
08:15:37.910 [FXGL Background Thread 1 ] DEBUG PhysicsWorld         - Physics world initialized: appHeight=960, physics.ppm=50.0
08:15:37.912 [FXGL Background Thread 1 ] DEBUG GameScene            - Game scene initialized: 1280x960
08:15:37.940 [FXGL Background Thread 1 ] DEBUG FXGLAssetLoaderServi - Loading from file system: /assets/textures/particles/trace_horizontal.png
08:15:38.005 [FXGL Background Thread 1 ] DEBUG FXGL.DefaultMenu     - createMenuBodyGameMenu()
08:15:38.020 [FXGL Background Thread 1 ] DEBUG FXGL.DefaultMenu     - createOptionsMenu()
08:15:38.023 [FXGL Background Thread 1 ] DEBUG FXGLAssetLoaderServi - Loading from file system: /assets/textures/particles/smoke.png
08:15:38.093 [FXGL Background Thread 1 ] DEBUG GameApplicationServi - Application scenes initialized
08:15:38.108 [FXGL Background Thread 1 ] DEBUG SystemBundleService  - Loading FXGL system data
08:15:38.114 [FXGL Background Thread 1 ] DEBUG FileSystemAccess     - Reading from: E:\space_java\game_datbom\system\fxgl.bundle
08:15:38.125 [FXGL Background Thread 1 ] DEBUG SystemBundleService  - Bundle FXGL: {}
08:15:38.125 [FXGL Background Thread 1 ] DEBUG UpdaterService       - Checking for updates
08:15:38.160 [FXGL Background Thread 4 ] DEBUG FXGLApplication      - Loading fonts
08:15:38.160 [FXGL Background Thread 1 ] DEBUG FXGLApplication      - Loading default localization
08:15:38.160 [FXGL Background Thread 1 ] DEBUG FXGLAssetLoaderServi - Loading from file system: /assets/languages/english.lang
08:15:38.160 [FXGL Background Thread 4 ] DEBUG FXGLAssetLoaderServi - Loading from file system: /assets/ui/fonts/VarelaRound-Regular.ttf
08:15:38.180 [FXGL Background Thread 1 ] INFO  FXGLApplication      - FXGL initialization took: 0.503 sec
08:15:38.191 [JavaFX Application Thread] DEBUG Input                - Registered new binding: action0 - F
08:15:38.191 [JavaFX Application Thread] DEBUG Input                - Registered new binding: Right - D
08:15:38.192 [JavaFX Application Thread] DEBUG Input                - Registered new binding: Left - A
08:15:38.192 [JavaFX Application Thread] DEBUG Input                - Registered new binding: Up - W
08:15:38.192 [JavaFX Application Thread] DEBUG Input                - Registered new binding: Down - S
08:15:38.192 [JavaFX Application Thread] DEBUG FXGLAssetLoaderServi - Loading from file system: /assets/textures/icon/icon.png
08:15:38.233 [JavaFX Application Thread] DEBUG FXGLAssetLoaderServi - Loading from file system: /assets/ui/cursors/fxgl_default.png
08:15:38.237 [JavaFX Application Thread] DEBUG Input                - Registered new binding: Screenshot - P
08:15:38.238 [JavaFX Application Thread] DEBUG Input                - Registered new binding: Dev Options - 1
08:15:38.238 [JavaFX Application Thread] DEBUG Input                - Registered new binding: Dev Console - 2
08:15:38.239 [JavaFX Application Thread] DEBUG Input                - Registered new binding: System info dump - CTRL+9
08:15:38.239 [JavaFX Application Thread] DEBUG Input                - Registered new binding: Restart - CTRL+R
08:15:38.240 [JavaFX Application Thread] DEBUG Input                - Registered new binding: Toggle Debug Camera - CTRL+C
08:15:38.243 [JavaFX Application Thread] DEBUG LoopRunner           - Starting loop
08:15:38.249 [FXGL Background Thread 4 ] DEBUG FXGLAssetLoaderServi - Loading from file system: /assets/ui/fonts/Abel-Regular.ttf
08:15:38.264 [JavaFX Application Thread] DEBUG GameApplicationServi - Starting new game
08:15:38.264 [JavaFX Application Thread] DEBUG Input                - Clearing active input actions
08:15:38.268 [FXGL Background Thread 4 ] DEBUG FXGLAssetLoaderServi - Loading from file system: /assets/ui/fonts/lucida_console.ttf
08:15:38.277 [JavaFX Application Thread] DEBUG GameApplicationServi - Removing overlay from StartupScene and adding to FXGLLoadingScene
08:15:38.280 [FXGL Background Thread 4 ] DEBUG FXGLAssetLoaderServi - Loading from file system: /assets/ui/fonts/Courier-Prime.ttf
08:15:38.281 [JavaFX Application Thread] DEBUG MainWindow           - StartupScene -> FXGLLoadingScene
08:15:38.282 [JavaFX Application Thread] DEBUG GameApplicationServi - Clearing previous game
08:15:38.282 [JavaFX Application Thread] DEBUG GameScene            - Clearing game scene
08:15:38.282 [JavaFX Application Thread] DEBUG GameWorld            - Clearing game world
08:15:38.282 [JavaFX Application Thread] DEBUG PhysicsWorld         - Clearing physics world
08:15:38.283 [FXGL Background Thread 1 ] DEBUG FXGLApplication      - Initializing game
08:15:38.297 [FXGL Background Thread 1 ] DEBUG FXGLAssetLoaderServi - Loading from file system: /assets/textures/character/gold_player_up.png
08:15:38.303 [FXGL Background Thread 1 ] DEBUG FXGLAssetLoaderServi - Loading from file system: /assets/textures/character/gold_player_down.png
08:15:38.305 [FXGL Background Thread 1 ] DEBUG FXGLAssetLoaderServi - Loading from cache: /assets/textures/character/gold_player_up.png
08:15:38.306 [FXGL Background Thread 1 ] DEBUG FXGLAssetLoaderServi - Loading from cache: /assets/textures/character/gold_player_down.png
08:15:38.306 [FXGL Background Thread 1 ] DEBUG FXGLAssetLoaderServi - Loading from file system: /assets/textures/character/gold_player_left.png
08:15:38.308 [FXGL Background Thread 1 ] DEBUG FXGLAssetLoaderServi - Loading from cache: /assets/textures/character/gold_player_left.png
08:15:38.308 [FXGL Background Thread 1 ] DEBUG FXGLAssetLoaderServi - Loading from file system: /assets/textures/character/gold_player_right.png
08:15:38.311 [FXGL Background Thread 1 ] DEBUG FXGLAssetLoaderServi - Loading from cache: /assets/textures/character/gold_player_right.png
08:15:38.333 [FXGL Background Thread 1 ] DEBUG FXGLAssetLoaderServi - Loading from file system: /assets/textures/brick.png
08:15:38.335 [FXGL Background Thread 1 ] WARN  FXGLAssetLoaderServi - Failed to load texture brick.png Error: java.lang.IllegalArgumentException: Asset "/assets/textures/brick.png" was not found!
08:15:38.543 [JavaFX Application Thread] DEBUG FXGLApplication      - Registering font factories with UI factory
08:15:38.694 [FXGL Background Thread 1 ] INFO  FXGLApplication      - Game initialization took: 0.409 sec
08:15:38.706 [JavaFX Application Thread] DEBUG Input                - Clearing active input actions
08:15:38.717 [JavaFX Application Thread] DEBUG GameApplicationServi - Removing overlay from FXGLLoadingScene and adding to GameScene
08:15:38.721 [JavaFX Application Thread] DEBUG MainWindow           - FXGLLoadingScene -> GameScene
08:15:40.388 [FXGL Background Thread 2 ] INFO  UpdaterService       - Your current version:  11.12
08:15:40.389 [FXGL Background Thread 2 ] INFO  UpdaterService       - Latest stable version: 17.2
08:15:41.158 [FXGL Background Thread 3 ] DEBUG Engine               - Logging environment variables
08:15:41.159 [FXGL Background Thread 3 ] DEBUG Engine               - achievements: []
08:15:41.160 [FXGL Background Thread 3 ] DEBUG Engine               - actualHeight: 960.0
08:15:41.160 [FXGL Background Thread 3 ] DEBUG Engine               - actualHeightProperty: ReadOnlyDoubleProperty [value: 960.0]
08:15:41.160 [FXGL Background Thread 3 ] DEBUG Engine               - actualWidth: 1280.0
08:15:41.160 [FXGL Background Thread 3 ] DEBUG Engine               - actualWidthProperty: ReadOnlyDoubleProperty [value: 1280.0]
08:15:41.161 [FXGL Background Thread 3 ] DEBUG Engine               - appIcon: icon/icon.png
08:15:41.161 [FXGL Background Thread 3 ] DEBUG Engine               - applicationMode: DEVELOPER
08:15:41.161 [FXGL Background Thread 3 ] DEBUG Engine               - cSSList: [fxgl_dark.css]
08:15:41.161 [FXGL Background Thread 3 ] DEBUG Engine               - configClass: Optional.empty
08:15:41.162 [FXGL Background Thread 3 ] DEBUG Engine               - credits: []
08:15:41.162 [FXGL Background Thread 3 ] DEBUG Engine               - devBBoxColorProperty: ObjectProperty [value: 0xff0000ff]
08:15:41.163 [FXGL Background Thread 3 ] DEBUG Engine               - devEnableDebugCameraProperty: BooleanProperty [value: false]
08:15:41.163 [FXGL Background Thread 3 ] DEBUG Engine               - devSensorColorProperty: ObjectProperty [value: 0xffff00ff]
08:15:41.163 [FXGL Background Thread 3 ] DEBUG Engine               - devShowBBoxProperty: BooleanProperty [value: false]
08:15:41.164 [FXGL Background Thread 3 ] DEBUG Engine               - devShowPositionProperty: BooleanProperty [value: false]
08:15:41.164 [FXGL Background Thread 3 ] DEBUG Engine               - enabledMenuItems: []
08:15:41.164 [FXGL Background Thread 3 ] DEBUG Engine               - engineServices: [class com.almasb.fxgl.app.FXGLApplication$GameApplicationService, class com.almasb.fxgl.app.services.FXGLDialogService, class com.almasb.fxgl.app.services.IOTaskExecutorService, class com.almasb.fxgl.event.EventBusService, class com.almasb.fxgl.io.FileSystemService, class com.almasb.fxgl.localization.LocalizationService, class com.almasb.fxgl.app.services.FXGLAssetLoaderService, class com.almasb.fxgl.app.services.SystemBundleService, class com.almasb.fxgl.profile.SaveLoadService, class com.almasb.fxgl.ui.FXGLUIFactoryServiceProvider, class com.almasb.fxgl.ui.FXGLDialogFactoryServiceProvider, class com.almasb.fxgl.audio.AudioPlayer, class com.almasb.fxgl.notification.impl.NotificationServiceProvider, class com.almasb.fxgl.achievement.AchievementService, class com.almasb.fxgl.cutscene.CutsceneService, class com.almasb.fxgl.minigames.MiniGameService, class com.almasb.fxgl.net.NetService, class com.almasb.fxgl.app.services.UpdaterService, class com.almasb.fxgl.dev.DevService]
08:15:41.165 [FXGL Background Thread 3 ] DEBUG Engine               - fontGame: Abel-Regular.ttf
08:15:41.165 [FXGL Background Thread 3 ] DEBUG Engine               - fontMono: lucida_console.ttf
08:15:41.165 [FXGL Background Thread 3 ] DEBUG Engine               - fontText: Courier-Prime.ttf
08:15:41.165 [FXGL Background Thread 3 ] DEBUG Engine               - fontUI: VarelaRound-Regular.ttf
08:15:41.165 [FXGL Background Thread 3 ] DEBUG Engine               - fullScreen: BooleanProperty [value: false]
08:15:41.165 [FXGL Background Thread 3 ] DEBUG Engine               - gameDifficulty: MEDIUM
08:15:41.165 [FXGL Background Thread 3 ] DEBUG Engine               - gameDifficultyProperty: ObjectProperty [value: MEDIUM]
08:15:41.165 [FXGL Background Thread 3 ] DEBUG Engine               - globalMusicVolume: 0.5
08:15:41.166 [FXGL Background Thread 3 ] DEBUG Engine               - globalMusicVolumeProperty: DoubleProperty [value: 0.5]
08:15:41.166 [FXGL Background Thread 3 ] DEBUG Engine               - globalSoundVolume: 0.5
08:15:41.166 [FXGL Background Thread 3 ] DEBUG Engine               - globalSoundVolumeProperty: DoubleProperty [value: 0.5]
08:15:41.166 [FXGL Background Thread 3 ] DEBUG Engine               - height: 960
08:15:41.166 [FXGL Background Thread 3 ] DEBUG Engine               - isAndroid: false
08:15:41.166 [FXGL Background Thread 3 ] DEBUG Engine               - isBrowser: false
08:15:41.166 [FXGL Background Thread 3 ] DEBUG Engine               - isClickFeedbackEnabled: false
08:15:41.166 [FXGL Background Thread 3 ] DEBUG Engine               - isCloseConfirmation: false
08:15:41.167 [FXGL Background Thread 3 ] DEBUG Engine               - isDesktop: true
08:15:41.167 [FXGL Background Thread 3 ] DEBUG Engine               - isDeveloperMenuEnabled: true
08:15:41.167 [FXGL Background Thread 3 ] DEBUG Engine               - isEntityPreloadEnabled: true
08:15:41.167 [FXGL Background Thread 3 ] DEBUG Engine               - isExperimental3D: false
08:15:41.167 [FXGL Background Thread 3 ] DEBUG Engine               - isExperimentalNative: false
08:15:41.167 [FXGL Background Thread 3 ] DEBUG Engine               - isExperimentalTiledLargeMap: false
08:15:41.167 [FXGL Background Thread 3 ] DEBUG Engine               - isFileSystemWriteAllowed: true
08:15:41.168 [FXGL Background Thread 3 ] DEBUG Engine               - isFullScreenAllowed: false
08:15:41.168 [FXGL Background Thread 3 ] DEBUG Engine               - isFullScreenFromStart: false
08:15:41.168 [FXGL Background Thread 3 ] DEBUG Engine               - isGameMenuEnabled: true
08:15:41.168 [FXGL Background Thread 3 ] DEBUG Engine               - isIOS: false
08:15:41.168 [FXGL Background Thread 3 ] DEBUG Engine               - isIntroEnabled: false
08:15:41.168 [FXGL Background Thread 3 ] DEBUG Engine               - isLinux: false
08:15:41.168 [FXGL Background Thread 3 ] DEBUG Engine               - isMac: false
08:15:41.168 [FXGL Background Thread 3 ] DEBUG Engine               - isMainMenuEnabled: false
08:15:41.168 [FXGL Background Thread 3 ] DEBUG Engine               - isManualResizeEnabled: false
08:15:41.169 [FXGL Background Thread 3 ] DEBUG Engine               - isMobile: false
08:15:41.169 [FXGL Background Thread 3 ] DEBUG Engine               - isPreserveResizeRatio: false
08:15:41.169 [FXGL Background Thread 3 ] DEBUG Engine               - isProfilingEnabled: false
08:15:41.169 [FXGL Background Thread 3 ] DEBUG Engine               - isScaleAffectedOnResize: true
08:15:41.169 [FXGL Background Thread 3 ] DEBUG Engine               - isSingleStep: false
08:15:41.169 [FXGL Background Thread 3 ] DEBUG Engine               - isUserProfileEnabled: false
08:15:41.169 [FXGL Background Thread 3 ] DEBUG Engine               - isWindows: true
08:15:41.169 [FXGL Background Thread 3 ] DEBUG Engine               - language: ObjectProperty [value: ENGLISH]
08:15:41.169 [FXGL Background Thread 3 ] DEBUG Engine               - menuKey: ESCAPE
08:15:41.170 [FXGL Background Thread 3 ] DEBUG Engine               - notificationViewClass: class com.almasb.fxgl.notification.view.XboxNotificationView
08:15:41.170 [FXGL Background Thread 3 ] DEBUG Engine               - pixelsPerMeter: 50.0
08:15:41.170 [FXGL Background Thread 3 ] DEBUG Engine               - platform: WINDOWS
08:15:41.170 [FXGL Background Thread 3 ] DEBUG Engine               - prefHeightProperty: ReadOnlyDoubleProperty [value: 960.0]
08:15:41.170 [FXGL Background Thread 3 ] DEBUG Engine               - prefWidthProperty: ReadOnlyDoubleProperty [value: 1280.0]
08:15:41.170 [FXGL Background Thread 3 ] DEBUG Engine               - profileDir: profiles/
08:15:41.170 [FXGL Background Thread 3 ] DEBUG Engine               - profileName: StringProperty [value: DEFAULT]
08:15:41.170 [FXGL Background Thread 3 ] DEBUG Engine               - randomSeed: -1
08:15:41.170 [FXGL Background Thread 3 ] DEBUG Engine               - runtimeInfo: RuntimeInfo(platform=WINDOWS, version=11.12, build=11.12.2020 08.51)
08:15:41.170 [FXGL Background Thread 3 ] DEBUG Engine               - saveFileExt: sav
08:15:41.171 [FXGL Background Thread 3 ] DEBUG Engine               - scaledHeightProp$fxgl: DoubleProperty [bound, value: 960.0]
08:15:41.171 [FXGL Background Thread 3 ] DEBUG Engine               - scaledWidthProp$fxgl: DoubleProperty [bound, value: 1280.0]
08:15:41.171 [FXGL Background Thread 3 ] DEBUG Engine               - sceneFactory: com.almasb.fxgl.app.scene.SceneFactory@70d24a8b
08:15:41.171 [FXGL Background Thread 3 ] DEBUG Engine               - secondsIn24h: 60
08:15:41.171 [FXGL Background Thread 3 ] DEBUG Engine               - soundMenuBack: menu/back.wav
08:15:41.171 [FXGL Background Thread 3 ] DEBUG Engine               - soundMenuPress: menu/press.wav
08:15:41.171 [FXGL Background Thread 3 ] DEBUG Engine               - soundMenuSelect: menu/select.wav
08:15:41.171 [FXGL Background Thread 3 ] DEBUG Engine               - soundNotification: core/notification.wav
08:15:41.171 [FXGL Background Thread 3 ] DEBUG Engine               - stageStyle: DECORATED
08:15:41.171 [FXGL Background Thread 3 ] DEBUG Engine               - supportedLanguages: [ENGLISH, FRENCH, GERMAN, HUNGARIAN, RUSSIAN]
08:15:41.171 [FXGL Background Thread 3 ] DEBUG Engine               - title: Basic Game App
08:15:41.172 [FXGL Background Thread 3 ] DEBUG Engine               - urlGithub: https://github.com/AlmasB/FXGL
08:15:41.172 [FXGL Background Thread 3 ] DEBUG Engine               - urlLeaderboard: http://fxgl-top.herokuapp.com/
08:15:41.172 [FXGL Background Thread 3 ] DEBUG Engine               - urlPOM: https://raw.githubusercontent.com/AlmasB/FXGL/master/README.md
08:15:41.172 [FXGL Background Thread 3 ] DEBUG Engine               - version: 1.0
08:15:41.172 [FXGL Background Thread 3 ] DEBUG Engine               - versionCheckDays: 7
08:15:41.172 [FXGL Background Thread 3 ] DEBUG Engine               - width: 1280
08:15:41.172 [FXGL Background Thread 3 ] DEBUG Engine               - Logging services
08:15:41.172 [FXGL Background Thread 3 ] DEBUG Engine               - class com.almasb.fxgl.app.FXGLApplication$GameApplicationService
08:15:41.172 [FXGL Background Thread 3 ] DEBUG Engine               - class com.almasb.fxgl.app.services.FXGLDialogService
08:15:41.172 [FXGL Background Thread 3 ] DEBUG Engine               - class com.almasb.fxgl.app.services.IOTaskExecutorService
08:15:41.172 [FXGL Background Thread 3 ] DEBUG Engine               - class com.almasb.fxgl.event.EventBusService
08:15:41.172 [FXGL Background Thread 3 ] DEBUG Engine               - class com.almasb.fxgl.io.FileSystemService
08:15:41.172 [FXGL Background Thread 3 ] DEBUG Engine               - class com.almasb.fxgl.localization.LocalizationService
08:15:41.172 [FXGL Background Thread 3 ] DEBUG Engine               - class com.almasb.fxgl.app.services.FXGLAssetLoaderService
08:15:41.172 [FXGL Background Thread 3 ] DEBUG Engine               - class com.almasb.fxgl.app.services.SystemBundleService
08:15:41.172 [FXGL Background Thread 3 ] DEBUG Engine               - class com.almasb.fxgl.profile.SaveLoadService
08:15:41.172 [FXGL Background Thread 3 ] DEBUG Engine               - class com.almasb.fxgl.ui.FXGLUIFactoryServiceProvider
08:15:41.173 [FXGL Background Thread 3 ] DEBUG Engine               - class com.almasb.fxgl.ui.FXGLDialogFactoryServiceProvider
08:15:41.173 [FXGL Background Thread 3 ] DEBUG Engine               - class com.almasb.fxgl.audio.AudioPlayer
08:15:41.173 [FXGL Background Thread 3 ] DEBUG Engine               - class com.almasb.fxgl.notification.impl.NotificationServiceProvider
08:15:41.173 [FXGL Background Thread 3 ] DEBUG Engine               - class com.almasb.fxgl.achievement.AchievementService
08:15:41.173 [FXGL Background Thread 3 ] DEBUG Engine               - class com.almasb.fxgl.cutscene.CutsceneService
08:15:41.173 [FXGL Background Thread 3 ] DEBUG Engine               - class com.almasb.fxgl.minigames.MiniGameService
08:15:41.173 [FXGL Background Thread 3 ] DEBUG Engine               - class com.almasb.fxgl.net.NetService
08:15:41.173 [FXGL Background Thread 3 ] DEBUG Engine               - class com.almasb.fxgl.app.services.UpdaterService
08:15:41.173 [FXGL Background Thread 3 ] DEBUG Engine               - class com.almasb.fxgl.dev.DevService
08:15:44.326 [JavaFX Application Thread] DEBUG FXGLApplication      - Exiting FXGL
08:15:44.327 [JavaFX Application Thread] DEBUG LoopRunner           - Stopping loop
08:15:44.327 [JavaFX Application Thread] DEBUG SystemBundleService  - Saving FXGL system data
08:15:44.331 [JavaFX Application Thread] DEBUG FileSystemAccess     - Writing to: E:\space_java\game_datbom\system\fxgl.bundle
08:15:44.337 [JavaFX Application Thread] DEBUG Async                - Shutting down background threads
08:15:44.337 [JavaFX Application Thread] DEBUG MainWindow           - Closing main window
08:15:44.354 [JavaFX Application Thread] DEBUG Logger               - Closing Logger
