09:39:18.292 [main                     ] DEBUG Logger               - Configured Logger
09:39:18.302 [main                     ] DEBUG GameApplication      - Logging settings
Title: Bomberman
Version: 1.0
Width: 1280
Height: 720
Fullscreen: false
Intro: false
Profiling: false
Single step:false
App Mode: DEVELOPER
Menu Key: ESCAPE
Stage Style: DECORATED
Scene Factory: class hellofx.Main$1

09:39:18.387 [JavaFX Application Thread] DEBUG FXGLApplication      - Initializing FXGL
09:39:18.392 [JavaFX Application Thread] INFO  Engine               - FXGL-17.1 (24.03.2022 17.34) on WINDOWS (J:18.0.2.1 FX:18)
09:39:18.393 [JavaFX Application Thread] DEBUG Engine               - JRE Vendor Name: Oracle Corporation
09:39:18.393 [JavaFX Application Thread] DEBUG Engine               - Running on OS: Windows 11 version 10.0
09:39:18.393 [JavaFX Application Thread] DEBUG Engine               - Architecture: amd64
09:39:18.393 [JavaFX Application Thread] INFO  Engine               - Source code and latest versions at: https://github.com/AlmasB/FXGL
09:39:18.393 [JavaFX Application Thread] INFO  Engine               -       Ask questions and discuss at: https://github.com/AlmasB/FXGL/discussions
09:39:18.393 [JavaFX Application Thread] INFO  Engine               -              Join the FXGL chat at: https://gitter.im/AlmasB/FXGL
09:39:18.430 [JavaFX Application Thread] DEBUG PrimaryStageWindow   - Creating a JavaFX scene
09:39:18.468 [JavaFX Application Thread] DEBUG PrimaryStageWindow   - Target settings size: 1280.0 x 720.0
09:39:18.468 [JavaFX Application Thread] DEBUG PrimaryStageWindow   - Scaled scene size:    1280.0 x 720.0
09:39:18.469 [JavaFX Application Thread] DEBUG PrimaryStageWindow   - Scaled ratio: (1.0, 1.0)
09:39:18.470 [JavaFX Application Thread] DEBUG PrimaryStageWindow   - Set initial scene to FXGLStartupScene
09:39:18.476 [JavaFX Application Thread] DEBUG PrimaryStageWindow   - Opening main window
09:39:18.539 [JavaFX Application Thread] DEBUG PrimaryStageWindow   - Window border size: (16.0, 39.0)
09:39:18.541 [JavaFX Application Thread] DEBUG PrimaryStageWindow   - Scaled size: 1280.0 x 720.0
09:39:18.541 [JavaFX Application Thread] DEBUG PrimaryStageWindow   - Scaled ratio: (1.0, 1.0)
09:39:18.541 [JavaFX Application Thread] DEBUG PrimaryStageWindow   - Scene size: 1280.0 x 720.0
09:39:18.541 [JavaFX Application Thread] DEBUG PrimaryStageWindow   - Stage size: 1296.0 x 759.0
09:39:18.551 [FXGL Background Thread 1 ] DEBUG Engine               - Initializing environment variables
09:39:18.607 [FXGL Background Thread 1 ] DEBUG FXGLAssetLoaderServi - User app class for loading assets: class hellofx.Main
09:39:18.607 [FXGL Background Thread 1 ] DEBUG GameApplicationServi - Applying CSS: fxgl_dark.css
09:39:18.607 [FXGL Background Thread 1 ] DEBUG FXGLAssetLoaderServi - Loading from file system: jar:file:/C:/Users/chaum/.m2/repository/com/github/almasb/fxgl/17.1/fxgl-17.1.jar!/fxglassets/ui/css/fxgl_dark.css
09:39:18.643 [FXGL Background Thread 1 ] DEBUG GameApplicationServi - Initializing application scenes
09:39:18.672 [FXGL Background Thread 1 ] DEBUG GameWorld            - Game world initialized
09:39:18.709 [FXGL Background Thread 1 ] DEBUG PhysicsWorld         - Physics world initialized: appHeight=720, physics.ppm=50.0
09:39:18.709 [FXGL Background Thread 1 ] DEBUG PhysicsWorld         - Using strategy: BRUTE_FORCE
09:39:18.712 [FXGL Background Thread 1 ] DEBUG GameScene            - Game scene initialized: 1280x720
09:39:18.764 [FXGL Background Thread 1 ] DEBUG GameApplicationServi - Application scenes initialized
09:39:18.773 [FXGL Background Thread 1 ] DEBUG SystemBundleService  - Loading FXGL system data
09:39:18.776 [FXGL Background Thread 1 ] DEBUG FileSystemAccess     - Reading from: E:\space_java\Game\game_datbom\system\fxgl.bundle
09:39:18.782 [FXGL Background Thread 1 ] DEBUG SystemBundleService  - Bundle FXGL: {}
09:39:18.782 [FXGL Background Thread 1 ] DEBUG UpdaterService       - Checking for updates
09:39:18.808 [FXGL Background Thread 4 ] DEBUG FXGLApplication      - Loading fonts
09:39:18.809 [FXGL Background Thread 1 ] DEBUG FXGLApplication      - Loading default localization
09:39:18.809 [FXGL Background Thread 4 ] DEBUG FXGLAssetLoaderServi - Loading from file system: jar:file:/C:/Users/chaum/.m2/repository/com/github/almasb/fxgl/17.1/fxgl-17.1.jar!/fxglassets/ui/fonts/VarelaRound-Regular.ttf
09:39:18.809 [FXGL Background Thread 1 ] DEBUG FXGLAssetLoaderServi - Loading from file system: jar:file:/C:/Users/chaum/.m2/repository/com/github/almasb/fxgl/17.1/fxgl-17.1.jar!/fxglassets/languages/english.lang
09:39:18.826 [FXGL Background Thread 1 ] INFO  FXGLApplication      - FXGL initialization took: 0.275 sec
09:39:18.836 [JavaFX Application Thread] DEBUG Input                - Registered new binding: action0 - F
09:39:18.837 [JavaFX Application Thread] DEBUG Input                - Registered new binding: Right - D
09:39:18.837 [JavaFX Application Thread] DEBUG Input                - Registered new binding: Left - A
09:39:18.837 [JavaFX Application Thread] DEBUG Input                - Registered new binding: Up - W
09:39:18.837 [JavaFX Application Thread] DEBUG Input                - Registered new binding: Down - S
09:39:18.837 [JavaFX Application Thread] DEBUG Input                - Registered new binding: Place boom - Space
09:39:18.838 [JavaFX Application Thread] DEBUG FXGLAssetLoaderServi - Loading from file system: file:/E:/space_java/Game/game_datbom/target/classes/assets/textures/icon/icon.png
09:39:18.892 [JavaFX Application Thread] DEBUG FXGLAssetLoaderServi - Loading from file system: file:/E:/space_java/Game/game_datbom/target/classes/assets/textures/cursor/cursor1.png
09:39:18.898 [FXGL Background Thread 4 ] DEBUG FXGLAssetLoaderServi - Loading from file system: jar:file:/C:/Users/chaum/.m2/repository/com/github/almasb/fxgl/17.1/fxgl-17.1.jar!/fxglassets/ui/fonts/Abel-Regular.ttf
09:39:18.900 [JavaFX Application Thread] DEBUG Input                - Registered new binding: Screenshot - CTRL+8
09:39:18.901 [JavaFX Application Thread] DEBUG Input                - Registered new binding: Dev Options - 1
09:39:18.901 [JavaFX Application Thread] DEBUG Input                - Registered new binding: Dev Console - 2
09:39:18.901 [JavaFX Application Thread] DEBUG Input                - Registered new binding: System info dump - CTRL+9
09:39:18.902 [JavaFX Application Thread] DEBUG Input                - Registered new binding: Restart - CTRL+R
09:39:18.902 [JavaFX Application Thread] DEBUG Input                - Registered new binding: Toggle Debug Camera - CTRL+7
09:39:18.905 [JavaFX Application Thread] DEBUG LoopRunner           - Starting loop
09:39:18.911 [FXGL Background Thread 4 ] DEBUG FXGLAssetLoaderServi - Loading from file system: jar:file:/C:/Users/chaum/.m2/repository/com/github/almasb/fxgl/17.1/fxgl-17.1.jar!/fxglassets/ui/fonts/TerminalLandMono-Regular.otf
09:39:18.924 [JavaFX Application Thread] DEBUG LoopRunner           - Initializing JavaFX AnimationTimerLoop
09:39:18.926 [JavaFX Application Thread] DEBUG Input                - Clearing active input actions
09:39:18.932 [JavaFX Application Thread] DEBUG GameApplicationServi - Removing overlay from FXGLStartupScene and adding to FXGLMainMenuDummyScene
09:39:18.936 [JavaFX Application Thread] DEBUG PrimaryStageWindow   - FXGLStartupScene -> FXGLMainMenuDummyScene
09:39:18.936 [JavaFX Application Thread] DEBUG PrimaryStageWindow   - Push state: MainMenu
09:39:18.937 [JavaFX Application Thread] DEBUG Input                - Clearing active input actions
09:39:18.941 [JavaFX Application Thread] DEBUG GameApplicationServi - Removing overlay from FXGLMainMenuDummyScene and adding to MainMenu
09:39:18.941 [JavaFX Application Thread] DEBUG PrimaryStageWindow   - FXGLMainMenuDummyScene -> MainMenu
09:39:18.940 [FXGL Background Thread 4 ] DEBUG FXGLAssetLoaderServi - Loading from file system: jar:file:/C:/Users/chaum/.m2/repository/com/github/almasb/fxgl/17.1/fxgl-17.1.jar!/fxglassets/ui/fonts/Courier-Prime.ttf
09:39:19.081 [JavaFX Application Thread] DEBUG FXGLApplication      - Registering font factories with UI factory
09:39:19.176 [FXGL Background Thread 2 ] WARN  UpdaterService       - Failed to find updates: javax.net.ssl.SSLHandshakeException: No subject alternative DNS name matching raw.githubusercontent.com found.
09:39:21.808 [FXGL Background Thread 3 ] DEBUG Engine               - Logging environment variables
09:39:21.809 [FXGL Background Thread 3 ] DEBUG Engine               - achievements: []
09:39:21.809 [FXGL Background Thread 3 ] DEBUG Engine               - actualHeight: 720.0
09:39:21.809 [FXGL Background Thread 3 ] DEBUG Engine               - actualHeightProperty: ReadOnlyDoubleProperty [value: 720.0]
09:39:21.809 [FXGL Background Thread 3 ] DEBUG Engine               - actualWidth: 1280.0
09:39:21.810 [FXGL Background Thread 3 ] DEBUG Engine               - actualWidthProperty: ReadOnlyDoubleProperty [value: 1280.0]
09:39:21.810 [FXGL Background Thread 3 ] DEBUG Engine               - appIcon: icon/icon.png
09:39:21.810 [FXGL Background Thread 3 ] DEBUG Engine               - applicationMode: DEVELOPER
09:39:21.810 [FXGL Background Thread 3 ] DEBUG Engine               - cSSList: [fxgl_dark.css]
09:39:21.810 [FXGL Background Thread 3 ] DEBUG Engine               - collisionDetectionStrategy: BRUTE_FORCE
09:39:21.810 [FXGL Background Thread 3 ] DEBUG Engine               - configClass: Optional.empty
09:39:21.810 [FXGL Background Thread 3 ] DEBUG Engine               - credits: []
09:39:21.812 [FXGL Background Thread 3 ] DEBUG Engine               - defaultCursor: CursorInfo(imageName=cursor/cursor1.png, hotspotX=0.0, hotspotY=0.0)
09:39:21.812 [FXGL Background Thread 3 ] DEBUG Engine               - devBBoxColorProperty: ObjectProperty [value: 0xff0000ff]
09:39:21.813 [FXGL Background Thread 3 ] DEBUG Engine               - devEnableDebugCameraProperty: BooleanProperty [value: false]
09:39:21.813 [FXGL Background Thread 3 ] DEBUG Engine               - devSensorColorProperty: ObjectProperty [value: 0xffff00ff]
09:39:21.813 [FXGL Background Thread 3 ] DEBUG Engine               - devShowBBoxProperty: BooleanProperty [value: false]
09:39:21.813 [FXGL Background Thread 3 ] DEBUG Engine               - devShowPositionProperty: BooleanProperty [value: false]
09:39:21.813 [FXGL Background Thread 3 ] DEBUG Engine               - enabledMenuItems: []
09:39:21.813 [FXGL Background Thread 3 ] DEBUG Engine               - engineServices: [class com.almasb.fxgl.app.services.FXGLAssetLoaderService, class com.almasb.fxgl.app.FXGLApplication$GameApplicationService, class com.almasb.fxgl.app.services.FXGLDialogService, class com.almasb.fxgl.app.services.IOTaskExecutorService, class com.almasb.fxgl.io.FileSystemService, class com.almasb.fxgl.localization.LocalizationService, class com.almasb.fxgl.app.services.SystemBundleService, class com.almasb.fxgl.profile.SaveLoadService, class com.almasb.fxgl.ui.FXGLUIFactoryServiceProvider, class com.almasb.fxgl.ui.FXGLDialogFactoryServiceProvider, class com.almasb.fxgl.audio.AudioPlayer, class com.almasb.fxgl.notification.impl.NotificationServiceProvider, class com.almasb.fxgl.achievement.AchievementService, class com.almasb.fxgl.cutscene.CutsceneService, class com.almasb.fxgl.minigames.MiniGameService, class com.almasb.fxgl.net.NetService, class com.almasb.fxgl.app.services.UpdaterService, class com.almasb.fxgl.dev.DevService]
09:39:21.814 [FXGL Background Thread 3 ] DEBUG Engine               - fontGame: Abel-Regular.ttf
09:39:21.814 [FXGL Background Thread 3 ] DEBUG Engine               - fontMono: TerminalLandMono-Regular.otf
09:39:21.814 [FXGL Background Thread 3 ] DEBUG Engine               - fontText: Courier-Prime.ttf
09:39:21.814 [FXGL Background Thread 3 ] DEBUG Engine               - fontUI: VarelaRound-Regular.ttf
09:39:21.814 [FXGL Background Thread 3 ] DEBUG Engine               - fullScreen: BooleanProperty [value: false]
09:39:21.814 [FXGL Background Thread 3 ] DEBUG Engine               - gameDifficulty: MEDIUM
09:39:21.814 [FXGL Background Thread 3 ] DEBUG Engine               - gameDifficultyProperty: ObjectProperty [value: MEDIUM]
09:39:21.814 [FXGL Background Thread 3 ] DEBUG Engine               - globalMusicVolume: 0.5
09:39:21.814 [FXGL Background Thread 3 ] DEBUG Engine               - globalMusicVolumeProperty: DoubleProperty [value: 0.5]
09:39:21.814 [FXGL Background Thread 3 ] DEBUG Engine               - globalSoundVolume: 0.5
09:39:21.815 [FXGL Background Thread 3 ] DEBUG Engine               - globalSoundVolumeProperty: DoubleProperty [value: 0.5]
09:39:21.815 [FXGL Background Thread 3 ] DEBUG Engine               - height: 720
09:39:21.815 [FXGL Background Thread 3 ] DEBUG Engine               - is3D: false
09:39:21.815 [FXGL Background Thread 3 ] DEBUG Engine               - isAndroid: false
09:39:21.815 [FXGL Background Thread 3 ] DEBUG Engine               - isBrowser: false
09:39:21.815 [FXGL Background Thread 3 ] DEBUG Engine               - isClickFeedbackEnabled: false
09:39:21.815 [FXGL Background Thread 3 ] DEBUG Engine               - isCloseConfirmation: false
09:39:21.815 [FXGL Background Thread 3 ] DEBUG Engine               - isDesktop: true
09:39:21.815 [FXGL Background Thread 3 ] DEBUG Engine               - isDeveloperMenuEnabled: true
09:39:21.815 [FXGL Background Thread 3 ] DEBUG Engine               - isEmbedded: false
09:39:21.815 [FXGL Background Thread 3 ] DEBUG Engine               - isEntityPreloadEnabled: true
09:39:21.815 [FXGL Background Thread 3 ] DEBUG Engine               - isExperimentalTiledLargeMap: false
09:39:21.816 [FXGL Background Thread 3 ] DEBUG Engine               - isFileSystemWriteAllowed: true
09:39:21.816 [FXGL Background Thread 3 ] DEBUG Engine               - isFullScreenAllowed: false
09:39:21.816 [FXGL Background Thread 3 ] DEBUG Engine               - isFullScreenFromStart: false
09:39:21.816 [FXGL Background Thread 3 ] DEBUG Engine               - isGameMenuEnabled: true
09:39:21.816 [FXGL Background Thread 3 ] DEBUG Engine               - isIOS: false
09:39:21.816 [FXGL Background Thread 3 ] DEBUG Engine               - isIntroEnabled: false
09:39:21.816 [FXGL Background Thread 3 ] DEBUG Engine               - isLinux: false
09:39:21.816 [FXGL Background Thread 3 ] DEBUG Engine               - isMac: false
09:39:21.816 [FXGL Background Thread 3 ] DEBUG Engine               - isMainMenuEnabled: true
09:39:21.817 [FXGL Background Thread 3 ] DEBUG Engine               - isManualResizeEnabled: false
09:39:21.817 [FXGL Background Thread 3 ] DEBUG Engine               - isMobile: false
09:39:21.817 [FXGL Background Thread 3 ] DEBUG Engine               - isNative: false
09:39:21.817 [FXGL Background Thread 3 ] DEBUG Engine               - isPauseMusicWhenMinimized: true
09:39:21.817 [FXGL Background Thread 3 ] DEBUG Engine               - isPreserveResizeRatio: false
09:39:21.817 [FXGL Background Thread 3 ] DEBUG Engine               - isProfilingEnabled: false
09:39:21.817 [FXGL Background Thread 3 ] DEBUG Engine               - isScaleAffectedOnResize: true
09:39:21.817 [FXGL Background Thread 3 ] DEBUG Engine               - isSingleStep: false
09:39:21.817 [FXGL Background Thread 3 ] DEBUG Engine               - isUserProfileEnabled: false
09:39:21.817 [FXGL Background Thread 3 ] DEBUG Engine               - isWindows: true
09:39:21.817 [FXGL Background Thread 3 ] DEBUG Engine               - language: ObjectProperty [value: ENGLISH]
09:39:21.817 [FXGL Background Thread 3 ] DEBUG Engine               - menuKey: ESCAPE
09:39:21.817 [FXGL Background Thread 3 ] DEBUG Engine               - mouseSensitivity: 0.2
09:39:21.817 [FXGL Background Thread 3 ] DEBUG Engine               - notificationViewClass: class com.almasb.fxgl.notification.view.XboxNotificationView
09:39:21.818 [FXGL Background Thread 3 ] DEBUG Engine               - pixelsPerMeter: 50.0
09:39:21.818 [FXGL Background Thread 3 ] DEBUG Engine               - platform: WINDOWS
09:39:21.818 [FXGL Background Thread 3 ] DEBUG Engine               - prefHeightProperty: ReadOnlyDoubleProperty [value: 720.0]
09:39:21.818 [FXGL Background Thread 3 ] DEBUG Engine               - prefWidthProperty: ReadOnlyDoubleProperty [value: 1280.0]
09:39:21.818 [FXGL Background Thread 3 ] DEBUG Engine               - profileDir: profiles/
09:39:21.818 [FXGL Background Thread 3 ] DEBUG Engine               - profileName: StringProperty [value: DEFAULT]
09:39:21.818 [FXGL Background Thread 3 ] DEBUG Engine               - randomSeed: -1
09:39:21.818 [FXGL Background Thread 3 ] DEBUG Engine               - runtimeInfo: RuntimeInfo(platform=WINDOWS, version=17.1, build=24.03.2022 17.34)
09:39:21.819 [FXGL Background Thread 3 ] DEBUG Engine               - saveFileExt: sav
09:39:21.819 [FXGL Background Thread 3 ] DEBUG Engine               - scaledHeightProp$fxgl: DoubleProperty [bound, value: 720.0]
09:39:21.819 [FXGL Background Thread 3 ] DEBUG Engine               - scaledWidthProp$fxgl: DoubleProperty [bound, value: 1280.0]
09:39:21.819 [FXGL Background Thread 3 ] DEBUG Engine               - sceneFactory: hellofx.Main$1@76b2e2d0
09:39:21.819 [FXGL Background Thread 3 ] DEBUG Engine               - secondsIn24h: 60
09:39:21.819 [FXGL Background Thread 3 ] DEBUG Engine               - soundMenuBack: menu/back.wav
09:39:21.819 [FXGL Background Thread 3 ] DEBUG Engine               - soundMenuPress: menu/press.wav
09:39:21.819 [FXGL Background Thread 3 ] DEBUG Engine               - soundMenuSelect: menu/select.wav
09:39:21.819 [FXGL Background Thread 3 ] DEBUG Engine               - soundNotification: core/notification.wav
09:39:21.819 [FXGL Background Thread 3 ] DEBUG Engine               - stageStyle: DECORATED
09:39:21.820 [FXGL Background Thread 3 ] DEBUG Engine               - supportedLanguages: [ENGLISH, FRENCH, GERMAN, HUNGARIAN, RUSSIAN]
09:39:21.820 [FXGL Background Thread 3 ] DEBUG Engine               - ticksPerSecond: -1
09:39:21.820 [FXGL Background Thread 3 ] DEBUG Engine               - title: Bomberman
09:39:21.820 [FXGL Background Thread 3 ] DEBUG Engine               - urlGithub: https://github.com/AlmasB/FXGL
09:39:21.820 [FXGL Background Thread 3 ] DEBUG Engine               - urlLeaderboard: http://fxgl-top.herokuapp.com/
09:39:21.820 [FXGL Background Thread 3 ] DEBUG Engine               - urlPOM: https://raw.githubusercontent.com/AlmasB/FXGL/release/README.md
09:39:21.820 [FXGL Background Thread 3 ] DEBUG Engine               - userAppClass: class hellofx.Main
09:39:21.820 [FXGL Background Thread 3 ] DEBUG Engine               - version: 1.0
09:39:21.820 [FXGL Background Thread 3 ] DEBUG Engine               - versionCheckDays: 7
09:39:21.820 [FXGL Background Thread 3 ] DEBUG Engine               - width: 1280
09:39:21.820 [FXGL Background Thread 3 ] DEBUG Engine               - Logging services
09:39:21.820 [FXGL Background Thread 3 ] DEBUG Engine               - class com.almasb.fxgl.app.services.FXGLAssetLoaderService
09:39:21.820 [FXGL Background Thread 3 ] DEBUG Engine               - class com.almasb.fxgl.app.FXGLApplication$GameApplicationService
09:39:21.820 [FXGL Background Thread 3 ] DEBUG Engine               - class com.almasb.fxgl.app.services.FXGLDialogService
09:39:21.820 [FXGL Background Thread 3 ] DEBUG Engine               - class com.almasb.fxgl.app.services.IOTaskExecutorService
09:39:21.820 [FXGL Background Thread 3 ] DEBUG Engine               - class com.almasb.fxgl.io.FileSystemService
09:39:21.820 [FXGL Background Thread 3 ] DEBUG Engine               - class com.almasb.fxgl.localization.LocalizationService
09:39:21.820 [FXGL Background Thread 3 ] DEBUG Engine               - class com.almasb.fxgl.app.services.SystemBundleService
09:39:21.821 [FXGL Background Thread 3 ] DEBUG Engine               - class com.almasb.fxgl.profile.SaveLoadService
09:39:21.821 [FXGL Background Thread 3 ] DEBUG Engine               - class com.almasb.fxgl.ui.FXGLUIFactoryServiceProvider
09:39:21.821 [FXGL Background Thread 3 ] DEBUG Engine               - class com.almasb.fxgl.ui.FXGLDialogFactoryServiceProvider
09:39:21.821 [FXGL Background Thread 3 ] DEBUG Engine               - class com.almasb.fxgl.audio.AudioPlayer
09:39:21.821 [FXGL Background Thread 3 ] DEBUG Engine               - class com.almasb.fxgl.notification.impl.NotificationServiceProvider
09:39:21.821 [FXGL Background Thread 3 ] DEBUG Engine               - class com.almasb.fxgl.achievement.AchievementService
09:39:21.821 [FXGL Background Thread 3 ] DEBUG Engine               - class com.almasb.fxgl.cutscene.CutsceneService
09:39:21.821 [FXGL Background Thread 3 ] DEBUG Engine               - class com.almasb.fxgl.minigames.MiniGameService
09:39:21.821 [FXGL Background Thread 3 ] DEBUG Engine               - class com.almasb.fxgl.net.NetService
09:39:21.821 [FXGL Background Thread 3 ] DEBUG Engine               - class com.almasb.fxgl.app.services.UpdaterService
09:39:21.821 [FXGL Background Thread 3 ] DEBUG Engine               - class com.almasb.fxgl.dev.DevService
09:39:23.850 [JavaFX Application Thread] DEBUG Menu                 - fireNewGame()
09:39:23.851 [JavaFX Application Thread] DEBUG GameApplicationServi - Starting new game
09:39:23.851 [JavaFX Application Thread] DEBUG PrimaryStageWindow   - Pop state: MainMenu
09:39:23.851 [JavaFX Application Thread] DEBUG Input                - Clearing active input actions
09:39:23.853 [JavaFX Application Thread] DEBUG GameApplicationServi - Removing overlay from MainMenu and adding to FXGLMainMenuDummyScene
09:39:23.855 [JavaFX Application Thread] DEBUG PrimaryStageWindow   - FXGLMainMenuDummyScene <- MainMenu
09:39:23.855 [JavaFX Application Thread] DEBUG Input                - Clearing active input actions
09:39:23.859 [JavaFX Application Thread] DEBUG GameApplicationServi - Removing overlay from FXGLMainMenuDummyScene and adding to FXGLLoadingScene
09:39:23.859 [JavaFX Application Thread] DEBUG PrimaryStageWindow   - FXGLMainMenuDummyScene -> FXGLLoadingScene
09:39:23.859 [JavaFX Application Thread] DEBUG GameApplicationServi - Clearing previous game
09:39:23.859 [JavaFX Application Thread] DEBUG GameScene            - Clearing game scene
09:39:23.859 [JavaFX Application Thread] DEBUG GameWorld            - Clearing game world
09:39:23.859 [JavaFX Application Thread] DEBUG PhysicsWorld         - Clearing physics world
09:39:23.865 [FXGL Background Thread 2 ] DEBUG FXGLApplication      - Initializing game
09:39:23.900 [FXGL Background Thread 2 ] DEBUG FXGLAssetLoaderServi - Loading from file system: file:/E:/space_java/Game/game_datbom/target/classes/assets/textures/mapTexture/wall.png
09:39:23.940 [FXGL Background Thread 2 ] DEBUG FXGLAssetLoaderServi - Loading from file system: file:/E:/space_java/Game/game_datbom/target/classes/assets/textures/mapTexture/brick.png
09:39:23.982 [FXGL Background Thread 2 ] DEBUG FXGLAssetLoaderServi - Loading from file system: file:/E:/space_java/Game/game_datbom/target/classes/assets/textures/character/gold_player_up.png
09:39:23.984 [FXGL Background Thread 2 ] DEBUG FXGLAssetLoaderServi - Loading from file system: file:/E:/space_java/Game/game_datbom/target/classes/assets/textures/character/gold_player_down.png
09:39:23.986 [FXGL Background Thread 2 ] DEBUG FXGLAssetLoaderServi - Loading from file system: file:/E:/space_java/Game/game_datbom/target/classes/assets/textures/character/gold_player_left.png
09:39:23.987 [FXGL Background Thread 2 ] DEBUG FXGLAssetLoaderServi - Loading from file system: file:/E:/space_java/Game/game_datbom/target/classes/assets/textures/character/gold_player_right.png
09:39:23.995 [FXGL Background Thread 2 ] WARN  Entity               - Entity already has component: com.almasb.fxgl.entity.components.CollidableComponent
09:39:23.997 [FXGL Background Thread 2 ] INFO  FXGLApplication      - Game initialization took: 0.132 sec
09:39:24.009 [JavaFX Application Thread] DEBUG Input                - Clearing active input actions
09:39:24.014 [JavaFX Application Thread] DEBUG GameApplicationServi - Removing overlay from FXGLLoadingScene and adding to GameScene
09:39:24.017 [JavaFX Application Thread] DEBUG PrimaryStageWindow   - FXGLLoadingScene -> GameScene
09:39:24.877 [JavaFX Application Thread] DEBUG FXGLAssetLoaderServi - Loading from file system: file:/E:/space_java/Game/game_datbom/target/classes/assets/textures/character%5cbomb.png
09:39:24.882 [JavaFX Application Thread] DEBUG FXGLAssetLoaderServi - Loading from file system: file:/E:/space_java/Game/game_datbom/target/classes/assets/textures/flame%5cleft_flame.png
09:39:24.883 [JavaFX Application Thread] DEBUG FXGLAssetLoaderServi - Loading from file system: file:/E:/space_java/Game/game_datbom/target/classes/assets/textures/flame%5cup_flame.png
09:39:24.885 [JavaFX Application Thread] DEBUG FXGLAssetLoaderServi - Loading from file system: file:/E:/space_java/Game/game_datbom/target/classes/assets/textures/flame%5ccentral_flame.png
09:39:29.826 [JavaFX Application Thread] DEBUG LoopRunner           - Stopping loop
09:39:29.828 [JavaFX Application Thread] FATAL FXGLApplication      - Uncaught Exception:
java.lang.IllegalArgumentException: Component AnimationComponent not found!
	at com.almasb.fxgl.entity.Entity.getComponent(Entity.java:366)
	at hellofx.Main$3.onAction(Main.java:126)
	at com.almasb.fxgl.input.UserAction.action$fxgl_core(UserAction.kt:38)
	at com.almasb.fxgl.input.Input.update(Input.kt:271)
	at com.almasb.fxgl.scene.Scene.update(Scene.kt:103)
	at com.almasb.fxgl.app.MainWindow$update$1.invoke(MainWindow.kt:115)
	at com.almasb.fxgl.app.MainWindow$update$1.invoke(MainWindow.kt:115)
	at com.almasb.fxgl.core.fsm.StateMachine.runOnActiveStates(StateMachine.kt:69)
	at com.almasb.fxgl.app.MainWindow.update(MainWindow.kt:115)
	at com.almasb.fxgl.app.FXGLApplication$GameApplicationService.onUpdate(FXGLApplication.kt:426)
	at com.almasb.fxgl.app.Engine.loop(Engine.kt:134)
	at com.almasb.fxgl.app.Engine.access$loop(Engine.kt:24)
	at com.almasb.fxgl.app.Engine$loop$1.invoke(Engine.kt:28)
	at com.almasb.fxgl.app.Engine$loop$1.invoke(Engine.kt:28)
	at com.almasb.fxgl.app.LoopRunner.frame(LoopRunner.kt:103)
	at com.almasb.fxgl.app.LoopRunner.access$frame(LoopRunner.kt:23)
	at com.almasb.fxgl.app.LoopRunner$impl$2$1.onTick(LoopRunner.kt:57)
	at com.almasb.fxgl.app.AnimationTimerLoop$timer$1.handle(LoopRunner.kt:137)
	at javafx.animation.AnimationTimer$AnimationTimerReceiver.lambda$handle$0(AnimationTimer.java:58)
	at java.base/java.security.AccessController.doPrivileged(AccessController.java:399)
	at javafx.animation.AnimationTimer$AnimationTimerReceiver.handle(AnimationTimer.java:57)
	at com.sun.scenario.animation.AbstractPrimaryTimer.timePulseImpl(AbstractPrimaryTimer.java:356)
	at com.sun.scenario.animation.AbstractPrimaryTimer$MainLoop.run(AbstractPrimaryTimer.java:266)
	at com.sun.javafx.tk.quantum.QuantumToolkit.pulse(QuantumToolkit.java:571)
	at com.sun.javafx.tk.quantum.QuantumToolkit.pulse(QuantumToolkit.java:555)
	at com.sun.javafx.tk.quantum.QuantumToolkit.pulseFromQueue(QuantumToolkit.java:548)
	at com.sun.javafx.tk.quantum.QuantumToolkit.lambda$runToolkit$11(QuantumToolkit.java:352)
	at com.sun.glass.ui.InvokeLaterDispatcher$Future.run(InvokeLaterDispatcher.java:96)
	at com.sun.glass.ui.win.WinApplication._runLoop(Native Method)
	at com.sun.glass.ui.win.WinApplication.lambda$runLoop$3(WinApplication.java:184)
	at java.base/java.lang.Thread.run(Thread.java:833)

09:39:29.828 [JavaFX Application Thread] FATAL FXGLApplication      - Application will now exit
09:39:29.833 [JavaFX Application Thread] DEBUG PrimaryStageWindow   - Push state: ErrorSubScene
09:39:29.833 [JavaFX Application Thread] DEBUG Input                - Clearing active input actions
09:39:33.632 [JavaFX Application Thread] DEBUG FXGLApplication      - Exiting FXGL
09:39:33.632 [JavaFX Application Thread] DEBUG Async                - Shutting down background threads
09:39:33.633 [JavaFX Application Thread] DEBUG PrimaryStageWindow   - Closing main window
09:39:33.664 [JavaFX Application Thread] DEBUG Logger               - Closing Logger
