21:38:24.468 [main                     ] DEBUG Logger               - Configured Logger
21:38:24.486 [main                     ] DEBUG GameApplication      - Logging settings
Title: Bomberman
Version: 1.0
Width: 1280
Height: 720
Fullscreen: false
Intro: false
Profiling: false
Single step:false
App Mode: DEVELOPER
Menu Key: ESCAPE
Stage Style: DECORATED
Scene Factory: class hellofx.Main$1

21:38:24.587 [JavaFX Application Thread] DEBUG FXGLApplication      - Initializing FXGL
21:38:24.591 [JavaFX Application Thread] INFO  Engine               - FXGL-17.1 (24.03.2022 17.34) on WINDOWS (J:18.0.2.1 FX:18)
21:38:24.593 [JavaFX Application Thread] DEBUG Engine               - JRE Vendor Name: Oracle Corporation
21:38:24.593 [JavaFX Application Thread] DEBUG Engine               - Running on OS: Windows 11 version 10.0
21:38:24.593 [JavaFX Application Thread] DEBUG Engine               - Architecture: amd64
21:38:24.593 [JavaFX Application Thread] INFO  Engine               - Source code and latest versions at: https://github.com/AlmasB/FXGL
21:38:24.593 [JavaFX Application Thread] INFO  Engine               -       Ask questions and discuss at: https://github.com/AlmasB/FXGL/discussions
21:38:24.593 [JavaFX Application Thread] INFO  Engine               -              Join the FXGL chat at: https://gitter.im/AlmasB/FXGL
21:38:24.637 [JavaFX Application Thread] DEBUG PrimaryStageWindow   - Creating a JavaFX scene
21:38:24.677 [JavaFX Application Thread] DEBUG PrimaryStageWindow   - Target settings size: 1280.0 x 720.0
21:38:24.678 [JavaFX Application Thread] DEBUG PrimaryStageWindow   - Scaled scene size:    1280.0 x 720.0
21:38:24.678 [JavaFX Application Thread] DEBUG PrimaryStageWindow   - Scaled ratio: (1.0, 1.0)
21:38:24.679 [JavaFX Application Thread] DEBUG PrimaryStageWindow   - Set initial scene to FXGLStartupScene
21:38:24.686 [JavaFX Application Thread] DEBUG PrimaryStageWindow   - Opening main window
21:38:24.762 [JavaFX Application Thread] DEBUG PrimaryStageWindow   - Window border size: (16.0, 39.0)
21:38:24.762 [JavaFX Application Thread] DEBUG PrimaryStageWindow   - Scaled size: 1280.0 x 720.0
21:38:24.763 [JavaFX Application Thread] DEBUG PrimaryStageWindow   - Scaled ratio: (1.0, 1.0)
21:38:24.763 [JavaFX Application Thread] DEBUG PrimaryStageWindow   - Scene size: 1280.0 x 720.0
21:38:24.763 [JavaFX Application Thread] DEBUG PrimaryStageWindow   - Stage size: 1296.0 x 759.0
21:38:24.771 [FXGL Background Thread 1 ] DEBUG Engine               - Initializing environment variables
21:38:24.832 [FXGL Background Thread 1 ] DEBUG FXGLAssetLoaderServi - User app class for loading assets: class hellofx.Main
21:38:24.832 [FXGL Background Thread 1 ] DEBUG GameApplicationServi - Applying CSS: fxgl_dark.css
21:38:24.833 [FXGL Background Thread 1 ] DEBUG FXGLAssetLoaderServi - Loading from file system: jar:file:/C:/Users/chaum/.m2/repository/com/github/almasb/fxgl/17.1/fxgl-17.1.jar!/fxglassets/ui/css/fxgl_dark.css
21:38:24.868 [FXGL Background Thread 1 ] DEBUG GameApplicationServi - Initializing application scenes
21:38:24.905 [FXGL Background Thread 1 ] DEBUG GameWorld            - Game world initialized
21:38:24.945 [FXGL Background Thread 1 ] DEBUG PhysicsWorld         - Physics world initialized: appHeight=720, physics.ppm=50.0
21:38:24.946 [FXGL Background Thread 1 ] DEBUG PhysicsWorld         - Using strategy: BRUTE_FORCE
21:38:24.949 [FXGL Background Thread 1 ] DEBUG GameScene            - Game scene initialized: 1280x720
21:38:25.006 [FXGL Background Thread 1 ] DEBUG GameApplicationServi - Application scenes initialized
21:38:25.015 [FXGL Background Thread 1 ] DEBUG SystemBundleService  - Loading FXGL system data
21:38:25.019 [FXGL Background Thread 1 ] DEBUG FileSystemAccess     - Reading from: E:\space_java\Game\game_datbom\system\fxgl.bundle
21:38:25.026 [FXGL Background Thread 1 ] DEBUG SystemBundleService  - Bundle FXGL: {}
21:38:25.026 [FXGL Background Thread 1 ] DEBUG UpdaterService       - Checking for updates
21:38:25.057 [FXGL Background Thread 4 ] DEBUG FXGLApplication      - Loading fonts
21:38:25.057 [FXGL Background Thread 1 ] DEBUG FXGLApplication      - Loading default localization
21:38:25.058 [FXGL Background Thread 4 ] DEBUG FXGLAssetLoaderServi - Loading from file system: jar:file:/C:/Users/chaum/.m2/repository/com/github/almasb/fxgl/17.1/fxgl-17.1.jar!/fxglassets/ui/fonts/VarelaRound-Regular.ttf
21:38:25.058 [FXGL Background Thread 1 ] DEBUG FXGLAssetLoaderServi - Loading from file system: jar:file:/C:/Users/chaum/.m2/repository/com/github/almasb/fxgl/17.1/fxgl-17.1.jar!/fxglassets/languages/english.lang
21:38:25.084 [FXGL Background Thread 1 ] INFO  FXGLApplication      - FXGL initialization took: 0.313 sec
21:38:25.099 [JavaFX Application Thread] DEBUG Input                - Registered new binding: action0 - F
21:38:25.099 [JavaFX Application Thread] DEBUG Input                - Registered new binding: Right - D
21:38:25.100 [JavaFX Application Thread] DEBUG Input                - Registered new binding: Left - A
21:38:25.100 [JavaFX Application Thread] DEBUG Input                - Registered new binding: Up - W
21:38:25.100 [JavaFX Application Thread] DEBUG Input                - Registered new binding: Down - S
21:38:25.100 [JavaFX Application Thread] DEBUG Input                - Registered new binding: Place boom - Space
21:38:25.100 [JavaFX Application Thread] DEBUG FXGLAssetLoaderServi - Loading from file system: file:/E:/space_java/Game/game_datbom/target/classes/assets/textures/icon/icon.png
21:38:25.139 [FXGL Background Thread 4 ] DEBUG FXGLAssetLoaderServi - Loading from file system: jar:file:/C:/Users/chaum/.m2/repository/com/github/almasb/fxgl/17.1/fxgl-17.1.jar!/fxglassets/ui/fonts/Abel-Regular.ttf
21:38:25.143 [FXGL Background Thread 4 ] DEBUG FXGLAssetLoaderServi - Loading from file system: jar:file:/C:/Users/chaum/.m2/repository/com/github/almasb/fxgl/17.1/fxgl-17.1.jar!/fxglassets/ui/fonts/TerminalLandMono-Regular.otf
21:38:25.147 [FXGL Background Thread 4 ] DEBUG FXGLAssetLoaderServi - Loading from file system: jar:file:/C:/Users/chaum/.m2/repository/com/github/almasb/fxgl/17.1/fxgl-17.1.jar!/fxglassets/ui/fonts/Courier-Prime.ttf
21:38:25.153 [JavaFX Application Thread] DEBUG FXGLAssetLoaderServi - Loading from file system: file:/E:/space_java/Game/game_datbom/target/classes/assets/textures/cursor/cursor1.png
21:38:25.161 [JavaFX Application Thread] DEBUG Input                - Registered new binding: Screenshot - CTRL+8
21:38:25.162 [JavaFX Application Thread] DEBUG Input                - Registered new binding: Dev Options - 1
21:38:25.162 [JavaFX Application Thread] DEBUG Input                - Registered new binding: Dev Console - 2
21:38:25.164 [JavaFX Application Thread] DEBUG Input                - Registered new binding: System info dump - CTRL+9
21:38:25.164 [JavaFX Application Thread] DEBUG Input                - Registered new binding: Restart - CTRL+R
21:38:25.164 [JavaFX Application Thread] DEBUG Input                - Registered new binding: Toggle Debug Camera - CTRL+7
21:38:25.167 [JavaFX Application Thread] DEBUG LoopRunner           - Starting loop
21:38:25.184 [JavaFX Application Thread] DEBUG LoopRunner           - Initializing JavaFX AnimationTimerLoop
21:38:25.187 [JavaFX Application Thread] DEBUG Input                - Clearing active input actions
21:38:25.194 [JavaFX Application Thread] DEBUG GameApplicationServi - Removing overlay from FXGLStartupScene and adding to FXGLMainMenuDummyScene
21:38:25.198 [JavaFX Application Thread] DEBUG PrimaryStageWindow   - FXGLStartupScene -> FXGLMainMenuDummyScene
21:38:25.198 [JavaFX Application Thread] DEBUG PrimaryStageWindow   - Push state: MainMenu
21:38:25.198 [JavaFX Application Thread] DEBUG Input                - Clearing active input actions
21:38:25.202 [JavaFX Application Thread] DEBUG GameApplicationServi - Removing overlay from FXGLMainMenuDummyScene and adding to MainMenu
21:38:25.202 [JavaFX Application Thread] DEBUG PrimaryStageWindow   - FXGLMainMenuDummyScene -> MainMenu
21:38:25.209 [JavaFX Application Thread] DEBUG FXGLApplication      - Registering font factories with UI factory
21:38:26.037 [FXGL Background Thread 2 ] INFO  UpdaterService       - Your current version:  17.1
21:38:26.038 [FXGL Background Thread 2 ] INFO  UpdaterService       - Latest stable version: 17.2
21:38:26.320 [JavaFX Application Thread] DEBUG Menu                 - fireNewGame()
21:38:26.320 [JavaFX Application Thread] DEBUG GameApplicationServi - Starting new game
21:38:26.320 [JavaFX Application Thread] DEBUG PrimaryStageWindow   - Pop state: MainMenu
21:38:26.321 [JavaFX Application Thread] DEBUG Input                - Clearing active input actions
21:38:26.322 [JavaFX Application Thread] DEBUG GameApplicationServi - Removing overlay from MainMenu and adding to FXGLMainMenuDummyScene
21:38:26.323 [JavaFX Application Thread] DEBUG PrimaryStageWindow   - FXGLMainMenuDummyScene <- MainMenu
21:38:26.324 [JavaFX Application Thread] DEBUG Input                - Clearing active input actions
21:38:26.331 [JavaFX Application Thread] DEBUG GameApplicationServi - Removing overlay from FXGLMainMenuDummyScene and adding to FXGLLoadingScene
21:38:26.331 [JavaFX Application Thread] DEBUG PrimaryStageWindow   - FXGLMainMenuDummyScene -> FXGLLoadingScene
21:38:26.331 [JavaFX Application Thread] DEBUG GameApplicationServi - Clearing previous game
21:38:26.331 [JavaFX Application Thread] DEBUG GameScene            - Clearing game scene
21:38:26.331 [JavaFX Application Thread] DEBUG GameWorld            - Clearing game world
21:38:26.332 [JavaFX Application Thread] DEBUG PhysicsWorld         - Clearing physics world
21:38:26.333 [FXGL Background Thread 2 ] DEBUG FXGLApplication      - Initializing game
21:38:26.357 [FXGL Background Thread 2 ] DEBUG FXGLAssetLoaderServi - Loading from file system: file:/E:/space_java/Game/game_datbom/target/classes/assets/textures/mapTexture/grass.png
21:38:26.363 [FXGL Background Thread 2 ] DEBUG FXGLAssetLoaderServi - Loading from file system: file:/E:/space_java/Game/game_datbom/target/classes/assets/textures/mapTexture/wall.png
21:38:26.437 [FXGL Background Thread 2 ] DEBUG FXGLAssetLoaderServi - Loading from file system: file:/E:/space_java/Game/game_datbom/target/classes/assets/textures/gameItem/powerup_speed.png
21:38:26.441 [FXGL Background Thread 2 ] DEBUG FXGLAssetLoaderServi - Loading from file system: file:/E:/space_java/Game/game_datbom/target/classes/assets/textures/gameItem/powerup_flames.png
21:38:26.459 [FXGL Background Thread 2 ] DEBUG FXGLAssetLoaderServi - Loading from file system: file:/E:/space_java/Game/game_datbom/target/classes/assets/textures/mapTexture%5cbrick.png
21:38:26.464 [FXGL Background Thread 2 ] DEBUG FXGLAssetLoaderServi - Loading from file system: file:/E:/space_java/Game/game_datbom/target/classes/assets/textures/mapTexture%5cbrick_break.png
21:38:26.531 [FXGL Background Thread 2 ] DEBUG FXGLAssetLoaderServi - Loading from file system: file:/E:/space_java/Game/game_datbom/target/classes/assets/textures/mapTexture/portal.png
21:38:26.605 [FXGL Background Thread 2 ] DEBUG FXGLAssetLoaderServi - Loading from file system: file:/E:/space_java/Game/game_datbom/target/classes/assets/textures/character/gold_player_dead.png
21:38:26.606 [FXGL Background Thread 2 ] DEBUG FXGLAssetLoaderServi - Loading from file system: file:/E:/space_java/Game/game_datbom/target/classes/assets/textures/character/gold_player_down.png
21:38:26.607 [FXGL Background Thread 2 ] DEBUG FXGLAssetLoaderServi - Loading from file system: file:/E:/space_java/Game/game_datbom/target/classes/assets/textures/character/gold_player_up.png
21:38:26.608 [FXGL Background Thread 2 ] DEBUG FXGLAssetLoaderServi - Loading from file system: file:/E:/space_java/Game/game_datbom/target/classes/assets/textures/character/gold_player_left_temp.png
21:38:26.609 [FXGL Background Thread 2 ] DEBUG FXGLAssetLoaderServi - Loading from file system: file:/E:/space_java/Game/game_datbom/target/classes/assets/textures/character/gold_player_right_temp.png
21:38:26.611 [FXGL Background Thread 2 ] WARN  Entity               - Entity already has component: com.almasb.fxgl.entity.components.CollidableComponent
21:38:26.615 [FXGL Background Thread 2 ] INFO  FXGLApplication      - Game initialization took: 0.282 sec
21:38:26.628 [JavaFX Application Thread] DEBUG Input                - Clearing active input actions
21:38:26.641 [JavaFX Application Thread] DEBUG GameApplicationServi - Removing overlay from FXGLLoadingScene and adding to GameScene
21:38:26.643 [JavaFX Application Thread] DEBUG PrimaryStageWindow   - FXGLLoadingScene -> GameScene
21:38:28.055 [FXGL Background Thread 3 ] DEBUG Engine               - Logging environment variables
21:38:28.055 [FXGL Background Thread 3 ] DEBUG Engine               - achievements: []
21:38:28.056 [FXGL Background Thread 3 ] DEBUG Engine               - actualHeight: 720.0
21:38:28.056 [FXGL Background Thread 3 ] DEBUG Engine               - actualHeightProperty: ReadOnlyDoubleProperty [value: 720.0]
21:38:28.056 [FXGL Background Thread 3 ] DEBUG Engine               - actualWidth: 1280.0
21:38:28.056 [FXGL Background Thread 3 ] DEBUG Engine               - actualWidthProperty: ReadOnlyDoubleProperty [value: 1280.0]
21:38:28.056 [FXGL Background Thread 3 ] DEBUG Engine               - appIcon: icon/icon.png
21:38:28.056 [FXGL Background Thread 3 ] DEBUG Engine               - applicationMode: DEVELOPER
21:38:28.056 [FXGL Background Thread 3 ] DEBUG Engine               - cSSList: [fxgl_dark.css]
21:38:28.056 [FXGL Background Thread 3 ] DEBUG Engine               - collisionDetectionStrategy: BRUTE_FORCE
21:38:28.056 [FXGL Background Thread 3 ] DEBUG Engine               - configClass: Optional.empty
21:38:28.057 [FXGL Background Thread 3 ] DEBUG Engine               - credits: []
21:38:28.058 [FXGL Background Thread 3 ] DEBUG Engine               - defaultCursor: CursorInfo(imageName=cursor/cursor1.png, hotspotX=0.0, hotspotY=0.0)
21:38:28.058 [FXGL Background Thread 3 ] DEBUG Engine               - devBBoxColorProperty: ObjectProperty [value: 0xff0000ff]
21:38:28.058 [FXGL Background Thread 3 ] DEBUG Engine               - devEnableDebugCameraProperty: BooleanProperty [value: false]
21:38:28.058 [FXGL Background Thread 3 ] DEBUG Engine               - devSensorColorProperty: ObjectProperty [value: 0xffff00ff]
21:38:28.058 [FXGL Background Thread 3 ] DEBUG Engine               - devShowBBoxProperty: BooleanProperty [value: false]
21:38:28.058 [FXGL Background Thread 3 ] DEBUG Engine               - devShowPositionProperty: BooleanProperty [value: false]
21:38:28.059 [FXGL Background Thread 3 ] DEBUG Engine               - enabledMenuItems: []
21:38:28.059 [FXGL Background Thread 3 ] DEBUG Engine               - engineServices: [class com.almasb.fxgl.app.services.FXGLAssetLoaderService, class com.almasb.fxgl.app.FXGLApplication$GameApplicationService, class com.almasb.fxgl.app.services.FXGLDialogService, class com.almasb.fxgl.app.services.IOTaskExecutorService, class com.almasb.fxgl.io.FileSystemService, class com.almasb.fxgl.localization.LocalizationService, class com.almasb.fxgl.app.services.SystemBundleService, class com.almasb.fxgl.profile.SaveLoadService, class com.almasb.fxgl.ui.FXGLUIFactoryServiceProvider, class com.almasb.fxgl.ui.FXGLDialogFactoryServiceProvider, class com.almasb.fxgl.audio.AudioPlayer, class com.almasb.fxgl.notification.impl.NotificationServiceProvider, class com.almasb.fxgl.achievement.AchievementService, class com.almasb.fxgl.cutscene.CutsceneService, class com.almasb.fxgl.minigames.MiniGameService, class com.almasb.fxgl.net.NetService, class com.almasb.fxgl.app.services.UpdaterService, class com.almasb.fxgl.dev.DevService]
21:38:28.059 [FXGL Background Thread 3 ] DEBUG Engine               - fontGame: Abel-Regular.ttf
21:38:28.059 [FXGL Background Thread 3 ] DEBUG Engine               - fontMono: TerminalLandMono-Regular.otf
21:38:28.060 [FXGL Background Thread 3 ] DEBUG Engine               - fontText: Courier-Prime.ttf
21:38:28.060 [FXGL Background Thread 3 ] DEBUG Engine               - fontUI: VarelaRound-Regular.ttf
21:38:28.060 [FXGL Background Thread 3 ] DEBUG Engine               - fullScreen: BooleanProperty [value: false]
21:38:28.060 [FXGL Background Thread 3 ] DEBUG Engine               - gameDifficulty: MEDIUM
21:38:28.060 [FXGL Background Thread 3 ] DEBUG Engine               - gameDifficultyProperty: ObjectProperty [value: MEDIUM]
21:38:28.060 [FXGL Background Thread 3 ] DEBUG Engine               - globalMusicVolume: 0.5
21:38:28.060 [FXGL Background Thread 3 ] DEBUG Engine               - globalMusicVolumeProperty: DoubleProperty [value: 0.5]
21:38:28.060 [FXGL Background Thread 3 ] DEBUG Engine               - globalSoundVolume: 0.5
21:38:28.060 [FXGL Background Thread 3 ] DEBUG Engine               - globalSoundVolumeProperty: DoubleProperty [value: 0.5]
21:38:28.060 [FXGL Background Thread 3 ] DEBUG Engine               - height: 720
21:38:28.060 [FXGL Background Thread 3 ] DEBUG Engine               - is3D: false
21:38:28.060 [FXGL Background Thread 3 ] DEBUG Engine               - isAndroid: false
21:38:28.060 [FXGL Background Thread 3 ] DEBUG Engine               - isBrowser: false
21:38:28.060 [FXGL Background Thread 3 ] DEBUG Engine               - isClickFeedbackEnabled: false
21:38:28.060 [FXGL Background Thread 3 ] DEBUG Engine               - isCloseConfirmation: false
21:38:28.060 [FXGL Background Thread 3 ] DEBUG Engine               - isDesktop: true
21:38:28.061 [FXGL Background Thread 3 ] DEBUG Engine               - isDeveloperMenuEnabled: true
21:38:28.061 [FXGL Background Thread 3 ] DEBUG Engine               - isEmbedded: false
21:38:28.061 [FXGL Background Thread 3 ] DEBUG Engine               - isEntityPreloadEnabled: true
21:38:28.061 [FXGL Background Thread 3 ] DEBUG Engine               - isExperimentalTiledLargeMap: false
21:38:28.061 [FXGL Background Thread 3 ] DEBUG Engine               - isFileSystemWriteAllowed: true
21:38:28.061 [FXGL Background Thread 3 ] DEBUG Engine               - isFullScreenAllowed: false
21:38:28.061 [FXGL Background Thread 3 ] DEBUG Engine               - isFullScreenFromStart: false
21:38:28.061 [FXGL Background Thread 3 ] DEBUG Engine               - isGameMenuEnabled: true
21:38:28.062 [FXGL Background Thread 3 ] DEBUG Engine               - isIOS: false
21:38:28.062 [FXGL Background Thread 3 ] DEBUG Engine               - isIntroEnabled: false
21:38:28.062 [FXGL Background Thread 3 ] DEBUG Engine               - isLinux: false
21:38:28.062 [FXGL Background Thread 3 ] DEBUG Engine               - isMac: false
21:38:28.062 [FXGL Background Thread 3 ] DEBUG Engine               - isMainMenuEnabled: true
21:38:28.062 [FXGL Background Thread 3 ] DEBUG Engine               - isManualResizeEnabled: false
21:38:28.062 [FXGL Background Thread 3 ] DEBUG Engine               - isMobile: false
21:38:28.062 [FXGL Background Thread 3 ] DEBUG Engine               - isNative: false
21:38:28.062 [FXGL Background Thread 3 ] DEBUG Engine               - isPauseMusicWhenMinimized: true
21:38:28.062 [FXGL Background Thread 3 ] DEBUG Engine               - isPreserveResizeRatio: false
21:38:28.062 [FXGL Background Thread 3 ] DEBUG Engine               - isProfilingEnabled: false
21:38:28.062 [FXGL Background Thread 3 ] DEBUG Engine               - isScaleAffectedOnResize: true
21:38:28.062 [FXGL Background Thread 3 ] DEBUG Engine               - isSingleStep: false
21:38:28.062 [FXGL Background Thread 3 ] DEBUG Engine               - isUserProfileEnabled: false
21:38:28.062 [FXGL Background Thread 3 ] DEBUG Engine               - isWindows: true
21:38:28.063 [FXGL Background Thread 3 ] DEBUG Engine               - language: ObjectProperty [value: ENGLISH]
21:38:28.063 [FXGL Background Thread 3 ] DEBUG Engine               - menuKey: ESCAPE
21:38:28.063 [FXGL Background Thread 3 ] DEBUG Engine               - mouseSensitivity: 0.2
21:38:28.063 [FXGL Background Thread 3 ] DEBUG Engine               - notificationViewClass: class com.almasb.fxgl.notification.view.XboxNotificationView
21:38:28.063 [FXGL Background Thread 3 ] DEBUG Engine               - pixelsPerMeter: 50.0
21:38:28.063 [FXGL Background Thread 3 ] DEBUG Engine               - platform: WINDOWS
21:38:28.063 [FXGL Background Thread 3 ] DEBUG Engine               - prefHeightProperty: ReadOnlyDoubleProperty [value: 720.0]
21:38:28.063 [FXGL Background Thread 3 ] DEBUG Engine               - prefWidthProperty: ReadOnlyDoubleProperty [value: 1280.0]
21:38:28.063 [FXGL Background Thread 3 ] DEBUG Engine               - profileDir: profiles/
21:38:28.063 [FXGL Background Thread 3 ] DEBUG Engine               - profileName: StringProperty [value: DEFAULT]
21:38:28.063 [FXGL Background Thread 3 ] DEBUG Engine               - randomSeed: -1
21:38:28.063 [FXGL Background Thread 3 ] DEBUG Engine               - runtimeInfo: RuntimeInfo(platform=WINDOWS, version=17.1, build=24.03.2022 17.34)
21:38:28.063 [FXGL Background Thread 3 ] DEBUG Engine               - saveFileExt: sav
21:38:28.064 [FXGL Background Thread 3 ] DEBUG Engine               - scaledHeightProp$fxgl: DoubleProperty [bound, value: 720.0]
21:38:28.064 [FXGL Background Thread 3 ] DEBUG Engine               - scaledWidthProp$fxgl: DoubleProperty [bound, value: 1280.0]
21:38:28.064 [FXGL Background Thread 3 ] DEBUG Engine               - sceneFactory: hellofx.Main$1@4ec640d
21:38:28.064 [FXGL Background Thread 3 ] DEBUG Engine               - secondsIn24h: 60
21:38:28.064 [FXGL Background Thread 3 ] DEBUG Engine               - soundMenuBack: menu/back.wav
21:38:28.064 [FXGL Background Thread 3 ] DEBUG Engine               - soundMenuPress: menu/press.wav
21:38:28.064 [FXGL Background Thread 3 ] DEBUG Engine               - soundMenuSelect: menu/select.wav
21:38:28.064 [FXGL Background Thread 3 ] DEBUG Engine               - soundNotification: core/notification.wav
21:38:28.064 [FXGL Background Thread 3 ] DEBUG Engine               - stageStyle: DECORATED
21:38:28.064 [FXGL Background Thread 3 ] DEBUG Engine               - supportedLanguages: [ENGLISH, FRENCH, GERMAN, HUNGARIAN, RUSSIAN]
21:38:28.064 [FXGL Background Thread 3 ] DEBUG Engine               - ticksPerSecond: -1
21:38:28.064 [FXGL Background Thread 3 ] DEBUG Engine               - title: Bomberman
21:38:28.064 [FXGL Background Thread 3 ] DEBUG Engine               - urlGithub: https://github.com/AlmasB/FXGL
21:38:28.064 [FXGL Background Thread 3 ] DEBUG Engine               - urlLeaderboard: http://fxgl-top.herokuapp.com/
21:38:28.064 [FXGL Background Thread 3 ] DEBUG Engine               - urlPOM: https://raw.githubusercontent.com/AlmasB/FXGL/release/README.md
21:38:28.064 [FXGL Background Thread 3 ] DEBUG Engine               - userAppClass: class hellofx.Main
21:38:28.064 [FXGL Background Thread 3 ] DEBUG Engine               - version: 1.0
21:38:28.064 [FXGL Background Thread 3 ] DEBUG Engine               - versionCheckDays: 7
21:38:28.064 [FXGL Background Thread 3 ] DEBUG Engine               - width: 1280
21:38:28.064 [FXGL Background Thread 3 ] DEBUG Engine               - Logging services
21:38:28.064 [FXGL Background Thread 3 ] DEBUG Engine               - class com.almasb.fxgl.app.services.FXGLAssetLoaderService
21:38:28.064 [FXGL Background Thread 3 ] DEBUG Engine               - class com.almasb.fxgl.app.FXGLApplication$GameApplicationService
21:38:28.064 [FXGL Background Thread 3 ] DEBUG Engine               - class com.almasb.fxgl.app.services.FXGLDialogService
21:38:28.065 [FXGL Background Thread 3 ] DEBUG Engine               - class com.almasb.fxgl.app.services.IOTaskExecutorService
21:38:28.065 [FXGL Background Thread 3 ] DEBUG Engine               - class com.almasb.fxgl.io.FileSystemService
21:38:28.065 [FXGL Background Thread 3 ] DEBUG Engine               - class com.almasb.fxgl.localization.LocalizationService
21:38:28.065 [FXGL Background Thread 3 ] DEBUG Engine               - class com.almasb.fxgl.app.services.SystemBundleService
21:38:28.065 [FXGL Background Thread 3 ] DEBUG Engine               - class com.almasb.fxgl.profile.SaveLoadService
21:38:28.065 [FXGL Background Thread 3 ] DEBUG Engine               - class com.almasb.fxgl.ui.FXGLUIFactoryServiceProvider
21:38:28.065 [FXGL Background Thread 3 ] DEBUG Engine               - class com.almasb.fxgl.ui.FXGLDialogFactoryServiceProvider
21:38:28.065 [FXGL Background Thread 3 ] DEBUG Engine               - class com.almasb.fxgl.audio.AudioPlayer
21:38:28.065 [FXGL Background Thread 3 ] DEBUG Engine               - class com.almasb.fxgl.notification.impl.NotificationServiceProvider
21:38:28.065 [FXGL Background Thread 3 ] DEBUG Engine               - class com.almasb.fxgl.achievement.AchievementService
21:38:28.065 [FXGL Background Thread 3 ] DEBUG Engine               - class com.almasb.fxgl.cutscene.CutsceneService
21:38:28.065 [FXGL Background Thread 3 ] DEBUG Engine               - class com.almasb.fxgl.minigames.MiniGameService
21:38:28.065 [FXGL Background Thread 3 ] DEBUG Engine               - class com.almasb.fxgl.net.NetService
21:38:28.065 [FXGL Background Thread 3 ] DEBUG Engine               - class com.almasb.fxgl.app.services.UpdaterService
21:38:28.065 [FXGL Background Thread 3 ] DEBUG Engine               - class com.almasb.fxgl.dev.DevService
21:38:31.019 [JavaFX Application Thread] DEBUG FXGLAssetLoaderServi - Loading from file system: file:/E:/space_java/Game/game_datbom/target/classes/assets/textures/character%5cbomb.png
21:38:31.024 [JavaFX Application Thread] DEBUG FXGLAssetLoaderServi - Loading from file system: file:/E:/space_java/Game/game_datbom/target/classes/assets/textures/flame%5cleft_flame.png
21:38:31.025 [JavaFX Application Thread] DEBUG FXGLAssetLoaderServi - Loading from file system: file:/E:/space_java/Game/game_datbom/target/classes/assets/textures/flame%5cup_flame.png
21:38:31.027 [JavaFX Application Thread] DEBUG FXGLAssetLoaderServi - Loading from file system: file:/E:/space_java/Game/game_datbom/target/classes/assets/textures/flame%5ccentral_flame.png
21:38:57.348 [JavaFX Application Thread] DEBUG Input                - Clearing active input actions
21:38:57.359 [JavaFX Application Thread] DEBUG GameApplicationServi - Removing overlay from GameScene and adding to FXGLMainMenuDummyScene
21:38:57.361 [JavaFX Application Thread] DEBUG PrimaryStageWindow   - GameScene -> FXGLMainMenuDummyScene
21:38:57.361 [JavaFX Application Thread] DEBUG PrimaryStageWindow   - Push state: MainMenu
21:38:57.361 [JavaFX Application Thread] DEBUG Input                - Clearing active input actions
21:38:57.362 [JavaFX Application Thread] DEBUG GameApplicationServi - Removing overlay from FXGLMainMenuDummyScene and adding to MainMenu
21:38:57.362 [JavaFX Application Thread] DEBUG PrimaryStageWindow   - FXGLMainMenuDummyScene -> MainMenu
21:38:58.473 [JavaFX Application Thread] DEBUG Menu                 - fireNewGame()
21:38:58.473 [JavaFX Application Thread] DEBUG GameApplicationServi - Starting new game
21:38:58.474 [JavaFX Application Thread] DEBUG PrimaryStageWindow   - Pop state: MainMenu
21:38:58.474 [JavaFX Application Thread] DEBUG Input                - Clearing active input actions
21:38:58.474 [JavaFX Application Thread] DEBUG GameApplicationServi - Removing overlay from MainMenu and adding to FXGLMainMenuDummyScene
21:38:58.476 [JavaFX Application Thread] DEBUG PrimaryStageWindow   - FXGLMainMenuDummyScene <- MainMenu
21:38:58.476 [JavaFX Application Thread] DEBUG Input                - Clearing active input actions
21:38:58.480 [JavaFX Application Thread] DEBUG GameApplicationServi - Removing overlay from FXGLMainMenuDummyScene and adding to FXGLLoadingScene
21:38:58.480 [JavaFX Application Thread] DEBUG PrimaryStageWindow   - FXGLMainMenuDummyScene -> FXGLLoadingScene
21:38:58.480 [JavaFX Application Thread] DEBUG GameApplicationServi - Clearing previous game
21:38:58.480 [JavaFX Application Thread] DEBUG GameScene            - Clearing game scene
21:38:58.480 [JavaFX Application Thread] DEBUG GameWorld            - Clearing game world
21:38:58.500 [JavaFX Application Thread] DEBUG PhysicsWorld         - Clearing physics world
21:38:58.501 [FXGL Background Thread 2 ] DEBUG FXGLApplication      - Initializing game
21:38:58.582 [FXGL Background Thread 2 ] WARN  Entity               - Entity already has component: com.almasb.fxgl.entity.components.CollidableComponent
21:38:58.582 [FXGL Background Thread 2 ] INFO  FXGLApplication      - Game initialization took: 0.082 sec
21:38:58.598 [JavaFX Application Thread] DEBUG Input                - Clearing active input actions
21:38:58.606 [JavaFX Application Thread] DEBUG GameApplicationServi - Removing overlay from FXGLLoadingScene and adding to GameScene
21:38:58.607 [JavaFX Application Thread] DEBUG PrimaryStageWindow   - FXGLLoadingScene -> GameScene
21:39:20.067 [JavaFX Application Thread] DEBUG FXGLApplication      - Exiting FXGL
21:39:20.067 [JavaFX Application Thread] DEBUG LoopRunner           - Stopping loop
21:39:20.067 [JavaFX Application Thread] DEBUG SystemBundleService  - Saving FXGL system data
21:39:20.069 [JavaFX Application Thread] DEBUG FileSystemAccess     - Writing to: E:\space_java\Game\game_datbom\system\fxgl.bundle
21:39:20.071 [JavaFX Application Thread] DEBUG Async                - Shutting down background threads
21:39:20.072 [JavaFX Application Thread] DEBUG PrimaryStageWindow   - Closing main window
21:39:20.094 [JavaFX Application Thread] DEBUG Logger               - Closing Logger
