16:11:21.266 [main                     ] DEBUG Logger               - Configured Logger
16:11:21.291 [main                     ] DEBUG GameApplication      - Logging settings
Title: Bomberman
Version: 1.0
Width: 1280
Height: 720
Fullscreen: false
Intro: false
Profiling: false
Single step:false
App Mode: DEVELOPER
Menu Key: ESCAPE
Stage Style: DECORATED
Scene Factory: class hellofx.Main$1

16:11:21.790 [JavaFX Application Thread] DEBUG FXGLApplication      - Initializing FXGL
16:11:21.797 [JavaFX Application Thread] INFO  Engine               - FXGL-17.1 (24.03.2022 17.34) on WINDOWS (J:18.0.2.1 FX:18)
16:11:21.797 [JavaFX Application Thread] DEBUG Engine               - JRE Vendor Name: Oracle Corporation
16:11:21.797 [JavaFX Application Thread] DEBUG Engine               - Running on OS: Windows 11 version 10.0
16:11:21.797 [JavaFX Application Thread] DEBUG Engine               - Architecture: amd64
16:11:21.798 [JavaFX Application Thread] INFO  Engine               - Source code and latest versions at: https://github.com/AlmasB/FXGL
16:11:21.798 [JavaFX Application Thread] INFO  Engine               -       Ask questions and discuss at: https://github.com/AlmasB/FXGL/discussions
16:11:21.798 [JavaFX Application Thread] INFO  Engine               -              Join the FXGL chat at: https://gitter.im/AlmasB/FXGL
16:11:21.935 [JavaFX Application Thread] DEBUG PrimaryStageWindow   - Creating a JavaFX scene
16:11:22.001 [JavaFX Application Thread] DEBUG PrimaryStageWindow   - Target settings size: 1280.0 x 720.0
16:11:22.001 [JavaFX Application Thread] DEBUG PrimaryStageWindow   - Scaled scene size:    1280.0 x 720.0
16:11:22.002 [JavaFX Application Thread] DEBUG PrimaryStageWindow   - Scaled ratio: (1.0, 1.0)
16:11:22.003 [JavaFX Application Thread] DEBUG PrimaryStageWindow   - Set initial scene to FXGLStartupScene
16:11:22.012 [JavaFX Application Thread] DEBUG PrimaryStageWindow   - Opening main window
16:11:22.111 [JavaFX Application Thread] DEBUG PrimaryStageWindow   - Window border size: (16.0, 39.0)
16:11:22.112 [JavaFX Application Thread] DEBUG PrimaryStageWindow   - Scaled size: 1280.0 x 720.0
16:11:22.112 [JavaFX Application Thread] DEBUG PrimaryStageWindow   - Scaled ratio: (1.0, 1.0)
16:11:22.113 [JavaFX Application Thread] DEBUG PrimaryStageWindow   - Scene size: 1280.0 x 720.0
16:11:22.113 [JavaFX Application Thread] DEBUG PrimaryStageWindow   - Stage size: 1296.0 x 759.0
16:11:22.123 [FXGL Background Thread 1 ] DEBUG Engine               - Initializing environment variables
16:11:22.194 [FXGL Background Thread 1 ] DEBUG FXGLAssetLoaderServi - User app class for loading assets: class hellofx.Main
16:11:22.194 [FXGL Background Thread 1 ] DEBUG GameApplicationServi - Applying CSS: fxgl_dark.css
16:11:22.195 [FXGL Background Thread 1 ] DEBUG FXGLAssetLoaderServi - Loading from file system: jar:file:/C:/Users/chaum/.m2/repository/com/github/almasb/fxgl/17.1/fxgl-17.1.jar!/fxglassets/ui/css/fxgl_dark.css
16:11:22.235 [FXGL Background Thread 1 ] DEBUG GameApplicationServi - Initializing application scenes
16:11:22.279 [FXGL Background Thread 1 ] DEBUG GameWorld            - Game world initialized
16:11:22.331 [FXGL Background Thread 1 ] DEBUG PhysicsWorld         - Physics world initialized: appHeight=720, physics.ppm=50.0
16:11:22.332 [FXGL Background Thread 1 ] DEBUG PhysicsWorld         - Using strategy: BRUTE_FORCE
16:11:22.335 [FXGL Background Thread 1 ] DEBUG GameScene            - Game scene initialized: 1280x720
16:11:22.430 [FXGL Background Thread 1 ] DEBUG GameApplicationServi - Application scenes initialized
16:11:22.439 [FXGL Background Thread 1 ] DEBUG SystemBundleService  - Loading FXGL system data
16:11:22.443 [FXGL Background Thread 1 ] DEBUG FileSystemAccess     - Reading from: E:\space_java\Game\game_datbom\system\fxgl.bundle
16:11:22.450 [FXGL Background Thread 1 ] DEBUG SystemBundleService  - Bundle FXGL: {}
16:11:22.450 [FXGL Background Thread 1 ] DEBUG UpdaterService       - Checking for updates
16:11:22.490 [FXGL Background Thread 4 ] DEBUG FXGLApplication      - Loading fonts
16:11:22.490 [FXGL Background Thread 1 ] DEBUG FXGLApplication      - Loading default localization
16:11:22.490 [FXGL Background Thread 4 ] DEBUG FXGLAssetLoaderServi - Loading from file system: jar:file:/C:/Users/chaum/.m2/repository/com/github/almasb/fxgl/17.1/fxgl-17.1.jar!/fxglassets/ui/fonts/VarelaRound-Regular.ttf
16:11:22.491 [FXGL Background Thread 1 ] DEBUG FXGLAssetLoaderServi - Loading from file system: jar:file:/C:/Users/chaum/.m2/repository/com/github/almasb/fxgl/17.1/fxgl-17.1.jar!/fxglassets/languages/english.lang
16:11:22.519 [FXGL Background Thread 1 ] INFO  FXGLApplication      - FXGL initialization took: 0.397 sec
16:11:22.541 [JavaFX Application Thread] DEBUG Input                - Registered new binding: action0 - F
16:11:22.542 [JavaFX Application Thread] DEBUG Input                - Registered new binding: Right - D
16:11:22.542 [JavaFX Application Thread] DEBUG Input                - Registered new binding: Left - A
16:11:22.542 [JavaFX Application Thread] DEBUG Input                - Registered new binding: Up - W
16:11:22.542 [JavaFX Application Thread] DEBUG Input                - Registered new binding: Down - S
16:11:22.543 [JavaFX Application Thread] DEBUG FXGLAssetLoaderServi - Loading from file system: file:/E:/space_java/Game/game_datbom/target/classes/assets/textures/icon/icon.png
16:11:22.564 [FXGL Background Thread 4 ] DEBUG FXGLAssetLoaderServi - Loading from file system: jar:file:/C:/Users/chaum/.m2/repository/com/github/almasb/fxgl/17.1/fxgl-17.1.jar!/fxglassets/ui/fonts/Abel-Regular.ttf
16:11:22.569 [FXGL Background Thread 4 ] DEBUG FXGLAssetLoaderServi - Loading from file system: jar:file:/C:/Users/chaum/.m2/repository/com/github/almasb/fxgl/17.1/fxgl-17.1.jar!/fxglassets/ui/fonts/TerminalLandMono-Regular.otf
16:11:22.574 [FXGL Background Thread 4 ] DEBUG FXGLAssetLoaderServi - Loading from file system: jar:file:/C:/Users/chaum/.m2/repository/com/github/almasb/fxgl/17.1/fxgl-17.1.jar!/fxglassets/ui/fonts/Courier-Prime.ttf
16:11:22.587 [JavaFX Application Thread] DEBUG FXGLAssetLoaderServi - Loading from file system: file:/E:/space_java/Game/game_datbom/target/classes/assets/textures/cursor/cursor1.png
16:11:22.598 [JavaFX Application Thread] DEBUG Input                - Registered new binding: Screenshot - CTRL+8
16:11:22.598 [JavaFX Application Thread] DEBUG Input                - Registered new binding: Dev Options - 1
16:11:22.598 [JavaFX Application Thread] DEBUG Input                - Registered new binding: Dev Console - 2
16:11:22.599 [JavaFX Application Thread] DEBUG Input                - Registered new binding: System info dump - CTRL+9
16:11:22.599 [JavaFX Application Thread] DEBUG Input                - Registered new binding: Restart - CTRL+R
16:11:22.600 [JavaFX Application Thread] DEBUG Input                - Registered new binding: Toggle Debug Camera - CTRL+7
16:11:22.602 [JavaFX Application Thread] DEBUG LoopRunner           - Starting loop
16:11:22.620 [JavaFX Application Thread] DEBUG LoopRunner           - Initializing JavaFX AnimationTimerLoop
16:11:22.623 [JavaFX Application Thread] DEBUG Input                - Clearing active input actions
16:11:22.629 [JavaFX Application Thread] DEBUG GameApplicationServi - Removing overlay from FXGLStartupScene and adding to FXGLMainMenuDummyScene
16:11:22.632 [JavaFX Application Thread] DEBUG PrimaryStageWindow   - FXGLStartupScene -> FXGLMainMenuDummyScene
16:11:22.632 [JavaFX Application Thread] DEBUG PrimaryStageWindow   - Push state: MainMenu
16:11:22.633 [JavaFX Application Thread] DEBUG Input                - Clearing active input actions
16:11:22.636 [JavaFX Application Thread] DEBUG GameApplicationServi - Removing overlay from FXGLMainMenuDummyScene and adding to MainMenu
16:11:22.637 [JavaFX Application Thread] DEBUG PrimaryStageWindow   - FXGLMainMenuDummyScene -> MainMenu
16:11:22.637 [JavaFX Application Thread] DEBUG FXGLApplication      - Registering font factories with UI factory
16:11:23.793 [FXGL Background Thread 2 ] INFO  UpdaterService       - Your current version:  17.1
16:11:23.794 [FXGL Background Thread 2 ] INFO  UpdaterService       - Latest stable version: 17.2
16:11:25.274 [JavaFX Application Thread] DEBUG Menu                 - fireNewGame()
16:11:25.274 [JavaFX Application Thread] DEBUG GameApplicationServi - Starting new game
16:11:25.275 [JavaFX Application Thread] DEBUG PrimaryStageWindow   - Pop state: MainMenu
16:11:25.275 [JavaFX Application Thread] DEBUG Input                - Clearing active input actions
16:11:25.278 [JavaFX Application Thread] DEBUG GameApplicationServi - Removing overlay from MainMenu and adding to FXGLMainMenuDummyScene
16:11:25.283 [JavaFX Application Thread] DEBUG PrimaryStageWindow   - FXGLMainMenuDummyScene <- MainMenu
16:11:25.283 [JavaFX Application Thread] DEBUG Input                - Clearing active input actions
16:11:25.290 [JavaFX Application Thread] DEBUG GameApplicationServi - Removing overlay from FXGLMainMenuDummyScene and adding to FXGLLoadingScene
16:11:25.290 [JavaFX Application Thread] DEBUG PrimaryStageWindow   - FXGLMainMenuDummyScene -> FXGLLoadingScene
16:11:25.291 [JavaFX Application Thread] DEBUG GameApplicationServi - Clearing previous game
16:11:25.291 [JavaFX Application Thread] DEBUG GameScene            - Clearing game scene
16:11:25.293 [JavaFX Application Thread] DEBUG GameWorld            - Clearing game world
16:11:25.293 [JavaFX Application Thread] DEBUG PhysicsWorld         - Clearing physics world
16:11:25.295 [FXGL Background Thread 2 ] DEBUG FXGLApplication      - Initializing game
16:11:25.341 [JavaFX Application Thread] DEBUG LoopRunner           - Stopping loop
16:11:25.343 [JavaFX Application Thread] FATAL FXGLApplication      - Uncaught Exception:
java.lang.RuntimeException: Initialization failed
	at com.almasb.fxgl.app.FXGLApplication$InitAppTask.failed(FXGLApplication.kt:343)
	at javafx.concurrent.Task.setState(Task.java:710)
	at javafx.concurrent.Task$TaskCallable.lambda$call$2(Task.java:1456)
	at com.sun.javafx.application.PlatformImpl.lambda$runLater$10(PlatformImpl.java:457)
	at java.base/java.security.AccessController.doPrivileged(AccessController.java:399)
	at com.sun.javafx.application.PlatformImpl.lambda$runLater$11(PlatformImpl.java:456)
	at com.sun.glass.ui.InvokeLaterDispatcher$Future.run(InvokeLaterDispatcher.java:96)
	at com.sun.glass.ui.win.WinApplication._runLoop(Native Method)
	at com.sun.glass.ui.win.WinApplication.lambda$runLoop$3(WinApplication.java:184)
	at java.base/java.lang.Thread.run(Thread.java:833)
Caused by: java.lang.RuntimeException: java.io.FileNotFoundException: C:\Users\Admin\Documents\Bomberman\src\assets\textures\text\map.txt (The system cannot find the path specified)
	at hellofx.Main.initGame(Main.java:214)
	at com.almasb.fxgl.app.FXGLApplication$InitAppTask.initGame(FXGLApplication.kt:339)
	at com.almasb.fxgl.app.FXGLApplication$InitAppTask.call(FXGLApplication.kt:319)
	at com.almasb.fxgl.app.FXGLApplication$InitAppTask.call(FXGLApplication.kt:311)
	at javafx.concurrent.Task$TaskCallable.call(Task.java:1426)
	at java.base/java.util.concurrent.FutureTask.run(FutureTask.java:264)
	at java.base/java.util.concurrent.Executors$RunnableAdapter.call(Executors.java:539)
	at java.base/java.util.concurrent.FutureTask.run(FutureTask.java:264)
	at java.base/java.util.concurrent.ThreadPoolExecutor.runWorker(ThreadPoolExecutor.java:1136)
	at java.base/java.util.concurrent.ThreadPoolExecutor$Worker.run(ThreadPoolExecutor.java:635)
	... 1 more
Caused by: java.io.FileNotFoundException: C:\Users\Admin\Documents\Bomberman\src\assets\textures\text\map.txt (The system cannot find the path specified)
	at java.base/java.io.FileInputStream.open0(Native Method)
	at java.base/java.io.FileInputStream.open(FileInputStream.java:216)
	at java.base/java.io.FileInputStream.<init>(FileInputStream.java:157)
	at java.base/java.util.Scanner.<init>(Scanner.java:641)
	at hellofx.Mymap.<init>(Mymap.java:18)
	at hellofx.Main.initGame(Main.java:212)
	... 10 more

16:11:25.343 [JavaFX Application Thread] FATAL FXGLApplication      - Application will now exit
16:11:25.355 [JavaFX Application Thread] DEBUG PrimaryStageWindow   - Push state: ErrorSubScene
16:11:25.355 [JavaFX Application Thread] DEBUG Input                - Clearing active input actions
16:11:25.356 [JavaFX Application Thread] DEBUG GameApplicationServi - Removing overlay from FXGLLoadingScene and adding to ErrorSubScene
16:11:25.360 [JavaFX Application Thread] DEBUG PrimaryStageWindow   - FXGLLoadingScene -> ErrorSubScene
16:11:25.488 [FXGL Background Thread 3 ] DEBUG Engine               - Logging environment variables
16:11:25.488 [FXGL Background Thread 3 ] DEBUG Engine               - achievements: []
16:11:25.489 [FXGL Background Thread 3 ] DEBUG Engine               - actualHeight: 720.0
16:11:25.489 [FXGL Background Thread 3 ] DEBUG Engine               - actualHeightProperty: ReadOnlyDoubleProperty [value: 720.0]
16:11:25.489 [FXGL Background Thread 3 ] DEBUG Engine               - actualWidth: 1280.0
16:11:25.489 [FXGL Background Thread 3 ] DEBUG Engine               - actualWidthProperty: ReadOnlyDoubleProperty [value: 1280.0]
16:11:25.489 [FXGL Background Thread 3 ] DEBUG Engine               - appIcon: icon/icon.png
16:11:25.489 [FXGL Background Thread 3 ] DEBUG Engine               - applicationMode: DEVELOPER
16:11:25.489 [FXGL Background Thread 3 ] DEBUG Engine               - cSSList: [fxgl_dark.css]
16:11:25.489 [FXGL Background Thread 3 ] DEBUG Engine               - collisionDetectionStrategy: BRUTE_FORCE
16:11:25.489 [FXGL Background Thread 3 ] DEBUG Engine               - configClass: Optional.empty
16:11:25.489 [FXGL Background Thread 3 ] DEBUG Engine               - credits: []
16:11:25.491 [FXGL Background Thread 3 ] DEBUG Engine               - defaultCursor: CursorInfo(imageName=cursor/cursor1.png, hotspotX=0.0, hotspotY=0.0)
16:11:25.492 [FXGL Background Thread 3 ] DEBUG Engine               - devBBoxColorProperty: ObjectProperty [value: 0xff0000ff]
16:11:25.492 [FXGL Background Thread 3 ] DEBUG Engine               - devEnableDebugCameraProperty: BooleanProperty [value: false]
16:11:25.492 [FXGL Background Thread 3 ] DEBUG Engine               - devSensorColorProperty: ObjectProperty [value: 0xffff00ff]
16:11:25.492 [FXGL Background Thread 3 ] DEBUG Engine               - devShowBBoxProperty: BooleanProperty [value: false]
16:11:25.492 [FXGL Background Thread 3 ] DEBUG Engine               - devShowPositionProperty: BooleanProperty [value: false]
16:11:25.492 [FXGL Background Thread 3 ] DEBUG Engine               - enabledMenuItems: []
16:11:25.492 [FXGL Background Thread 3 ] DEBUG Engine               - engineServices: [class com.almasb.fxgl.app.services.FXGLAssetLoaderService, class com.almasb.fxgl.app.FXGLApplication$GameApplicationService, class com.almasb.fxgl.app.services.FXGLDialogService, class com.almasb.fxgl.app.services.IOTaskExecutorService, class com.almasb.fxgl.io.FileSystemService, class com.almasb.fxgl.localization.LocalizationService, class com.almasb.fxgl.app.services.SystemBundleService, class com.almasb.fxgl.profile.SaveLoadService, class com.almasb.fxgl.ui.FXGLUIFactoryServiceProvider, class com.almasb.fxgl.ui.FXGLDialogFactoryServiceProvider, class com.almasb.fxgl.audio.AudioPlayer, class com.almasb.fxgl.notification.impl.NotificationServiceProvider, class com.almasb.fxgl.achievement.AchievementService, class com.almasb.fxgl.cutscene.CutsceneService, class com.almasb.fxgl.minigames.MiniGameService, class com.almasb.fxgl.net.NetService, class com.almasb.fxgl.app.services.UpdaterService, class com.almasb.fxgl.dev.DevService]
16:11:25.493 [FXGL Background Thread 3 ] DEBUG Engine               - fontGame: Abel-Regular.ttf
16:11:25.493 [FXGL Background Thread 3 ] DEBUG Engine               - fontMono: TerminalLandMono-Regular.otf
16:11:25.493 [FXGL Background Thread 3 ] DEBUG Engine               - fontText: Courier-Prime.ttf
16:11:25.493 [FXGL Background Thread 3 ] DEBUG Engine               - fontUI: VarelaRound-Regular.ttf
16:11:25.493 [FXGL Background Thread 3 ] DEBUG Engine               - fullScreen: BooleanProperty [value: false]
16:11:25.493 [FXGL Background Thread 3 ] DEBUG Engine               - gameDifficulty: MEDIUM
16:11:25.493 [FXGL Background Thread 3 ] DEBUG Engine               - gameDifficultyProperty: ObjectProperty [value: MEDIUM]
16:11:25.493 [FXGL Background Thread 3 ] DEBUG Engine               - globalMusicVolume: 0.5
16:11:25.493 [FXGL Background Thread 3 ] DEBUG Engine               - globalMusicVolumeProperty: DoubleProperty [value: 0.5]
16:11:25.493 [FXGL Background Thread 3 ] DEBUG Engine               - globalSoundVolume: 0.5
16:11:25.493 [FXGL Background Thread 3 ] DEBUG Engine               - globalSoundVolumeProperty: DoubleProperty [value: 0.5]
16:11:25.493 [FXGL Background Thread 3 ] DEBUG Engine               - height: 720
16:11:25.494 [FXGL Background Thread 3 ] DEBUG Engine               - is3D: false
16:11:25.494 [FXGL Background Thread 3 ] DEBUG Engine               - isAndroid: false
16:11:25.494 [FXGL Background Thread 3 ] DEBUG Engine               - isBrowser: false
16:11:25.494 [FXGL Background Thread 3 ] DEBUG Engine               - isClickFeedbackEnabled: false
16:11:25.494 [FXGL Background Thread 3 ] DEBUG Engine               - isCloseConfirmation: false
16:11:25.494 [FXGL Background Thread 3 ] DEBUG Engine               - isDesktop: true
16:11:25.494 [FXGL Background Thread 3 ] DEBUG Engine               - isDeveloperMenuEnabled: true
16:11:25.494 [FXGL Background Thread 3 ] DEBUG Engine               - isEmbedded: false
16:11:25.494 [FXGL Background Thread 3 ] DEBUG Engine               - isEntityPreloadEnabled: true
16:11:25.494 [FXGL Background Thread 3 ] DEBUG Engine               - isExperimentalTiledLargeMap: false
16:11:25.494 [FXGL Background Thread 3 ] DEBUG Engine               - isFileSystemWriteAllowed: true
16:11:25.494 [FXGL Background Thread 3 ] DEBUG Engine               - isFullScreenAllowed: false
16:11:25.494 [FXGL Background Thread 3 ] DEBUG Engine               - isFullScreenFromStart: false
16:11:25.495 [FXGL Background Thread 3 ] DEBUG Engine               - isGameMenuEnabled: true
16:11:25.495 [FXGL Background Thread 3 ] DEBUG Engine               - isIOS: false
16:11:25.495 [FXGL Background Thread 3 ] DEBUG Engine               - isIntroEnabled: false
16:11:25.495 [FXGL Background Thread 3 ] DEBUG Engine               - isLinux: false
16:11:25.495 [FXGL Background Thread 3 ] DEBUG Engine               - isMac: false
16:11:25.495 [FXGL Background Thread 3 ] DEBUG Engine               - isMainMenuEnabled: true
16:11:25.495 [FXGL Background Thread 3 ] DEBUG Engine               - isManualResizeEnabled: false
16:11:25.495 [FXGL Background Thread 3 ] DEBUG Engine               - isMobile: false
16:11:25.495 [FXGL Background Thread 3 ] DEBUG Engine               - isNative: false
16:11:25.495 [FXGL Background Thread 3 ] DEBUG Engine               - isPauseMusicWhenMinimized: true
16:11:25.495 [FXGL Background Thread 3 ] DEBUG Engine               - isPreserveResizeRatio: false
16:11:25.495 [FXGL Background Thread 3 ] DEBUG Engine               - isProfilingEnabled: false
16:11:25.496 [FXGL Background Thread 3 ] DEBUG Engine               - isScaleAffectedOnResize: true
16:11:25.496 [FXGL Background Thread 3 ] DEBUG Engine               - isSingleStep: false
16:11:25.496 [FXGL Background Thread 3 ] DEBUG Engine               - isUserProfileEnabled: false
16:11:25.496 [FXGL Background Thread 3 ] DEBUG Engine               - isWindows: true
16:11:25.496 [FXGL Background Thread 3 ] DEBUG Engine               - language: ObjectProperty [value: ENGLISH]
16:11:25.496 [FXGL Background Thread 3 ] DEBUG Engine               - menuKey: ESCAPE
16:11:25.497 [FXGL Background Thread 3 ] DEBUG Engine               - mouseSensitivity: 0.2
16:11:25.497 [FXGL Background Thread 3 ] DEBUG Engine               - notificationViewClass: class com.almasb.fxgl.notification.view.XboxNotificationView
16:11:25.497 [FXGL Background Thread 3 ] DEBUG Engine               - pixelsPerMeter: 50.0
16:11:25.497 [FXGL Background Thread 3 ] DEBUG Engine               - platform: WINDOWS
16:11:25.497 [FXGL Background Thread 3 ] DEBUG Engine               - prefHeightProperty: ReadOnlyDoubleProperty [value: 720.0]
16:11:25.497 [FXGL Background Thread 3 ] DEBUG Engine               - prefWidthProperty: ReadOnlyDoubleProperty [value: 1280.0]
16:11:25.497 [FXGL Background Thread 3 ] DEBUG Engine               - profileDir: profiles/
16:11:25.497 [FXGL Background Thread 3 ] DEBUG Engine               - profileName: StringProperty [value: DEFAULT]
16:11:25.497 [FXGL Background Thread 3 ] DEBUG Engine               - randomSeed: -1
16:11:25.498 [FXGL Background Thread 3 ] DEBUG Engine               - runtimeInfo: RuntimeInfo(platform=WINDOWS, version=17.1, build=24.03.2022 17.34)
16:11:25.498 [FXGL Background Thread 3 ] DEBUG Engine               - saveFileExt: sav
16:11:25.498 [FXGL Background Thread 3 ] DEBUG Engine               - scaledHeightProp$fxgl: DoubleProperty [bound, value: 720.0]
16:11:25.498 [FXGL Background Thread 3 ] DEBUG Engine               - scaledWidthProp$fxgl: DoubleProperty [bound, value: 1280.0]
16:11:25.498 [FXGL Background Thread 3 ] DEBUG Engine               - sceneFactory: hellofx.Main$1@10c4e2e6
16:11:25.499 [FXGL Background Thread 3 ] DEBUG Engine               - secondsIn24h: 60
16:11:25.499 [FXGL Background Thread 3 ] DEBUG Engine               - soundMenuBack: menu/back.wav
16:11:25.499 [FXGL Background Thread 3 ] DEBUG Engine               - soundMenuPress: menu/press.wav
16:11:25.499 [FXGL Background Thread 3 ] DEBUG Engine               - soundMenuSelect: menu/select.wav
16:11:25.499 [FXGL Background Thread 3 ] DEBUG Engine               - soundNotification: core/notification.wav
16:11:25.499 [FXGL Background Thread 3 ] DEBUG Engine               - stageStyle: DECORATED
16:11:25.499 [FXGL Background Thread 3 ] DEBUG Engine               - supportedLanguages: [ENGLISH, FRENCH, GERMAN, HUNGARIAN, RUSSIAN]
16:11:25.499 [FXGL Background Thread 3 ] DEBUG Engine               - ticksPerSecond: -1
16:11:25.500 [FXGL Background Thread 3 ] DEBUG Engine               - title: Bomberman
16:11:25.500 [FXGL Background Thread 3 ] DEBUG Engine               - urlGithub: https://github.com/AlmasB/FXGL
16:11:25.500 [FXGL Background Thread 3 ] DEBUG Engine               - urlLeaderboard: http://fxgl-top.herokuapp.com/
16:11:25.500 [FXGL Background Thread 3 ] DEBUG Engine               - urlPOM: https://raw.githubusercontent.com/AlmasB/FXGL/release/README.md
16:11:25.500 [FXGL Background Thread 3 ] DEBUG Engine               - userAppClass: class hellofx.Main
16:11:25.500 [FXGL Background Thread 3 ] DEBUG Engine               - version: 1.0
16:11:25.500 [FXGL Background Thread 3 ] DEBUG Engine               - versionCheckDays: 7
16:11:25.500 [FXGL Background Thread 3 ] DEBUG Engine               - width: 1280
16:11:25.500 [FXGL Background Thread 3 ] DEBUG Engine               - Logging services
16:11:25.500 [FXGL Background Thread 3 ] DEBUG Engine               - class com.almasb.fxgl.app.services.FXGLAssetLoaderService
16:11:25.501 [FXGL Background Thread 3 ] DEBUG Engine               - class com.almasb.fxgl.app.FXGLApplication$GameApplicationService
16:11:25.501 [FXGL Background Thread 3 ] DEBUG Engine               - class com.almasb.fxgl.app.services.FXGLDialogService
16:11:25.501 [FXGL Background Thread 3 ] DEBUG Engine               - class com.almasb.fxgl.app.services.IOTaskExecutorService
16:11:25.501 [FXGL Background Thread 3 ] DEBUG Engine               - class com.almasb.fxgl.io.FileSystemService
16:11:25.501 [FXGL Background Thread 3 ] DEBUG Engine               - class com.almasb.fxgl.localization.LocalizationService
16:11:25.501 [FXGL Background Thread 3 ] DEBUG Engine               - class com.almasb.fxgl.app.services.SystemBundleService
16:11:25.501 [FXGL Background Thread 3 ] DEBUG Engine               - class com.almasb.fxgl.profile.SaveLoadService
16:11:25.501 [FXGL Background Thread 3 ] DEBUG Engine               - class com.almasb.fxgl.ui.FXGLUIFactoryServiceProvider
16:11:25.501 [FXGL Background Thread 3 ] DEBUG Engine               - class com.almasb.fxgl.ui.FXGLDialogFactoryServiceProvider
16:11:25.501 [FXGL Background Thread 3 ] DEBUG Engine               - class com.almasb.fxgl.audio.AudioPlayer
16:11:25.501 [FXGL Background Thread 3 ] DEBUG Engine               - class com.almasb.fxgl.notification.impl.NotificationServiceProvider
16:11:25.501 [FXGL Background Thread 3 ] DEBUG Engine               - class com.almasb.fxgl.achievement.AchievementService
16:11:25.501 [FXGL Background Thread 3 ] DEBUG Engine               - class com.almasb.fxgl.cutscene.CutsceneService
16:11:25.501 [FXGL Background Thread 3 ] DEBUG Engine               - class com.almasb.fxgl.minigames.MiniGameService
16:11:25.501 [FXGL Background Thread 3 ] DEBUG Engine               - class com.almasb.fxgl.net.NetService
16:11:25.502 [FXGL Background Thread 3 ] DEBUG Engine               - class com.almasb.fxgl.app.services.UpdaterService
16:11:25.502 [FXGL Background Thread 3 ] DEBUG Engine               - class com.almasb.fxgl.dev.DevService
16:11:29.131 [JavaFX Application Thread] DEBUG FXGLApplication      - Exiting FXGL
16:11:29.131 [JavaFX Application Thread] DEBUG Async                - Shutting down background threads
16:11:29.132 [JavaFX Application Thread] DEBUG PrimaryStageWindow   - Closing main window
16:11:29.173 [JavaFX Application Thread] DEBUG Logger               - Closing Logger
