17:41:17.712 [main                     ] DEBUG Logger               - Configured Logger
17:41:17.730 [main                     ] DEBUG GameApplication      - Logging settings
Title: Bomberman
Version: 1.0
Width: 1280
Height: 720
Fullscreen: false
Intro: false
Profiling: false
Single step:false
App Mode: DEVELOPER
Menu Key: ESCAPE
Stage Style: DECORATED
Scene Factory: class hellofx.Main$1

17:41:17.838 [JavaFX Application Thread] DEBUG FXGLApplication      - Initializing FXGL
17:41:17.843 [JavaFX Application Thread] INFO  Engine               - FXGL-17.1 (24.03.2022 17.34) on WINDOWS (J:18.0.2.1 FX:18)
17:41:17.843 [JavaFX Application Thread] DEBUG Engine               - JRE Vendor Name: Oracle Corporation
17:41:17.843 [JavaFX Application Thread] DEBUG Engine               - Running on OS: Windows 11 version 10.0
17:41:17.844 [JavaFX Application Thread] DEBUG Engine               - Architecture: amd64
17:41:17.844 [JavaFX Application Thread] INFO  Engine               - Source code and latest versions at: https://github.com/AlmasB/FXGL
17:41:17.844 [JavaFX Application Thread] INFO  Engine               -       Ask questions and discuss at: https://github.com/AlmasB/FXGL/discussions
17:41:17.844 [JavaFX Application Thread] INFO  Engine               -              Join the FXGL chat at: https://gitter.im/AlmasB/FXGL
17:41:17.891 [JavaFX Application Thread] DEBUG PrimaryStageWindow   - Creating a JavaFX scene
17:41:17.938 [JavaFX Application Thread] DEBUG PrimaryStageWindow   - Target settings size: 1280.0 x 720.0
17:41:17.939 [JavaFX Application Thread] DEBUG PrimaryStageWindow   - Scaled scene size:    1280.0 x 720.0
17:41:17.939 [JavaFX Application Thread] DEBUG PrimaryStageWindow   - Scaled ratio: (1.0, 1.0)
17:41:17.940 [JavaFX Application Thread] DEBUG PrimaryStageWindow   - Set initial scene to FXGLStartupScene
17:41:17.948 [JavaFX Application Thread] DEBUG PrimaryStageWindow   - Opening main window
17:41:18.034 [JavaFX Application Thread] DEBUG PrimaryStageWindow   - Window border size: (16.0, 39.0)
17:41:18.034 [JavaFX Application Thread] DEBUG PrimaryStageWindow   - Scaled size: 1280.0 x 720.0
17:41:18.035 [JavaFX Application Thread] DEBUG PrimaryStageWindow   - Scaled ratio: (1.0, 1.0)
17:41:18.035 [JavaFX Application Thread] DEBUG PrimaryStageWindow   - Scene size: 1280.0 x 720.0
17:41:18.035 [JavaFX Application Thread] DEBUG PrimaryStageWindow   - Stage size: 1296.0 x 759.0
17:41:18.046 [FXGL Background Thread 1 ] DEBUG Engine               - Initializing environment variables
17:41:18.111 [FXGL Background Thread 1 ] DEBUG FXGLAssetLoaderServi - User app class for loading assets: class hellofx.Main
17:41:18.112 [FXGL Background Thread 1 ] DEBUG GameApplicationServi - Applying CSS: fxgl_dark.css
17:41:18.112 [FXGL Background Thread 1 ] DEBUG FXGLAssetLoaderServi - Loading from file system: jar:file:/C:/Users/chaum/.m2/repository/com/github/almasb/fxgl/17.1/fxgl-17.1.jar!/fxglassets/ui/css/fxgl_dark.css
17:41:18.157 [FXGL Background Thread 1 ] DEBUG GameApplicationServi - Initializing application scenes
17:41:18.197 [FXGL Background Thread 1 ] DEBUG GameWorld            - Game world initialized
17:41:18.253 [FXGL Background Thread 1 ] DEBUG PhysicsWorld         - Physics world initialized: appHeight=720, physics.ppm=50.0
17:41:18.253 [FXGL Background Thread 1 ] DEBUG PhysicsWorld         - Using strategy: BRUTE_FORCE
17:41:18.257 [FXGL Background Thread 1 ] DEBUG GameScene            - Game scene initialized: 1280x720
17:41:18.331 [FXGL Background Thread 1 ] DEBUG GameApplicationServi - Application scenes initialized
17:41:18.351 [FXGL Background Thread 1 ] DEBUG SystemBundleService  - Loading FXGL system data
17:41:18.356 [FXGL Background Thread 1 ] DEBUG FileSystemAccess     - Reading from: E:\space_java\Game\game_datbom\system\fxgl.bundle
17:41:18.364 [FXGL Background Thread 1 ] DEBUG SystemBundleService  - Bundle FXGL: {}
17:41:18.364 [FXGL Background Thread 1 ] DEBUG UpdaterService       - Checking for updates
17:41:18.395 [FXGL Background Thread 4 ] DEBUG FXGLApplication      - Loading fonts
17:41:18.396 [FXGL Background Thread 4 ] DEBUG FXGLAssetLoaderServi - Loading from file system: jar:file:/C:/Users/chaum/.m2/repository/com/github/almasb/fxgl/17.1/fxgl-17.1.jar!/fxglassets/ui/fonts/VarelaRound-Regular.ttf
17:41:18.396 [FXGL Background Thread 1 ] DEBUG FXGLApplication      - Loading default localization
17:41:18.397 [FXGL Background Thread 1 ] DEBUG FXGLAssetLoaderServi - Loading from file system: jar:file:/C:/Users/chaum/.m2/repository/com/github/almasb/fxgl/17.1/fxgl-17.1.jar!/fxglassets/languages/english.lang
17:41:18.414 [FXGL Background Thread 1 ] INFO  FXGLApplication      - FXGL initialization took: 0.367 sec
17:41:18.425 [JavaFX Application Thread] DEBUG Input                - Registered new binding: action0 - F
17:41:18.426 [JavaFX Application Thread] DEBUG Input                - Registered new binding: action1 - G
17:41:18.426 [JavaFX Application Thread] DEBUG Input                - Registered new binding: action2 - R
17:41:18.426 [JavaFX Application Thread] DEBUG Input                - Registered new binding: action3 - T
17:41:18.427 [JavaFX Application Thread] DEBUG Input                - Registered new binding: Right - D
17:41:18.427 [JavaFX Application Thread] DEBUG Input                - Registered new binding: Left - A
17:41:18.427 [JavaFX Application Thread] DEBUG Input                - Registered new binding: Up - W
17:41:18.427 [JavaFX Application Thread] DEBUG Input                - Registered new binding: Down - S
17:41:18.427 [JavaFX Application Thread] DEBUG Input                - Registered new binding: Place boom - Space
17:41:18.427 [JavaFX Application Thread] DEBUG FXGLAssetLoaderServi - Loading from file system: file:/E:/space_java/Game/game_datbom/target/classes/assets/textures/icon/icon.png
17:41:18.463 [FXGL Background Thread 4 ] DEBUG FXGLAssetLoaderServi - Loading from file system: jar:file:/C:/Users/chaum/.m2/repository/com/github/almasb/fxgl/17.1/fxgl-17.1.jar!/fxglassets/ui/fonts/Abel-Regular.ttf
17:41:18.467 [FXGL Background Thread 4 ] DEBUG FXGLAssetLoaderServi - Loading from file system: jar:file:/C:/Users/chaum/.m2/repository/com/github/almasb/fxgl/17.1/fxgl-17.1.jar!/fxglassets/ui/fonts/TerminalLandMono-Regular.otf
17:41:18.472 [FXGL Background Thread 4 ] DEBUG FXGLAssetLoaderServi - Loading from file system: jar:file:/C:/Users/chaum/.m2/repository/com/github/almasb/fxgl/17.1/fxgl-17.1.jar!/fxglassets/ui/fonts/Courier-Prime.ttf
17:41:18.485 [JavaFX Application Thread] DEBUG FXGLAssetLoaderServi - Loading from file system: file:/E:/space_java/Game/game_datbom/target/classes/assets/textures/cursor/cursor1.png
17:41:18.497 [JavaFX Application Thread] DEBUG Input                - Registered new binding: Screenshot - CTRL+8
17:41:18.498 [JavaFX Application Thread] DEBUG Input                - Registered new binding: Dev Options - 1
17:41:18.498 [JavaFX Application Thread] DEBUG Input                - Registered new binding: Dev Console - 2
17:41:18.498 [JavaFX Application Thread] DEBUG Input                - Registered new binding: System info dump - CTRL+9
17:41:18.499 [JavaFX Application Thread] DEBUG Input                - Registered new binding: Restart - CTRL+R
17:41:18.499 [JavaFX Application Thread] DEBUG Input                - Registered new binding: Toggle Debug Camera - CTRL+7
17:41:18.501 [JavaFX Application Thread] DEBUG LoopRunner           - Starting loop
17:41:18.514 [JavaFX Application Thread] DEBUG LoopRunner           - Initializing JavaFX AnimationTimerLoop
17:41:18.517 [JavaFX Application Thread] DEBUG Input                - Clearing active input actions
17:41:18.523 [JavaFX Application Thread] DEBUG GameApplicationServi - Removing overlay from FXGLStartupScene and adding to FXGLMainMenuDummyScene
17:41:18.526 [JavaFX Application Thread] DEBUG PrimaryStageWindow   - FXGLStartupScene -> FXGLMainMenuDummyScene
17:41:18.527 [JavaFX Application Thread] DEBUG PrimaryStageWindow   - Push state: MainMenu
17:41:18.527 [JavaFX Application Thread] DEBUG Input                - Clearing active input actions
17:41:18.529 [JavaFX Application Thread] DEBUG GameApplicationServi - Removing overlay from FXGLMainMenuDummyScene and adding to MainMenu
17:41:18.530 [JavaFX Application Thread] DEBUG PrimaryStageWindow   - FXGLMainMenuDummyScene -> MainMenu
17:41:18.530 [JavaFX Application Thread] DEBUG FXGLApplication      - Registering font factories with UI factory
17:41:18.928 [FXGL Background Thread 2 ] INFO  UpdaterService       - Your current version:  17.1
17:41:18.928 [FXGL Background Thread 2 ] INFO  UpdaterService       - Latest stable version: 17.2
17:41:19.759 [JavaFX Application Thread] DEBUG Menu                 - fireNewGame()
17:41:19.760 [JavaFX Application Thread] DEBUG GameApplicationServi - Starting new game
17:41:19.760 [JavaFX Application Thread] DEBUG PrimaryStageWindow   - Pop state: MainMenu
17:41:19.760 [JavaFX Application Thread] DEBUG Input                - Clearing active input actions
17:41:19.761 [JavaFX Application Thread] DEBUG GameApplicationServi - Removing overlay from MainMenu and adding to FXGLMainMenuDummyScene
17:41:19.763 [JavaFX Application Thread] DEBUG PrimaryStageWindow   - FXGLMainMenuDummyScene <- MainMenu
17:41:19.764 [JavaFX Application Thread] DEBUG Input                - Clearing active input actions
17:41:19.772 [JavaFX Application Thread] DEBUG GameApplicationServi - Removing overlay from FXGLMainMenuDummyScene and adding to FXGLLoadingScene
17:41:19.772 [JavaFX Application Thread] DEBUG PrimaryStageWindow   - FXGLMainMenuDummyScene -> FXGLLoadingScene
17:41:19.773 [JavaFX Application Thread] DEBUG GameApplicationServi - Clearing previous game
17:41:19.773 [JavaFX Application Thread] DEBUG GameScene            - Clearing game scene
17:41:19.773 [JavaFX Application Thread] DEBUG GameWorld            - Clearing game world
17:41:19.773 [JavaFX Application Thread] DEBUG PhysicsWorld         - Clearing physics world
17:41:19.775 [FXGL Background Thread 2 ] DEBUG FXGLApplication      - Initializing game
17:41:19.806 [FXGL Background Thread 2 ] DEBUG FXGLAssetLoaderServi - Loading from file system: file:/E:/space_java/Game/game_datbom/target/classes/assets/textures/mapTexture/grass.png
17:41:19.813 [FXGL Background Thread 2 ] DEBUG FXGLAssetLoaderServi - Loading from file system: file:/E:/space_java/Game/game_datbom/target/classes/assets/textures/mapTexture/wall2.png
17:41:19.868 [FXGL Background Thread 2 ] DEBUG FXGLAssetLoaderServi - Loading from file system: file:/E:/space_java/Game/game_datbom/target/classes/assets/textures/mapTexture%5cbrick.png
17:41:19.870 [FXGL Background Thread 2 ] DEBUG FXGLAssetLoaderServi - Loading from file system: file:/E:/space_java/Game/game_datbom/target/classes/assets/textures/mapTexture%5cbrick_break.png
17:41:19.913 [FXGL Background Thread 2 ] DEBUG FXGLAssetLoaderServi - Loading from file system: file:/E:/space_java/Game/game_datbom/target/classes/assets/textures/gameItem/powerup_bombs.png
17:41:19.915 [FXGL Background Thread 2 ] DEBUG FXGLAssetLoaderServi - Loading from file system: file:/E:/space_java/Game/game_datbom/target/classes/assets/textures/gameItem/powerup_flamepass.png
17:41:19.938 [FXGL Background Thread 2 ] DEBUG FXGLAssetLoaderServi - Loading from file system: file:/E:/space_java/Game/game_datbom/target/classes/assets/textures/enemy/balloon36.png
17:41:19.952 [FXGL Background Thread 2 ] DEBUG FXGLAssetLoaderServi - Loading from file system: file:/E:/space_java/Game/game_datbom/target/classes/assets/textures/gameItem/powerup_speed.png
17:41:19.968 [FXGL Background Thread 2 ] DEBUG FXGLAssetLoaderServi - Loading from file system: file:/E:/space_java/Game/game_datbom/target/classes/assets/textures/gameItem/powerup_flames.png
17:41:20.013 [FXGL Background Thread 2 ] DEBUG FXGLAssetLoaderServi - Loading from file system: file:/E:/space_java/Game/game_datbom/target/classes/assets/textures/mapTexture/portal.png
17:41:20.105 [JavaFX Application Thread] DEBUG LoopRunner           - Stopping loop
17:41:20.107 [JavaFX Application Thread] FATAL FXGLApplication      - Uncaught Exception:
java.lang.RuntimeException: Initialization failed
	at com.almasb.fxgl.app.FXGLApplication$InitAppTask.failed(FXGLApplication.kt:343)
	at javafx.concurrent.Task.setState(Task.java:710)
	at javafx.concurrent.Task$TaskCallable.lambda$call$2(Task.java:1456)
	at com.sun.javafx.application.PlatformImpl.lambda$runLater$10(PlatformImpl.java:457)
	at java.base/java.security.AccessController.doPrivileged(AccessController.java:399)
	at com.sun.javafx.application.PlatformImpl.lambda$runLater$11(PlatformImpl.java:456)
	at com.sun.glass.ui.InvokeLaterDispatcher$Future.run(InvokeLaterDispatcher.java:96)
	at com.sun.glass.ui.win.WinApplication._runLoop(Native Method)
	at com.sun.glass.ui.win.WinApplication.lambda$runLoop$3(WinApplication.java:184)
	at java.base/java.lang.Thread.run(Thread.java:833)
Caused by: java.lang.NullPointerException: Cannot read field "position1" because the return value of "java.util.List.get(int)" is null
	at hellofx.SmartMap.Position.print(Position.java:166)
	at hellofx.Main.initGame(Main.java:299)
	at com.almasb.fxgl.app.FXGLApplication$InitAppTask.initGame(FXGLApplication.kt:339)
	at com.almasb.fxgl.app.FXGLApplication$InitAppTask.call(FXGLApplication.kt:319)
	at com.almasb.fxgl.app.FXGLApplication$InitAppTask.call(FXGLApplication.kt:311)
	at javafx.concurrent.Task$TaskCallable.call(Task.java:1426)
	at java.base/java.util.concurrent.FutureTask.run(FutureTask.java:264)
	at java.base/java.util.concurrent.Executors$RunnableAdapter.call(Executors.java:539)
	at java.base/java.util.concurrent.FutureTask.run(FutureTask.java:264)
	at java.base/java.util.concurrent.ThreadPoolExecutor.runWorker(ThreadPoolExecutor.java:1136)
	at java.base/java.util.concurrent.ThreadPoolExecutor$Worker.run(ThreadPoolExecutor.java:635)
	... 1 more

17:41:20.108 [JavaFX Application Thread] FATAL FXGLApplication      - Application will now exit
17:41:20.114 [JavaFX Application Thread] DEBUG PrimaryStageWindow   - Push state: ErrorSubScene
17:41:20.115 [JavaFX Application Thread] DEBUG Input                - Clearing active input actions
17:41:20.115 [JavaFX Application Thread] DEBUG GameApplicationServi - Removing overlay from FXGLLoadingScene and adding to ErrorSubScene
17:41:20.117 [JavaFX Application Thread] DEBUG PrimaryStageWindow   - FXGLLoadingScene -> ErrorSubScene
17:41:21.394 [FXGL Background Thread 3 ] DEBUG Engine               - Logging environment variables
17:41:21.395 [FXGL Background Thread 3 ] DEBUG Engine               - achievements: []
17:41:21.395 [FXGL Background Thread 3 ] DEBUG Engine               - actualHeight: 720.0
17:41:21.395 [FXGL Background Thread 3 ] DEBUG Engine               - actualHeightProperty: ReadOnlyDoubleProperty [value: 720.0]
17:41:21.395 [FXGL Background Thread 3 ] DEBUG Engine               - actualWidth: 1280.0
17:41:21.395 [FXGL Background Thread 3 ] DEBUG Engine               - actualWidthProperty: ReadOnlyDoubleProperty [value: 1280.0]
17:41:21.395 [FXGL Background Thread 3 ] DEBUG Engine               - appIcon: icon/icon.png
17:41:21.395 [FXGL Background Thread 3 ] DEBUG Engine               - applicationMode: DEVELOPER
17:41:21.396 [FXGL Background Thread 3 ] DEBUG Engine               - cSSList: [fxgl_dark.css]
17:41:21.396 [FXGL Background Thread 3 ] DEBUG Engine               - collisionDetectionStrategy: BRUTE_FORCE
17:41:21.396 [FXGL Background Thread 3 ] DEBUG Engine               - configClass: Optional.empty
17:41:21.396 [FXGL Background Thread 3 ] DEBUG Engine               - credits: []
17:41:21.398 [FXGL Background Thread 3 ] DEBUG Engine               - defaultCursor: CursorInfo(imageName=cursor/cursor1.png, hotspotX=0.0, hotspotY=0.0)
17:41:21.398 [FXGL Background Thread 3 ] DEBUG Engine               - devBBoxColorProperty: ObjectProperty [value: 0xff0000ff]
17:41:21.398 [FXGL Background Thread 3 ] DEBUG Engine               - devEnableDebugCameraProperty: BooleanProperty [value: false]
17:41:21.399 [FXGL Background Thread 3 ] DEBUG Engine               - devSensorColorProperty: ObjectProperty [value: 0xffff00ff]
17:41:21.399 [FXGL Background Thread 3 ] DEBUG Engine               - devShowBBoxProperty: BooleanProperty [value: false]
17:41:21.399 [FXGL Background Thread 3 ] DEBUG Engine               - devShowPositionProperty: BooleanProperty [value: false]
17:41:21.399 [FXGL Background Thread 3 ] DEBUG Engine               - enabledMenuItems: []
17:41:21.399 [FXGL Background Thread 3 ] DEBUG Engine               - engineServices: [class com.almasb.fxgl.app.services.FXGLAssetLoaderService, class com.almasb.fxgl.app.FXGLApplication$GameApplicationService, class com.almasb.fxgl.app.services.FXGLDialogService, class com.almasb.fxgl.app.services.IOTaskExecutorService, class com.almasb.fxgl.io.FileSystemService, class com.almasb.fxgl.localization.LocalizationService, class com.almasb.fxgl.app.services.SystemBundleService, class com.almasb.fxgl.profile.SaveLoadService, class com.almasb.fxgl.ui.FXGLUIFactoryServiceProvider, class com.almasb.fxgl.ui.FXGLDialogFactoryServiceProvider, class com.almasb.fxgl.audio.AudioPlayer, class com.almasb.fxgl.notification.impl.NotificationServiceProvider, class com.almasb.fxgl.achievement.AchievementService, class com.almasb.fxgl.cutscene.CutsceneService, class com.almasb.fxgl.minigames.MiniGameService, class com.almasb.fxgl.net.NetService, class com.almasb.fxgl.app.services.UpdaterService, class com.almasb.fxgl.dev.DevService]
17:41:21.399 [FXGL Background Thread 3 ] DEBUG Engine               - fontGame: Abel-Regular.ttf
17:41:21.399 [FXGL Background Thread 3 ] DEBUG Engine               - fontMono: TerminalLandMono-Regular.otf
17:41:21.399 [FXGL Background Thread 3 ] DEBUG Engine               - fontText: Courier-Prime.ttf
17:41:21.400 [FXGL Background Thread 3 ] DEBUG Engine               - fontUI: VarelaRound-Regular.ttf
17:41:21.400 [FXGL Background Thread 3 ] DEBUG Engine               - fullScreen: BooleanProperty [value: false]
17:41:21.400 [FXGL Background Thread 3 ] DEBUG Engine               - gameDifficulty: MEDIUM
17:41:21.400 [FXGL Background Thread 3 ] DEBUG Engine               - gameDifficultyProperty: ObjectProperty [value: MEDIUM]
17:41:21.400 [FXGL Background Thread 3 ] DEBUG Engine               - globalMusicVolume: 0.5
17:41:21.400 [FXGL Background Thread 3 ] DEBUG Engine               - globalMusicVolumeProperty: DoubleProperty [value: 0.5]
17:41:21.400 [FXGL Background Thread 3 ] DEBUG Engine               - globalSoundVolume: 0.5
17:41:21.400 [FXGL Background Thread 3 ] DEBUG Engine               - globalSoundVolumeProperty: DoubleProperty [value: 0.5]
17:41:21.401 [FXGL Background Thread 3 ] DEBUG Engine               - height: 720
17:41:21.401 [FXGL Background Thread 3 ] DEBUG Engine               - is3D: false
17:41:21.401 [FXGL Background Thread 3 ] DEBUG Engine               - isAndroid: false
17:41:21.401 [FXGL Background Thread 3 ] DEBUG Engine               - isBrowser: false
17:41:21.401 [FXGL Background Thread 3 ] DEBUG Engine               - isClickFeedbackEnabled: false
17:41:21.401 [FXGL Background Thread 3 ] DEBUG Engine               - isCloseConfirmation: false
17:41:21.401 [FXGL Background Thread 3 ] DEBUG Engine               - isDesktop: true
17:41:21.402 [FXGL Background Thread 3 ] DEBUG Engine               - isDeveloperMenuEnabled: true
17:41:21.402 [FXGL Background Thread 3 ] DEBUG Engine               - isEmbedded: false
17:41:21.402 [FXGL Background Thread 3 ] DEBUG Engine               - isEntityPreloadEnabled: true
17:41:21.402 [FXGL Background Thread 3 ] DEBUG Engine               - isExperimentalTiledLargeMap: false
17:41:21.402 [FXGL Background Thread 3 ] DEBUG Engine               - isFileSystemWriteAllowed: true
17:41:21.402 [FXGL Background Thread 3 ] DEBUG Engine               - isFullScreenAllowed: false
17:41:21.402 [FXGL Background Thread 3 ] DEBUG Engine               - isFullScreenFromStart: false
17:41:21.402 [FXGL Background Thread 3 ] DEBUG Engine               - isGameMenuEnabled: true
17:41:21.402 [FXGL Background Thread 3 ] DEBUG Engine               - isIOS: false
17:41:21.402 [FXGL Background Thread 3 ] DEBUG Engine               - isIntroEnabled: false
17:41:21.402 [FXGL Background Thread 3 ] DEBUG Engine               - isLinux: false
17:41:21.402 [FXGL Background Thread 3 ] DEBUG Engine               - isMac: false
17:41:21.402 [FXGL Background Thread 3 ] DEBUG Engine               - isMainMenuEnabled: true
17:41:21.402 [FXGL Background Thread 3 ] DEBUG Engine               - isManualResizeEnabled: false
17:41:21.403 [FXGL Background Thread 3 ] DEBUG Engine               - isMobile: false
17:41:21.403 [FXGL Background Thread 3 ] DEBUG Engine               - isNative: false
17:41:21.403 [FXGL Background Thread 3 ] DEBUG Engine               - isPauseMusicWhenMinimized: true
17:41:21.403 [FXGL Background Thread 3 ] DEBUG Engine               - isPreserveResizeRatio: false
17:41:21.403 [FXGL Background Thread 3 ] DEBUG Engine               - isProfilingEnabled: false
17:41:21.403 [FXGL Background Thread 3 ] DEBUG Engine               - isScaleAffectedOnResize: true
17:41:21.403 [FXGL Background Thread 3 ] DEBUG Engine               - isSingleStep: false
17:41:21.403 [FXGL Background Thread 3 ] DEBUG Engine               - isUserProfileEnabled: false
17:41:21.403 [FXGL Background Thread 3 ] DEBUG Engine               - isWindows: true
17:41:21.403 [FXGL Background Thread 3 ] DEBUG Engine               - language: ObjectProperty [value: ENGLISH]
17:41:21.403 [FXGL Background Thread 3 ] DEBUG Engine               - menuKey: ESCAPE
17:41:21.403 [FXGL Background Thread 3 ] DEBUG Engine               - mouseSensitivity: 0.2
17:41:21.403 [FXGL Background Thread 3 ] DEBUG Engine               - notificationViewClass: class com.almasb.fxgl.notification.view.XboxNotificationView
17:41:21.403 [FXGL Background Thread 3 ] DEBUG Engine               - pixelsPerMeter: 50.0
17:41:21.404 [FXGL Background Thread 3 ] DEBUG Engine               - platform: WINDOWS
17:41:21.404 [FXGL Background Thread 3 ] DEBUG Engine               - prefHeightProperty: ReadOnlyDoubleProperty [value: 720.0]
17:41:21.404 [FXGL Background Thread 3 ] DEBUG Engine               - prefWidthProperty: ReadOnlyDoubleProperty [value: 1280.0]
17:41:21.404 [FXGL Background Thread 3 ] DEBUG Engine               - profileDir: profiles/
17:41:21.404 [FXGL Background Thread 3 ] DEBUG Engine               - profileName: StringProperty [value: DEFAULT]
17:41:21.404 [FXGL Background Thread 3 ] DEBUG Engine               - randomSeed: -1
17:41:21.404 [FXGL Background Thread 3 ] DEBUG Engine               - runtimeInfo: RuntimeInfo(platform=WINDOWS, version=17.1, build=24.03.2022 17.34)
17:41:21.404 [FXGL Background Thread 3 ] DEBUG Engine               - saveFileExt: sav
17:41:21.404 [FXGL Background Thread 3 ] DEBUG Engine               - scaledHeightProp$fxgl: DoubleProperty [bound, value: 720.0]
17:41:21.405 [FXGL Background Thread 3 ] DEBUG Engine               - scaledWidthProp$fxgl: DoubleProperty [bound, value: 1280.0]
17:41:21.405 [FXGL Background Thread 3 ] DEBUG Engine               - sceneFactory: hellofx.Main$1@3c0f279a
17:41:21.405 [FXGL Background Thread 3 ] DEBUG Engine               - secondsIn24h: 60
17:41:21.405 [FXGL Background Thread 3 ] DEBUG Engine               - soundMenuBack: menu/back.wav
17:41:21.405 [FXGL Background Thread 3 ] DEBUG Engine               - soundMenuPress: menu/press.wav
17:41:21.405 [FXGL Background Thread 3 ] DEBUG Engine               - soundMenuSelect: menu/select.wav
17:41:21.405 [FXGL Background Thread 3 ] DEBUG Engine               - soundNotification: core/notification.wav
17:41:21.405 [FXGL Background Thread 3 ] DEBUG Engine               - stageStyle: DECORATED
17:41:21.405 [FXGL Background Thread 3 ] DEBUG Engine               - supportedLanguages: [ENGLISH, FRENCH, GERMAN, HUNGARIAN, RUSSIAN]
17:41:21.405 [FXGL Background Thread 3 ] DEBUG Engine               - ticksPerSecond: -1
17:41:21.405 [FXGL Background Thread 3 ] DEBUG Engine               - title: Bomberman
17:41:21.406 [FXGL Background Thread 3 ] DEBUG Engine               - urlGithub: https://github.com/AlmasB/FXGL
17:41:21.406 [FXGL Background Thread 3 ] DEBUG Engine               - urlLeaderboard: http://fxgl-top.herokuapp.com/
17:41:21.406 [FXGL Background Thread 3 ] DEBUG Engine               - urlPOM: https://raw.githubusercontent.com/AlmasB/FXGL/release/README.md
17:41:21.406 [FXGL Background Thread 3 ] DEBUG Engine               - userAppClass: class hellofx.Main
17:41:21.406 [FXGL Background Thread 3 ] DEBUG Engine               - version: 1.0
17:41:21.406 [FXGL Background Thread 3 ] DEBUG Engine               - versionCheckDays: 7
17:41:21.406 [FXGL Background Thread 3 ] DEBUG Engine               - width: 1280
17:41:21.406 [FXGL Background Thread 3 ] DEBUG Engine               - Logging services
17:41:21.406 [FXGL Background Thread 3 ] DEBUG Engine               - class com.almasb.fxgl.app.services.FXGLAssetLoaderService
17:41:21.407 [FXGL Background Thread 3 ] DEBUG Engine               - class com.almasb.fxgl.app.FXGLApplication$GameApplicationService
17:41:21.407 [FXGL Background Thread 3 ] DEBUG Engine               - class com.almasb.fxgl.app.services.FXGLDialogService
17:41:21.407 [FXGL Background Thread 3 ] DEBUG Engine               - class com.almasb.fxgl.app.services.IOTaskExecutorService
17:41:21.407 [FXGL Background Thread 3 ] DEBUG Engine               - class com.almasb.fxgl.io.FileSystemService
17:41:21.407 [FXGL Background Thread 3 ] DEBUG Engine               - class com.almasb.fxgl.localization.LocalizationService
17:41:21.407 [FXGL Background Thread 3 ] DEBUG Engine               - class com.almasb.fxgl.app.services.SystemBundleService
17:41:21.407 [FXGL Background Thread 3 ] DEBUG Engine               - class com.almasb.fxgl.profile.SaveLoadService
17:41:21.407 [FXGL Background Thread 3 ] DEBUG Engine               - class com.almasb.fxgl.ui.FXGLUIFactoryServiceProvider
17:41:21.407 [FXGL Background Thread 3 ] DEBUG Engine               - class com.almasb.fxgl.ui.FXGLDialogFactoryServiceProvider
17:41:21.407 [FXGL Background Thread 3 ] DEBUG Engine               - class com.almasb.fxgl.audio.AudioPlayer
17:41:21.407 [FXGL Background Thread 3 ] DEBUG Engine               - class com.almasb.fxgl.notification.impl.NotificationServiceProvider
17:41:21.407 [FXGL Background Thread 3 ] DEBUG Engine               - class com.almasb.fxgl.achievement.AchievementService
17:41:21.407 [FXGL Background Thread 3 ] DEBUG Engine               - class com.almasb.fxgl.cutscene.CutsceneService
17:41:21.407 [FXGL Background Thread 3 ] DEBUG Engine               - class com.almasb.fxgl.minigames.MiniGameService
17:41:21.408 [FXGL Background Thread 3 ] DEBUG Engine               - class com.almasb.fxgl.net.NetService
17:41:21.408 [FXGL Background Thread 3 ] DEBUG Engine               - class com.almasb.fxgl.app.services.UpdaterService
17:41:21.408 [FXGL Background Thread 3 ] DEBUG Engine               - class com.almasb.fxgl.dev.DevService
17:41:22.305 [JavaFX Application Thread] DEBUG FXGLApplication      - Exiting FXGL
17:41:22.306 [JavaFX Application Thread] DEBUG Async                - Shutting down background threads
17:41:22.306 [JavaFX Application Thread] DEBUG PrimaryStageWindow   - Closing main window
17:41:22.333 [JavaFX Application Thread] DEBUG Logger               - Closing Logger
