16:49:58.375 [main                     ] DEBUG Logger               - Configured Logger
16:49:58.392 [main                     ] DEBUG GameApplication      - Logging settings
Title: Bomberman
Version: 1.0
Width: 1280
Height: 720
Fullscreen: false
Intro: false
Profiling: false
Single step:false
App Mode: DEVELOPER
Menu Key: ESCAPE
Stage Style: DECORATED
Scene Factory: class hellofx.Main$1

16:49:58.498 [JavaFX Application Thread] DEBUG FXGLApplication      - Initializing FXGL
16:49:58.503 [JavaFX Application Thread] INFO  Engine               - FXGL-17.1 (24.03.2022 17.34) on WINDOWS (J:18.0.2.1 FX:18)
16:49:58.504 [JavaFX Application Thread] DEBUG Engine               - JRE Vendor Name: Oracle Corporation
16:49:58.504 [JavaFX Application Thread] DEBUG Engine               - Running on OS: Windows 11 version 10.0
16:49:58.504 [JavaFX Application Thread] DEBUG Engine               - Architecture: amd64
16:49:58.504 [JavaFX Application Thread] INFO  Engine               - Source code and latest versions at: https://github.com/AlmasB/FXGL
16:49:58.504 [JavaFX Application Thread] INFO  Engine               -       Ask questions and discuss at: https://github.com/AlmasB/FXGL/discussions
16:49:58.504 [JavaFX Application Thread] INFO  Engine               -              Join the FXGL chat at: https://gitter.im/AlmasB/FXGL
16:49:58.557 [JavaFX Application Thread] DEBUG PrimaryStageWindow   - Creating a JavaFX scene
16:49:58.603 [JavaFX Application Thread] DEBUG PrimaryStageWindow   - Target settings size: 1280.0 x 720.0
16:49:58.604 [JavaFX Application Thread] DEBUG PrimaryStageWindow   - Scaled scene size:    1280.0 x 720.0
16:49:58.604 [JavaFX Application Thread] DEBUG PrimaryStageWindow   - Scaled ratio: (1.0, 1.0)
16:49:58.605 [JavaFX Application Thread] DEBUG PrimaryStageWindow   - Set initial scene to FXGLStartupScene
16:49:58.612 [JavaFX Application Thread] DEBUG PrimaryStageWindow   - Opening main window
16:49:58.703 [JavaFX Application Thread] DEBUG PrimaryStageWindow   - Window border size: (16.0, 39.0)
16:49:58.704 [JavaFX Application Thread] DEBUG PrimaryStageWindow   - Scaled size: 1280.0 x 720.0
16:49:58.704 [JavaFX Application Thread] DEBUG PrimaryStageWindow   - Scaled ratio: (1.0, 1.0)
16:49:58.704 [JavaFX Application Thread] DEBUG PrimaryStageWindow   - Scene size: 1280.0 x 720.0
16:49:58.705 [JavaFX Application Thread] DEBUG PrimaryStageWindow   - Stage size: 1296.0 x 759.0
16:49:58.713 [FXGL Background Thread 1 ] DEBUG Engine               - Initializing environment variables
16:49:58.787 [FXGL Background Thread 1 ] DEBUG FXGLAssetLoaderServi - User app class for loading assets: class hellofx.Main
16:49:58.787 [FXGL Background Thread 1 ] DEBUG GameApplicationServi - Applying CSS: fxgl_dark.css
16:49:58.788 [FXGL Background Thread 1 ] DEBUG FXGLAssetLoaderServi - Loading from file system: jar:file:/C:/Users/chaum/.m2/repository/com/github/almasb/fxgl/17.1/fxgl-17.1.jar!/fxglassets/ui/css/fxgl_dark.css
16:49:58.841 [FXGL Background Thread 1 ] DEBUG GameApplicationServi - Initializing application scenes
16:49:58.884 [FXGL Background Thread 1 ] DEBUG GameWorld            - Game world initialized
16:49:58.934 [FXGL Background Thread 1 ] DEBUG PhysicsWorld         - Physics world initialized: appHeight=720, physics.ppm=50.0
16:49:58.934 [FXGL Background Thread 1 ] DEBUG PhysicsWorld         - Using strategy: BRUTE_FORCE
16:49:58.937 [FXGL Background Thread 1 ] DEBUG GameScene            - Game scene initialized: 1280x720
16:49:59.022 [FXGL Background Thread 1 ] DEBUG GameApplicationServi - Application scenes initialized
16:49:59.038 [FXGL Background Thread 1 ] DEBUG SystemBundleService  - Loading FXGL system data
16:49:59.046 [FXGL Background Thread 1 ] DEBUG FileSystemAccess     - Reading from: E:\space_java\Game\game_datbom\system\fxgl.bundle
16:49:59.059 [FXGL Background Thread 1 ] DEBUG SystemBundleService  - Bundle FXGL: {}
16:49:59.059 [FXGL Background Thread 1 ] DEBUG UpdaterService       - Checking for updates
16:49:59.098 [FXGL Background Thread 4 ] DEBUG FXGLApplication      - Loading fonts
16:49:59.099 [FXGL Background Thread 1 ] DEBUG FXGLApplication      - Loading default localization
16:49:59.099 [FXGL Background Thread 4 ] DEBUG FXGLAssetLoaderServi - Loading from file system: jar:file:/C:/Users/chaum/.m2/repository/com/github/almasb/fxgl/17.1/fxgl-17.1.jar!/fxglassets/ui/fonts/VarelaRound-Regular.ttf
16:49:59.100 [FXGL Background Thread 1 ] DEBUG FXGLAssetLoaderServi - Loading from file system: jar:file:/C:/Users/chaum/.m2/repository/com/github/almasb/fxgl/17.1/fxgl-17.1.jar!/fxglassets/languages/english.lang
16:49:59.121 [FXGL Background Thread 1 ] INFO  FXGLApplication      - FXGL initialization took: 0.408 sec
16:49:59.131 [JavaFX Application Thread] DEBUG Input                - Registered new binding: action0 - F
16:49:59.131 [JavaFX Application Thread] DEBUG Input                - Registered new binding: Right - D
16:49:59.131 [JavaFX Application Thread] DEBUG Input                - Registered new binding: Left - A
16:49:59.132 [JavaFX Application Thread] DEBUG Input                - Registered new binding: Up - W
16:49:59.132 [JavaFX Application Thread] DEBUG Input                - Registered new binding: Down - S
16:49:59.132 [JavaFX Application Thread] DEBUG Input                - Registered new binding: Place boom - Space
16:49:59.132 [JavaFX Application Thread] DEBUG FXGLAssetLoaderServi - Loading from file system: file:/E:/space_java/Game/game_datbom/target/classes/assets/textures/icon/icon.png
16:49:59.176 [FXGL Background Thread 4 ] DEBUG FXGLAssetLoaderServi - Loading from file system: jar:file:/C:/Users/chaum/.m2/repository/com/github/almasb/fxgl/17.1/fxgl-17.1.jar!/fxglassets/ui/fonts/Abel-Regular.ttf
16:49:59.181 [FXGL Background Thread 4 ] DEBUG FXGLAssetLoaderServi - Loading from file system: jar:file:/C:/Users/chaum/.m2/repository/com/github/almasb/fxgl/17.1/fxgl-17.1.jar!/fxglassets/ui/fonts/TerminalLandMono-Regular.otf
16:49:59.185 [FXGL Background Thread 4 ] DEBUG FXGLAssetLoaderServi - Loading from file system: jar:file:/C:/Users/chaum/.m2/repository/com/github/almasb/fxgl/17.1/fxgl-17.1.jar!/fxglassets/ui/fonts/Courier-Prime.ttf
16:49:59.201 [JavaFX Application Thread] DEBUG FXGLAssetLoaderServi - Loading from file system: file:/E:/space_java/Game/game_datbom/target/classes/assets/textures/cursor/cursor1.png
16:49:59.212 [JavaFX Application Thread] DEBUG Input                - Registered new binding: Screenshot - CTRL+8
16:49:59.212 [JavaFX Application Thread] DEBUG Input                - Registered new binding: Dev Options - 1
16:49:59.213 [JavaFX Application Thread] DEBUG Input                - Registered new binding: Dev Console - 2
16:49:59.213 [JavaFX Application Thread] DEBUG Input                - Registered new binding: System info dump - CTRL+9
16:49:59.213 [JavaFX Application Thread] DEBUG Input                - Registered new binding: Restart - CTRL+R
16:49:59.214 [JavaFX Application Thread] DEBUG Input                - Registered new binding: Toggle Debug Camera - CTRL+7
16:49:59.218 [JavaFX Application Thread] DEBUG LoopRunner           - Starting loop
16:49:59.233 [JavaFX Application Thread] DEBUG LoopRunner           - Initializing JavaFX AnimationTimerLoop
16:49:59.236 [JavaFX Application Thread] DEBUG Input                - Clearing active input actions
16:49:59.244 [JavaFX Application Thread] DEBUG GameApplicationServi - Removing overlay from FXGLStartupScene and adding to FXGLMainMenuDummyScene
16:49:59.249 [JavaFX Application Thread] DEBUG PrimaryStageWindow   - FXGLStartupScene -> FXGLMainMenuDummyScene
16:49:59.249 [JavaFX Application Thread] DEBUG PrimaryStageWindow   - Push state: MainMenu
16:49:59.249 [JavaFX Application Thread] DEBUG Input                - Clearing active input actions
16:49:59.253 [JavaFX Application Thread] DEBUG GameApplicationServi - Removing overlay from FXGLMainMenuDummyScene and adding to MainMenu
16:49:59.254 [JavaFX Application Thread] DEBUG PrimaryStageWindow   - FXGLMainMenuDummyScene -> MainMenu
16:49:59.254 [JavaFX Application Thread] DEBUG FXGLApplication      - Registering font factories with UI factory
16:49:59.663 [FXGL Background Thread 2 ] INFO  UpdaterService       - Your current version:  17.1
16:49:59.664 [FXGL Background Thread 2 ] INFO  UpdaterService       - Latest stable version: 17.2
16:50:01.258 [JavaFX Application Thread] DEBUG Menu                 - fireNewGame()
16:50:01.258 [JavaFX Application Thread] DEBUG GameApplicationServi - Starting new game
16:50:01.258 [JavaFX Application Thread] DEBUG PrimaryStageWindow   - Pop state: MainMenu
16:50:01.258 [JavaFX Application Thread] DEBUG Input                - Clearing active input actions
16:50:01.261 [JavaFX Application Thread] DEBUG GameApplicationServi - Removing overlay from MainMenu and adding to FXGLMainMenuDummyScene
16:50:01.266 [JavaFX Application Thread] DEBUG PrimaryStageWindow   - FXGLMainMenuDummyScene <- MainMenu
16:50:01.267 [JavaFX Application Thread] DEBUG Input                - Clearing active input actions
16:50:01.276 [JavaFX Application Thread] DEBUG GameApplicationServi - Removing overlay from FXGLMainMenuDummyScene and adding to FXGLLoadingScene
16:50:01.277 [JavaFX Application Thread] DEBUG PrimaryStageWindow   - FXGLMainMenuDummyScene -> FXGLLoadingScene
16:50:01.277 [JavaFX Application Thread] DEBUG GameApplicationServi - Clearing previous game
16:50:01.277 [JavaFX Application Thread] DEBUG GameScene            - Clearing game scene
16:50:01.277 [JavaFX Application Thread] DEBUG GameWorld            - Clearing game world
16:50:01.278 [JavaFX Application Thread] DEBUG PhysicsWorld         - Clearing physics world
16:50:01.280 [FXGL Background Thread 2 ] DEBUG FXGLApplication      - Initializing game
16:50:01.308 [FXGL Background Thread 2 ] DEBUG FXGLAssetLoaderServi - Loading from file system: file:/E:/space_java/Game/game_datbom/target/classes/assets/textures/mapTexture/grass.png
16:50:01.316 [FXGL Background Thread 2 ] DEBUG FXGLAssetLoaderServi - Loading from file system: file:/E:/space_java/Game/game_datbom/target/classes/assets/textures/mapTexture/wall.png
16:50:01.410 [FXGL Background Thread 2 ] DEBUG FXGLAssetLoaderServi - Loading from file system: file:/E:/space_java/Game/game_datbom/target/classes/assets/textures/mapTexture/brick.png
16:50:01.556 [FXGL Background Thread 2 ] DEBUG FXGLAssetLoaderServi - Loading from file system: file:/E:/space_java/Game/game_datbom/target/classes/assets/textures/character/gold_player_up.png
16:50:01.559 [FXGL Background Thread 2 ] DEBUG FXGLAssetLoaderServi - Loading from file system: file:/E:/space_java/Game/game_datbom/target/classes/assets/textures/character/gold_player_down.png
16:50:01.568 [FXGL Background Thread 2 ] DEBUG FXGLAssetLoaderServi - Loading from file system: file:/E:/space_java/Game/game_datbom/target/classes/assets/textures/character/gold_player_left.png
16:50:01.569 [FXGL Background Thread 2 ] DEBUG FXGLAssetLoaderServi - Loading from file system: file:/E:/space_java/Game/game_datbom/target/classes/assets/textures/character/gold_player_right.png
16:50:01.582 [FXGL Background Thread 2 ] WARN  Entity               - Entity already has component: com.almasb.fxgl.entity.components.CollidableComponent
16:50:01.583 [FXGL Background Thread 2 ] INFO  FXGLApplication      - Game initialization took: 0.304 sec
16:50:01.584 [JavaFX Application Thread] DEBUG Input                - Clearing active input actions
16:50:01.601 [JavaFX Application Thread] DEBUG GameApplicationServi - Removing overlay from FXGLLoadingScene and adding to GameScene
16:50:01.603 [JavaFX Application Thread] DEBUG PrimaryStageWindow   - FXGLLoadingScene -> GameScene
16:50:02.097 [FXGL Background Thread 3 ] DEBUG Engine               - Logging environment variables
16:50:02.098 [FXGL Background Thread 3 ] DEBUG Engine               - achievements: []
16:50:02.098 [FXGL Background Thread 3 ] DEBUG Engine               - actualHeight: 720.0
16:50:02.098 [FXGL Background Thread 3 ] DEBUG Engine               - actualHeightProperty: ReadOnlyDoubleProperty [value: 720.0]
16:50:02.098 [FXGL Background Thread 3 ] DEBUG Engine               - actualWidth: 1280.0
16:50:02.098 [FXGL Background Thread 3 ] DEBUG Engine               - actualWidthProperty: ReadOnlyDoubleProperty [value: 1280.0]
16:50:02.098 [FXGL Background Thread 3 ] DEBUG Engine               - appIcon: icon/icon.png
16:50:02.098 [FXGL Background Thread 3 ] DEBUG Engine               - applicationMode: DEVELOPER
16:50:02.098 [FXGL Background Thread 3 ] DEBUG Engine               - cSSList: [fxgl_dark.css]
16:50:02.098 [FXGL Background Thread 3 ] DEBUG Engine               - collisionDetectionStrategy: BRUTE_FORCE
16:50:02.098 [FXGL Background Thread 3 ] DEBUG Engine               - configClass: Optional.empty
16:50:02.099 [FXGL Background Thread 3 ] DEBUG Engine               - credits: []
16:50:02.100 [FXGL Background Thread 3 ] DEBUG Engine               - defaultCursor: CursorInfo(imageName=cursor/cursor1.png, hotspotX=0.0, hotspotY=0.0)
16:50:02.101 [FXGL Background Thread 3 ] DEBUG Engine               - devBBoxColorProperty: ObjectProperty [value: 0xff0000ff]
16:50:02.101 [FXGL Background Thread 3 ] DEBUG Engine               - devEnableDebugCameraProperty: BooleanProperty [value: false]
16:50:02.101 [FXGL Background Thread 3 ] DEBUG Engine               - devSensorColorProperty: ObjectProperty [value: 0xffff00ff]
16:50:02.101 [FXGL Background Thread 3 ] DEBUG Engine               - devShowBBoxProperty: BooleanProperty [value: false]
16:50:02.101 [FXGL Background Thread 3 ] DEBUG Engine               - devShowPositionProperty: BooleanProperty [value: false]
16:50:02.101 [FXGL Background Thread 3 ] DEBUG Engine               - enabledMenuItems: []
16:50:02.101 [FXGL Background Thread 3 ] DEBUG Engine               - engineServices: [class com.almasb.fxgl.app.services.FXGLAssetLoaderService, class com.almasb.fxgl.app.FXGLApplication$GameApplicationService, class com.almasb.fxgl.app.services.FXGLDialogService, class com.almasb.fxgl.app.services.IOTaskExecutorService, class com.almasb.fxgl.io.FileSystemService, class com.almasb.fxgl.localization.LocalizationService, class com.almasb.fxgl.app.services.SystemBundleService, class com.almasb.fxgl.profile.SaveLoadService, class com.almasb.fxgl.ui.FXGLUIFactoryServiceProvider, class com.almasb.fxgl.ui.FXGLDialogFactoryServiceProvider, class com.almasb.fxgl.audio.AudioPlayer, class com.almasb.fxgl.notification.impl.NotificationServiceProvider, class com.almasb.fxgl.achievement.AchievementService, class com.almasb.fxgl.cutscene.CutsceneService, class com.almasb.fxgl.minigames.MiniGameService, class com.almasb.fxgl.net.NetService, class com.almasb.fxgl.app.services.UpdaterService, class com.almasb.fxgl.dev.DevService]
16:50:02.101 [FXGL Background Thread 3 ] DEBUG Engine               - fontGame: Abel-Regular.ttf
16:50:02.101 [FXGL Background Thread 3 ] DEBUG Engine               - fontMono: TerminalLandMono-Regular.otf
16:50:02.101 [FXGL Background Thread 3 ] DEBUG Engine               - fontText: Courier-Prime.ttf
16:50:02.101 [FXGL Background Thread 3 ] DEBUG Engine               - fontUI: VarelaRound-Regular.ttf
16:50:02.102 [FXGL Background Thread 3 ] DEBUG Engine               - fullScreen: BooleanProperty [value: false]
16:50:02.102 [FXGL Background Thread 3 ] DEBUG Engine               - gameDifficulty: MEDIUM
16:50:02.102 [FXGL Background Thread 3 ] DEBUG Engine               - gameDifficultyProperty: ObjectProperty [value: MEDIUM]
16:50:02.102 [FXGL Background Thread 3 ] DEBUG Engine               - globalMusicVolume: 0.5
16:50:02.102 [FXGL Background Thread 3 ] DEBUG Engine               - globalMusicVolumeProperty: DoubleProperty [value: 0.5]
16:50:02.102 [FXGL Background Thread 3 ] DEBUG Engine               - globalSoundVolume: 0.5
16:50:02.102 [FXGL Background Thread 3 ] DEBUG Engine               - globalSoundVolumeProperty: DoubleProperty [value: 0.5]
16:50:02.102 [FXGL Background Thread 3 ] DEBUG Engine               - height: 720
16:50:02.102 [FXGL Background Thread 3 ] DEBUG Engine               - is3D: false
16:50:02.102 [FXGL Background Thread 3 ] DEBUG Engine               - isAndroid: false
16:50:02.102 [FXGL Background Thread 3 ] DEBUG Engine               - isBrowser: false
16:50:02.102 [FXGL Background Thread 3 ] DEBUG Engine               - isClickFeedbackEnabled: false
16:50:02.102 [FXGL Background Thread 3 ] DEBUG Engine               - isCloseConfirmation: false
16:50:02.103 [FXGL Background Thread 3 ] DEBUG Engine               - isDesktop: true
16:50:02.103 [FXGL Background Thread 3 ] DEBUG Engine               - isDeveloperMenuEnabled: true
16:50:02.103 [FXGL Background Thread 3 ] DEBUG Engine               - isEmbedded: false
16:50:02.103 [FXGL Background Thread 3 ] DEBUG Engine               - isEntityPreloadEnabled: true
16:50:02.103 [FXGL Background Thread 3 ] DEBUG Engine               - isExperimentalTiledLargeMap: false
16:50:02.103 [FXGL Background Thread 3 ] DEBUG Engine               - isFileSystemWriteAllowed: true
16:50:02.103 [FXGL Background Thread 3 ] DEBUG Engine               - isFullScreenAllowed: false
16:50:02.103 [FXGL Background Thread 3 ] DEBUG Engine               - isFullScreenFromStart: false
16:50:02.103 [FXGL Background Thread 3 ] DEBUG Engine               - isGameMenuEnabled: true
16:50:02.103 [FXGL Background Thread 3 ] DEBUG Engine               - isIOS: false
16:50:02.103 [FXGL Background Thread 3 ] DEBUG Engine               - isIntroEnabled: false
16:50:02.103 [FXGL Background Thread 3 ] DEBUG Engine               - isLinux: false
16:50:02.103 [FXGL Background Thread 3 ] DEBUG Engine               - isMac: false
16:50:02.104 [FXGL Background Thread 3 ] DEBUG Engine               - isMainMenuEnabled: true
16:50:02.104 [FXGL Background Thread 3 ] DEBUG Engine               - isManualResizeEnabled: false
16:50:02.104 [FXGL Background Thread 3 ] DEBUG Engine               - isMobile: false
16:50:02.104 [FXGL Background Thread 3 ] DEBUG Engine               - isNative: false
16:50:02.104 [FXGL Background Thread 3 ] DEBUG Engine               - isPauseMusicWhenMinimized: true
16:50:02.104 [FXGL Background Thread 3 ] DEBUG Engine               - isPreserveResizeRatio: false
16:50:02.104 [FXGL Background Thread 3 ] DEBUG Engine               - isProfilingEnabled: false
16:50:02.104 [FXGL Background Thread 3 ] DEBUG Engine               - isScaleAffectedOnResize: true
16:50:02.104 [FXGL Background Thread 3 ] DEBUG Engine               - isSingleStep: false
16:50:02.104 [FXGL Background Thread 3 ] DEBUG Engine               - isUserProfileEnabled: false
16:50:02.104 [FXGL Background Thread 3 ] DEBUG Engine               - isWindows: true
16:50:02.104 [FXGL Background Thread 3 ] DEBUG Engine               - language: ObjectProperty [value: ENGLISH]
16:50:02.105 [FXGL Background Thread 3 ] DEBUG Engine               - menuKey: ESCAPE
16:50:02.105 [FXGL Background Thread 3 ] DEBUG Engine               - mouseSensitivity: 0.2
16:50:02.105 [FXGL Background Thread 3 ] DEBUG Engine               - notificationViewClass: class com.almasb.fxgl.notification.view.XboxNotificationView
16:50:02.105 [FXGL Background Thread 3 ] DEBUG Engine               - pixelsPerMeter: 50.0
16:50:02.105 [FXGL Background Thread 3 ] DEBUG Engine               - platform: WINDOWS
16:50:02.105 [FXGL Background Thread 3 ] DEBUG Engine               - prefHeightProperty: ReadOnlyDoubleProperty [value: 720.0]
16:50:02.105 [FXGL Background Thread 3 ] DEBUG Engine               - prefWidthProperty: ReadOnlyDoubleProperty [value: 1280.0]
16:50:02.105 [FXGL Background Thread 3 ] DEBUG Engine               - profileDir: profiles/
16:50:02.105 [FXGL Background Thread 3 ] DEBUG Engine               - profileName: StringProperty [value: DEFAULT]
16:50:02.105 [FXGL Background Thread 3 ] DEBUG Engine               - randomSeed: -1
16:50:02.106 [FXGL Background Thread 3 ] DEBUG Engine               - runtimeInfo: RuntimeInfo(platform=WINDOWS, version=17.1, build=24.03.2022 17.34)
16:50:02.106 [FXGL Background Thread 3 ] DEBUG Engine               - saveFileExt: sav
16:50:02.106 [FXGL Background Thread 3 ] DEBUG Engine               - scaledHeightProp$fxgl: DoubleProperty [bound, value: 720.0]
16:50:02.106 [FXGL Background Thread 3 ] DEBUG Engine               - scaledWidthProp$fxgl: DoubleProperty [bound, value: 1280.0]
16:50:02.106 [FXGL Background Thread 3 ] DEBUG Engine               - sceneFactory: hellofx.Main$1@6179bb0
16:50:02.106 [FXGL Background Thread 3 ] DEBUG Engine               - secondsIn24h: 60
16:50:02.106 [FXGL Background Thread 3 ] DEBUG Engine               - soundMenuBack: menu/back.wav
16:50:02.106 [FXGL Background Thread 3 ] DEBUG Engine               - soundMenuPress: menu/press.wav
16:50:02.106 [FXGL Background Thread 3 ] DEBUG Engine               - soundMenuSelect: menu/select.wav
16:50:02.107 [FXGL Background Thread 3 ] DEBUG Engine               - soundNotification: core/notification.wav
16:50:02.107 [FXGL Background Thread 3 ] DEBUG Engine               - stageStyle: DECORATED
16:50:02.107 [FXGL Background Thread 3 ] DEBUG Engine               - supportedLanguages: [ENGLISH, FRENCH, GERMAN, HUNGARIAN, RUSSIAN]
16:50:02.107 [FXGL Background Thread 3 ] DEBUG Engine               - ticksPerSecond: -1
16:50:02.107 [FXGL Background Thread 3 ] DEBUG Engine               - title: Bomberman
16:50:02.107 [FXGL Background Thread 3 ] DEBUG Engine               - urlGithub: https://github.com/AlmasB/FXGL
16:50:02.107 [FXGL Background Thread 3 ] DEBUG Engine               - urlLeaderboard: http://fxgl-top.herokuapp.com/
16:50:02.107 [FXGL Background Thread 3 ] DEBUG Engine               - urlPOM: https://raw.githubusercontent.com/AlmasB/FXGL/release/README.md
16:50:02.107 [FXGL Background Thread 3 ] DEBUG Engine               - userAppClass: class hellofx.Main
16:50:02.107 [FXGL Background Thread 3 ] DEBUG Engine               - version: 1.0
16:50:02.107 [FXGL Background Thread 3 ] DEBUG Engine               - versionCheckDays: 7
16:50:02.107 [FXGL Background Thread 3 ] DEBUG Engine               - width: 1280
16:50:02.107 [FXGL Background Thread 3 ] DEBUG Engine               - Logging services
16:50:02.107 [FXGL Background Thread 3 ] DEBUG Engine               - class com.almasb.fxgl.app.services.FXGLAssetLoaderService
16:50:02.107 [FXGL Background Thread 3 ] DEBUG Engine               - class com.almasb.fxgl.app.FXGLApplication$GameApplicationService
16:50:02.107 [FXGL Background Thread 3 ] DEBUG Engine               - class com.almasb.fxgl.app.services.FXGLDialogService
16:50:02.107 [FXGL Background Thread 3 ] DEBUG Engine               - class com.almasb.fxgl.app.services.IOTaskExecutorService
16:50:02.107 [FXGL Background Thread 3 ] DEBUG Engine               - class com.almasb.fxgl.io.FileSystemService
16:50:02.108 [FXGL Background Thread 3 ] DEBUG Engine               - class com.almasb.fxgl.localization.LocalizationService
16:50:02.108 [FXGL Background Thread 3 ] DEBUG Engine               - class com.almasb.fxgl.app.services.SystemBundleService
16:50:02.108 [FXGL Background Thread 3 ] DEBUG Engine               - class com.almasb.fxgl.profile.SaveLoadService
16:50:02.108 [FXGL Background Thread 3 ] DEBUG Engine               - class com.almasb.fxgl.ui.FXGLUIFactoryServiceProvider
16:50:02.108 [FXGL Background Thread 3 ] DEBUG Engine               - class com.almasb.fxgl.ui.FXGLDialogFactoryServiceProvider
16:50:02.108 [FXGL Background Thread 3 ] DEBUG Engine               - class com.almasb.fxgl.audio.AudioPlayer
16:50:02.108 [FXGL Background Thread 3 ] DEBUG Engine               - class com.almasb.fxgl.notification.impl.NotificationServiceProvider
16:50:02.108 [FXGL Background Thread 3 ] DEBUG Engine               - class com.almasb.fxgl.achievement.AchievementService
16:50:02.108 [FXGL Background Thread 3 ] DEBUG Engine               - class com.almasb.fxgl.cutscene.CutsceneService
16:50:02.108 [FXGL Background Thread 3 ] DEBUG Engine               - class com.almasb.fxgl.minigames.MiniGameService
16:50:02.108 [FXGL Background Thread 3 ] DEBUG Engine               - class com.almasb.fxgl.net.NetService
16:50:02.108 [FXGL Background Thread 3 ] DEBUG Engine               - class com.almasb.fxgl.app.services.UpdaterService
16:50:02.108 [FXGL Background Thread 3 ] DEBUG Engine               - class com.almasb.fxgl.dev.DevService
16:50:06.770 [JavaFX Application Thread] DEBUG FXGLAssetLoaderServi - Loading from file system: file:/E:/space_java/Game/game_datbom/target/classes/assets/textures/character%5cbomb.png
16:50:06.776 [JavaFX Application Thread] DEBUG FXGLAssetLoaderServi - Loading from file system: file:/E:/space_java/Game/game_datbom/target/classes/assets/textures/flame%5cleft_flame.png
16:50:06.779 [JavaFX Application Thread] DEBUG FXGLAssetLoaderServi - Loading from file system: file:/E:/space_java/Game/game_datbom/target/classes/assets/textures/flame%5cup_flame.png
16:50:06.781 [JavaFX Application Thread] DEBUG FXGLAssetLoaderServi - Loading from file system: file:/E:/space_java/Game/game_datbom/target/classes/assets/textures/flame%5ccentral_flame.png
16:50:09.732 [JavaFX Application Thread] DEBUG FXGLAssetLoaderServi - Loading from file system: file:/E:/space_java/Game/game_datbom/target/classes/assets/sounds/drop.wav
16:50:17.225 [JavaFX Application Thread] DEBUG FXGLApplication      - Exiting FXGL
16:50:17.226 [JavaFX Application Thread] DEBUG LoopRunner           - Stopping loop
16:50:17.227 [JavaFX Application Thread] DEBUG SystemBundleService  - Saving FXGL system data
16:50:17.232 [JavaFX Application Thread] DEBUG FileSystemAccess     - Writing to: E:\space_java\Game\game_datbom\system\fxgl.bundle
16:50:17.234 [JavaFX Application Thread] DEBUG Async                - Shutting down background threads
16:50:17.235 [JavaFX Application Thread] DEBUG PrimaryStageWindow   - Closing main window
16:50:17.269 [JavaFX Application Thread] DEBUG Logger               - Closing Logger
