09:49:59.150 [main                     ] DEBUG Logger               - Configured Logger
09:49:59.167 [main                     ] DEBUG GameApplication      - Logging settings
Title: Bomberman
Version: 1.0
Width: 1280
Height: 720
Fullscreen: false
Intro: false
Profiling: false
Single step:false
App Mode: DEVELOPER
Menu Key: ESCAPE
Stage Style: DECORATED
Scene Factory: class hellofx.Main$1

09:49:59.282 [JavaFX Application Thread] DEBUG FXGLApplication      - Initializing FXGL
09:49:59.287 [JavaFX Application Thread] INFO  Engine               - FXGL-17.1 (24.03.2022 17.34) on WINDOWS (J:18.0.2.1 FX:18)
09:49:59.288 [JavaFX Application Thread] DEBUG Engine               - JRE Vendor Name: Oracle Corporation
09:49:59.288 [JavaFX Application Thread] DEBUG Engine               - Running on OS: Windows 11 version 10.0
09:49:59.288 [JavaFX Application Thread] DEBUG Engine               - Architecture: amd64
09:49:59.288 [JavaFX Application Thread] INFO  Engine               - Source code and latest versions at: https://github.com/AlmasB/FXGL
09:49:59.289 [JavaFX Application Thread] INFO  Engine               -       Ask questions and discuss at: https://github.com/AlmasB/FXGL/discussions
09:49:59.289 [JavaFX Application Thread] INFO  Engine               -              Join the FXGL chat at: https://gitter.im/AlmasB/FXGL
09:49:59.337 [JavaFX Application Thread] DEBUG PrimaryStageWindow   - Creating a JavaFX scene
09:49:59.383 [JavaFX Application Thread] DEBUG PrimaryStageWindow   - Target settings size: 1280.0 x 720.0
09:49:59.383 [JavaFX Application Thread] DEBUG PrimaryStageWindow   - Scaled scene size:    1280.0 x 720.0
09:49:59.383 [JavaFX Application Thread] DEBUG PrimaryStageWindow   - Scaled ratio: (1.0, 1.0)
09:49:59.385 [JavaFX Application Thread] DEBUG PrimaryStageWindow   - Set initial scene to FXGLStartupScene
09:49:59.393 [JavaFX Application Thread] DEBUG PrimaryStageWindow   - Opening main window
09:49:59.482 [JavaFX Application Thread] DEBUG PrimaryStageWindow   - Window border size: (16.0, 39.0)
09:49:59.483 [JavaFX Application Thread] DEBUG PrimaryStageWindow   - Scaled size: 1280.0 x 720.0
09:49:59.483 [JavaFX Application Thread] DEBUG PrimaryStageWindow   - Scaled ratio: (1.0, 1.0)
09:49:59.483 [JavaFX Application Thread] DEBUG PrimaryStageWindow   - Scene size: 1280.0 x 720.0
09:49:59.484 [JavaFX Application Thread] DEBUG PrimaryStageWindow   - Stage size: 1296.0 x 759.0
09:49:59.490 [FXGL Background Thread 1 ] DEBUG Engine               - Initializing environment variables
09:49:59.562 [FXGL Background Thread 1 ] DEBUG FXGLAssetLoaderServi - User app class for loading assets: class hellofx.Main
09:49:59.562 [FXGL Background Thread 1 ] DEBUG GameApplicationServi - Applying CSS: fxgl_dark.css
09:49:59.564 [FXGL Background Thread 1 ] DEBUG FXGLAssetLoaderServi - Loading from file system: jar:file:/C:/Users/chaum/.m2/repository/com/github/almasb/fxgl/17.1/fxgl-17.1.jar!/fxglassets/ui/css/fxgl_dark.css
09:49:59.612 [FXGL Background Thread 1 ] DEBUG GameApplicationServi - Initializing application scenes
09:49:59.656 [FXGL Background Thread 1 ] DEBUG GameWorld            - Game world initialized
09:49:59.707 [FXGL Background Thread 1 ] DEBUG PhysicsWorld         - Physics world initialized: appHeight=720, physics.ppm=50.0
09:49:59.707 [FXGL Background Thread 1 ] DEBUG PhysicsWorld         - Using strategy: BRUTE_FORCE
09:49:59.710 [FXGL Background Thread 1 ] DEBUG GameScene            - Game scene initialized: 1280x720
09:49:59.784 [FXGL Background Thread 1 ] DEBUG GameApplicationServi - Application scenes initialized
09:49:59.800 [FXGL Background Thread 1 ] DEBUG SystemBundleService  - Loading FXGL system data
09:49:59.811 [FXGL Background Thread 1 ] DEBUG FileSystemAccess     - Reading from: E:\space_java\Game\game_datbom\system\fxgl.bundle
09:49:59.826 [FXGL Background Thread 1 ] DEBUG SystemBundleService  - Bundle FXGL: {}
09:49:59.826 [FXGL Background Thread 1 ] DEBUG UpdaterService       - Checking for updates
09:49:59.859 [FXGL Background Thread 4 ] DEBUG FXGLApplication      - Loading fonts
09:49:59.860 [FXGL Background Thread 1 ] DEBUG FXGLApplication      - Loading default localization
09:49:59.860 [FXGL Background Thread 1 ] DEBUG FXGLAssetLoaderServi - Loading from file system: jar:file:/C:/Users/chaum/.m2/repository/com/github/almasb/fxgl/17.1/fxgl-17.1.jar!/fxglassets/languages/english.lang
09:49:59.861 [FXGL Background Thread 4 ] DEBUG FXGLAssetLoaderServi - Loading from file system: jar:file:/C:/Users/chaum/.m2/repository/com/github/almasb/fxgl/17.1/fxgl-17.1.jar!/fxglassets/ui/fonts/VarelaRound-Regular.ttf
09:49:59.882 [FXGL Background Thread 1 ] INFO  FXGLApplication      - FXGL initialization took: 0.391 sec
09:49:59.892 [JavaFX Application Thread] DEBUG Input                - Registered new binding: action0 - F
09:49:59.892 [JavaFX Application Thread] DEBUG Input                - Registered new binding: Right - D
09:49:59.892 [JavaFX Application Thread] DEBUG Input                - Registered new binding: Left - A
09:49:59.892 [JavaFX Application Thread] DEBUG Input                - Registered new binding: Up - W
09:49:59.893 [JavaFX Application Thread] DEBUG Input                - Registered new binding: Down - S
09:49:59.893 [JavaFX Application Thread] DEBUG Input                - Registered new binding: Place boom - Space
09:49:59.893 [JavaFX Application Thread] DEBUG FXGLAssetLoaderServi - Loading from file system: file:/E:/space_java/Game/game_datbom/target/classes/assets/textures/icon/icon.png
09:49:59.956 [JavaFX Application Thread] DEBUG FXGLAssetLoaderServi - Loading from file system: file:/E:/space_java/Game/game_datbom/target/classes/assets/textures/cursor/cursor1.png
09:49:59.958 [FXGL Background Thread 4 ] DEBUG FXGLAssetLoaderServi - Loading from file system: jar:file:/C:/Users/chaum/.m2/repository/com/github/almasb/fxgl/17.1/fxgl-17.1.jar!/fxglassets/ui/fonts/Abel-Regular.ttf
09:49:59.966 [FXGL Background Thread 4 ] DEBUG FXGLAssetLoaderServi - Loading from file system: jar:file:/C:/Users/chaum/.m2/repository/com/github/almasb/fxgl/17.1/fxgl-17.1.jar!/fxglassets/ui/fonts/TerminalLandMono-Regular.otf
09:49:59.968 [JavaFX Application Thread] DEBUG Input                - Registered new binding: Screenshot - CTRL+8
09:49:59.968 [JavaFX Application Thread] DEBUG Input                - Registered new binding: Dev Options - 1
09:49:59.968 [JavaFX Application Thread] DEBUG Input                - Registered new binding: Dev Console - 2
09:49:59.970 [JavaFX Application Thread] DEBUG Input                - Registered new binding: System info dump - CTRL+9
09:49:59.970 [FXGL Background Thread 4 ] DEBUG FXGLAssetLoaderServi - Loading from file system: jar:file:/C:/Users/chaum/.m2/repository/com/github/almasb/fxgl/17.1/fxgl-17.1.jar!/fxglassets/ui/fonts/Courier-Prime.ttf
09:49:59.970 [JavaFX Application Thread] DEBUG Input                - Registered new binding: Restart - CTRL+R
09:49:59.971 [JavaFX Application Thread] DEBUG Input                - Registered new binding: Toggle Debug Camera - CTRL+7
09:49:59.974 [JavaFX Application Thread] DEBUG LoopRunner           - Starting loop
09:49:59.991 [JavaFX Application Thread] DEBUG LoopRunner           - Initializing JavaFX AnimationTimerLoop
09:49:59.993 [JavaFX Application Thread] DEBUG Input                - Clearing active input actions
09:50:00.001 [JavaFX Application Thread] DEBUG GameApplicationServi - Removing overlay from FXGLStartupScene and adding to FXGLMainMenuDummyScene
09:50:00.006 [JavaFX Application Thread] DEBUG PrimaryStageWindow   - FXGLStartupScene -> FXGLMainMenuDummyScene
09:50:00.006 [JavaFX Application Thread] DEBUG PrimaryStageWindow   - Push state: MainMenu
09:50:00.007 [JavaFX Application Thread] DEBUG Input                - Clearing active input actions
09:50:00.011 [JavaFX Application Thread] DEBUG GameApplicationServi - Removing overlay from FXGLMainMenuDummyScene and adding to MainMenu
09:50:00.012 [JavaFX Application Thread] DEBUG PrimaryStageWindow   - FXGLMainMenuDummyScene -> MainMenu
09:50:00.023 [JavaFX Application Thread] DEBUG FXGLApplication      - Registering font factories with UI factory
09:50:00.401 [FXGL Background Thread 2 ] WARN  UpdaterService       - Failed to find updates: javax.net.ssl.SSLHandshakeException: No subject alternative DNS name matching raw.githubusercontent.com found.
09:50:01.587 [JavaFX Application Thread] DEBUG Menu                 - fireNewGame()
09:50:01.588 [JavaFX Application Thread] DEBUG GameApplicationServi - Starting new game
09:50:01.588 [JavaFX Application Thread] DEBUG PrimaryStageWindow   - Pop state: MainMenu
09:50:01.588 [JavaFX Application Thread] DEBUG Input                - Clearing active input actions
09:50:01.591 [JavaFX Application Thread] DEBUG GameApplicationServi - Removing overlay from MainMenu and adding to FXGLMainMenuDummyScene
09:50:01.597 [JavaFX Application Thread] DEBUG PrimaryStageWindow   - FXGLMainMenuDummyScene <- MainMenu
09:50:01.597 [JavaFX Application Thread] DEBUG Input                - Clearing active input actions
09:50:01.605 [JavaFX Application Thread] DEBUG GameApplicationServi - Removing overlay from FXGLMainMenuDummyScene and adding to FXGLLoadingScene
09:50:01.606 [JavaFX Application Thread] DEBUG PrimaryStageWindow   - FXGLMainMenuDummyScene -> FXGLLoadingScene
09:50:01.606 [JavaFX Application Thread] DEBUG GameApplicationServi - Clearing previous game
09:50:01.606 [JavaFX Application Thread] DEBUG GameScene            - Clearing game scene
09:50:01.606 [JavaFX Application Thread] DEBUG GameWorld            - Clearing game world
09:50:01.606 [JavaFX Application Thread] DEBUG PhysicsWorld         - Clearing physics world
09:50:01.608 [FXGL Background Thread 2 ] DEBUG FXGLApplication      - Initializing game
09:50:01.634 [FXGL Background Thread 2 ] DEBUG FXGLAssetLoaderServi - Loading from file system: file:/E:/space_java/Game/game_datbom/target/classes/assets/textures/mapTexture/wall.png
09:50:01.687 [FXGL Background Thread 2 ] DEBUG FXGLAssetLoaderServi - Loading from file system: file:/E:/space_java/Game/game_datbom/target/classes/assets/textures/mapTexture/brick.png
09:50:01.745 [FXGL Background Thread 2 ] DEBUG FXGLAssetLoaderServi - Loading from file system: file:/E:/space_java/Game/game_datbom/target/classes/assets/textures/character/gold_player_up.png
09:50:01.750 [FXGL Background Thread 2 ] DEBUG FXGLAssetLoaderServi - Loading from file system: file:/E:/space_java/Game/game_datbom/target/classes/assets/textures/character/gold_player_down.png
09:50:01.752 [FXGL Background Thread 2 ] DEBUG FXGLAssetLoaderServi - Loading from file system: file:/E:/space_java/Game/game_datbom/target/classes/assets/textures/character/gold_player_left.png
09:50:01.753 [FXGL Background Thread 2 ] DEBUG FXGLAssetLoaderServi - Loading from file system: file:/E:/space_java/Game/game_datbom/target/classes/assets/textures/character/gold_player_right.png
09:50:01.765 [FXGL Background Thread 2 ] WARN  Entity               - Entity already has component: com.almasb.fxgl.entity.components.CollidableComponent
09:50:01.767 [FXGL Background Thread 2 ] INFO  FXGLApplication      - Game initialization took: 0.158 sec
09:50:01.767 [JavaFX Application Thread] DEBUG Input                - Clearing active input actions
09:50:01.774 [JavaFX Application Thread] DEBUG GameApplicationServi - Removing overlay from FXGLLoadingScene and adding to GameScene
09:50:01.780 [JavaFX Application Thread] DEBUG PrimaryStageWindow   - FXGLLoadingScene -> GameScene
09:50:02.857 [FXGL Background Thread 3 ] DEBUG Engine               - Logging environment variables
09:50:02.858 [FXGL Background Thread 3 ] DEBUG Engine               - achievements: []
09:50:02.858 [FXGL Background Thread 3 ] DEBUG Engine               - actualHeight: 720.0
09:50:02.858 [FXGL Background Thread 3 ] DEBUG Engine               - actualHeightProperty: ReadOnlyDoubleProperty [value: 720.0]
09:50:02.859 [FXGL Background Thread 3 ] DEBUG Engine               - actualWidth: 1280.0
09:50:02.859 [FXGL Background Thread 3 ] DEBUG Engine               - actualWidthProperty: ReadOnlyDoubleProperty [value: 1280.0]
09:50:02.859 [FXGL Background Thread 3 ] DEBUG Engine               - appIcon: icon/icon.png
09:50:02.859 [FXGL Background Thread 3 ] DEBUG Engine               - applicationMode: DEVELOPER
09:50:02.859 [FXGL Background Thread 3 ] DEBUG Engine               - cSSList: [fxgl_dark.css]
09:50:02.859 [FXGL Background Thread 3 ] DEBUG Engine               - collisionDetectionStrategy: BRUTE_FORCE
09:50:02.860 [FXGL Background Thread 3 ] DEBUG Engine               - configClass: Optional.empty
09:50:02.860 [FXGL Background Thread 3 ] DEBUG Engine               - credits: []
09:50:02.862 [FXGL Background Thread 3 ] DEBUG Engine               - defaultCursor: CursorInfo(imageName=cursor/cursor1.png, hotspotX=0.0, hotspotY=0.0)
09:50:02.863 [FXGL Background Thread 3 ] DEBUG Engine               - devBBoxColorProperty: ObjectProperty [value: 0xff0000ff]
09:50:02.864 [FXGL Background Thread 3 ] DEBUG Engine               - devEnableDebugCameraProperty: BooleanProperty [value: false]
09:50:02.864 [FXGL Background Thread 3 ] DEBUG Engine               - devSensorColorProperty: ObjectProperty [value: 0xffff00ff]
09:50:02.864 [FXGL Background Thread 3 ] DEBUG Engine               - devShowBBoxProperty: BooleanProperty [value: false]
09:50:02.864 [FXGL Background Thread 3 ] DEBUG Engine               - devShowPositionProperty: BooleanProperty [value: false]
09:50:02.864 [FXGL Background Thread 3 ] DEBUG Engine               - enabledMenuItems: []
09:50:02.865 [FXGL Background Thread 3 ] DEBUG Engine               - engineServices: [class com.almasb.fxgl.app.services.FXGLAssetLoaderService, class com.almasb.fxgl.app.FXGLApplication$GameApplicationService, class com.almasb.fxgl.app.services.FXGLDialogService, class com.almasb.fxgl.app.services.IOTaskExecutorService, class com.almasb.fxgl.io.FileSystemService, class com.almasb.fxgl.localization.LocalizationService, class com.almasb.fxgl.app.services.SystemBundleService, class com.almasb.fxgl.profile.SaveLoadService, class com.almasb.fxgl.ui.FXGLUIFactoryServiceProvider, class com.almasb.fxgl.ui.FXGLDialogFactoryServiceProvider, class com.almasb.fxgl.audio.AudioPlayer, class com.almasb.fxgl.notification.impl.NotificationServiceProvider, class com.almasb.fxgl.achievement.AchievementService, class com.almasb.fxgl.cutscene.CutsceneService, class com.almasb.fxgl.minigames.MiniGameService, class com.almasb.fxgl.net.NetService, class com.almasb.fxgl.app.services.UpdaterService, class com.almasb.fxgl.dev.DevService]
09:50:02.865 [FXGL Background Thread 3 ] DEBUG Engine               - fontGame: Abel-Regular.ttf
09:50:02.865 [FXGL Background Thread 3 ] DEBUG Engine               - fontMono: TerminalLandMono-Regular.otf
09:50:02.865 [FXGL Background Thread 3 ] DEBUG Engine               - fontText: Courier-Prime.ttf
09:50:02.865 [FXGL Background Thread 3 ] DEBUG Engine               - fontUI: VarelaRound-Regular.ttf
09:50:02.865 [FXGL Background Thread 3 ] DEBUG Engine               - fullScreen: BooleanProperty [value: false]
09:50:02.866 [FXGL Background Thread 3 ] DEBUG Engine               - gameDifficulty: MEDIUM
09:50:02.866 [FXGL Background Thread 3 ] DEBUG Engine               - gameDifficultyProperty: ObjectProperty [value: MEDIUM]
09:50:02.866 [FXGL Background Thread 3 ] DEBUG Engine               - globalMusicVolume: 0.5
09:50:02.866 [FXGL Background Thread 3 ] DEBUG Engine               - globalMusicVolumeProperty: DoubleProperty [value: 0.5]
09:50:02.866 [FXGL Background Thread 3 ] DEBUG Engine               - globalSoundVolume: 0.5
09:50:02.866 [FXGL Background Thread 3 ] DEBUG Engine               - globalSoundVolumeProperty: DoubleProperty [value: 0.5]
09:50:02.866 [FXGL Background Thread 3 ] DEBUG Engine               - height: 720
09:50:02.867 [FXGL Background Thread 3 ] DEBUG Engine               - is3D: false
09:50:02.867 [FXGL Background Thread 3 ] DEBUG Engine               - isAndroid: false
09:50:02.867 [FXGL Background Thread 3 ] DEBUG Engine               - isBrowser: false
09:50:02.867 [FXGL Background Thread 3 ] DEBUG Engine               - isClickFeedbackEnabled: false
09:50:02.867 [FXGL Background Thread 3 ] DEBUG Engine               - isCloseConfirmation: false
09:50:02.867 [FXGL Background Thread 3 ] DEBUG Engine               - isDesktop: true
09:50:02.867 [FXGL Background Thread 3 ] DEBUG Engine               - isDeveloperMenuEnabled: true
09:50:02.867 [FXGL Background Thread 3 ] DEBUG Engine               - isEmbedded: false
09:50:02.867 [FXGL Background Thread 3 ] DEBUG Engine               - isEntityPreloadEnabled: true
09:50:02.868 [FXGL Background Thread 3 ] DEBUG Engine               - isExperimentalTiledLargeMap: false
09:50:02.868 [FXGL Background Thread 3 ] DEBUG Engine               - isFileSystemWriteAllowed: true
09:50:02.868 [FXGL Background Thread 3 ] DEBUG Engine               - isFullScreenAllowed: false
09:50:02.868 [FXGL Background Thread 3 ] DEBUG Engine               - isFullScreenFromStart: false
09:50:02.868 [FXGL Background Thread 3 ] DEBUG Engine               - isGameMenuEnabled: true
09:50:02.868 [FXGL Background Thread 3 ] DEBUG Engine               - isIOS: false
09:50:02.868 [FXGL Background Thread 3 ] DEBUG Engine               - isIntroEnabled: false
09:50:02.868 [FXGL Background Thread 3 ] DEBUG Engine               - isLinux: false
09:50:02.868 [FXGL Background Thread 3 ] DEBUG Engine               - isMac: false
09:50:02.868 [FXGL Background Thread 3 ] DEBUG Engine               - isMainMenuEnabled: true
09:50:02.869 [FXGL Background Thread 3 ] DEBUG Engine               - isManualResizeEnabled: false
09:50:02.869 [FXGL Background Thread 3 ] DEBUG Engine               - isMobile: false
09:50:02.869 [FXGL Background Thread 3 ] DEBUG Engine               - isNative: false
09:50:02.869 [FXGL Background Thread 3 ] DEBUG Engine               - isPauseMusicWhenMinimized: true
09:50:02.869 [FXGL Background Thread 3 ] DEBUG Engine               - isPreserveResizeRatio: false
09:50:02.869 [FXGL Background Thread 3 ] DEBUG Engine               - isProfilingEnabled: false
09:50:02.869 [FXGL Background Thread 3 ] DEBUG Engine               - isScaleAffectedOnResize: true
09:50:02.869 [FXGL Background Thread 3 ] DEBUG Engine               - isSingleStep: false
09:50:02.869 [FXGL Background Thread 3 ] DEBUG Engine               - isUserProfileEnabled: false
09:50:02.869 [FXGL Background Thread 3 ] DEBUG Engine               - isWindows: true
09:50:02.869 [FXGL Background Thread 3 ] DEBUG Engine               - language: ObjectProperty [value: ENGLISH]
09:50:02.870 [FXGL Background Thread 3 ] DEBUG Engine               - menuKey: ESCAPE
09:50:02.870 [FXGL Background Thread 3 ] DEBUG Engine               - mouseSensitivity: 0.2
09:50:02.870 [FXGL Background Thread 3 ] DEBUG Engine               - notificationViewClass: class com.almasb.fxgl.notification.view.XboxNotificationView
09:50:02.870 [FXGL Background Thread 3 ] DEBUG Engine               - pixelsPerMeter: 50.0
09:50:02.870 [FXGL Background Thread 3 ] DEBUG Engine               - platform: WINDOWS
09:50:02.870 [FXGL Background Thread 3 ] DEBUG Engine               - prefHeightProperty: ReadOnlyDoubleProperty [value: 720.0]
09:50:02.870 [FXGL Background Thread 3 ] DEBUG Engine               - prefWidthProperty: ReadOnlyDoubleProperty [value: 1280.0]
09:50:02.870 [FXGL Background Thread 3 ] DEBUG Engine               - profileDir: profiles/
09:50:02.870 [FXGL Background Thread 3 ] DEBUG Engine               - profileName: StringProperty [value: DEFAULT]
09:50:02.871 [FXGL Background Thread 3 ] DEBUG Engine               - randomSeed: -1
09:50:02.872 [FXGL Background Thread 3 ] DEBUG Engine               - runtimeInfo: RuntimeInfo(platform=WINDOWS, version=17.1, build=24.03.2022 17.34)
09:50:02.872 [FXGL Background Thread 3 ] DEBUG Engine               - saveFileExt: sav
09:50:02.872 [FXGL Background Thread 3 ] DEBUG Engine               - scaledHeightProp$fxgl: DoubleProperty [bound, value: 720.0]
09:50:02.872 [FXGL Background Thread 3 ] DEBUG Engine               - scaledWidthProp$fxgl: DoubleProperty [bound, value: 1280.0]
09:50:02.872 [FXGL Background Thread 3 ] DEBUG Engine               - sceneFactory: hellofx.Main$1@44ded0a4
09:50:02.872 [FXGL Background Thread 3 ] DEBUG Engine               - secondsIn24h: 60
09:50:02.872 [FXGL Background Thread 3 ] DEBUG Engine               - soundMenuBack: menu/back.wav
09:50:02.872 [FXGL Background Thread 3 ] DEBUG Engine               - soundMenuPress: menu/press.wav
09:50:02.873 [FXGL Background Thread 3 ] DEBUG Engine               - soundMenuSelect: menu/select.wav
09:50:02.873 [FXGL Background Thread 3 ] DEBUG Engine               - soundNotification: core/notification.wav
09:50:02.873 [FXGL Background Thread 3 ] DEBUG Engine               - stageStyle: DECORATED
09:50:02.873 [FXGL Background Thread 3 ] DEBUG Engine               - supportedLanguages: [ENGLISH, FRENCH, GERMAN, HUNGARIAN, RUSSIAN]
09:50:02.873 [FXGL Background Thread 3 ] DEBUG Engine               - ticksPerSecond: -1
09:50:02.873 [FXGL Background Thread 3 ] DEBUG Engine               - title: Bomberman
09:50:02.873 [FXGL Background Thread 3 ] DEBUG Engine               - urlGithub: https://github.com/AlmasB/FXGL
09:50:02.873 [FXGL Background Thread 3 ] DEBUG Engine               - urlLeaderboard: http://fxgl-top.herokuapp.com/
09:50:02.873 [FXGL Background Thread 3 ] DEBUG Engine               - urlPOM: https://raw.githubusercontent.com/AlmasB/FXGL/release/README.md
09:50:02.873 [FXGL Background Thread 3 ] DEBUG Engine               - userAppClass: class hellofx.Main
09:50:02.873 [FXGL Background Thread 3 ] DEBUG Engine               - version: 1.0
09:50:02.873 [FXGL Background Thread 3 ] DEBUG Engine               - versionCheckDays: 7
09:50:02.873 [FXGL Background Thread 3 ] DEBUG Engine               - width: 1280
09:50:02.874 [FXGL Background Thread 3 ] DEBUG Engine               - Logging services
09:50:02.874 [FXGL Background Thread 3 ] DEBUG Engine               - class com.almasb.fxgl.app.services.FXGLAssetLoaderService
09:50:02.874 [FXGL Background Thread 3 ] DEBUG Engine               - class com.almasb.fxgl.app.FXGLApplication$GameApplicationService
09:50:02.874 [FXGL Background Thread 3 ] DEBUG Engine               - class com.almasb.fxgl.app.services.FXGLDialogService
09:50:02.874 [FXGL Background Thread 3 ] DEBUG Engine               - class com.almasb.fxgl.app.services.IOTaskExecutorService
09:50:02.874 [FXGL Background Thread 3 ] DEBUG Engine               - class com.almasb.fxgl.io.FileSystemService
09:50:02.874 [FXGL Background Thread 3 ] DEBUG Engine               - class com.almasb.fxgl.localization.LocalizationService
09:50:02.874 [FXGL Background Thread 3 ] DEBUG Engine               - class com.almasb.fxgl.app.services.SystemBundleService
09:50:02.874 [FXGL Background Thread 3 ] DEBUG Engine               - class com.almasb.fxgl.profile.SaveLoadService
09:50:02.874 [FXGL Background Thread 3 ] DEBUG Engine               - class com.almasb.fxgl.ui.FXGLUIFactoryServiceProvider
09:50:02.874 [FXGL Background Thread 3 ] DEBUG Engine               - class com.almasb.fxgl.ui.FXGLDialogFactoryServiceProvider
09:50:02.874 [FXGL Background Thread 3 ] DEBUG Engine               - class com.almasb.fxgl.audio.AudioPlayer
09:50:02.874 [FXGL Background Thread 3 ] DEBUG Engine               - class com.almasb.fxgl.notification.impl.NotificationServiceProvider
09:50:02.874 [FXGL Background Thread 3 ] DEBUG Engine               - class com.almasb.fxgl.achievement.AchievementService
09:50:02.874 [FXGL Background Thread 3 ] DEBUG Engine               - class com.almasb.fxgl.cutscene.CutsceneService
09:50:02.874 [FXGL Background Thread 3 ] DEBUG Engine               - class com.almasb.fxgl.minigames.MiniGameService
09:50:02.874 [FXGL Background Thread 3 ] DEBUG Engine               - class com.almasb.fxgl.net.NetService
09:50:02.875 [FXGL Background Thread 3 ] DEBUG Engine               - class com.almasb.fxgl.app.services.UpdaterService
09:50:02.875 [FXGL Background Thread 3 ] DEBUG Engine               - class com.almasb.fxgl.dev.DevService
09:50:06.873 [JavaFX Application Thread] DEBUG FXGLAssetLoaderServi - Loading from file system: file:/E:/space_java/Game/game_datbom/target/classes/assets/textures/character%5cbomb.png
09:50:06.877 [JavaFX Application Thread] DEBUG FXGLAssetLoaderServi - Loading from file system: file:/E:/space_java/Game/game_datbom/target/classes/assets/textures/flame%5cleft_flame.png
09:50:06.880 [JavaFX Application Thread] DEBUG FXGLAssetLoaderServi - Loading from file system: file:/E:/space_java/Game/game_datbom/target/classes/assets/textures/flame%5cup_flame.png
09:50:06.882 [JavaFX Application Thread] DEBUG FXGLAssetLoaderServi - Loading from file system: file:/E:/space_java/Game/game_datbom/target/classes/assets/textures/flame%5ccentral_flame.png
09:50:13.754 [JavaFX Application Thread] DEBUG FXGLAssetLoaderServi - Loading from file system: file:/E:/space_java/Game/game_datbom/target/classes/assets/sounds/drop.wav
09:50:26.904 [JavaFX Application Thread] DEBUG LoopRunner           - Stopping loop
09:50:26.905 [JavaFX Application Thread] FATAL FXGLApplication      - Uncaught Exception:
java.lang.IllegalArgumentException: Component AnimationComponent not found!
	at com.almasb.fxgl.entity.Entity.getComponent(Entity.java:366)
	at hellofx.Main$5.onAction(Main.java:183)
	at com.almasb.fxgl.input.UserAction.action$fxgl_core(UserAction.kt:38)
	at com.almasb.fxgl.input.Input.update(Input.kt:271)
	at com.almasb.fxgl.scene.Scene.update(Scene.kt:103)
	at com.almasb.fxgl.app.MainWindow$update$1.invoke(MainWindow.kt:115)
	at com.almasb.fxgl.app.MainWindow$update$1.invoke(MainWindow.kt:115)
	at com.almasb.fxgl.core.fsm.StateMachine.runOnActiveStates(StateMachine.kt:69)
	at com.almasb.fxgl.app.MainWindow.update(MainWindow.kt:115)
	at com.almasb.fxgl.app.FXGLApplication$GameApplicationService.onUpdate(FXGLApplication.kt:426)
	at com.almasb.fxgl.app.Engine.loop(Engine.kt:134)
	at com.almasb.fxgl.app.Engine.access$loop(Engine.kt:24)
	at com.almasb.fxgl.app.Engine$loop$1.invoke(Engine.kt:28)
	at com.almasb.fxgl.app.Engine$loop$1.invoke(Engine.kt:28)
	at com.almasb.fxgl.app.LoopRunner.frame(LoopRunner.kt:103)
	at com.almasb.fxgl.app.LoopRunner.access$frame(LoopRunner.kt:23)
	at com.almasb.fxgl.app.LoopRunner$impl$2$1.onTick(LoopRunner.kt:57)
	at com.almasb.fxgl.app.AnimationTimerLoop$timer$1.handle(LoopRunner.kt:137)
	at javafx.animation.AnimationTimer$AnimationTimerReceiver.lambda$handle$0(AnimationTimer.java:58)
	at java.base/java.security.AccessController.doPrivileged(AccessController.java:399)
	at javafx.animation.AnimationTimer$AnimationTimerReceiver.handle(AnimationTimer.java:57)
	at com.sun.scenario.animation.AbstractPrimaryTimer.timePulseImpl(AbstractPrimaryTimer.java:356)
	at com.sun.scenario.animation.AbstractPrimaryTimer$MainLoop.run(AbstractPrimaryTimer.java:266)
	at com.sun.javafx.tk.quantum.QuantumToolkit.pulse(QuantumToolkit.java:571)
	at com.sun.javafx.tk.quantum.QuantumToolkit.pulse(QuantumToolkit.java:555)
	at com.sun.javafx.tk.quantum.QuantumToolkit.pulseFromQueue(QuantumToolkit.java:548)
	at com.sun.javafx.tk.quantum.QuantumToolkit.lambda$runToolkit$11(QuantumToolkit.java:352)
	at com.sun.glass.ui.InvokeLaterDispatcher$Future.run(InvokeLaterDispatcher.java:96)
	at com.sun.glass.ui.win.WinApplication._runLoop(Native Method)
	at com.sun.glass.ui.win.WinApplication.lambda$runLoop$3(WinApplication.java:184)
	at java.base/java.lang.Thread.run(Thread.java:833)

09:50:26.906 [JavaFX Application Thread] FATAL FXGLApplication      - Application will now exit
09:50:26.912 [JavaFX Application Thread] DEBUG PrimaryStageWindow   - Push state: ErrorSubScene
09:50:26.912 [JavaFX Application Thread] DEBUG Input                - Clearing active input actions
09:50:54.676 [JavaFX Application Thread] DEBUG FXGLApplication      - Exiting FXGL
09:50:54.676 [JavaFX Application Thread] DEBUG Async                - Shutting down background threads
09:50:54.677 [JavaFX Application Thread] DEBUG PrimaryStageWindow   - Closing main window
09:50:54.707 [JavaFX Application Thread] DEBUG Logger               - Closing Logger
