16:54:17.332 [main                     ] DEBUG Logger               - Configured Logger
16:54:17.349 [main                     ] DEBUG GameApplication      - Logging settings
Title: Bomberman
Version: 1.0
Width: 1280
Height: 720
Fullscreen: false
Intro: false
Profiling: false
Single step:false
App Mode: DEVELOPER
Menu Key: ESCAPE
Stage Style: DECORATED
Scene Factory: class hellofx.Main$1

16:54:17.483 [JavaFX Application Thread] DEBUG FXGLApplication      - Initializing FXGL
16:54:17.490 [JavaFX Application Thread] INFO  Engine               - FXGL-17.1 (24.03.2022 17.34) on WINDOWS (J:18.0.2.1 FX:18)
16:54:17.491 [JavaFX Application Thread] DEBUG Engine               - JRE Vendor Name: Oracle Corporation
16:54:17.491 [JavaFX Application Thread] DEBUG Engine               - Running on OS: Windows 11 version 10.0
16:54:17.492 [JavaFX Application Thread] DEBUG Engine               - Architecture: amd64
16:54:17.492 [JavaFX Application Thread] INFO  Engine               - Source code and latest versions at: https://github.com/AlmasB/FXGL
16:54:17.492 [JavaFX Application Thread] INFO  Engine               -       Ask questions and discuss at: https://github.com/AlmasB/FXGL/discussions
16:54:17.492 [JavaFX Application Thread] INFO  Engine               -              Join the FXGL chat at: https://gitter.im/AlmasB/FXGL
16:54:17.555 [JavaFX Application Thread] DEBUG PrimaryStageWindow   - Creating a JavaFX scene
16:54:17.611 [JavaFX Application Thread] DEBUG PrimaryStageWindow   - Target settings size: 1280.0 x 720.0
16:54:17.612 [JavaFX Application Thread] DEBUG PrimaryStageWindow   - Scaled scene size:    1280.0 x 720.0
16:54:17.612 [JavaFX Application Thread] DEBUG PrimaryStageWindow   - Scaled ratio: (1.0, 1.0)
16:54:17.615 [JavaFX Application Thread] DEBUG PrimaryStageWindow   - Set initial scene to FXGLStartupScene
16:54:17.628 [JavaFX Application Thread] DEBUG PrimaryStageWindow   - Opening main window
16:54:17.734 [JavaFX Application Thread] DEBUG PrimaryStageWindow   - Window border size: (16.0, 39.0)
16:54:17.734 [JavaFX Application Thread] DEBUG PrimaryStageWindow   - Scaled size: 1280.0 x 720.0
16:54:17.734 [JavaFX Application Thread] DEBUG PrimaryStageWindow   - Scaled ratio: (1.0, 1.0)
16:54:17.734 [JavaFX Application Thread] DEBUG PrimaryStageWindow   - Scene size: 1280.0 x 720.0
16:54:17.735 [JavaFX Application Thread] DEBUG PrimaryStageWindow   - Stage size: 1296.0 x 759.0
16:54:17.746 [FXGL Background Thread 1 ] DEBUG Engine               - Initializing environment variables
16:54:17.815 [FXGL Background Thread 1 ] DEBUG FXGLAssetLoaderServi - User app class for loading assets: class hellofx.Main
16:54:17.815 [FXGL Background Thread 1 ] DEBUG GameApplicationServi - Applying CSS: fxgl_dark.css
16:54:17.816 [FXGL Background Thread 1 ] DEBUG FXGLAssetLoaderServi - Loading from file system: jar:file:/C:/Users/chaum/.m2/repository/com/github/almasb/fxgl/17.1/fxgl-17.1.jar!/fxglassets/ui/css/fxgl_dark.css
16:54:17.859 [FXGL Background Thread 1 ] DEBUG GameApplicationServi - Initializing application scenes
16:54:17.902 [FXGL Background Thread 1 ] DEBUG GameWorld            - Game world initialized
16:54:17.955 [FXGL Background Thread 1 ] DEBUG PhysicsWorld         - Physics world initialized: appHeight=720, physics.ppm=50.0
16:54:17.955 [FXGL Background Thread 1 ] DEBUG PhysicsWorld         - Using strategy: BRUTE_FORCE
16:54:17.959 [FXGL Background Thread 1 ] DEBUG GameScene            - Game scene initialized: 1280x720
16:54:18.079 [FXGL Background Thread 1 ] DEBUG GameApplicationServi - Application scenes initialized
16:54:18.094 [FXGL Background Thread 1 ] DEBUG SystemBundleService  - Loading FXGL system data
16:54:18.102 [FXGL Background Thread 1 ] DEBUG FileSystemAccess     - Reading from: E:\space_java\Game\game_datbom\system\fxgl.bundle
16:54:18.111 [FXGL Background Thread 1 ] DEBUG SystemBundleService  - Bundle FXGL: {}
16:54:18.111 [FXGL Background Thread 1 ] DEBUG UpdaterService       - Checking for updates
16:54:18.147 [FXGL Background Thread 4 ] DEBUG FXGLApplication      - Loading fonts
16:54:18.148 [FXGL Background Thread 4 ] DEBUG FXGLAssetLoaderServi - Loading from file system: jar:file:/C:/Users/chaum/.m2/repository/com/github/almasb/fxgl/17.1/fxgl-17.1.jar!/fxglassets/ui/fonts/VarelaRound-Regular.ttf
16:54:18.148 [FXGL Background Thread 1 ] DEBUG FXGLApplication      - Loading default localization
16:54:18.149 [FXGL Background Thread 1 ] DEBUG FXGLAssetLoaderServi - Loading from file system: jar:file:/C:/Users/chaum/.m2/repository/com/github/almasb/fxgl/17.1/fxgl-17.1.jar!/fxglassets/languages/english.lang
16:54:18.171 [FXGL Background Thread 1 ] INFO  FXGLApplication      - FXGL initialization took: 0.425 sec
16:54:18.181 [JavaFX Application Thread] DEBUG Input                - Registered new binding: action0 - F
16:54:18.182 [JavaFX Application Thread] DEBUG Input                - Registered new binding: action1 - G
16:54:18.182 [JavaFX Application Thread] DEBUG Input                - Registered new binding: action2 - R
16:54:18.182 [JavaFX Application Thread] DEBUG Input                - Registered new binding: action3 - T
16:54:18.182 [JavaFX Application Thread] DEBUG Input                - Registered new binding: Right - D
16:54:18.182 [JavaFX Application Thread] DEBUG Input                - Registered new binding: Left - A
16:54:18.183 [JavaFX Application Thread] DEBUG Input                - Registered new binding: Up - W
16:54:18.183 [JavaFX Application Thread] DEBUG Input                - Registered new binding: Down - S
16:54:18.183 [JavaFX Application Thread] DEBUG Input                - Registered new binding: Place boom - Space
16:54:18.183 [JavaFX Application Thread] DEBUG FXGLAssetLoaderServi - Loading from file system: file:/E:/space_java/Game/game_datbom/target/classes/assets/textures/icon/icon.png
16:54:18.211 [FXGL Background Thread 4 ] DEBUG FXGLAssetLoaderServi - Loading from file system: jar:file:/C:/Users/chaum/.m2/repository/com/github/almasb/fxgl/17.1/fxgl-17.1.jar!/fxglassets/ui/fonts/Abel-Regular.ttf
16:54:18.216 [FXGL Background Thread 4 ] DEBUG FXGLAssetLoaderServi - Loading from file system: jar:file:/C:/Users/chaum/.m2/repository/com/github/almasb/fxgl/17.1/fxgl-17.1.jar!/fxglassets/ui/fonts/TerminalLandMono-Regular.otf
16:54:18.221 [FXGL Background Thread 4 ] DEBUG FXGLAssetLoaderServi - Loading from file system: jar:file:/C:/Users/chaum/.m2/repository/com/github/almasb/fxgl/17.1/fxgl-17.1.jar!/fxglassets/ui/fonts/Courier-Prime.ttf
16:54:18.271 [JavaFX Application Thread] DEBUG FXGLAssetLoaderServi - Loading from file system: file:/E:/space_java/Game/game_datbom/target/classes/assets/textures/cursor/cursor1.png
16:54:18.280 [JavaFX Application Thread] DEBUG Input                - Registered new binding: Screenshot - CTRL+8
16:54:18.281 [JavaFX Application Thread] DEBUG Input                - Registered new binding: Dev Options - 1
16:54:18.281 [JavaFX Application Thread] DEBUG Input                - Registered new binding: Dev Console - 2
16:54:18.281 [JavaFX Application Thread] DEBUG Input                - Registered new binding: System info dump - CTRL+9
16:54:18.282 [JavaFX Application Thread] DEBUG Input                - Registered new binding: Restart - CTRL+R
16:54:18.282 [JavaFX Application Thread] DEBUG Input                - Registered new binding: Toggle Debug Camera - CTRL+7
16:54:18.285 [JavaFX Application Thread] DEBUG LoopRunner           - Starting loop
16:54:18.303 [JavaFX Application Thread] DEBUG LoopRunner           - Initializing JavaFX AnimationTimerLoop
16:54:18.307 [JavaFX Application Thread] DEBUG Input                - Clearing active input actions
16:54:18.312 [JavaFX Application Thread] DEBUG GameApplicationServi - Removing overlay from FXGLStartupScene and adding to FXGLMainMenuDummyScene
16:54:18.316 [JavaFX Application Thread] DEBUG PrimaryStageWindow   - FXGLStartupScene -> FXGLMainMenuDummyScene
16:54:18.316 [JavaFX Application Thread] DEBUG PrimaryStageWindow   - Push state: MainMenu
16:54:18.316 [JavaFX Application Thread] DEBUG Input                - Clearing active input actions
16:54:18.320 [JavaFX Application Thread] DEBUG GameApplicationServi - Removing overlay from FXGLMainMenuDummyScene and adding to MainMenu
16:54:18.320 [JavaFX Application Thread] DEBUG PrimaryStageWindow   - FXGLMainMenuDummyScene -> MainMenu
16:54:18.320 [JavaFX Application Thread] DEBUG FXGLApplication      - Registering font factories with UI factory
16:54:19.241 [FXGL Background Thread 2 ] INFO  UpdaterService       - Your current version:  17.1
16:54:19.241 [FXGL Background Thread 2 ] INFO  UpdaterService       - Latest stable version: 17.2
16:54:21.147 [FXGL Background Thread 3 ] DEBUG Engine               - Logging environment variables
16:54:21.147 [FXGL Background Thread 3 ] DEBUG Engine               - achievements: []
16:54:21.148 [FXGL Background Thread 3 ] DEBUG Engine               - actualHeight: 720.0
16:54:21.148 [FXGL Background Thread 3 ] DEBUG Engine               - actualHeightProperty: ReadOnlyDoubleProperty [value: 720.0]
16:54:21.148 [FXGL Background Thread 3 ] DEBUG Engine               - actualWidth: 1280.0
16:54:21.148 [FXGL Background Thread 3 ] DEBUG Engine               - actualWidthProperty: ReadOnlyDoubleProperty [value: 1280.0]
16:54:21.148 [FXGL Background Thread 3 ] DEBUG Engine               - appIcon: icon/icon.png
16:54:21.149 [FXGL Background Thread 3 ] DEBUG Engine               - applicationMode: DEVELOPER
16:54:21.149 [FXGL Background Thread 3 ] DEBUG Engine               - cSSList: [fxgl_dark.css]
16:54:21.149 [FXGL Background Thread 3 ] DEBUG Engine               - collisionDetectionStrategy: BRUTE_FORCE
16:54:21.149 [FXGL Background Thread 3 ] DEBUG Engine               - configClass: Optional.empty
16:54:21.149 [FXGL Background Thread 3 ] DEBUG Engine               - credits: []
16:54:21.151 [FXGL Background Thread 3 ] DEBUG Engine               - defaultCursor: CursorInfo(imageName=cursor/cursor1.png, hotspotX=0.0, hotspotY=0.0)
16:54:21.151 [FXGL Background Thread 3 ] DEBUG Engine               - devBBoxColorProperty: ObjectProperty [value: 0xff0000ff]
16:54:21.152 [FXGL Background Thread 3 ] DEBUG Engine               - devEnableDebugCameraProperty: BooleanProperty [value: false]
16:54:21.152 [FXGL Background Thread 3 ] DEBUG Engine               - devSensorColorProperty: ObjectProperty [value: 0xffff00ff]
16:54:21.152 [FXGL Background Thread 3 ] DEBUG Engine               - devShowBBoxProperty: BooleanProperty [value: false]
16:54:21.152 [FXGL Background Thread 3 ] DEBUG Engine               - devShowPositionProperty: BooleanProperty [value: false]
16:54:21.152 [FXGL Background Thread 3 ] DEBUG Engine               - enabledMenuItems: []
16:54:21.152 [FXGL Background Thread 3 ] DEBUG Engine               - engineServices: [class com.almasb.fxgl.app.services.FXGLAssetLoaderService, class com.almasb.fxgl.app.FXGLApplication$GameApplicationService, class com.almasb.fxgl.app.services.FXGLDialogService, class com.almasb.fxgl.app.services.IOTaskExecutorService, class com.almasb.fxgl.io.FileSystemService, class com.almasb.fxgl.localization.LocalizationService, class com.almasb.fxgl.app.services.SystemBundleService, class com.almasb.fxgl.profile.SaveLoadService, class com.almasb.fxgl.ui.FXGLUIFactoryServiceProvider, class com.almasb.fxgl.ui.FXGLDialogFactoryServiceProvider, class com.almasb.fxgl.audio.AudioPlayer, class com.almasb.fxgl.notification.impl.NotificationServiceProvider, class com.almasb.fxgl.achievement.AchievementService, class com.almasb.fxgl.cutscene.CutsceneService, class com.almasb.fxgl.minigames.MiniGameService, class com.almasb.fxgl.net.NetService, class com.almasb.fxgl.app.services.UpdaterService, class com.almasb.fxgl.dev.DevService]
16:54:21.152 [FXGL Background Thread 3 ] DEBUG Engine               - fontGame: Abel-Regular.ttf
16:54:21.152 [FXGL Background Thread 3 ] DEBUG Engine               - fontMono: TerminalLandMono-Regular.otf
16:54:21.152 [FXGL Background Thread 3 ] DEBUG Engine               - fontText: Courier-Prime.ttf
16:54:21.152 [FXGL Background Thread 3 ] DEBUG Engine               - fontUI: VarelaRound-Regular.ttf
16:54:21.152 [FXGL Background Thread 3 ] DEBUG Engine               - fullScreen: BooleanProperty [value: false]
16:54:21.152 [FXGL Background Thread 3 ] DEBUG Engine               - gameDifficulty: MEDIUM
16:54:21.153 [FXGL Background Thread 3 ] DEBUG Engine               - gameDifficultyProperty: ObjectProperty [value: MEDIUM]
16:54:21.153 [FXGL Background Thread 3 ] DEBUG Engine               - globalMusicVolume: 0.5
16:54:21.153 [FXGL Background Thread 3 ] DEBUG Engine               - globalMusicVolumeProperty: DoubleProperty [value: 0.5]
16:54:21.153 [FXGL Background Thread 3 ] DEBUG Engine               - globalSoundVolume: 0.5
16:54:21.153 [FXGL Background Thread 3 ] DEBUG Engine               - globalSoundVolumeProperty: DoubleProperty [value: 0.5]
16:54:21.153 [FXGL Background Thread 3 ] DEBUG Engine               - height: 720
16:54:21.153 [FXGL Background Thread 3 ] DEBUG Engine               - is3D: false
16:54:21.153 [FXGL Background Thread 3 ] DEBUG Engine               - isAndroid: false
16:54:21.153 [FXGL Background Thread 3 ] DEBUG Engine               - isBrowser: false
16:54:21.153 [FXGL Background Thread 3 ] DEBUG Engine               - isClickFeedbackEnabled: false
16:54:21.153 [FXGL Background Thread 3 ] DEBUG Engine               - isCloseConfirmation: false
16:54:21.154 [FXGL Background Thread 3 ] DEBUG Engine               - isDesktop: true
16:54:21.154 [FXGL Background Thread 3 ] DEBUG Engine               - isDeveloperMenuEnabled: true
16:54:21.154 [FXGL Background Thread 3 ] DEBUG Engine               - isEmbedded: false
16:54:21.154 [FXGL Background Thread 3 ] DEBUG Engine               - isEntityPreloadEnabled: true
16:54:21.154 [FXGL Background Thread 3 ] DEBUG Engine               - isExperimentalTiledLargeMap: false
16:54:21.154 [FXGL Background Thread 3 ] DEBUG Engine               - isFileSystemWriteAllowed: true
16:54:21.154 [FXGL Background Thread 3 ] DEBUG Engine               - isFullScreenAllowed: false
16:54:21.154 [FXGL Background Thread 3 ] DEBUG Engine               - isFullScreenFromStart: false
16:54:21.154 [FXGL Background Thread 3 ] DEBUG Engine               - isGameMenuEnabled: true
16:54:21.154 [FXGL Background Thread 3 ] DEBUG Engine               - isIOS: false
16:54:21.154 [FXGL Background Thread 3 ] DEBUG Engine               - isIntroEnabled: false
16:54:21.154 [FXGL Background Thread 3 ] DEBUG Engine               - isLinux: false
16:54:21.154 [FXGL Background Thread 3 ] DEBUG Engine               - isMac: false
16:54:21.154 [FXGL Background Thread 3 ] DEBUG Engine               - isMainMenuEnabled: true
16:54:21.154 [FXGL Background Thread 3 ] DEBUG Engine               - isManualResizeEnabled: false
16:54:21.154 [FXGL Background Thread 3 ] DEBUG Engine               - isMobile: false
16:54:21.155 [FXGL Background Thread 3 ] DEBUG Engine               - isNative: false
16:54:21.155 [FXGL Background Thread 3 ] DEBUG Engine               - isPauseMusicWhenMinimized: true
16:54:21.155 [FXGL Background Thread 3 ] DEBUG Engine               - isPreserveResizeRatio: false
16:54:21.155 [FXGL Background Thread 3 ] DEBUG Engine               - isProfilingEnabled: false
16:54:21.155 [FXGL Background Thread 3 ] DEBUG Engine               - isScaleAffectedOnResize: true
16:54:21.155 [FXGL Background Thread 3 ] DEBUG Engine               - isSingleStep: false
16:54:21.155 [FXGL Background Thread 3 ] DEBUG Engine               - isUserProfileEnabled: false
16:54:21.155 [FXGL Background Thread 3 ] DEBUG Engine               - isWindows: true
16:54:21.155 [FXGL Background Thread 3 ] DEBUG Engine               - language: ObjectProperty [value: ENGLISH]
16:54:21.155 [FXGL Background Thread 3 ] DEBUG Engine               - menuKey: ESCAPE
16:54:21.155 [FXGL Background Thread 3 ] DEBUG Engine               - mouseSensitivity: 0.2
16:54:21.155 [FXGL Background Thread 3 ] DEBUG Engine               - notificationViewClass: class com.almasb.fxgl.notification.view.XboxNotificationView
16:54:21.155 [FXGL Background Thread 3 ] DEBUG Engine               - pixelsPerMeter: 50.0
16:54:21.155 [FXGL Background Thread 3 ] DEBUG Engine               - platform: WINDOWS
16:54:21.155 [FXGL Background Thread 3 ] DEBUG Engine               - prefHeightProperty: ReadOnlyDoubleProperty [value: 720.0]
16:54:21.155 [FXGL Background Thread 3 ] DEBUG Engine               - prefWidthProperty: ReadOnlyDoubleProperty [value: 1280.0]
16:54:21.156 [FXGL Background Thread 3 ] DEBUG Engine               - profileDir: profiles/
16:54:21.156 [FXGL Background Thread 3 ] DEBUG Engine               - profileName: StringProperty [value: DEFAULT]
16:54:21.156 [FXGL Background Thread 3 ] DEBUG Engine               - randomSeed: -1
16:54:21.156 [FXGL Background Thread 3 ] DEBUG Engine               - runtimeInfo: RuntimeInfo(platform=WINDOWS, version=17.1, build=24.03.2022 17.34)
16:54:21.156 [FXGL Background Thread 3 ] DEBUG Engine               - saveFileExt: sav
16:54:21.156 [FXGL Background Thread 3 ] DEBUG Engine               - scaledHeightProp$fxgl: DoubleProperty [bound, value: 720.0]
16:54:21.156 [FXGL Background Thread 3 ] DEBUG Engine               - scaledWidthProp$fxgl: DoubleProperty [bound, value: 1280.0]
16:54:21.156 [FXGL Background Thread 3 ] DEBUG Engine               - sceneFactory: hellofx.Main$1@345cfe9b
16:54:21.156 [FXGL Background Thread 3 ] DEBUG Engine               - secondsIn24h: 60
16:54:21.156 [FXGL Background Thread 3 ] DEBUG Engine               - soundMenuBack: menu/back.wav
16:54:21.156 [FXGL Background Thread 3 ] DEBUG Engine               - soundMenuPress: menu/press.wav
16:54:21.156 [FXGL Background Thread 3 ] DEBUG Engine               - soundMenuSelect: menu/select.wav
16:54:21.157 [FXGL Background Thread 3 ] DEBUG Engine               - soundNotification: core/notification.wav
16:54:21.157 [FXGL Background Thread 3 ] DEBUG Engine               - stageStyle: DECORATED
16:54:21.157 [FXGL Background Thread 3 ] DEBUG Engine               - supportedLanguages: [ENGLISH, FRENCH, GERMAN, HUNGARIAN, RUSSIAN]
16:54:21.157 [FXGL Background Thread 3 ] DEBUG Engine               - ticksPerSecond: -1
16:54:21.157 [FXGL Background Thread 3 ] DEBUG Engine               - title: Bomberman
16:54:21.157 [FXGL Background Thread 3 ] DEBUG Engine               - urlGithub: https://github.com/AlmasB/FXGL
16:54:21.157 [FXGL Background Thread 3 ] DEBUG Engine               - urlLeaderboard: http://fxgl-top.herokuapp.com/
16:54:21.157 [FXGL Background Thread 3 ] DEBUG Engine               - urlPOM: https://raw.githubusercontent.com/AlmasB/FXGL/release/README.md
16:54:21.157 [FXGL Background Thread 3 ] DEBUG Engine               - userAppClass: class hellofx.Main
16:54:21.157 [FXGL Background Thread 3 ] DEBUG Engine               - version: 1.0
16:54:21.157 [FXGL Background Thread 3 ] DEBUG Engine               - versionCheckDays: 7
16:54:21.157 [FXGL Background Thread 3 ] DEBUG Engine               - width: 1280
16:54:21.158 [FXGL Background Thread 3 ] DEBUG Engine               - Logging services
16:54:21.158 [FXGL Background Thread 3 ] DEBUG Engine               - class com.almasb.fxgl.app.services.FXGLAssetLoaderService
16:54:21.158 [FXGL Background Thread 3 ] DEBUG Engine               - class com.almasb.fxgl.app.FXGLApplication$GameApplicationService
16:54:21.158 [FXGL Background Thread 3 ] DEBUG Engine               - class com.almasb.fxgl.app.services.FXGLDialogService
16:54:21.158 [FXGL Background Thread 3 ] DEBUG Engine               - class com.almasb.fxgl.app.services.IOTaskExecutorService
16:54:21.158 [FXGL Background Thread 3 ] DEBUG Engine               - class com.almasb.fxgl.io.FileSystemService
16:54:21.158 [FXGL Background Thread 3 ] DEBUG Engine               - class com.almasb.fxgl.localization.LocalizationService
16:54:21.158 [FXGL Background Thread 3 ] DEBUG Engine               - class com.almasb.fxgl.app.services.SystemBundleService
16:54:21.158 [FXGL Background Thread 3 ] DEBUG Engine               - class com.almasb.fxgl.profile.SaveLoadService
16:54:21.158 [FXGL Background Thread 3 ] DEBUG Engine               - class com.almasb.fxgl.ui.FXGLUIFactoryServiceProvider
16:54:21.158 [FXGL Background Thread 3 ] DEBUG Engine               - class com.almasb.fxgl.ui.FXGLDialogFactoryServiceProvider
16:54:21.158 [FXGL Background Thread 3 ] DEBUG Engine               - class com.almasb.fxgl.audio.AudioPlayer
16:54:21.158 [FXGL Background Thread 3 ] DEBUG Engine               - class com.almasb.fxgl.notification.impl.NotificationServiceProvider
16:54:21.158 [FXGL Background Thread 3 ] DEBUG Engine               - class com.almasb.fxgl.achievement.AchievementService
16:54:21.158 [FXGL Background Thread 3 ] DEBUG Engine               - class com.almasb.fxgl.cutscene.CutsceneService
16:54:21.158 [FXGL Background Thread 3 ] DEBUG Engine               - class com.almasb.fxgl.minigames.MiniGameService
16:54:21.158 [FXGL Background Thread 3 ] DEBUG Engine               - class com.almasb.fxgl.net.NetService
16:54:21.159 [FXGL Background Thread 3 ] DEBUG Engine               - class com.almasb.fxgl.app.services.UpdaterService
16:54:21.159 [FXGL Background Thread 3 ] DEBUG Engine               - class com.almasb.fxgl.dev.DevService
16:54:22.202 [JavaFX Application Thread] DEBUG Menu                 - fireNewGame()
16:54:22.203 [JavaFX Application Thread] DEBUG GameApplicationServi - Starting new game
16:54:22.204 [JavaFX Application Thread] DEBUG PrimaryStageWindow   - Pop state: MainMenu
16:54:22.204 [JavaFX Application Thread] DEBUG Input                - Clearing active input actions
16:54:22.206 [JavaFX Application Thread] DEBUG GameApplicationServi - Removing overlay from MainMenu and adding to FXGLMainMenuDummyScene
16:54:22.211 [JavaFX Application Thread] DEBUG PrimaryStageWindow   - FXGLMainMenuDummyScene <- MainMenu
16:54:22.212 [JavaFX Application Thread] DEBUG Input                - Clearing active input actions
16:54:22.225 [JavaFX Application Thread] DEBUG GameApplicationServi - Removing overlay from FXGLMainMenuDummyScene and adding to FXGLLoadingScene
16:54:22.226 [JavaFX Application Thread] DEBUG PrimaryStageWindow   - FXGLMainMenuDummyScene -> FXGLLoadingScene
16:54:22.226 [JavaFX Application Thread] DEBUG GameApplicationServi - Clearing previous game
16:54:22.226 [JavaFX Application Thread] DEBUG GameScene            - Clearing game scene
16:54:22.226 [JavaFX Application Thread] DEBUG GameWorld            - Clearing game world
16:54:22.226 [JavaFX Application Thread] DEBUG PhysicsWorld         - Clearing physics world
16:54:22.229 [FXGL Background Thread 2 ] DEBUG FXGLApplication      - Initializing game
16:54:22.275 [FXGL Background Thread 2 ] DEBUG FXGLAssetLoaderServi - Loading from file system: file:/E:/space_java/Game/game_datbom/target/classes/assets/textures/mapTexture/grass.png
16:54:22.293 [FXGL Background Thread 2 ] DEBUG FXGLAssetLoaderServi - Loading from file system: file:/E:/space_java/Game/game_datbom/target/classes/assets/textures/mapTexture/wall2.png
16:54:22.335 [FXGL Background Thread 2 ] DEBUG FXGLAssetLoaderServi - Loading from file system: file:/E:/space_java/Game/game_datbom/target/classes/assets/textures/gameItem/powerup_bombs.png
16:54:22.342 [FXGL Background Thread 2 ] DEBUG FXGLAssetLoaderServi - Loading from file system: file:/E:/space_java/Game/game_datbom/target/classes/assets/textures/gameItem/powerup_flamepass.png
16:54:22.347 [FXGL Background Thread 2 ] DEBUG FXGLAssetLoaderServi - Loading from file system: file:/E:/space_java/Game/game_datbom/target/classes/assets/textures/gameItem/powerup_flames.png
16:54:22.352 [FXGL Background Thread 2 ] DEBUG FXGLAssetLoaderServi - Loading from file system: file:/E:/space_java/Game/game_datbom/target/classes/assets/textures/gameItem/powerup_speed.png
16:54:22.395 [FXGL Background Thread 2 ] DEBUG FXGLAssetLoaderServi - Loading from file system: file:/E:/space_java/Game/game_datbom/target/classes/assets/textures/mapTexture%5cbrick.png
16:54:22.397 [FXGL Background Thread 2 ] DEBUG FXGLAssetLoaderServi - Loading from file system: file:/E:/space_java/Game/game_datbom/target/classes/assets/textures/mapTexture%5cbrick_break.png
16:54:22.485 [FXGL Background Thread 2 ] DEBUG FXGLAssetLoaderServi - Loading from file system: file:/E:/space_java/Game/game_datbom/target/classes/assets/textures/mapTexture/portal.png
16:54:22.580 [FXGL Background Thread 2 ] DEBUG FXGLAssetLoaderServi - Loading from file system: file:/E:/space_java/Game/game_datbom/target/classes/assets/textures/character%5cbomb.png
16:54:22.589 [FXGL Background Thread 2 ] DEBUG FXGLAssetLoaderServi - Loading from file system: file:/E:/space_java/Game/game_datbom/target/classes/assets/textures/character/gold_player_dead.png
16:54:22.592 [FXGL Background Thread 2 ] DEBUG FXGLAssetLoaderServi - Loading from file system: file:/E:/space_java/Game/game_datbom/target/classes/assets/textures/character/gold_player_down.png
16:54:22.594 [FXGL Background Thread 2 ] DEBUG FXGLAssetLoaderServi - Loading from file system: file:/E:/space_java/Game/game_datbom/target/classes/assets/textures/character/gold_player_up.png
16:54:22.595 [FXGL Background Thread 2 ] DEBUG FXGLAssetLoaderServi - Loading from file system: file:/E:/space_java/Game/game_datbom/target/classes/assets/textures/character/gold_player_left_temp.png
16:54:22.597 [FXGL Background Thread 2 ] DEBUG FXGLAssetLoaderServi - Loading from file system: file:/E:/space_java/Game/game_datbom/target/classes/assets/textures/character/gold_player_right_temp.png
16:54:22.602 [FXGL Background Thread 2 ] INFO  FXGLApplication      - Game initialization took: 0.373 sec
16:54:22.606 [JavaFX Application Thread] DEBUG Input                - Clearing active input actions
16:54:22.621 [JavaFX Application Thread] DEBUG GameApplicationServi - Removing overlay from FXGLLoadingScene and adding to GameScene
16:54:22.625 [JavaFX Application Thread] DEBUG PrimaryStageWindow   - FXGLLoadingScene -> GameScene
16:54:41.349 [JavaFX Application Thread] DEBUG FXGLAssetLoaderServi - Loading from file system: file:/E:/space_java/Game/game_datbom/target/classes/assets/textures/flame%5cleft_flame.png
16:54:41.352 [JavaFX Application Thread] DEBUG FXGLAssetLoaderServi - Loading from file system: file:/E:/space_java/Game/game_datbom/target/classes/assets/textures/flame%5cup_flame.png
16:54:41.355 [JavaFX Application Thread] DEBUG FXGLAssetLoaderServi - Loading from file system: file:/E:/space_java/Game/game_datbom/target/classes/assets/textures/flame%5ccentral_flame.png
16:54:43.455 [JavaFX Application Thread] WARN  GameWorld            - Attempted to remove entity which is not active
16:54:43.456 [JavaFX Application Thread] WARN  GameWorld            - Attempted to remove entity which is not active
16:55:17.055 [JavaFX Application Thread] DEBUG Input                - Clearing active input actions
16:55:17.075 [JavaFX Application Thread] DEBUG GameApplicationServi - Removing overlay from GameScene and adding to FXGLMainMenuDummyScene
16:55:17.078 [JavaFX Application Thread] DEBUG PrimaryStageWindow   - GameScene -> FXGLMainMenuDummyScene
16:55:17.079 [JavaFX Application Thread] DEBUG PrimaryStageWindow   - Push state: MainMenu
16:55:17.079 [JavaFX Application Thread] DEBUG Input                - Clearing active input actions
16:55:17.080 [JavaFX Application Thread] DEBUG GameApplicationServi - Removing overlay from FXGLMainMenuDummyScene and adding to MainMenu
16:55:17.081 [JavaFX Application Thread] DEBUG PrimaryStageWindow   - FXGLMainMenuDummyScene -> MainMenu
16:55:25.168 [JavaFX Application Thread] DEBUG Menu                 - fireNewGame()
16:55:25.168 [JavaFX Application Thread] DEBUG GameApplicationServi - Starting new game
16:55:25.168 [JavaFX Application Thread] DEBUG PrimaryStageWindow   - Pop state: MainMenu
16:55:25.168 [JavaFX Application Thread] DEBUG Input                - Clearing active input actions
16:55:25.170 [JavaFX Application Thread] DEBUG GameApplicationServi - Removing overlay from MainMenu and adding to FXGLMainMenuDummyScene
16:55:25.171 [JavaFX Application Thread] DEBUG PrimaryStageWindow   - FXGLMainMenuDummyScene <- MainMenu
16:55:25.171 [JavaFX Application Thread] DEBUG Input                - Clearing active input actions
16:55:25.179 [JavaFX Application Thread] DEBUG GameApplicationServi - Removing overlay from FXGLMainMenuDummyScene and adding to FXGLLoadingScene
16:55:25.180 [JavaFX Application Thread] DEBUG PrimaryStageWindow   - FXGLMainMenuDummyScene -> FXGLLoadingScene
16:55:25.180 [JavaFX Application Thread] DEBUG GameApplicationServi - Clearing previous game
16:55:25.180 [JavaFX Application Thread] DEBUG GameScene            - Clearing game scene
16:55:25.180 [JavaFX Application Thread] DEBUG GameWorld            - Clearing game world
16:55:25.198 [JavaFX Application Thread] DEBUG PhysicsWorld         - Clearing physics world
16:55:25.200 [FXGL Background Thread 5 ] DEBUG FXGLApplication      - Initializing game
16:55:25.288 [FXGL Background Thread 5 ] INFO  FXGLApplication      - Game initialization took: 0.089 sec
16:55:25.292 [JavaFX Application Thread] DEBUG Input                - Clearing active input actions
16:55:25.299 [JavaFX Application Thread] DEBUG GameApplicationServi - Removing overlay from FXGLLoadingScene and adding to GameScene
16:55:25.301 [JavaFX Application Thread] DEBUG PrimaryStageWindow   - FXGLLoadingScene -> GameScene
16:55:31.935 [JavaFX Application Thread] DEBUG Input                - Clearing active input actions
16:55:31.943 [JavaFX Application Thread] DEBUG GameApplicationServi - Removing overlay from GameScene and adding to FXGLMainMenuDummyScene
16:55:31.944 [JavaFX Application Thread] DEBUG PrimaryStageWindow   - GameScene -> FXGLMainMenuDummyScene
16:55:31.945 [JavaFX Application Thread] DEBUG PrimaryStageWindow   - Push state: MainMenu
16:55:31.945 [JavaFX Application Thread] DEBUG Input                - Clearing active input actions
16:55:31.945 [JavaFX Application Thread] DEBUG GameApplicationServi - Removing overlay from FXGLMainMenuDummyScene and adding to MainMenu
16:55:31.945 [JavaFX Application Thread] DEBUG PrimaryStageWindow   - FXGLMainMenuDummyScene -> MainMenu
16:55:33.909 [JavaFX Application Thread] DEBUG Menu                 - fireNewGame()
16:55:33.910 [JavaFX Application Thread] DEBUG GameApplicationServi - Starting new game
16:55:33.910 [JavaFX Application Thread] DEBUG PrimaryStageWindow   - Pop state: MainMenu
16:55:33.910 [JavaFX Application Thread] DEBUG Input                - Clearing active input actions
16:55:33.911 [JavaFX Application Thread] DEBUG GameApplicationServi - Removing overlay from MainMenu and adding to FXGLMainMenuDummyScene
16:55:33.912 [JavaFX Application Thread] DEBUG PrimaryStageWindow   - FXGLMainMenuDummyScene <- MainMenu
16:55:33.912 [JavaFX Application Thread] DEBUG Input                - Clearing active input actions
16:55:33.915 [JavaFX Application Thread] DEBUG GameApplicationServi - Removing overlay from FXGLMainMenuDummyScene and adding to FXGLLoadingScene
16:55:33.915 [JavaFX Application Thread] DEBUG PrimaryStageWindow   - FXGLMainMenuDummyScene -> FXGLLoadingScene
16:55:33.916 [JavaFX Application Thread] DEBUG GameApplicationServi - Clearing previous game
16:55:33.916 [JavaFX Application Thread] DEBUG GameScene            - Clearing game scene
16:55:33.916 [JavaFX Application Thread] DEBUG GameWorld            - Clearing game world
16:55:33.927 [JavaFX Application Thread] DEBUG PhysicsWorld         - Clearing physics world
16:55:33.928 [FXGL Background Thread 5 ] DEBUG FXGLApplication      - Initializing game
16:55:34.000 [FXGL Background Thread 5 ] INFO  FXGLApplication      - Game initialization took: 0.072 sec
16:55:34.010 [JavaFX Application Thread] DEBUG Input                - Clearing active input actions
16:55:34.015 [JavaFX Application Thread] DEBUG GameApplicationServi - Removing overlay from FXGLLoadingScene and adding to GameScene
16:55:34.016 [JavaFX Application Thread] DEBUG PrimaryStageWindow   - FXGLLoadingScene -> GameScene
16:55:52.351 [JavaFX Application Thread] DEBUG Input                - Clearing active input actions
16:55:52.354 [JavaFX Application Thread] DEBUG GameApplicationServi - Removing overlay from GameScene and adding to FXGLMainMenuDummyScene
16:55:52.354 [JavaFX Application Thread] DEBUG PrimaryStageWindow   - GameScene -> FXGLMainMenuDummyScene
16:55:52.355 [JavaFX Application Thread] DEBUG PrimaryStageWindow   - Push state: MainMenu
16:55:52.355 [JavaFX Application Thread] DEBUG Input                - Clearing active input actions
16:55:52.355 [JavaFX Application Thread] DEBUG GameApplicationServi - Removing overlay from FXGLMainMenuDummyScene and adding to MainMenu
16:55:52.355 [JavaFX Application Thread] DEBUG PrimaryStageWindow   - FXGLMainMenuDummyScene -> MainMenu
16:55:53.279 [JavaFX Application Thread] DEBUG Menu                 - fireNewGame()
16:55:53.279 [JavaFX Application Thread] DEBUG GameApplicationServi - Starting new game
16:55:53.279 [JavaFX Application Thread] DEBUG PrimaryStageWindow   - Pop state: MainMenu
16:55:53.279 [JavaFX Application Thread] DEBUG Input                - Clearing active input actions
16:55:53.279 [JavaFX Application Thread] DEBUG GameApplicationServi - Removing overlay from MainMenu and adding to FXGLMainMenuDummyScene
16:55:53.280 [JavaFX Application Thread] DEBUG PrimaryStageWindow   - FXGLMainMenuDummyScene <- MainMenu
16:55:53.281 [JavaFX Application Thread] DEBUG Input                - Clearing active input actions
16:55:53.287 [JavaFX Application Thread] DEBUG GameApplicationServi - Removing overlay from FXGLMainMenuDummyScene and adding to FXGLLoadingScene
16:55:53.287 [JavaFX Application Thread] DEBUG PrimaryStageWindow   - FXGLMainMenuDummyScene -> FXGLLoadingScene
16:55:53.288 [JavaFX Application Thread] DEBUG GameApplicationServi - Clearing previous game
16:55:53.288 [JavaFX Application Thread] DEBUG GameScene            - Clearing game scene
16:55:53.288 [JavaFX Application Thread] DEBUG GameWorld            - Clearing game world
16:55:53.302 [JavaFX Application Thread] DEBUG PhysicsWorld         - Clearing physics world
16:55:53.303 [FXGL Background Thread 5 ] DEBUG FXGLApplication      - Initializing game
16:55:53.359 [FXGL Background Thread 5 ] INFO  FXGLApplication      - Game initialization took: 0.056 sec
16:55:53.361 [JavaFX Application Thread] DEBUG Input                - Clearing active input actions
16:55:53.366 [JavaFX Application Thread] DEBUG GameApplicationServi - Removing overlay from FXGLLoadingScene and adding to GameScene
16:55:53.367 [JavaFX Application Thread] DEBUG PrimaryStageWindow   - FXGLLoadingScene -> GameScene
16:56:22.556 [JavaFX Application Thread] DEBUG FXGLApplication      - Exiting FXGL
16:56:22.556 [JavaFX Application Thread] DEBUG LoopRunner           - Stopping loop
16:56:22.557 [JavaFX Application Thread] DEBUG SystemBundleService  - Saving FXGL system data
16:56:22.560 [JavaFX Application Thread] DEBUG FileSystemAccess     - Writing to: E:\space_java\Game\game_datbom\system\fxgl.bundle
16:56:22.565 [JavaFX Application Thread] DEBUG Async                - Shutting down background threads
16:56:22.565 [JavaFX Application Thread] DEBUG PrimaryStageWindow   - Closing main window
16:56:22.600 [JavaFX Application Thread] DEBUG Logger               - Closing Logger
