07:35:16.157 [main                     ] DEBUG Logger               - Configured Logger
07:35:16.175 [main                     ] DEBUG GameApplication      - Logging settings
Title: Bomberman
Version: 1.0
Width: 1280
Height: 720
Fullscreen: false
Intro: false
Profiling: false
Single step:false
App Mode: DEVELOPER
Menu Key: ESCAPE
Stage Style: DECORATED
Scene Factory: class hellofx.Main$1

07:35:16.279 [JavaFX Application Thread] DEBUG FXGLApplication      - Initializing FXGL
07:35:16.285 [JavaFX Application Thread] INFO  Engine               - FXGL-17.1 (24.03.2022 17.34) on WINDOWS (J:18.0.2.1 FX:18)
07:35:16.285 [JavaFX Application Thread] DEBUG Engine               - JRE Vendor Name: Oracle Corporation
07:35:16.285 [JavaFX Application Thread] DEBUG Engine               - Running on OS: Windows 11 version 10.0
07:35:16.285 [JavaFX Application Thread] DEBUG Engine               - Architecture: amd64
07:35:16.285 [JavaFX Application Thread] INFO  Engine               - Source code and latest versions at: https://github.com/AlmasB/FXGL
07:35:16.286 [JavaFX Application Thread] INFO  Engine               -       Ask questions and discuss at: https://github.com/AlmasB/FXGL/discussions
07:35:16.286 [JavaFX Application Thread] INFO  Engine               -              Join the FXGL chat at: https://gitter.im/AlmasB/FXGL
07:35:16.335 [JavaFX Application Thread] DEBUG PrimaryStageWindow   - Creating a JavaFX scene
07:35:16.383 [JavaFX Application Thread] DEBUG PrimaryStageWindow   - Target settings size: 1280.0 x 720.0
07:35:16.384 [JavaFX Application Thread] DEBUG PrimaryStageWindow   - Scaled scene size:    1280.0 x 720.0
07:35:16.384 [JavaFX Application Thread] DEBUG PrimaryStageWindow   - Scaled ratio: (1.0, 1.0)
07:35:16.385 [JavaFX Application Thread] DEBUG PrimaryStageWindow   - Set initial scene to FXGLStartupScene
07:35:16.391 [JavaFX Application Thread] DEBUG PrimaryStageWindow   - Opening main window
07:35:16.473 [JavaFX Application Thread] DEBUG PrimaryStageWindow   - Window border size: (16.0, 39.0)
07:35:16.474 [JavaFX Application Thread] DEBUG PrimaryStageWindow   - Scaled size: 1280.0 x 720.0
07:35:16.474 [JavaFX Application Thread] DEBUG PrimaryStageWindow   - Scaled ratio: (1.0, 1.0)
07:35:16.474 [JavaFX Application Thread] DEBUG PrimaryStageWindow   - Scene size: 1280.0 x 720.0
07:35:16.475 [JavaFX Application Thread] DEBUG PrimaryStageWindow   - Stage size: 1296.0 x 759.0
07:35:16.484 [FXGL Background Thread 1 ] DEBUG Engine               - Initializing environment variables
07:35:16.554 [FXGL Background Thread 1 ] DEBUG FXGLAssetLoaderServi - User app class for loading assets: class hellofx.Main
07:35:16.554 [FXGL Background Thread 1 ] DEBUG GameApplicationServi - Applying CSS: fxgl_dark.css
07:35:16.555 [FXGL Background Thread 1 ] DEBUG FXGLAssetLoaderServi - Loading from file system: jar:file:/C:/Users/chaum/.m2/repository/com/github/almasb/fxgl/17.1/fxgl-17.1.jar!/fxglassets/ui/css/fxgl_dark.css
07:35:16.596 [FXGL Background Thread 1 ] DEBUG GameApplicationServi - Initializing application scenes
07:35:16.637 [FXGL Background Thread 1 ] DEBUG GameWorld            - Game world initialized
07:35:16.684 [FXGL Background Thread 1 ] DEBUG PhysicsWorld         - Physics world initialized: appHeight=720, physics.ppm=50.0
07:35:16.685 [FXGL Background Thread 1 ] DEBUG PhysicsWorld         - Using strategy: BRUTE_FORCE
07:35:16.688 [FXGL Background Thread 1 ] DEBUG GameScene            - Game scene initialized: 1280x720
07:35:16.764 [FXGL Background Thread 1 ] DEBUG GameApplicationServi - Application scenes initialized
07:35:16.793 [FXGL Background Thread 1 ] DEBUG SystemBundleService  - Loading FXGL system data
07:35:16.800 [FXGL Background Thread 1 ] DEBUG FileSystemAccess     - Reading from: E:\space_java\Game\game_datbom\system\fxgl.bundle
07:35:16.816 [FXGL Background Thread 1 ] DEBUG SystemBundleService  - Bundle FXGL: {}
07:35:16.816 [FXGL Background Thread 1 ] DEBUG UpdaterService       - Checking for updates
07:35:16.850 [FXGL Background Thread 1 ] DEBUG FXGLApplication      - Loading default localization
07:35:16.851 [FXGL Background Thread 1 ] DEBUG FXGLAssetLoaderServi - Loading from file system: jar:file:/C:/Users/chaum/.m2/repository/com/github/almasb/fxgl/17.1/fxgl-17.1.jar!/fxglassets/languages/english.lang
07:35:16.852 [FXGL Background Thread 4 ] DEBUG FXGLApplication      - Loading fonts
07:35:16.852 [FXGL Background Thread 4 ] DEBUG FXGLAssetLoaderServi - Loading from file system: jar:file:/C:/Users/chaum/.m2/repository/com/github/almasb/fxgl/17.1/fxgl-17.1.jar!/fxglassets/ui/fonts/VarelaRound-Regular.ttf
07:35:16.870 [FXGL Background Thread 1 ] INFO  FXGLApplication      - FXGL initialization took: 0.385 sec
07:35:16.881 [JavaFX Application Thread] DEBUG Input                - Registered new binding: action0 - F
07:35:16.882 [JavaFX Application Thread] DEBUG Input                - Registered new binding: Right - D
07:35:16.882 [JavaFX Application Thread] DEBUG Input                - Registered new binding: Left - A
07:35:16.882 [JavaFX Application Thread] DEBUG Input                - Registered new binding: Up - W
07:35:16.882 [JavaFX Application Thread] DEBUG Input                - Registered new binding: Down - S
07:35:16.882 [JavaFX Application Thread] DEBUG Input                - Registered new binding: Place boom - Space
07:35:16.883 [JavaFX Application Thread] DEBUG FXGLAssetLoaderServi - Loading from file system: file:/E:/space_java/Game/game_datbom/target/classes/assets/textures/icon/icon.png
07:35:16.921 [FXGL Background Thread 4 ] DEBUG FXGLAssetLoaderServi - Loading from file system: jar:file:/C:/Users/chaum/.m2/repository/com/github/almasb/fxgl/17.1/fxgl-17.1.jar!/fxglassets/ui/fonts/Abel-Regular.ttf
07:35:16.925 [FXGL Background Thread 4 ] DEBUG FXGLAssetLoaderServi - Loading from file system: jar:file:/C:/Users/chaum/.m2/repository/com/github/almasb/fxgl/17.1/fxgl-17.1.jar!/fxglassets/ui/fonts/TerminalLandMono-Regular.otf
07:35:16.928 [FXGL Background Thread 4 ] DEBUG FXGLAssetLoaderServi - Loading from file system: jar:file:/C:/Users/chaum/.m2/repository/com/github/almasb/fxgl/17.1/fxgl-17.1.jar!/fxglassets/ui/fonts/Courier-Prime.ttf
07:35:16.933 [JavaFX Application Thread] DEBUG FXGLAssetLoaderServi - Loading from file system: file:/E:/space_java/Game/game_datbom/target/classes/assets/textures/cursor/cursor1.png
07:35:16.955 [JavaFX Application Thread] DEBUG Input                - Registered new binding: Screenshot - CTRL+8
07:35:16.955 [JavaFX Application Thread] DEBUG Input                - Registered new binding: Dev Options - 1
07:35:16.956 [JavaFX Application Thread] DEBUG Input                - Registered new binding: Dev Console - 2
07:35:16.956 [JavaFX Application Thread] DEBUG Input                - Registered new binding: System info dump - CTRL+9
07:35:16.956 [JavaFX Application Thread] DEBUG Input                - Registered new binding: Restart - CTRL+R
07:35:16.957 [JavaFX Application Thread] DEBUG Input                - Registered new binding: Toggle Debug Camera - CTRL+7
07:35:16.959 [JavaFX Application Thread] DEBUG LoopRunner           - Starting loop
07:35:16.976 [JavaFX Application Thread] DEBUG LoopRunner           - Initializing JavaFX AnimationTimerLoop
07:35:16.979 [JavaFX Application Thread] DEBUG Input                - Clearing active input actions
07:35:16.988 [JavaFX Application Thread] DEBUG GameApplicationServi - Removing overlay from FXGLStartupScene and adding to FXGLMainMenuDummyScene
07:35:16.992 [JavaFX Application Thread] DEBUG PrimaryStageWindow   - FXGLStartupScene -> FXGLMainMenuDummyScene
07:35:16.992 [JavaFX Application Thread] DEBUG PrimaryStageWindow   - Push state: MainMenu
07:35:16.992 [JavaFX Application Thread] DEBUG Input                - Clearing active input actions
07:35:16.996 [JavaFX Application Thread] DEBUG GameApplicationServi - Removing overlay from FXGLMainMenuDummyScene and adding to MainMenu
07:35:16.997 [JavaFX Application Thread] DEBUG PrimaryStageWindow   - FXGLMainMenuDummyScene -> MainMenu
07:35:16.997 [JavaFX Application Thread] DEBUG FXGLApplication      - Registering font factories with UI factory
07:35:18.084 [FXGL Background Thread 2 ] INFO  UpdaterService       - Your current version:  17.1
07:35:18.085 [FXGL Background Thread 2 ] INFO  UpdaterService       - Latest stable version: 17.2
07:35:19.848 [FXGL Background Thread 3 ] DEBUG Engine               - Logging environment variables
07:35:19.850 [FXGL Background Thread 3 ] DEBUG Engine               - achievements: []
07:35:19.850 [FXGL Background Thread 3 ] DEBUG Engine               - actualHeight: 720.0
07:35:19.850 [FXGL Background Thread 3 ] DEBUG Engine               - actualHeightProperty: ReadOnlyDoubleProperty [value: 720.0]
07:35:19.851 [FXGL Background Thread 3 ] DEBUG Engine               - actualWidth: 1280.0
07:35:19.851 [FXGL Background Thread 3 ] DEBUG Engine               - actualWidthProperty: ReadOnlyDoubleProperty [value: 1280.0]
07:35:19.851 [FXGL Background Thread 3 ] DEBUG Engine               - appIcon: icon/icon.png
07:35:19.851 [FXGL Background Thread 3 ] DEBUG Engine               - applicationMode: DEVELOPER
07:35:19.851 [FXGL Background Thread 3 ] DEBUG Engine               - cSSList: [fxgl_dark.css]
07:35:19.852 [FXGL Background Thread 3 ] DEBUG Engine               - collisionDetectionStrategy: BRUTE_FORCE
07:35:19.852 [FXGL Background Thread 3 ] DEBUG Engine               - configClass: Optional.empty
07:35:19.852 [FXGL Background Thread 3 ] DEBUG Engine               - credits: []
07:35:19.855 [FXGL Background Thread 3 ] DEBUG Engine               - defaultCursor: CursorInfo(imageName=cursor/cursor1.png, hotspotX=0.0, hotspotY=0.0)
07:35:19.856 [FXGL Background Thread 3 ] DEBUG Engine               - devBBoxColorProperty: ObjectProperty [value: 0xff0000ff]
07:35:19.856 [FXGL Background Thread 3 ] DEBUG Engine               - devEnableDebugCameraProperty: BooleanProperty [value: false]
07:35:19.856 [FXGL Background Thread 3 ] DEBUG Engine               - devSensorColorProperty: ObjectProperty [value: 0xffff00ff]
07:35:19.856 [FXGL Background Thread 3 ] DEBUG Engine               - devShowBBoxProperty: BooleanProperty [value: false]
07:35:19.857 [FXGL Background Thread 3 ] DEBUG Engine               - devShowPositionProperty: BooleanProperty [value: false]
07:35:19.857 [FXGL Background Thread 3 ] DEBUG Engine               - enabledMenuItems: []
07:35:19.857 [FXGL Background Thread 3 ] DEBUG Engine               - engineServices: [class com.almasb.fxgl.app.services.FXGLAssetLoaderService, class com.almasb.fxgl.app.FXGLApplication$GameApplicationService, class com.almasb.fxgl.app.services.FXGLDialogService, class com.almasb.fxgl.app.services.IOTaskExecutorService, class com.almasb.fxgl.io.FileSystemService, class com.almasb.fxgl.localization.LocalizationService, class com.almasb.fxgl.app.services.SystemBundleService, class com.almasb.fxgl.profile.SaveLoadService, class com.almasb.fxgl.ui.FXGLUIFactoryServiceProvider, class com.almasb.fxgl.ui.FXGLDialogFactoryServiceProvider, class com.almasb.fxgl.audio.AudioPlayer, class com.almasb.fxgl.notification.impl.NotificationServiceProvider, class com.almasb.fxgl.achievement.AchievementService, class com.almasb.fxgl.cutscene.CutsceneService, class com.almasb.fxgl.minigames.MiniGameService, class com.almasb.fxgl.net.NetService, class com.almasb.fxgl.app.services.UpdaterService, class com.almasb.fxgl.dev.DevService]
07:35:19.857 [FXGL Background Thread 3 ] DEBUG Engine               - fontGame: Abel-Regular.ttf
07:35:19.857 [FXGL Background Thread 3 ] DEBUG Engine               - fontMono: TerminalLandMono-Regular.otf
07:35:19.857 [FXGL Background Thread 3 ] DEBUG Engine               - fontText: Courier-Prime.ttf
07:35:19.857 [FXGL Background Thread 3 ] DEBUG Engine               - fontUI: VarelaRound-Regular.ttf
07:35:19.857 [FXGL Background Thread 3 ] DEBUG Engine               - fullScreen: BooleanProperty [value: false]
07:35:19.857 [FXGL Background Thread 3 ] DEBUG Engine               - gameDifficulty: MEDIUM
07:35:19.858 [FXGL Background Thread 3 ] DEBUG Engine               - gameDifficultyProperty: ObjectProperty [value: MEDIUM]
07:35:19.858 [FXGL Background Thread 3 ] DEBUG Engine               - globalMusicVolume: 0.5
07:35:19.858 [FXGL Background Thread 3 ] DEBUG Engine               - globalMusicVolumeProperty: DoubleProperty [value: 0.5]
07:35:19.858 [FXGL Background Thread 3 ] DEBUG Engine               - globalSoundVolume: 0.5
07:35:19.858 [FXGL Background Thread 3 ] DEBUG Engine               - globalSoundVolumeProperty: DoubleProperty [value: 0.5]
07:35:19.858 [FXGL Background Thread 3 ] DEBUG Engine               - height: 720
07:35:19.858 [FXGL Background Thread 3 ] DEBUG Engine               - is3D: false
07:35:19.858 [FXGL Background Thread 3 ] DEBUG Engine               - isAndroid: false
07:35:19.858 [FXGL Background Thread 3 ] DEBUG Engine               - isBrowser: false
07:35:19.859 [FXGL Background Thread 3 ] DEBUG Engine               - isClickFeedbackEnabled: false
07:35:19.859 [FXGL Background Thread 3 ] DEBUG Engine               - isCloseConfirmation: false
07:35:19.859 [FXGL Background Thread 3 ] DEBUG Engine               - isDesktop: true
07:35:19.859 [FXGL Background Thread 3 ] DEBUG Engine               - isDeveloperMenuEnabled: true
07:35:19.859 [FXGL Background Thread 3 ] DEBUG Engine               - isEmbedded: false
07:35:19.859 [FXGL Background Thread 3 ] DEBUG Engine               - isEntityPreloadEnabled: true
07:35:19.859 [FXGL Background Thread 3 ] DEBUG Engine               - isExperimentalTiledLargeMap: false
07:35:19.859 [FXGL Background Thread 3 ] DEBUG Engine               - isFileSystemWriteAllowed: true
07:35:19.859 [FXGL Background Thread 3 ] DEBUG Engine               - isFullScreenAllowed: false
07:35:19.859 [FXGL Background Thread 3 ] DEBUG Engine               - isFullScreenFromStart: false
07:35:19.859 [FXGL Background Thread 3 ] DEBUG Engine               - isGameMenuEnabled: true
07:35:19.859 [FXGL Background Thread 3 ] DEBUG Engine               - isIOS: false
07:35:19.859 [FXGL Background Thread 3 ] DEBUG Engine               - isIntroEnabled: false
07:35:19.860 [FXGL Background Thread 3 ] DEBUG Engine               - isLinux: false
07:35:19.860 [FXGL Background Thread 3 ] DEBUG Engine               - isMac: false
07:35:19.860 [FXGL Background Thread 3 ] DEBUG Engine               - isMainMenuEnabled: true
07:35:19.860 [FXGL Background Thread 3 ] DEBUG Engine               - isManualResizeEnabled: false
07:35:19.860 [FXGL Background Thread 3 ] DEBUG Engine               - isMobile: false
07:35:19.860 [FXGL Background Thread 3 ] DEBUG Engine               - isNative: false
07:35:19.860 [FXGL Background Thread 3 ] DEBUG Engine               - isPauseMusicWhenMinimized: true
07:35:19.860 [FXGL Background Thread 3 ] DEBUG Engine               - isPreserveResizeRatio: false
07:35:19.860 [FXGL Background Thread 3 ] DEBUG Engine               - isProfilingEnabled: false
07:35:19.860 [FXGL Background Thread 3 ] DEBUG Engine               - isScaleAffectedOnResize: true
07:35:19.860 [FXGL Background Thread 3 ] DEBUG Engine               - isSingleStep: false
07:35:19.860 [FXGL Background Thread 3 ] DEBUG Engine               - isUserProfileEnabled: false
07:35:19.860 [FXGL Background Thread 3 ] DEBUG Engine               - isWindows: true
07:35:19.860 [FXGL Background Thread 3 ] DEBUG Engine               - language: ObjectProperty [value: ENGLISH]
07:35:19.860 [FXGL Background Thread 3 ] DEBUG Engine               - menuKey: ESCAPE
07:35:19.860 [FXGL Background Thread 3 ] DEBUG Engine               - mouseSensitivity: 0.2
07:35:19.861 [FXGL Background Thread 3 ] DEBUG Engine               - notificationViewClass: class com.almasb.fxgl.notification.view.XboxNotificationView
07:35:19.861 [FXGL Background Thread 3 ] DEBUG Engine               - pixelsPerMeter: 50.0
07:35:19.861 [FXGL Background Thread 3 ] DEBUG Engine               - platform: WINDOWS
07:35:19.861 [FXGL Background Thread 3 ] DEBUG Engine               - prefHeightProperty: ReadOnlyDoubleProperty [value: 720.0]
07:35:19.861 [FXGL Background Thread 3 ] DEBUG Engine               - prefWidthProperty: ReadOnlyDoubleProperty [value: 1280.0]
07:35:19.861 [FXGL Background Thread 3 ] DEBUG Engine               - profileDir: profiles/
07:35:19.861 [FXGL Background Thread 3 ] DEBUG Engine               - profileName: StringProperty [value: DEFAULT]
07:35:19.861 [FXGL Background Thread 3 ] DEBUG Engine               - randomSeed: -1
07:35:19.861 [FXGL Background Thread 3 ] DEBUG Engine               - runtimeInfo: RuntimeInfo(platform=WINDOWS, version=17.1, build=24.03.2022 17.34)
07:35:19.861 [FXGL Background Thread 3 ] DEBUG Engine               - saveFileExt: sav
07:35:19.861 [FXGL Background Thread 3 ] DEBUG Engine               - scaledHeightProp$fxgl: DoubleProperty [bound, value: 720.0]
07:35:19.861 [FXGL Background Thread 3 ] DEBUG Engine               - scaledWidthProp$fxgl: DoubleProperty [bound, value: 1280.0]
07:35:19.862 [FXGL Background Thread 3 ] DEBUG Engine               - sceneFactory: hellofx.Main$1@22118c50
07:35:19.862 [FXGL Background Thread 3 ] DEBUG Engine               - secondsIn24h: 60
07:35:19.862 [FXGL Background Thread 3 ] DEBUG Engine               - soundMenuBack: menu/back.wav
07:35:19.862 [FXGL Background Thread 3 ] DEBUG Engine               - soundMenuPress: menu/press.wav
07:35:19.862 [FXGL Background Thread 3 ] DEBUG Engine               - soundMenuSelect: menu/select.wav
07:35:19.862 [FXGL Background Thread 3 ] DEBUG Engine               - soundNotification: core/notification.wav
07:35:19.862 [FXGL Background Thread 3 ] DEBUG Engine               - stageStyle: DECORATED
07:35:19.862 [FXGL Background Thread 3 ] DEBUG Engine               - supportedLanguages: [ENGLISH, FRENCH, GERMAN, HUNGARIAN, RUSSIAN]
07:35:19.862 [FXGL Background Thread 3 ] DEBUG Engine               - ticksPerSecond: -1
07:35:19.862 [FXGL Background Thread 3 ] DEBUG Engine               - title: Bomberman
07:35:19.862 [FXGL Background Thread 3 ] DEBUG Engine               - urlGithub: https://github.com/AlmasB/FXGL
07:35:19.862 [FXGL Background Thread 3 ] DEBUG Engine               - urlLeaderboard: http://fxgl-top.herokuapp.com/
07:35:19.862 [FXGL Background Thread 3 ] DEBUG Engine               - urlPOM: https://raw.githubusercontent.com/AlmasB/FXGL/release/README.md
07:35:19.862 [FXGL Background Thread 3 ] DEBUG Engine               - userAppClass: class hellofx.Main
07:35:19.862 [FXGL Background Thread 3 ] DEBUG Engine               - version: 1.0
07:35:19.862 [FXGL Background Thread 3 ] DEBUG Engine               - versionCheckDays: 7
07:35:19.862 [FXGL Background Thread 3 ] DEBUG Engine               - width: 1280
07:35:19.862 [FXGL Background Thread 3 ] DEBUG Engine               - Logging services
07:35:19.862 [FXGL Background Thread 3 ] DEBUG Engine               - class com.almasb.fxgl.app.services.FXGLAssetLoaderService
07:35:19.862 [FXGL Background Thread 3 ] DEBUG Engine               - class com.almasb.fxgl.app.FXGLApplication$GameApplicationService
07:35:19.863 [FXGL Background Thread 3 ] DEBUG Engine               - class com.almasb.fxgl.app.services.FXGLDialogService
07:35:19.863 [FXGL Background Thread 3 ] DEBUG Engine               - class com.almasb.fxgl.app.services.IOTaskExecutorService
07:35:19.863 [FXGL Background Thread 3 ] DEBUG Engine               - class com.almasb.fxgl.io.FileSystemService
07:35:19.863 [FXGL Background Thread 3 ] DEBUG Engine               - class com.almasb.fxgl.localization.LocalizationService
07:35:19.863 [FXGL Background Thread 3 ] DEBUG Engine               - class com.almasb.fxgl.app.services.SystemBundleService
07:35:19.863 [FXGL Background Thread 3 ] DEBUG Engine               - class com.almasb.fxgl.profile.SaveLoadService
07:35:19.863 [FXGL Background Thread 3 ] DEBUG Engine               - class com.almasb.fxgl.ui.FXGLUIFactoryServiceProvider
07:35:19.863 [FXGL Background Thread 3 ] DEBUG Engine               - class com.almasb.fxgl.ui.FXGLDialogFactoryServiceProvider
07:35:19.863 [FXGL Background Thread 3 ] DEBUG Engine               - class com.almasb.fxgl.audio.AudioPlayer
07:35:19.863 [FXGL Background Thread 3 ] DEBUG Engine               - class com.almasb.fxgl.notification.impl.NotificationServiceProvider
07:35:19.863 [FXGL Background Thread 3 ] DEBUG Engine               - class com.almasb.fxgl.achievement.AchievementService
07:35:19.863 [FXGL Background Thread 3 ] DEBUG Engine               - class com.almasb.fxgl.cutscene.CutsceneService
07:35:19.863 [FXGL Background Thread 3 ] DEBUG Engine               - class com.almasb.fxgl.minigames.MiniGameService
07:35:19.863 [FXGL Background Thread 3 ] DEBUG Engine               - class com.almasb.fxgl.net.NetService
07:35:19.863 [FXGL Background Thread 3 ] DEBUG Engine               - class com.almasb.fxgl.app.services.UpdaterService
07:35:19.863 [FXGL Background Thread 3 ] DEBUG Engine               - class com.almasb.fxgl.dev.DevService
07:35:20.959 [JavaFX Application Thread] DEBUG Menu                 - fireNewGame()
07:35:20.959 [JavaFX Application Thread] DEBUG GameApplicationServi - Starting new game
07:35:20.960 [JavaFX Application Thread] DEBUG PrimaryStageWindow   - Pop state: MainMenu
07:35:20.960 [JavaFX Application Thread] DEBUG Input                - Clearing active input actions
07:35:20.962 [JavaFX Application Thread] DEBUG GameApplicationServi - Removing overlay from MainMenu and adding to FXGLMainMenuDummyScene
07:35:20.967 [JavaFX Application Thread] DEBUG PrimaryStageWindow   - FXGLMainMenuDummyScene <- MainMenu
07:35:20.968 [JavaFX Application Thread] DEBUG Input                - Clearing active input actions
07:35:20.977 [JavaFX Application Thread] DEBUG GameApplicationServi - Removing overlay from FXGLMainMenuDummyScene and adding to FXGLLoadingScene
07:35:20.978 [JavaFX Application Thread] DEBUG PrimaryStageWindow   - FXGLMainMenuDummyScene -> FXGLLoadingScene
07:35:20.978 [JavaFX Application Thread] DEBUG GameApplicationServi - Clearing previous game
07:35:20.979 [JavaFX Application Thread] DEBUG GameScene            - Clearing game scene
07:35:20.979 [JavaFX Application Thread] DEBUG GameWorld            - Clearing game world
07:35:20.979 [JavaFX Application Thread] DEBUG PhysicsWorld         - Clearing physics world
07:35:20.981 [FXGL Background Thread 2 ] DEBUG FXGLApplication      - Initializing game
07:35:21.004 [FXGL Background Thread 2 ] DEBUG FXGLAssetLoaderServi - Loading from file system: file:/E:/space_java/Game/game_datbom/target/classes/assets/textures/mapTexture/grass.png
07:35:21.012 [FXGL Background Thread 2 ] DEBUG FXGLAssetLoaderServi - Loading from file system: file:/E:/space_java/Game/game_datbom/target/classes/assets/textures/mapTexture/wall.png
07:35:21.106 [FXGL Background Thread 2 ] DEBUG FXGLAssetLoaderServi - Loading from file system: file:/E:/space_java/Game/game_datbom/target/classes/assets/textures/mapTexture%5cbrick.png
07:35:21.110 [FXGL Background Thread 2 ] DEBUG FXGLAssetLoaderServi - Loading from file system: file:/E:/space_java/Game/game_datbom/target/classes/assets/textures/mapTexture%5cbrick_break.png
07:35:21.281 [FXGL Background Thread 2 ] DEBUG FXGLAssetLoaderServi - Loading from file system: file:/E:/space_java/Game/game_datbom/target/classes/assets/textures/character/gold_player_up.png
07:35:21.283 [FXGL Background Thread 2 ] DEBUG FXGLAssetLoaderServi - Loading from file system: file:/E:/space_java/Game/game_datbom/target/classes/assets/textures/character/gold_player_down.png
07:35:21.285 [FXGL Background Thread 2 ] DEBUG FXGLAssetLoaderServi - Loading from file system: file:/E:/space_java/Game/game_datbom/target/classes/assets/textures/character/gold_player_left.png
07:35:21.288 [FXGL Background Thread 2 ] DEBUG FXGLAssetLoaderServi - Loading from file system: file:/E:/space_java/Game/game_datbom/target/classes/assets/textures/character/gold_player_right.png
07:35:21.291 [FXGL Background Thread 2 ] WARN  Entity               - Entity already has component: com.almasb.fxgl.entity.components.CollidableComponent
07:35:21.295 [FXGL Background Thread 2 ] INFO  FXGLApplication      - Game initialization took: 0.315 sec
07:35:21.296 [JavaFX Application Thread] DEBUG Input                - Clearing active input actions
07:35:21.313 [JavaFX Application Thread] DEBUG GameApplicationServi - Removing overlay from FXGLLoadingScene and adding to GameScene
07:35:21.316 [JavaFX Application Thread] DEBUG PrimaryStageWindow   - FXGLLoadingScene -> GameScene
07:35:23.711 [JavaFX Application Thread] DEBUG FXGLAssetLoaderServi - Loading from file system: file:/E:/space_java/Game/game_datbom/target/classes/assets/textures/character%5cbomb.png
07:35:23.713 [JavaFX Application Thread] DEBUG FXGLAssetLoaderServi - Loading from file system: file:/E:/space_java/Game/game_datbom/target/classes/assets/textures/flame%5cleft_flame.png
07:35:23.714 [JavaFX Application Thread] DEBUG FXGLAssetLoaderServi - Loading from file system: file:/E:/space_java/Game/game_datbom/target/classes/assets/textures/flame%5cup_flame.png
07:35:23.715 [JavaFX Application Thread] DEBUG FXGLAssetLoaderServi - Loading from file system: file:/E:/space_java/Game/game_datbom/target/classes/assets/textures/flame%5ccentral_flame.png
07:35:37.295 [JavaFX Application Thread] DEBUG Input                - Clearing active input actions
07:35:37.311 [JavaFX Application Thread] DEBUG GameApplicationServi - Removing overlay from GameScene and adding to FXGLMainMenuDummyScene
07:35:37.314 [JavaFX Application Thread] DEBUG PrimaryStageWindow   - GameScene -> FXGLMainMenuDummyScene
07:35:37.316 [JavaFX Application Thread] DEBUG PrimaryStageWindow   - Push state: MainMenu
07:35:37.316 [JavaFX Application Thread] DEBUG Input                - Clearing active input actions
07:35:37.316 [JavaFX Application Thread] DEBUG GameApplicationServi - Removing overlay from FXGLMainMenuDummyScene and adding to MainMenu
07:35:37.316 [JavaFX Application Thread] DEBUG PrimaryStageWindow   - FXGLMainMenuDummyScene -> MainMenu
07:35:38.167 [JavaFX Application Thread] DEBUG Menu                 - fireNewGame()
07:35:38.167 [JavaFX Application Thread] DEBUG GameApplicationServi - Starting new game
07:35:38.168 [JavaFX Application Thread] DEBUG PrimaryStageWindow   - Pop state: MainMenu
07:35:38.168 [JavaFX Application Thread] DEBUG Input                - Clearing active input actions
07:35:38.169 [JavaFX Application Thread] DEBUG GameApplicationServi - Removing overlay from MainMenu and adding to FXGLMainMenuDummyScene
07:35:38.170 [JavaFX Application Thread] DEBUG PrimaryStageWindow   - FXGLMainMenuDummyScene <- MainMenu
07:35:38.171 [JavaFX Application Thread] DEBUG Input                - Clearing active input actions
07:35:38.181 [JavaFX Application Thread] DEBUG GameApplicationServi - Removing overlay from FXGLMainMenuDummyScene and adding to FXGLLoadingScene
07:35:38.182 [JavaFX Application Thread] DEBUG PrimaryStageWindow   - FXGLMainMenuDummyScene -> FXGLLoadingScene
07:35:38.182 [JavaFX Application Thread] DEBUG GameApplicationServi - Clearing previous game
07:35:38.182 [JavaFX Application Thread] DEBUG GameScene            - Clearing game scene
07:35:38.182 [JavaFX Application Thread] DEBUG GameWorld            - Clearing game world
07:35:38.206 [JavaFX Application Thread] DEBUG PhysicsWorld         - Clearing physics world
07:35:38.207 [FXGL Background Thread 2 ] DEBUG FXGLApplication      - Initializing game
07:35:38.303 [FXGL Background Thread 2 ] WARN  Entity               - Entity already has component: com.almasb.fxgl.entity.components.CollidableComponent
07:35:38.304 [FXGL Background Thread 2 ] INFO  FXGLApplication      - Game initialization took: 0.097 sec
07:35:38.311 [JavaFX Application Thread] DEBUG Input                - Clearing active input actions
07:35:38.317 [JavaFX Application Thread] DEBUG GameApplicationServi - Removing overlay from FXGLLoadingScene and adding to GameScene
07:35:38.319 [JavaFX Application Thread] DEBUG PrimaryStageWindow   - FXGLLoadingScene -> GameScene
07:36:06.240 [JavaFX Application Thread] DEBUG FXGLApplication      - Exiting FXGL
07:36:06.240 [JavaFX Application Thread] DEBUG LoopRunner           - Stopping loop
07:36:06.240 [JavaFX Application Thread] DEBUG SystemBundleService  - Saving FXGL system data
07:36:06.245 [JavaFX Application Thread] DEBUG FileSystemAccess     - Writing to: E:\space_java\Game\game_datbom\system\fxgl.bundle
07:36:06.249 [JavaFX Application Thread] DEBUG Async                - Shutting down background threads
07:36:06.249 [JavaFX Application Thread] DEBUG PrimaryStageWindow   - Closing main window
07:36:06.273 [JavaFX Application Thread] DEBUG Logger               - Closing Logger
