02:56:27.083 [main                     ] DEBUG Logger               - Configured Logger
02:56:27.098 [main                     ] DEBUG GameApplication      - Logging settings
Title: Bomberman
Version: 1.0
Width: 1280
Height: 800
Fullscreen: false
Intro: false
Profiling: false
Single step:false
App Mode: DEVELOPER
Menu Key: ESCAPE
Stage Style: DECORATED
Scene Factory: class hellofx.Main$1

02:56:27.192 [JavaFX Application Thread] DEBUG FXGLApplication      - Initializing FXGL
02:56:27.197 [JavaFX Application Thread] INFO  Engine               - FXGL-17.1 (24.03.2022 17.34) on WINDOWS (J:18.0.2.1 FX:18)
02:56:27.197 [JavaFX Application Thread] DEBUG Engine               - JRE Vendor Name: Oracle Corporation
02:56:27.197 [JavaFX Application Thread] DEBUG Engine               - Running on OS: Windows 11 version 10.0
02:56:27.198 [JavaFX Application Thread] DEBUG Engine               - Architecture: amd64
02:56:27.198 [JavaFX Application Thread] INFO  Engine               - Source code and latest versions at: https://github.com/AlmasB/FXGL
02:56:27.198 [JavaFX Application Thread] INFO  Engine               -       Ask questions and discuss at: https://github.com/AlmasB/FXGL/discussions
02:56:27.198 [JavaFX Application Thread] INFO  Engine               -              Join the FXGL chat at: https://gitter.im/AlmasB/FXGL
02:56:27.243 [JavaFX Application Thread] DEBUG PrimaryStageWindow   - Creating a JavaFX scene
02:56:27.282 [JavaFX Application Thread] DEBUG PrimaryStageWindow   - Target settings size: 1280.0 x 800.0
02:56:27.282 [JavaFX Application Thread] DEBUG PrimaryStageWindow   - Scaled scene size:    1280.0 x 800.0
02:56:27.282 [JavaFX Application Thread] DEBUG PrimaryStageWindow   - Scaled ratio: (1.0, 1.0)
02:56:27.283 [JavaFX Application Thread] DEBUG PrimaryStageWindow   - Set initial scene to FXGLStartupScene
02:56:27.290 [JavaFX Application Thread] DEBUG PrimaryStageWindow   - Opening main window
02:56:27.365 [JavaFX Application Thread] DEBUG PrimaryStageWindow   - Window border size: (16.0, 39.0)
02:56:27.366 [JavaFX Application Thread] DEBUG PrimaryStageWindow   - Scaled size: 1280.0 x 800.0
02:56:27.366 [JavaFX Application Thread] DEBUG PrimaryStageWindow   - Scaled ratio: (1.0, 1.0)
02:56:27.366 [JavaFX Application Thread] DEBUG PrimaryStageWindow   - Scene size: 1280.0 x 800.0
02:56:27.366 [JavaFX Application Thread] DEBUG PrimaryStageWindow   - Stage size: 1296.0 x 839.0
02:56:27.372 [FXGL Background Thread 1 ] DEBUG Engine               - Initializing environment variables
02:56:27.431 [FXGL Background Thread 1 ] DEBUG FXGLAssetLoaderServi - User app class for loading assets: class hellofx.Main
02:56:27.431 [FXGL Background Thread 1 ] DEBUG GameApplicationServi - Applying CSS: fxgl_dark.css
02:56:27.432 [FXGL Background Thread 1 ] DEBUG FXGLAssetLoaderServi - Loading from file system: jar:file:/C:/Users/chaum/.m2/repository/com/github/almasb/fxgl/17.1/fxgl-17.1.jar!/fxglassets/ui/css/fxgl_dark.css
02:56:27.470 [FXGL Background Thread 1 ] DEBUG GameApplicationServi - Initializing application scenes
02:56:27.509 [FXGL Background Thread 1 ] DEBUG GameWorld            - Game world initialized
02:56:27.549 [FXGL Background Thread 1 ] DEBUG PhysicsWorld         - Physics world initialized: appHeight=800, physics.ppm=50.0
02:56:27.549 [FXGL Background Thread 1 ] DEBUG PhysicsWorld         - Using strategy: BRUTE_FORCE
02:56:27.553 [FXGL Background Thread 1 ] DEBUG GameScene            - Game scene initialized: 1280x800
02:56:27.612 [FXGL Background Thread 1 ] DEBUG GameApplicationServi - Application scenes initialized
02:56:27.623 [FXGL Background Thread 1 ] DEBUG SystemBundleService  - Loading FXGL system data
02:56:27.626 [FXGL Background Thread 1 ] DEBUG FileSystemAccess     - Reading from: E:\space_java\Game\game_datbom\system\fxgl.bundle
02:56:27.633 [FXGL Background Thread 1 ] DEBUG SystemBundleService  - Bundle FXGL: {}
02:56:27.634 [FXGL Background Thread 1 ] DEBUG UpdaterService       - Checking for updates
02:56:27.668 [FXGL Background Thread 1 ] DEBUG FXGLApplication      - Loading default localization
02:56:27.669 [FXGL Background Thread 1 ] DEBUG FXGLAssetLoaderServi - Loading from file system: jar:file:/C:/Users/chaum/.m2/repository/com/github/almasb/fxgl/17.1/fxgl-17.1.jar!/fxglassets/languages/english.lang
02:56:27.678 [FXGL Background Thread 4 ] DEBUG FXGLApplication      - Loading fonts
02:56:27.678 [FXGL Background Thread 4 ] DEBUG FXGLAssetLoaderServi - Loading from file system: jar:file:/C:/Users/chaum/.m2/repository/com/github/almasb/fxgl/17.1/fxgl-17.1.jar!/fxglassets/ui/fonts/VarelaRound-Regular.ttf
02:56:27.694 [FXGL Background Thread 1 ] INFO  FXGLApplication      - FXGL initialization took: 0.320 sec
02:56:27.705 [JavaFX Application Thread] DEBUG Input                - Registered new binding: action0 - F
02:56:27.707 [JavaFX Application Thread] DEBUG Input                - Registered new binding: action1 - G
02:56:27.708 [JavaFX Application Thread] DEBUG Input                - Registered new binding: action2 - R
02:56:27.709 [JavaFX Application Thread] DEBUG Input                - Registered new binding: action3 - T
02:56:27.709 [JavaFX Application Thread] DEBUG Input                - Registered new binding: Right - D
02:56:27.709 [JavaFX Application Thread] DEBUG Input                - Registered new binding: Left - A
02:56:27.709 [JavaFX Application Thread] DEBUG Input                - Registered new binding: Up - W
02:56:27.709 [JavaFX Application Thread] DEBUG Input                - Registered new binding: Down - S
02:56:27.709 [JavaFX Application Thread] DEBUG Input                - Registered new binding: Place boom - Space
02:56:27.709 [JavaFX Application Thread] DEBUG FXGLAssetLoaderServi - Loading from file system: file:/E:/space_java/Game/game_datbom/target/classes/assets/textures/icon/icon.png
02:56:27.765 [JavaFX Application Thread] DEBUG FXGLAssetLoaderServi - Loading from file system: file:/E:/space_java/Game/game_datbom/target/classes/assets/textures/cursor/cursor1.png
02:56:27.775 [JavaFX Application Thread] DEBUG Input                - Registered new binding: Screenshot - CTRL+8
02:56:27.776 [JavaFX Application Thread] DEBUG Input                - Registered new binding: Dev Options - 1
02:56:27.776 [JavaFX Application Thread] DEBUG Input                - Registered new binding: Dev Console - 2
02:56:27.777 [JavaFX Application Thread] DEBUG Input                - Registered new binding: System info dump - CTRL+9
02:56:27.777 [JavaFX Application Thread] DEBUG Input                - Registered new binding: Restart - CTRL+R
02:56:27.778 [JavaFX Application Thread] DEBUG Input                - Registered new binding: Toggle Debug Camera - CTRL+7
02:56:27.780 [JavaFX Application Thread] DEBUG LoopRunner           - Starting loop
02:56:27.795 [JavaFX Application Thread] DEBUG LoopRunner           - Initializing JavaFX AnimationTimerLoop
02:56:27.797 [JavaFX Application Thread] DEBUG Input                - Clearing active input actions
02:56:27.805 [JavaFX Application Thread] DEBUG GameApplicationServi - Removing overlay from FXGLStartupScene and adding to FXGLMainMenuDummyScene
02:56:27.811 [JavaFX Application Thread] DEBUG PrimaryStageWindow   - FXGLStartupScene -> FXGLMainMenuDummyScene
02:56:27.811 [JavaFX Application Thread] DEBUG PrimaryStageWindow   - Push state: MainMenu
02:56:27.811 [JavaFX Application Thread] DEBUG Input                - Clearing active input actions
02:56:27.815 [JavaFX Application Thread] DEBUG GameApplicationServi - Removing overlay from FXGLMainMenuDummyScene and adding to MainMenu
02:56:27.815 [JavaFX Application Thread] DEBUG PrimaryStageWindow   - FXGLMainMenuDummyScene -> MainMenu
02:56:27.821 [FXGL Background Thread 4 ] DEBUG FXGLAssetLoaderServi - Loading from file system: jar:file:/C:/Users/chaum/.m2/repository/com/github/almasb/fxgl/17.1/fxgl-17.1.jar!/fxglassets/ui/fonts/Abel-Regular.ttf
02:56:27.827 [FXGL Background Thread 4 ] DEBUG FXGLAssetLoaderServi - Loading from file system: jar:file:/C:/Users/chaum/.m2/repository/com/github/almasb/fxgl/17.1/fxgl-17.1.jar!/fxglassets/ui/fonts/TerminalLandMono-Regular.otf
02:56:27.831 [FXGL Background Thread 4 ] DEBUG FXGLAssetLoaderServi - Loading from file system: jar:file:/C:/Users/chaum/.m2/repository/com/github/almasb/fxgl/17.1/fxgl-17.1.jar!/fxglassets/ui/fonts/Courier-Prime.ttf
02:56:27.986 [JavaFX Application Thread] DEBUG FXGLApplication      - Registering font factories with UI factory
02:56:28.234 [FXGL Background Thread 2 ] INFO  UpdaterService       - Your current version:  17.1
02:56:28.235 [FXGL Background Thread 2 ] INFO  UpdaterService       - Latest stable version: 17.2
02:56:29.152 [JavaFX Application Thread] DEBUG Menu                 - fireNewGame()
02:56:29.152 [JavaFX Application Thread] DEBUG GameApplicationServi - Starting new game
02:56:29.153 [JavaFX Application Thread] DEBUG PrimaryStageWindow   - Pop state: MainMenu
02:56:29.153 [JavaFX Application Thread] DEBUG Input                - Clearing active input actions
02:56:29.154 [JavaFX Application Thread] DEBUG GameApplicationServi - Removing overlay from MainMenu and adding to FXGLMainMenuDummyScene
02:56:29.156 [JavaFX Application Thread] DEBUG PrimaryStageWindow   - FXGLMainMenuDummyScene <- MainMenu
02:56:29.156 [JavaFX Application Thread] DEBUG Input                - Clearing active input actions
02:56:29.161 [JavaFX Application Thread] DEBUG GameApplicationServi - Removing overlay from FXGLMainMenuDummyScene and adding to FXGLLoadingScene
02:56:29.162 [JavaFX Application Thread] DEBUG PrimaryStageWindow   - FXGLMainMenuDummyScene -> FXGLLoadingScene
02:56:29.162 [JavaFX Application Thread] DEBUG GameApplicationServi - Clearing previous game
02:56:29.162 [JavaFX Application Thread] DEBUG GameScene            - Clearing game scene
02:56:29.162 [JavaFX Application Thread] DEBUG GameWorld            - Clearing game world
02:56:29.162 [JavaFX Application Thread] DEBUG PhysicsWorld         - Clearing physics world
02:56:29.164 [FXGL Background Thread 2 ] DEBUG FXGLApplication      - Initializing game
02:56:29.197 [FXGL Background Thread 2 ] DEBUG FXGLAssetLoaderServi - Loading from file system: file:/E:/space_java/Game/game_datbom/target/classes/assets/textures/mapTexture/grass.png
02:56:29.206 [FXGL Background Thread 2 ] DEBUG FXGLAssetLoaderServi - Loading from file system: file:/E:/space_java/Game/game_datbom/target/classes/assets/textures/mapTexture/wall2.png
02:56:29.375 [FXGL Background Thread 2 ] DEBUG FXGLAssetLoaderServi - Loading from file system: file:/E:/space_java/Game/game_datbom/target/classes/assets/textures/enemy/balloon36.png
02:56:29.421 [FXGL Background Thread 2 ] DEBUG FXGLAssetLoaderServi - Loading from file system: file:/E:/space_java/Game/game_datbom/target/classes/assets/textures/character/gold_player_dead.png
02:56:29.423 [FXGL Background Thread 2 ] DEBUG FXGLAssetLoaderServi - Loading from file system: file:/E:/space_java/Game/game_datbom/target/classes/assets/textures/character/gold_player_down.png
02:56:29.426 [FXGL Background Thread 2 ] DEBUG FXGLAssetLoaderServi - Loading from file system: file:/E:/space_java/Game/game_datbom/target/classes/assets/textures/character/gold_player_up.png
02:56:29.428 [FXGL Background Thread 2 ] DEBUG FXGLAssetLoaderServi - Loading from file system: file:/E:/space_java/Game/game_datbom/target/classes/assets/textures/character/gold_player_left_temp.png
02:56:29.429 [FXGL Background Thread 2 ] DEBUG FXGLAssetLoaderServi - Loading from file system: file:/E:/space_java/Game/game_datbom/target/classes/assets/textures/character/gold_player_right_temp.png
02:56:29.431 [FXGL Background Thread 2 ] INFO  FXGLApplication      - Game initialization took: 0.267 sec
02:56:29.432 [JavaFX Application Thread] DEBUG Input                - Clearing active input actions
02:56:29.446 [JavaFX Application Thread] DEBUG GameApplicationServi - Removing overlay from FXGLLoadingScene and adding to GameScene
02:56:29.448 [JavaFX Application Thread] DEBUG PrimaryStageWindow   - FXGLLoadingScene -> GameScene
02:56:30.666 [FXGL Background Thread 3 ] DEBUG Engine               - Logging environment variables
02:56:30.666 [FXGL Background Thread 3 ] DEBUG Engine               - achievements: []
02:56:30.667 [FXGL Background Thread 3 ] DEBUG Engine               - actualHeight: 800.0
02:56:30.667 [FXGL Background Thread 3 ] DEBUG Engine               - actualHeightProperty: ReadOnlyDoubleProperty [value: 800.0]
02:56:30.667 [FXGL Background Thread 3 ] DEBUG Engine               - actualWidth: 1280.0
02:56:30.667 [FXGL Background Thread 3 ] DEBUG Engine               - actualWidthProperty: ReadOnlyDoubleProperty [value: 1280.0]
02:56:30.667 [FXGL Background Thread 3 ] DEBUG Engine               - appIcon: icon/icon.png
02:56:30.667 [FXGL Background Thread 3 ] DEBUG Engine               - applicationMode: DEVELOPER
02:56:30.667 [FXGL Background Thread 3 ] DEBUG Engine               - cSSList: [fxgl_dark.css]
02:56:30.667 [FXGL Background Thread 3 ] DEBUG Engine               - collisionDetectionStrategy: BRUTE_FORCE
02:56:30.667 [FXGL Background Thread 3 ] DEBUG Engine               - configClass: Optional.empty
02:56:30.667 [FXGL Background Thread 3 ] DEBUG Engine               - credits: []
02:56:30.668 [FXGL Background Thread 3 ] DEBUG Engine               - defaultCursor: CursorInfo(imageName=cursor/cursor1.png, hotspotX=0.0, hotspotY=0.0)
02:56:30.669 [FXGL Background Thread 3 ] DEBUG Engine               - devBBoxColorProperty: ObjectProperty [value: 0xff0000ff]
02:56:30.669 [FXGL Background Thread 3 ] DEBUG Engine               - devEnableDebugCameraProperty: BooleanProperty [value: false]
02:56:30.669 [FXGL Background Thread 3 ] DEBUG Engine               - devSensorColorProperty: ObjectProperty [value: 0xffff00ff]
02:56:30.669 [FXGL Background Thread 3 ] DEBUG Engine               - devShowBBoxProperty: BooleanProperty [value: false]
02:56:30.669 [FXGL Background Thread 3 ] DEBUG Engine               - devShowPositionProperty: BooleanProperty [value: false]
02:56:30.669 [FXGL Background Thread 3 ] DEBUG Engine               - enabledMenuItems: []
02:56:30.669 [FXGL Background Thread 3 ] DEBUG Engine               - engineServices: [class com.almasb.fxgl.app.services.FXGLAssetLoaderService, class com.almasb.fxgl.app.FXGLApplication$GameApplicationService, class com.almasb.fxgl.app.services.FXGLDialogService, class com.almasb.fxgl.app.services.IOTaskExecutorService, class com.almasb.fxgl.io.FileSystemService, class com.almasb.fxgl.localization.LocalizationService, class com.almasb.fxgl.app.services.SystemBundleService, class com.almasb.fxgl.profile.SaveLoadService, class com.almasb.fxgl.ui.FXGLUIFactoryServiceProvider, class com.almasb.fxgl.ui.FXGLDialogFactoryServiceProvider, class com.almasb.fxgl.audio.AudioPlayer, class com.almasb.fxgl.notification.impl.NotificationServiceProvider, class com.almasb.fxgl.achievement.AchievementService, class com.almasb.fxgl.cutscene.CutsceneService, class com.almasb.fxgl.minigames.MiniGameService, class com.almasb.fxgl.net.NetService, class com.almasb.fxgl.app.services.UpdaterService, class com.almasb.fxgl.dev.DevService]
02:56:30.669 [FXGL Background Thread 3 ] DEBUG Engine               - fontGame: Abel-Regular.ttf
02:56:30.669 [FXGL Background Thread 3 ] DEBUG Engine               - fontMono: TerminalLandMono-Regular.otf
02:56:30.670 [FXGL Background Thread 3 ] DEBUG Engine               - fontText: Courier-Prime.ttf
02:56:30.670 [FXGL Background Thread 3 ] DEBUG Engine               - fontUI: VarelaRound-Regular.ttf
02:56:30.670 [FXGL Background Thread 3 ] DEBUG Engine               - fullScreen: BooleanProperty [value: false]
02:56:30.670 [FXGL Background Thread 3 ] DEBUG Engine               - gameDifficulty: MEDIUM
02:56:30.670 [FXGL Background Thread 3 ] DEBUG Engine               - gameDifficultyProperty: ObjectProperty [value: MEDIUM]
02:56:30.670 [FXGL Background Thread 3 ] DEBUG Engine               - globalMusicVolume: 0.5
02:56:30.670 [FXGL Background Thread 3 ] DEBUG Engine               - globalMusicVolumeProperty: DoubleProperty [value: 0.5]
02:56:30.670 [FXGL Background Thread 3 ] DEBUG Engine               - globalSoundVolume: 0.5
02:56:30.670 [FXGL Background Thread 3 ] DEBUG Engine               - globalSoundVolumeProperty: DoubleProperty [value: 0.5]
02:56:30.670 [FXGL Background Thread 3 ] DEBUG Engine               - height: 800
02:56:30.670 [FXGL Background Thread 3 ] DEBUG Engine               - is3D: false
02:56:30.670 [FXGL Background Thread 3 ] DEBUG Engine               - isAndroid: false
02:56:30.670 [FXGL Background Thread 3 ] DEBUG Engine               - isBrowser: false
02:56:30.670 [FXGL Background Thread 3 ] DEBUG Engine               - isClickFeedbackEnabled: false
02:56:30.670 [FXGL Background Thread 3 ] DEBUG Engine               - isCloseConfirmation: false
02:56:30.670 [FXGL Background Thread 3 ] DEBUG Engine               - isDesktop: true
02:56:30.671 [FXGL Background Thread 3 ] DEBUG Engine               - isDeveloperMenuEnabled: true
02:56:30.671 [FXGL Background Thread 3 ] DEBUG Engine               - isEmbedded: false
02:56:30.671 [FXGL Background Thread 3 ] DEBUG Engine               - isEntityPreloadEnabled: true
02:56:30.671 [FXGL Background Thread 3 ] DEBUG Engine               - isExperimentalTiledLargeMap: false
02:56:30.671 [FXGL Background Thread 3 ] DEBUG Engine               - isFileSystemWriteAllowed: true
02:56:30.671 [FXGL Background Thread 3 ] DEBUG Engine               - isFullScreenAllowed: false
02:56:30.671 [FXGL Background Thread 3 ] DEBUG Engine               - isFullScreenFromStart: false
02:56:30.671 [FXGL Background Thread 3 ] DEBUG Engine               - isGameMenuEnabled: true
02:56:30.671 [FXGL Background Thread 3 ] DEBUG Engine               - isIOS: false
02:56:30.671 [FXGL Background Thread 3 ] DEBUG Engine               - isIntroEnabled: false
02:56:30.671 [FXGL Background Thread 3 ] DEBUG Engine               - isLinux: false
02:56:30.671 [FXGL Background Thread 3 ] DEBUG Engine               - isMac: false
02:56:30.671 [FXGL Background Thread 3 ] DEBUG Engine               - isMainMenuEnabled: true
02:56:30.671 [FXGL Background Thread 3 ] DEBUG Engine               - isManualResizeEnabled: false
02:56:30.671 [FXGL Background Thread 3 ] DEBUG Engine               - isMobile: false
02:56:30.671 [FXGL Background Thread 3 ] DEBUG Engine               - isNative: false
02:56:30.671 [FXGL Background Thread 3 ] DEBUG Engine               - isPauseMusicWhenMinimized: true
02:56:30.672 [FXGL Background Thread 3 ] DEBUG Engine               - isPreserveResizeRatio: false
02:56:30.672 [FXGL Background Thread 3 ] DEBUG Engine               - isProfilingEnabled: false
02:56:30.672 [FXGL Background Thread 3 ] DEBUG Engine               - isScaleAffectedOnResize: true
02:56:30.672 [FXGL Background Thread 3 ] DEBUG Engine               - isSingleStep: false
02:56:30.672 [FXGL Background Thread 3 ] DEBUG Engine               - isUserProfileEnabled: false
02:56:30.672 [FXGL Background Thread 3 ] DEBUG Engine               - isWindows: true
02:56:30.672 [FXGL Background Thread 3 ] DEBUG Engine               - language: ObjectProperty [value: ENGLISH]
02:56:30.672 [FXGL Background Thread 3 ] DEBUG Engine               - menuKey: ESCAPE
02:56:30.672 [FXGL Background Thread 3 ] DEBUG Engine               - mouseSensitivity: 0.2
02:56:30.672 [FXGL Background Thread 3 ] DEBUG Engine               - notificationViewClass: class com.almasb.fxgl.notification.view.XboxNotificationView
02:56:30.672 [FXGL Background Thread 3 ] DEBUG Engine               - pixelsPerMeter: 50.0
02:56:30.672 [FXGL Background Thread 3 ] DEBUG Engine               - platform: WINDOWS
02:56:30.672 [FXGL Background Thread 3 ] DEBUG Engine               - prefHeightProperty: ReadOnlyDoubleProperty [value: 800.0]
02:56:30.673 [FXGL Background Thread 3 ] DEBUG Engine               - prefWidthProperty: ReadOnlyDoubleProperty [value: 1280.0]
02:56:30.673 [FXGL Background Thread 3 ] DEBUG Engine               - profileDir: profiles/
02:56:30.673 [FXGL Background Thread 3 ] DEBUG Engine               - profileName: StringProperty [value: DEFAULT]
02:56:30.673 [FXGL Background Thread 3 ] DEBUG Engine               - randomSeed: -1
02:56:30.673 [FXGL Background Thread 3 ] DEBUG Engine               - runtimeInfo: RuntimeInfo(platform=WINDOWS, version=17.1, build=24.03.2022 17.34)
02:56:30.673 [FXGL Background Thread 3 ] DEBUG Engine               - saveFileExt: sav
02:56:30.673 [FXGL Background Thread 3 ] DEBUG Engine               - scaledHeightProp$fxgl: DoubleProperty [bound, value: 800.0]
02:56:30.673 [FXGL Background Thread 3 ] DEBUG Engine               - scaledWidthProp$fxgl: DoubleProperty [bound, value: 1280.0]
02:56:30.674 [FXGL Background Thread 3 ] DEBUG Engine               - sceneFactory: hellofx.Main$1@5d944f3d
02:56:30.674 [FXGL Background Thread 3 ] DEBUG Engine               - secondsIn24h: 60
02:56:30.674 [FXGL Background Thread 3 ] DEBUG Engine               - soundMenuBack: menu/back.wav
02:56:30.674 [FXGL Background Thread 3 ] DEBUG Engine               - soundMenuPress: menu/press.wav
02:56:30.674 [FXGL Background Thread 3 ] DEBUG Engine               - soundMenuSelect: menu/select.wav
02:56:30.674 [FXGL Background Thread 3 ] DEBUG Engine               - soundNotification: core/notification.wav
02:56:30.674 [FXGL Background Thread 3 ] DEBUG Engine               - stageStyle: DECORATED
02:56:30.674 [FXGL Background Thread 3 ] DEBUG Engine               - supportedLanguages: [ENGLISH, FRENCH, GERMAN, HUNGARIAN, RUSSIAN]
02:56:30.674 [FXGL Background Thread 3 ] DEBUG Engine               - ticksPerSecond: -1
02:56:30.674 [FXGL Background Thread 3 ] DEBUG Engine               - title: Bomberman
02:56:30.674 [FXGL Background Thread 3 ] DEBUG Engine               - urlGithub: https://github.com/AlmasB/FXGL
02:56:30.674 [FXGL Background Thread 3 ] DEBUG Engine               - urlLeaderboard: http://fxgl-top.herokuapp.com/
02:56:30.675 [FXGL Background Thread 3 ] DEBUG Engine               - urlPOM: https://raw.githubusercontent.com/AlmasB/FXGL/release/README.md
02:56:30.675 [FXGL Background Thread 3 ] DEBUG Engine               - userAppClass: class hellofx.Main
02:56:30.675 [FXGL Background Thread 3 ] DEBUG Engine               - version: 1.0
02:56:30.675 [FXGL Background Thread 3 ] DEBUG Engine               - versionCheckDays: 7
02:56:30.675 [FXGL Background Thread 3 ] DEBUG Engine               - width: 1280
02:56:30.675 [FXGL Background Thread 3 ] DEBUG Engine               - Logging services
02:56:30.675 [FXGL Background Thread 3 ] DEBUG Engine               - class com.almasb.fxgl.app.services.FXGLAssetLoaderService
02:56:30.675 [FXGL Background Thread 3 ] DEBUG Engine               - class com.almasb.fxgl.app.FXGLApplication$GameApplicationService
02:56:30.675 [FXGL Background Thread 3 ] DEBUG Engine               - class com.almasb.fxgl.app.services.FXGLDialogService
02:56:30.675 [FXGL Background Thread 3 ] DEBUG Engine               - class com.almasb.fxgl.app.services.IOTaskExecutorService
02:56:30.675 [FXGL Background Thread 3 ] DEBUG Engine               - class com.almasb.fxgl.io.FileSystemService
02:56:30.675 [FXGL Background Thread 3 ] DEBUG Engine               - class com.almasb.fxgl.localization.LocalizationService
02:56:30.675 [FXGL Background Thread 3 ] DEBUG Engine               - class com.almasb.fxgl.app.services.SystemBundleService
02:56:30.675 [FXGL Background Thread 3 ] DEBUG Engine               - class com.almasb.fxgl.profile.SaveLoadService
02:56:30.675 [FXGL Background Thread 3 ] DEBUG Engine               - class com.almasb.fxgl.ui.FXGLUIFactoryServiceProvider
02:56:30.676 [FXGL Background Thread 3 ] DEBUG Engine               - class com.almasb.fxgl.ui.FXGLDialogFactoryServiceProvider
02:56:30.676 [FXGL Background Thread 3 ] DEBUG Engine               - class com.almasb.fxgl.audio.AudioPlayer
02:56:30.676 [FXGL Background Thread 3 ] DEBUG Engine               - class com.almasb.fxgl.notification.impl.NotificationServiceProvider
02:56:30.676 [FXGL Background Thread 3 ] DEBUG Engine               - class com.almasb.fxgl.achievement.AchievementService
02:56:30.676 [FXGL Background Thread 3 ] DEBUG Engine               - class com.almasb.fxgl.cutscene.CutsceneService
02:56:30.676 [FXGL Background Thread 3 ] DEBUG Engine               - class com.almasb.fxgl.minigames.MiniGameService
02:56:30.676 [FXGL Background Thread 3 ] DEBUG Engine               - class com.almasb.fxgl.net.NetService
02:56:30.676 [FXGL Background Thread 3 ] DEBUG Engine               - class com.almasb.fxgl.app.services.UpdaterService
02:56:30.676 [FXGL Background Thread 3 ] DEBUG Engine               - class com.almasb.fxgl.dev.DevService
02:56:46.099 [JavaFX Application Thread] DEBUG FXGLApplication      - Exiting FXGL
02:56:46.099 [JavaFX Application Thread] DEBUG LoopRunner           - Stopping loop
02:56:46.099 [JavaFX Application Thread] DEBUG SystemBundleService  - Saving FXGL system data
02:56:46.100 [JavaFX Application Thread] DEBUG FileSystemAccess     - Writing to: E:\space_java\Game\game_datbom\system\fxgl.bundle
02:56:46.102 [JavaFX Application Thread] DEBUG Async                - Shutting down background threads
02:56:46.103 [JavaFX Application Thread] DEBUG PrimaryStageWindow   - Closing main window
02:56:46.131 [JavaFX Application Thread] DEBUG Logger               - Closing Logger
