07:36:54.028 [main                     ] DEBUG Logger               - Configured Logger
07:36:54.042 [main                     ] DEBUG GameApplication      - Logging settings
Title: Bomberman
Version: 1.0
Width: 1280
Height: 720
Fullscreen: false
Intro: false
Profiling: false
Single step:false
App Mode: DEVELOPER
Menu Key: ESCAPE
Stage Style: DECORATED
Scene Factory: class hellofx.Main$1

07:36:54.146 [JavaFX Application Thread] DEBUG FXGLApplication      - Initializing FXGL
07:36:54.152 [JavaFX Application Thread] INFO  Engine               - FXGL-17.1 (24.03.2022 17.34) on WINDOWS (J:18.0.2.1 FX:18)
07:36:54.153 [JavaFX Application Thread] DEBUG Engine               - JRE Vendor Name: Oracle Corporation
07:36:54.153 [JavaFX Application Thread] DEBUG Engine               - Running on OS: Windows 11 version 10.0
07:36:54.153 [JavaFX Application Thread] DEBUG Engine               - Architecture: amd64
07:36:54.153 [JavaFX Application Thread] INFO  Engine               - Source code and latest versions at: https://github.com/AlmasB/FXGL
07:36:54.153 [JavaFX Application Thread] INFO  Engine               -       Ask questions and discuss at: https://github.com/AlmasB/FXGL/discussions
07:36:54.153 [JavaFX Application Thread] INFO  Engine               -              Join the FXGL chat at: https://gitter.im/AlmasB/FXGL
07:36:54.220 [JavaFX Application Thread] DEBUG PrimaryStageWindow   - Creating a JavaFX scene
07:36:54.274 [JavaFX Application Thread] DEBUG PrimaryStageWindow   - Target settings size: 1280.0 x 720.0
07:36:54.274 [JavaFX Application Thread] DEBUG PrimaryStageWindow   - Scaled scene size:    1280.0 x 720.0
07:36:54.274 [JavaFX Application Thread] DEBUG PrimaryStageWindow   - Scaled ratio: (1.0, 1.0)
07:36:54.276 [JavaFX Application Thread] DEBUG PrimaryStageWindow   - Set initial scene to FXGLStartupScene
07:36:54.289 [JavaFX Application Thread] DEBUG PrimaryStageWindow   - Opening main window
07:36:54.373 [JavaFX Application Thread] DEBUG PrimaryStageWindow   - Window border size: (16.0, 39.0)
07:36:54.373 [JavaFX Application Thread] DEBUG PrimaryStageWindow   - Scaled size: 1280.0 x 720.0
07:36:54.373 [JavaFX Application Thread] DEBUG PrimaryStageWindow   - Scaled ratio: (1.0, 1.0)
07:36:54.374 [JavaFX Application Thread] DEBUG PrimaryStageWindow   - Scene size: 1280.0 x 720.0
07:36:54.374 [JavaFX Application Thread] DEBUG PrimaryStageWindow   - Stage size: 1296.0 x 759.0
07:36:54.384 [FXGL Background Thread 1 ] DEBUG Engine               - Initializing environment variables
07:36:54.450 [FXGL Background Thread 1 ] DEBUG FXGLAssetLoaderServi - User app class for loading assets: class hellofx.Main
07:36:54.451 [FXGL Background Thread 1 ] DEBUG GameApplicationServi - Applying CSS: fxgl_dark.css
07:36:54.452 [FXGL Background Thread 1 ] DEBUG FXGLAssetLoaderServi - Loading from file system: jar:file:/C:/Users/chaum/.m2/repository/com/github/almasb/fxgl/17.1/fxgl-17.1.jar!/fxglassets/ui/css/fxgl_dark.css
07:36:54.493 [FXGL Background Thread 1 ] DEBUG GameApplicationServi - Initializing application scenes
07:36:54.557 [FXGL Background Thread 1 ] DEBUG GameWorld            - Game world initialized
07:36:54.615 [FXGL Background Thread 1 ] DEBUG PhysicsWorld         - Physics world initialized: appHeight=720, physics.ppm=50.0
07:36:54.616 [FXGL Background Thread 1 ] DEBUG PhysicsWorld         - Using strategy: BRUTE_FORCE
07:36:54.619 [FXGL Background Thread 1 ] DEBUG GameScene            - Game scene initialized: 1280x720
07:36:54.701 [FXGL Background Thread 1 ] DEBUG GameApplicationServi - Application scenes initialized
07:36:54.713 [FXGL Background Thread 1 ] DEBUG SystemBundleService  - Loading FXGL system data
07:36:54.716 [FXGL Background Thread 1 ] DEBUG FileSystemAccess     - Reading from: E:\space_java\Game\game_datbom\system\fxgl.bundle
07:36:54.724 [FXGL Background Thread 1 ] DEBUG SystemBundleService  - Bundle FXGL: {}
07:36:54.724 [FXGL Background Thread 1 ] DEBUG UpdaterService       - Checking for updates
07:36:54.758 [FXGL Background Thread 4 ] DEBUG FXGLApplication      - Loading fonts
07:36:54.759 [FXGL Background Thread 4 ] DEBUG FXGLAssetLoaderServi - Loading from file system: jar:file:/C:/Users/chaum/.m2/repository/com/github/almasb/fxgl/17.1/fxgl-17.1.jar!/fxglassets/ui/fonts/VarelaRound-Regular.ttf
07:36:54.759 [FXGL Background Thread 1 ] DEBUG FXGLApplication      - Loading default localization
07:36:54.759 [FXGL Background Thread 1 ] DEBUG FXGLAssetLoaderServi - Loading from file system: jar:file:/C:/Users/chaum/.m2/repository/com/github/almasb/fxgl/17.1/fxgl-17.1.jar!/fxglassets/languages/english.lang
07:36:54.783 [FXGL Background Thread 1 ] INFO  FXGLApplication      - FXGL initialization took: 0.399 sec
07:36:54.790 [JavaFX Application Thread] DEBUG Input                - Registered new binding: action0 - F
07:36:54.790 [JavaFX Application Thread] DEBUG Input                - Registered new binding: action1 - G
07:36:54.790 [JavaFX Application Thread] DEBUG Input                - Registered new binding: action2 - R
07:36:54.791 [JavaFX Application Thread] DEBUG Input                - Registered new binding: action3 - T
07:36:54.791 [JavaFX Application Thread] DEBUG Input                - Registered new binding: Right - D
07:36:54.791 [JavaFX Application Thread] DEBUG Input                - Registered new binding: Left - A
07:36:54.791 [JavaFX Application Thread] DEBUG Input                - Registered new binding: Up - W
07:36:54.791 [JavaFX Application Thread] DEBUG Input                - Registered new binding: Down - S
07:36:54.791 [JavaFX Application Thread] DEBUG Input                - Registered new binding: Place boom - Space
07:36:54.791 [JavaFX Application Thread] DEBUG FXGLAssetLoaderServi - Loading from file system: file:/E:/space_java/Game/game_datbom/target/classes/assets/textures/icon/icon.png
07:36:54.826 [FXGL Background Thread 4 ] DEBUG FXGLAssetLoaderServi - Loading from file system: jar:file:/C:/Users/chaum/.m2/repository/com/github/almasb/fxgl/17.1/fxgl-17.1.jar!/fxglassets/ui/fonts/Abel-Regular.ttf
07:36:54.831 [FXGL Background Thread 4 ] DEBUG FXGLAssetLoaderServi - Loading from file system: jar:file:/C:/Users/chaum/.m2/repository/com/github/almasb/fxgl/17.1/fxgl-17.1.jar!/fxglassets/ui/fonts/TerminalLandMono-Regular.otf
07:36:54.835 [FXGL Background Thread 4 ] DEBUG FXGLAssetLoaderServi - Loading from file system: jar:file:/C:/Users/chaum/.m2/repository/com/github/almasb/fxgl/17.1/fxgl-17.1.jar!/fxglassets/ui/fonts/Courier-Prime.ttf
07:36:54.868 [JavaFX Application Thread] DEBUG FXGLAssetLoaderServi - Loading from file system: file:/E:/space_java/Game/game_datbom/target/classes/assets/textures/cursor/cursor1.png
07:36:54.877 [JavaFX Application Thread] DEBUG Input                - Registered new binding: Screenshot - CTRL+8
07:36:54.877 [JavaFX Application Thread] DEBUG Input                - Registered new binding: Dev Options - 1
07:36:54.877 [JavaFX Application Thread] DEBUG Input                - Registered new binding: Dev Console - 2
07:36:54.878 [JavaFX Application Thread] DEBUG Input                - Registered new binding: System info dump - CTRL+9
07:36:54.878 [JavaFX Application Thread] DEBUG Input                - Registered new binding: Restart - CTRL+R
07:36:54.878 [JavaFX Application Thread] DEBUG Input                - Registered new binding: Toggle Debug Camera - CTRL+7
07:36:54.881 [JavaFX Application Thread] DEBUG LoopRunner           - Starting loop
07:36:54.898 [JavaFX Application Thread] DEBUG LoopRunner           - Initializing JavaFX AnimationTimerLoop
07:36:54.901 [JavaFX Application Thread] DEBUG Input                - Clearing active input actions
07:36:54.908 [JavaFX Application Thread] DEBUG GameApplicationServi - Removing overlay from FXGLStartupScene and adding to FXGLMainMenuDummyScene
07:36:54.912 [JavaFX Application Thread] DEBUG PrimaryStageWindow   - FXGLStartupScene -> FXGLMainMenuDummyScene
07:36:54.912 [JavaFX Application Thread] DEBUG PrimaryStageWindow   - Push state: MainMenu
07:36:54.912 [JavaFX Application Thread] DEBUG Input                - Clearing active input actions
07:36:54.914 [JavaFX Application Thread] DEBUG GameApplicationServi - Removing overlay from FXGLMainMenuDummyScene and adding to MainMenu
07:36:54.915 [JavaFX Application Thread] DEBUG PrimaryStageWindow   - FXGLMainMenuDummyScene -> MainMenu
07:36:54.915 [JavaFX Application Thread] DEBUG FXGLApplication      - Registering font factories with UI factory
07:36:55.076 [FXGL Background Thread 2 ] WARN  UpdaterService       - Failed to find updates: javax.net.ssl.SSLHandshakeException: No subject alternative DNS name matching raw.githubusercontent.com found.
07:36:57.423 [JavaFX Application Thread] DEBUG Menu                 - fireNewGame()
07:36:57.423 [JavaFX Application Thread] DEBUG GameApplicationServi - Starting new game
07:36:57.424 [JavaFX Application Thread] DEBUG PrimaryStageWindow   - Pop state: MainMenu
07:36:57.424 [JavaFX Application Thread] DEBUG Input                - Clearing active input actions
07:36:57.426 [JavaFX Application Thread] DEBUG GameApplicationServi - Removing overlay from MainMenu and adding to FXGLMainMenuDummyScene
07:36:57.430 [JavaFX Application Thread] DEBUG PrimaryStageWindow   - FXGLMainMenuDummyScene <- MainMenu
07:36:57.431 [JavaFX Application Thread] DEBUG Input                - Clearing active input actions
07:36:57.436 [JavaFX Application Thread] DEBUG GameApplicationServi - Removing overlay from FXGLMainMenuDummyScene and adding to FXGLLoadingScene
07:36:57.436 [JavaFX Application Thread] DEBUG PrimaryStageWindow   - FXGLMainMenuDummyScene -> FXGLLoadingScene
07:36:57.436 [JavaFX Application Thread] DEBUG GameApplicationServi - Clearing previous game
07:36:57.437 [JavaFX Application Thread] DEBUG GameScene            - Clearing game scene
07:36:57.437 [JavaFX Application Thread] DEBUG GameWorld            - Clearing game world
07:36:57.437 [JavaFX Application Thread] DEBUG PhysicsWorld         - Clearing physics world
07:36:57.438 [FXGL Background Thread 2 ] DEBUG FXGLApplication      - Initializing game
07:36:57.497 [FXGL Background Thread 2 ] DEBUG FXGLAssetLoaderServi - Loading from file system: file:/E:/space_java/Game/game_datbom/target/classes/assets/textures/mapTexture/grass.png
07:36:57.507 [FXGL Background Thread 2 ] DEBUG FXGLAssetLoaderServi - Loading from file system: file:/E:/space_java/Game/game_datbom/target/classes/assets/textures/mapTexture/wall2.png
07:36:57.555 [FXGL Background Thread 2 ] DEBUG FXGLAssetLoaderServi - Loading from file system: file:/E:/space_java/Game/game_datbom/target/classes/assets/textures/gameItem/powerup_bombs.png
07:36:57.559 [FXGL Background Thread 2 ] DEBUG FXGLAssetLoaderServi - Loading from file system: file:/E:/space_java/Game/game_datbom/target/classes/assets/textures/gameItem/powerup_flamepass.png
07:36:57.566 [FXGL Background Thread 2 ] DEBUG FXGLAssetLoaderServi - Loading from file system: file:/E:/space_java/Game/game_datbom/target/classes/assets/textures/gameItem/powerup_flames.png
07:36:57.572 [FXGL Background Thread 2 ] DEBUG FXGLAssetLoaderServi - Loading from file system: file:/E:/space_java/Game/game_datbom/target/classes/assets/textures/gameItem/powerup_speed.png
07:36:57.585 [FXGL Background Thread 2 ] DEBUG FXGLAssetLoaderServi - Loading from file system: file:/E:/space_java/Game/game_datbom/target/classes/assets/textures/enemy/balloon36.png
07:36:57.630 [FXGL Background Thread 2 ] DEBUG FXGLAssetLoaderServi - Loading from file system: file:/E:/space_java/Game/game_datbom/target/classes/assets/textures/mapTexture%5cbrick.png
07:36:57.631 [FXGL Background Thread 2 ] DEBUG FXGLAssetLoaderServi - Loading from file system: file:/E:/space_java/Game/game_datbom/target/classes/assets/textures/mapTexture%5cbrick_break.png
07:36:57.692 [FXGL Background Thread 2 ] DEBUG FXGLAssetLoaderServi - Loading from file system: file:/E:/space_java/Game/game_datbom/target/classes/assets/textures/mapTexture/portal.png
07:36:57.758 [FXGL Background Thread 3 ] DEBUG Engine               - Logging environment variables
07:36:57.759 [FXGL Background Thread 3 ] DEBUG Engine               - achievements: []
07:36:57.759 [FXGL Background Thread 3 ] DEBUG Engine               - actualHeight: 720.0
07:36:57.759 [FXGL Background Thread 3 ] DEBUG Engine               - actualHeightProperty: ReadOnlyDoubleProperty [value: 720.0]
07:36:57.759 [FXGL Background Thread 3 ] DEBUG Engine               - actualWidth: 1280.0
07:36:57.759 [FXGL Background Thread 3 ] DEBUG Engine               - actualWidthProperty: ReadOnlyDoubleProperty [value: 1280.0]
07:36:57.759 [FXGL Background Thread 3 ] DEBUG Engine               - appIcon: icon/icon.png
07:36:57.759 [FXGL Background Thread 3 ] DEBUG Engine               - applicationMode: DEVELOPER
07:36:57.759 [FXGL Background Thread 3 ] DEBUG Engine               - cSSList: [fxgl_dark.css]
07:36:57.760 [FXGL Background Thread 3 ] DEBUG Engine               - collisionDetectionStrategy: BRUTE_FORCE
07:36:57.760 [FXGL Background Thread 3 ] DEBUG Engine               - configClass: Optional.empty
07:36:57.760 [FXGL Background Thread 3 ] DEBUG Engine               - credits: []
07:36:57.761 [FXGL Background Thread 3 ] DEBUG Engine               - defaultCursor: CursorInfo(imageName=cursor/cursor1.png, hotspotX=0.0, hotspotY=0.0)
07:36:57.762 [FXGL Background Thread 3 ] DEBUG Engine               - devBBoxColorProperty: ObjectProperty [value: 0xff0000ff]
07:36:57.762 [FXGL Background Thread 3 ] DEBUG Engine               - devEnableDebugCameraProperty: BooleanProperty [value: false]
07:36:57.762 [FXGL Background Thread 3 ] DEBUG Engine               - devSensorColorProperty: ObjectProperty [value: 0xffff00ff]
07:36:57.762 [FXGL Background Thread 3 ] DEBUG Engine               - devShowBBoxProperty: BooleanProperty [value: false]
07:36:57.762 [FXGL Background Thread 3 ] DEBUG Engine               - devShowPositionProperty: BooleanProperty [value: false]
07:36:57.762 [FXGL Background Thread 3 ] DEBUG Engine               - enabledMenuItems: []
07:36:57.762 [FXGL Background Thread 3 ] DEBUG Engine               - engineServices: [class com.almasb.fxgl.app.services.FXGLAssetLoaderService, class com.almasb.fxgl.app.FXGLApplication$GameApplicationService, class com.almasb.fxgl.app.services.FXGLDialogService, class com.almasb.fxgl.app.services.IOTaskExecutorService, class com.almasb.fxgl.io.FileSystemService, class com.almasb.fxgl.localization.LocalizationService, class com.almasb.fxgl.app.services.SystemBundleService, class com.almasb.fxgl.profile.SaveLoadService, class com.almasb.fxgl.ui.FXGLUIFactoryServiceProvider, class com.almasb.fxgl.ui.FXGLDialogFactoryServiceProvider, class com.almasb.fxgl.audio.AudioPlayer, class com.almasb.fxgl.notification.impl.NotificationServiceProvider, class com.almasb.fxgl.achievement.AchievementService, class com.almasb.fxgl.cutscene.CutsceneService, class com.almasb.fxgl.minigames.MiniGameService, class com.almasb.fxgl.net.NetService, class com.almasb.fxgl.app.services.UpdaterService, class com.almasb.fxgl.dev.DevService]
07:36:57.762 [FXGL Background Thread 3 ] DEBUG Engine               - fontGame: Abel-Regular.ttf
07:36:57.762 [FXGL Background Thread 3 ] DEBUG Engine               - fontMono: TerminalLandMono-Regular.otf
07:36:57.762 [FXGL Background Thread 3 ] DEBUG Engine               - fontText: Courier-Prime.ttf
07:36:57.763 [FXGL Background Thread 3 ] DEBUG Engine               - fontUI: VarelaRound-Regular.ttf
07:36:57.763 [FXGL Background Thread 3 ] DEBUG Engine               - fullScreen: BooleanProperty [value: false]
07:36:57.763 [FXGL Background Thread 3 ] DEBUG Engine               - gameDifficulty: MEDIUM
07:36:57.763 [FXGL Background Thread 3 ] DEBUG Engine               - gameDifficultyProperty: ObjectProperty [value: MEDIUM]
07:36:57.763 [FXGL Background Thread 3 ] DEBUG Engine               - globalMusicVolume: 0.5
07:36:57.763 [FXGL Background Thread 3 ] DEBUG Engine               - globalMusicVolumeProperty: DoubleProperty [value: 0.5]
07:36:57.763 [FXGL Background Thread 3 ] DEBUG Engine               - globalSoundVolume: 0.5
07:36:57.763 [FXGL Background Thread 3 ] DEBUG Engine               - globalSoundVolumeProperty: DoubleProperty [value: 0.5]
07:36:57.763 [FXGL Background Thread 3 ] DEBUG Engine               - height: 720
07:36:57.764 [FXGL Background Thread 3 ] DEBUG Engine               - is3D: false
07:36:57.764 [FXGL Background Thread 3 ] DEBUG Engine               - isAndroid: false
07:36:57.764 [FXGL Background Thread 3 ] DEBUG Engine               - isBrowser: false
07:36:57.764 [FXGL Background Thread 3 ] DEBUG Engine               - isClickFeedbackEnabled: false
07:36:57.764 [FXGL Background Thread 3 ] DEBUG Engine               - isCloseConfirmation: false
07:36:57.764 [FXGL Background Thread 3 ] DEBUG Engine               - isDesktop: true
07:36:57.764 [FXGL Background Thread 3 ] DEBUG Engine               - isDeveloperMenuEnabled: true
07:36:57.764 [FXGL Background Thread 3 ] DEBUG Engine               - isEmbedded: false
07:36:57.764 [FXGL Background Thread 3 ] DEBUG Engine               - isEntityPreloadEnabled: true
07:36:57.764 [FXGL Background Thread 3 ] DEBUG Engine               - isExperimentalTiledLargeMap: false
07:36:57.764 [FXGL Background Thread 3 ] DEBUG Engine               - isFileSystemWriteAllowed: true
07:36:57.764 [FXGL Background Thread 3 ] DEBUG Engine               - isFullScreenAllowed: false
07:36:57.764 [FXGL Background Thread 3 ] DEBUG Engine               - isFullScreenFromStart: false
07:36:57.764 [FXGL Background Thread 3 ] DEBUG Engine               - isGameMenuEnabled: true
07:36:57.764 [FXGL Background Thread 3 ] DEBUG Engine               - isIOS: false
07:36:57.764 [FXGL Background Thread 3 ] DEBUG Engine               - isIntroEnabled: false
07:36:57.764 [FXGL Background Thread 3 ] DEBUG Engine               - isLinux: false
07:36:57.765 [FXGL Background Thread 3 ] DEBUG Engine               - isMac: false
07:36:57.765 [FXGL Background Thread 3 ] DEBUG Engine               - isMainMenuEnabled: true
07:36:57.765 [FXGL Background Thread 3 ] DEBUG Engine               - isManualResizeEnabled: false
07:36:57.765 [FXGL Background Thread 3 ] DEBUG Engine               - isMobile: false
07:36:57.765 [FXGL Background Thread 3 ] DEBUG Engine               - isNative: false
07:36:57.765 [FXGL Background Thread 3 ] DEBUG Engine               - isPauseMusicWhenMinimized: true
07:36:57.765 [FXGL Background Thread 3 ] DEBUG Engine               - isPreserveResizeRatio: false
07:36:57.765 [FXGL Background Thread 3 ] DEBUG Engine               - isProfilingEnabled: false
07:36:57.765 [FXGL Background Thread 3 ] DEBUG Engine               - isScaleAffectedOnResize: true
07:36:57.765 [FXGL Background Thread 3 ] DEBUG Engine               - isSingleStep: false
07:36:57.765 [FXGL Background Thread 3 ] DEBUG Engine               - isUserProfileEnabled: false
07:36:57.765 [FXGL Background Thread 3 ] DEBUG Engine               - isWindows: true
07:36:57.765 [FXGL Background Thread 3 ] DEBUG Engine               - language: ObjectProperty [value: ENGLISH]
07:36:57.765 [FXGL Background Thread 3 ] DEBUG Engine               - menuKey: ESCAPE
07:36:57.766 [FXGL Background Thread 3 ] DEBUG Engine               - mouseSensitivity: 0.2
07:36:57.766 [FXGL Background Thread 3 ] DEBUG Engine               - notificationViewClass: class com.almasb.fxgl.notification.view.XboxNotificationView
07:36:57.766 [FXGL Background Thread 3 ] DEBUG Engine               - pixelsPerMeter: 50.0
07:36:57.766 [FXGL Background Thread 3 ] DEBUG Engine               - platform: WINDOWS
07:36:57.766 [FXGL Background Thread 3 ] DEBUG Engine               - prefHeightProperty: ReadOnlyDoubleProperty [value: 720.0]
07:36:57.766 [FXGL Background Thread 3 ] DEBUG Engine               - prefWidthProperty: ReadOnlyDoubleProperty [value: 1280.0]
07:36:57.766 [FXGL Background Thread 3 ] DEBUG Engine               - profileDir: profiles/
07:36:57.766 [FXGL Background Thread 3 ] DEBUG Engine               - profileName: StringProperty [value: DEFAULT]
07:36:57.766 [FXGL Background Thread 3 ] DEBUG Engine               - randomSeed: -1
07:36:57.768 [FXGL Background Thread 3 ] DEBUG Engine               - runtimeInfo: RuntimeInfo(platform=WINDOWS, version=17.1, build=24.03.2022 17.34)
07:36:57.768 [FXGL Background Thread 3 ] DEBUG Engine               - saveFileExt: sav
07:36:57.768 [FXGL Background Thread 3 ] DEBUG Engine               - scaledHeightProp$fxgl: DoubleProperty [bound, value: 720.0]
07:36:57.768 [FXGL Background Thread 3 ] DEBUG Engine               - scaledWidthProp$fxgl: DoubleProperty [bound, value: 1280.0]
07:36:57.769 [FXGL Background Thread 3 ] DEBUG Engine               - sceneFactory: hellofx.Main$1@14df8640
07:36:57.769 [FXGL Background Thread 3 ] DEBUG Engine               - secondsIn24h: 60
07:36:57.769 [FXGL Background Thread 3 ] DEBUG Engine               - soundMenuBack: menu/back.wav
07:36:57.769 [FXGL Background Thread 3 ] DEBUG Engine               - soundMenuPress: menu/press.wav
07:36:57.769 [FXGL Background Thread 3 ] DEBUG Engine               - soundMenuSelect: menu/select.wav
07:36:57.769 [FXGL Background Thread 3 ] DEBUG Engine               - soundNotification: core/notification.wav
07:36:57.769 [FXGL Background Thread 3 ] DEBUG Engine               - stageStyle: DECORATED
07:36:57.769 [FXGL Background Thread 3 ] DEBUG Engine               - supportedLanguages: [ENGLISH, FRENCH, GERMAN, HUNGARIAN, RUSSIAN]
07:36:57.769 [FXGL Background Thread 3 ] DEBUG Engine               - ticksPerSecond: -1
07:36:57.769 [FXGL Background Thread 3 ] DEBUG Engine               - title: Bomberman
07:36:57.769 [FXGL Background Thread 3 ] DEBUG Engine               - urlGithub: https://github.com/AlmasB/FXGL
07:36:57.769 [FXGL Background Thread 3 ] DEBUG Engine               - urlLeaderboard: http://fxgl-top.herokuapp.com/
07:36:57.769 [FXGL Background Thread 3 ] DEBUG Engine               - urlPOM: https://raw.githubusercontent.com/AlmasB/FXGL/release/README.md
07:36:57.769 [FXGL Background Thread 3 ] DEBUG Engine               - userAppClass: class hellofx.Main
07:36:57.770 [FXGL Background Thread 3 ] DEBUG Engine               - version: 1.0
07:36:57.770 [FXGL Background Thread 3 ] DEBUG Engine               - versionCheckDays: 7
07:36:57.770 [FXGL Background Thread 3 ] DEBUG Engine               - width: 1280
07:36:57.770 [FXGL Background Thread 3 ] DEBUG Engine               - Logging services
07:36:57.770 [FXGL Background Thread 3 ] DEBUG Engine               - class com.almasb.fxgl.app.services.FXGLAssetLoaderService
07:36:57.770 [FXGL Background Thread 3 ] DEBUG Engine               - class com.almasb.fxgl.app.FXGLApplication$GameApplicationService
07:36:57.770 [FXGL Background Thread 3 ] DEBUG Engine               - class com.almasb.fxgl.app.services.FXGLDialogService
07:36:57.770 [FXGL Background Thread 3 ] DEBUG Engine               - class com.almasb.fxgl.app.services.IOTaskExecutorService
07:36:57.770 [FXGL Background Thread 3 ] DEBUG Engine               - class com.almasb.fxgl.io.FileSystemService
07:36:57.770 [FXGL Background Thread 3 ] DEBUG Engine               - class com.almasb.fxgl.localization.LocalizationService
07:36:57.770 [FXGL Background Thread 3 ] DEBUG Engine               - class com.almasb.fxgl.app.services.SystemBundleService
07:36:57.770 [FXGL Background Thread 3 ] DEBUG Engine               - class com.almasb.fxgl.profile.SaveLoadService
07:36:57.770 [FXGL Background Thread 3 ] DEBUG Engine               - class com.almasb.fxgl.ui.FXGLUIFactoryServiceProvider
07:36:57.771 [FXGL Background Thread 3 ] DEBUG Engine               - class com.almasb.fxgl.ui.FXGLDialogFactoryServiceProvider
07:36:57.771 [FXGL Background Thread 3 ] DEBUG Engine               - class com.almasb.fxgl.audio.AudioPlayer
07:36:57.771 [FXGL Background Thread 3 ] DEBUG Engine               - class com.almasb.fxgl.notification.impl.NotificationServiceProvider
07:36:57.771 [FXGL Background Thread 3 ] DEBUG Engine               - class com.almasb.fxgl.achievement.AchievementService
07:36:57.771 [FXGL Background Thread 3 ] DEBUG Engine               - class com.almasb.fxgl.cutscene.CutsceneService
07:36:57.771 [FXGL Background Thread 3 ] DEBUG Engine               - class com.almasb.fxgl.minigames.MiniGameService
07:36:57.771 [FXGL Background Thread 3 ] DEBUG Engine               - class com.almasb.fxgl.net.NetService
07:36:57.771 [FXGL Background Thread 3 ] DEBUG Engine               - class com.almasb.fxgl.app.services.UpdaterService
07:36:57.771 [FXGL Background Thread 3 ] DEBUG Engine               - class com.almasb.fxgl.dev.DevService
07:36:57.774 [FXGL Background Thread 2 ] DEBUG FXGLAssetLoaderServi - Loading from file system: file:/E:/space_java/Game/game_datbom/target/classes/assets/textures/character/gold_player_dead.png
07:36:57.776 [FXGL Background Thread 2 ] DEBUG FXGLAssetLoaderServi - Loading from file system: file:/E:/space_java/Game/game_datbom/target/classes/assets/textures/character/gold_player_down.png
07:36:57.778 [FXGL Background Thread 2 ] DEBUG FXGLAssetLoaderServi - Loading from file system: file:/E:/space_java/Game/game_datbom/target/classes/assets/textures/character/gold_player_up.png
07:36:57.780 [FXGL Background Thread 2 ] DEBUG FXGLAssetLoaderServi - Loading from file system: file:/E:/space_java/Game/game_datbom/target/classes/assets/textures/character/gold_player_left_temp.png
07:36:57.782 [FXGL Background Thread 2 ] DEBUG FXGLAssetLoaderServi - Loading from file system: file:/E:/space_java/Game/game_datbom/target/classes/assets/textures/character/gold_player_right_temp.png
07:36:57.789 [FXGL Background Thread 2 ] INFO  FXGLApplication      - Game initialization took: 0.351 sec
07:36:57.798 [JavaFX Application Thread] DEBUG Input                - Clearing active input actions
07:36:57.821 [JavaFX Application Thread] DEBUG GameApplicationServi - Removing overlay from FXGLLoadingScene and adding to GameScene
07:36:57.824 [JavaFX Application Thread] DEBUG PrimaryStageWindow   - FXGLLoadingScene -> GameScene
07:37:01.465 [JavaFX Application Thread] DEBUG FXGLApplication      - Exiting FXGL
07:37:01.466 [JavaFX Application Thread] DEBUG LoopRunner           - Stopping loop
07:37:01.466 [JavaFX Application Thread] DEBUG SystemBundleService  - Saving FXGL system data
07:37:01.469 [JavaFX Application Thread] DEBUG FileSystemAccess     - Writing to: E:\space_java\Game\game_datbom\system\fxgl.bundle
07:37:01.470 [JavaFX Application Thread] DEBUG Async                - Shutting down background threads
07:37:01.471 [JavaFX Application Thread] DEBUG PrimaryStageWindow   - Closing main window
07:37:01.495 [JavaFX Application Thread] DEBUG Logger               - Closing Logger
