02:13:14.194 [main                     ] DEBUG Logger               - Configured Logger
02:13:14.213 [main                     ] DEBUG GameApplication      - Logging settings
Title: Bomberman
Version: 1.0
Width: 1280
Height: 720
Fullscreen: false
Intro: false
Profiling: false
Single step:false
App Mode: DEVELOPER
Menu Key: ESCAPE
Stage Style: DECORATED
Scene Factory: class hellofx.Main$1

02:13:14.323 [JavaFX Application Thread] DEBUG FXGLApplication      - Initializing FXGL
02:13:14.331 [JavaFX Application Thread] INFO  Engine               - FXGL-17.1 (24.03.2022 17.34) on WINDOWS (J:18.0.2.1 FX:18)
02:13:14.332 [JavaFX Application Thread] DEBUG Engine               - JRE Vendor Name: Oracle Corporation
02:13:14.332 [JavaFX Application Thread] DEBUG Engine               - Running on OS: Windows 11 version 10.0
02:13:14.332 [JavaFX Application Thread] DEBUG Engine               - Architecture: amd64
02:13:14.332 [JavaFX Application Thread] INFO  Engine               - Source code and latest versions at: https://github.com/AlmasB/FXGL
02:13:14.333 [JavaFX Application Thread] INFO  Engine               -       Ask questions and discuss at: https://github.com/AlmasB/FXGL/discussions
02:13:14.333 [JavaFX Application Thread] INFO  Engine               -              Join the FXGL chat at: https://gitter.im/AlmasB/FXGL
02:13:14.389 [JavaFX Application Thread] DEBUG PrimaryStageWindow   - Creating a JavaFX scene
02:13:14.448 [JavaFX Application Thread] DEBUG PrimaryStageWindow   - Target settings size: 1280.0 x 720.0
02:13:14.449 [JavaFX Application Thread] DEBUG PrimaryStageWindow   - Scaled scene size:    1280.0 x 720.0
02:13:14.449 [JavaFX Application Thread] DEBUG PrimaryStageWindow   - Scaled ratio: (1.0, 1.0)
02:13:14.450 [JavaFX Application Thread] DEBUG PrimaryStageWindow   - Set initial scene to FXGLStartupScene
02:13:14.457 [JavaFX Application Thread] DEBUG PrimaryStageWindow   - Opening main window
02:13:14.560 [JavaFX Application Thread] DEBUG PrimaryStageWindow   - Window border size: (16.0, 39.0)
02:13:14.560 [JavaFX Application Thread] DEBUG PrimaryStageWindow   - Scaled size: 1280.0 x 720.0
02:13:14.561 [JavaFX Application Thread] DEBUG PrimaryStageWindow   - Scaled ratio: (1.0, 1.0)
02:13:14.561 [JavaFX Application Thread] DEBUG PrimaryStageWindow   - Scene size: 1280.0 x 720.0
02:13:14.562 [JavaFX Application Thread] DEBUG PrimaryStageWindow   - Stage size: 1296.0 x 759.0
02:13:14.570 [FXGL Background Thread 1 ] DEBUG Engine               - Initializing environment variables
02:13:14.650 [FXGL Background Thread 1 ] DEBUG FXGLAssetLoaderServi - User app class for loading assets: class hellofx.Main
02:13:14.650 [FXGL Background Thread 1 ] DEBUG GameApplicationServi - Applying CSS: fxgl_dark.css
02:13:14.651 [FXGL Background Thread 1 ] DEBUG FXGLAssetLoaderServi - Loading from file system: jar:file:/C:/Users/chaum/.m2/repository/com/github/almasb/fxgl/17.1/fxgl-17.1.jar!/fxglassets/ui/css/fxgl_dark.css
02:13:14.707 [FXGL Background Thread 1 ] DEBUG GameApplicationServi - Initializing application scenes
02:13:14.752 [FXGL Background Thread 1 ] DEBUG GameWorld            - Game world initialized
02:13:14.805 [FXGL Background Thread 1 ] DEBUG PhysicsWorld         - Physics world initialized: appHeight=720, physics.ppm=50.0
02:13:14.805 [FXGL Background Thread 1 ] DEBUG PhysicsWorld         - Using strategy: BRUTE_FORCE
02:13:14.810 [FXGL Background Thread 1 ] DEBUG GameScene            - Game scene initialized: 1280x720
02:13:14.903 [FXGL Background Thread 1 ] DEBUG GameApplicationServi - Application scenes initialized
02:13:14.913 [FXGL Background Thread 1 ] DEBUG SystemBundleService  - Loading FXGL system data
02:13:14.917 [FXGL Background Thread 1 ] DEBUG FileSystemAccess     - Reading from: E:\space_java\Game\game_datbom\system\fxgl.bundle
02:13:14.924 [FXGL Background Thread 1 ] DEBUG SystemBundleService  - Bundle FXGL: {}
02:13:14.924 [FXGL Background Thread 1 ] DEBUG UpdaterService       - Checking for updates
02:13:14.958 [FXGL Background Thread 4 ] DEBUG FXGLApplication      - Loading fonts
02:13:14.959 [FXGL Background Thread 4 ] DEBUG FXGLAssetLoaderServi - Loading from file system: jar:file:/C:/Users/chaum/.m2/repository/com/github/almasb/fxgl/17.1/fxgl-17.1.jar!/fxglassets/ui/fonts/VarelaRound-Regular.ttf
02:13:14.959 [FXGL Background Thread 1 ] DEBUG FXGLApplication      - Loading default localization
02:13:14.960 [FXGL Background Thread 1 ] DEBUG FXGLAssetLoaderServi - Loading from file system: jar:file:/C:/Users/chaum/.m2/repository/com/github/almasb/fxgl/17.1/fxgl-17.1.jar!/fxglassets/languages/english.lang
02:13:14.978 [FXGL Background Thread 1 ] INFO  FXGLApplication      - FXGL initialization took: 0.409 sec
02:13:14.989 [JavaFX Application Thread] DEBUG Input                - Registered new binding: action0 - F
02:13:14.990 [JavaFX Application Thread] DEBUG Input                - Registered new binding: action1 - G
02:13:14.990 [JavaFX Application Thread] DEBUG Input                - Registered new binding: action2 - R
02:13:14.990 [JavaFX Application Thread] DEBUG Input                - Registered new binding: action3 - T
02:13:14.991 [JavaFX Application Thread] DEBUG Input                - Registered new binding: Right - D
02:13:14.991 [JavaFX Application Thread] DEBUG Input                - Registered new binding: Left - A
02:13:14.991 [JavaFX Application Thread] DEBUG Input                - Registered new binding: Up - W
02:13:14.991 [JavaFX Application Thread] DEBUG Input                - Registered new binding: Down - S
02:13:14.991 [JavaFX Application Thread] DEBUG Input                - Registered new binding: Place boom - Space
02:13:14.992 [JavaFX Application Thread] DEBUG FXGLAssetLoaderServi - Loading from file system: file:/E:/space_java/Game/game_datbom/target/classes/assets/textures/icon/icon.png
02:13:15.029 [FXGL Background Thread 4 ] DEBUG FXGLAssetLoaderServi - Loading from file system: jar:file:/C:/Users/chaum/.m2/repository/com/github/almasb/fxgl/17.1/fxgl-17.1.jar!/fxglassets/ui/fonts/Abel-Regular.ttf
02:13:15.032 [FXGL Background Thread 4 ] DEBUG FXGLAssetLoaderServi - Loading from file system: jar:file:/C:/Users/chaum/.m2/repository/com/github/almasb/fxgl/17.1/fxgl-17.1.jar!/fxglassets/ui/fonts/TerminalLandMono-Regular.otf
02:13:15.035 [FXGL Background Thread 4 ] DEBUG FXGLAssetLoaderServi - Loading from file system: jar:file:/C:/Users/chaum/.m2/repository/com/github/almasb/fxgl/17.1/fxgl-17.1.jar!/fxglassets/ui/fonts/Courier-Prime.ttf
02:13:15.052 [JavaFX Application Thread] DEBUG FXGLAssetLoaderServi - Loading from file system: file:/E:/space_java/Game/game_datbom/target/classes/assets/textures/cursor/cursor1.png
02:13:15.060 [JavaFX Application Thread] DEBUG Input                - Registered new binding: Screenshot - CTRL+8
02:13:15.061 [JavaFX Application Thread] DEBUG Input                - Registered new binding: Dev Options - 1
02:13:15.061 [JavaFX Application Thread] DEBUG Input                - Registered new binding: Dev Console - 2
02:13:15.062 [JavaFX Application Thread] DEBUG Input                - Registered new binding: System info dump - CTRL+9
02:13:15.062 [JavaFX Application Thread] DEBUG Input                - Registered new binding: Restart - CTRL+R
02:13:15.063 [JavaFX Application Thread] DEBUG Input                - Registered new binding: Toggle Debug Camera - CTRL+7
02:13:15.066 [JavaFX Application Thread] DEBUG LoopRunner           - Starting loop
02:13:15.080 [JavaFX Application Thread] DEBUG LoopRunner           - Initializing JavaFX AnimationTimerLoop
02:13:15.083 [JavaFX Application Thread] DEBUG Input                - Clearing active input actions
02:13:15.090 [JavaFX Application Thread] DEBUG GameApplicationServi - Removing overlay from FXGLStartupScene and adding to FXGLMainMenuDummyScene
02:13:15.093 [JavaFX Application Thread] DEBUG PrimaryStageWindow   - FXGLStartupScene -> FXGLMainMenuDummyScene
02:13:15.093 [JavaFX Application Thread] DEBUG PrimaryStageWindow   - Push state: MainMenu
02:13:15.094 [JavaFX Application Thread] DEBUG Input                - Clearing active input actions
02:13:15.096 [JavaFX Application Thread] DEBUG GameApplicationServi - Removing overlay from FXGLMainMenuDummyScene and adding to MainMenu
02:13:15.097 [JavaFX Application Thread] DEBUG PrimaryStageWindow   - FXGLMainMenuDummyScene -> MainMenu
02:13:15.108 [JavaFX Application Thread] DEBUG FXGLApplication      - Registering font factories with UI factory
02:13:15.932 [FXGL Background Thread 2 ] INFO  UpdaterService       - Your current version:  17.1
02:13:15.932 [FXGL Background Thread 2 ] INFO  UpdaterService       - Latest stable version: 17.2
02:13:16.268 [JavaFX Application Thread] DEBUG Menu                 - fireNewGame()
02:13:16.268 [JavaFX Application Thread] DEBUG GameApplicationServi - Starting new game
02:13:16.269 [JavaFX Application Thread] DEBUG PrimaryStageWindow   - Pop state: MainMenu
02:13:16.269 [JavaFX Application Thread] DEBUG Input                - Clearing active input actions
02:13:16.270 [JavaFX Application Thread] DEBUG GameApplicationServi - Removing overlay from MainMenu and adding to FXGLMainMenuDummyScene
02:13:16.273 [JavaFX Application Thread] DEBUG PrimaryStageWindow   - FXGLMainMenuDummyScene <- MainMenu
02:13:16.273 [JavaFX Application Thread] DEBUG Input                - Clearing active input actions
02:13:16.280 [JavaFX Application Thread] DEBUG GameApplicationServi - Removing overlay from FXGLMainMenuDummyScene and adding to FXGLLoadingScene
02:13:16.280 [JavaFX Application Thread] DEBUG PrimaryStageWindow   - FXGLMainMenuDummyScene -> FXGLLoadingScene
02:13:16.280 [JavaFX Application Thread] DEBUG GameApplicationServi - Clearing previous game
02:13:16.280 [JavaFX Application Thread] DEBUG GameScene            - Clearing game scene
02:13:16.280 [JavaFX Application Thread] DEBUG GameWorld            - Clearing game world
02:13:16.281 [JavaFX Application Thread] DEBUG PhysicsWorld         - Clearing physics world
02:13:16.283 [FXGL Background Thread 2 ] DEBUG FXGLApplication      - Initializing game
02:13:16.314 [FXGL Background Thread 2 ] DEBUG FXGLAssetLoaderServi - Loading from file system: file:/E:/space_java/Game/game_datbom/target/classes/assets/textures/mapTexture/grass.png
02:13:16.322 [FXGL Background Thread 2 ] DEBUG FXGLAssetLoaderServi - Loading from file system: file:/E:/space_java/Game/game_datbom/target/classes/assets/textures/mapTexture/wall2.png
02:13:16.366 [FXGL Background Thread 2 ] DEBUG FXGLAssetLoaderServi - Loading from file system: file:/E:/space_java/Game/game_datbom/target/classes/assets/textures/gameItem/powerup_bombs.png
02:13:16.369 [FXGL Background Thread 2 ] DEBUG FXGLAssetLoaderServi - Loading from file system: file:/E:/space_java/Game/game_datbom/target/classes/assets/textures/gameItem/powerup_flamepass.png
02:13:16.374 [FXGL Background Thread 2 ] DEBUG FXGLAssetLoaderServi - Loading from file system: file:/E:/space_java/Game/game_datbom/target/classes/assets/textures/gameItem/powerup_flames.png
02:13:16.380 [FXGL Background Thread 2 ] DEBUG FXGLAssetLoaderServi - Loading from file system: file:/E:/space_java/Game/game_datbom/target/classes/assets/textures/gameItem/powerup_speed.png
02:13:16.389 [FXGL Background Thread 2 ] DEBUG FXGLAssetLoaderServi - Loading from file system: file:/E:/space_java/Game/game_datbom/target/classes/assets/textures/enemy/balloon36.png
02:13:16.435 [FXGL Background Thread 2 ] DEBUG FXGLAssetLoaderServi - Loading from file system: file:/E:/space_java/Game/game_datbom/target/classes/assets/textures/mapTexture%5cbrick.png
02:13:16.436 [FXGL Background Thread 2 ] DEBUG FXGLAssetLoaderServi - Loading from file system: file:/E:/space_java/Game/game_datbom/target/classes/assets/textures/mapTexture%5cbrick_break.png
02:13:16.506 [FXGL Background Thread 2 ] DEBUG FXGLAssetLoaderServi - Loading from file system: file:/E:/space_java/Game/game_datbom/target/classes/assets/textures/mapTexture/portal.png
02:13:16.619 [FXGL Background Thread 2 ] DEBUG FXGLAssetLoaderServi - Loading from file system: file:/E:/space_java/Game/game_datbom/target/classes/assets/textures/character/gold_player_dead.png
02:13:16.621 [FXGL Background Thread 2 ] DEBUG FXGLAssetLoaderServi - Loading from file system: file:/E:/space_java/Game/game_datbom/target/classes/assets/textures/character/gold_player_down.png
02:13:16.622 [FXGL Background Thread 2 ] DEBUG FXGLAssetLoaderServi - Loading from file system: file:/E:/space_java/Game/game_datbom/target/classes/assets/textures/character/gold_player_up.png
02:13:16.623 [FXGL Background Thread 2 ] DEBUG FXGLAssetLoaderServi - Loading from file system: file:/E:/space_java/Game/game_datbom/target/classes/assets/textures/character/gold_player_left_temp.png
02:13:16.625 [FXGL Background Thread 2 ] DEBUG FXGLAssetLoaderServi - Loading from file system: file:/E:/space_java/Game/game_datbom/target/classes/assets/textures/character/gold_player_right_temp.png
02:13:16.631 [FXGL Background Thread 2 ] INFO  FXGLApplication      - Game initialization took: 0.348 sec
02:13:16.632 [JavaFX Application Thread] DEBUG Input                - Clearing active input actions
02:13:16.646 [JavaFX Application Thread] DEBUG GameApplicationServi - Removing overlay from FXGLLoadingScene and adding to GameScene
02:13:16.648 [JavaFX Application Thread] DEBUG PrimaryStageWindow   - FXGLLoadingScene -> GameScene
02:13:17.956 [FXGL Background Thread 3 ] DEBUG Engine               - Logging environment variables
02:13:17.957 [FXGL Background Thread 3 ] DEBUG Engine               - achievements: []
02:13:17.957 [FXGL Background Thread 3 ] DEBUG Engine               - actualHeight: 720.0
02:13:17.957 [FXGL Background Thread 3 ] DEBUG Engine               - actualHeightProperty: ReadOnlyDoubleProperty [value: 720.0]
02:13:17.957 [FXGL Background Thread 3 ] DEBUG Engine               - actualWidth: 1280.0
02:13:17.957 [FXGL Background Thread 3 ] DEBUG Engine               - actualWidthProperty: ReadOnlyDoubleProperty [value: 1280.0]
02:13:17.957 [FXGL Background Thread 3 ] DEBUG Engine               - appIcon: icon/icon.png
02:13:17.957 [FXGL Background Thread 3 ] DEBUG Engine               - applicationMode: DEVELOPER
02:13:17.957 [FXGL Background Thread 3 ] DEBUG Engine               - cSSList: [fxgl_dark.css]
02:13:17.958 [FXGL Background Thread 3 ] DEBUG Engine               - collisionDetectionStrategy: BRUTE_FORCE
02:13:17.958 [FXGL Background Thread 3 ] DEBUG Engine               - configClass: Optional.empty
02:13:17.958 [FXGL Background Thread 3 ] DEBUG Engine               - credits: []
02:13:17.960 [FXGL Background Thread 3 ] DEBUG Engine               - defaultCursor: CursorInfo(imageName=cursor/cursor1.png, hotspotX=0.0, hotspotY=0.0)
02:13:17.962 [FXGL Background Thread 3 ] DEBUG Engine               - devBBoxColorProperty: ObjectProperty [value: 0xff0000ff]
02:13:17.962 [FXGL Background Thread 3 ] DEBUG Engine               - devEnableDebugCameraProperty: BooleanProperty [value: false]
02:13:17.962 [FXGL Background Thread 3 ] DEBUG Engine               - devSensorColorProperty: ObjectProperty [value: 0xffff00ff]
02:13:17.963 [FXGL Background Thread 3 ] DEBUG Engine               - devShowBBoxProperty: BooleanProperty [value: false]
02:13:17.963 [FXGL Background Thread 3 ] DEBUG Engine               - devShowPositionProperty: BooleanProperty [value: false]
02:13:17.963 [FXGL Background Thread 3 ] DEBUG Engine               - enabledMenuItems: []
02:13:17.963 [FXGL Background Thread 3 ] DEBUG Engine               - engineServices: [class com.almasb.fxgl.app.services.FXGLAssetLoaderService, class com.almasb.fxgl.app.FXGLApplication$GameApplicationService, class com.almasb.fxgl.app.services.FXGLDialogService, class com.almasb.fxgl.app.services.IOTaskExecutorService, class com.almasb.fxgl.io.FileSystemService, class com.almasb.fxgl.localization.LocalizationService, class com.almasb.fxgl.app.services.SystemBundleService, class com.almasb.fxgl.profile.SaveLoadService, class com.almasb.fxgl.ui.FXGLUIFactoryServiceProvider, class com.almasb.fxgl.ui.FXGLDialogFactoryServiceProvider, class com.almasb.fxgl.audio.AudioPlayer, class com.almasb.fxgl.notification.impl.NotificationServiceProvider, class com.almasb.fxgl.achievement.AchievementService, class com.almasb.fxgl.cutscene.CutsceneService, class com.almasb.fxgl.minigames.MiniGameService, class com.almasb.fxgl.net.NetService, class com.almasb.fxgl.app.services.UpdaterService, class com.almasb.fxgl.dev.DevService]
02:13:17.963 [FXGL Background Thread 3 ] DEBUG Engine               - fontGame: Abel-Regular.ttf
02:13:17.963 [FXGL Background Thread 3 ] DEBUG Engine               - fontMono: TerminalLandMono-Regular.otf
02:13:17.963 [FXGL Background Thread 3 ] DEBUG Engine               - fontText: Courier-Prime.ttf
02:13:17.964 [FXGL Background Thread 3 ] DEBUG Engine               - fontUI: VarelaRound-Regular.ttf
02:13:17.964 [FXGL Background Thread 3 ] DEBUG Engine               - fullScreen: BooleanProperty [value: false]
02:13:17.964 [FXGL Background Thread 3 ] DEBUG Engine               - gameDifficulty: MEDIUM
02:13:17.964 [FXGL Background Thread 3 ] DEBUG Engine               - gameDifficultyProperty: ObjectProperty [value: MEDIUM]
02:13:17.964 [FXGL Background Thread 3 ] DEBUG Engine               - globalMusicVolume: 0.5
02:13:17.964 [FXGL Background Thread 3 ] DEBUG Engine               - globalMusicVolumeProperty: DoubleProperty [value: 0.5]
02:13:17.964 [FXGL Background Thread 3 ] DEBUG Engine               - globalSoundVolume: 0.5
02:13:17.964 [FXGL Background Thread 3 ] DEBUG Engine               - globalSoundVolumeProperty: DoubleProperty [value: 0.5]
02:13:17.964 [FXGL Background Thread 3 ] DEBUG Engine               - height: 720
02:13:17.965 [FXGL Background Thread 3 ] DEBUG Engine               - is3D: false
02:13:17.965 [FXGL Background Thread 3 ] DEBUG Engine               - isAndroid: false
02:13:17.965 [FXGL Background Thread 3 ] DEBUG Engine               - isBrowser: false
02:13:17.965 [FXGL Background Thread 3 ] DEBUG Engine               - isClickFeedbackEnabled: false
02:13:17.965 [FXGL Background Thread 3 ] DEBUG Engine               - isCloseConfirmation: false
02:13:17.965 [FXGL Background Thread 3 ] DEBUG Engine               - isDesktop: true
02:13:17.965 [FXGL Background Thread 3 ] DEBUG Engine               - isDeveloperMenuEnabled: true
02:13:17.965 [FXGL Background Thread 3 ] DEBUG Engine               - isEmbedded: false
02:13:17.965 [FXGL Background Thread 3 ] DEBUG Engine               - isEntityPreloadEnabled: true
02:13:17.965 [FXGL Background Thread 3 ] DEBUG Engine               - isExperimentalTiledLargeMap: false
02:13:17.966 [FXGL Background Thread 3 ] DEBUG Engine               - isFileSystemWriteAllowed: true
02:13:17.966 [FXGL Background Thread 3 ] DEBUG Engine               - isFullScreenAllowed: false
02:13:17.966 [FXGL Background Thread 3 ] DEBUG Engine               - isFullScreenFromStart: false
02:13:17.966 [FXGL Background Thread 3 ] DEBUG Engine               - isGameMenuEnabled: true
02:13:17.966 [FXGL Background Thread 3 ] DEBUG Engine               - isIOS: false
02:13:17.966 [FXGL Background Thread 3 ] DEBUG Engine               - isIntroEnabled: false
02:13:17.966 [FXGL Background Thread 3 ] DEBUG Engine               - isLinux: false
02:13:17.966 [FXGL Background Thread 3 ] DEBUG Engine               - isMac: false
02:13:17.967 [FXGL Background Thread 3 ] DEBUG Engine               - isMainMenuEnabled: true
02:13:17.967 [FXGL Background Thread 3 ] DEBUG Engine               - isManualResizeEnabled: false
02:13:17.967 [FXGL Background Thread 3 ] DEBUG Engine               - isMobile: false
02:13:17.967 [FXGL Background Thread 3 ] DEBUG Engine               - isNative: false
02:13:17.967 [FXGL Background Thread 3 ] DEBUG Engine               - isPauseMusicWhenMinimized: true
02:13:17.967 [FXGL Background Thread 3 ] DEBUG Engine               - isPreserveResizeRatio: false
02:13:17.968 [FXGL Background Thread 3 ] DEBUG Engine               - isProfilingEnabled: false
02:13:17.968 [FXGL Background Thread 3 ] DEBUG Engine               - isScaleAffectedOnResize: true
02:13:17.968 [FXGL Background Thread 3 ] DEBUG Engine               - isSingleStep: false
02:13:17.968 [FXGL Background Thread 3 ] DEBUG Engine               - isUserProfileEnabled: false
02:13:17.968 [FXGL Background Thread 3 ] DEBUG Engine               - isWindows: true
02:13:17.968 [FXGL Background Thread 3 ] DEBUG Engine               - language: ObjectProperty [value: ENGLISH]
02:13:17.968 [FXGL Background Thread 3 ] DEBUG Engine               - menuKey: ESCAPE
02:13:17.969 [FXGL Background Thread 3 ] DEBUG Engine               - mouseSensitivity: 0.2
02:13:17.969 [FXGL Background Thread 3 ] DEBUG Engine               - notificationViewClass: class com.almasb.fxgl.notification.view.XboxNotificationView
02:13:17.969 [FXGL Background Thread 3 ] DEBUG Engine               - pixelsPerMeter: 50.0
02:13:17.969 [FXGL Background Thread 3 ] DEBUG Engine               - platform: WINDOWS
02:13:17.969 [FXGL Background Thread 3 ] DEBUG Engine               - prefHeightProperty: ReadOnlyDoubleProperty [value: 720.0]
02:13:17.969 [FXGL Background Thread 3 ] DEBUG Engine               - prefWidthProperty: ReadOnlyDoubleProperty [value: 1280.0]
02:13:17.970 [FXGL Background Thread 3 ] DEBUG Engine               - profileDir: profiles/
02:13:17.970 [FXGL Background Thread 3 ] DEBUG Engine               - profileName: StringProperty [value: DEFAULT]
02:13:17.970 [FXGL Background Thread 3 ] DEBUG Engine               - randomSeed: -1
02:13:17.970 [FXGL Background Thread 3 ] DEBUG Engine               - runtimeInfo: RuntimeInfo(platform=WINDOWS, version=17.1, build=24.03.2022 17.34)
02:13:17.971 [FXGL Background Thread 3 ] DEBUG Engine               - saveFileExt: sav
02:13:17.971 [FXGL Background Thread 3 ] DEBUG Engine               - scaledHeightProp$fxgl: DoubleProperty [bound, value: 720.0]
02:13:17.971 [FXGL Background Thread 3 ] DEBUG Engine               - scaledWidthProp$fxgl: DoubleProperty [bound, value: 1280.0]
02:13:17.971 [FXGL Background Thread 3 ] DEBUG Engine               - sceneFactory: hellofx.Main$1@40a61486
02:13:17.971 [FXGL Background Thread 3 ] DEBUG Engine               - secondsIn24h: 60
02:13:17.971 [FXGL Background Thread 3 ] DEBUG Engine               - soundMenuBack: menu/back.wav
02:13:17.972 [FXGL Background Thread 3 ] DEBUG Engine               - soundMenuPress: menu/press.wav
02:13:17.972 [FXGL Background Thread 3 ] DEBUG Engine               - soundMenuSelect: menu/select.wav
02:13:17.972 [FXGL Background Thread 3 ] DEBUG Engine               - soundNotification: core/notification.wav
02:13:17.972 [FXGL Background Thread 3 ] DEBUG Engine               - stageStyle: DECORATED
02:13:17.972 [FXGL Background Thread 3 ] DEBUG Engine               - supportedLanguages: [ENGLISH, FRENCH, GERMAN, HUNGARIAN, RUSSIAN]
02:13:17.972 [FXGL Background Thread 3 ] DEBUG Engine               - ticksPerSecond: -1
02:13:17.972 [FXGL Background Thread 3 ] DEBUG Engine               - title: Bomberman
02:13:17.972 [FXGL Background Thread 3 ] DEBUG Engine               - urlGithub: https://github.com/AlmasB/FXGL
02:13:17.973 [FXGL Background Thread 3 ] DEBUG Engine               - urlLeaderboard: http://fxgl-top.herokuapp.com/
02:13:17.973 [FXGL Background Thread 3 ] DEBUG Engine               - urlPOM: https://raw.githubusercontent.com/AlmasB/FXGL/release/README.md
02:13:17.973 [FXGL Background Thread 3 ] DEBUG Engine               - userAppClass: class hellofx.Main
02:13:17.973 [FXGL Background Thread 3 ] DEBUG Engine               - version: 1.0
02:13:17.973 [FXGL Background Thread 3 ] DEBUG Engine               - versionCheckDays: 7
02:13:17.973 [FXGL Background Thread 3 ] DEBUG Engine               - width: 1280
02:13:17.973 [FXGL Background Thread 3 ] DEBUG Engine               - Logging services
02:13:17.974 [FXGL Background Thread 3 ] DEBUG Engine               - class com.almasb.fxgl.app.services.FXGLAssetLoaderService
02:13:17.974 [FXGL Background Thread 3 ] DEBUG Engine               - class com.almasb.fxgl.app.FXGLApplication$GameApplicationService
02:13:17.974 [FXGL Background Thread 3 ] DEBUG Engine               - class com.almasb.fxgl.app.services.FXGLDialogService
02:13:17.974 [FXGL Background Thread 3 ] DEBUG Engine               - class com.almasb.fxgl.app.services.IOTaskExecutorService
02:13:17.974 [FXGL Background Thread 3 ] DEBUG Engine               - class com.almasb.fxgl.io.FileSystemService
02:13:17.974 [FXGL Background Thread 3 ] DEBUG Engine               - class com.almasb.fxgl.localization.LocalizationService
02:13:17.974 [FXGL Background Thread 3 ] DEBUG Engine               - class com.almasb.fxgl.app.services.SystemBundleService
02:13:17.974 [FXGL Background Thread 3 ] DEBUG Engine               - class com.almasb.fxgl.profile.SaveLoadService
02:13:17.974 [FXGL Background Thread 3 ] DEBUG Engine               - class com.almasb.fxgl.ui.FXGLUIFactoryServiceProvider
02:13:17.974 [FXGL Background Thread 3 ] DEBUG Engine               - class com.almasb.fxgl.ui.FXGLDialogFactoryServiceProvider
02:13:17.974 [FXGL Background Thread 3 ] DEBUG Engine               - class com.almasb.fxgl.audio.AudioPlayer
02:13:17.975 [FXGL Background Thread 3 ] DEBUG Engine               - class com.almasb.fxgl.notification.impl.NotificationServiceProvider
02:13:17.975 [FXGL Background Thread 3 ] DEBUG Engine               - class com.almasb.fxgl.achievement.AchievementService
02:13:17.975 [FXGL Background Thread 3 ] DEBUG Engine               - class com.almasb.fxgl.cutscene.CutsceneService
02:13:17.975 [FXGL Background Thread 3 ] DEBUG Engine               - class com.almasb.fxgl.minigames.MiniGameService
02:13:17.975 [FXGL Background Thread 3 ] DEBUG Engine               - class com.almasb.fxgl.net.NetService
02:13:17.975 [FXGL Background Thread 3 ] DEBUG Engine               - class com.almasb.fxgl.app.services.UpdaterService
02:13:17.975 [FXGL Background Thread 3 ] DEBUG Engine               - class com.almasb.fxgl.dev.DevService
02:13:34.497 [JavaFX Application Thread] DEBUG PrimaryStageWindow   - Push state: GameMenu
02:13:34.497 [JavaFX Application Thread] DEBUG Input                - Clearing active input actions
02:13:34.498 [JavaFX Application Thread] DEBUG GameApplicationServi - Removing overlay from GameScene and adding to GameMenu
02:13:34.500 [JavaFX Application Thread] DEBUG PrimaryStageWindow   - GameScene -> GameMenu
02:13:38.593 [JavaFX Application Thread] DEBUG Menu                 - fireResume()
02:13:38.593 [JavaFX Application Thread] DEBUG PrimaryStageWindow   - Pop state: GameMenu
02:13:38.594 [JavaFX Application Thread] DEBUG Input                - Clearing active input actions
02:13:38.594 [JavaFX Application Thread] DEBUG GameApplicationServi - Removing overlay from GameMenu and adding to GameScene
02:13:38.595 [JavaFX Application Thread] DEBUG PrimaryStageWindow   - GameScene <- GameMenu
02:13:39.247 [JavaFX Application Thread] DEBUG PrimaryStageWindow   - Push state: GameMenu
02:13:39.247 [JavaFX Application Thread] DEBUG Input                - Clearing active input actions
02:13:39.248 [JavaFX Application Thread] DEBUG GameApplicationServi - Removing overlay from GameScene and adding to GameMenu
02:13:39.251 [JavaFX Application Thread] DEBUG PrimaryStageWindow   - GameScene -> GameMenu
02:13:40.225 [JavaFX Application Thread] DEBUG Menu                 - fireResume()
02:13:40.225 [JavaFX Application Thread] DEBUG PrimaryStageWindow   - Pop state: GameMenu
02:13:40.226 [JavaFX Application Thread] DEBUG Input                - Clearing active input actions
02:13:40.226 [JavaFX Application Thread] DEBUG GameApplicationServi - Removing overlay from GameMenu and adding to GameScene
02:13:40.227 [JavaFX Application Thread] DEBUG PrimaryStageWindow   - GameScene <- GameMenu
02:13:40.470 [JavaFX Application Thread] DEBUG PrimaryStageWindow   - Push state: GameMenu
02:13:40.470 [JavaFX Application Thread] DEBUG Input                - Clearing active input actions
02:13:40.470 [JavaFX Application Thread] DEBUG GameApplicationServi - Removing overlay from GameScene and adding to GameMenu
02:13:40.471 [JavaFX Application Thread] DEBUG PrimaryStageWindow   - GameScene -> GameMenu
02:13:42.089 [JavaFX Application Thread] DEBUG Menu                 - fireResume()
02:13:42.089 [JavaFX Application Thread] DEBUG PrimaryStageWindow   - Pop state: GameMenu
02:13:42.089 [JavaFX Application Thread] DEBUG Input                - Clearing active input actions
02:13:42.089 [JavaFX Application Thread] DEBUG GameApplicationServi - Removing overlay from GameMenu and adding to GameScene
02:13:42.090 [JavaFX Application Thread] DEBUG PrimaryStageWindow   - GameScene <- GameMenu
02:13:42.455 [JavaFX Application Thread] DEBUG PrimaryStageWindow   - Push state: GameMenu
02:13:42.455 [JavaFX Application Thread] DEBUG Input                - Clearing active input actions
02:13:42.456 [JavaFX Application Thread] DEBUG GameApplicationServi - Removing overlay from GameScene and adding to GameMenu
02:13:42.457 [JavaFX Application Thread] DEBUG PrimaryStageWindow   - GameScene -> GameMenu
02:13:42.776 [JavaFX Application Thread] DEBUG PrimaryStageWindow   - Pop state: GameMenu
02:13:42.776 [JavaFX Application Thread] DEBUG Input                - Clearing active input actions
02:13:42.777 [JavaFX Application Thread] DEBUG GameApplicationServi - Removing overlay from GameMenu and adding to GameScene
02:13:42.778 [JavaFX Application Thread] DEBUG PrimaryStageWindow   - GameScene <- GameMenu
02:13:49.232 [JavaFX Application Thread] DEBUG FXGLApplication      - Exiting FXGL
02:13:49.232 [JavaFX Application Thread] DEBUG LoopRunner           - Stopping loop
02:13:49.232 [JavaFX Application Thread] DEBUG SystemBundleService  - Saving FXGL system data
02:13:49.234 [JavaFX Application Thread] DEBUG FileSystemAccess     - Writing to: E:\space_java\Game\game_datbom\system\fxgl.bundle
02:13:49.236 [JavaFX Application Thread] DEBUG Async                - Shutting down background threads
02:13:49.237 [JavaFX Application Thread] DEBUG PrimaryStageWindow   - Closing main window
02:13:49.256 [JavaFX Application Thread] DEBUG Logger               - Closing Logger
