08:15:16.169 [main                     ] DEBUG Logger               - Configured Logger
08:15:16.171 [main                     ] DEBUG GameApplication      - Logging settings
Title: Basic Game App
Version: 1.0
Width: 480
Height: 320
Fullscreen: false
Intro: false
Profiling: false
Single step:false
App Mode: DEVELOPER
Menu Key: ESCAPE
Stage Style: DECORATED
Scene Factory: class com.almasb.fxgl.app.scene.SceneFactory

08:15:16.526 [JavaFX Application Thread] DEBUG FXGLApplication      - Initializing FXGL
08:15:16.527 [JavaFX Application Thread] INFO  Engine               - FXGL-11.12 (11.12.2020 08.51) on WINDOWS (J:18.0.2.1 FX:15)
08:15:16.527 [JavaFX Application Thread] DEBUG Engine               - JRE Vendor Name: Oracle Corporation
08:15:16.528 [JavaFX Application Thread] DEBUG Engine               - Running on OS: Windows 11 version 10.0
08:15:16.528 [JavaFX Application Thread] DEBUG Engine               - Architecture: amd64
08:15:16.528 [JavaFX Application Thread] INFO  Engine               - Source code and latest versions at: https://github.com/AlmasB/FXGL
08:15:16.528 [JavaFX Application Thread] INFO  Engine               -              Join the FXGL chat at: https://gitter.im/AlmasB/FXGL
08:15:16.627 [JavaFX Application Thread] DEBUG MainWindow           - Creating a JavaFX scene
08:15:16.684 [JavaFX Application Thread] DEBUG MainWindow           - Target settings size: 480.0 x 320.0
08:15:16.684 [JavaFX Application Thread] DEBUG MainWindow           - Scaled scene size:    480.0 x 320.0
08:15:16.684 [JavaFX Application Thread] DEBUG MainWindow           - Scaled ratio: (1.0, 1.0)
08:15:16.685 [JavaFX Application Thread] DEBUG MainWindow           - Set initial scene to StartupScene
08:15:16.693 [JavaFX Application Thread] DEBUG MainWindow           - Opening main window
08:15:16.783 [JavaFX Application Thread] DEBUG MainWindow           - Window border size: (16.0, 39.0)
08:15:16.783 [JavaFX Application Thread] DEBUG MainWindow           - Scaled size: 480.0 x 320.0
08:15:16.783 [JavaFX Application Thread] DEBUG MainWindow           - Scaled ratio: (1.0, 1.0)
08:15:16.783 [JavaFX Application Thread] DEBUG MainWindow           - Scene size: 480.0 x 320.0
08:15:16.783 [JavaFX Application Thread] DEBUG MainWindow           - Stage size: 496.0 x 359.0
08:15:16.790 [FXGL Background Thread 1 ] DEBUG Engine               - Initializing environment variables
08:15:16.857 [FXGL Background Thread 1 ] DEBUG GameApplicationServi - Applying CSS: fxgl_dark.css
08:15:16.857 [FXGL Background Thread 1 ] DEBUG FXGLAssetLoaderServi - Loading from file system: /assets/ui/css/fxgl_dark.css
08:15:16.907 [FXGL Background Thread 1 ] DEBUG GameApplicationServi - Initializing application scenes
08:15:16.943 [FXGL Background Thread 1 ] DEBUG GameWorld            - Game world initialized
08:15:17.002 [FXGL Background Thread 1 ] DEBUG PhysicsWorld         - Physics world initialized: appHeight=320, physics.ppm=50.0
08:15:17.004 [FXGL Background Thread 1 ] DEBUG GameScene            - Game scene initialized: 480x320
08:15:17.028 [FXGL Background Thread 1 ] DEBUG FXGLAssetLoaderServi - Loading from file system: /assets/textures/particles/trace_horizontal.png
08:15:17.080 [FXGL Background Thread 1 ] WARN  FXGL.DefaultMenu     - FXGLDefaultMenu is not designed for resolutions < 800x600
08:15:17.080 [FXGL Background Thread 1 ] DEBUG FXGL.DefaultMenu     - createMenuBodyGameMenu()
08:15:17.102 [FXGL Background Thread 1 ] DEBUG FXGL.DefaultMenu     - createOptionsMenu()
08:15:17.109 [FXGL Background Thread 1 ] DEBUG FXGLAssetLoaderServi - Loading from file system: /assets/textures/particles/smoke.png
08:15:17.184 [FXGL Background Thread 1 ] DEBUG GameApplicationServi - Application scenes initialized
08:15:17.194 [FXGL Background Thread 1 ] DEBUG SystemBundleService  - Loading FXGL system data
08:15:17.198 [FXGL Background Thread 1 ] DEBUG FileSystemAccess     - Reading from: E:\space_java\game_datbom\system\fxgl.bundle
08:15:17.205 [FXGL Background Thread 1 ] DEBUG SystemBundleService  - Bundle FXGL: {}
08:15:17.205 [FXGL Background Thread 1 ] DEBUG UpdaterService       - Checking for updates
08:15:17.239 [FXGL Background Thread 1 ] DEBUG FXGLApplication      - Loading default localization
08:15:17.239 [FXGL Background Thread 1 ] DEBUG FXGLAssetLoaderServi - Loading from file system: /assets/languages/english.lang
08:15:17.243 [FXGL Background Thread 4 ] DEBUG FXGLApplication      - Loading fonts
08:15:17.244 [FXGL Background Thread 4 ] DEBUG FXGLAssetLoaderServi - Loading from file system: /assets/ui/fonts/VarelaRound-Regular.ttf
08:15:17.259 [FXGL Background Thread 1 ] INFO  FXGLApplication      - FXGL initialization took: 0.469 sec
08:15:17.272 [JavaFX Application Thread] DEBUG Input                - Registered new binding: action0 - F
08:15:17.273 [JavaFX Application Thread] DEBUG Input                - Registered new binding: Right - D
08:15:17.273 [JavaFX Application Thread] DEBUG Input                - Registered new binding: Left - A
08:15:17.273 [JavaFX Application Thread] DEBUG Input                - Registered new binding: Up - W
08:15:17.273 [JavaFX Application Thread] DEBUG Input                - Registered new binding: Down - S
08:15:17.273 [JavaFX Application Thread] DEBUG FXGLAssetLoaderServi - Loading from file system: /assets/textures/icon/icon.png
08:15:17.321 [JavaFX Application Thread] DEBUG FXGLAssetLoaderServi - Loading from file system: /assets/ui/cursors/fxgl_default.png
08:15:17.325 [JavaFX Application Thread] DEBUG Input                - Registered new binding: Screenshot - P
08:15:17.325 [JavaFX Application Thread] DEBUG Input                - Registered new binding: Dev Options - 1
08:15:17.326 [JavaFX Application Thread] DEBUG Input                - Registered new binding: Dev Console - 2
08:15:17.326 [JavaFX Application Thread] DEBUG Input                - Registered new binding: System info dump - CTRL+9
08:15:17.327 [JavaFX Application Thread] DEBUG Input                - Registered new binding: Restart - CTRL+R
08:15:17.328 [JavaFX Application Thread] DEBUG Input                - Registered new binding: Toggle Debug Camera - CTRL+C
08:15:17.331 [JavaFX Application Thread] DEBUG LoopRunner           - Starting loop
08:15:17.334 [FXGL Background Thread 4 ] DEBUG FXGLAssetLoaderServi - Loading from file system: /assets/ui/fonts/Abel-Regular.ttf
08:15:17.348 [JavaFX Application Thread] DEBUG GameApplicationServi - Starting new game
08:15:17.349 [JavaFX Application Thread] DEBUG Input                - Clearing active input actions
08:15:17.352 [FXGL Background Thread 4 ] DEBUG FXGLAssetLoaderServi - Loading from file system: /assets/ui/fonts/lucida_console.ttf
08:15:17.357 [FXGL Background Thread 4 ] DEBUG FXGLAssetLoaderServi - Loading from file system: /assets/ui/fonts/Courier-Prime.ttf
08:15:17.362 [JavaFX Application Thread] DEBUG GameApplicationServi - Removing overlay from StartupScene and adding to FXGLLoadingScene
08:15:17.366 [JavaFX Application Thread] DEBUG MainWindow           - StartupScene -> FXGLLoadingScene
08:15:17.366 [JavaFX Application Thread] DEBUG GameApplicationServi - Clearing previous game
08:15:17.366 [JavaFX Application Thread] DEBUG GameScene            - Clearing game scene
08:15:17.366 [JavaFX Application Thread] DEBUG GameWorld            - Clearing game world
08:15:17.367 [JavaFX Application Thread] DEBUG PhysicsWorld         - Clearing physics world
08:15:17.368 [FXGL Background Thread 4 ] DEBUG FXGLApplication      - Initializing game
08:15:17.382 [FXGL Background Thread 4 ] DEBUG FXGLAssetLoaderServi - Loading from file system: /assets/textures/character/gold_player_up.png
08:15:17.386 [FXGL Background Thread 4 ] DEBUG FXGLAssetLoaderServi - Loading from file system: /assets/textures/character/gold_player_down.png
08:15:17.388 [FXGL Background Thread 4 ] DEBUG FXGLAssetLoaderServi - Loading from cache: /assets/textures/character/gold_player_up.png
08:15:17.388 [FXGL Background Thread 4 ] DEBUG FXGLAssetLoaderServi - Loading from cache: /assets/textures/character/gold_player_down.png
08:15:17.388 [FXGL Background Thread 4 ] DEBUG FXGLAssetLoaderServi - Loading from file system: /assets/textures/character/gold_player_left.png
08:15:17.390 [FXGL Background Thread 4 ] DEBUG FXGLAssetLoaderServi - Loading from cache: /assets/textures/character/gold_player_left.png
08:15:17.390 [FXGL Background Thread 4 ] DEBUG FXGLAssetLoaderServi - Loading from file system: /assets/textures/character/gold_player_right.png
08:15:17.393 [FXGL Background Thread 4 ] DEBUG FXGLAssetLoaderServi - Loading from cache: /assets/textures/character/gold_player_right.png
08:15:17.413 [FXGL Background Thread 4 ] DEBUG FXGLAssetLoaderServi - Loading from file system: /assets/textures/brick.png
08:15:17.413 [FXGL Background Thread 4 ] WARN  FXGLAssetLoaderServi - Failed to load texture brick.png Error: java.lang.IllegalArgumentException: Asset "/assets/textures/brick.png" was not found!
08:15:17.596 [JavaFX Application Thread] DEBUG FXGLApplication      - Registering font factories with UI factory
08:15:17.759 [FXGL Background Thread 4 ] INFO  FXGLApplication      - Game initialization took: 0.391 sec
08:15:17.775 [JavaFX Application Thread] DEBUG Input                - Clearing active input actions
08:15:17.785 [JavaFX Application Thread] DEBUG GameApplicationServi - Removing overlay from FXGLLoadingScene and adding to GameScene
08:15:17.789 [JavaFX Application Thread] DEBUG MainWindow           - FXGLLoadingScene -> GameScene
08:15:18.579 [FXGL Background Thread 2 ] INFO  UpdaterService       - Your current version:  11.12
08:15:18.579 [FXGL Background Thread 2 ] INFO  UpdaterService       - Latest stable version: 17.2
08:15:19.982 [JavaFX Application Thread] DEBUG FXGLApplication      - Exiting FXGL
08:15:19.983 [JavaFX Application Thread] DEBUG LoopRunner           - Stopping loop
08:15:19.983 [JavaFX Application Thread] DEBUG SystemBundleService  - Saving FXGL system data
08:15:19.988 [JavaFX Application Thread] DEBUG FileSystemAccess     - Writing to: E:\space_java\game_datbom\system\fxgl.bundle
08:15:19.993 [JavaFX Application Thread] DEBUG Async                - Shutting down background threads
08:15:19.993 [JavaFX Application Thread] DEBUG MainWindow           - Closing main window
08:15:20.020 [JavaFX Application Thread] DEBUG Logger               - Closing Logger
