03:14:48.242 [main                     ] DEBUG Logger               - Configured Logger
03:14:48.256 [main                     ] DEBUG GameApplication      - Logging settings
Title: Bomberman
Version: 1.0
Width: 1280
Height: 800
Fullscreen: false
Intro: false
Profiling: false
Single step:false
App Mode: DEVELOPER
Menu Key: ESCAPE
Stage Style: DECORATED
Scene Factory: class hellofx.Main$1

03:14:48.370 [JavaFX Application Thread] DEBUG FXGLApplication      - Initializing FXGL
03:14:48.377 [JavaFX Application Thread] INFO  Engine               - FXGL-17.1 (24.03.2022 17.34) on WINDOWS (J:18.0.2.1 FX:18)
03:14:48.377 [JavaFX Application Thread] DEBUG Engine               - JRE Vendor Name: Oracle Corporation
03:14:48.377 [JavaFX Application Thread] DEBUG Engine               - Running on OS: Windows 11 version 10.0
03:14:48.378 [JavaFX Application Thread] DEBUG Engine               - Architecture: amd64
03:14:48.378 [JavaFX Application Thread] INFO  Engine               - Source code and latest versions at: https://github.com/AlmasB/FXGL
03:14:48.378 [JavaFX Application Thread] INFO  Engine               -       Ask questions and discuss at: https://github.com/AlmasB/FXGL/discussions
03:14:48.378 [JavaFX Application Thread] INFO  Engine               -              Join the FXGL chat at: https://gitter.im/AlmasB/FXGL
03:14:48.427 [JavaFX Application Thread] DEBUG PrimaryStageWindow   - Creating a JavaFX scene
03:14:48.468 [JavaFX Application Thread] DEBUG PrimaryStageWindow   - Target settings size: 1280.0 x 800.0
03:14:48.469 [JavaFX Application Thread] DEBUG PrimaryStageWindow   - Scaled scene size:    1280.0 x 800.0
03:14:48.469 [JavaFX Application Thread] DEBUG PrimaryStageWindow   - Scaled ratio: (1.0, 1.0)
03:14:48.470 [JavaFX Application Thread] DEBUG PrimaryStageWindow   - Set initial scene to FXGLStartupScene
03:14:48.479 [JavaFX Application Thread] DEBUG PrimaryStageWindow   - Opening main window
03:14:48.566 [JavaFX Application Thread] DEBUG PrimaryStageWindow   - Window border size: (16.0, 39.0)
03:14:48.566 [JavaFX Application Thread] DEBUG PrimaryStageWindow   - Scaled size: 1280.0 x 800.0
03:14:48.566 [JavaFX Application Thread] DEBUG PrimaryStageWindow   - Scaled ratio: (1.0, 1.0)
03:14:48.568 [JavaFX Application Thread] DEBUG PrimaryStageWindow   - Scene size: 1280.0 x 800.0
03:14:48.568 [JavaFX Application Thread] DEBUG PrimaryStageWindow   - Stage size: 1296.0 x 839.0
03:14:48.579 [FXGL Background Thread 1 ] DEBUG Engine               - Initializing environment variables
03:14:48.652 [FXGL Background Thread 1 ] DEBUG FXGLAssetLoaderServi - User app class for loading assets: class hellofx.Main
03:14:48.652 [FXGL Background Thread 1 ] DEBUG GameApplicationServi - Applying CSS: fxgl_dark.css
03:14:48.654 [FXGL Background Thread 1 ] DEBUG FXGLAssetLoaderServi - Loading from file system: jar:file:/C:/Users/chaum/.m2/repository/com/github/almasb/fxgl/17.1/fxgl-17.1.jar!/fxglassets/ui/css/fxgl_dark.css
03:14:48.698 [FXGL Background Thread 1 ] DEBUG GameApplicationServi - Initializing application scenes
03:14:48.742 [FXGL Background Thread 1 ] DEBUG GameWorld            - Game world initialized
03:14:48.793 [FXGL Background Thread 1 ] DEBUG PhysicsWorld         - Physics world initialized: appHeight=800, physics.ppm=50.0
03:14:48.793 [FXGL Background Thread 1 ] DEBUG PhysicsWorld         - Using strategy: BRUTE_FORCE
03:14:48.797 [FXGL Background Thread 1 ] DEBUG GameScene            - Game scene initialized: 1280x800
03:14:48.871 [FXGL Background Thread 1 ] DEBUG GameApplicationServi - Application scenes initialized
03:14:48.890 [FXGL Background Thread 1 ] DEBUG SystemBundleService  - Loading FXGL system data
03:14:48.894 [FXGL Background Thread 1 ] DEBUG FileSystemAccess     - Reading from: E:\space_java\Game\game_datbom\system\fxgl.bundle
03:14:48.902 [FXGL Background Thread 1 ] DEBUG SystemBundleService  - Bundle FXGL: {}
03:14:48.902 [FXGL Background Thread 1 ] DEBUG UpdaterService       - Checking for updates
03:14:48.931 [FXGL Background Thread 4 ] DEBUG FXGLApplication      - Loading fonts
03:14:48.932 [FXGL Background Thread 1 ] DEBUG FXGLApplication      - Loading default localization
03:14:48.932 [FXGL Background Thread 4 ] DEBUG FXGLAssetLoaderServi - Loading from file system: jar:file:/C:/Users/chaum/.m2/repository/com/github/almasb/fxgl/17.1/fxgl-17.1.jar!/fxglassets/ui/fonts/VarelaRound-Regular.ttf
03:14:48.932 [FXGL Background Thread 1 ] DEBUG FXGLAssetLoaderServi - Loading from file system: jar:file:/C:/Users/chaum/.m2/repository/com/github/almasb/fxgl/17.1/fxgl-17.1.jar!/fxglassets/languages/english.lang
03:14:48.954 [FXGL Background Thread 1 ] INFO  FXGLApplication      - FXGL initialization took: 0.375 sec
03:14:48.966 [JavaFX Application Thread] DEBUG Input                - Registered new binding: action0 - F
03:14:48.966 [JavaFX Application Thread] DEBUG Input                - Registered new binding: action1 - G
03:14:48.967 [JavaFX Application Thread] DEBUG Input                - Registered new binding: action2 - R
03:14:48.967 [JavaFX Application Thread] DEBUG Input                - Registered new binding: action3 - T
03:14:48.967 [JavaFX Application Thread] DEBUG Input                - Registered new binding: Right - D
03:14:48.967 [JavaFX Application Thread] DEBUG Input                - Registered new binding: Left - A
03:14:48.968 [JavaFX Application Thread] DEBUG Input                - Registered new binding: Up - W
03:14:48.968 [JavaFX Application Thread] DEBUG Input                - Registered new binding: Down - S
03:14:48.968 [JavaFX Application Thread] DEBUG Input                - Registered new binding: Place boom - Space
03:14:48.968 [JavaFX Application Thread] DEBUG FXGLAssetLoaderServi - Loading from file system: file:/E:/space_java/Game/game_datbom/target/classes/assets/textures/icon/icon.png
03:14:49.008 [FXGL Background Thread 4 ] DEBUG FXGLAssetLoaderServi - Loading from file system: jar:file:/C:/Users/chaum/.m2/repository/com/github/almasb/fxgl/17.1/fxgl-17.1.jar!/fxglassets/ui/fonts/Abel-Regular.ttf
03:14:49.013 [FXGL Background Thread 4 ] DEBUG FXGLAssetLoaderServi - Loading from file system: jar:file:/C:/Users/chaum/.m2/repository/com/github/almasb/fxgl/17.1/fxgl-17.1.jar!/fxglassets/ui/fonts/TerminalLandMono-Regular.otf
03:14:49.016 [FXGL Background Thread 4 ] DEBUG FXGLAssetLoaderServi - Loading from file system: jar:file:/C:/Users/chaum/.m2/repository/com/github/almasb/fxgl/17.1/fxgl-17.1.jar!/fxglassets/ui/fonts/Courier-Prime.ttf
03:14:49.027 [JavaFX Application Thread] DEBUG FXGLAssetLoaderServi - Loading from file system: file:/E:/space_java/Game/game_datbom/target/classes/assets/textures/cursor/cursor1.png
03:14:49.036 [JavaFX Application Thread] DEBUG Input                - Registered new binding: Screenshot - CTRL+8
03:14:49.037 [JavaFX Application Thread] DEBUG Input                - Registered new binding: Dev Options - 1
03:14:49.038 [JavaFX Application Thread] DEBUG Input                - Registered new binding: Dev Console - 2
03:14:49.038 [JavaFX Application Thread] DEBUG Input                - Registered new binding: System info dump - CTRL+9
03:14:49.038 [JavaFX Application Thread] DEBUG Input                - Registered new binding: Restart - CTRL+R
03:14:49.039 [JavaFX Application Thread] DEBUG Input                - Registered new binding: Toggle Debug Camera - CTRL+7
03:14:49.041 [JavaFX Application Thread] DEBUG LoopRunner           - Starting loop
03:14:49.057 [JavaFX Application Thread] DEBUG LoopRunner           - Initializing JavaFX AnimationTimerLoop
03:14:49.060 [JavaFX Application Thread] DEBUG Input                - Clearing active input actions
03:14:49.067 [JavaFX Application Thread] DEBUG GameApplicationServi - Removing overlay from FXGLStartupScene and adding to FXGLMainMenuDummyScene
03:14:49.070 [JavaFX Application Thread] DEBUG PrimaryStageWindow   - FXGLStartupScene -> FXGLMainMenuDummyScene
03:14:49.071 [JavaFX Application Thread] DEBUG PrimaryStageWindow   - Push state: MainMenu
03:14:49.071 [JavaFX Application Thread] DEBUG Input                - Clearing active input actions
03:14:49.076 [JavaFX Application Thread] DEBUG GameApplicationServi - Removing overlay from FXGLMainMenuDummyScene and adding to MainMenu
03:14:49.077 [JavaFX Application Thread] DEBUG PrimaryStageWindow   - FXGLMainMenuDummyScene -> MainMenu
03:14:49.085 [JavaFX Application Thread] DEBUG FXGLApplication      - Registering font factories with UI factory
03:14:49.939 [FXGL Background Thread 2 ] INFO  UpdaterService       - Your current version:  17.1
03:14:49.940 [FXGL Background Thread 2 ] INFO  UpdaterService       - Latest stable version: 17.2
03:14:50.087 [JavaFX Application Thread] DEBUG Menu                 - fireNewGame()
03:14:50.087 [JavaFX Application Thread] DEBUG GameApplicationServi - Starting new game
03:14:50.087 [JavaFX Application Thread] DEBUG PrimaryStageWindow   - Pop state: MainMenu
03:14:50.087 [JavaFX Application Thread] DEBUG Input                - Clearing active input actions
03:14:50.088 [JavaFX Application Thread] DEBUG GameApplicationServi - Removing overlay from MainMenu and adding to FXGLMainMenuDummyScene
03:14:50.091 [JavaFX Application Thread] DEBUG PrimaryStageWindow   - FXGLMainMenuDummyScene <- MainMenu
03:14:50.091 [JavaFX Application Thread] DEBUG Input                - Clearing active input actions
03:14:50.099 [JavaFX Application Thread] DEBUG GameApplicationServi - Removing overlay from FXGLMainMenuDummyScene and adding to FXGLLoadingScene
03:14:50.100 [JavaFX Application Thread] DEBUG PrimaryStageWindow   - FXGLMainMenuDummyScene -> FXGLLoadingScene
03:14:50.100 [JavaFX Application Thread] DEBUG GameApplicationServi - Clearing previous game
03:14:50.100 [JavaFX Application Thread] DEBUG GameScene            - Clearing game scene
03:14:50.100 [JavaFX Application Thread] DEBUG GameWorld            - Clearing game world
03:14:50.100 [JavaFX Application Thread] DEBUG PhysicsWorld         - Clearing physics world
03:14:50.103 [FXGL Background Thread 2 ] DEBUG FXGLApplication      - Initializing game
03:14:50.131 [FXGL Background Thread 2 ] DEBUG FXGLAssetLoaderServi - Loading from file system: file:/E:/space_java/Game/game_datbom/target/classes/assets/textures/mapTexture/grass.png
03:14:50.141 [FXGL Background Thread 2 ] DEBUG FXGLAssetLoaderServi - Loading from file system: file:/E:/space_java/Game/game_datbom/target/classes/assets/textures/mapTexture/wall2.png
03:14:50.384 [FXGL Background Thread 2 ] DEBUG FXGLAssetLoaderServi - Loading from file system: file:/E:/space_java/Game/game_datbom/target/classes/assets/textures/enemy/balloon36.png
03:14:50.419 [FXGL Background Thread 2 ] DEBUG FXGLAssetLoaderServi - Loading from file system: file:/E:/space_java/Game/game_datbom/target/classes/assets/textures/character/gold_player_dead.png
03:14:50.424 [FXGL Background Thread 2 ] DEBUG FXGLAssetLoaderServi - Loading from file system: file:/E:/space_java/Game/game_datbom/target/classes/assets/textures/character/gold_player_down.png
03:14:50.426 [FXGL Background Thread 2 ] DEBUG FXGLAssetLoaderServi - Loading from file system: file:/E:/space_java/Game/game_datbom/target/classes/assets/textures/character/gold_player_up.png
03:14:50.428 [FXGL Background Thread 2 ] DEBUG FXGLAssetLoaderServi - Loading from file system: file:/E:/space_java/Game/game_datbom/target/classes/assets/textures/character/gold_player_left_temp.png
03:14:50.430 [FXGL Background Thread 2 ] DEBUG FXGLAssetLoaderServi - Loading from file system: file:/E:/space_java/Game/game_datbom/target/classes/assets/textures/character/gold_player_right_temp.png
03:14:50.434 [FXGL Background Thread 2 ] INFO  FXGLApplication      - Game initialization took: 0.331 sec
03:14:50.441 [JavaFX Application Thread] DEBUG Input                - Clearing active input actions
03:14:50.456 [JavaFX Application Thread] DEBUG GameApplicationServi - Removing overlay from FXGLLoadingScene and adding to GameScene
03:14:50.459 [JavaFX Application Thread] DEBUG PrimaryStageWindow   - FXGLLoadingScene -> GameScene
03:14:51.931 [FXGL Background Thread 3 ] DEBUG Engine               - Logging environment variables
03:14:51.931 [FXGL Background Thread 3 ] DEBUG Engine               - achievements: []
03:14:51.931 [FXGL Background Thread 3 ] DEBUG Engine               - actualHeight: 800.0
03:14:51.931 [FXGL Background Thread 3 ] DEBUG Engine               - actualHeightProperty: ReadOnlyDoubleProperty [value: 800.0]
03:14:51.931 [FXGL Background Thread 3 ] DEBUG Engine               - actualWidth: 1280.0
03:14:51.932 [FXGL Background Thread 3 ] DEBUG Engine               - actualWidthProperty: ReadOnlyDoubleProperty [value: 1280.0]
03:14:51.932 [FXGL Background Thread 3 ] DEBUG Engine               - appIcon: icon/icon.png
03:14:51.932 [FXGL Background Thread 3 ] DEBUG Engine               - applicationMode: DEVELOPER
03:14:51.932 [FXGL Background Thread 3 ] DEBUG Engine               - cSSList: [fxgl_dark.css]
03:14:51.932 [FXGL Background Thread 3 ] DEBUG Engine               - collisionDetectionStrategy: BRUTE_FORCE
03:14:51.932 [FXGL Background Thread 3 ] DEBUG Engine               - configClass: Optional.empty
03:14:51.932 [FXGL Background Thread 3 ] DEBUG Engine               - credits: []
03:14:51.933 [FXGL Background Thread 3 ] DEBUG Engine               - defaultCursor: CursorInfo(imageName=cursor/cursor1.png, hotspotX=0.0, hotspotY=0.0)
03:14:51.933 [FXGL Background Thread 3 ] DEBUG Engine               - devBBoxColorProperty: ObjectProperty [value: 0xff0000ff]
03:14:51.933 [FXGL Background Thread 3 ] DEBUG Engine               - devEnableDebugCameraProperty: BooleanProperty [value: false]
03:14:51.933 [FXGL Background Thread 3 ] DEBUG Engine               - devSensorColorProperty: ObjectProperty [value: 0xffff00ff]
03:14:51.933 [FXGL Background Thread 3 ] DEBUG Engine               - devShowBBoxProperty: BooleanProperty [value: false]
03:14:51.933 [FXGL Background Thread 3 ] DEBUG Engine               - devShowPositionProperty: BooleanProperty [value: false]
03:14:51.933 [FXGL Background Thread 3 ] DEBUG Engine               - enabledMenuItems: []
03:14:51.934 [FXGL Background Thread 3 ] DEBUG Engine               - engineServices: [class com.almasb.fxgl.app.services.FXGLAssetLoaderService, class com.almasb.fxgl.app.FXGLApplication$GameApplicationService, class com.almasb.fxgl.app.services.FXGLDialogService, class com.almasb.fxgl.app.services.IOTaskExecutorService, class com.almasb.fxgl.io.FileSystemService, class com.almasb.fxgl.localization.LocalizationService, class com.almasb.fxgl.app.services.SystemBundleService, class com.almasb.fxgl.profile.SaveLoadService, class com.almasb.fxgl.ui.FXGLUIFactoryServiceProvider, class com.almasb.fxgl.ui.FXGLDialogFactoryServiceProvider, class com.almasb.fxgl.audio.AudioPlayer, class com.almasb.fxgl.notification.impl.NotificationServiceProvider, class com.almasb.fxgl.achievement.AchievementService, class com.almasb.fxgl.cutscene.CutsceneService, class com.almasb.fxgl.minigames.MiniGameService, class com.almasb.fxgl.net.NetService, class com.almasb.fxgl.app.services.UpdaterService, class com.almasb.fxgl.dev.DevService]
03:14:51.934 [FXGL Background Thread 3 ] DEBUG Engine               - fontGame: Abel-Regular.ttf
03:14:51.934 [FXGL Background Thread 3 ] DEBUG Engine               - fontMono: TerminalLandMono-Regular.otf
03:14:51.934 [FXGL Background Thread 3 ] DEBUG Engine               - fontText: Courier-Prime.ttf
03:14:51.934 [FXGL Background Thread 3 ] DEBUG Engine               - fontUI: VarelaRound-Regular.ttf
03:14:51.934 [FXGL Background Thread 3 ] DEBUG Engine               - fullScreen: BooleanProperty [value: false]
03:14:51.934 [FXGL Background Thread 3 ] DEBUG Engine               - gameDifficulty: MEDIUM
03:14:51.934 [FXGL Background Thread 3 ] DEBUG Engine               - gameDifficultyProperty: ObjectProperty [value: MEDIUM]
03:14:51.934 [FXGL Background Thread 3 ] DEBUG Engine               - globalMusicVolume: 0.5
03:14:51.934 [FXGL Background Thread 3 ] DEBUG Engine               - globalMusicVolumeProperty: DoubleProperty [value: 0.5]
03:14:51.934 [FXGL Background Thread 3 ] DEBUG Engine               - globalSoundVolume: 0.5
03:14:51.934 [FXGL Background Thread 3 ] DEBUG Engine               - globalSoundVolumeProperty: DoubleProperty [value: 0.5]
03:14:51.934 [FXGL Background Thread 3 ] DEBUG Engine               - height: 800
03:14:51.934 [FXGL Background Thread 3 ] DEBUG Engine               - is3D: false
03:14:51.934 [FXGL Background Thread 3 ] DEBUG Engine               - isAndroid: false
03:14:51.934 [FXGL Background Thread 3 ] DEBUG Engine               - isBrowser: false
03:14:51.934 [FXGL Background Thread 3 ] DEBUG Engine               - isClickFeedbackEnabled: false
03:14:51.935 [FXGL Background Thread 3 ] DEBUG Engine               - isCloseConfirmation: false
03:14:51.935 [FXGL Background Thread 3 ] DEBUG Engine               - isDesktop: true
03:14:51.935 [FXGL Background Thread 3 ] DEBUG Engine               - isDeveloperMenuEnabled: true
03:14:51.935 [FXGL Background Thread 3 ] DEBUG Engine               - isEmbedded: false
03:14:51.935 [FXGL Background Thread 3 ] DEBUG Engine               - isEntityPreloadEnabled: true
03:14:51.935 [FXGL Background Thread 3 ] DEBUG Engine               - isExperimentalTiledLargeMap: false
03:14:51.935 [FXGL Background Thread 3 ] DEBUG Engine               - isFileSystemWriteAllowed: true
03:14:51.935 [FXGL Background Thread 3 ] DEBUG Engine               - isFullScreenAllowed: false
03:14:51.935 [FXGL Background Thread 3 ] DEBUG Engine               - isFullScreenFromStart: false
03:14:51.935 [FXGL Background Thread 3 ] DEBUG Engine               - isGameMenuEnabled: true
03:14:51.935 [FXGL Background Thread 3 ] DEBUG Engine               - isIOS: false
03:14:51.935 [FXGL Background Thread 3 ] DEBUG Engine               - isIntroEnabled: false
03:14:51.935 [FXGL Background Thread 3 ] DEBUG Engine               - isLinux: false
03:14:51.935 [FXGL Background Thread 3 ] DEBUG Engine               - isMac: false
03:14:51.935 [FXGL Background Thread 3 ] DEBUG Engine               - isMainMenuEnabled: true
03:14:51.935 [FXGL Background Thread 3 ] DEBUG Engine               - isManualResizeEnabled: false
03:14:51.935 [FXGL Background Thread 3 ] DEBUG Engine               - isMobile: false
03:14:51.935 [FXGL Background Thread 3 ] DEBUG Engine               - isNative: false
03:14:51.936 [FXGL Background Thread 3 ] DEBUG Engine               - isPauseMusicWhenMinimized: true
03:14:51.936 [FXGL Background Thread 3 ] DEBUG Engine               - isPreserveResizeRatio: false
03:14:51.936 [FXGL Background Thread 3 ] DEBUG Engine               - isProfilingEnabled: false
03:14:51.936 [FXGL Background Thread 3 ] DEBUG Engine               - isScaleAffectedOnResize: true
03:14:51.936 [FXGL Background Thread 3 ] DEBUG Engine               - isSingleStep: false
03:14:51.936 [FXGL Background Thread 3 ] DEBUG Engine               - isUserProfileEnabled: false
03:14:51.936 [FXGL Background Thread 3 ] DEBUG Engine               - isWindows: true
03:14:51.936 [FXGL Background Thread 3 ] DEBUG Engine               - language: ObjectProperty [value: ENGLISH]
03:14:51.936 [FXGL Background Thread 3 ] DEBUG Engine               - menuKey: ESCAPE
03:14:51.936 [FXGL Background Thread 3 ] DEBUG Engine               - mouseSensitivity: 0.2
03:14:51.936 [FXGL Background Thread 3 ] DEBUG Engine               - notificationViewClass: class com.almasb.fxgl.notification.view.XboxNotificationView
03:14:51.936 [FXGL Background Thread 3 ] DEBUG Engine               - pixelsPerMeter: 50.0
03:14:51.936 [FXGL Background Thread 3 ] DEBUG Engine               - platform: WINDOWS
03:14:51.937 [FXGL Background Thread 3 ] DEBUG Engine               - prefHeightProperty: ReadOnlyDoubleProperty [value: 800.0]
03:14:51.937 [FXGL Background Thread 3 ] DEBUG Engine               - prefWidthProperty: ReadOnlyDoubleProperty [value: 1280.0]
03:14:51.937 [FXGL Background Thread 3 ] DEBUG Engine               - profileDir: profiles/
03:14:51.937 [FXGL Background Thread 3 ] DEBUG Engine               - profileName: StringProperty [value: DEFAULT]
03:14:51.937 [FXGL Background Thread 3 ] DEBUG Engine               - randomSeed: -1
03:14:51.938 [FXGL Background Thread 3 ] DEBUG Engine               - runtimeInfo: RuntimeInfo(platform=WINDOWS, version=17.1, build=24.03.2022 17.34)
03:14:51.939 [FXGL Background Thread 3 ] DEBUG Engine               - saveFileExt: sav
03:14:51.939 [FXGL Background Thread 3 ] DEBUG Engine               - scaledHeightProp$fxgl: DoubleProperty [bound, value: 800.0]
03:14:51.939 [FXGL Background Thread 3 ] DEBUG Engine               - scaledWidthProp$fxgl: DoubleProperty [bound, value: 1280.0]
03:14:51.939 [FXGL Background Thread 3 ] DEBUG Engine               - sceneFactory: hellofx.Main$1@41f94c91
03:14:51.939 [FXGL Background Thread 3 ] DEBUG Engine               - secondsIn24h: 60
03:14:51.939 [FXGL Background Thread 3 ] DEBUG Engine               - soundMenuBack: menu/back.wav
03:14:51.939 [FXGL Background Thread 3 ] DEBUG Engine               - soundMenuPress: menu/press.wav
03:14:51.939 [FXGL Background Thread 3 ] DEBUG Engine               - soundMenuSelect: menu/select.wav
03:14:51.939 [FXGL Background Thread 3 ] DEBUG Engine               - soundNotification: core/notification.wav
03:14:51.939 [FXGL Background Thread 3 ] DEBUG Engine               - stageStyle: DECORATED
03:14:51.940 [FXGL Background Thread 3 ] DEBUG Engine               - supportedLanguages: [ENGLISH, FRENCH, GERMAN, HUNGARIAN, RUSSIAN]
03:14:51.940 [FXGL Background Thread 3 ] DEBUG Engine               - ticksPerSecond: -1
03:14:51.940 [FXGL Background Thread 3 ] DEBUG Engine               - title: Bomberman
03:14:51.940 [FXGL Background Thread 3 ] DEBUG Engine               - urlGithub: https://github.com/AlmasB/FXGL
03:14:51.940 [FXGL Background Thread 3 ] DEBUG Engine               - urlLeaderboard: http://fxgl-top.herokuapp.com/
03:14:51.940 [FXGL Background Thread 3 ] DEBUG Engine               - urlPOM: https://raw.githubusercontent.com/AlmasB/FXGL/release/README.md
03:14:51.940 [FXGL Background Thread 3 ] DEBUG Engine               - userAppClass: class hellofx.Main
03:14:51.940 [FXGL Background Thread 3 ] DEBUG Engine               - version: 1.0
03:14:51.940 [FXGL Background Thread 3 ] DEBUG Engine               - versionCheckDays: 7
03:14:51.940 [FXGL Background Thread 3 ] DEBUG Engine               - width: 1280
03:14:51.940 [FXGL Background Thread 3 ] DEBUG Engine               - Logging services
03:14:51.940 [FXGL Background Thread 3 ] DEBUG Engine               - class com.almasb.fxgl.app.services.FXGLAssetLoaderService
03:14:51.940 [FXGL Background Thread 3 ] DEBUG Engine               - class com.almasb.fxgl.app.FXGLApplication$GameApplicationService
03:14:51.940 [FXGL Background Thread 3 ] DEBUG Engine               - class com.almasb.fxgl.app.services.FXGLDialogService
03:14:51.940 [FXGL Background Thread 3 ] DEBUG Engine               - class com.almasb.fxgl.app.services.IOTaskExecutorService
03:14:51.940 [FXGL Background Thread 3 ] DEBUG Engine               - class com.almasb.fxgl.io.FileSystemService
03:14:51.940 [FXGL Background Thread 3 ] DEBUG Engine               - class com.almasb.fxgl.localization.LocalizationService
03:14:51.940 [FXGL Background Thread 3 ] DEBUG Engine               - class com.almasb.fxgl.app.services.SystemBundleService
03:14:51.940 [FXGL Background Thread 3 ] DEBUG Engine               - class com.almasb.fxgl.profile.SaveLoadService
03:14:51.940 [FXGL Background Thread 3 ] DEBUG Engine               - class com.almasb.fxgl.ui.FXGLUIFactoryServiceProvider
03:14:51.940 [FXGL Background Thread 3 ] DEBUG Engine               - class com.almasb.fxgl.ui.FXGLDialogFactoryServiceProvider
03:14:51.940 [FXGL Background Thread 3 ] DEBUG Engine               - class com.almasb.fxgl.audio.AudioPlayer
03:14:51.940 [FXGL Background Thread 3 ] DEBUG Engine               - class com.almasb.fxgl.notification.impl.NotificationServiceProvider
03:14:51.940 [FXGL Background Thread 3 ] DEBUG Engine               - class com.almasb.fxgl.achievement.AchievementService
03:14:51.941 [FXGL Background Thread 3 ] DEBUG Engine               - class com.almasb.fxgl.cutscene.CutsceneService
03:14:51.941 [FXGL Background Thread 3 ] DEBUG Engine               - class com.almasb.fxgl.minigames.MiniGameService
03:14:51.941 [FXGL Background Thread 3 ] DEBUG Engine               - class com.almasb.fxgl.net.NetService
03:14:51.941 [FXGL Background Thread 3 ] DEBUG Engine               - class com.almasb.fxgl.app.services.UpdaterService
03:14:51.941 [FXGL Background Thread 3 ] DEBUG Engine               - class com.almasb.fxgl.dev.DevService
03:18:17.346 [JavaFX Application Thread] DEBUG FXGLApplication      - Exiting FXGL
03:18:17.346 [JavaFX Application Thread] DEBUG LoopRunner           - Stopping loop
03:18:17.346 [JavaFX Application Thread] DEBUG SystemBundleService  - Saving FXGL system data
03:18:17.348 [JavaFX Application Thread] DEBUG FileSystemAccess     - Writing to: E:\space_java\Game\game_datbom\system\fxgl.bundle
03:18:17.351 [JavaFX Application Thread] DEBUG Async                - Shutting down background threads
03:18:17.351 [JavaFX Application Thread] DEBUG PrimaryStageWindow   - Closing main window
03:18:17.377 [JavaFX Application Thread] DEBUG Logger               - Closing Logger
