08:20:22.743 [main                     ] DEBUG Logger               - Configured Logger
08:20:22.760 [main                     ] DEBUG GameApplication      - Logging settings
Title: Bomberman
Version: 1.0
Width: 1280
Height: 720
Fullscreen: false
Intro: false
Profiling: false
Single step:false
App Mode: DEVELOPER
Menu Key: ESCAPE
Stage Style: DECORATED
Scene Factory: class hellofx.Main$1

08:20:22.870 [JavaFX Application Thread] DEBUG FXGLApplication      - Initializing FXGL
08:20:22.878 [JavaFX Application Thread] INFO  Engine               - FXGL-17.1 (24.03.2022 17.34) on WINDOWS (J:18.0.2.1 FX:18)
08:20:22.878 [JavaFX Application Thread] DEBUG Engine               - JRE Vendor Name: Oracle Corporation
08:20:22.879 [JavaFX Application Thread] DEBUG Engine               - Running on OS: Windows 11 version 10.0
08:20:22.879 [JavaFX Application Thread] DEBUG Engine               - Architecture: amd64
08:20:22.879 [JavaFX Application Thread] INFO  Engine               - Source code and latest versions at: https://github.com/AlmasB/FXGL
08:20:22.879 [JavaFX Application Thread] INFO  Engine               -       Ask questions and discuss at: https://github.com/AlmasB/FXGL/discussions
08:20:22.879 [JavaFX Application Thread] INFO  Engine               -              Join the FXGL chat at: https://gitter.im/AlmasB/FXGL
08:20:22.930 [JavaFX Application Thread] DEBUG PrimaryStageWindow   - Creating a JavaFX scene
08:20:22.995 [JavaFX Application Thread] DEBUG PrimaryStageWindow   - Target settings size: 1280.0 x 720.0
08:20:22.996 [JavaFX Application Thread] DEBUG PrimaryStageWindow   - Scaled scene size:    1280.0 x 720.0
08:20:22.997 [JavaFX Application Thread] DEBUG PrimaryStageWindow   - Scaled ratio: (1.0, 1.0)
08:20:22.998 [JavaFX Application Thread] DEBUG PrimaryStageWindow   - Set initial scene to FXGLStartupScene
08:20:23.011 [JavaFX Application Thread] DEBUG PrimaryStageWindow   - Opening main window
08:20:23.105 [JavaFX Application Thread] DEBUG PrimaryStageWindow   - Window border size: (16.0, 39.0)
08:20:23.105 [JavaFX Application Thread] DEBUG PrimaryStageWindow   - Scaled size: 1280.0 x 720.0
08:20:23.106 [JavaFX Application Thread] DEBUG PrimaryStageWindow   - Scaled ratio: (1.0, 1.0)
08:20:23.106 [JavaFX Application Thread] DEBUG PrimaryStageWindow   - Scene size: 1280.0 x 720.0
08:20:23.106 [JavaFX Application Thread] DEBUG PrimaryStageWindow   - Stage size: 1296.0 x 759.0
08:20:23.119 [FXGL Background Thread 1 ] DEBUG Engine               - Initializing environment variables
08:20:23.189 [FXGL Background Thread 1 ] DEBUG FXGLAssetLoaderServi - User app class for loading assets: class hellofx.Main
08:20:23.190 [FXGL Background Thread 1 ] DEBUG GameApplicationServi - Applying CSS: fxgl_dark.css
08:20:23.190 [FXGL Background Thread 1 ] DEBUG FXGLAssetLoaderServi - Loading from file system: jar:file:/C:/Users/chaum/.m2/repository/com/github/almasb/fxgl/17.1/fxgl-17.1.jar!/fxglassets/ui/css/fxgl_dark.css
08:20:23.243 [FXGL Background Thread 1 ] DEBUG GameApplicationServi - Initializing application scenes
08:20:23.288 [FXGL Background Thread 1 ] DEBUG GameWorld            - Game world initialized
08:20:23.335 [FXGL Background Thread 1 ] DEBUG PhysicsWorld         - Physics world initialized: appHeight=720, physics.ppm=50.0
08:20:23.335 [FXGL Background Thread 1 ] DEBUG PhysicsWorld         - Using strategy: BRUTE_FORCE
08:20:23.340 [FXGL Background Thread 1 ] DEBUG GameScene            - Game scene initialized: 1280x720
08:20:23.413 [FXGL Background Thread 1 ] DEBUG GameApplicationServi - Application scenes initialized
08:20:23.431 [FXGL Background Thread 1 ] DEBUG SystemBundleService  - Loading FXGL system data
08:20:23.443 [FXGL Background Thread 1 ] DEBUG FileSystemAccess     - Reading from: E:\space_java\Game\game_datbom\system\fxgl.bundle
08:20:23.466 [FXGL Background Thread 1 ] DEBUG SystemBundleService  - Bundle FXGL: {}
08:20:23.467 [FXGL Background Thread 1 ] DEBUG UpdaterService       - Checking for updates
08:20:23.506 [FXGL Background Thread 1 ] DEBUG FXGLApplication      - Loading default localization
08:20:23.506 [FXGL Background Thread 1 ] DEBUG FXGLAssetLoaderServi - Loading from file system: jar:file:/C:/Users/chaum/.m2/repository/com/github/almasb/fxgl/17.1/fxgl-17.1.jar!/fxglassets/languages/english.lang
08:20:23.506 [FXGL Background Thread 4 ] DEBUG FXGLApplication      - Loading fonts
08:20:23.507 [FXGL Background Thread 4 ] DEBUG FXGLAssetLoaderServi - Loading from file system: jar:file:/C:/Users/chaum/.m2/repository/com/github/almasb/fxgl/17.1/fxgl-17.1.jar!/fxglassets/ui/fonts/VarelaRound-Regular.ttf
08:20:23.528 [FXGL Background Thread 1 ] INFO  FXGLApplication      - FXGL initialization took: 0.409 sec
08:20:23.540 [JavaFX Application Thread] DEBUG Input                - Registered new binding: action0 - F
08:20:23.540 [JavaFX Application Thread] DEBUG Input                - Registered new binding: action1 - G
08:20:23.541 [JavaFX Application Thread] DEBUG Input                - Registered new binding: action2 - R
08:20:23.541 [JavaFX Application Thread] DEBUG Input                - Registered new binding: action3 - T
08:20:23.541 [JavaFX Application Thread] DEBUG Input                - Registered new binding: Right - D
08:20:23.542 [JavaFX Application Thread] DEBUG Input                - Registered new binding: Left - A
08:20:23.542 [JavaFX Application Thread] DEBUG Input                - Registered new binding: Up - W
08:20:23.542 [JavaFX Application Thread] DEBUG Input                - Registered new binding: Down - S
08:20:23.542 [JavaFX Application Thread] DEBUG Input                - Registered new binding: Place boom - Space
08:20:23.543 [JavaFX Application Thread] DEBUG FXGLAssetLoaderServi - Loading from file system: file:/E:/space_java/Game/game_datbom/target/classes/assets/textures/icon/icon.png
08:20:23.597 [FXGL Background Thread 4 ] DEBUG FXGLAssetLoaderServi - Loading from file system: jar:file:/C:/Users/chaum/.m2/repository/com/github/almasb/fxgl/17.1/fxgl-17.1.jar!/fxglassets/ui/fonts/Abel-Regular.ttf
08:20:23.601 [FXGL Background Thread 4 ] DEBUG FXGLAssetLoaderServi - Loading from file system: jar:file:/C:/Users/chaum/.m2/repository/com/github/almasb/fxgl/17.1/fxgl-17.1.jar!/fxglassets/ui/fonts/TerminalLandMono-Regular.otf
08:20:23.606 [FXGL Background Thread 4 ] DEBUG FXGLAssetLoaderServi - Loading from file system: jar:file:/C:/Users/chaum/.m2/repository/com/github/almasb/fxgl/17.1/fxgl-17.1.jar!/fxglassets/ui/fonts/Courier-Prime.ttf
08:20:23.607 [JavaFX Application Thread] DEBUG FXGLAssetLoaderServi - Loading from file system: file:/E:/space_java/Game/game_datbom/target/classes/assets/textures/cursor/cursor1.png
08:20:23.618 [JavaFX Application Thread] DEBUG Input                - Registered new binding: Screenshot - CTRL+8
08:20:23.619 [JavaFX Application Thread] DEBUG Input                - Registered new binding: Dev Options - 1
08:20:23.619 [JavaFX Application Thread] DEBUG Input                - Registered new binding: Dev Console - 2
08:20:23.619 [JavaFX Application Thread] DEBUG Input                - Registered new binding: System info dump - CTRL+9
08:20:23.619 [JavaFX Application Thread] DEBUG Input                - Registered new binding: Restart - CTRL+R
08:20:23.621 [JavaFX Application Thread] DEBUG Input                - Registered new binding: Toggle Debug Camera - CTRL+7
08:20:23.625 [JavaFX Application Thread] DEBUG LoopRunner           - Starting loop
08:20:23.641 [JavaFX Application Thread] DEBUG LoopRunner           - Initializing JavaFX AnimationTimerLoop
08:20:23.645 [JavaFX Application Thread] DEBUG Input                - Clearing active input actions
08:20:23.653 [JavaFX Application Thread] DEBUG GameApplicationServi - Removing overlay from FXGLStartupScene and adding to FXGLMainMenuDummyScene
08:20:23.658 [JavaFX Application Thread] DEBUG PrimaryStageWindow   - FXGLStartupScene -> FXGLMainMenuDummyScene
08:20:23.658 [JavaFX Application Thread] DEBUG PrimaryStageWindow   - Push state: MainMenu
08:20:23.658 [JavaFX Application Thread] DEBUG Input                - Clearing active input actions
08:20:23.661 [JavaFX Application Thread] DEBUG GameApplicationServi - Removing overlay from FXGLMainMenuDummyScene and adding to MainMenu
08:20:23.662 [JavaFX Application Thread] DEBUG PrimaryStageWindow   - FXGLMainMenuDummyScene -> MainMenu
08:20:23.662 [JavaFX Application Thread] DEBUG FXGLApplication      - Registering font factories with UI factory
08:20:25.227 [JavaFX Application Thread] DEBUG Menu                 - fireNewGame()
08:20:25.227 [JavaFX Application Thread] DEBUG GameApplicationServi - Starting new game
08:20:25.228 [JavaFX Application Thread] DEBUG PrimaryStageWindow   - Pop state: MainMenu
08:20:25.228 [JavaFX Application Thread] DEBUG Input                - Clearing active input actions
08:20:25.231 [JavaFX Application Thread] DEBUG GameApplicationServi - Removing overlay from MainMenu and adding to FXGLMainMenuDummyScene
08:20:25.237 [JavaFX Application Thread] DEBUG PrimaryStageWindow   - FXGLMainMenuDummyScene <- MainMenu
08:20:25.238 [JavaFX Application Thread] DEBUG Input                - Clearing active input actions
08:20:25.244 [JavaFX Application Thread] DEBUG GameApplicationServi - Removing overlay from FXGLMainMenuDummyScene and adding to FXGLLoadingScene
08:20:25.244 [JavaFX Application Thread] DEBUG PrimaryStageWindow   - FXGLMainMenuDummyScene -> FXGLLoadingScene
08:20:25.245 [JavaFX Application Thread] DEBUG GameApplicationServi - Clearing previous game
08:20:25.245 [JavaFX Application Thread] DEBUG GameScene            - Clearing game scene
08:20:25.245 [JavaFX Application Thread] DEBUG GameWorld            - Clearing game world
08:20:25.245 [JavaFX Application Thread] DEBUG PhysicsWorld         - Clearing physics world
08:20:25.250 [FXGL Background Thread 4 ] DEBUG FXGLApplication      - Initializing game
08:20:25.280 [FXGL Background Thread 4 ] DEBUG FXGLAssetLoaderServi - Loading from file system: file:/E:/space_java/Game/game_datbom/target/classes/assets/textures/mapTexture/grass.png
08:20:25.286 [FXGL Background Thread 4 ] DEBUG FXGLAssetLoaderServi - Loading from file system: file:/E:/space_java/Game/game_datbom/target/classes/assets/textures/mapTexture/wall2.png
08:20:25.339 [FXGL Background Thread 4 ] DEBUG FXGLAssetLoaderServi - Loading from file system: file:/E:/space_java/Game/game_datbom/target/classes/assets/textures/gameItem/powerup_bombs.png
08:20:25.345 [FXGL Background Thread 4 ] DEBUG FXGLAssetLoaderServi - Loading from file system: file:/E:/space_java/Game/game_datbom/target/classes/assets/textures/gameItem/powerup_flamepass.png
08:20:25.350 [FXGL Background Thread 4 ] DEBUG FXGLAssetLoaderServi - Loading from file system: file:/E:/space_java/Game/game_datbom/target/classes/assets/textures/gameItem/powerup_flames.png
08:20:25.353 [FXGL Background Thread 4 ] DEBUG FXGLAssetLoaderServi - Loading from file system: file:/E:/space_java/Game/game_datbom/target/classes/assets/textures/gameItem/powerup_speed.png
08:20:25.388 [FXGL Background Thread 4 ] DEBUG FXGLAssetLoaderServi - Loading from file system: file:/E:/space_java/Game/game_datbom/target/classes/assets/textures/mapTexture%5cbrick.png
08:20:25.391 [FXGL Background Thread 4 ] DEBUG FXGLAssetLoaderServi - Loading from file system: file:/E:/space_java/Game/game_datbom/target/classes/assets/textures/mapTexture%5cbrick_break.png
08:20:25.469 [FXGL Background Thread 4 ] DEBUG FXGLAssetLoaderServi - Loading from file system: file:/E:/space_java/Game/game_datbom/target/classes/assets/textures/mapTexture/portal.png
08:20:25.538 [FXGL Background Thread 4 ] DEBUG FXGLAssetLoaderServi - Loading from file system: file:/E:/space_java/Game/game_datbom/target/classes/assets/textures/character%5cbomb.png
08:20:25.545 [FXGL Background Thread 4 ] DEBUG FXGLAssetLoaderServi - Loading from file system: file:/E:/space_java/Game/game_datbom/target/classes/assets/textures/character/gold_player_dead.png
08:20:25.547 [FXGL Background Thread 4 ] DEBUG FXGLAssetLoaderServi - Loading from file system: file:/E:/space_java/Game/game_datbom/target/classes/assets/textures/character/gold_player_down.png
08:20:25.549 [FXGL Background Thread 4 ] DEBUG FXGLAssetLoaderServi - Loading from file system: file:/E:/space_java/Game/game_datbom/target/classes/assets/textures/character/gold_player_up.png
08:20:25.550 [FXGL Background Thread 4 ] DEBUG FXGLAssetLoaderServi - Loading from file system: file:/E:/space_java/Game/game_datbom/target/classes/assets/textures/character/gold_player_left_temp.png
08:20:25.551 [FXGL Background Thread 4 ] DEBUG FXGLAssetLoaderServi - Loading from file system: file:/E:/space_java/Game/game_datbom/target/classes/assets/textures/character/gold_player_right_temp.png
08:20:25.556 [FXGL Background Thread 4 ] INFO  FXGLApplication      - Game initialization took: 0.306 sec
08:20:25.578 [JavaFX Application Thread] DEBUG Input                - Clearing active input actions
08:20:25.598 [JavaFX Application Thread] DEBUG GameApplicationServi - Removing overlay from FXGLLoadingScene and adding to GameScene
08:20:25.600 [JavaFX Application Thread] DEBUG PrimaryStageWindow   - FXGLLoadingScene -> GameScene
08:20:26.504 [FXGL Background Thread 3 ] DEBUG Engine               - Logging environment variables
08:20:26.504 [FXGL Background Thread 3 ] DEBUG Engine               - achievements: []
08:20:26.504 [FXGL Background Thread 3 ] DEBUG Engine               - actualHeight: 720.0
08:20:26.504 [FXGL Background Thread 3 ] DEBUG Engine               - actualHeightProperty: ReadOnlyDoubleProperty [value: 720.0]
08:20:26.504 [FXGL Background Thread 3 ] DEBUG Engine               - actualWidth: 1280.0
08:20:26.505 [FXGL Background Thread 3 ] DEBUG Engine               - actualWidthProperty: ReadOnlyDoubleProperty [value: 1280.0]
08:20:26.505 [FXGL Background Thread 3 ] DEBUG Engine               - appIcon: icon/icon.png
08:20:26.505 [FXGL Background Thread 3 ] DEBUG Engine               - applicationMode: DEVELOPER
08:20:26.505 [FXGL Background Thread 3 ] DEBUG Engine               - cSSList: [fxgl_dark.css]
08:20:26.505 [FXGL Background Thread 3 ] DEBUG Engine               - collisionDetectionStrategy: BRUTE_FORCE
08:20:26.505 [FXGL Background Thread 3 ] DEBUG Engine               - configClass: Optional.empty
08:20:26.505 [FXGL Background Thread 3 ] DEBUG Engine               - credits: []
08:20:26.509 [FXGL Background Thread 3 ] DEBUG Engine               - defaultCursor: CursorInfo(imageName=cursor/cursor1.png, hotspotX=0.0, hotspotY=0.0)
08:20:26.509 [FXGL Background Thread 3 ] DEBUG Engine               - devBBoxColorProperty: ObjectProperty [value: 0xff0000ff]
08:20:26.509 [FXGL Background Thread 3 ] DEBUG Engine               - devEnableDebugCameraProperty: BooleanProperty [value: false]
08:20:26.510 [FXGL Background Thread 3 ] DEBUG Engine               - devSensorColorProperty: ObjectProperty [value: 0xffff00ff]
08:20:26.510 [FXGL Background Thread 3 ] DEBUG Engine               - devShowBBoxProperty: BooleanProperty [value: false]
08:20:26.510 [FXGL Background Thread 3 ] DEBUG Engine               - devShowPositionProperty: BooleanProperty [value: false]
08:20:26.510 [FXGL Background Thread 3 ] DEBUG Engine               - enabledMenuItems: []
08:20:26.511 [FXGL Background Thread 3 ] DEBUG Engine               - engineServices: [class com.almasb.fxgl.app.services.FXGLAssetLoaderService, class com.almasb.fxgl.app.FXGLApplication$GameApplicationService, class com.almasb.fxgl.app.services.FXGLDialogService, class com.almasb.fxgl.app.services.IOTaskExecutorService, class com.almasb.fxgl.io.FileSystemService, class com.almasb.fxgl.localization.LocalizationService, class com.almasb.fxgl.app.services.SystemBundleService, class com.almasb.fxgl.profile.SaveLoadService, class com.almasb.fxgl.ui.FXGLUIFactoryServiceProvider, class com.almasb.fxgl.ui.FXGLDialogFactoryServiceProvider, class com.almasb.fxgl.audio.AudioPlayer, class com.almasb.fxgl.notification.impl.NotificationServiceProvider, class com.almasb.fxgl.achievement.AchievementService, class com.almasb.fxgl.cutscene.CutsceneService, class com.almasb.fxgl.minigames.MiniGameService, class com.almasb.fxgl.net.NetService, class com.almasb.fxgl.app.services.UpdaterService, class com.almasb.fxgl.dev.DevService]
08:20:26.511 [FXGL Background Thread 3 ] DEBUG Engine               - fontGame: Abel-Regular.ttf
08:20:26.511 [FXGL Background Thread 3 ] DEBUG Engine               - fontMono: TerminalLandMono-Regular.otf
08:20:26.511 [FXGL Background Thread 3 ] DEBUG Engine               - fontText: Courier-Prime.ttf
08:20:26.511 [FXGL Background Thread 3 ] DEBUG Engine               - fontUI: VarelaRound-Regular.ttf
08:20:26.511 [FXGL Background Thread 3 ] DEBUG Engine               - fullScreen: BooleanProperty [value: false]
08:20:26.512 [FXGL Background Thread 3 ] DEBUG Engine               - gameDifficulty: MEDIUM
08:20:26.512 [FXGL Background Thread 3 ] DEBUG Engine               - gameDifficultyProperty: ObjectProperty [value: MEDIUM]
08:20:26.512 [FXGL Background Thread 3 ] DEBUG Engine               - globalMusicVolume: 0.5
08:20:26.512 [FXGL Background Thread 3 ] DEBUG Engine               - globalMusicVolumeProperty: DoubleProperty [value: 0.5]
08:20:26.512 [FXGL Background Thread 3 ] DEBUG Engine               - globalSoundVolume: 0.5
08:20:26.512 [FXGL Background Thread 3 ] DEBUG Engine               - globalSoundVolumeProperty: DoubleProperty [value: 0.5]
08:20:26.512 [FXGL Background Thread 3 ] DEBUG Engine               - height: 720
08:20:26.512 [FXGL Background Thread 3 ] DEBUG Engine               - is3D: false
08:20:26.512 [FXGL Background Thread 3 ] DEBUG Engine               - isAndroid: false
08:20:26.512 [FXGL Background Thread 3 ] DEBUG Engine               - isBrowser: false
08:20:26.512 [FXGL Background Thread 3 ] DEBUG Engine               - isClickFeedbackEnabled: false
08:20:26.513 [FXGL Background Thread 3 ] DEBUG Engine               - isCloseConfirmation: false
08:20:26.513 [FXGL Background Thread 3 ] DEBUG Engine               - isDesktop: true
08:20:26.513 [FXGL Background Thread 3 ] DEBUG Engine               - isDeveloperMenuEnabled: true
08:20:26.513 [FXGL Background Thread 3 ] DEBUG Engine               - isEmbedded: false
08:20:26.513 [FXGL Background Thread 3 ] DEBUG Engine               - isEntityPreloadEnabled: true
08:20:26.513 [FXGL Background Thread 3 ] DEBUG Engine               - isExperimentalTiledLargeMap: false
08:20:26.513 [FXGL Background Thread 3 ] DEBUG Engine               - isFileSystemWriteAllowed: true
08:20:26.513 [FXGL Background Thread 3 ] DEBUG Engine               - isFullScreenAllowed: false
08:20:26.513 [FXGL Background Thread 3 ] DEBUG Engine               - isFullScreenFromStart: false
08:20:26.513 [FXGL Background Thread 3 ] DEBUG Engine               - isGameMenuEnabled: true
08:20:26.513 [FXGL Background Thread 3 ] DEBUG Engine               - isIOS: false
08:20:26.513 [FXGL Background Thread 3 ] DEBUG Engine               - isIntroEnabled: false
08:20:26.513 [FXGL Background Thread 3 ] DEBUG Engine               - isLinux: false
08:20:26.514 [FXGL Background Thread 3 ] DEBUG Engine               - isMac: false
08:20:26.514 [FXGL Background Thread 3 ] DEBUG Engine               - isMainMenuEnabled: true
08:20:26.514 [FXGL Background Thread 3 ] DEBUG Engine               - isManualResizeEnabled: false
08:20:26.514 [FXGL Background Thread 3 ] DEBUG Engine               - isMobile: false
08:20:26.514 [FXGL Background Thread 3 ] DEBUG Engine               - isNative: false
08:20:26.514 [FXGL Background Thread 3 ] DEBUG Engine               - isPauseMusicWhenMinimized: true
08:20:26.514 [FXGL Background Thread 3 ] DEBUG Engine               - isPreserveResizeRatio: false
08:20:26.514 [FXGL Background Thread 3 ] DEBUG Engine               - isProfilingEnabled: false
08:20:26.514 [FXGL Background Thread 3 ] DEBUG Engine               - isScaleAffectedOnResize: true
08:20:26.514 [FXGL Background Thread 3 ] DEBUG Engine               - isSingleStep: false
08:20:26.514 [FXGL Background Thread 3 ] DEBUG Engine               - isUserProfileEnabled: false
08:20:26.515 [FXGL Background Thread 3 ] DEBUG Engine               - isWindows: true
08:20:26.515 [FXGL Background Thread 3 ] DEBUG Engine               - language: ObjectProperty [value: ENGLISH]
08:20:26.515 [FXGL Background Thread 3 ] DEBUG Engine               - menuKey: ESCAPE
08:20:26.515 [FXGL Background Thread 3 ] DEBUG Engine               - mouseSensitivity: 0.2
08:20:26.515 [FXGL Background Thread 3 ] DEBUG Engine               - notificationViewClass: class com.almasb.fxgl.notification.view.XboxNotificationView
08:20:26.515 [FXGL Background Thread 3 ] DEBUG Engine               - pixelsPerMeter: 50.0
08:20:26.515 [FXGL Background Thread 3 ] DEBUG Engine               - platform: WINDOWS
08:20:26.515 [FXGL Background Thread 3 ] DEBUG Engine               - prefHeightProperty: ReadOnlyDoubleProperty [value: 720.0]
08:20:26.515 [FXGL Background Thread 3 ] DEBUG Engine               - prefWidthProperty: ReadOnlyDoubleProperty [value: 1280.0]
08:20:26.515 [FXGL Background Thread 3 ] DEBUG Engine               - profileDir: profiles/
08:20:26.515 [FXGL Background Thread 3 ] DEBUG Engine               - profileName: StringProperty [value: DEFAULT]
08:20:26.515 [FXGL Background Thread 3 ] DEBUG Engine               - randomSeed: -1
08:20:26.517 [FXGL Background Thread 3 ] DEBUG Engine               - runtimeInfo: RuntimeInfo(platform=WINDOWS, version=17.1, build=24.03.2022 17.34)
08:20:26.517 [FXGL Background Thread 3 ] DEBUG Engine               - saveFileExt: sav
08:20:26.517 [FXGL Background Thread 3 ] DEBUG Engine               - scaledHeightProp$fxgl: DoubleProperty [bound, value: 720.0]
08:20:26.517 [FXGL Background Thread 3 ] DEBUG Engine               - scaledWidthProp$fxgl: DoubleProperty [bound, value: 1280.0]
08:20:26.517 [FXGL Background Thread 3 ] DEBUG Engine               - sceneFactory: hellofx.Main$1@a69628b
08:20:26.517 [FXGL Background Thread 3 ] DEBUG Engine               - secondsIn24h: 60
08:20:26.517 [FXGL Background Thread 3 ] DEBUG Engine               - soundMenuBack: menu/back.wav
08:20:26.517 [FXGL Background Thread 3 ] DEBUG Engine               - soundMenuPress: menu/press.wav
08:20:26.517 [FXGL Background Thread 3 ] DEBUG Engine               - soundMenuSelect: menu/select.wav
08:20:26.517 [FXGL Background Thread 3 ] DEBUG Engine               - soundNotification: core/notification.wav
08:20:26.517 [FXGL Background Thread 3 ] DEBUG Engine               - stageStyle: DECORATED
08:20:26.517 [FXGL Background Thread 3 ] DEBUG Engine               - supportedLanguages: [ENGLISH, FRENCH, GERMAN, HUNGARIAN, RUSSIAN]
08:20:26.517 [FXGL Background Thread 3 ] DEBUG Engine               - ticksPerSecond: -1
08:20:26.517 [FXGL Background Thread 3 ] DEBUG Engine               - title: Bomberman
08:20:26.517 [FXGL Background Thread 3 ] DEBUG Engine               - urlGithub: https://github.com/AlmasB/FXGL
08:20:26.517 [FXGL Background Thread 3 ] DEBUG Engine               - urlLeaderboard: http://fxgl-top.herokuapp.com/
08:20:26.517 [FXGL Background Thread 3 ] DEBUG Engine               - urlPOM: https://raw.githubusercontent.com/AlmasB/FXGL/release/README.md
08:20:26.517 [FXGL Background Thread 3 ] DEBUG Engine               - userAppClass: class hellofx.Main
08:20:26.517 [FXGL Background Thread 3 ] DEBUG Engine               - version: 1.0
08:20:26.517 [FXGL Background Thread 3 ] DEBUG Engine               - versionCheckDays: 7
08:20:26.517 [FXGL Background Thread 3 ] DEBUG Engine               - width: 1280
08:20:26.517 [FXGL Background Thread 3 ] DEBUG Engine               - Logging services
08:20:26.517 [FXGL Background Thread 3 ] DEBUG Engine               - class com.almasb.fxgl.app.services.FXGLAssetLoaderService
08:20:26.518 [FXGL Background Thread 3 ] DEBUG Engine               - class com.almasb.fxgl.app.FXGLApplication$GameApplicationService
08:20:26.518 [FXGL Background Thread 3 ] DEBUG Engine               - class com.almasb.fxgl.app.services.FXGLDialogService
08:20:26.518 [FXGL Background Thread 3 ] DEBUG Engine               - class com.almasb.fxgl.app.services.IOTaskExecutorService
08:20:26.518 [FXGL Background Thread 3 ] DEBUG Engine               - class com.almasb.fxgl.io.FileSystemService
08:20:26.518 [FXGL Background Thread 3 ] DEBUG Engine               - class com.almasb.fxgl.localization.LocalizationService
08:20:26.518 [FXGL Background Thread 3 ] DEBUG Engine               - class com.almasb.fxgl.app.services.SystemBundleService
08:20:26.518 [FXGL Background Thread 3 ] DEBUG Engine               - class com.almasb.fxgl.profile.SaveLoadService
08:20:26.518 [FXGL Background Thread 3 ] DEBUG Engine               - class com.almasb.fxgl.ui.FXGLUIFactoryServiceProvider
08:20:26.518 [FXGL Background Thread 3 ] DEBUG Engine               - class com.almasb.fxgl.ui.FXGLDialogFactoryServiceProvider
08:20:26.518 [FXGL Background Thread 3 ] DEBUG Engine               - class com.almasb.fxgl.audio.AudioPlayer
08:20:26.518 [FXGL Background Thread 3 ] DEBUG Engine               - class com.almasb.fxgl.notification.impl.NotificationServiceProvider
08:20:26.518 [FXGL Background Thread 3 ] DEBUG Engine               - class com.almasb.fxgl.achievement.AchievementService
08:20:26.518 [FXGL Background Thread 3 ] DEBUG Engine               - class com.almasb.fxgl.cutscene.CutsceneService
08:20:26.518 [FXGL Background Thread 3 ] DEBUG Engine               - class com.almasb.fxgl.minigames.MiniGameService
08:20:26.518 [FXGL Background Thread 3 ] DEBUG Engine               - class com.almasb.fxgl.net.NetService
08:20:26.518 [FXGL Background Thread 3 ] DEBUG Engine               - class com.almasb.fxgl.app.services.UpdaterService
08:20:26.518 [FXGL Background Thread 3 ] DEBUG Engine               - class com.almasb.fxgl.dev.DevService
08:20:33.607 [JavaFX Application Thread] DEBUG FXGLApplication      - Exiting FXGL
08:20:33.608 [JavaFX Application Thread] DEBUG LoopRunner           - Stopping loop
08:20:33.608 [JavaFX Application Thread] DEBUG SystemBundleService  - Saving FXGL system data
08:20:33.611 [JavaFX Application Thread] DEBUG FileSystemAccess     - Writing to: E:\space_java\Game\game_datbom\system\fxgl.bundle
08:20:33.615 [JavaFX Application Thread] DEBUG Async                - Shutting down background threads
08:20:33.615 [JavaFX Application Thread] DEBUG PrimaryStageWindow   - Closing main window
08:20:33.651 [JavaFX Application Thread] DEBUG Logger               - Closing Logger
