23:54:53.557 [main                     ] DEBUG Logger               - Configured Logger
23:54:53.559 [main                     ] DEBUG GameApplication      - Logging settings
Title: Basic Game App
Version: 0.1
Width: 1000
Height: 800
Fullscreen: false
Intro: true
Profiling: false
Single step:false
App Mode: DEVELOPER
Menu Key: ESCAPE
Stage Style: DECORATED
Scene Factory: class com.almasb.fxgl.app.scene.SceneFactory

23:54:53.915 [JavaFX Application Thread] DEBUG FXGLApplication      - Initializing FXGL
23:54:53.917 [JavaFX Application Thread] INFO  Engine               - FXGL-11.12 (11.12.2020 08.51) on WINDOWS (J:18.0.2.1 FX:15)
23:54:53.917 [JavaFX Application Thread] DEBUG Engine               - JRE Vendor Name: Oracle Corporation
23:54:53.917 [JavaFX Application Thread] DEBUG Engine               - Running on OS: Windows 11 version 10.0
23:54:53.917 [JavaFX Application Thread] DEBUG Engine               - Architecture: amd64
23:54:53.917 [JavaFX Application Thread] INFO  Engine               - Source code and latest versions at: https://github.com/AlmasB/FXGL
23:54:53.917 [JavaFX Application Thread] INFO  Engine               -              Join the FXGL chat at: https://gitter.im/AlmasB/FXGL
23:54:54.021 [JavaFX Application Thread] DEBUG MainWindow           - Creating a JavaFX scene
23:54:54.069 [JavaFX Application Thread] DEBUG MainWindow           - Target settings size: 1000.0 x 800.0
23:54:54.070 [JavaFX Application Thread] DEBUG MainWindow           - Scaled scene size:    1000.0 x 800.0
23:54:54.070 [JavaFX Application Thread] DEBUG MainWindow           - Scaled ratio: (1.0, 1.0)
23:54:54.071 [JavaFX Application Thread] DEBUG MainWindow           - Set initial scene to StartupScene
23:54:54.079 [JavaFX Application Thread] DEBUG MainWindow           - Opening main window
23:54:54.183 [JavaFX Application Thread] DEBUG MainWindow           - Window border size: (16.0, 39.0)
23:54:54.183 [JavaFX Application Thread] DEBUG MainWindow           - Scaled size: 1000.0 x 800.0
23:54:54.185 [JavaFX Application Thread] DEBUG MainWindow           - Scaled ratio: (1.0, 1.0)
23:54:54.185 [JavaFX Application Thread] DEBUG MainWindow           - Scene size: 1000.0 x 800.0
23:54:54.185 [JavaFX Application Thread] DEBUG MainWindow           - Stage size: 1016.0 x 839.0
23:54:54.196 [FXGL Background Thread 1 ] DEBUG Engine               - Initializing environment variables
23:54:54.266 [FXGL Background Thread 1 ] DEBUG GameApplicationServi - Applying CSS: fxgl_dark.css
23:54:54.266 [FXGL Background Thread 1 ] DEBUG FXGLAssetLoaderServi - Loading from file system: /assets/ui/css/fxgl_dark.css
23:54:54.319 [FXGL Background Thread 1 ] DEBUG GameApplicationServi - Initializing application scenes
23:54:54.360 [FXGL Background Thread 1 ] DEBUG GameWorld            - Game world initialized
23:54:54.445 [FXGL Background Thread 1 ] DEBUG PhysicsWorld         - Physics world initialized: appHeight=800, physics.ppm=50.0
23:54:54.447 [FXGL Background Thread 1 ] DEBUG GameScene            - Game scene initialized: 1000x800
23:54:54.450 [FXGL Background Thread 1 ] DEBUG FXGLAssetLoaderServi - Loading from file system: /assets/textures/intro/fxgl_logo.png
23:54:54.483 [FXGL Background Thread 1 ] DEBUG FXGLAssetLoaderServi - Loading from file system: /assets/textures/intro/javafx_logo.png
23:54:54.633 [FXGL Background Thread 1 ] DEBUG FXGLAssetLoaderServi - Loading from file system: /assets/textures/particles/trace_horizontal.png
23:54:54.658 [FXGL Background Thread 1 ] DEBUG FXGL.DefaultMenu     - createMenuBodyGameMenu()
23:54:54.672 [FXGL Background Thread 1 ] DEBUG FXGL.DefaultMenu     - createOptionsMenu()
23:54:54.676 [FXGL Background Thread 1 ] DEBUG FXGLAssetLoaderServi - Loading from file system: /assets/textures/particles/smoke.png
23:54:54.700 [FXGL Background Thread 1 ] DEBUG GameApplicationServi - Application scenes initialized
23:54:54.709 [FXGL Background Thread 1 ] DEBUG SystemBundleService  - Loading FXGL system data
23:54:54.712 [FXGL Background Thread 1 ] DEBUG FileSystemAccess     - Reading from: E:\space_java\game_datbom\system\fxgl.bundle
23:54:54.721 [FXGL Background Thread 1 ] DEBUG SystemBundleService  - Bundle FXGL: {}
23:54:54.721 [FXGL Background Thread 1 ] DEBUG UpdaterService       - Checking for updates
23:54:54.756 [FXGL Background Thread 4 ] DEBUG FXGLApplication      - Loading fonts
23:54:54.756 [FXGL Background Thread 4 ] DEBUG FXGLAssetLoaderServi - Loading from file system: /assets/ui/fonts/VarelaRound-Regular.ttf
23:54:54.757 [FXGL Background Thread 1 ] DEBUG FXGLApplication      - Loading default localization
23:54:54.757 [FXGL Background Thread 1 ] DEBUG FXGLAssetLoaderServi - Loading from file system: /assets/languages/english.lang
23:54:54.778 [FXGL Background Thread 1 ] INFO  FXGLApplication      - FXGL initialization took: 0.582 sec
23:54:54.779 [JavaFX Application Thread] DEBUG FXGLAssetLoaderServi - Loading from file system: /assets/textures/brick.png
23:54:54.779 [JavaFX Application Thread] WARN  FXGLAssetLoaderServi - Failed to load texture brick.png Error: java.lang.IllegalArgumentException: Asset "/assets/textures/brick.png" was not found!
23:54:54.801 [JavaFX Application Thread] DEBUG FXGLAssetLoaderServi - Loading from file system: /assets/ui/cursors/fxgl_default.png
23:54:54.815 [JavaFX Application Thread] DEBUG Input                - Registered new binding: Screenshot - P
23:54:54.815 [JavaFX Application Thread] DEBUG Input                - Registered new binding: Dev Options - 1
23:54:54.815 [JavaFX Application Thread] DEBUG Input                - Registered new binding: Dev Console - 2
23:54:54.816 [JavaFX Application Thread] DEBUG Input                - Registered new binding: System info dump - CTRL+9
23:54:54.816 [JavaFX Application Thread] DEBUG Input                - Registered new binding: Restart - CTRL+R
23:54:54.817 [JavaFX Application Thread] DEBUG Input                - Registered new binding: Toggle Debug Camera - CTRL+C
23:54:54.821 [JavaFX Application Thread] DEBUG LoopRunner           - Starting loop
23:54:54.835 [FXGL Background Thread 4 ] DEBUG FXGLAssetLoaderServi - Loading from file system: /assets/ui/fonts/Abel-Regular.ttf
23:54:54.849 [FXGL Background Thread 4 ] DEBUG FXGLAssetLoaderServi - Loading from file system: /assets/ui/fonts/lucida_console.ttf
23:54:54.860 [FXGL Background Thread 4 ] DEBUG FXGLAssetLoaderServi - Loading from file system: /assets/ui/fonts/Courier-Prime.ttf
23:54:54.894 [JavaFX Application Thread] DEBUG Input                - Clearing active input actions
23:54:54.903 [JavaFX Application Thread] DEBUG GameApplicationServi - Removing overlay from StartupScene and adding to FXGLIntroScene
23:54:54.908 [JavaFX Application Thread] DEBUG MainWindow           - StartupScene -> FXGLIntroScene
23:54:55.196 [JavaFX Application Thread] DEBUG FXGLApplication      - Registering font factories with UI factory
23:54:55.414 [FXGL Background Thread 2 ] INFO  UpdaterService       - Your current version:  11.12
23:54:55.415 [FXGL Background Thread 2 ] INFO  UpdaterService       - Latest stable version: 17.2
23:54:57.755 [FXGL Background Thread 3 ] DEBUG Engine               - Logging environment variables
23:54:57.755 [FXGL Background Thread 3 ] DEBUG Engine               - achievements: []
23:54:57.755 [FXGL Background Thread 3 ] DEBUG Engine               - actualHeight: 800.0
23:54:57.756 [FXGL Background Thread 3 ] DEBUG Engine               - actualHeightProperty: ReadOnlyDoubleProperty [value: 800.0]
23:54:57.756 [FXGL Background Thread 3 ] DEBUG Engine               - actualWidth: 1000.0
23:54:57.756 [FXGL Background Thread 3 ] DEBUG Engine               - actualWidthProperty: ReadOnlyDoubleProperty [value: 1000.0]
23:54:57.756 [FXGL Background Thread 3 ] DEBUG Engine               - appIcon: brick.png
23:54:57.756 [FXGL Background Thread 3 ] DEBUG Engine               - applicationMode: DEVELOPER
23:54:57.756 [FXGL Background Thread 3 ] DEBUG Engine               - cSSList: [fxgl_dark.css]
23:54:57.756 [FXGL Background Thread 3 ] DEBUG Engine               - configClass: Optional.empty
23:54:57.757 [FXGL Background Thread 3 ] DEBUG Engine               - credits: []
23:54:57.757 [FXGL Background Thread 3 ] DEBUG Engine               - devBBoxColorProperty: ObjectProperty [value: 0xff0000ff]
23:54:57.757 [FXGL Background Thread 3 ] DEBUG Engine               - devEnableDebugCameraProperty: BooleanProperty [value: false]
23:54:57.757 [FXGL Background Thread 3 ] DEBUG Engine               - devSensorColorProperty: ObjectProperty [value: 0xffff00ff]
23:54:57.757 [FXGL Background Thread 3 ] DEBUG Engine               - devShowBBoxProperty: BooleanProperty [value: false]
23:54:57.758 [FXGL Background Thread 3 ] DEBUG Engine               - devShowPositionProperty: BooleanProperty [value: false]
23:54:57.758 [FXGL Background Thread 3 ] DEBUG Engine               - enabledMenuItems: []
23:54:57.758 [FXGL Background Thread 3 ] DEBUG Engine               - engineServices: [class com.almasb.fxgl.app.FXGLApplication$GameApplicationService, class com.almasb.fxgl.app.services.FXGLDialogService, class com.almasb.fxgl.app.services.IOTaskExecutorService, class com.almasb.fxgl.event.EventBusService, class com.almasb.fxgl.io.FileSystemService, class com.almasb.fxgl.localization.LocalizationService, class com.almasb.fxgl.app.services.FXGLAssetLoaderService, class com.almasb.fxgl.app.services.SystemBundleService, class com.almasb.fxgl.profile.SaveLoadService, class com.almasb.fxgl.ui.FXGLUIFactoryServiceProvider, class com.almasb.fxgl.ui.FXGLDialogFactoryServiceProvider, class com.almasb.fxgl.audio.AudioPlayer, class com.almasb.fxgl.notification.impl.NotificationServiceProvider, class com.almasb.fxgl.achievement.AchievementService, class com.almasb.fxgl.cutscene.CutsceneService, class com.almasb.fxgl.minigames.MiniGameService, class com.almasb.fxgl.net.NetService, class com.almasb.fxgl.app.services.UpdaterService, class com.almasb.fxgl.dev.DevService]
23:54:57.758 [FXGL Background Thread 3 ] DEBUG Engine               - fontGame: Abel-Regular.ttf
23:54:57.758 [FXGL Background Thread 3 ] DEBUG Engine               - fontMono: lucida_console.ttf
23:54:57.758 [FXGL Background Thread 3 ] DEBUG Engine               - fontText: Courier-Prime.ttf
23:54:57.758 [FXGL Background Thread 3 ] DEBUG Engine               - fontUI: VarelaRound-Regular.ttf
23:54:57.758 [FXGL Background Thread 3 ] DEBUG Engine               - fullScreen: BooleanProperty [value: false]
23:54:57.759 [FXGL Background Thread 3 ] DEBUG Engine               - gameDifficulty: MEDIUM
23:54:57.759 [FXGL Background Thread 3 ] DEBUG Engine               - gameDifficultyProperty: ObjectProperty [value: MEDIUM]
23:54:57.759 [FXGL Background Thread 3 ] DEBUG Engine               - globalMusicVolume: 0.5
23:54:57.759 [FXGL Background Thread 3 ] DEBUG Engine               - globalMusicVolumeProperty: DoubleProperty [value: 0.5]
23:54:57.759 [FXGL Background Thread 3 ] DEBUG Engine               - globalSoundVolume: 0.5
23:54:57.759 [FXGL Background Thread 3 ] DEBUG Engine               - globalSoundVolumeProperty: DoubleProperty [value: 0.5]
23:54:57.759 [FXGL Background Thread 3 ] DEBUG Engine               - height: 800
23:54:57.759 [FXGL Background Thread 3 ] DEBUG Engine               - isAndroid: false
23:54:57.760 [FXGL Background Thread 3 ] DEBUG Engine               - isBrowser: false
23:54:57.760 [FXGL Background Thread 3 ] DEBUG Engine               - isClickFeedbackEnabled: false
23:54:57.760 [FXGL Background Thread 3 ] DEBUG Engine               - isCloseConfirmation: false
23:54:57.760 [FXGL Background Thread 3 ] DEBUG Engine               - isDesktop: true
23:54:57.760 [FXGL Background Thread 3 ] DEBUG Engine               - isDeveloperMenuEnabled: true
23:54:57.760 [FXGL Background Thread 3 ] DEBUG Engine               - isEntityPreloadEnabled: true
23:54:57.760 [FXGL Background Thread 3 ] DEBUG Engine               - isExperimental3D: false
23:54:57.760 [FXGL Background Thread 3 ] DEBUG Engine               - isExperimentalNative: false
23:54:57.760 [FXGL Background Thread 3 ] DEBUG Engine               - isExperimentalTiledLargeMap: false
23:54:57.760 [FXGL Background Thread 3 ] DEBUG Engine               - isFileSystemWriteAllowed: true
23:54:57.760 [FXGL Background Thread 3 ] DEBUG Engine               - isFullScreenAllowed: false
23:54:57.760 [FXGL Background Thread 3 ] DEBUG Engine               - isFullScreenFromStart: false
23:54:57.761 [FXGL Background Thread 3 ] DEBUG Engine               - isGameMenuEnabled: true
23:54:57.761 [FXGL Background Thread 3 ] DEBUG Engine               - isIOS: false
23:54:57.761 [FXGL Background Thread 3 ] DEBUG Engine               - isIntroEnabled: true
23:54:57.761 [FXGL Background Thread 3 ] DEBUG Engine               - isLinux: false
23:54:57.761 [FXGL Background Thread 3 ] DEBUG Engine               - isMac: false
23:54:57.761 [FXGL Background Thread 3 ] DEBUG Engine               - isMainMenuEnabled: false
23:54:57.761 [FXGL Background Thread 3 ] DEBUG Engine               - isManualResizeEnabled: false
23:54:57.761 [FXGL Background Thread 3 ] DEBUG Engine               - isMobile: false
23:54:57.761 [FXGL Background Thread 3 ] DEBUG Engine               - isPreserveResizeRatio: false
23:54:57.761 [FXGL Background Thread 3 ] DEBUG Engine               - isProfilingEnabled: false
23:54:57.761 [FXGL Background Thread 3 ] DEBUG Engine               - isScaleAffectedOnResize: true
23:54:57.762 [FXGL Background Thread 3 ] DEBUG Engine               - isSingleStep: false
23:54:57.762 [FXGL Background Thread 3 ] DEBUG Engine               - isUserProfileEnabled: false
23:54:57.762 [FXGL Background Thread 3 ] DEBUG Engine               - isWindows: true
23:54:57.762 [FXGL Background Thread 3 ] DEBUG Engine               - language: ObjectProperty [value: ENGLISH]
23:54:57.762 [FXGL Background Thread 3 ] DEBUG Engine               - menuKey: ESCAPE
23:54:57.762 [FXGL Background Thread 3 ] DEBUG Engine               - notificationViewClass: class com.almasb.fxgl.notification.view.XboxNotificationView
23:54:57.762 [FXGL Background Thread 3 ] DEBUG Engine               - pixelsPerMeter: 50.0
23:54:57.762 [FXGL Background Thread 3 ] DEBUG Engine               - platform: WINDOWS
23:54:57.762 [FXGL Background Thread 3 ] DEBUG Engine               - prefHeightProperty: ReadOnlyDoubleProperty [value: 800.0]
23:54:57.762 [FXGL Background Thread 3 ] DEBUG Engine               - prefWidthProperty: ReadOnlyDoubleProperty [value: 1000.0]
23:54:57.762 [FXGL Background Thread 3 ] DEBUG Engine               - profileDir: profiles/
23:54:57.762 [FXGL Background Thread 3 ] DEBUG Engine               - profileName: StringProperty [value: DEFAULT]
23:54:57.762 [FXGL Background Thread 3 ] DEBUG Engine               - randomSeed: -1
23:54:57.763 [FXGL Background Thread 3 ] DEBUG Engine               - runtimeInfo: RuntimeInfo(platform=WINDOWS, version=11.12, build=11.12.2020 08.51)
23:54:57.763 [FXGL Background Thread 3 ] DEBUG Engine               - saveFileExt: sav
23:54:57.763 [FXGL Background Thread 3 ] DEBUG Engine               - scaledHeightProp$fxgl: DoubleProperty [bound, value: 800.0]
23:54:57.763 [FXGL Background Thread 3 ] DEBUG Engine               - scaledWidthProp$fxgl: DoubleProperty [bound, value: 1000.0]
23:54:57.763 [FXGL Background Thread 3 ] DEBUG Engine               - sceneFactory: com.almasb.fxgl.app.scene.SceneFactory@29e7d907
23:54:57.763 [FXGL Background Thread 3 ] DEBUG Engine               - secondsIn24h: 60
23:54:57.763 [FXGL Background Thread 3 ] DEBUG Engine               - soundMenuBack: menu/back.wav
23:54:57.763 [FXGL Background Thread 3 ] DEBUG Engine               - soundMenuPress: menu/press.wav
23:54:57.763 [FXGL Background Thread 3 ] DEBUG Engine               - soundMenuSelect: menu/select.wav
23:54:57.763 [FXGL Background Thread 3 ] DEBUG Engine               - soundNotification: core/notification.wav
23:54:57.763 [FXGL Background Thread 3 ] DEBUG Engine               - stageStyle: DECORATED
23:54:57.763 [FXGL Background Thread 3 ] DEBUG Engine               - supportedLanguages: [ENGLISH, FRENCH, GERMAN, HUNGARIAN, RUSSIAN]
23:54:57.763 [FXGL Background Thread 3 ] DEBUG Engine               - title: Basic Game App
23:54:57.763 [FXGL Background Thread 3 ] DEBUG Engine               - urlGithub: https://github.com/AlmasB/FXGL
23:54:57.763 [FXGL Background Thread 3 ] DEBUG Engine               - urlLeaderboard: http://fxgl-top.herokuapp.com/
23:54:57.763 [FXGL Background Thread 3 ] DEBUG Engine               - urlPOM: https://raw.githubusercontent.com/AlmasB/FXGL/master/README.md
23:54:57.763 [FXGL Background Thread 3 ] DEBUG Engine               - version: 0.1
23:54:57.764 [FXGL Background Thread 3 ] DEBUG Engine               - versionCheckDays: 7
23:54:57.764 [FXGL Background Thread 3 ] DEBUG Engine               - width: 1000
23:54:57.764 [FXGL Background Thread 3 ] DEBUG Engine               - Logging services
23:54:57.764 [FXGL Background Thread 3 ] DEBUG Engine               - class com.almasb.fxgl.app.FXGLApplication$GameApplicationService
23:54:57.764 [FXGL Background Thread 3 ] DEBUG Engine               - class com.almasb.fxgl.app.services.FXGLDialogService
23:54:57.764 [FXGL Background Thread 3 ] DEBUG Engine               - class com.almasb.fxgl.app.services.IOTaskExecutorService
23:54:57.764 [FXGL Background Thread 3 ] DEBUG Engine               - class com.almasb.fxgl.event.EventBusService
23:54:57.764 [FXGL Background Thread 3 ] DEBUG Engine               - class com.almasb.fxgl.io.FileSystemService
23:54:57.764 [FXGL Background Thread 3 ] DEBUG Engine               - class com.almasb.fxgl.localization.LocalizationService
23:54:57.764 [FXGL Background Thread 3 ] DEBUG Engine               - class com.almasb.fxgl.app.services.FXGLAssetLoaderService
23:54:57.764 [FXGL Background Thread 3 ] DEBUG Engine               - class com.almasb.fxgl.app.services.SystemBundleService
23:54:57.764 [FXGL Background Thread 3 ] DEBUG Engine               - class com.almasb.fxgl.profile.SaveLoadService
23:54:57.764 [FXGL Background Thread 3 ] DEBUG Engine               - class com.almasb.fxgl.ui.FXGLUIFactoryServiceProvider
23:54:57.764 [FXGL Background Thread 3 ] DEBUG Engine               - class com.almasb.fxgl.ui.FXGLDialogFactoryServiceProvider
23:54:57.764 [FXGL Background Thread 3 ] DEBUG Engine               - class com.almasb.fxgl.audio.AudioPlayer
23:54:57.764 [FXGL Background Thread 3 ] DEBUG Engine               - class com.almasb.fxgl.notification.impl.NotificationServiceProvider
23:54:57.764 [FXGL Background Thread 3 ] DEBUG Engine               - class com.almasb.fxgl.achievement.AchievementService
23:54:57.764 [FXGL Background Thread 3 ] DEBUG Engine               - class com.almasb.fxgl.cutscene.CutsceneService
23:54:57.765 [FXGL Background Thread 3 ] DEBUG Engine               - class com.almasb.fxgl.minigames.MiniGameService
23:54:57.765 [FXGL Background Thread 3 ] DEBUG Engine               - class com.almasb.fxgl.net.NetService
23:54:57.765 [FXGL Background Thread 3 ] DEBUG Engine               - class com.almasb.fxgl.app.services.UpdaterService
23:54:57.765 [FXGL Background Thread 3 ] DEBUG Engine               - class com.almasb.fxgl.dev.DevService
23:55:02.701 [JavaFX Application Thread] DEBUG GameApplicationServi - Starting new game
23:55:02.701 [JavaFX Application Thread] DEBUG Input                - Clearing active input actions
23:55:02.712 [JavaFX Application Thread] DEBUG GameApplicationServi - Removing overlay from FXGLIntroScene and adding to FXGLLoadingScene
23:55:02.716 [JavaFX Application Thread] DEBUG MainWindow           - FXGLIntroScene -> FXGLLoadingScene
23:55:02.716 [JavaFX Application Thread] DEBUG GameApplicationServi - Clearing previous game
23:55:02.716 [JavaFX Application Thread] DEBUG GameScene            - Clearing game scene
23:55:02.716 [JavaFX Application Thread] DEBUG GameWorld            - Clearing game world
23:55:02.717 [JavaFX Application Thread] DEBUG PhysicsWorld         - Clearing physics world
23:55:02.719 [FXGL Background Thread 2 ] DEBUG FXGLApplication      - Initializing game
23:55:02.720 [FXGL Background Thread 2 ] INFO  FXGLApplication      - Game initialization took: 0.001 sec
23:55:02.760 [JavaFX Application Thread] DEBUG Input                - Clearing active input actions
23:55:02.767 [JavaFX Application Thread] DEBUG GameApplicationServi - Removing overlay from FXGLLoadingScene and adding to GameScene
23:55:02.770 [JavaFX Application Thread] DEBUG MainWindow           - FXGLLoadingScene -> GameScene
23:55:35.040 [JavaFX Application Thread] DEBUG FXGLApplication      - Exiting FXGL
23:55:35.040 [JavaFX Application Thread] DEBUG LoopRunner           - Stopping loop
23:55:35.040 [JavaFX Application Thread] DEBUG SystemBundleService  - Saving FXGL system data
23:55:35.044 [JavaFX Application Thread] DEBUG FileSystemAccess     - Writing to: E:\space_java\game_datbom\system\fxgl.bundle
23:55:35.050 [JavaFX Application Thread] DEBUG Async                - Shutting down background threads
23:55:35.051 [JavaFX Application Thread] DEBUG MainWindow           - Closing main window
23:55:35.086 [JavaFX Application Thread] DEBUG Logger               - Closing Logger
