16:39:25.331 [main                     ] DEBUG Logger               - Configured Logger
16:39:25.347 [main                     ] DEBUG GameApplication      - Logging settings
Title: Bomberman
Version: 1.0
Width: 1280
Height: 720
Fullscreen: false
Intro: false
Profiling: false
Single step:false
App Mode: DEVELOPER
Menu Key: ESCAPE
Stage Style: DECORATED
Scene Factory: class hellofx.Main$1

16:39:25.478 [JavaFX Application Thread] DEBUG FXGLApplication      - Initializing FXGL
16:39:25.484 [JavaFX Application Thread] INFO  Engine               - FXGL-17.1 (24.03.2022 17.34) on WINDOWS (J:18.0.2.1 FX:18)
16:39:25.485 [JavaFX Application Thread] DEBUG Engine               - JRE Vendor Name: Oracle Corporation
16:39:25.485 [JavaFX Application Thread] DEBUG Engine               - Running on OS: Windows 11 version 10.0
16:39:25.485 [JavaFX Application Thread] DEBUG Engine               - Architecture: amd64
16:39:25.485 [JavaFX Application Thread] INFO  Engine               - Source code and latest versions at: https://github.com/AlmasB/FXGL
16:39:25.486 [JavaFX Application Thread] INFO  Engine               -       Ask questions and discuss at: https://github.com/AlmasB/FXGL/discussions
16:39:25.486 [JavaFX Application Thread] INFO  Engine               -              Join the FXGL chat at: https://gitter.im/AlmasB/FXGL
16:39:25.555 [JavaFX Application Thread] DEBUG PrimaryStageWindow   - Creating a JavaFX scene
16:39:25.611 [JavaFX Application Thread] DEBUG PrimaryStageWindow   - Target settings size: 1280.0 x 720.0
16:39:25.613 [JavaFX Application Thread] DEBUG PrimaryStageWindow   - Scaled scene size:    1280.0 x 720.0
16:39:25.614 [JavaFX Application Thread] DEBUG PrimaryStageWindow   - Scaled ratio: (1.0, 1.0)
16:39:25.615 [JavaFX Application Thread] DEBUG PrimaryStageWindow   - Set initial scene to FXGLStartupScene
16:39:25.628 [JavaFX Application Thread] DEBUG PrimaryStageWindow   - Opening main window
16:39:25.735 [JavaFX Application Thread] DEBUG PrimaryStageWindow   - Window border size: (16.0, 39.0)
16:39:25.735 [JavaFX Application Thread] DEBUG PrimaryStageWindow   - Scaled size: 1280.0 x 720.0
16:39:25.735 [JavaFX Application Thread] DEBUG PrimaryStageWindow   - Scaled ratio: (1.0, 1.0)
16:39:25.737 [JavaFX Application Thread] DEBUG PrimaryStageWindow   - Scene size: 1280.0 x 720.0
16:39:25.737 [JavaFX Application Thread] DEBUG PrimaryStageWindow   - Stage size: 1296.0 x 759.0
16:39:25.752 [FXGL Background Thread 1 ] DEBUG Engine               - Initializing environment variables
16:39:25.826 [FXGL Background Thread 1 ] DEBUG FXGLAssetLoaderServi - User app class for loading assets: class hellofx.Main
16:39:25.826 [FXGL Background Thread 1 ] DEBUG GameApplicationServi - Applying CSS: fxgl_dark.css
16:39:25.827 [FXGL Background Thread 1 ] DEBUG FXGLAssetLoaderServi - Loading from file system: jar:file:/C:/Users/chaum/.m2/repository/com/github/almasb/fxgl/17.1/fxgl-17.1.jar!/fxglassets/ui/css/fxgl_dark.css
16:39:25.878 [FXGL Background Thread 1 ] DEBUG GameApplicationServi - Initializing application scenes
16:39:25.935 [FXGL Background Thread 1 ] DEBUG GameWorld            - Game world initialized
16:39:25.998 [FXGL Background Thread 1 ] DEBUG PhysicsWorld         - Physics world initialized: appHeight=720, physics.ppm=50.0
16:39:25.998 [FXGL Background Thread 1 ] DEBUG PhysicsWorld         - Using strategy: BRUTE_FORCE
16:39:26.002 [FXGL Background Thread 1 ] DEBUG GameScene            - Game scene initialized: 1280x720
16:39:26.103 [FXGL Background Thread 1 ] DEBUG GameApplicationServi - Application scenes initialized
16:39:26.117 [FXGL Background Thread 1 ] DEBUG SystemBundleService  - Loading FXGL system data
16:39:26.124 [FXGL Background Thread 1 ] DEBUG FileSystemAccess     - Reading from: E:\space_java\Game\game_datbom\system\fxgl.bundle
16:39:26.140 [FXGL Background Thread 1 ] DEBUG SystemBundleService  - Bundle FXGL: {}
16:39:26.140 [FXGL Background Thread 1 ] DEBUG UpdaterService       - Checking for updates
16:39:26.175 [FXGL Background Thread 4 ] DEBUG FXGLApplication      - Loading fonts
16:39:26.175 [FXGL Background Thread 1 ] DEBUG FXGLApplication      - Loading default localization
16:39:26.176 [FXGL Background Thread 4 ] DEBUG FXGLAssetLoaderServi - Loading from file system: jar:file:/C:/Users/chaum/.m2/repository/com/github/almasb/fxgl/17.1/fxgl-17.1.jar!/fxglassets/ui/fonts/VarelaRound-Regular.ttf
16:39:26.176 [FXGL Background Thread 1 ] DEBUG FXGLAssetLoaderServi - Loading from file system: jar:file:/C:/Users/chaum/.m2/repository/com/github/almasb/fxgl/17.1/fxgl-17.1.jar!/fxglassets/languages/english.lang
16:39:26.197 [FXGL Background Thread 1 ] INFO  FXGLApplication      - FXGL initialization took: 0.444 sec
16:39:26.206 [JavaFX Application Thread] DEBUG Input                - Registered new binding: action0 - F
16:39:26.207 [JavaFX Application Thread] DEBUG Input                - Registered new binding: Right - D
16:39:26.207 [JavaFX Application Thread] DEBUG Input                - Registered new binding: Left - A
16:39:26.207 [JavaFX Application Thread] DEBUG Input                - Registered new binding: Up - W
16:39:26.207 [JavaFX Application Thread] DEBUG Input                - Registered new binding: Down - S
16:39:26.207 [JavaFX Application Thread] DEBUG Input                - Registered new binding: Place boom - Space
16:39:26.207 [JavaFX Application Thread] DEBUG FXGLAssetLoaderServi - Loading from file system: file:/E:/space_java/Game/game_datbom/target/classes/assets/textures/icon/icon.png
16:39:26.241 [FXGL Background Thread 4 ] DEBUG FXGLAssetLoaderServi - Loading from file system: jar:file:/C:/Users/chaum/.m2/repository/com/github/almasb/fxgl/17.1/fxgl-17.1.jar!/fxglassets/ui/fonts/Abel-Regular.ttf
16:39:26.246 [FXGL Background Thread 4 ] DEBUG FXGLAssetLoaderServi - Loading from file system: jar:file:/C:/Users/chaum/.m2/repository/com/github/almasb/fxgl/17.1/fxgl-17.1.jar!/fxglassets/ui/fonts/TerminalLandMono-Regular.otf
16:39:26.250 [FXGL Background Thread 4 ] DEBUG FXGLAssetLoaderServi - Loading from file system: jar:file:/C:/Users/chaum/.m2/repository/com/github/almasb/fxgl/17.1/fxgl-17.1.jar!/fxglassets/ui/fonts/Courier-Prime.ttf
16:39:26.253 [JavaFX Application Thread] DEBUG FXGLAssetLoaderServi - Loading from file system: file:/E:/space_java/Game/game_datbom/target/classes/assets/textures/cursor/cursor1.png
16:39:26.274 [JavaFX Application Thread] DEBUG Input                - Registered new binding: Screenshot - CTRL+8
16:39:26.275 [JavaFX Application Thread] DEBUG Input                - Registered new binding: Dev Options - 1
16:39:26.275 [JavaFX Application Thread] DEBUG Input                - Registered new binding: Dev Console - 2
16:39:26.276 [JavaFX Application Thread] DEBUG Input                - Registered new binding: System info dump - CTRL+9
16:39:26.276 [JavaFX Application Thread] DEBUG Input                - Registered new binding: Restart - CTRL+R
16:39:26.276 [JavaFX Application Thread] DEBUG Input                - Registered new binding: Toggle Debug Camera - CTRL+7
16:39:26.279 [JavaFX Application Thread] DEBUG LoopRunner           - Starting loop
16:39:26.297 [JavaFX Application Thread] DEBUG LoopRunner           - Initializing JavaFX AnimationTimerLoop
16:39:26.300 [JavaFX Application Thread] DEBUG Input                - Clearing active input actions
16:39:26.306 [JavaFX Application Thread] DEBUG GameApplicationServi - Removing overlay from FXGLStartupScene and adding to FXGLMainMenuDummyScene
16:39:26.310 [JavaFX Application Thread] DEBUG PrimaryStageWindow   - FXGLStartupScene -> FXGLMainMenuDummyScene
16:39:26.310 [JavaFX Application Thread] DEBUG PrimaryStageWindow   - Push state: MainMenu
16:39:26.310 [JavaFX Application Thread] DEBUG Input                - Clearing active input actions
16:39:26.314 [JavaFX Application Thread] DEBUG GameApplicationServi - Removing overlay from FXGLMainMenuDummyScene and adding to MainMenu
16:39:26.315 [JavaFX Application Thread] DEBUG PrimaryStageWindow   - FXGLMainMenuDummyScene -> MainMenu
16:39:26.316 [JavaFX Application Thread] DEBUG FXGLApplication      - Registering font factories with UI factory
16:39:27.328 [FXGL Background Thread 2 ] INFO  UpdaterService       - Your current version:  17.1
16:39:27.329 [FXGL Background Thread 2 ] INFO  UpdaterService       - Latest stable version: 17.2
16:39:28.125 [JavaFX Application Thread] DEBUG Menu                 - fireNewGame()
16:39:28.126 [JavaFX Application Thread] DEBUG GameApplicationServi - Starting new game
16:39:28.126 [JavaFX Application Thread] DEBUG PrimaryStageWindow   - Pop state: MainMenu
16:39:28.127 [JavaFX Application Thread] DEBUG Input                - Clearing active input actions
16:39:28.129 [JavaFX Application Thread] DEBUG GameApplicationServi - Removing overlay from MainMenu and adding to FXGLMainMenuDummyScene
16:39:28.133 [JavaFX Application Thread] DEBUG PrimaryStageWindow   - FXGLMainMenuDummyScene <- MainMenu
16:39:28.134 [JavaFX Application Thread] DEBUG Input                - Clearing active input actions
16:39:28.144 [JavaFX Application Thread] DEBUG GameApplicationServi - Removing overlay from FXGLMainMenuDummyScene and adding to FXGLLoadingScene
16:39:28.145 [JavaFX Application Thread] DEBUG PrimaryStageWindow   - FXGLMainMenuDummyScene -> FXGLLoadingScene
16:39:28.145 [JavaFX Application Thread] DEBUG GameApplicationServi - Clearing previous game
16:39:28.145 [JavaFX Application Thread] DEBUG GameScene            - Clearing game scene
16:39:28.145 [JavaFX Application Thread] DEBUG GameWorld            - Clearing game world
16:39:28.146 [JavaFX Application Thread] DEBUG PhysicsWorld         - Clearing physics world
16:39:28.148 [FXGL Background Thread 2 ] DEBUG FXGLApplication      - Initializing game
16:39:28.179 [FXGL Background Thread 2 ] DEBUG FXGLAssetLoaderServi - Loading from file system: file:/E:/space_java/Game/game_datbom/target/classes/assets/textures/mapTexture/grass.png
16:39:28.196 [FXGL Background Thread 2 ] DEBUG FXGLAssetLoaderServi - Loading from file system: file:/E:/space_java/Game/game_datbom/target/classes/assets/textures/mapTexture/wall.png
16:39:28.300 [FXGL Background Thread 2 ] DEBUG FXGLAssetLoaderServi - Loading from file system: file:/E:/space_java/Game/game_datbom/target/classes/assets/textures/mapTexture/brick.png
16:39:28.469 [FXGL Background Thread 2 ] DEBUG FXGLAssetLoaderServi - Loading from file system: file:/E:/space_java/Game/game_datbom/target/classes/assets/textures/character/gold_player_up.png
16:39:28.472 [FXGL Background Thread 2 ] DEBUG FXGLAssetLoaderServi - Loading from file system: file:/E:/space_java/Game/game_datbom/target/classes/assets/textures/character/gold_player_down.png
16:39:28.474 [FXGL Background Thread 2 ] DEBUG FXGLAssetLoaderServi - Loading from file system: file:/E:/space_java/Game/game_datbom/target/classes/assets/textures/character/gold_player_left.png
16:39:28.477 [FXGL Background Thread 2 ] DEBUG FXGLAssetLoaderServi - Loading from file system: file:/E:/space_java/Game/game_datbom/target/classes/assets/textures/character/gold_player_right.png
16:39:28.489 [FXGL Background Thread 2 ] WARN  Entity               - Entity already has component: com.almasb.fxgl.entity.components.CollidableComponent
16:39:28.490 [FXGL Background Thread 2 ] INFO  FXGLApplication      - Game initialization took: 0.342 sec
16:39:28.493 [JavaFX Application Thread] DEBUG Input                - Clearing active input actions
16:39:28.512 [JavaFX Application Thread] DEBUG GameApplicationServi - Removing overlay from FXGLLoadingScene and adding to GameScene
16:39:28.516 [JavaFX Application Thread] DEBUG PrimaryStageWindow   - FXGLLoadingScene -> GameScene
16:39:29.175 [FXGL Background Thread 3 ] DEBUG Engine               - Logging environment variables
16:39:29.177 [FXGL Background Thread 3 ] DEBUG Engine               - achievements: []
16:39:29.177 [FXGL Background Thread 3 ] DEBUG Engine               - actualHeight: 720.0
16:39:29.177 [FXGL Background Thread 3 ] DEBUG Engine               - actualHeightProperty: ReadOnlyDoubleProperty [value: 720.0]
16:39:29.178 [FXGL Background Thread 3 ] DEBUG Engine               - actualWidth: 1280.0
16:39:29.178 [FXGL Background Thread 3 ] DEBUG Engine               - actualWidthProperty: ReadOnlyDoubleProperty [value: 1280.0]
16:39:29.178 [FXGL Background Thread 3 ] DEBUG Engine               - appIcon: icon/icon.png
16:39:29.178 [FXGL Background Thread 3 ] DEBUG Engine               - applicationMode: DEVELOPER
16:39:29.178 [FXGL Background Thread 3 ] DEBUG Engine               - cSSList: [fxgl_dark.css]
16:39:29.178 [FXGL Background Thread 3 ] DEBUG Engine               - collisionDetectionStrategy: BRUTE_FORCE
16:39:29.179 [FXGL Background Thread 3 ] DEBUG Engine               - configClass: Optional.empty
16:39:29.179 [FXGL Background Thread 3 ] DEBUG Engine               - credits: []
16:39:29.181 [FXGL Background Thread 3 ] DEBUG Engine               - defaultCursor: CursorInfo(imageName=cursor/cursor1.png, hotspotX=0.0, hotspotY=0.0)
16:39:29.181 [FXGL Background Thread 3 ] DEBUG Engine               - devBBoxColorProperty: ObjectProperty [value: 0xff0000ff]
16:39:29.181 [FXGL Background Thread 3 ] DEBUG Engine               - devEnableDebugCameraProperty: BooleanProperty [value: false]
16:39:29.182 [FXGL Background Thread 3 ] DEBUG Engine               - devSensorColorProperty: ObjectProperty [value: 0xffff00ff]
16:39:29.182 [FXGL Background Thread 3 ] DEBUG Engine               - devShowBBoxProperty: BooleanProperty [value: false]
16:39:29.182 [FXGL Background Thread 3 ] DEBUG Engine               - devShowPositionProperty: BooleanProperty [value: false]
16:39:29.182 [FXGL Background Thread 3 ] DEBUG Engine               - enabledMenuItems: []
16:39:29.182 [FXGL Background Thread 3 ] DEBUG Engine               - engineServices: [class com.almasb.fxgl.app.services.FXGLAssetLoaderService, class com.almasb.fxgl.app.FXGLApplication$GameApplicationService, class com.almasb.fxgl.app.services.FXGLDialogService, class com.almasb.fxgl.app.services.IOTaskExecutorService, class com.almasb.fxgl.io.FileSystemService, class com.almasb.fxgl.localization.LocalizationService, class com.almasb.fxgl.app.services.SystemBundleService, class com.almasb.fxgl.profile.SaveLoadService, class com.almasb.fxgl.ui.FXGLUIFactoryServiceProvider, class com.almasb.fxgl.ui.FXGLDialogFactoryServiceProvider, class com.almasb.fxgl.audio.AudioPlayer, class com.almasb.fxgl.notification.impl.NotificationServiceProvider, class com.almasb.fxgl.achievement.AchievementService, class com.almasb.fxgl.cutscene.CutsceneService, class com.almasb.fxgl.minigames.MiniGameService, class com.almasb.fxgl.net.NetService, class com.almasb.fxgl.app.services.UpdaterService, class com.almasb.fxgl.dev.DevService]
16:39:29.182 [FXGL Background Thread 3 ] DEBUG Engine               - fontGame: Abel-Regular.ttf
16:39:29.182 [FXGL Background Thread 3 ] DEBUG Engine               - fontMono: TerminalLandMono-Regular.otf
16:39:29.182 [FXGL Background Thread 3 ] DEBUG Engine               - fontText: Courier-Prime.ttf
16:39:29.182 [FXGL Background Thread 3 ] DEBUG Engine               - fontUI: VarelaRound-Regular.ttf
16:39:29.183 [FXGL Background Thread 3 ] DEBUG Engine               - fullScreen: BooleanProperty [value: false]
16:39:29.183 [FXGL Background Thread 3 ] DEBUG Engine               - gameDifficulty: MEDIUM
16:39:29.183 [FXGL Background Thread 3 ] DEBUG Engine               - gameDifficultyProperty: ObjectProperty [value: MEDIUM]
16:39:29.183 [FXGL Background Thread 3 ] DEBUG Engine               - globalMusicVolume: 0.5
16:39:29.183 [FXGL Background Thread 3 ] DEBUG Engine               - globalMusicVolumeProperty: DoubleProperty [value: 0.5]
16:39:29.183 [FXGL Background Thread 3 ] DEBUG Engine               - globalSoundVolume: 0.5
16:39:29.183 [FXGL Background Thread 3 ] DEBUG Engine               - globalSoundVolumeProperty: DoubleProperty [value: 0.5]
16:39:29.184 [FXGL Background Thread 3 ] DEBUG Engine               - height: 720
16:39:29.184 [FXGL Background Thread 3 ] DEBUG Engine               - is3D: false
16:39:29.184 [FXGL Background Thread 3 ] DEBUG Engine               - isAndroid: false
16:39:29.184 [FXGL Background Thread 3 ] DEBUG Engine               - isBrowser: false
16:39:29.184 [FXGL Background Thread 3 ] DEBUG Engine               - isClickFeedbackEnabled: false
16:39:29.184 [FXGL Background Thread 3 ] DEBUG Engine               - isCloseConfirmation: false
16:39:29.184 [FXGL Background Thread 3 ] DEBUG Engine               - isDesktop: true
16:39:29.184 [FXGL Background Thread 3 ] DEBUG Engine               - isDeveloperMenuEnabled: true
16:39:29.185 [FXGL Background Thread 3 ] DEBUG Engine               - isEmbedded: false
16:39:29.185 [FXGL Background Thread 3 ] DEBUG Engine               - isEntityPreloadEnabled: true
16:39:29.185 [FXGL Background Thread 3 ] DEBUG Engine               - isExperimentalTiledLargeMap: false
16:39:29.185 [FXGL Background Thread 3 ] DEBUG Engine               - isFileSystemWriteAllowed: true
16:39:29.185 [FXGL Background Thread 3 ] DEBUG Engine               - isFullScreenAllowed: false
16:39:29.185 [FXGL Background Thread 3 ] DEBUG Engine               - isFullScreenFromStart: false
16:39:29.185 [FXGL Background Thread 3 ] DEBUG Engine               - isGameMenuEnabled: true
16:39:29.185 [FXGL Background Thread 3 ] DEBUG Engine               - isIOS: false
16:39:29.186 [FXGL Background Thread 3 ] DEBUG Engine               - isIntroEnabled: false
16:39:29.186 [FXGL Background Thread 3 ] DEBUG Engine               - isLinux: false
16:39:29.186 [FXGL Background Thread 3 ] DEBUG Engine               - isMac: false
16:39:29.186 [FXGL Background Thread 3 ] DEBUG Engine               - isMainMenuEnabled: true
16:39:29.186 [FXGL Background Thread 3 ] DEBUG Engine               - isManualResizeEnabled: false
16:39:29.186 [FXGL Background Thread 3 ] DEBUG Engine               - isMobile: false
16:39:29.186 [FXGL Background Thread 3 ] DEBUG Engine               - isNative: false
16:39:29.186 [FXGL Background Thread 3 ] DEBUG Engine               - isPauseMusicWhenMinimized: true
16:39:29.186 [FXGL Background Thread 3 ] DEBUG Engine               - isPreserveResizeRatio: false
16:39:29.186 [FXGL Background Thread 3 ] DEBUG Engine               - isProfilingEnabled: false
16:39:29.187 [FXGL Background Thread 3 ] DEBUG Engine               - isScaleAffectedOnResize: true
16:39:29.187 [FXGL Background Thread 3 ] DEBUG Engine               - isSingleStep: false
16:39:29.187 [FXGL Background Thread 3 ] DEBUG Engine               - isUserProfileEnabled: false
16:39:29.187 [FXGL Background Thread 3 ] DEBUG Engine               - isWindows: true
16:39:29.187 [FXGL Background Thread 3 ] DEBUG Engine               - language: ObjectProperty [value: ENGLISH]
16:39:29.187 [FXGL Background Thread 3 ] DEBUG Engine               - menuKey: ESCAPE
16:39:29.187 [FXGL Background Thread 3 ] DEBUG Engine               - mouseSensitivity: 0.2
16:39:29.187 [FXGL Background Thread 3 ] DEBUG Engine               - notificationViewClass: class com.almasb.fxgl.notification.view.XboxNotificationView
16:39:29.187 [FXGL Background Thread 3 ] DEBUG Engine               - pixelsPerMeter: 50.0
16:39:29.187 [FXGL Background Thread 3 ] DEBUG Engine               - platform: WINDOWS
16:39:29.188 [FXGL Background Thread 3 ] DEBUG Engine               - prefHeightProperty: ReadOnlyDoubleProperty [value: 720.0]
16:39:29.188 [FXGL Background Thread 3 ] DEBUG Engine               - prefWidthProperty: ReadOnlyDoubleProperty [value: 1280.0]
16:39:29.188 [FXGL Background Thread 3 ] DEBUG Engine               - profileDir: profiles/
16:39:29.188 [FXGL Background Thread 3 ] DEBUG Engine               - profileName: StringProperty [value: DEFAULT]
16:39:29.188 [FXGL Background Thread 3 ] DEBUG Engine               - randomSeed: -1
16:39:29.188 [FXGL Background Thread 3 ] DEBUG Engine               - runtimeInfo: RuntimeInfo(platform=WINDOWS, version=17.1, build=24.03.2022 17.34)
16:39:29.188 [FXGL Background Thread 3 ] DEBUG Engine               - saveFileExt: sav
16:39:29.189 [FXGL Background Thread 3 ] DEBUG Engine               - scaledHeightProp$fxgl: DoubleProperty [bound, value: 720.0]
16:39:29.189 [FXGL Background Thread 3 ] DEBUG Engine               - scaledWidthProp$fxgl: DoubleProperty [bound, value: 1280.0]
16:39:29.189 [FXGL Background Thread 3 ] DEBUG Engine               - sceneFactory: hellofx.Main$1@7c034aa5
16:39:29.189 [FXGL Background Thread 3 ] DEBUG Engine               - secondsIn24h: 60
16:39:29.189 [FXGL Background Thread 3 ] DEBUG Engine               - soundMenuBack: menu/back.wav
16:39:29.189 [FXGL Background Thread 3 ] DEBUG Engine               - soundMenuPress: menu/press.wav
16:39:29.189 [FXGL Background Thread 3 ] DEBUG Engine               - soundMenuSelect: menu/select.wav
16:39:29.189 [FXGL Background Thread 3 ] DEBUG Engine               - soundNotification: core/notification.wav
16:39:29.189 [FXGL Background Thread 3 ] DEBUG Engine               - stageStyle: DECORATED
16:39:29.189 [FXGL Background Thread 3 ] DEBUG Engine               - supportedLanguages: [ENGLISH, FRENCH, GERMAN, HUNGARIAN, RUSSIAN]
16:39:29.190 [FXGL Background Thread 3 ] DEBUG Engine               - ticksPerSecond: -1
16:39:29.190 [FXGL Background Thread 3 ] DEBUG Engine               - title: Bomberman
16:39:29.190 [FXGL Background Thread 3 ] DEBUG Engine               - urlGithub: https://github.com/AlmasB/FXGL
16:39:29.190 [FXGL Background Thread 3 ] DEBUG Engine               - urlLeaderboard: http://fxgl-top.herokuapp.com/
16:39:29.190 [FXGL Background Thread 3 ] DEBUG Engine               - urlPOM: https://raw.githubusercontent.com/AlmasB/FXGL/release/README.md
16:39:29.190 [FXGL Background Thread 3 ] DEBUG Engine               - userAppClass: class hellofx.Main
16:39:29.190 [FXGL Background Thread 3 ] DEBUG Engine               - version: 1.0
16:39:29.190 [FXGL Background Thread 3 ] DEBUG Engine               - versionCheckDays: 7
16:39:29.190 [FXGL Background Thread 3 ] DEBUG Engine               - width: 1280
16:39:29.190 [FXGL Background Thread 3 ] DEBUG Engine               - Logging services
16:39:29.190 [FXGL Background Thread 3 ] DEBUG Engine               - class com.almasb.fxgl.app.services.FXGLAssetLoaderService
16:39:29.190 [FXGL Background Thread 3 ] DEBUG Engine               - class com.almasb.fxgl.app.FXGLApplication$GameApplicationService
16:39:29.190 [FXGL Background Thread 3 ] DEBUG Engine               - class com.almasb.fxgl.app.services.FXGLDialogService
16:39:29.191 [FXGL Background Thread 3 ] DEBUG Engine               - class com.almasb.fxgl.app.services.IOTaskExecutorService
16:39:29.191 [FXGL Background Thread 3 ] DEBUG Engine               - class com.almasb.fxgl.io.FileSystemService
16:39:29.191 [FXGL Background Thread 3 ] DEBUG Engine               - class com.almasb.fxgl.localization.LocalizationService
16:39:29.191 [FXGL Background Thread 3 ] DEBUG Engine               - class com.almasb.fxgl.app.services.SystemBundleService
16:39:29.191 [FXGL Background Thread 3 ] DEBUG Engine               - class com.almasb.fxgl.profile.SaveLoadService
16:39:29.191 [FXGL Background Thread 3 ] DEBUG Engine               - class com.almasb.fxgl.ui.FXGLUIFactoryServiceProvider
16:39:29.191 [FXGL Background Thread 3 ] DEBUG Engine               - class com.almasb.fxgl.ui.FXGLDialogFactoryServiceProvider
16:39:29.191 [FXGL Background Thread 3 ] DEBUG Engine               - class com.almasb.fxgl.audio.AudioPlayer
16:39:29.191 [FXGL Background Thread 3 ] DEBUG Engine               - class com.almasb.fxgl.notification.impl.NotificationServiceProvider
16:39:29.191 [FXGL Background Thread 3 ] DEBUG Engine               - class com.almasb.fxgl.achievement.AchievementService
16:39:29.192 [FXGL Background Thread 3 ] DEBUG Engine               - class com.almasb.fxgl.cutscene.CutsceneService
16:39:29.192 [FXGL Background Thread 3 ] DEBUG Engine               - class com.almasb.fxgl.minigames.MiniGameService
16:39:29.192 [FXGL Background Thread 3 ] DEBUG Engine               - class com.almasb.fxgl.net.NetService
16:39:29.192 [FXGL Background Thread 3 ] DEBUG Engine               - class com.almasb.fxgl.app.services.UpdaterService
16:39:29.192 [FXGL Background Thread 3 ] DEBUG Engine               - class com.almasb.fxgl.dev.DevService
16:39:31.532 [JavaFX Application Thread] DEBUG FXGLAssetLoaderServi - Loading from file system: file:/E:/space_java/Game/game_datbom/target/classes/assets/textures/character%5cbomb.png
16:39:31.538 [JavaFX Application Thread] DEBUG FXGLAssetLoaderServi - Loading from file system: file:/E:/space_java/Game/game_datbom/target/classes/assets/textures/flame%5cleft_flame.png
16:39:31.541 [JavaFX Application Thread] DEBUG FXGLAssetLoaderServi - Loading from file system: file:/E:/space_java/Game/game_datbom/target/classes/assets/textures/flame%5cup_flame.png
16:39:31.544 [JavaFX Application Thread] DEBUG FXGLAssetLoaderServi - Loading from file system: file:/E:/space_java/Game/game_datbom/target/classes/assets/textures/flame%5ccentral_flame.png
16:39:49.501 [JavaFX Application Thread] DEBUG FXGLApplication      - Exiting FXGL
16:39:49.501 [JavaFX Application Thread] DEBUG LoopRunner           - Stopping loop
16:39:49.501 [JavaFX Application Thread] DEBUG SystemBundleService  - Saving FXGL system data
16:39:49.509 [JavaFX Application Thread] DEBUG FileSystemAccess     - Writing to: E:\space_java\Game\game_datbom\system\fxgl.bundle
16:39:49.514 [JavaFX Application Thread] DEBUG Async                - Shutting down background threads
16:39:49.515 [JavaFX Application Thread] DEBUG PrimaryStageWindow   - Closing main window
16:39:49.541 [JavaFX Application Thread] DEBUG Logger               - Closing Logger
