21:39:42.615 [main                     ] DEBUG Logger               - Configured Logger
21:39:42.632 [main                     ] DEBUG GameApplication      - Logging settings
Title: Bomberman
Version: 1.0
Width: 1280
Height: 720
Fullscreen: false
Intro: false
Profiling: false
Single step:false
App Mode: DEVELOPER
Menu Key: ESCAPE
Stage Style: DECORATED
Scene Factory: class hellofx.Main$1

21:39:42.741 [JavaFX Application Thread] DEBUG FXGLApplication      - Initializing FXGL
21:39:42.746 [JavaFX Application Thread] INFO  Engine               - FXGL-17.1 (24.03.2022 17.34) on WINDOWS (J:18.0.2.1 FX:18)
21:39:42.746 [JavaFX Application Thread] DEBUG Engine               - JRE Vendor Name: Oracle Corporation
21:39:42.747 [JavaFX Application Thread] DEBUG Engine               - Running on OS: Windows 11 version 10.0
21:39:42.747 [JavaFX Application Thread] DEBUG Engine               - Architecture: amd64
21:39:42.747 [JavaFX Application Thread] INFO  Engine               - Source code and latest versions at: https://github.com/AlmasB/FXGL
21:39:42.747 [JavaFX Application Thread] INFO  Engine               -       Ask questions and discuss at: https://github.com/AlmasB/FXGL/discussions
21:39:42.747 [JavaFX Application Thread] INFO  Engine               -              Join the FXGL chat at: https://gitter.im/AlmasB/FXGL
21:39:42.796 [JavaFX Application Thread] DEBUG PrimaryStageWindow   - Creating a JavaFX scene
21:39:42.832 [JavaFX Application Thread] DEBUG PrimaryStageWindow   - Target settings size: 1280.0 x 720.0
21:39:42.833 [JavaFX Application Thread] DEBUG PrimaryStageWindow   - Scaled scene size:    1280.0 x 720.0
21:39:42.833 [JavaFX Application Thread] DEBUG PrimaryStageWindow   - Scaled ratio: (1.0, 1.0)
21:39:42.834 [JavaFX Application Thread] DEBUG PrimaryStageWindow   - Set initial scene to FXGLStartupScene
21:39:42.840 [JavaFX Application Thread] DEBUG PrimaryStageWindow   - Opening main window
21:39:42.913 [JavaFX Application Thread] DEBUG PrimaryStageWindow   - Window border size: (16.0, 39.0)
21:39:42.913 [JavaFX Application Thread] DEBUG PrimaryStageWindow   - Scaled size: 1280.0 x 720.0
21:39:42.913 [JavaFX Application Thread] DEBUG PrimaryStageWindow   - Scaled ratio: (1.0, 1.0)
21:39:42.913 [JavaFX Application Thread] DEBUG PrimaryStageWindow   - Scene size: 1280.0 x 720.0
21:39:42.914 [JavaFX Application Thread] DEBUG PrimaryStageWindow   - Stage size: 1296.0 x 759.0
21:39:42.923 [FXGL Background Thread 1 ] DEBUG Engine               - Initializing environment variables
21:39:42.975 [FXGL Background Thread 1 ] DEBUG FXGLAssetLoaderServi - User app class for loading assets: class hellofx.Main
21:39:42.975 [FXGL Background Thread 1 ] DEBUG GameApplicationServi - Applying CSS: fxgl_dark.css
21:39:42.976 [FXGL Background Thread 1 ] DEBUG FXGLAssetLoaderServi - Loading from file system: jar:file:/C:/Users/chaum/.m2/repository/com/github/almasb/fxgl/17.1/fxgl-17.1.jar!/fxglassets/ui/css/fxgl_dark.css
21:39:43.009 [FXGL Background Thread 1 ] DEBUG GameApplicationServi - Initializing application scenes
21:39:43.042 [FXGL Background Thread 1 ] DEBUG GameWorld            - Game world initialized
21:39:43.084 [FXGL Background Thread 1 ] DEBUG PhysicsWorld         - Physics world initialized: appHeight=720, physics.ppm=50.0
21:39:43.085 [FXGL Background Thread 1 ] DEBUG PhysicsWorld         - Using strategy: BRUTE_FORCE
21:39:43.087 [FXGL Background Thread 1 ] DEBUG GameScene            - Game scene initialized: 1280x720
21:39:43.140 [FXGL Background Thread 1 ] DEBUG GameApplicationServi - Application scenes initialized
21:39:43.149 [FXGL Background Thread 1 ] DEBUG SystemBundleService  - Loading FXGL system data
21:39:43.153 [FXGL Background Thread 1 ] DEBUG FileSystemAccess     - Reading from: E:\space_java\Game\game_datbom\system\fxgl.bundle
21:39:43.160 [FXGL Background Thread 1 ] DEBUG SystemBundleService  - Bundle FXGL: {}
21:39:43.160 [FXGL Background Thread 1 ] DEBUG UpdaterService       - Checking for updates
21:39:43.186 [FXGL Background Thread 4 ] DEBUG FXGLApplication      - Loading fonts
21:39:43.186 [FXGL Background Thread 1 ] DEBUG FXGLApplication      - Loading default localization
21:39:43.186 [FXGL Background Thread 4 ] DEBUG FXGLAssetLoaderServi - Loading from file system: jar:file:/C:/Users/chaum/.m2/repository/com/github/almasb/fxgl/17.1/fxgl-17.1.jar!/fxglassets/ui/fonts/VarelaRound-Regular.ttf
21:39:43.188 [FXGL Background Thread 1 ] DEBUG FXGLAssetLoaderServi - Loading from file system: jar:file:/C:/Users/chaum/.m2/repository/com/github/almasb/fxgl/17.1/fxgl-17.1.jar!/fxglassets/languages/english.lang
21:39:43.209 [FXGL Background Thread 1 ] INFO  FXGLApplication      - FXGL initialization took: 0.286 sec
21:39:43.223 [JavaFX Application Thread] DEBUG Input                - Registered new binding: action0 - F
21:39:43.223 [JavaFX Application Thread] DEBUG Input                - Registered new binding: Right - D
21:39:43.223 [JavaFX Application Thread] DEBUG Input                - Registered new binding: Left - A
21:39:43.223 [JavaFX Application Thread] DEBUG Input                - Registered new binding: Up - W
21:39:43.224 [JavaFX Application Thread] DEBUG Input                - Registered new binding: Down - S
21:39:43.224 [JavaFX Application Thread] DEBUG Input                - Registered new binding: Place boom - Space
21:39:43.224 [JavaFX Application Thread] DEBUG FXGLAssetLoaderServi - Loading from file system: file:/E:/space_java/Game/game_datbom/target/classes/assets/textures/icon/icon.png
21:39:43.301 [JavaFX Application Thread] DEBUG FXGLAssetLoaderServi - Loading from file system: file:/E:/space_java/Game/game_datbom/target/classes/assets/textures/cursor/cursor1.png
21:39:43.310 [JavaFX Application Thread] DEBUG Input                - Registered new binding: Screenshot - CTRL+8
21:39:43.311 [JavaFX Application Thread] DEBUG Input                - Registered new binding: Dev Options - 1
21:39:43.311 [JavaFX Application Thread] DEBUG Input                - Registered new binding: Dev Console - 2
21:39:43.312 [FXGL Background Thread 4 ] DEBUG FXGLAssetLoaderServi - Loading from file system: jar:file:/C:/Users/chaum/.m2/repository/com/github/almasb/fxgl/17.1/fxgl-17.1.jar!/fxglassets/ui/fonts/Abel-Regular.ttf
21:39:43.312 [JavaFX Application Thread] DEBUG Input                - Registered new binding: System info dump - CTRL+9
21:39:43.312 [JavaFX Application Thread] DEBUG Input                - Registered new binding: Restart - CTRL+R
21:39:43.313 [JavaFX Application Thread] DEBUG Input                - Registered new binding: Toggle Debug Camera - CTRL+7
21:39:43.316 [JavaFX Application Thread] DEBUG LoopRunner           - Starting loop
21:39:43.318 [FXGL Background Thread 4 ] DEBUG FXGLAssetLoaderServi - Loading from file system: jar:file:/C:/Users/chaum/.m2/repository/com/github/almasb/fxgl/17.1/fxgl-17.1.jar!/fxglassets/ui/fonts/TerminalLandMono-Regular.otf
21:39:43.331 [JavaFX Application Thread] DEBUG LoopRunner           - Initializing JavaFX AnimationTimerLoop
21:39:43.333 [JavaFX Application Thread] DEBUG Input                - Clearing active input actions
21:39:43.339 [JavaFX Application Thread] DEBUG GameApplicationServi - Removing overlay from FXGLStartupScene and adding to FXGLMainMenuDummyScene
21:39:43.343 [JavaFX Application Thread] DEBUG PrimaryStageWindow   - FXGLStartupScene -> FXGLMainMenuDummyScene
21:39:43.343 [JavaFX Application Thread] DEBUG PrimaryStageWindow   - Push state: MainMenu
21:39:43.343 [JavaFX Application Thread] DEBUG Input                - Clearing active input actions
21:39:43.347 [JavaFX Application Thread] DEBUG GameApplicationServi - Removing overlay from FXGLMainMenuDummyScene and adding to MainMenu
21:39:43.347 [JavaFX Application Thread] DEBUG PrimaryStageWindow   - FXGLMainMenuDummyScene -> MainMenu
21:39:43.350 [FXGL Background Thread 4 ] DEBUG FXGLAssetLoaderServi - Loading from file system: jar:file:/C:/Users/chaum/.m2/repository/com/github/almasb/fxgl/17.1/fxgl-17.1.jar!/fxglassets/ui/fonts/Courier-Prime.ttf
21:39:43.523 [JavaFX Application Thread] DEBUG FXGLApplication      - Registering font factories with UI factory
21:39:43.791 [FXGL Background Thread 2 ] INFO  UpdaterService       - Your current version:  17.1
21:39:43.791 [FXGL Background Thread 2 ] INFO  UpdaterService       - Latest stable version: 17.2
21:39:46.186 [FXGL Background Thread 3 ] DEBUG Engine               - Logging environment variables
21:39:46.188 [FXGL Background Thread 3 ] DEBUG Engine               - achievements: []
21:39:46.188 [FXGL Background Thread 3 ] DEBUG Engine               - actualHeight: 720.0
21:39:46.189 [FXGL Background Thread 3 ] DEBUG Engine               - actualHeightProperty: ReadOnlyDoubleProperty [value: 720.0]
21:39:46.189 [FXGL Background Thread 3 ] DEBUG Engine               - actualWidth: 1280.0
21:39:46.189 [FXGL Background Thread 3 ] DEBUG Engine               - actualWidthProperty: ReadOnlyDoubleProperty [value: 1280.0]
21:39:46.189 [FXGL Background Thread 3 ] DEBUG Engine               - appIcon: icon/icon.png
21:39:46.189 [FXGL Background Thread 3 ] DEBUG Engine               - applicationMode: DEVELOPER
21:39:46.190 [FXGL Background Thread 3 ] DEBUG Engine               - cSSList: [fxgl_dark.css]
21:39:46.190 [FXGL Background Thread 3 ] DEBUG Engine               - collisionDetectionStrategy: BRUTE_FORCE
21:39:46.190 [FXGL Background Thread 3 ] DEBUG Engine               - configClass: Optional.empty
21:39:46.190 [FXGL Background Thread 3 ] DEBUG Engine               - credits: []
21:39:46.191 [FXGL Background Thread 3 ] DEBUG Engine               - defaultCursor: CursorInfo(imageName=cursor/cursor1.png, hotspotX=0.0, hotspotY=0.0)
21:39:46.192 [FXGL Background Thread 3 ] DEBUG Engine               - devBBoxColorProperty: ObjectProperty [value: 0xff0000ff]
21:39:46.192 [FXGL Background Thread 3 ] DEBUG Engine               - devEnableDebugCameraProperty: BooleanProperty [value: false]
21:39:46.192 [FXGL Background Thread 3 ] DEBUG Engine               - devSensorColorProperty: ObjectProperty [value: 0xffff00ff]
21:39:46.192 [FXGL Background Thread 3 ] DEBUG Engine               - devShowBBoxProperty: BooleanProperty [value: false]
21:39:46.192 [FXGL Background Thread 3 ] DEBUG Engine               - devShowPositionProperty: BooleanProperty [value: false]
21:39:46.192 [FXGL Background Thread 3 ] DEBUG Engine               - enabledMenuItems: []
21:39:46.192 [FXGL Background Thread 3 ] DEBUG Engine               - engineServices: [class com.almasb.fxgl.app.services.FXGLAssetLoaderService, class com.almasb.fxgl.app.FXGLApplication$GameApplicationService, class com.almasb.fxgl.app.services.FXGLDialogService, class com.almasb.fxgl.app.services.IOTaskExecutorService, class com.almasb.fxgl.io.FileSystemService, class com.almasb.fxgl.localization.LocalizationService, class com.almasb.fxgl.app.services.SystemBundleService, class com.almasb.fxgl.profile.SaveLoadService, class com.almasb.fxgl.ui.FXGLUIFactoryServiceProvider, class com.almasb.fxgl.ui.FXGLDialogFactoryServiceProvider, class com.almasb.fxgl.audio.AudioPlayer, class com.almasb.fxgl.notification.impl.NotificationServiceProvider, class com.almasb.fxgl.achievement.AchievementService, class com.almasb.fxgl.cutscene.CutsceneService, class com.almasb.fxgl.minigames.MiniGameService, class com.almasb.fxgl.net.NetService, class com.almasb.fxgl.app.services.UpdaterService, class com.almasb.fxgl.dev.DevService]
21:39:46.192 [FXGL Background Thread 3 ] DEBUG Engine               - fontGame: Abel-Regular.ttf
21:39:46.192 [FXGL Background Thread 3 ] DEBUG Engine               - fontMono: TerminalLandMono-Regular.otf
21:39:46.192 [FXGL Background Thread 3 ] DEBUG Engine               - fontText: Courier-Prime.ttf
21:39:46.193 [FXGL Background Thread 3 ] DEBUG Engine               - fontUI: VarelaRound-Regular.ttf
21:39:46.193 [FXGL Background Thread 3 ] DEBUG Engine               - fullScreen: BooleanProperty [value: false]
21:39:46.193 [FXGL Background Thread 3 ] DEBUG Engine               - gameDifficulty: MEDIUM
21:39:46.193 [FXGL Background Thread 3 ] DEBUG Engine               - gameDifficultyProperty: ObjectProperty [value: MEDIUM]
21:39:46.193 [FXGL Background Thread 3 ] DEBUG Engine               - globalMusicVolume: 0.5
21:39:46.193 [FXGL Background Thread 3 ] DEBUG Engine               - globalMusicVolumeProperty: DoubleProperty [value: 0.5]
21:39:46.193 [FXGL Background Thread 3 ] DEBUG Engine               - globalSoundVolume: 0.5
21:39:46.193 [FXGL Background Thread 3 ] DEBUG Engine               - globalSoundVolumeProperty: DoubleProperty [value: 0.5]
21:39:46.193 [FXGL Background Thread 3 ] DEBUG Engine               - height: 720
21:39:46.193 [FXGL Background Thread 3 ] DEBUG Engine               - is3D: false
21:39:46.193 [FXGL Background Thread 3 ] DEBUG Engine               - isAndroid: false
21:39:46.193 [FXGL Background Thread 3 ] DEBUG Engine               - isBrowser: false
21:39:46.193 [FXGL Background Thread 3 ] DEBUG Engine               - isClickFeedbackEnabled: false
21:39:46.194 [FXGL Background Thread 3 ] DEBUG Engine               - isCloseConfirmation: false
21:39:46.194 [FXGL Background Thread 3 ] DEBUG Engine               - isDesktop: true
21:39:46.194 [FXGL Background Thread 3 ] DEBUG Engine               - isDeveloperMenuEnabled: true
21:39:46.194 [FXGL Background Thread 3 ] DEBUG Engine               - isEmbedded: false
21:39:46.194 [FXGL Background Thread 3 ] DEBUG Engine               - isEntityPreloadEnabled: true
21:39:46.194 [FXGL Background Thread 3 ] DEBUG Engine               - isExperimentalTiledLargeMap: false
21:39:46.194 [FXGL Background Thread 3 ] DEBUG Engine               - isFileSystemWriteAllowed: true
21:39:46.194 [FXGL Background Thread 3 ] DEBUG Engine               - isFullScreenAllowed: false
21:39:46.194 [FXGL Background Thread 3 ] DEBUG Engine               - isFullScreenFromStart: false
21:39:46.194 [FXGL Background Thread 3 ] DEBUG Engine               - isGameMenuEnabled: true
21:39:46.194 [FXGL Background Thread 3 ] DEBUG Engine               - isIOS: false
21:39:46.194 [FXGL Background Thread 3 ] DEBUG Engine               - isIntroEnabled: false
21:39:46.194 [FXGL Background Thread 3 ] DEBUG Engine               - isLinux: false
21:39:46.194 [FXGL Background Thread 3 ] DEBUG Engine               - isMac: false
21:39:46.195 [FXGL Background Thread 3 ] DEBUG Engine               - isMainMenuEnabled: true
21:39:46.195 [FXGL Background Thread 3 ] DEBUG Engine               - isManualResizeEnabled: false
21:39:46.195 [FXGL Background Thread 3 ] DEBUG Engine               - isMobile: false
21:39:46.195 [FXGL Background Thread 3 ] DEBUG Engine               - isNative: false
21:39:46.195 [FXGL Background Thread 3 ] DEBUG Engine               - isPauseMusicWhenMinimized: true
21:39:46.195 [FXGL Background Thread 3 ] DEBUG Engine               - isPreserveResizeRatio: false
21:39:46.195 [FXGL Background Thread 3 ] DEBUG Engine               - isProfilingEnabled: false
21:39:46.195 [FXGL Background Thread 3 ] DEBUG Engine               - isScaleAffectedOnResize: true
21:39:46.195 [FXGL Background Thread 3 ] DEBUG Engine               - isSingleStep: false
21:39:46.195 [FXGL Background Thread 3 ] DEBUG Engine               - isUserProfileEnabled: false
21:39:46.195 [FXGL Background Thread 3 ] DEBUG Engine               - isWindows: true
21:39:46.195 [FXGL Background Thread 3 ] DEBUG Engine               - language: ObjectProperty [value: ENGLISH]
21:39:46.195 [FXGL Background Thread 3 ] DEBUG Engine               - menuKey: ESCAPE
21:39:46.196 [FXGL Background Thread 3 ] DEBUG Engine               - mouseSensitivity: 0.2
21:39:46.196 [FXGL Background Thread 3 ] DEBUG Engine               - notificationViewClass: class com.almasb.fxgl.notification.view.XboxNotificationView
21:39:46.196 [FXGL Background Thread 3 ] DEBUG Engine               - pixelsPerMeter: 50.0
21:39:46.196 [FXGL Background Thread 3 ] DEBUG Engine               - platform: WINDOWS
21:39:46.196 [FXGL Background Thread 3 ] DEBUG Engine               - prefHeightProperty: ReadOnlyDoubleProperty [value: 720.0]
21:39:46.196 [FXGL Background Thread 3 ] DEBUG Engine               - prefWidthProperty: ReadOnlyDoubleProperty [value: 1280.0]
21:39:46.196 [FXGL Background Thread 3 ] DEBUG Engine               - profileDir: profiles/
21:39:46.196 [FXGL Background Thread 3 ] DEBUG Engine               - profileName: StringProperty [value: DEFAULT]
21:39:46.196 [FXGL Background Thread 3 ] DEBUG Engine               - randomSeed: -1
21:39:46.197 [FXGL Background Thread 3 ] DEBUG Engine               - runtimeInfo: RuntimeInfo(platform=WINDOWS, version=17.1, build=24.03.2022 17.34)
21:39:46.197 [FXGL Background Thread 3 ] DEBUG Engine               - saveFileExt: sav
21:39:46.197 [FXGL Background Thread 3 ] DEBUG Engine               - scaledHeightProp$fxgl: DoubleProperty [bound, value: 720.0]
21:39:46.197 [FXGL Background Thread 3 ] DEBUG Engine               - scaledWidthProp$fxgl: DoubleProperty [bound, value: 1280.0]
21:39:46.197 [FXGL Background Thread 3 ] DEBUG Engine               - sceneFactory: hellofx.Main$1@998f9d3
21:39:46.197 [FXGL Background Thread 3 ] DEBUG Engine               - secondsIn24h: 60
21:39:46.197 [FXGL Background Thread 3 ] DEBUG Engine               - soundMenuBack: menu/back.wav
21:39:46.197 [FXGL Background Thread 3 ] DEBUG Engine               - soundMenuPress: menu/press.wav
21:39:46.197 [FXGL Background Thread 3 ] DEBUG Engine               - soundMenuSelect: menu/select.wav
21:39:46.197 [FXGL Background Thread 3 ] DEBUG Engine               - soundNotification: core/notification.wav
21:39:46.197 [FXGL Background Thread 3 ] DEBUG Engine               - stageStyle: DECORATED
21:39:46.197 [FXGL Background Thread 3 ] DEBUG Engine               - supportedLanguages: [ENGLISH, FRENCH, GERMAN, HUNGARIAN, RUSSIAN]
21:39:46.197 [FXGL Background Thread 3 ] DEBUG Engine               - ticksPerSecond: -1
21:39:46.197 [FXGL Background Thread 3 ] DEBUG Engine               - title: Bomberman
21:39:46.197 [FXGL Background Thread 3 ] DEBUG Engine               - urlGithub: https://github.com/AlmasB/FXGL
21:39:46.197 [FXGL Background Thread 3 ] DEBUG Engine               - urlLeaderboard: http://fxgl-top.herokuapp.com/
21:39:46.197 [FXGL Background Thread 3 ] DEBUG Engine               - urlPOM: https://raw.githubusercontent.com/AlmasB/FXGL/release/README.md
21:39:46.197 [FXGL Background Thread 3 ] DEBUG Engine               - userAppClass: class hellofx.Main
21:39:46.198 [FXGL Background Thread 3 ] DEBUG Engine               - version: 1.0
21:39:46.198 [FXGL Background Thread 3 ] DEBUG Engine               - versionCheckDays: 7
21:39:46.198 [FXGL Background Thread 3 ] DEBUG Engine               - width: 1280
21:39:46.198 [FXGL Background Thread 3 ] DEBUG Engine               - Logging services
21:39:46.198 [FXGL Background Thread 3 ] DEBUG Engine               - class com.almasb.fxgl.app.services.FXGLAssetLoaderService
21:39:46.198 [FXGL Background Thread 3 ] DEBUG Engine               - class com.almasb.fxgl.app.FXGLApplication$GameApplicationService
21:39:46.198 [FXGL Background Thread 3 ] DEBUG Engine               - class com.almasb.fxgl.app.services.FXGLDialogService
21:39:46.198 [FXGL Background Thread 3 ] DEBUG Engine               - class com.almasb.fxgl.app.services.IOTaskExecutorService
21:39:46.198 [FXGL Background Thread 3 ] DEBUG Engine               - class com.almasb.fxgl.io.FileSystemService
21:39:46.198 [FXGL Background Thread 3 ] DEBUG Engine               - class com.almasb.fxgl.localization.LocalizationService
21:39:46.198 [FXGL Background Thread 3 ] DEBUG Engine               - class com.almasb.fxgl.app.services.SystemBundleService
21:39:46.198 [FXGL Background Thread 3 ] DEBUG Engine               - class com.almasb.fxgl.profile.SaveLoadService
21:39:46.198 [FXGL Background Thread 3 ] DEBUG Engine               - class com.almasb.fxgl.ui.FXGLUIFactoryServiceProvider
21:39:46.198 [FXGL Background Thread 3 ] DEBUG Engine               - class com.almasb.fxgl.ui.FXGLDialogFactoryServiceProvider
21:39:46.198 [FXGL Background Thread 3 ] DEBUG Engine               - class com.almasb.fxgl.audio.AudioPlayer
21:39:46.198 [FXGL Background Thread 3 ] DEBUG Engine               - class com.almasb.fxgl.notification.impl.NotificationServiceProvider
21:39:46.198 [FXGL Background Thread 3 ] DEBUG Engine               - class com.almasb.fxgl.achievement.AchievementService
21:39:46.198 [FXGL Background Thread 3 ] DEBUG Engine               - class com.almasb.fxgl.cutscene.CutsceneService
21:39:46.198 [FXGL Background Thread 3 ] DEBUG Engine               - class com.almasb.fxgl.minigames.MiniGameService
21:39:46.198 [FXGL Background Thread 3 ] DEBUG Engine               - class com.almasb.fxgl.net.NetService
21:39:46.198 [FXGL Background Thread 3 ] DEBUG Engine               - class com.almasb.fxgl.app.services.UpdaterService
21:39:46.198 [FXGL Background Thread 3 ] DEBUG Engine               - class com.almasb.fxgl.dev.DevService
21:39:46.982 [JavaFX Application Thread] DEBUG Menu                 - fireNewGame()
21:39:46.982 [JavaFX Application Thread] DEBUG GameApplicationServi - Starting new game
21:39:46.983 [JavaFX Application Thread] DEBUG PrimaryStageWindow   - Pop state: MainMenu
21:39:46.983 [JavaFX Application Thread] DEBUG Input                - Clearing active input actions
21:39:46.984 [JavaFX Application Thread] DEBUG GameApplicationServi - Removing overlay from MainMenu and adding to FXGLMainMenuDummyScene
21:39:46.986 [JavaFX Application Thread] DEBUG PrimaryStageWindow   - FXGLMainMenuDummyScene <- MainMenu
21:39:46.986 [JavaFX Application Thread] DEBUG Input                - Clearing active input actions
21:39:46.993 [JavaFX Application Thread] DEBUG GameApplicationServi - Removing overlay from FXGLMainMenuDummyScene and adding to FXGLLoadingScene
21:39:46.993 [JavaFX Application Thread] DEBUG PrimaryStageWindow   - FXGLMainMenuDummyScene -> FXGLLoadingScene
21:39:46.993 [JavaFX Application Thread] DEBUG GameApplicationServi - Clearing previous game
21:39:46.994 [JavaFX Application Thread] DEBUG GameScene            - Clearing game scene
21:39:46.994 [JavaFX Application Thread] DEBUG GameWorld            - Clearing game world
21:39:46.994 [JavaFX Application Thread] DEBUG PhysicsWorld         - Clearing physics world
21:39:46.995 [FXGL Background Thread 2 ] DEBUG FXGLApplication      - Initializing game
21:39:47.035 [FXGL Background Thread 2 ] DEBUG FXGLAssetLoaderServi - Loading from file system: file:/E:/space_java/Game/game_datbom/target/classes/assets/textures/mapTexture/grass.png
21:39:47.041 [FXGL Background Thread 2 ] DEBUG FXGLAssetLoaderServi - Loading from file system: file:/E:/space_java/Game/game_datbom/target/classes/assets/textures/mapTexture/wall.png
21:39:47.103 [FXGL Background Thread 2 ] DEBUG FXGLAssetLoaderServi - Loading from file system: file:/E:/space_java/Game/game_datbom/target/classes/assets/textures/gameItem/powerup_speed.png
21:39:47.108 [FXGL Background Thread 2 ] DEBUG FXGLAssetLoaderServi - Loading from file system: file:/E:/space_java/Game/game_datbom/target/classes/assets/textures/gameItem/powerup_flames.png
21:39:47.124 [FXGL Background Thread 2 ] DEBUG FXGLAssetLoaderServi - Loading from file system: file:/E:/space_java/Game/game_datbom/target/classes/assets/textures/mapTexture%5cbrick.png
21:39:47.125 [FXGL Background Thread 2 ] DEBUG FXGLAssetLoaderServi - Loading from file system: file:/E:/space_java/Game/game_datbom/target/classes/assets/textures/mapTexture%5cbrick_break.png
21:39:47.205 [FXGL Background Thread 2 ] DEBUG FXGLAssetLoaderServi - Loading from file system: file:/E:/space_java/Game/game_datbom/target/classes/assets/textures/mapTexture/portal.png
21:39:47.260 [FXGL Background Thread 2 ] DEBUG FXGLAssetLoaderServi - Loading from file system: file:/E:/space_java/Game/game_datbom/target/classes/assets/textures/character/gold_player_dead.png
21:39:47.261 [FXGL Background Thread 2 ] DEBUG FXGLAssetLoaderServi - Loading from file system: file:/E:/space_java/Game/game_datbom/target/classes/assets/textures/character/gold_player_down.png
21:39:47.262 [FXGL Background Thread 2 ] DEBUG FXGLAssetLoaderServi - Loading from file system: file:/E:/space_java/Game/game_datbom/target/classes/assets/textures/character/gold_player_up.png
21:39:47.263 [FXGL Background Thread 2 ] DEBUG FXGLAssetLoaderServi - Loading from file system: file:/E:/space_java/Game/game_datbom/target/classes/assets/textures/character/gold_player_left_temp.png
21:39:47.264 [FXGL Background Thread 2 ] DEBUG FXGLAssetLoaderServi - Loading from file system: file:/E:/space_java/Game/game_datbom/target/classes/assets/textures/character/gold_player_right_temp.png
21:39:47.268 [FXGL Background Thread 2 ] WARN  Entity               - Entity already has component: com.almasb.fxgl.entity.components.CollidableComponent
21:39:47.271 [FXGL Background Thread 2 ] INFO  FXGLApplication      - Game initialization took: 0.275 sec
21:39:47.272 [JavaFX Application Thread] DEBUG Input                - Clearing active input actions
21:39:47.284 [JavaFX Application Thread] DEBUG GameApplicationServi - Removing overlay from FXGLLoadingScene and adding to GameScene
21:39:47.286 [JavaFX Application Thread] DEBUG PrimaryStageWindow   - FXGLLoadingScene -> GameScene
21:39:55.356 [JavaFX Application Thread] DEBUG FXGLAssetLoaderServi - Loading from file system: file:/E:/space_java/Game/game_datbom/target/classes/assets/textures/character%5cbomb.png
21:39:55.361 [JavaFX Application Thread] DEBUG FXGLAssetLoaderServi - Loading from file system: file:/E:/space_java/Game/game_datbom/target/classes/assets/textures/flame%5cleft_flame.png
21:39:55.362 [JavaFX Application Thread] DEBUG FXGLAssetLoaderServi - Loading from file system: file:/E:/space_java/Game/game_datbom/target/classes/assets/textures/flame%5cup_flame.png
21:39:55.363 [JavaFX Application Thread] DEBUG FXGLAssetLoaderServi - Loading from file system: file:/E:/space_java/Game/game_datbom/target/classes/assets/textures/flame%5ccentral_flame.png
21:40:53.949 [JavaFX Application Thread] DEBUG FXGLApplication      - Exiting FXGL
21:40:53.949 [JavaFX Application Thread] DEBUG LoopRunner           - Stopping loop
21:40:53.949 [JavaFX Application Thread] DEBUG SystemBundleService  - Saving FXGL system data
21:40:53.951 [JavaFX Application Thread] DEBUG FileSystemAccess     - Writing to: E:\space_java\Game\game_datbom\system\fxgl.bundle
21:40:53.953 [JavaFX Application Thread] DEBUG Async                - Shutting down background threads
21:40:53.953 [JavaFX Application Thread] DEBUG PrimaryStageWindow   - Closing main window
21:40:53.981 [JavaFX Application Thread] DEBUG Logger               - Closing Logger
