21:37:17.650 [main                     ] DEBUG Logger               - Configured Logger
21:37:17.664 [main                     ] DEBUG GameApplication      - Logging settings
Title: Bomberman
Version: 1.0
Width: 1280
Height: 720
Fullscreen: false
Intro: false
Profiling: false
Single step:false
App Mode: DEVELOPER
Menu Key: ESCAPE
Stage Style: DECORATED
Scene Factory: class hellofx.Main$1

21:37:17.750 [JavaFX Application Thread] DEBUG FXGLApplication      - Initializing FXGL
21:37:17.755 [JavaFX Application Thread] INFO  Engine               - FXGL-17.1 (24.03.2022 17.34) on WINDOWS (J:18.0.2.1 FX:18)
21:37:17.755 [JavaFX Application Thread] DEBUG Engine               - JRE Vendor Name: Oracle Corporation
21:37:17.755 [JavaFX Application Thread] DEBUG Engine               - Running on OS: Windows 11 version 10.0
21:37:17.756 [JavaFX Application Thread] DEBUG Engine               - Architecture: amd64
21:37:17.756 [JavaFX Application Thread] INFO  Engine               - Source code and latest versions at: https://github.com/AlmasB/FXGL
21:37:17.756 [JavaFX Application Thread] INFO  Engine               -       Ask questions and discuss at: https://github.com/AlmasB/FXGL/discussions
21:37:17.756 [JavaFX Application Thread] INFO  Engine               -              Join the FXGL chat at: https://gitter.im/AlmasB/FXGL
21:37:17.794 [JavaFX Application Thread] DEBUG PrimaryStageWindow   - Creating a JavaFX scene
21:37:17.829 [JavaFX Application Thread] DEBUG PrimaryStageWindow   - Target settings size: 1280.0 x 720.0
21:37:17.830 [JavaFX Application Thread] DEBUG PrimaryStageWindow   - Scaled scene size:    1280.0 x 720.0
21:37:17.830 [JavaFX Application Thread] DEBUG PrimaryStageWindow   - Scaled ratio: (1.0, 1.0)
21:37:17.831 [JavaFX Application Thread] DEBUG PrimaryStageWindow   - Set initial scene to FXGLStartupScene
21:37:17.838 [JavaFX Application Thread] DEBUG PrimaryStageWindow   - Opening main window
21:37:17.909 [JavaFX Application Thread] DEBUG PrimaryStageWindow   - Window border size: (16.0, 39.0)
21:37:17.909 [JavaFX Application Thread] DEBUG PrimaryStageWindow   - Scaled size: 1280.0 x 720.0
21:37:17.910 [JavaFX Application Thread] DEBUG PrimaryStageWindow   - Scaled ratio: (1.0, 1.0)
21:37:17.910 [JavaFX Application Thread] DEBUG PrimaryStageWindow   - Scene size: 1280.0 x 720.0
21:37:17.910 [JavaFX Application Thread] DEBUG PrimaryStageWindow   - Stage size: 1296.0 x 759.0
21:37:17.919 [FXGL Background Thread 1 ] DEBUG Engine               - Initializing environment variables
21:37:17.976 [FXGL Background Thread 1 ] DEBUG FXGLAssetLoaderServi - User app class for loading assets: class hellofx.Main
21:37:17.976 [FXGL Background Thread 1 ] DEBUG GameApplicationServi - Applying CSS: fxgl_dark.css
21:37:17.978 [FXGL Background Thread 1 ] DEBUG FXGLAssetLoaderServi - Loading from file system: jar:file:/C:/Users/chaum/.m2/repository/com/github/almasb/fxgl/17.1/fxgl-17.1.jar!/fxglassets/ui/css/fxgl_dark.css
21:37:18.016 [FXGL Background Thread 1 ] DEBUG GameApplicationServi - Initializing application scenes
21:37:18.042 [FXGL Background Thread 1 ] DEBUG GameWorld            - Game world initialized
21:37:18.084 [FXGL Background Thread 1 ] DEBUG PhysicsWorld         - Physics world initialized: appHeight=720, physics.ppm=50.0
21:37:18.084 [FXGL Background Thread 1 ] DEBUG PhysicsWorld         - Using strategy: BRUTE_FORCE
21:37:18.087 [FXGL Background Thread 1 ] DEBUG GameScene            - Game scene initialized: 1280x720
21:37:18.149 [FXGL Background Thread 1 ] DEBUG GameApplicationServi - Application scenes initialized
21:37:18.159 [FXGL Background Thread 1 ] DEBUG SystemBundleService  - Loading FXGL system data
21:37:18.162 [FXGL Background Thread 1 ] DEBUG FileSystemAccess     - Reading from: E:\space_java\Game\game_datbom\system\fxgl.bundle
21:37:18.171 [FXGL Background Thread 1 ] DEBUG SystemBundleService  - Bundle FXGL: {}
21:37:18.172 [FXGL Background Thread 1 ] DEBUG UpdaterService       - Checking for updates
21:37:18.207 [FXGL Background Thread 4 ] DEBUG FXGLApplication      - Loading fonts
21:37:18.209 [FXGL Background Thread 1 ] DEBUG FXGLApplication      - Loading default localization
21:37:18.209 [FXGL Background Thread 4 ] DEBUG FXGLAssetLoaderServi - Loading from file system: jar:file:/C:/Users/chaum/.m2/repository/com/github/almasb/fxgl/17.1/fxgl-17.1.jar!/fxglassets/ui/fonts/VarelaRound-Regular.ttf
21:37:18.210 [FXGL Background Thread 1 ] DEBUG FXGLAssetLoaderServi - Loading from file system: jar:file:/C:/Users/chaum/.m2/repository/com/github/almasb/fxgl/17.1/fxgl-17.1.jar!/fxglassets/languages/english.lang
21:37:18.243 [FXGL Background Thread 1 ] INFO  FXGLApplication      - FXGL initialization took: 0.323 sec
21:37:18.255 [JavaFX Application Thread] DEBUG Input                - Registered new binding: action0 - F
21:37:18.256 [JavaFX Application Thread] DEBUG Input                - Registered new binding: Right - D
21:37:18.256 [JavaFX Application Thread] DEBUG Input                - Registered new binding: Left - A
21:37:18.256 [JavaFX Application Thread] DEBUG Input                - Registered new binding: Up - W
21:37:18.256 [JavaFX Application Thread] DEBUG Input                - Registered new binding: Down - S
21:37:18.256 [JavaFX Application Thread] DEBUG Input                - Registered new binding: Place boom - Space
21:37:18.256 [JavaFX Application Thread] DEBUG FXGLAssetLoaderServi - Loading from file system: file:/E:/space_java/Game/game_datbom/target/classes/assets/textures/icon/icon.png
21:37:18.293 [FXGL Background Thread 4 ] DEBUG FXGLAssetLoaderServi - Loading from file system: jar:file:/C:/Users/chaum/.m2/repository/com/github/almasb/fxgl/17.1/fxgl-17.1.jar!/fxglassets/ui/fonts/Abel-Regular.ttf
21:37:18.296 [FXGL Background Thread 4 ] DEBUG FXGLAssetLoaderServi - Loading from file system: jar:file:/C:/Users/chaum/.m2/repository/com/github/almasb/fxgl/17.1/fxgl-17.1.jar!/fxglassets/ui/fonts/TerminalLandMono-Regular.otf
21:37:18.300 [FXGL Background Thread 4 ] DEBUG FXGLAssetLoaderServi - Loading from file system: jar:file:/C:/Users/chaum/.m2/repository/com/github/almasb/fxgl/17.1/fxgl-17.1.jar!/fxglassets/ui/fonts/Courier-Prime.ttf
21:37:18.308 [JavaFX Application Thread] DEBUG FXGLAssetLoaderServi - Loading from file system: file:/E:/space_java/Game/game_datbom/target/classes/assets/textures/cursor/cursor1.png
21:37:18.319 [JavaFX Application Thread] DEBUG Input                - Registered new binding: Screenshot - CTRL+8
21:37:18.319 [JavaFX Application Thread] DEBUG Input                - Registered new binding: Dev Options - 1
21:37:18.320 [JavaFX Application Thread] DEBUG Input                - Registered new binding: Dev Console - 2
21:37:18.320 [JavaFX Application Thread] DEBUG Input                - Registered new binding: System info dump - CTRL+9
21:37:18.320 [JavaFX Application Thread] DEBUG Input                - Registered new binding: Restart - CTRL+R
21:37:18.321 [JavaFX Application Thread] DEBUG Input                - Registered new binding: Toggle Debug Camera - CTRL+7
21:37:18.324 [JavaFX Application Thread] DEBUG LoopRunner           - Starting loop
21:37:18.335 [JavaFX Application Thread] DEBUG LoopRunner           - Initializing JavaFX AnimationTimerLoop
21:37:18.337 [JavaFX Application Thread] DEBUG Input                - Clearing active input actions
21:37:18.342 [JavaFX Application Thread] DEBUG GameApplicationServi - Removing overlay from FXGLStartupScene and adding to FXGLMainMenuDummyScene
21:37:18.345 [JavaFX Application Thread] DEBUG PrimaryStageWindow   - FXGLStartupScene -> FXGLMainMenuDummyScene
21:37:18.345 [JavaFX Application Thread] DEBUG PrimaryStageWindow   - Push state: MainMenu
21:37:18.346 [JavaFX Application Thread] DEBUG Input                - Clearing active input actions
21:37:18.348 [JavaFX Application Thread] DEBUG GameApplicationServi - Removing overlay from FXGLMainMenuDummyScene and adding to MainMenu
21:37:18.349 [JavaFX Application Thread] DEBUG PrimaryStageWindow   - FXGLMainMenuDummyScene -> MainMenu
21:37:18.349 [JavaFX Application Thread] DEBUG FXGLApplication      - Registering font factories with UI factory
21:37:18.708 [FXGL Background Thread 2 ] INFO  UpdaterService       - Your current version:  17.1
21:37:18.708 [FXGL Background Thread 2 ] INFO  UpdaterService       - Latest stable version: 17.2
21:37:20.310 [JavaFX Application Thread] DEBUG Menu                 - fireNewGame()
21:37:20.311 [JavaFX Application Thread] DEBUG GameApplicationServi - Starting new game
21:37:20.311 [JavaFX Application Thread] DEBUG PrimaryStageWindow   - Pop state: MainMenu
21:37:20.311 [JavaFX Application Thread] DEBUG Input                - Clearing active input actions
21:37:20.312 [JavaFX Application Thread] DEBUG GameApplicationServi - Removing overlay from MainMenu and adding to FXGLMainMenuDummyScene
21:37:20.314 [JavaFX Application Thread] DEBUG PrimaryStageWindow   - FXGLMainMenuDummyScene <- MainMenu
21:37:20.315 [JavaFX Application Thread] DEBUG Input                - Clearing active input actions
21:37:20.320 [JavaFX Application Thread] DEBUG GameApplicationServi - Removing overlay from FXGLMainMenuDummyScene and adding to FXGLLoadingScene
21:37:20.320 [JavaFX Application Thread] DEBUG PrimaryStageWindow   - FXGLMainMenuDummyScene -> FXGLLoadingScene
21:37:20.320 [JavaFX Application Thread] DEBUG GameApplicationServi - Clearing previous game
21:37:20.320 [JavaFX Application Thread] DEBUG GameScene            - Clearing game scene
21:37:20.320 [JavaFX Application Thread] DEBUG GameWorld            - Clearing game world
21:37:20.320 [JavaFX Application Thread] DEBUG PhysicsWorld         - Clearing physics world
21:37:20.330 [FXGL Background Thread 2 ] DEBUG FXGLApplication      - Initializing game
21:37:20.371 [FXGL Background Thread 2 ] DEBUG FXGLAssetLoaderServi - Loading from file system: file:/E:/space_java/Game/game_datbom/target/classes/assets/textures/mapTexture/grass.png
21:37:20.376 [FXGL Background Thread 2 ] DEBUG FXGLAssetLoaderServi - Loading from file system: file:/E:/space_java/Game/game_datbom/target/classes/assets/textures/mapTexture/wall.png
21:37:20.443 [FXGL Background Thread 2 ] DEBUG FXGLAssetLoaderServi - Loading from file system: file:/E:/space_java/Game/game_datbom/target/classes/assets/textures/gameItem/powerup_speed.png
21:37:20.447 [FXGL Background Thread 2 ] DEBUG FXGLAssetLoaderServi - Loading from file system: file:/E:/space_java/Game/game_datbom/target/classes/assets/textures/gameItem/powerup_flames.png
21:37:20.462 [FXGL Background Thread 2 ] DEBUG FXGLAssetLoaderServi - Loading from file system: file:/E:/space_java/Game/game_datbom/target/classes/assets/textures/mapTexture%5cbrick.png
21:37:20.464 [FXGL Background Thread 2 ] DEBUG FXGLAssetLoaderServi - Loading from file system: file:/E:/space_java/Game/game_datbom/target/classes/assets/textures/mapTexture%5cbrick_break.png
21:37:20.533 [FXGL Background Thread 2 ] DEBUG FXGLAssetLoaderServi - Loading from file system: file:/E:/space_java/Game/game_datbom/target/classes/assets/textures/mapTexture/portal.png
21:37:20.608 [FXGL Background Thread 2 ] DEBUG FXGLAssetLoaderServi - Loading from file system: file:/E:/space_java/Game/game_datbom/target/classes/assets/textures/character/gold_player_dead.png
21:37:20.610 [FXGL Background Thread 2 ] DEBUG FXGLAssetLoaderServi - Loading from file system: file:/E:/space_java/Game/game_datbom/target/classes/assets/textures/character/gold_player_down.png
21:37:20.611 [FXGL Background Thread 2 ] DEBUG FXGLAssetLoaderServi - Loading from file system: file:/E:/space_java/Game/game_datbom/target/classes/assets/textures/character/gold_player_up.png
21:37:20.612 [FXGL Background Thread 2 ] DEBUG FXGLAssetLoaderServi - Loading from file system: file:/E:/space_java/Game/game_datbom/target/classes/assets/textures/character/gold_player_left_temp.png
21:37:20.613 [FXGL Background Thread 2 ] DEBUG FXGLAssetLoaderServi - Loading from file system: file:/E:/space_java/Game/game_datbom/target/classes/assets/textures/character/gold_player_right_temp.png
21:37:20.614 [FXGL Background Thread 2 ] WARN  Entity               - Entity already has component: com.almasb.fxgl.entity.components.CollidableComponent
21:37:20.616 [FXGL Background Thread 2 ] INFO  FXGLApplication      - Game initialization took: 0.287 sec
21:37:20.617 [JavaFX Application Thread] DEBUG Input                - Clearing active input actions
21:37:20.629 [JavaFX Application Thread] DEBUG GameApplicationServi - Removing overlay from FXGLLoadingScene and adding to GameScene
21:37:20.631 [JavaFX Application Thread] DEBUG PrimaryStageWindow   - FXGLLoadingScene -> GameScene
21:37:21.206 [FXGL Background Thread 3 ] DEBUG Engine               - Logging environment variables
21:37:21.207 [FXGL Background Thread 3 ] DEBUG Engine               - achievements: []
21:37:21.207 [FXGL Background Thread 3 ] DEBUG Engine               - actualHeight: 720.0
21:37:21.207 [FXGL Background Thread 3 ] DEBUG Engine               - actualHeightProperty: ReadOnlyDoubleProperty [value: 720.0]
21:37:21.207 [FXGL Background Thread 3 ] DEBUG Engine               - actualWidth: 1280.0
21:37:21.207 [FXGL Background Thread 3 ] DEBUG Engine               - actualWidthProperty: ReadOnlyDoubleProperty [value: 1280.0]
21:37:21.207 [FXGL Background Thread 3 ] DEBUG Engine               - appIcon: icon/icon.png
21:37:21.207 [FXGL Background Thread 3 ] DEBUG Engine               - applicationMode: DEVELOPER
21:37:21.207 [FXGL Background Thread 3 ] DEBUG Engine               - cSSList: [fxgl_dark.css]
21:37:21.207 [FXGL Background Thread 3 ] DEBUG Engine               - collisionDetectionStrategy: BRUTE_FORCE
21:37:21.207 [FXGL Background Thread 3 ] DEBUG Engine               - configClass: Optional.empty
21:37:21.208 [FXGL Background Thread 3 ] DEBUG Engine               - credits: []
21:37:21.208 [FXGL Background Thread 3 ] DEBUG Engine               - defaultCursor: CursorInfo(imageName=cursor/cursor1.png, hotspotX=0.0, hotspotY=0.0)
21:37:21.209 [FXGL Background Thread 3 ] DEBUG Engine               - devBBoxColorProperty: ObjectProperty [value: 0xff0000ff]
21:37:21.209 [FXGL Background Thread 3 ] DEBUG Engine               - devEnableDebugCameraProperty: BooleanProperty [value: false]
21:37:21.209 [FXGL Background Thread 3 ] DEBUG Engine               - devSensorColorProperty: ObjectProperty [value: 0xffff00ff]
21:37:21.209 [FXGL Background Thread 3 ] DEBUG Engine               - devShowBBoxProperty: BooleanProperty [value: false]
21:37:21.209 [FXGL Background Thread 3 ] DEBUG Engine               - devShowPositionProperty: BooleanProperty [value: false]
21:37:21.209 [FXGL Background Thread 3 ] DEBUG Engine               - enabledMenuItems: []
21:37:21.209 [FXGL Background Thread 3 ] DEBUG Engine               - engineServices: [class com.almasb.fxgl.app.services.FXGLAssetLoaderService, class com.almasb.fxgl.app.FXGLApplication$GameApplicationService, class com.almasb.fxgl.app.services.FXGLDialogService, class com.almasb.fxgl.app.services.IOTaskExecutorService, class com.almasb.fxgl.io.FileSystemService, class com.almasb.fxgl.localization.LocalizationService, class com.almasb.fxgl.app.services.SystemBundleService, class com.almasb.fxgl.profile.SaveLoadService, class com.almasb.fxgl.ui.FXGLUIFactoryServiceProvider, class com.almasb.fxgl.ui.FXGLDialogFactoryServiceProvider, class com.almasb.fxgl.audio.AudioPlayer, class com.almasb.fxgl.notification.impl.NotificationServiceProvider, class com.almasb.fxgl.achievement.AchievementService, class com.almasb.fxgl.cutscene.CutsceneService, class com.almasb.fxgl.minigames.MiniGameService, class com.almasb.fxgl.net.NetService, class com.almasb.fxgl.app.services.UpdaterService, class com.almasb.fxgl.dev.DevService]
21:37:21.209 [FXGL Background Thread 3 ] DEBUG Engine               - fontGame: Abel-Regular.ttf
21:37:21.209 [FXGL Background Thread 3 ] DEBUG Engine               - fontMono: TerminalLandMono-Regular.otf
21:37:21.209 [FXGL Background Thread 3 ] DEBUG Engine               - fontText: Courier-Prime.ttf
21:37:21.209 [FXGL Background Thread 3 ] DEBUG Engine               - fontUI: VarelaRound-Regular.ttf
21:37:21.209 [FXGL Background Thread 3 ] DEBUG Engine               - fullScreen: BooleanProperty [value: false]
21:37:21.209 [FXGL Background Thread 3 ] DEBUG Engine               - gameDifficulty: MEDIUM
21:37:21.209 [FXGL Background Thread 3 ] DEBUG Engine               - gameDifficultyProperty: ObjectProperty [value: MEDIUM]
21:37:21.209 [FXGL Background Thread 3 ] DEBUG Engine               - globalMusicVolume: 0.5
21:37:21.210 [FXGL Background Thread 3 ] DEBUG Engine               - globalMusicVolumeProperty: DoubleProperty [value: 0.5]
21:37:21.210 [FXGL Background Thread 3 ] DEBUG Engine               - globalSoundVolume: 0.5
21:37:21.210 [FXGL Background Thread 3 ] DEBUG Engine               - globalSoundVolumeProperty: DoubleProperty [value: 0.5]
21:37:21.210 [FXGL Background Thread 3 ] DEBUG Engine               - height: 720
21:37:21.210 [FXGL Background Thread 3 ] DEBUG Engine               - is3D: false
21:37:21.210 [FXGL Background Thread 3 ] DEBUG Engine               - isAndroid: false
21:37:21.210 [FXGL Background Thread 3 ] DEBUG Engine               - isBrowser: false
21:37:21.210 [FXGL Background Thread 3 ] DEBUG Engine               - isClickFeedbackEnabled: false
21:37:21.210 [FXGL Background Thread 3 ] DEBUG Engine               - isCloseConfirmation: false
21:37:21.210 [FXGL Background Thread 3 ] DEBUG Engine               - isDesktop: true
21:37:21.210 [FXGL Background Thread 3 ] DEBUG Engine               - isDeveloperMenuEnabled: true
21:37:21.210 [FXGL Background Thread 3 ] DEBUG Engine               - isEmbedded: false
21:37:21.210 [FXGL Background Thread 3 ] DEBUG Engine               - isEntityPreloadEnabled: true
21:37:21.210 [FXGL Background Thread 3 ] DEBUG Engine               - isExperimentalTiledLargeMap: false
21:37:21.210 [FXGL Background Thread 3 ] DEBUG Engine               - isFileSystemWriteAllowed: true
21:37:21.210 [FXGL Background Thread 3 ] DEBUG Engine               - isFullScreenAllowed: false
21:37:21.210 [FXGL Background Thread 3 ] DEBUG Engine               - isFullScreenFromStart: false
21:37:21.210 [FXGL Background Thread 3 ] DEBUG Engine               - isGameMenuEnabled: true
21:37:21.210 [FXGL Background Thread 3 ] DEBUG Engine               - isIOS: false
21:37:21.211 [FXGL Background Thread 3 ] DEBUG Engine               - isIntroEnabled: false
21:37:21.211 [FXGL Background Thread 3 ] DEBUG Engine               - isLinux: false
21:37:21.211 [FXGL Background Thread 3 ] DEBUG Engine               - isMac: false
21:37:21.211 [FXGL Background Thread 3 ] DEBUG Engine               - isMainMenuEnabled: true
21:37:21.211 [FXGL Background Thread 3 ] DEBUG Engine               - isManualResizeEnabled: false
21:37:21.211 [FXGL Background Thread 3 ] DEBUG Engine               - isMobile: false
21:37:21.211 [FXGL Background Thread 3 ] DEBUG Engine               - isNative: false
21:37:21.211 [FXGL Background Thread 3 ] DEBUG Engine               - isPauseMusicWhenMinimized: true
21:37:21.211 [FXGL Background Thread 3 ] DEBUG Engine               - isPreserveResizeRatio: false
21:37:21.211 [FXGL Background Thread 3 ] DEBUG Engine               - isProfilingEnabled: false
21:37:21.211 [FXGL Background Thread 3 ] DEBUG Engine               - isScaleAffectedOnResize: true
21:37:21.211 [FXGL Background Thread 3 ] DEBUG Engine               - isSingleStep: false
21:37:21.211 [FXGL Background Thread 3 ] DEBUG Engine               - isUserProfileEnabled: false
21:37:21.211 [FXGL Background Thread 3 ] DEBUG Engine               - isWindows: true
21:37:21.211 [FXGL Background Thread 3 ] DEBUG Engine               - language: ObjectProperty [value: ENGLISH]
21:37:21.211 [FXGL Background Thread 3 ] DEBUG Engine               - menuKey: ESCAPE
21:37:21.211 [FXGL Background Thread 3 ] DEBUG Engine               - mouseSensitivity: 0.2
21:37:21.211 [FXGL Background Thread 3 ] DEBUG Engine               - notificationViewClass: class com.almasb.fxgl.notification.view.XboxNotificationView
21:37:21.211 [FXGL Background Thread 3 ] DEBUG Engine               - pixelsPerMeter: 50.0
21:37:21.212 [FXGL Background Thread 3 ] DEBUG Engine               - platform: WINDOWS
21:37:21.212 [FXGL Background Thread 3 ] DEBUG Engine               - prefHeightProperty: ReadOnlyDoubleProperty [value: 720.0]
21:37:21.212 [FXGL Background Thread 3 ] DEBUG Engine               - prefWidthProperty: ReadOnlyDoubleProperty [value: 1280.0]
21:37:21.212 [FXGL Background Thread 3 ] DEBUG Engine               - profileDir: profiles/
21:37:21.212 [FXGL Background Thread 3 ] DEBUG Engine               - profileName: StringProperty [value: DEFAULT]
21:37:21.212 [FXGL Background Thread 3 ] DEBUG Engine               - randomSeed: -1
21:37:21.213 [FXGL Background Thread 3 ] DEBUG Engine               - runtimeInfo: RuntimeInfo(platform=WINDOWS, version=17.1, build=24.03.2022 17.34)
21:37:21.213 [FXGL Background Thread 3 ] DEBUG Engine               - saveFileExt: sav
21:37:21.213 [FXGL Background Thread 3 ] DEBUG Engine               - scaledHeightProp$fxgl: DoubleProperty [bound, value: 720.0]
21:37:21.213 [FXGL Background Thread 3 ] DEBUG Engine               - scaledWidthProp$fxgl: DoubleProperty [bound, value: 1280.0]
21:37:21.213 [FXGL Background Thread 3 ] DEBUG Engine               - sceneFactory: hellofx.Main$1@22d70e1c
21:37:21.213 [FXGL Background Thread 3 ] DEBUG Engine               - secondsIn24h: 60
21:37:21.213 [FXGL Background Thread 3 ] DEBUG Engine               - soundMenuBack: menu/back.wav
21:37:21.213 [FXGL Background Thread 3 ] DEBUG Engine               - soundMenuPress: menu/press.wav
21:37:21.213 [FXGL Background Thread 3 ] DEBUG Engine               - soundMenuSelect: menu/select.wav
21:37:21.213 [FXGL Background Thread 3 ] DEBUG Engine               - soundNotification: core/notification.wav
21:37:21.213 [FXGL Background Thread 3 ] DEBUG Engine               - stageStyle: DECORATED
21:37:21.213 [FXGL Background Thread 3 ] DEBUG Engine               - supportedLanguages: [ENGLISH, FRENCH, GERMAN, HUNGARIAN, RUSSIAN]
21:37:21.213 [FXGL Background Thread 3 ] DEBUG Engine               - ticksPerSecond: -1
21:37:21.214 [FXGL Background Thread 3 ] DEBUG Engine               - title: Bomberman
21:37:21.214 [FXGL Background Thread 3 ] DEBUG Engine               - urlGithub: https://github.com/AlmasB/FXGL
21:37:21.214 [FXGL Background Thread 3 ] DEBUG Engine               - urlLeaderboard: http://fxgl-top.herokuapp.com/
21:37:21.214 [FXGL Background Thread 3 ] DEBUG Engine               - urlPOM: https://raw.githubusercontent.com/AlmasB/FXGL/release/README.md
21:37:21.214 [FXGL Background Thread 3 ] DEBUG Engine               - userAppClass: class hellofx.Main
21:37:21.214 [FXGL Background Thread 3 ] DEBUG Engine               - version: 1.0
21:37:21.214 [FXGL Background Thread 3 ] DEBUG Engine               - versionCheckDays: 7
21:37:21.214 [FXGL Background Thread 3 ] DEBUG Engine               - width: 1280
21:37:21.214 [FXGL Background Thread 3 ] DEBUG Engine               - Logging services
21:37:21.214 [FXGL Background Thread 3 ] DEBUG Engine               - class com.almasb.fxgl.app.services.FXGLAssetLoaderService
21:37:21.214 [FXGL Background Thread 3 ] DEBUG Engine               - class com.almasb.fxgl.app.FXGLApplication$GameApplicationService
21:37:21.214 [FXGL Background Thread 3 ] DEBUG Engine               - class com.almasb.fxgl.app.services.FXGLDialogService
21:37:21.214 [FXGL Background Thread 3 ] DEBUG Engine               - class com.almasb.fxgl.app.services.IOTaskExecutorService
21:37:21.214 [FXGL Background Thread 3 ] DEBUG Engine               - class com.almasb.fxgl.io.FileSystemService
21:37:21.214 [FXGL Background Thread 3 ] DEBUG Engine               - class com.almasb.fxgl.localization.LocalizationService
21:37:21.214 [FXGL Background Thread 3 ] DEBUG Engine               - class com.almasb.fxgl.app.services.SystemBundleService
21:37:21.214 [FXGL Background Thread 3 ] DEBUG Engine               - class com.almasb.fxgl.profile.SaveLoadService
21:37:21.214 [FXGL Background Thread 3 ] DEBUG Engine               - class com.almasb.fxgl.ui.FXGLUIFactoryServiceProvider
21:37:21.214 [FXGL Background Thread 3 ] DEBUG Engine               - class com.almasb.fxgl.ui.FXGLDialogFactoryServiceProvider
21:37:21.214 [FXGL Background Thread 3 ] DEBUG Engine               - class com.almasb.fxgl.audio.AudioPlayer
21:37:21.214 [FXGL Background Thread 3 ] DEBUG Engine               - class com.almasb.fxgl.notification.impl.NotificationServiceProvider
21:37:21.215 [FXGL Background Thread 3 ] DEBUG Engine               - class com.almasb.fxgl.achievement.AchievementService
21:37:21.215 [FXGL Background Thread 3 ] DEBUG Engine               - class com.almasb.fxgl.cutscene.CutsceneService
21:37:21.215 [FXGL Background Thread 3 ] DEBUG Engine               - class com.almasb.fxgl.minigames.MiniGameService
21:37:21.215 [FXGL Background Thread 3 ] DEBUG Engine               - class com.almasb.fxgl.net.NetService
21:37:21.215 [FXGL Background Thread 3 ] DEBUG Engine               - class com.almasb.fxgl.app.services.UpdaterService
21:37:21.215 [FXGL Background Thread 3 ] DEBUG Engine               - class com.almasb.fxgl.dev.DevService
21:37:27.524 [JavaFX Application Thread] DEBUG FXGLAssetLoaderServi - Loading from file system: file:/E:/space_java/Game/game_datbom/target/classes/assets/textures/character%5cbomb.png
21:37:27.526 [JavaFX Application Thread] DEBUG FXGLAssetLoaderServi - Loading from file system: file:/E:/space_java/Game/game_datbom/target/classes/assets/textures/flame%5cleft_flame.png
21:37:27.527 [JavaFX Application Thread] DEBUG FXGLAssetLoaderServi - Loading from file system: file:/E:/space_java/Game/game_datbom/target/classes/assets/textures/flame%5cup_flame.png
21:37:27.528 [JavaFX Application Thread] DEBUG FXGLAssetLoaderServi - Loading from file system: file:/E:/space_java/Game/game_datbom/target/classes/assets/textures/flame%5ccentral_flame.png
21:37:41.906 [JavaFX Application Thread] DEBUG FXGLApplication      - Exiting FXGL
21:37:41.906 [JavaFX Application Thread] DEBUG LoopRunner           - Stopping loop
21:37:41.906 [JavaFX Application Thread] DEBUG SystemBundleService  - Saving FXGL system data
21:37:41.908 [JavaFX Application Thread] DEBUG FileSystemAccess     - Writing to: E:\space_java\Game\game_datbom\system\fxgl.bundle
21:37:41.911 [JavaFX Application Thread] DEBUG Async                - Shutting down background threads
21:37:41.911 [JavaFX Application Thread] DEBUG PrimaryStageWindow   - Closing main window
21:37:41.940 [JavaFX Application Thread] DEBUG Logger               - Closing Logger
