20:42:11.676 [main                     ] DEBUG Logger               - Configured Logger
20:42:11.695 [main                     ] DEBUG GameApplication      - Logging settings
Title: Bomberman
Version: 1.0
Width: 1280
Height: 720
Fullscreen: false
Intro: false
Profiling: false
Single step:false
App Mode: DEVELOPER
Menu Key: ESCAPE
Stage Style: DECORATED
Scene Factory: class hellofx.Main$1

20:42:11.845 [JavaFX Application Thread] DEBUG FXGLApplication      - Initializing FXGL
20:42:11.855 [JavaFX Application Thread] INFO  Engine               - FXGL-17.1 (24.03.2022 17.34) on WINDOWS (J:18.0.2.1 FX:18)
20:42:11.856 [JavaFX Application Thread] DEBUG Engine               - JRE Vendor Name: Oracle Corporation
20:42:11.856 [JavaFX Application Thread] DEBUG Engine               - Running on OS: Windows 11 version 10.0
20:42:11.856 [JavaFX Application Thread] DEBUG Engine               - Architecture: amd64
20:42:11.856 [JavaFX Application Thread] INFO  Engine               - Source code and latest versions at: https://github.com/AlmasB/FXGL
20:42:11.856 [JavaFX Application Thread] INFO  Engine               -       Ask questions and discuss at: https://github.com/AlmasB/FXGL/discussions
20:42:11.857 [JavaFX Application Thread] INFO  Engine               -              Join the FXGL chat at: https://gitter.im/AlmasB/FXGL
20:42:11.958 [JavaFX Application Thread] DEBUG PrimaryStageWindow   - Creating a JavaFX scene
20:42:12.056 [JavaFX Application Thread] DEBUG PrimaryStageWindow   - Target settings size: 1280.0 x 720.0
20:42:12.057 [JavaFX Application Thread] DEBUG PrimaryStageWindow   - Scaled scene size:    1280.0 x 720.0
20:42:12.057 [JavaFX Application Thread] DEBUG PrimaryStageWindow   - Scaled ratio: (1.0, 1.0)
20:42:12.063 [JavaFX Application Thread] DEBUG PrimaryStageWindow   - Set initial scene to FXGLStartupScene
20:42:12.102 [JavaFX Application Thread] DEBUG PrimaryStageWindow   - Opening main window
20:42:12.254 [JavaFX Application Thread] DEBUG PrimaryStageWindow   - Window border size: (16.0, 39.0)
20:42:12.254 [JavaFX Application Thread] DEBUG PrimaryStageWindow   - Scaled size: 1280.0 x 720.0
20:42:12.254 [JavaFX Application Thread] DEBUG PrimaryStageWindow   - Scaled ratio: (1.0, 1.0)
20:42:12.254 [JavaFX Application Thread] DEBUG PrimaryStageWindow   - Scene size: 1280.0 x 720.0
20:42:12.255 [JavaFX Application Thread] DEBUG PrimaryStageWindow   - Stage size: 1296.0 x 759.0
20:42:12.269 [FXGL Background Thread 1 ] DEBUG Engine               - Initializing environment variables
20:42:12.333 [FXGL Background Thread 1 ] DEBUG FXGLAssetLoaderServi - User app class for loading assets: class hellofx.Main
20:42:12.333 [FXGL Background Thread 1 ] DEBUG GameApplicationServi - Applying CSS: fxgl_dark.css
20:42:12.334 [FXGL Background Thread 1 ] DEBUG FXGLAssetLoaderServi - Loading from file system: jar:file:/C:/Users/chaum/.m2/repository/com/github/almasb/fxgl/17.1/fxgl-17.1.jar!/fxglassets/ui/css/fxgl_dark.css
20:42:12.387 [FXGL Background Thread 1 ] DEBUG GameApplicationServi - Initializing application scenes
20:42:12.428 [FXGL Background Thread 1 ] DEBUG GameWorld            - Game world initialized
20:42:12.476 [FXGL Background Thread 1 ] DEBUG PhysicsWorld         - Physics world initialized: appHeight=720, physics.ppm=50.0
20:42:12.476 [FXGL Background Thread 1 ] DEBUG PhysicsWorld         - Using strategy: BRUTE_FORCE
20:42:12.479 [FXGL Background Thread 1 ] DEBUG GameScene            - Game scene initialized: 1280x720
20:42:12.586 [FXGL Background Thread 1 ] DEBUG GameApplicationServi - Application scenes initialized
20:42:12.608 [FXGL Background Thread 1 ] DEBUG SystemBundleService  - Loading FXGL system data
20:42:12.624 [FXGL Background Thread 1 ] DEBUG FileSystemAccess     - Reading from: E:\space_java\Game\game_datbom\system\fxgl.bundle
20:42:12.639 [FXGL Background Thread 1 ] DEBUG SystemBundleService  - Bundle FXGL: {}
20:42:12.639 [FXGL Background Thread 1 ] DEBUG UpdaterService       - Checking for updates
20:42:12.679 [FXGL Background Thread 4 ] DEBUG FXGLApplication      - Loading fonts
20:42:12.680 [FXGL Background Thread 4 ] DEBUG FXGLAssetLoaderServi - Loading from file system: jar:file:/C:/Users/chaum/.m2/repository/com/github/almasb/fxgl/17.1/fxgl-17.1.jar!/fxglassets/ui/fonts/VarelaRound-Regular.ttf
20:42:12.680 [FXGL Background Thread 1 ] DEBUG FXGLApplication      - Loading default localization
20:42:12.681 [FXGL Background Thread 1 ] DEBUG FXGLAssetLoaderServi - Loading from file system: jar:file:/C:/Users/chaum/.m2/repository/com/github/almasb/fxgl/17.1/fxgl-17.1.jar!/fxglassets/languages/english.lang
20:42:12.710 [FXGL Background Thread 1 ] INFO  FXGLApplication      - FXGL initialization took: 0.442 sec
20:42:12.723 [JavaFX Application Thread] DEBUG Input                - Registered new binding: action0 - F
20:42:12.724 [JavaFX Application Thread] DEBUG Input                - Registered new binding: action1 - G
20:42:12.725 [JavaFX Application Thread] DEBUG Input                - Registered new binding: action2 - R
20:42:12.725 [JavaFX Application Thread] DEBUG Input                - Registered new binding: action3 - T
20:42:12.725 [JavaFX Application Thread] DEBUG Input                - Registered new binding: Right - D
20:42:12.726 [JavaFX Application Thread] DEBUG Input                - Registered new binding: Left - A
20:42:12.726 [JavaFX Application Thread] DEBUG Input                - Registered new binding: Up - W
20:42:12.726 [JavaFX Application Thread] DEBUG Input                - Registered new binding: Down - S
20:42:12.726 [JavaFX Application Thread] DEBUG Input                - Registered new binding: Place boom - Space
20:42:12.727 [JavaFX Application Thread] DEBUG FXGLAssetLoaderServi - Loading from file system: file:/E:/space_java/Game/game_datbom/target/classes/assets/textures/icon/icon.png
20:42:12.770 [FXGL Background Thread 4 ] DEBUG FXGLAssetLoaderServi - Loading from file system: jar:file:/C:/Users/chaum/.m2/repository/com/github/almasb/fxgl/17.1/fxgl-17.1.jar!/fxglassets/ui/fonts/Abel-Regular.ttf
20:42:12.776 [FXGL Background Thread 4 ] DEBUG FXGLAssetLoaderServi - Loading from file system: jar:file:/C:/Users/chaum/.m2/repository/com/github/almasb/fxgl/17.1/fxgl-17.1.jar!/fxglassets/ui/fonts/TerminalLandMono-Regular.otf
20:42:12.781 [FXGL Background Thread 4 ] DEBUG FXGLAssetLoaderServi - Loading from file system: jar:file:/C:/Users/chaum/.m2/repository/com/github/almasb/fxgl/17.1/fxgl-17.1.jar!/fxglassets/ui/fonts/Courier-Prime.ttf
20:42:12.786 [JavaFX Application Thread] DEBUG FXGLAssetLoaderServi - Loading from file system: file:/E:/space_java/Game/game_datbom/target/classes/assets/textures/cursor/cursor1.png
20:42:12.798 [JavaFX Application Thread] DEBUG Input                - Registered new binding: Screenshot - CTRL+8
20:42:12.799 [JavaFX Application Thread] DEBUG Input                - Registered new binding: Dev Options - 1
20:42:12.799 [JavaFX Application Thread] DEBUG Input                - Registered new binding: Dev Console - 2
20:42:12.800 [JavaFX Application Thread] DEBUG Input                - Registered new binding: System info dump - CTRL+9
20:42:12.800 [JavaFX Application Thread] DEBUG Input                - Registered new binding: Restart - CTRL+R
20:42:12.801 [JavaFX Application Thread] DEBUG Input                - Registered new binding: Toggle Debug Camera - CTRL+7
20:42:12.804 [JavaFX Application Thread] DEBUG LoopRunner           - Starting loop
20:42:12.822 [JavaFX Application Thread] DEBUG LoopRunner           - Initializing JavaFX AnimationTimerLoop
20:42:12.824 [JavaFX Application Thread] DEBUG Input                - Clearing active input actions
20:42:12.832 [JavaFX Application Thread] DEBUG GameApplicationServi - Removing overlay from FXGLStartupScene and adding to FXGLMainMenuDummyScene
20:42:12.836 [JavaFX Application Thread] DEBUG PrimaryStageWindow   - FXGLStartupScene -> FXGLMainMenuDummyScene
20:42:12.837 [JavaFX Application Thread] DEBUG PrimaryStageWindow   - Push state: MainMenu
20:42:12.837 [JavaFX Application Thread] DEBUG Input                - Clearing active input actions
20:42:12.840 [JavaFX Application Thread] DEBUG GameApplicationServi - Removing overlay from FXGLMainMenuDummyScene and adding to MainMenu
20:42:12.841 [JavaFX Application Thread] DEBUG PrimaryStageWindow   - FXGLMainMenuDummyScene -> MainMenu
20:42:12.841 [JavaFX Application Thread] DEBUG FXGLApplication      - Registering font factories with UI factory
20:42:13.472 [FXGL Background Thread 2 ] INFO  UpdaterService       - Your current version:  17.1
20:42:13.472 [FXGL Background Thread 2 ] INFO  UpdaterService       - Latest stable version: 17.2
20:42:14.473 [JavaFX Application Thread] DEBUG Menu                 - fireNewGame()
20:42:14.473 [JavaFX Application Thread] DEBUG GameApplicationServi - Starting new game
20:42:14.474 [JavaFX Application Thread] DEBUG PrimaryStageWindow   - Pop state: MainMenu
20:42:14.474 [JavaFX Application Thread] DEBUG Input                - Clearing active input actions
20:42:14.474 [JavaFX Application Thread] DEBUG GameApplicationServi - Removing overlay from MainMenu and adding to FXGLMainMenuDummyScene
20:42:14.477 [JavaFX Application Thread] DEBUG PrimaryStageWindow   - FXGLMainMenuDummyScene <- MainMenu
20:42:14.477 [JavaFX Application Thread] DEBUG Input                - Clearing active input actions
20:42:14.483 [JavaFX Application Thread] DEBUG GameApplicationServi - Removing overlay from FXGLMainMenuDummyScene and adding to FXGLLoadingScene
20:42:14.483 [JavaFX Application Thread] DEBUG PrimaryStageWindow   - FXGLMainMenuDummyScene -> FXGLLoadingScene
20:42:14.483 [JavaFX Application Thread] DEBUG GameApplicationServi - Clearing previous game
20:42:14.483 [JavaFX Application Thread] DEBUG GameScene            - Clearing game scene
20:42:14.484 [JavaFX Application Thread] DEBUG GameWorld            - Clearing game world
20:42:14.484 [JavaFX Application Thread] DEBUG PhysicsWorld         - Clearing physics world
20:42:14.487 [FXGL Background Thread 2 ] DEBUG FXGLApplication      - Initializing game
20:42:14.518 [FXGL Background Thread 2 ] DEBUG FXGLAssetLoaderServi - Loading from file system: file:/E:/space_java/Game/game_datbom/target/classes/assets/textures/mapTexture/grass.png
20:42:14.529 [FXGL Background Thread 2 ] DEBUG FXGLAssetLoaderServi - Loading from file system: file:/E:/space_java/Game/game_datbom/target/classes/assets/textures/mapTexture/wall2.png
20:42:14.576 [FXGL Background Thread 2 ] DEBUG FXGLAssetLoaderServi - Loading from file system: file:/E:/space_java/Game/game_datbom/target/classes/assets/textures/mapTexture%5cbrick.png
20:42:14.580 [FXGL Background Thread 2 ] DEBUG FXGLAssetLoaderServi - Loading from file system: file:/E:/space_java/Game/game_datbom/target/classes/assets/textures/mapTexture%5cbrick_break.png
20:42:14.630 [FXGL Background Thread 2 ] DEBUG FXGLAssetLoaderServi - Loading from file system: file:/E:/space_java/Game/game_datbom/target/classes/assets/textures/gameItem/powerup_bombs.png
20:42:14.634 [FXGL Background Thread 2 ] DEBUG FXGLAssetLoaderServi - Loading from file system: file:/E:/space_java/Game/game_datbom/target/classes/assets/textures/gameItem/powerup_flamepass.png
20:42:14.639 [FXGL Background Thread 2 ] DEBUG FXGLAssetLoaderServi - Loading from file system: file:/E:/space_java/Game/game_datbom/target/classes/assets/textures/enemy/balloon36.png
20:42:14.671 [FXGL Background Thread 2 ] DEBUG FXGLAssetLoaderServi - Loading from file system: file:/E:/space_java/Game/game_datbom/target/classes/assets/textures/gameItem/powerup_speed.png
20:42:14.685 [FXGL Background Thread 2 ] DEBUG FXGLAssetLoaderServi - Loading from file system: file:/E:/space_java/Game/game_datbom/target/classes/assets/textures/gameItem/powerup_flames.png
20:42:14.724 [FXGL Background Thread 2 ] DEBUG FXGLAssetLoaderServi - Loading from file system: file:/E:/space_java/Game/game_datbom/target/classes/assets/textures/mapTexture/portal.png
20:42:14.744 [FXGL Background Thread 2 ] DEBUG FXGLAssetLoaderServi - Loading from file system: file:/E:/space_java/Game/game_datbom/target/classes/assets/textures/enemy/oneal40.png
20:42:14.820 [FXGL Background Thread 2 ] DEBUG FXGLAssetLoaderServi - Loading from file system: file:/E:/space_java/Game/game_datbom/target/classes/assets/textures/character/gold_player_dead.png
20:42:14.821 [FXGL Background Thread 2 ] DEBUG FXGLAssetLoaderServi - Loading from file system: file:/E:/space_java/Game/game_datbom/target/classes/assets/textures/character/gold_player_down.png
20:42:14.823 [FXGL Background Thread 2 ] DEBUG FXGLAssetLoaderServi - Loading from file system: file:/E:/space_java/Game/game_datbom/target/classes/assets/textures/character/gold_player_up.png
20:42:14.824 [FXGL Background Thread 2 ] DEBUG FXGLAssetLoaderServi - Loading from file system: file:/E:/space_java/Game/game_datbom/target/classes/assets/textures/character/gold_player_left_temp.png
20:42:14.824 [FXGL Background Thread 2 ] DEBUG FXGLAssetLoaderServi - Loading from file system: file:/E:/space_java/Game/game_datbom/target/classes/assets/textures/character/gold_player_right_temp.png
20:42:14.827 [FXGL Background Thread 2 ] INFO  FXGLApplication      - Game initialization took: 0.340 sec
20:42:14.831 [JavaFX Application Thread] DEBUG Input                - Clearing active input actions
20:42:14.844 [JavaFX Application Thread] DEBUG GameApplicationServi - Removing overlay from FXGLLoadingScene and adding to GameScene
20:42:14.849 [JavaFX Application Thread] DEBUG PrimaryStageWindow   - FXGLLoadingScene -> GameScene
20:42:15.677 [FXGL Background Thread 3 ] DEBUG Engine               - Logging environment variables
20:42:15.678 [FXGL Background Thread 3 ] DEBUG Engine               - achievements: []
20:42:15.678 [FXGL Background Thread 3 ] DEBUG Engine               - actualHeight: 720.0
20:42:15.678 [FXGL Background Thread 3 ] DEBUG Engine               - actualHeightProperty: ReadOnlyDoubleProperty [value: 720.0]
20:42:15.678 [FXGL Background Thread 3 ] DEBUG Engine               - actualWidth: 1280.0
20:42:15.679 [FXGL Background Thread 3 ] DEBUG Engine               - actualWidthProperty: ReadOnlyDoubleProperty [value: 1280.0]
20:42:15.679 [FXGL Background Thread 3 ] DEBUG Engine               - appIcon: icon/icon.png
20:42:15.679 [FXGL Background Thread 3 ] DEBUG Engine               - applicationMode: DEVELOPER
20:42:15.679 [FXGL Background Thread 3 ] DEBUG Engine               - cSSList: [fxgl_dark.css]
20:42:15.679 [FXGL Background Thread 3 ] DEBUG Engine               - collisionDetectionStrategy: BRUTE_FORCE
20:42:15.679 [FXGL Background Thread 3 ] DEBUG Engine               - configClass: Optional.empty
20:42:15.679 [FXGL Background Thread 3 ] DEBUG Engine               - credits: []
20:42:15.681 [FXGL Background Thread 3 ] DEBUG Engine               - defaultCursor: CursorInfo(imageName=cursor/cursor1.png, hotspotX=0.0, hotspotY=0.0)
20:42:15.682 [FXGL Background Thread 3 ] DEBUG Engine               - devBBoxColorProperty: ObjectProperty [value: 0xff0000ff]
20:42:15.682 [FXGL Background Thread 3 ] DEBUG Engine               - devEnableDebugCameraProperty: BooleanProperty [value: false]
20:42:15.682 [FXGL Background Thread 3 ] DEBUG Engine               - devSensorColorProperty: ObjectProperty [value: 0xffff00ff]
20:42:15.682 [FXGL Background Thread 3 ] DEBUG Engine               - devShowBBoxProperty: BooleanProperty [value: false]
20:42:15.682 [FXGL Background Thread 3 ] DEBUG Engine               - devShowPositionProperty: BooleanProperty [value: false]
20:42:15.682 [FXGL Background Thread 3 ] DEBUG Engine               - enabledMenuItems: []
20:42:15.682 [FXGL Background Thread 3 ] DEBUG Engine               - engineServices: [class com.almasb.fxgl.app.services.FXGLAssetLoaderService, class com.almasb.fxgl.app.FXGLApplication$GameApplicationService, class com.almasb.fxgl.app.services.FXGLDialogService, class com.almasb.fxgl.app.services.IOTaskExecutorService, class com.almasb.fxgl.io.FileSystemService, class com.almasb.fxgl.localization.LocalizationService, class com.almasb.fxgl.app.services.SystemBundleService, class com.almasb.fxgl.profile.SaveLoadService, class com.almasb.fxgl.ui.FXGLUIFactoryServiceProvider, class com.almasb.fxgl.ui.FXGLDialogFactoryServiceProvider, class com.almasb.fxgl.audio.AudioPlayer, class com.almasb.fxgl.notification.impl.NotificationServiceProvider, class com.almasb.fxgl.achievement.AchievementService, class com.almasb.fxgl.cutscene.CutsceneService, class com.almasb.fxgl.minigames.MiniGameService, class com.almasb.fxgl.net.NetService, class com.almasb.fxgl.app.services.UpdaterService, class com.almasb.fxgl.dev.DevService]
20:42:15.683 [FXGL Background Thread 3 ] DEBUG Engine               - fontGame: Abel-Regular.ttf
20:42:15.683 [FXGL Background Thread 3 ] DEBUG Engine               - fontMono: TerminalLandMono-Regular.otf
20:42:15.683 [FXGL Background Thread 3 ] DEBUG Engine               - fontText: Courier-Prime.ttf
20:42:15.683 [FXGL Background Thread 3 ] DEBUG Engine               - fontUI: VarelaRound-Regular.ttf
20:42:15.683 [FXGL Background Thread 3 ] DEBUG Engine               - fullScreen: BooleanProperty [value: false]
20:42:15.684 [FXGL Background Thread 3 ] DEBUG Engine               - gameDifficulty: MEDIUM
20:42:15.684 [FXGL Background Thread 3 ] DEBUG Engine               - gameDifficultyProperty: ObjectProperty [value: MEDIUM]
20:42:15.684 [FXGL Background Thread 3 ] DEBUG Engine               - globalMusicVolume: 0.5
20:42:15.684 [FXGL Background Thread 3 ] DEBUG Engine               - globalMusicVolumeProperty: DoubleProperty [value: 0.5]
20:42:15.684 [FXGL Background Thread 3 ] DEBUG Engine               - globalSoundVolume: 0.5
20:42:15.684 [FXGL Background Thread 3 ] DEBUG Engine               - globalSoundVolumeProperty: DoubleProperty [value: 0.5]
20:42:15.684 [FXGL Background Thread 3 ] DEBUG Engine               - height: 720
20:42:15.684 [FXGL Background Thread 3 ] DEBUG Engine               - is3D: false
20:42:15.684 [FXGL Background Thread 3 ] DEBUG Engine               - isAndroid: false
20:42:15.684 [FXGL Background Thread 3 ] DEBUG Engine               - isBrowser: false
20:42:15.684 [FXGL Background Thread 3 ] DEBUG Engine               - isClickFeedbackEnabled: false
20:42:15.684 [FXGL Background Thread 3 ] DEBUG Engine               - isCloseConfirmation: false
20:42:15.684 [FXGL Background Thread 3 ] DEBUG Engine               - isDesktop: true
20:42:15.684 [FXGL Background Thread 3 ] DEBUG Engine               - isDeveloperMenuEnabled: true
20:42:15.684 [FXGL Background Thread 3 ] DEBUG Engine               - isEmbedded: false
20:42:15.684 [FXGL Background Thread 3 ] DEBUG Engine               - isEntityPreloadEnabled: true
20:42:15.684 [FXGL Background Thread 3 ] DEBUG Engine               - isExperimentalTiledLargeMap: false
20:42:15.684 [FXGL Background Thread 3 ] DEBUG Engine               - isFileSystemWriteAllowed: true
20:42:15.684 [FXGL Background Thread 3 ] DEBUG Engine               - isFullScreenAllowed: false
20:42:15.684 [FXGL Background Thread 3 ] DEBUG Engine               - isFullScreenFromStart: false
20:42:15.685 [FXGL Background Thread 3 ] DEBUG Engine               - isGameMenuEnabled: true
20:42:15.685 [FXGL Background Thread 3 ] DEBUG Engine               - isIOS: false
20:42:15.685 [FXGL Background Thread 3 ] DEBUG Engine               - isIntroEnabled: false
20:42:15.685 [FXGL Background Thread 3 ] DEBUG Engine               - isLinux: false
20:42:15.685 [FXGL Background Thread 3 ] DEBUG Engine               - isMac: false
20:42:15.685 [FXGL Background Thread 3 ] DEBUG Engine               - isMainMenuEnabled: true
20:42:15.685 [FXGL Background Thread 3 ] DEBUG Engine               - isManualResizeEnabled: false
20:42:15.685 [FXGL Background Thread 3 ] DEBUG Engine               - isMobile: false
20:42:15.685 [FXGL Background Thread 3 ] DEBUG Engine               - isNative: false
20:42:15.685 [FXGL Background Thread 3 ] DEBUG Engine               - isPauseMusicWhenMinimized: true
20:42:15.685 [FXGL Background Thread 3 ] DEBUG Engine               - isPreserveResizeRatio: false
20:42:15.685 [FXGL Background Thread 3 ] DEBUG Engine               - isProfilingEnabled: false
20:42:15.685 [FXGL Background Thread 3 ] DEBUG Engine               - isScaleAffectedOnResize: true
20:42:15.685 [FXGL Background Thread 3 ] DEBUG Engine               - isSingleStep: false
20:42:15.685 [FXGL Background Thread 3 ] DEBUG Engine               - isUserProfileEnabled: false
20:42:15.685 [FXGL Background Thread 3 ] DEBUG Engine               - isWindows: true
20:42:15.686 [FXGL Background Thread 3 ] DEBUG Engine               - language: ObjectProperty [value: ENGLISH]
20:42:15.686 [FXGL Background Thread 3 ] DEBUG Engine               - menuKey: ESCAPE
20:42:15.686 [FXGL Background Thread 3 ] DEBUG Engine               - mouseSensitivity: 0.2
20:42:15.686 [FXGL Background Thread 3 ] DEBUG Engine               - notificationViewClass: class com.almasb.fxgl.notification.view.XboxNotificationView
20:42:15.686 [FXGL Background Thread 3 ] DEBUG Engine               - pixelsPerMeter: 50.0
20:42:15.686 [FXGL Background Thread 3 ] DEBUG Engine               - platform: WINDOWS
20:42:15.686 [FXGL Background Thread 3 ] DEBUG Engine               - prefHeightProperty: ReadOnlyDoubleProperty [value: 720.0]
20:42:15.686 [FXGL Background Thread 3 ] DEBUG Engine               - prefWidthProperty: ReadOnlyDoubleProperty [value: 1280.0]
20:42:15.686 [FXGL Background Thread 3 ] DEBUG Engine               - profileDir: profiles/
20:42:15.686 [FXGL Background Thread 3 ] DEBUG Engine               - profileName: StringProperty [value: DEFAULT]
20:42:15.686 [FXGL Background Thread 3 ] DEBUG Engine               - randomSeed: -1
20:42:15.689 [FXGL Background Thread 3 ] DEBUG Engine               - runtimeInfo: RuntimeInfo(platform=WINDOWS, version=17.1, build=24.03.2022 17.34)
20:42:15.689 [FXGL Background Thread 3 ] DEBUG Engine               - saveFileExt: sav
20:42:15.689 [FXGL Background Thread 3 ] DEBUG Engine               - scaledHeightProp$fxgl: DoubleProperty [bound, value: 720.0]
20:42:15.689 [FXGL Background Thread 3 ] DEBUG Engine               - scaledWidthProp$fxgl: DoubleProperty [bound, value: 1280.0]
20:42:15.690 [FXGL Background Thread 3 ] DEBUG Engine               - sceneFactory: hellofx.Main$1@621c7a49
20:42:15.690 [FXGL Background Thread 3 ] DEBUG Engine               - secondsIn24h: 60
20:42:15.690 [FXGL Background Thread 3 ] DEBUG Engine               - soundMenuBack: menu/back.wav
20:42:15.690 [FXGL Background Thread 3 ] DEBUG Engine               - soundMenuPress: menu/press.wav
20:42:15.690 [FXGL Background Thread 3 ] DEBUG Engine               - soundMenuSelect: menu/select.wav
20:42:15.690 [FXGL Background Thread 3 ] DEBUG Engine               - soundNotification: core/notification.wav
20:42:15.690 [FXGL Background Thread 3 ] DEBUG Engine               - stageStyle: DECORATED
20:42:15.691 [FXGL Background Thread 3 ] DEBUG Engine               - supportedLanguages: [ENGLISH, FRENCH, GERMAN, HUNGARIAN, RUSSIAN]
20:42:15.691 [FXGL Background Thread 3 ] DEBUG Engine               - ticksPerSecond: -1
20:42:15.691 [FXGL Background Thread 3 ] DEBUG Engine               - title: Bomberman
20:42:15.691 [FXGL Background Thread 3 ] DEBUG Engine               - urlGithub: https://github.com/AlmasB/FXGL
20:42:15.691 [FXGL Background Thread 3 ] DEBUG Engine               - urlLeaderboard: http://fxgl-top.herokuapp.com/
20:42:15.691 [FXGL Background Thread 3 ] DEBUG Engine               - urlPOM: https://raw.githubusercontent.com/AlmasB/FXGL/release/README.md
20:42:15.691 [FXGL Background Thread 3 ] DEBUG Engine               - userAppClass: class hellofx.Main
20:42:15.691 [FXGL Background Thread 3 ] DEBUG Engine               - version: 1.0
20:42:15.691 [FXGL Background Thread 3 ] DEBUG Engine               - versionCheckDays: 7
20:42:15.691 [FXGL Background Thread 3 ] DEBUG Engine               - width: 1280
20:42:15.691 [FXGL Background Thread 3 ] DEBUG Engine               - Logging services
20:42:15.691 [FXGL Background Thread 3 ] DEBUG Engine               - class com.almasb.fxgl.app.services.FXGLAssetLoaderService
20:42:15.691 [FXGL Background Thread 3 ] DEBUG Engine               - class com.almasb.fxgl.app.FXGLApplication$GameApplicationService
20:42:15.691 [FXGL Background Thread 3 ] DEBUG Engine               - class com.almasb.fxgl.app.services.FXGLDialogService
20:42:15.691 [FXGL Background Thread 3 ] DEBUG Engine               - class com.almasb.fxgl.app.services.IOTaskExecutorService
20:42:15.691 [FXGL Background Thread 3 ] DEBUG Engine               - class com.almasb.fxgl.io.FileSystemService
20:42:15.691 [FXGL Background Thread 3 ] DEBUG Engine               - class com.almasb.fxgl.localization.LocalizationService
20:42:15.691 [FXGL Background Thread 3 ] DEBUG Engine               - class com.almasb.fxgl.app.services.SystemBundleService
20:42:15.691 [FXGL Background Thread 3 ] DEBUG Engine               - class com.almasb.fxgl.profile.SaveLoadService
20:42:15.691 [FXGL Background Thread 3 ] DEBUG Engine               - class com.almasb.fxgl.ui.FXGLUIFactoryServiceProvider
20:42:15.691 [FXGL Background Thread 3 ] DEBUG Engine               - class com.almasb.fxgl.ui.FXGLDialogFactoryServiceProvider
20:42:15.691 [FXGL Background Thread 3 ] DEBUG Engine               - class com.almasb.fxgl.audio.AudioPlayer
20:42:15.692 [FXGL Background Thread 3 ] DEBUG Engine               - class com.almasb.fxgl.notification.impl.NotificationServiceProvider
20:42:15.692 [FXGL Background Thread 3 ] DEBUG Engine               - class com.almasb.fxgl.achievement.AchievementService
20:42:15.692 [FXGL Background Thread 3 ] DEBUG Engine               - class com.almasb.fxgl.cutscene.CutsceneService
20:42:15.692 [FXGL Background Thread 3 ] DEBUG Engine               - class com.almasb.fxgl.minigames.MiniGameService
20:42:15.692 [FXGL Background Thread 3 ] DEBUG Engine               - class com.almasb.fxgl.net.NetService
20:42:15.692 [FXGL Background Thread 3 ] DEBUG Engine               - class com.almasb.fxgl.app.services.UpdaterService
20:42:15.692 [FXGL Background Thread 3 ] DEBUG Engine               - class com.almasb.fxgl.dev.DevService
20:42:18.169 [JavaFX Application Thread] DEBUG FXGLAssetLoaderServi - Loading from file system: file:/E:/space_java/Game/game_datbom/target/classes/assets/textures/character%5cbomb.png
20:42:18.176 [JavaFX Application Thread] DEBUG FXGLAssetLoaderServi - Loading from file system: file:/E:/space_java/Game/game_datbom/target/classes/assets/textures/flame%5cleft_flame.png
20:42:18.179 [JavaFX Application Thread] DEBUG FXGLAssetLoaderServi - Loading from file system: file:/E:/space_java/Game/game_datbom/target/classes/assets/textures/flame%5cup_flame.png
20:42:18.181 [JavaFX Application Thread] DEBUG FXGLAssetLoaderServi - Loading from file system: file:/E:/space_java/Game/game_datbom/target/classes/assets/textures/flame%5ccentral_flame.png
20:42:20.354 [JavaFX Application Thread] WARN  GameWorld            - Attempted to remove entity which is not active
20:43:07.758 [JavaFX Application Thread] DEBUG FXGLApplication      - Exiting FXGL
20:43:07.758 [JavaFX Application Thread] DEBUG LoopRunner           - Stopping loop
20:43:07.758 [JavaFX Application Thread] DEBUG SystemBundleService  - Saving FXGL system data
20:43:07.762 [JavaFX Application Thread] DEBUG FileSystemAccess     - Writing to: E:\space_java\Game\game_datbom\system\fxgl.bundle
20:43:07.766 [JavaFX Application Thread] DEBUG Async                - Shutting down background threads
20:43:07.766 [JavaFX Application Thread] DEBUG PrimaryStageWindow   - Closing main window
20:43:07.816 [JavaFX Application Thread] DEBUG Logger               - Closing Logger
